<?xml version="1.0" encoding="UTF-8"?>
<testsuite xmlns:xsi="http://www.w3.org/2001/XMLSchema-instance" xsi:noNamespaceSchemaLocation="https://maven.apache.org/surefire/maven-surefire-plugin/xsd/surefire-test-report-3.0.xsd" version="3.0" name="com.mycompany.kafka.KafkaManagementLibraryTest" time="361.472" tests="19" errors="11" skipped="0" failures="0">
  <properties>
    <property name="java.specification.version" value="13"/>
    <property name="sun.jnu.encoding" value="UTF-8"/>
    <property name="java.class.path" value="/Users/arvinubhi/kafka-management-library/target/test-classes:/Users/arvinubhi/kafka-management-library/target/classes:/Users/arvinubhi/.m2/repository/org/apache/kafka/kafka-clients/3.5.1/kafka-clients-3.5.1.jar:/Users/arvinubhi/.m2/repository/com/github/luben/zstd-jni/1.5.5-1/zstd-jni-1.5.5-1.jar:/Users/arvinubhi/.m2/repository/org/lz4/lz4-java/1.8.0/lz4-java-1.8.0.jar:/Users/arvinubhi/.m2/repository/org/xerial/snappy/snappy-java/1.1.10.1/snappy-java-1.1.10.1.jar:/Users/arvinubhi/.m2/repository/org/slf4j/slf4j-api/1.7.36/slf4j-api-1.7.36.jar:/Users/arvinubhi/.m2/repository/io/confluent/kafka-schema-registry-client/7.5.1/kafka-schema-registry-client-7.5.1.jar:/Users/arvinubhi/.m2/repository/org/yaml/snakeyaml/2.0/snakeyaml-2.0.jar:/Users/arvinubhi/.m2/repository/org/apache/avro/avro/1.11.0/avro-1.11.0.jar:/Users/arvinubhi/.m2/repository/org/apache/commons/commons-compress/1.21/commons-compress-1.21.jar:/Users/arvinubhi/.m2/repository/io/swagger/core/v3/swagger-annotations/2.1.10/swagger-annotations-2.1.10.jar:/Users/arvinubhi/.m2/repository/com/google/guava/guava/32.0.1-jre/guava-32.0.1-jre.jar:/Users/arvinubhi/.m2/repository/com/google/guava/failureaccess/1.0.1/failureaccess-1.0.1.jar:/Users/arvinubhi/.m2/repository/com/google/guava/listenablefuture/9999.0-empty-to-avoid-conflict-with-guava/listenablefuture-9999.0-empty-to-avoid-conflict-with-guava.jar:/Users/arvinubhi/.m2/repository/com/google/code/findbugs/jsr305/3.0.2/jsr305-3.0.2.jar:/Users/arvinubhi/.m2/repository/org/checkerframework/checker-qual/3.33.0/checker-qual-3.33.0.jar:/Users/arvinubhi/.m2/repository/com/google/errorprone/error_prone_annotations/2.18.0/error_prone_annotations-2.18.0.jar:/Users/arvinubhi/.m2/repository/com/google/j2objc/j2objc-annotations/2.8/j2objc-annotations-2.8.jar:/Users/arvinubhi/.m2/repository/io/confluent/common-utils/7.5.1/common-utils-7.5.1.jar:/Users/arvinubhi/.m2/repository/org/slf4j/slf4j-simple/1.7.36/slf4j-simple-1.7.36.jar:/Users/arvinubhi/.m2/repository/com/fasterxml/jackson/core/jackson-databind/2.15.2/jackson-databind-2.15.2.jar:/Users/arvinubhi/.m2/repository/com/fasterxml/jackson/core/jackson-annotations/2.15.2/jackson-annotations-2.15.2.jar:/Users/arvinubhi/.m2/repository/com/fasterxml/jackson/core/jackson-core/2.15.2/jackson-core-2.15.2.jar:/Users/arvinubhi/.m2/repository/org/apache/kafka/kafka-streams/3.5.1/kafka-streams-3.5.1.jar:/Users/arvinubhi/.m2/repository/org/rocksdb/rocksdbjni/7.1.2/rocksdbjni-7.1.2.jar:/Users/arvinubhi/.m2/repository/io/confluent/kafka-avro-serializer/7.5.1/kafka-avro-serializer-7.5.1.jar:/Users/arvinubhi/.m2/repository/io/confluent/kafka-schema-serializer/7.5.1/kafka-schema-serializer-7.5.1.jar:/Users/arvinubhi/.m2/repository/io/confluent/logredactor/1.0.12/logredactor-1.0.12.jar:/Users/arvinubhi/.m2/repository/com/google/re2j/re2j/1.6/re2j-1.6.jar:/Users/arvinubhi/.m2/repository/io/confluent/logredactor-metrics/1.0.12/logredactor-metrics-1.0.12.jar:/Users/arvinubhi/.m2/repository/com/eclipsesource/minimal-json/minimal-json/0.9.5/minimal-json-0.9.5.jar:/Users/arvinubhi/.m2/repository/io/confluent/kafka-json-schema-serializer/7.5.1/kafka-json-schema-serializer-7.5.1.jar:/Users/arvinubhi/.m2/repository/io/confluent/kafka-json-schema-provider/7.5.1/kafka-json-schema-provider-7.5.1.jar:/Users/arvinubhi/.m2/repository/com/github/erosb/everit-json-schema/1.14.2/everit-json-schema-1.14.2.jar:/Users/arvinubhi/.m2/repository/org/json/json/20230227/json-20230227.jar:/Users/arvinubhi/.m2/repository/commons-validator/commons-validator/1.7/commons-validator-1.7.jar:/Users/arvinubhi/.m2/repository/commons-digester/commons-digester/2.1/commons-digester-2.1.jar:/Users/arvinubhi/.m2/repository/commons-logging/commons-logging/1.2/commons-logging-1.2.jar:/Users/arvinubhi/.m2/repository/commons-collections/commons-collections/3.2.2/commons-collections-3.2.2.jar:/Users/arvinubhi/.m2/repository/com/damnhandy/handy-uri-templates/2.1.8/handy-uri-templates-2.1.8.jar:/Users/arvinubhi/.m2/repository/com/fasterxml/jackson/datatype/jackson-datatype-guava/2.14.2/jackson-datatype-guava-2.14.2.jar:/Users/arvinubhi/.m2/repository/com/fasterxml/jackson/datatype/jackson-datatype-jdk8/2.14.2/jackson-datatype-jdk8-2.14.2.jar:/Users/arvinubhi/.m2/repository/com/fasterxml/jackson/datatype/jackson-datatype-joda/2.14.2/jackson-datatype-joda-2.14.2.jar:/Users/arvinubhi/.m2/repository/joda-time/joda-time/2.10.8/joda-time-2.10.8.jar:/Users/arvinubhi/.m2/repository/com/fasterxml/jackson/datatype/jackson-datatype-jsr310/2.14.2/jackson-datatype-jsr310-2.14.2.jar:/Users/arvinubhi/.m2/repository/com/fasterxml/jackson/module/jackson-module-parameter-names/2.14.2/jackson-module-parameter-names-2.14.2.jar:/Users/arvinubhi/.m2/repository/com/kjetland/mbknor-jackson-jsonschema_2.13/1.0.39/mbknor-jackson-jsonschema_2.13-1.0.39.jar:/Users/arvinubhi/.m2/repository/org/scala-lang/scala-library/2.13.1/scala-library-2.13.1.jar:/Users/arvinubhi/.m2/repository/javax/validation/validation-api/2.0.1.Final/validation-api-2.0.1.Final.jar:/Users/arvinubhi/.m2/repository/io/github/classgraph/classgraph/4.8.21/classgraph-4.8.21.jar:/Users/arvinubhi/.m2/repository/org/jetbrains/kotlin/kotlin-stdlib/1.6.0/kotlin-stdlib-1.6.0.jar:/Users/arvinubhi/.m2/repository/org/jetbrains/annotations/13.0/annotations-13.0.jar:/Users/arvinubhi/.m2/repository/org/jetbrains/kotlin/kotlin-stdlib-common/1.6.0/kotlin-stdlib-common-1.6.0.jar:/Users/arvinubhi/.m2/repository/org/jetbrains/kotlin/kotlin-scripting-jvm/1.6.0/kotlin-scripting-jvm-1.6.0.jar:/Users/arvinubhi/.m2/repository/org/jetbrains/kotlin/kotlin-script-runtime/1.6.0/kotlin-script-runtime-1.6.0.jar:/Users/arvinubhi/.m2/repository/org/jetbrains/kotlin/kotlin-scripting-common/1.6.0/kotlin-scripting-common-1.6.0.jar:/Users/arvinubhi/.m2/repository/org/jetbrains/kotlin/kotlin-scripting-compiler-embeddable/1.6.0/kotlin-scripting-compiler-embeddable-1.6.0.jar:/Users/arvinubhi/.m2/repository/org/jetbrains/kotlin/kotlin-scripting-compiler-impl-embeddable/1.6.0/kotlin-scripting-compiler-impl-embeddable-1.6.0.jar:/Users/arvinubhi/.m2/repository/io/confluent/kafka-json-serializer/7.5.1/kafka-json-serializer-7.5.1.jar:/Users/arvinubhi/.m2/repository/io/confluent/common-config/7.5.1/common-config-7.5.1.jar:/Users/arvinubhi/.m2/repository/org/junit/jupiter/junit-jupiter/5.9.2/junit-jupiter-5.9.2.jar:/Users/arvinubhi/.m2/repository/org/junit/jupiter/junit-jupiter-api/5.9.2/junit-jupiter-api-5.9.2.jar:/Users/arvinubhi/.m2/repository/org/opentest4j/opentest4j/1.2.0/opentest4j-1.2.0.jar:/Users/arvinubhi/.m2/repository/org/junit/platform/junit-platform-commons/1.9.2/junit-platform-commons-1.9.2.jar:/Users/arvinubhi/.m2/repository/org/apiguardian/apiguardian-api/1.1.2/apiguardian-api-1.1.2.jar:/Users/arvinubhi/.m2/repository/org/junit/jupiter/junit-jupiter-params/5.9.2/junit-jupiter-params-5.9.2.jar:/Users/arvinubhi/.m2/repository/org/junit/jupiter/junit-jupiter-engine/5.9.2/junit-jupiter-engine-5.9.2.jar:/Users/arvinubhi/.m2/repository/org/junit/platform/junit-platform-engine/1.9.2/junit-platform-engine-1.9.2.jar:/Users/arvinubhi/.m2/repository/org/mockito/mockito-core/4.11.0/mockito-core-4.11.0.jar:/Users/arvinubhi/.m2/repository/net/bytebuddy/byte-buddy/1.12.19/byte-buddy-1.12.19.jar:/Users/arvinubhi/.m2/repository/net/bytebuddy/byte-buddy-agent/1.12.19/byte-buddy-agent-1.12.19.jar:/Users/arvinubhi/.m2/repository/org/objenesis/objenesis/3.3/objenesis-3.3.jar:/Users/arvinubhi/.m2/repository/org/mockito/mockito-junit-jupiter/4.11.0/mockito-junit-jupiter-4.11.0.jar:"/>
    <property name="java.vm.vendor" value="Oracle Corporation"/>
    <property name="sun.arch.data.model" value="64"/>
    <property name="java.vendor.url" value="https://openjdk.java.net/"/>
    <property name="user.timezone" value="Europe/London"/>
    <property name="os.name" value="Mac OS X"/>
    <property name="java.vm.specification.version" value="13"/>
    <property name="sun.java.launcher" value="SUN_STANDARD"/>
    <property name="user.country" value="GB"/>
    <property name="sun.boot.library.path" value="/usr/local/Cellar/openjdk/13.0.2+8_2/libexec/openjdk.jdk/Contents/Home/lib"/>
    <property name="sun.java.command" value="/Users/arvinubhi/kafka-management-library/target/surefire/surefirebooter-20251022001955772_3.jar /Users/arvinubhi/kafka-management-library/target/surefire 2025-10-22T00-19-55_681-jvmRun1 surefire-20251022001955772_1tmp surefire_0-20251022001955772_2tmp"/>
    <property name="http.nonProxyHosts" value="local|*.local|169.254/16|*.169.254/16"/>
    <property name="jdk.debug" value="release"/>
    <property name="test" value="KafkaManagementLibraryTest"/>
    <property name="surefire.test.class.path" value="/Users/arvinubhi/kafka-management-library/target/test-classes:/Users/arvinubhi/kafka-management-library/target/classes:/Users/arvinubhi/.m2/repository/org/apache/kafka/kafka-clients/3.5.1/kafka-clients-3.5.1.jar:/Users/arvinubhi/.m2/repository/com/github/luben/zstd-jni/1.5.5-1/zstd-jni-1.5.5-1.jar:/Users/arvinubhi/.m2/repository/org/lz4/lz4-java/1.8.0/lz4-java-1.8.0.jar:/Users/arvinubhi/.m2/repository/org/xerial/snappy/snappy-java/1.1.10.1/snappy-java-1.1.10.1.jar:/Users/arvinubhi/.m2/repository/org/slf4j/slf4j-api/1.7.36/slf4j-api-1.7.36.jar:/Users/arvinubhi/.m2/repository/io/confluent/kafka-schema-registry-client/7.5.1/kafka-schema-registry-client-7.5.1.jar:/Users/arvinubhi/.m2/repository/org/yaml/snakeyaml/2.0/snakeyaml-2.0.jar:/Users/arvinubhi/.m2/repository/org/apache/avro/avro/1.11.0/avro-1.11.0.jar:/Users/arvinubhi/.m2/repository/org/apache/commons/commons-compress/1.21/commons-compress-1.21.jar:/Users/arvinubhi/.m2/repository/io/swagger/core/v3/swagger-annotations/2.1.10/swagger-annotations-2.1.10.jar:/Users/arvinubhi/.m2/repository/com/google/guava/guava/32.0.1-jre/guava-32.0.1-jre.jar:/Users/arvinubhi/.m2/repository/com/google/guava/failureaccess/1.0.1/failureaccess-1.0.1.jar:/Users/arvinubhi/.m2/repository/com/google/guava/listenablefuture/9999.0-empty-to-avoid-conflict-with-guava/listenablefuture-9999.0-empty-to-avoid-conflict-with-guava.jar:/Users/arvinubhi/.m2/repository/com/google/code/findbugs/jsr305/3.0.2/jsr305-3.0.2.jar:/Users/arvinubhi/.m2/repository/org/checkerframework/checker-qual/3.33.0/checker-qual-3.33.0.jar:/Users/arvinubhi/.m2/repository/com/google/errorprone/error_prone_annotations/2.18.0/error_prone_annotations-2.18.0.jar:/Users/arvinubhi/.m2/repository/com/google/j2objc/j2objc-annotations/2.8/j2objc-annotations-2.8.jar:/Users/arvinubhi/.m2/repository/io/confluent/common-utils/7.5.1/common-utils-7.5.1.jar:/Users/arvinubhi/.m2/repository/org/slf4j/slf4j-simple/1.7.36/slf4j-simple-1.7.36.jar:/Users/arvinubhi/.m2/repository/com/fasterxml/jackson/core/jackson-databind/2.15.2/jackson-databind-2.15.2.jar:/Users/arvinubhi/.m2/repository/com/fasterxml/jackson/core/jackson-annotations/2.15.2/jackson-annotations-2.15.2.jar:/Users/arvinubhi/.m2/repository/com/fasterxml/jackson/core/jackson-core/2.15.2/jackson-core-2.15.2.jar:/Users/arvinubhi/.m2/repository/org/apache/kafka/kafka-streams/3.5.1/kafka-streams-3.5.1.jar:/Users/arvinubhi/.m2/repository/org/rocksdb/rocksdbjni/7.1.2/rocksdbjni-7.1.2.jar:/Users/arvinubhi/.m2/repository/io/confluent/kafka-avro-serializer/7.5.1/kafka-avro-serializer-7.5.1.jar:/Users/arvinubhi/.m2/repository/io/confluent/kafka-schema-serializer/7.5.1/kafka-schema-serializer-7.5.1.jar:/Users/arvinubhi/.m2/repository/io/confluent/logredactor/1.0.12/logredactor-1.0.12.jar:/Users/arvinubhi/.m2/repository/com/google/re2j/re2j/1.6/re2j-1.6.jar:/Users/arvinubhi/.m2/repository/io/confluent/logredactor-metrics/1.0.12/logredactor-metrics-1.0.12.jar:/Users/arvinubhi/.m2/repository/com/eclipsesource/minimal-json/minimal-json/0.9.5/minimal-json-0.9.5.jar:/Users/arvinubhi/.m2/repository/io/confluent/kafka-json-schema-serializer/7.5.1/kafka-json-schema-serializer-7.5.1.jar:/Users/arvinubhi/.m2/repository/io/confluent/kafka-json-schema-provider/7.5.1/kafka-json-schema-provider-7.5.1.jar:/Users/arvinubhi/.m2/repository/com/github/erosb/everit-json-schema/1.14.2/everit-json-schema-1.14.2.jar:/Users/arvinubhi/.m2/repository/org/json/json/20230227/json-20230227.jar:/Users/arvinubhi/.m2/repository/commons-validator/commons-validator/1.7/commons-validator-1.7.jar:/Users/arvinubhi/.m2/repository/commons-digester/commons-digester/2.1/commons-digester-2.1.jar:/Users/arvinubhi/.m2/repository/commons-logging/commons-logging/1.2/commons-logging-1.2.jar:/Users/arvinubhi/.m2/repository/commons-collections/commons-collections/3.2.2/commons-collections-3.2.2.jar:/Users/arvinubhi/.m2/repository/com/damnhandy/handy-uri-templates/2.1.8/handy-uri-templates-2.1.8.jar:/Users/arvinubhi/.m2/repository/com/fasterxml/jackson/datatype/jackson-datatype-guava/2.14.2/jackson-datatype-guava-2.14.2.jar:/Users/arvinubhi/.m2/repository/com/fasterxml/jackson/datatype/jackson-datatype-jdk8/2.14.2/jackson-datatype-jdk8-2.14.2.jar:/Users/arvinubhi/.m2/repository/com/fasterxml/jackson/datatype/jackson-datatype-joda/2.14.2/jackson-datatype-joda-2.14.2.jar:/Users/arvinubhi/.m2/repository/joda-time/joda-time/2.10.8/joda-time-2.10.8.jar:/Users/arvinubhi/.m2/repository/com/fasterxml/jackson/datatype/jackson-datatype-jsr310/2.14.2/jackson-datatype-jsr310-2.14.2.jar:/Users/arvinubhi/.m2/repository/com/fasterxml/jackson/module/jackson-module-parameter-names/2.14.2/jackson-module-parameter-names-2.14.2.jar:/Users/arvinubhi/.m2/repository/com/kjetland/mbknor-jackson-jsonschema_2.13/1.0.39/mbknor-jackson-jsonschema_2.13-1.0.39.jar:/Users/arvinubhi/.m2/repository/org/scala-lang/scala-library/2.13.1/scala-library-2.13.1.jar:/Users/arvinubhi/.m2/repository/javax/validation/validation-api/2.0.1.Final/validation-api-2.0.1.Final.jar:/Users/arvinubhi/.m2/repository/io/github/classgraph/classgraph/4.8.21/classgraph-4.8.21.jar:/Users/arvinubhi/.m2/repository/org/jetbrains/kotlin/kotlin-stdlib/1.6.0/kotlin-stdlib-1.6.0.jar:/Users/arvinubhi/.m2/repository/org/jetbrains/annotations/13.0/annotations-13.0.jar:/Users/arvinubhi/.m2/repository/org/jetbrains/kotlin/kotlin-stdlib-common/1.6.0/kotlin-stdlib-common-1.6.0.jar:/Users/arvinubhi/.m2/repository/org/jetbrains/kotlin/kotlin-scripting-jvm/1.6.0/kotlin-scripting-jvm-1.6.0.jar:/Users/arvinubhi/.m2/repository/org/jetbrains/kotlin/kotlin-script-runtime/1.6.0/kotlin-script-runtime-1.6.0.jar:/Users/arvinubhi/.m2/repository/org/jetbrains/kotlin/kotlin-scripting-common/1.6.0/kotlin-scripting-common-1.6.0.jar:/Users/arvinubhi/.m2/repository/org/jetbrains/kotlin/kotlin-scripting-compiler-embeddable/1.6.0/kotlin-scripting-compiler-embeddable-1.6.0.jar:/Users/arvinubhi/.m2/repository/org/jetbrains/kotlin/kotlin-scripting-compiler-impl-embeddable/1.6.0/kotlin-scripting-compiler-impl-embeddable-1.6.0.jar:/Users/arvinubhi/.m2/repository/io/confluent/kafka-json-serializer/7.5.1/kafka-json-serializer-7.5.1.jar:/Users/arvinubhi/.m2/repository/io/confluent/common-config/7.5.1/common-config-7.5.1.jar:/Users/arvinubhi/.m2/repository/org/junit/jupiter/junit-jupiter/5.9.2/junit-jupiter-5.9.2.jar:/Users/arvinubhi/.m2/repository/org/junit/jupiter/junit-jupiter-api/5.9.2/junit-jupiter-api-5.9.2.jar:/Users/arvinubhi/.m2/repository/org/opentest4j/opentest4j/1.2.0/opentest4j-1.2.0.jar:/Users/arvinubhi/.m2/repository/org/junit/platform/junit-platform-commons/1.9.2/junit-platform-commons-1.9.2.jar:/Users/arvinubhi/.m2/repository/org/apiguardian/apiguardian-api/1.1.2/apiguardian-api-1.1.2.jar:/Users/arvinubhi/.m2/repository/org/junit/jupiter/junit-jupiter-params/5.9.2/junit-jupiter-params-5.9.2.jar:/Users/arvinubhi/.m2/repository/org/junit/jupiter/junit-jupiter-engine/5.9.2/junit-jupiter-engine-5.9.2.jar:/Users/arvinubhi/.m2/repository/org/junit/platform/junit-platform-engine/1.9.2/junit-platform-engine-1.9.2.jar:/Users/arvinubhi/.m2/repository/org/mockito/mockito-core/4.11.0/mockito-core-4.11.0.jar:/Users/arvinubhi/.m2/repository/net/bytebuddy/byte-buddy/1.12.19/byte-buddy-1.12.19.jar:/Users/arvinubhi/.m2/repository/net/bytebuddy/byte-buddy-agent/1.12.19/byte-buddy-agent-1.12.19.jar:/Users/arvinubhi/.m2/repository/org/objenesis/objenesis/3.3/objenesis-3.3.jar:/Users/arvinubhi/.m2/repository/org/mockito/mockito-junit-jupiter/4.11.0/mockito-junit-jupiter-4.11.0.jar:"/>
    <property name="sun.cpu.endian" value="little"/>
    <property name="user.home" value="/Users/arvinubhi"/>
    <property name="user.language" value="en"/>
    <property name="java.specification.vendor" value="Oracle Corporation"/>
    <property name="java.version.date" value="2020-01-14"/>
    <property name="java.home" value="/usr/local/Cellar/openjdk/13.0.2+8_2/libexec/openjdk.jdk/Contents/Home"/>
    <property name="file.separator" value="/"/>
    <property name="basedir" value="/Users/arvinubhi/kafka-management-library"/>
    <property name="java.vm.compressedOopsMode" value="Zero based"/>
    <property name="line.separator" value="&#10;"/>
    <property name="java.specification.name" value="Java Platform API Specification"/>
    <property name="java.vm.specification.vendor" value="Oracle Corporation"/>
    <property name="surefire.real.class.path" value="/Users/arvinubhi/kafka-management-library/target/surefire/surefirebooter-20251022001955772_3.jar"/>
    <property name="sun.management.compiler" value="HotSpot 64-Bit Tiered Compilers"/>
    <property name="ftp.nonProxyHosts" value="local|*.local|169.254/16|*.169.254/16"/>
    <property name="java.runtime.version" value="13.0.2+8"/>
    <property name="user.name" value="arvinubhi"/>
    <property name="path.separator" value=":"/>
    <property name="os.version" value="10.16"/>
    <property name="java.runtime.name" value="OpenJDK Runtime Environment"/>
    <property name="file.encoding" value="UTF-8"/>
    <property name="java.vm.name" value="OpenJDK 64-Bit Server VM"/>
    <property name="localRepository" value="/Users/arvinubhi/.m2/repository"/>
    <property name="java.vendor.url.bug" value="https://bugreport.java.com/bugreport/"/>
    <property name="java.io.tmpdir" value="/var/folders/by/p0q7cp997hl8_p5zmksdmtrh0000gn/T/"/>
    <property name="java.version" value="13.0.2"/>
    <property name="user.dir" value="/Users/arvinubhi/kafka-management-library"/>
    <property name="os.arch" value="x86_64"/>
    <property name="java.vm.specification.name" value="Java Virtual Machine Specification"/>
    <property name="java.library.path" value="/Users/arvinubhi/Library/Java/Extensions:/Library/Java/Extensions:/Network/Library/Java/Extensions:/System/Library/Java/Extensions:/usr/lib/java:."/>
    <property name="java.vm.info" value="mixed mode, sharing"/>
    <property name="java.vendor" value="N/A"/>
    <property name="java.vm.version" value="13.0.2+8"/>
    <property name="sun.io.unicode.encoding" value="UnicodeBig"/>
    <property name="socksNonProxyHosts" value="local|*.local|169.254/16|*.169.254/16"/>
    <property name="java.class.version" value="57.0"/>
  </properties>
  <testcase name="testDeleteTopic" classname="com.mycompany.kafka.KafkaManagementLibraryTest" time="61.115">
    <error message="Failed to delete topic: test-topic" type="java.lang.RuntimeException"><![CDATA[java.lang.RuntimeException: Failed to delete topic: test-topic
	at com.mycompany.kafka.manager.TopicOperations.deleteTopic(TopicOperations.java:87)
	at com.mycompany.kafka.manager.TopicManager.deleteTopic(TopicManager.java:61)
	at com.mycompany.kafka.KafkaManagementLibrary.deleteTopic(KafkaManagementLibrary.java:86)
	at com.mycompany.kafka.KafkaManagementLibraryTest.testDeleteTopic(KafkaManagementLibraryTest.java:83)
	at java.base/jdk.internal.reflect.NativeMethodAccessorImpl.invoke0(Native Method)
	at java.base/jdk.internal.reflect.NativeMethodAccessorImpl.invoke(NativeMethodAccessorImpl.java:62)
	at java.base/jdk.internal.reflect.DelegatingMethodAccessorImpl.invoke(DelegatingMethodAccessorImpl.java:43)
	at java.base/java.lang.reflect.Method.invoke(Method.java:567)
	at org.junit.platform.commons.util.ReflectionUtils.invokeMethod(ReflectionUtils.java:727)
	at org.junit.jupiter.engine.execution.MethodInvocation.proceed(MethodInvocation.java:60)
	at org.junit.jupiter.engine.execution.InvocationInterceptorChain$ValidatingInvocation.proceed(InvocationInterceptorChain.java:131)
	at org.junit.jupiter.engine.extension.TimeoutExtension.intercept(TimeoutExtension.java:156)
	at org.junit.jupiter.engine.extension.TimeoutExtension.interceptTestableMethod(TimeoutExtension.java:147)
	at org.junit.jupiter.engine.extension.TimeoutExtension.interceptTestMethod(TimeoutExtension.java:86)
	at org.junit.jupiter.engine.execution.InterceptingExecutableInvoker$ReflectiveInterceptorCall.lambda$ofVoidMethod$0(InterceptingExecutableInvoker.java:103)
	at org.junit.jupiter.engine.execution.InterceptingExecutableInvoker.lambda$invoke$0(InterceptingExecutableInvoker.java:93)
	at org.junit.jupiter.engine.execution.InvocationInterceptorChain$InterceptedInvocation.proceed(InvocationInterceptorChain.java:106)
	at org.junit.jupiter.engine.execution.InvocationInterceptorChain.proceed(InvocationInterceptorChain.java:64)
	at org.junit.jupiter.engine.execution.InvocationInterceptorChain.chainAndInvoke(InvocationInterceptorChain.java:45)
	at org.junit.jupiter.engine.execution.InvocationInterceptorChain.invoke(InvocationInterceptorChain.java:37)
	at org.junit.jupiter.engine.execution.InterceptingExecutableInvoker.invoke(InterceptingExecutableInvoker.java:92)
	at org.junit.jupiter.engine.execution.InterceptingExecutableInvoker.invoke(InterceptingExecutableInvoker.java:86)
	at org.junit.jupiter.engine.descriptor.TestMethodTestDescriptor.lambda$invokeTestMethod$7(TestMethodTestDescriptor.java:217)
	at org.junit.platform.engine.support.hierarchical.ThrowableCollector.execute(ThrowableCollector.java:73)
	at org.junit.jupiter.engine.descriptor.TestMethodTestDescriptor.invokeTestMethod(TestMethodTestDescriptor.java:213)
	at org.junit.jupiter.engine.descriptor.TestMethodTestDescriptor.execute(TestMethodTestDescriptor.java:138)
	at org.junit.jupiter.engine.descriptor.TestMethodTestDescriptor.execute(TestMethodTestDescriptor.java:68)
	at org.junit.platform.engine.support.hierarchical.NodeTestTask.lambda$executeRecursively$6(NodeTestTask.java:151)
	at org.junit.platform.engine.support.hierarchical.ThrowableCollector.execute(ThrowableCollector.java:73)
	at org.junit.platform.engine.support.hierarchical.NodeTestTask.lambda$executeRecursively$8(NodeTestTask.java:141)
	at org.junit.platform.engine.support.hierarchical.Node.around(Node.java:137)
	at org.junit.platform.engine.support.hierarchical.NodeTestTask.lambda$executeRecursively$9(NodeTestTask.java:139)
	at org.junit.platform.engine.support.hierarchical.ThrowableCollector.execute(ThrowableCollector.java:73)
	at org.junit.platform.engine.support.hierarchical.NodeTestTask.executeRecursively(NodeTestTask.java:138)
	at org.junit.platform.engine.support.hierarchical.NodeTestTask.execute(NodeTestTask.java:95)
	at java.base/java.util.ArrayList.forEach(ArrayList.java:1507)
	at org.junit.platform.engine.support.hierarchical.SameThreadHierarchicalTestExecutorService.invokeAll(SameThreadHierarchicalTestExecutorService.java:41)
	at org.junit.platform.engine.support.hierarchical.NodeTestTask.lambda$executeRecursively$6(NodeTestTask.java:155)
	at org.junit.platform.engine.support.hierarchical.ThrowableCollector.execute(ThrowableCollector.java:73)
	at org.junit.platform.engine.support.hierarchical.NodeTestTask.lambda$executeRecursively$8(NodeTestTask.java:141)
	at org.junit.platform.engine.support.hierarchical.Node.around(Node.java:137)
	at org.junit.platform.engine.support.hierarchical.NodeTestTask.lambda$executeRecursively$9(NodeTestTask.java:139)
	at org.junit.platform.engine.support.hierarchical.ThrowableCollector.execute(ThrowableCollector.java:73)
	at org.junit.platform.engine.support.hierarchical.NodeTestTask.executeRecursively(NodeTestTask.java:138)
	at org.junit.platform.engine.support.hierarchical.NodeTestTask.execute(NodeTestTask.java:95)
	at java.base/java.util.ArrayList.forEach(ArrayList.java:1507)
	at org.junit.platform.engine.support.hierarchical.SameThreadHierarchicalTestExecutorService.invokeAll(SameThreadHierarchicalTestExecutorService.java:41)
	at org.junit.platform.engine.support.hierarchical.NodeTestTask.lambda$executeRecursively$6(NodeTestTask.java:155)
	at org.junit.platform.engine.support.hierarchical.ThrowableCollector.execute(ThrowableCollector.java:73)
	at org.junit.platform.engine.support.hierarchical.NodeTestTask.lambda$executeRecursively$8(NodeTestTask.java:141)
	at org.junit.platform.engine.support.hierarchical.Node.around(Node.java:137)
	at org.junit.platform.engine.support.hierarchical.NodeTestTask.lambda$executeRecursively$9(NodeTestTask.java:139)
	at org.junit.platform.engine.support.hierarchical.ThrowableCollector.execute(ThrowableCollector.java:73)
	at org.junit.platform.engine.support.hierarchical.NodeTestTask.executeRecursively(NodeTestTask.java:138)
	at org.junit.platform.engine.support.hierarchical.NodeTestTask.execute(NodeTestTask.java:95)
	at org.junit.platform.engine.support.hierarchical.SameThreadHierarchicalTestExecutorService.submit(SameThreadHierarchicalTestExecutorService.java:35)
	at org.junit.platform.engine.support.hierarchical.HierarchicalTestExecutor.execute(HierarchicalTestExecutor.java:57)
	at org.junit.platform.engine.support.hierarchical.HierarchicalTestEngine.execute(HierarchicalTestEngine.java:54)
	at org.junit.platform.launcher.core.EngineExecutionOrchestrator.execute(EngineExecutionOrchestrator.java:147)
	at org.junit.platform.launcher.core.EngineExecutionOrchestrator.execute(EngineExecutionOrchestrator.java:127)
	at org.junit.platform.launcher.core.EngineExecutionOrchestrator.execute(EngineExecutionOrchestrator.java:90)
	at org.junit.platform.launcher.core.EngineExecutionOrchestrator.lambda$execute$0(EngineExecutionOrchestrator.java:55)
	at org.junit.platform.launcher.core.EngineExecutionOrchestrator.withInterceptedStreams(EngineExecutionOrchestrator.java:102)
	at org.junit.platform.launcher.core.EngineExecutionOrchestrator.execute(EngineExecutionOrchestrator.java:54)
	at org.junit.platform.launcher.core.DefaultLauncher.execute(DefaultLauncher.java:114)
	at org.junit.platform.launcher.core.DefaultLauncher.execute(DefaultLauncher.java:86)
	at org.junit.platform.launcher.core.DefaultLauncherSession$DelegatingLauncher.execute(DefaultLauncherSession.java:86)
	at org.apache.maven.surefire.junitplatform.LazyLauncher.execute(LazyLauncher.java:50)
	at org.apache.maven.surefire.junitplatform.JUnitPlatformProvider.execute(JUnitPlatformProvider.java:184)
	at org.apache.maven.surefire.junitplatform.JUnitPlatformProvider.invokeAllTests(JUnitPlatformProvider.java:148)
	at org.apache.maven.surefire.junitplatform.JUnitPlatformProvider.invoke(JUnitPlatformProvider.java:122)
	at org.apache.maven.surefire.booter.ForkedBooter.runSuitesInProcess(ForkedBooter.java:385)
	at org.apache.maven.surefire.booter.ForkedBooter.execute(ForkedBooter.java:162)
	at org.apache.maven.surefire.booter.ForkedBooter.run(ForkedBooter.java:507)
	at org.apache.maven.surefire.booter.ForkedBooter.main(ForkedBooter.java:495)
Caused by: java.util.concurrent.ExecutionException: org.apache.kafka.common.errors.TimeoutException: Timed out waiting for a node assignment. Call: deleteTopics
	at java.base/java.util.concurrent.CompletableFuture.reportGet(CompletableFuture.java:395)
	at java.base/java.util.concurrent.CompletableFuture.get(CompletableFuture.java:2070)
	at org.apache.kafka.common.internals.KafkaFutureImpl.get(KafkaFutureImpl.java:165)
	at com.mycompany.kafka.manager.TopicOperations.deleteTopic(TopicOperations.java:83)
	... 74 more
Caused by: org.apache.kafka.common.errors.TimeoutException: Timed out waiting for a node assignment. Call: deleteTopics
]]></error>
    <system-err><![CDATA[[main] INFO com.mycompany.kafka.KafkaManagementLibrary - Initializing KafkaManagementLibrary
[main] INFO com.mycompany.kafka.factory.ConnectionFactory - Creating Kafka AdminClient with bootstrap servers: localhost:9092
[main] INFO org.apache.kafka.clients.admin.AdminClientConfig - AdminClientConfig values: 
	auto.include.jmx.reporter = true
	bootstrap.servers = [localhost:9092]
	client.dns.lookup = use_all_dns_ips
	client.id = 
	connections.max.idle.ms = 300000
	default.api.timeout.ms = 60000
	metadata.max.age.ms = 300000
	metric.reporters = []
	metrics.num.samples = 2
	metrics.recording.level = INFO
	metrics.sample.window.ms = 30000
	receive.buffer.bytes = 65536
	reconnect.backoff.max.ms = 1000
	reconnect.backoff.ms = 50
	request.timeout.ms = 30000
	retries = 2147483647
	retry.backoff.ms = 100
	sasl.client.callback.handler.class = null
	sasl.jaas.config = null
	sasl.kerberos.kinit.cmd = /usr/bin/kinit
	sasl.kerberos.min.time.before.relogin = 60000
	sasl.kerberos.service.name = null
	sasl.kerberos.ticket.renew.jitter = 0.05
	sasl.kerberos.ticket.renew.window.factor = 0.8
	sasl.login.callback.handler.class = null
	sasl.login.class = null
	sasl.login.connect.timeout.ms = null
	sasl.login.read.timeout.ms = null
	sasl.login.refresh.buffer.seconds = 300
	sasl.login.refresh.min.period.seconds = 60
	sasl.login.refresh.window.factor = 0.8
	sasl.login.refresh.window.jitter = 0.05
	sasl.login.retry.backoff.max.ms = 10000
	sasl.login.retry.backoff.ms = 100
	sasl.mechanism = GSSAPI
	sasl.oauthbearer.clock.skew.seconds = 30
	sasl.oauthbearer.expected.audience = null
	sasl.oauthbearer.expected.issuer = null
	sasl.oauthbearer.jwks.endpoint.refresh.ms = 3600000
	sasl.oauthbearer.jwks.endpoint.retry.backoff.max.ms = 10000
	sasl.oauthbearer.jwks.endpoint.retry.backoff.ms = 100
	sasl.oauthbearer.jwks.endpoint.url = null
	sasl.oauthbearer.scope.claim.name = scope
	sasl.oauthbearer.sub.claim.name = sub
	sasl.oauthbearer.token.endpoint.url = null
	security.protocol = PLAINTEXT
	security.providers = null
	send.buffer.bytes = 131072
	socket.connection.setup.timeout.max.ms = 30000
	socket.connection.setup.timeout.ms = 10000
	ssl.cipher.suites = null
	ssl.enabled.protocols = [TLSv1.2, TLSv1.3]
	ssl.endpoint.identification.algorithm = https
	ssl.engine.factory.class = null
	ssl.key.password = null
	ssl.keymanager.algorithm = SunX509
	ssl.keystore.certificate.chain = null
	ssl.keystore.key = null
	ssl.keystore.location = null
	ssl.keystore.password = null
	ssl.keystore.type = JKS
	ssl.protocol = TLSv1.3
	ssl.provider = null
	ssl.secure.random.implementation = null
	ssl.trustmanager.algorithm = PKIX
	ssl.truststore.certificates = null
	ssl.truststore.location = null
	ssl.truststore.password = null
	ssl.truststore.type = JKS

[main] INFO org.apache.kafka.common.utils.AppInfoParser - Kafka version: 3.5.1
[main] INFO org.apache.kafka.common.utils.AppInfoParser - Kafka commitId: 2c6fb6c54472e90a
[main] INFO org.apache.kafka.common.utils.AppInfoParser - Kafka startTimeMs: 1761088797272
[main] INFO com.mycompany.kafka.factory.ConnectionFactory - Kafka AdminClient created successfully
[main] INFO com.mycompany.kafka.factory.ConnectionFactory - Creating Kafka AdminClient with bootstrap servers: localhost:9092
[main] INFO org.apache.kafka.clients.admin.AdminClientConfig - AdminClientConfig values: 
	auto.include.jmx.reporter = true
	bootstrap.servers = [localhost:9092]
	client.dns.lookup = use_all_dns_ips
	client.id = 
	connections.max.idle.ms = 300000
	default.api.timeout.ms = 60000
	metadata.max.age.ms = 300000
	metric.reporters = []
	metrics.num.samples = 2
	metrics.recording.level = INFO
	metrics.sample.window.ms = 30000
	receive.buffer.bytes = 65536
	reconnect.backoff.max.ms = 1000
	reconnect.backoff.ms = 50
	request.timeout.ms = 30000
	retries = 2147483647
	retry.backoff.ms = 100
	sasl.client.callback.handler.class = null
	sasl.jaas.config = null
	sasl.kerberos.kinit.cmd = /usr/bin/kinit
	sasl.kerberos.min.time.before.relogin = 60000
	sasl.kerberos.service.name = null
	sasl.kerberos.ticket.renew.jitter = 0.05
	sasl.kerberos.ticket.renew.window.factor = 0.8
	sasl.login.callback.handler.class = null
	sasl.login.class = null
	sasl.login.connect.timeout.ms = null
	sasl.login.read.timeout.ms = null
	sasl.login.refresh.buffer.seconds = 300
	sasl.login.refresh.min.period.seconds = 60
	sasl.login.refresh.window.factor = 0.8
	sasl.login.refresh.window.jitter = 0.05
	sasl.login.retry.backoff.max.ms = 10000
	sasl.login.retry.backoff.ms = 100
	sasl.mechanism = GSSAPI
	sasl.oauthbearer.clock.skew.seconds = 30
	sasl.oauthbearer.expected.audience = null
	sasl.oauthbearer.expected.issuer = null
	sasl.oauthbearer.jwks.endpoint.refresh.ms = 3600000
	sasl.oauthbearer.jwks.endpoint.retry.backoff.max.ms = 10000
	sasl.oauthbearer.jwks.endpoint.retry.backoff.ms = 100
	sasl.oauthbearer.jwks.endpoint.url = null
	sasl.oauthbearer.scope.claim.name = scope
	sasl.oauthbearer.sub.claim.name = sub
	sasl.oauthbearer.token.endpoint.url = null
	security.protocol = PLAINTEXT
	security.providers = null
	send.buffer.bytes = 131072
	socket.connection.setup.timeout.max.ms = 30000
	socket.connection.setup.timeout.ms = 10000
	ssl.cipher.suites = null
	ssl.enabled.protocols = [TLSv1.2, TLSv1.3]
	ssl.endpoint.identification.algorithm = https
	ssl.engine.factory.class = null
	ssl.key.password = null
	ssl.keymanager.algorithm = SunX509
	ssl.keystore.certificate.chain = null
	ssl.keystore.key = null
	ssl.keystore.location = null
	ssl.keystore.password = null
	ssl.keystore.type = JKS
	ssl.protocol = TLSv1.3
	ssl.provider = null
	ssl.secure.random.implementation = null
	ssl.trustmanager.algorithm = PKIX
	ssl.truststore.certificates = null
	ssl.truststore.location = null
	ssl.truststore.password = null
	ssl.truststore.type = JKS

[main] INFO org.apache.kafka.common.utils.AppInfoParser - Kafka version: 3.5.1
[main] INFO org.apache.kafka.common.utils.AppInfoParser - Kafka commitId: 2c6fb6c54472e90a
[main] INFO org.apache.kafka.common.utils.AppInfoParser - Kafka startTimeMs: 1761088797286
[main] INFO com.mycompany.kafka.factory.ConnectionFactory - Kafka AdminClient created successfully
[main] INFO com.mycompany.kafka.factory.ConnectionFactory - Creating Schema Registry Client with URL: http://localhost:8081
[kafka-admin-client-thread | adminclient-2] INFO org.apache.kafka.clients.NetworkClient - [AdminClient clientId=adminclient-2] Node -1 disconnected.
[kafka-admin-client-thread | adminclient-1] INFO org.apache.kafka.clients.NetworkClient - [AdminClient clientId=adminclient-1] Node -1 disconnected.
[kafka-admin-client-thread | adminclient-1] WARN org.apache.kafka.clients.NetworkClient - [AdminClient clientId=adminclient-1] Connection to node -1 (localhost/127.0.0.1:9092) could not be established. Broker may not be available.
[kafka-admin-client-thread | adminclient-2] WARN org.apache.kafka.clients.NetworkClient - [AdminClient clientId=adminclient-2] Connection to node -1 (localhost/127.0.0.1:9092) could not be established. Broker may not be available.
[kafka-admin-client-thread | adminclient-2] INFO org.apache.kafka.clients.NetworkClient - [AdminClient clientId=adminclient-2] Node -1 disconnected.
[kafka-admin-client-thread | adminclient-1] INFO org.apache.kafka.clients.NetworkClient - [AdminClient clientId=adminclient-1] Node -1 disconnected.
[kafka-admin-client-thread | adminclient-2] WARN org.apache.kafka.clients.NetworkClient - [AdminClient clientId=adminclient-2] Connection to node -1 (localhost/127.0.0.1:9092) could not be established. Broker may not be available.
[kafka-admin-client-thread | adminclient-1] WARN org.apache.kafka.clients.NetworkClient - [AdminClient clientId=adminclient-1] Connection to node -1 (localhost/127.0.0.1:9092) could not be established. Broker may not be available.
[main] INFO com.mycompany.kafka.factory.ConnectionFactory - Schema Registry Client created successfully
[main] INFO com.mycompany.kafka.KafkaManagementLibrary - KafkaManagementLibrary initialized successfully
[main] INFO com.mycompany.kafka.manager.TopicOperations - Deleting topic: test-topic
[kafka-admin-client-thread | adminclient-2] INFO org.apache.kafka.clients.NetworkClient - [AdminClient clientId=adminclient-2] Node -1 disconnected.
[kafka-admin-client-thread | adminclient-2] WARN org.apache.kafka.clients.NetworkClient - [AdminClient clientId=adminclient-2] Connection to node -1 (localhost/127.0.0.1:9092) could not be established. Broker may not be available.
[kafka-admin-client-thread | adminclient-1] INFO org.apache.kafka.clients.NetworkClient - [AdminClient clientId=adminclient-1] Node -1 disconnected.
[kafka-admin-client-thread | adminclient-1] WARN org.apache.kafka.clients.NetworkClient - [AdminClient clientId=adminclient-1] Connection to node -1 (localhost/127.0.0.1:9092) could not be established. Broker may not be available.
[kafka-admin-client-thread | adminclient-1] INFO org.apache.kafka.clients.NetworkClient - [AdminClient clientId=adminclient-1] Node -1 disconnected.
[kafka-admin-client-thread | adminclient-1] WARN org.apache.kafka.clients.NetworkClient - [AdminClient clientId=adminclient-1] Connection to node -1 (localhost/127.0.0.1:9092) could not be established. Broker may not be available.
[kafka-admin-client-thread | adminclient-2] INFO org.apache.kafka.clients.NetworkClient - [AdminClient clientId=adminclient-2] Node -1 disconnected.
[kafka-admin-client-thread | adminclient-2] WARN org.apache.kafka.clients.NetworkClient - [AdminClient clientId=adminclient-2] Connection to node -1 (localhost/127.0.0.1:9092) could not be established. Broker may not be available.
[kafka-admin-client-thread | adminclient-1] INFO org.apache.kafka.clients.NetworkClient - [AdminClient clientId=adminclient-1] Node -1 disconnected.
[kafka-admin-client-thread | adminclient-1] WARN org.apache.kafka.clients.NetworkClient - [AdminClient clientId=adminclient-1] Connection to node -1 (localhost/127.0.0.1:9092) could not be established. Broker may not be available.
[kafka-admin-client-thread | adminclient-2] INFO org.apache.kafka.clients.NetworkClient - [AdminClient clientId=adminclient-2] Node -1 disconnected.
[kafka-admin-client-thread | adminclient-2] WARN org.apache.kafka.clients.NetworkClient - [AdminClient clientId=adminclient-2] Connection to node -1 (localhost/127.0.0.1:9092) could not be established. Broker may not be available.
[kafka-admin-client-thread | adminclient-2] INFO org.apache.kafka.clients.NetworkClient - [AdminClient clientId=adminclient-2] Node -1 disconnected.
[kafka-admin-client-thread | adminclient-2] WARN org.apache.kafka.clients.NetworkClient - [AdminClient clientId=adminclient-2] Connection to node -1 (localhost/127.0.0.1:9092) could not be established. Broker may not be available.
[kafka-admin-client-thread | adminclient-1] INFO org.apache.kafka.clients.NetworkClient - [AdminClient clientId=adminclient-1] Node -1 disconnected.
[kafka-admin-client-thread | adminclient-1] WARN org.apache.kafka.clients.NetworkClient - [AdminClient clientId=adminclient-1] Connection to node -1 (localhost/127.0.0.1:9092) could not be established. Broker may not be available.
[kafka-admin-client-thread | adminclient-2] INFO org.apache.kafka.clients.NetworkClient - [AdminClient clientId=adminclient-2] Node -1 disconnected.
[kafka-admin-client-thread | adminclient-2] WARN org.apache.kafka.clients.NetworkClient - [AdminClient clientId=adminclient-2] Connection to node -1 (localhost/127.0.0.1:9092) could not be established. Broker may not be available.
[kafka-admin-client-thread | adminclient-1] INFO org.apache.kafka.clients.NetworkClient - [AdminClient clientId=adminclient-1] Node -1 disconnected.
[kafka-admin-client-thread | adminclient-1] WARN org.apache.kafka.clients.NetworkClient - [AdminClient clientId=adminclient-1] Connection to node -1 (localhost/127.0.0.1:9092) could not be established. Broker may not be available.
[kafka-admin-client-thread | adminclient-2] INFO org.apache.kafka.clients.NetworkClient - [AdminClient clientId=adminclient-2] Node -1 disconnected.
[kafka-admin-client-thread | adminclient-2] WARN org.apache.kafka.clients.NetworkClient - [AdminClient clientId=adminclient-2] Connection to node -1 (localhost/127.0.0.1:9092) could not be established. Broker may not be available.
[kafka-admin-client-thread | adminclient-1] INFO org.apache.kafka.clients.NetworkClient - [AdminClient clientId=adminclient-1] Node -1 disconnected.
[kafka-admin-client-thread | adminclient-1] WARN org.apache.kafka.clients.NetworkClient - [AdminClient clientId=adminclient-1] Connection to node -1 (localhost/127.0.0.1:9092) could not be established. Broker may not be available.
[kafka-admin-client-thread | adminclient-2] INFO org.apache.kafka.clients.NetworkClient - [AdminClient clientId=adminclient-2] Node -1 disconnected.
[kafka-admin-client-thread | adminclient-2] WARN org.apache.kafka.clients.NetworkClient - [AdminClient clientId=adminclient-2] Connection to node -1 (localhost/127.0.0.1:9092) could not be established. Broker may not be available.
[kafka-admin-client-thread | adminclient-1] INFO org.apache.kafka.clients.NetworkClient - [AdminClient clientId=adminclient-1] Node -1 disconnected.
[kafka-admin-client-thread | adminclient-1] WARN org.apache.kafka.clients.NetworkClient - [AdminClient clientId=adminclient-1] Connection to node -1 (localhost/127.0.0.1:9092) could not be established. Broker may not be available.
[kafka-admin-client-thread | adminclient-2] INFO org.apache.kafka.clients.NetworkClient - [AdminClient clientId=adminclient-2] Node -1 disconnected.
[kafka-admin-client-thread | adminclient-2] WARN org.apache.kafka.clients.NetworkClient - [AdminClient clientId=adminclient-2] Connection to node -1 (localhost/127.0.0.1:9092) could not be established. Broker may not be available.
[kafka-admin-client-thread | adminclient-1] INFO org.apache.kafka.clients.NetworkClient - [AdminClient clientId=adminclient-1] Node -1 disconnected.
[kafka-admin-client-thread | adminclient-1] WARN org.apache.kafka.clients.NetworkClient - [AdminClient clientId=adminclient-1] Connection to node -1 (localhost/127.0.0.1:9092) could not be established. Broker may not be available.
[kafka-admin-client-thread | adminclient-2] INFO org.apache.kafka.clients.NetworkClient - [AdminClient clientId=adminclient-2] Node -1 disconnected.
[kafka-admin-client-thread | adminclient-2] WARN org.apache.kafka.clients.NetworkClient - [AdminClient clientId=adminclient-2] Connection to node -1 (localhost/127.0.0.1:9092) could not be established. Broker may not be available.
[kafka-admin-client-thread | adminclient-1] INFO org.apache.kafka.clients.NetworkClient - [AdminClient clientId=adminclient-1] Node -1 disconnected.
[kafka-admin-client-thread | adminclient-1] WARN org.apache.kafka.clients.NetworkClient - [AdminClient clientId=adminclient-1] Connection to node -1 (localhost/127.0.0.1:9092) could not be established. Broker may not be available.
[kafka-admin-client-thread | adminclient-2] INFO org.apache.kafka.clients.NetworkClient - [AdminClient clientId=adminclient-2] Node -1 disconnected.
[kafka-admin-client-thread | adminclient-2] WARN org.apache.kafka.clients.NetworkClient - [AdminClient clientId=adminclient-2] Connection to node -1 (localhost/127.0.0.1:9092) could not be established. Broker may not be available.
[kafka-admin-client-thread | adminclient-1] INFO org.apache.kafka.clients.NetworkClient - [AdminClient clientId=adminclient-1] Node -1 disconnected.
[kafka-admin-client-thread | adminclient-1] WARN org.apache.kafka.clients.NetworkClient - [AdminClient clientId=adminclient-1] Connection to node -1 (localhost/127.0.0.1:9092) could not be established. Broker may not be available.
[kafka-admin-client-thread | adminclient-2] INFO org.apache.kafka.clients.NetworkClient - [AdminClient clientId=adminclient-2] Node -1 disconnected.
[kafka-admin-client-thread | adminclient-2] WARN org.apache.kafka.clients.NetworkClient - [AdminClient clientId=adminclient-2] Connection to node -1 (localhost/127.0.0.1:9092) could not be established. Broker may not be available.
[kafka-admin-client-thread | adminclient-1] INFO org.apache.kafka.clients.NetworkClient - [AdminClient clientId=adminclient-1] Node -1 disconnected.
[kafka-admin-client-thread | adminclient-1] WARN org.apache.kafka.clients.NetworkClient - [AdminClient clientId=adminclient-1] Connection to node -1 (localhost/127.0.0.1:9092) could not be established. Broker may not be available.
[kafka-admin-client-thread | adminclient-2] INFO org.apache.kafka.clients.NetworkClient - [AdminClient clientId=adminclient-2] Node -1 disconnected.
[kafka-admin-client-thread | adminclient-2] WARN org.apache.kafka.clients.NetworkClient - [AdminClient clientId=adminclient-2] Connection to node -1 (localhost/127.0.0.1:9092) could not be established. Broker may not be available.
[kafka-admin-client-thread | adminclient-1] INFO org.apache.kafka.clients.NetworkClient - [AdminClient clientId=adminclient-1] Node -1 disconnected.
[kafka-admin-client-thread | adminclient-1] WARN org.apache.kafka.clients.NetworkClient - [AdminClient clientId=adminclient-1] Connection to node -1 (localhost/127.0.0.1:9092) could not be established. Broker may not be available.
[kafka-admin-client-thread | adminclient-2] INFO org.apache.kafka.clients.NetworkClient - [AdminClient clientId=adminclient-2] Node -1 disconnected.
[kafka-admin-client-thread | adminclient-2] WARN org.apache.kafka.clients.NetworkClient - [AdminClient clientId=adminclient-2] Connection to node -1 (localhost/127.0.0.1:9092) could not be established. Broker may not be available.
[kafka-admin-client-thread | adminclient-1] INFO org.apache.kafka.clients.NetworkClient - [AdminClient clientId=adminclient-1] Node -1 disconnected.
[kafka-admin-client-thread | adminclient-1] WARN org.apache.kafka.clients.NetworkClient - [AdminClient clientId=adminclient-1] Connection to node -1 (localhost/127.0.0.1:9092) could not be established. Broker may not be available.
[kafka-admin-client-thread | adminclient-2] INFO org.apache.kafka.clients.NetworkClient - [AdminClient clientId=adminclient-2] Node -1 disconnected.
[kafka-admin-client-thread | adminclient-2] WARN org.apache.kafka.clients.NetworkClient - [AdminClient clientId=adminclient-2] Connection to node -1 (localhost/127.0.0.1:9092) could not be established. Broker may not be available.
[kafka-admin-client-thread | adminclient-1] INFO org.apache.kafka.clients.NetworkClient - [AdminClient clientId=adminclient-1] Node -1 disconnected.
[kafka-admin-client-thread | adminclient-1] WARN org.apache.kafka.clients.NetworkClient - [AdminClient clientId=adminclient-1] Connection to node -1 (localhost/127.0.0.1:9092) could not be established. Broker may not be available.
[kafka-admin-client-thread | adminclient-2] INFO org.apache.kafka.clients.NetworkClient - [AdminClient clientId=adminclient-2] Node -1 disconnected.
[kafka-admin-client-thread | adminclient-2] WARN org.apache.kafka.clients.NetworkClient - [AdminClient clientId=adminclient-2] Connection to node -1 (localhost/127.0.0.1:9092) could not be established. Broker may not be available.
[kafka-admin-client-thread | adminclient-1] INFO org.apache.kafka.clients.NetworkClient - [AdminClient clientId=adminclient-1] Node -1 disconnected.
[kafka-admin-client-thread | adminclient-1] WARN org.apache.kafka.clients.NetworkClient - [AdminClient clientId=adminclient-1] Connection to node -1 (localhost/127.0.0.1:9092) could not be established. Broker may not be available.
[kafka-admin-client-thread | adminclient-2] INFO org.apache.kafka.clients.NetworkClient - [AdminClient clientId=adminclient-2] Node -1 disconnected.
[kafka-admin-client-thread | adminclient-2] WARN org.apache.kafka.clients.NetworkClient - [AdminClient clientId=adminclient-2] Connection to node -1 (localhost/127.0.0.1:9092) could not be established. Broker may not be available.
[kafka-admin-client-thread | adminclient-1] INFO org.apache.kafka.clients.NetworkClient - [AdminClient clientId=adminclient-1] Node -1 disconnected.
[kafka-admin-client-thread | adminclient-1] WARN org.apache.kafka.clients.NetworkClient - [AdminClient clientId=adminclient-1] Connection to node -1 (localhost/127.0.0.1:9092) could not be established. Broker may not be available.
[kafka-admin-client-thread | adminclient-2] INFO org.apache.kafka.clients.NetworkClient - [AdminClient clientId=adminclient-2] Node -1 disconnected.
[kafka-admin-client-thread | adminclient-2] WARN org.apache.kafka.clients.NetworkClient - [AdminClient clientId=adminclient-2] Connection to node -1 (localhost/127.0.0.1:9092) could not be established. Broker may not be available.
[kafka-admin-client-thread | adminclient-1] INFO org.apache.kafka.clients.NetworkClient - [AdminClient clientId=adminclient-1] Node -1 disconnected.
[kafka-admin-client-thread | adminclient-1] WARN org.apache.kafka.clients.NetworkClient - [AdminClient clientId=adminclient-1] Connection to node -1 (localhost/127.0.0.1:9092) could not be established. Broker may not be available.
[kafka-admin-client-thread | adminclient-2] INFO org.apache.kafka.clients.NetworkClient - [AdminClient clientId=adminclient-2] Node -1 disconnected.
[kafka-admin-client-thread | adminclient-2] WARN org.apache.kafka.clients.NetworkClient - [AdminClient clientId=adminclient-2] Connection to node -1 (localhost/127.0.0.1:9092) could not be established. Broker may not be available.
[kafka-admin-client-thread | adminclient-1] INFO org.apache.kafka.clients.NetworkClient - [AdminClient clientId=adminclient-1] Node -1 disconnected.
[kafka-admin-client-thread | adminclient-1] WARN org.apache.kafka.clients.NetworkClient - [AdminClient clientId=adminclient-1] Connection to node -1 (localhost/127.0.0.1:9092) could not be established. Broker may not be available.
[kafka-admin-client-thread | adminclient-2] INFO org.apache.kafka.clients.NetworkClient - [AdminClient clientId=adminclient-2] Node -1 disconnected.
[kafka-admin-client-thread | adminclient-2] WARN org.apache.kafka.clients.NetworkClient - [AdminClient clientId=adminclient-2] Connection to node -1 (localhost/127.0.0.1:9092) could not be established. Broker may not be available.
[kafka-admin-client-thread | adminclient-1] INFO org.apache.kafka.clients.NetworkClient - [AdminClient clientId=adminclient-1] Node -1 disconnected.
[kafka-admin-client-thread | adminclient-1] WARN org.apache.kafka.clients.NetworkClient - [AdminClient clientId=adminclient-1] Connection to node -1 (localhost/127.0.0.1:9092) could not be established. Broker may not be available.
[kafka-admin-client-thread | adminclient-2] INFO org.apache.kafka.clients.NetworkClient - [AdminClient clientId=adminclient-2] Node -1 disconnected.
[kafka-admin-client-thread | adminclient-2] WARN org.apache.kafka.clients.NetworkClient - [AdminClient clientId=adminclient-2] Connection to node -1 (localhost/127.0.0.1:9092) could not be established. Broker may not be available.
[kafka-admin-client-thread | adminclient-1] INFO org.apache.kafka.clients.NetworkClient - [AdminClient clientId=adminclient-1] Node -1 disconnected.
[kafka-admin-client-thread | adminclient-1] WARN org.apache.kafka.clients.NetworkClient - [AdminClient clientId=adminclient-1] Connection to node -1 (localhost/127.0.0.1:9092) could not be established. Broker may not be available.
[kafka-admin-client-thread | adminclient-2] INFO org.apache.kafka.clients.NetworkClient - [AdminClient clientId=adminclient-2] Node -1 disconnected.
[kafka-admin-client-thread | adminclient-2] WARN org.apache.kafka.clients.NetworkClient - [AdminClient clientId=adminclient-2] Connection to node -1 (localhost/127.0.0.1:9092) could not be established. Broker may not be available.
[kafka-admin-client-thread | adminclient-1] INFO org.apache.kafka.clients.NetworkClient - [AdminClient clientId=adminclient-1] Node -1 disconnected.
[kafka-admin-client-thread | adminclient-1] WARN org.apache.kafka.clients.NetworkClient - [AdminClient clientId=adminclient-1] Connection to node -1 (localhost/127.0.0.1:9092) could not be established. Broker may not be available.
[kafka-admin-client-thread | adminclient-2] INFO org.apache.kafka.clients.NetworkClient - [AdminClient clientId=adminclient-2] Node -1 disconnected.
[kafka-admin-client-thread | adminclient-2] WARN org.apache.kafka.clients.NetworkClient - [AdminClient clientId=adminclient-2] Connection to node -1 (localhost/127.0.0.1:9092) could not be established. Broker may not be available.
[kafka-admin-client-thread | adminclient-1] INFO org.apache.kafka.clients.NetworkClient - [AdminClient clientId=adminclient-1] Node -1 disconnected.
[kafka-admin-client-thread | adminclient-1] WARN org.apache.kafka.clients.NetworkClient - [AdminClient clientId=adminclient-1] Connection to node -1 (localhost/127.0.0.1:9092) could not be established. Broker may not be available.
[kafka-admin-client-thread | adminclient-2] INFO org.apache.kafka.clients.NetworkClient - [AdminClient clientId=adminclient-2] Node -1 disconnected.
[kafka-admin-client-thread | adminclient-2] WARN org.apache.kafka.clients.NetworkClient - [AdminClient clientId=adminclient-2] Connection to node -1 (localhost/127.0.0.1:9092) could not be established. Broker may not be available.
[kafka-admin-client-thread | adminclient-1] INFO org.apache.kafka.clients.NetworkClient - [AdminClient clientId=adminclient-1] Node -1 disconnected.
[kafka-admin-client-thread | adminclient-1] WARN org.apache.kafka.clients.NetworkClient - [AdminClient clientId=adminclient-1] Connection to node -1 (localhost/127.0.0.1:9092) could not be established. Broker may not be available.
[kafka-admin-client-thread | adminclient-2] INFO org.apache.kafka.clients.NetworkClient - [AdminClient clientId=adminclient-2] Node -1 disconnected.
[kafka-admin-client-thread | adminclient-2] WARN org.apache.kafka.clients.NetworkClient - [AdminClient clientId=adminclient-2] Connection to node -1 (localhost/127.0.0.1:9092) could not be established. Broker may not be available.
[kafka-admin-client-thread | adminclient-1] INFO org.apache.kafka.clients.NetworkClient - [AdminClient clientId=adminclient-1] Node -1 disconnected.
[kafka-admin-client-thread | adminclient-1] WARN org.apache.kafka.clients.NetworkClient - [AdminClient clientId=adminclient-1] Connection to node -1 (localhost/127.0.0.1:9092) could not be established. Broker may not be available.
[kafka-admin-client-thread | adminclient-2] INFO org.apache.kafka.clients.NetworkClient - [AdminClient clientId=adminclient-2] Node -1 disconnected.
[kafka-admin-client-thread | adminclient-2] WARN org.apache.kafka.clients.NetworkClient - [AdminClient clientId=adminclient-2] Connection to node -1 (localhost/127.0.0.1:9092) could not be established. Broker may not be available.
[kafka-admin-client-thread | adminclient-1] INFO org.apache.kafka.clients.NetworkClient - [AdminClient clientId=adminclient-1] Node -1 disconnected.
[kafka-admin-client-thread | adminclient-1] WARN org.apache.kafka.clients.NetworkClient - [AdminClient clientId=adminclient-1] Connection to node -1 (localhost/127.0.0.1:9092) could not be established. Broker may not be available.
[kafka-admin-client-thread | adminclient-2] INFO org.apache.kafka.clients.NetworkClient - [AdminClient clientId=adminclient-2] Node -1 disconnected.
[kafka-admin-client-thread | adminclient-2] WARN org.apache.kafka.clients.NetworkClient - [AdminClient clientId=adminclient-2] Connection to node -1 (localhost/127.0.0.1:9092) could not be established. Broker may not be available.
[kafka-admin-client-thread | adminclient-1] INFO org.apache.kafka.clients.NetworkClient - [AdminClient clientId=adminclient-1] Node -1 disconnected.
[kafka-admin-client-thread | adminclient-1] WARN org.apache.kafka.clients.NetworkClient - [AdminClient clientId=adminclient-1] Connection to node -1 (localhost/127.0.0.1:9092) could not be established. Broker may not be available.
[kafka-admin-client-thread | adminclient-2] INFO org.apache.kafka.clients.NetworkClient - [AdminClient clientId=adminclient-2] Node -1 disconnected.
[kafka-admin-client-thread | adminclient-2] WARN org.apache.kafka.clients.NetworkClient - [AdminClient clientId=adminclient-2] Connection to node -1 (localhost/127.0.0.1:9092) could not be established. Broker may not be available.
[kafka-admin-client-thread | adminclient-1] INFO org.apache.kafka.clients.NetworkClient - [AdminClient clientId=adminclient-1] Node -1 disconnected.
[kafka-admin-client-thread | adminclient-1] WARN org.apache.kafka.clients.NetworkClient - [AdminClient clientId=adminclient-1] Connection to node -1 (localhost/127.0.0.1:9092) could not be established. Broker may not be available.
[kafka-admin-client-thread | adminclient-2] INFO org.apache.kafka.clients.NetworkClient - [AdminClient clientId=adminclient-2] Node -1 disconnected.
[kafka-admin-client-thread | adminclient-2] WARN org.apache.kafka.clients.NetworkClient - [AdminClient clientId=adminclient-2] Connection to node -1 (localhost/127.0.0.1:9092) could not be established. Broker may not be available.
[kafka-admin-client-thread | adminclient-1] INFO org.apache.kafka.clients.NetworkClient - [AdminClient clientId=adminclient-1] Node -1 disconnected.
[kafka-admin-client-thread | adminclient-1] WARN org.apache.kafka.clients.NetworkClient - [AdminClient clientId=adminclient-1] Connection to node -1 (localhost/127.0.0.1:9092) could not be established. Broker may not be available.
[kafka-admin-client-thread | adminclient-2] INFO org.apache.kafka.clients.NetworkClient - [AdminClient clientId=adminclient-2] Node -1 disconnected.
[kafka-admin-client-thread | adminclient-2] WARN org.apache.kafka.clients.NetworkClient - [AdminClient clientId=adminclient-2] Connection to node -1 (localhost/127.0.0.1:9092) could not be established. Broker may not be available.
[kafka-admin-client-thread | adminclient-1] INFO org.apache.kafka.clients.NetworkClient - [AdminClient clientId=adminclient-1] Node -1 disconnected.
[kafka-admin-client-thread | adminclient-1] WARN org.apache.kafka.clients.NetworkClient - [AdminClient clientId=adminclient-1] Connection to node -1 (localhost/127.0.0.1:9092) could not be established. Broker may not be available.
[kafka-admin-client-thread | adminclient-2] INFO org.apache.kafka.clients.NetworkClient - [AdminClient clientId=adminclient-2] Node -1 disconnected.
[kafka-admin-client-thread | adminclient-2] WARN org.apache.kafka.clients.NetworkClient - [AdminClient clientId=adminclient-2] Connection to node -1 (localhost/127.0.0.1:9092) could not be established. Broker may not be available.
[kafka-admin-client-thread | adminclient-1] INFO org.apache.kafka.clients.NetworkClient - [AdminClient clientId=adminclient-1] Node -1 disconnected.
[kafka-admin-client-thread | adminclient-1] WARN org.apache.kafka.clients.NetworkClient - [AdminClient clientId=adminclient-1] Connection to node -1 (localhost/127.0.0.1:9092) could not be established. Broker may not be available.
[kafka-admin-client-thread | adminclient-2] INFO org.apache.kafka.clients.NetworkClient - [AdminClient clientId=adminclient-2] Node -1 disconnected.
[kafka-admin-client-thread | adminclient-2] WARN org.apache.kafka.clients.NetworkClient - [AdminClient clientId=adminclient-2] Connection to node -1 (localhost/127.0.0.1:9092) could not be established. Broker may not be available.
[kafka-admin-client-thread | adminclient-1] INFO org.apache.kafka.clients.admin.internals.AdminMetadataManager - [AdminClient clientId=adminclient-1] Metadata update failed
org.apache.kafka.common.errors.TimeoutException: Timed out waiting for a node assignment. Call: fetchMetadata
[kafka-admin-client-thread | adminclient-2] INFO org.apache.kafka.clients.admin.internals.AdminMetadataManager - [AdminClient clientId=adminclient-2] Metadata update failed
org.apache.kafka.common.errors.TimeoutException: Timed out waiting for a node assignment. Call: fetchMetadata
[kafka-admin-client-thread | adminclient-1] INFO org.apache.kafka.clients.NetworkClient - [AdminClient clientId=adminclient-1] Node -1 disconnected.
[kafka-admin-client-thread | adminclient-1] WARN org.apache.kafka.clients.NetworkClient - [AdminClient clientId=adminclient-1] Connection to node -1 (localhost/127.0.0.1:9092) could not be established. Broker may not be available.
[kafka-admin-client-thread | adminclient-2] INFO org.apache.kafka.clients.NetworkClient - [AdminClient clientId=adminclient-2] Node -1 disconnected.
[kafka-admin-client-thread | adminclient-2] WARN org.apache.kafka.clients.NetworkClient - [AdminClient clientId=adminclient-2] Connection to node -1 (localhost/127.0.0.1:9092) could not be established. Broker may not be available.
[kafka-admin-client-thread | adminclient-1] INFO org.apache.kafka.clients.NetworkClient - [AdminClient clientId=adminclient-1] Node -1 disconnected.
[kafka-admin-client-thread | adminclient-1] WARN org.apache.kafka.clients.NetworkClient - [AdminClient clientId=adminclient-1] Connection to node -1 (localhost/127.0.0.1:9092) could not be established. Broker may not be available.
[kafka-admin-client-thread | adminclient-2] INFO org.apache.kafka.clients.NetworkClient - [AdminClient clientId=adminclient-2] Node -1 disconnected.
[kafka-admin-client-thread | adminclient-2] WARN org.apache.kafka.clients.NetworkClient - [AdminClient clientId=adminclient-2] Connection to node -1 (localhost/127.0.0.1:9092) could not be established. Broker may not be available.
[kafka-admin-client-thread | adminclient-1] INFO org.apache.kafka.clients.NetworkClient - [AdminClient clientId=adminclient-1] Node -1 disconnected.
[kafka-admin-client-thread | adminclient-1] WARN org.apache.kafka.clients.NetworkClient - [AdminClient clientId=adminclient-1] Connection to node -1 (localhost/127.0.0.1:9092) could not be established. Broker may not be available.
[kafka-admin-client-thread | adminclient-2] INFO org.apache.kafka.clients.NetworkClient - [AdminClient clientId=adminclient-2] Node -1 disconnected.
[kafka-admin-client-thread | adminclient-2] WARN org.apache.kafka.clients.NetworkClient - [AdminClient clientId=adminclient-2] Connection to node -1 (localhost/127.0.0.1:9092) could not be established. Broker may not be available.
[kafka-admin-client-thread | adminclient-1] INFO org.apache.kafka.clients.NetworkClient - [AdminClient clientId=adminclient-1] Node -1 disconnected.
[kafka-admin-client-thread | adminclient-1] WARN org.apache.kafka.clients.NetworkClient - [AdminClient clientId=adminclient-1] Connection to node -1 (localhost/127.0.0.1:9092) could not be established. Broker may not be available.
[kafka-admin-client-thread | adminclient-2] INFO org.apache.kafka.clients.NetworkClient - [AdminClient clientId=adminclient-2] Node -1 disconnected.
[kafka-admin-client-thread | adminclient-2] WARN org.apache.kafka.clients.NetworkClient - [AdminClient clientId=adminclient-2] Connection to node -1 (localhost/127.0.0.1:9092) could not be established. Broker may not be available.
[kafka-admin-client-thread | adminclient-1] INFO org.apache.kafka.clients.NetworkClient - [AdminClient clientId=adminclient-1] Node -1 disconnected.
[kafka-admin-client-thread | adminclient-1] WARN org.apache.kafka.clients.NetworkClient - [AdminClient clientId=adminclient-1] Connection to node -1 (localhost/127.0.0.1:9092) could not be established. Broker may not be available.
[kafka-admin-client-thread | adminclient-2] INFO org.apache.kafka.clients.NetworkClient - [AdminClient clientId=adminclient-2] Node -1 disconnected.
[kafka-admin-client-thread | adminclient-2] WARN org.apache.kafka.clients.NetworkClient - [AdminClient clientId=adminclient-2] Connection to node -1 (localhost/127.0.0.1:9092) could not be established. Broker may not be available.
[kafka-admin-client-thread | adminclient-1] INFO org.apache.kafka.clients.NetworkClient - [AdminClient clientId=adminclient-1] Node -1 disconnected.
[kafka-admin-client-thread | adminclient-1] WARN org.apache.kafka.clients.NetworkClient - [AdminClient clientId=adminclient-1] Connection to node -1 (localhost/127.0.0.1:9092) could not be established. Broker may not be available.
[kafka-admin-client-thread | adminclient-2] INFO org.apache.kafka.clients.NetworkClient - [AdminClient clientId=adminclient-2] Node -1 disconnected.
[kafka-admin-client-thread | adminclient-2] WARN org.apache.kafka.clients.NetworkClient - [AdminClient clientId=adminclient-2] Connection to node -1 (localhost/127.0.0.1:9092) could not be established. Broker may not be available.
[kafka-admin-client-thread | adminclient-1] INFO org.apache.kafka.clients.NetworkClient - [AdminClient clientId=adminclient-1] Node -1 disconnected.
[kafka-admin-client-thread | adminclient-1] WARN org.apache.kafka.clients.NetworkClient - [AdminClient clientId=adminclient-1] Connection to node -1 (localhost/127.0.0.1:9092) could not be established. Broker may not be available.
[kafka-admin-client-thread | adminclient-2] INFO org.apache.kafka.clients.NetworkClient - [AdminClient clientId=adminclient-2] Node -1 disconnected.
[kafka-admin-client-thread | adminclient-2] WARN org.apache.kafka.clients.NetworkClient - [AdminClient clientId=adminclient-2] Connection to node -1 (localhost/127.0.0.1:9092) could not be established. Broker may not be available.
[kafka-admin-client-thread | adminclient-1] INFO org.apache.kafka.clients.NetworkClient - [AdminClient clientId=adminclient-1] Node -1 disconnected.
[kafka-admin-client-thread | adminclient-1] WARN org.apache.kafka.clients.NetworkClient - [AdminClient clientId=adminclient-1] Connection to node -1 (localhost/127.0.0.1:9092) could not be established. Broker may not be available.
[kafka-admin-client-thread | adminclient-2] INFO org.apache.kafka.clients.NetworkClient - [AdminClient clientId=adminclient-2] Node -1 disconnected.
[kafka-admin-client-thread | adminclient-2] WARN org.apache.kafka.clients.NetworkClient - [AdminClient clientId=adminclient-2] Connection to node -1 (localhost/127.0.0.1:9092) could not be established. Broker may not be available.
[kafka-admin-client-thread | adminclient-1] INFO org.apache.kafka.clients.NetworkClient - [AdminClient clientId=adminclient-1] Node -1 disconnected.
[kafka-admin-client-thread | adminclient-1] WARN org.apache.kafka.clients.NetworkClient - [AdminClient clientId=adminclient-1] Connection to node -1 (localhost/127.0.0.1:9092) could not be established. Broker may not be available.
[kafka-admin-client-thread | adminclient-2] INFO org.apache.kafka.clients.NetworkClient - [AdminClient clientId=adminclient-2] Node -1 disconnected.
[kafka-admin-client-thread | adminclient-2] WARN org.apache.kafka.clients.NetworkClient - [AdminClient clientId=adminclient-2] Connection to node -1 (localhost/127.0.0.1:9092) could not be established. Broker may not be available.
[kafka-admin-client-thread | adminclient-1] INFO org.apache.kafka.clients.NetworkClient - [AdminClient clientId=adminclient-1] Node -1 disconnected.
[kafka-admin-client-thread | adminclient-1] WARN org.apache.kafka.clients.NetworkClient - [AdminClient clientId=adminclient-1] Connection to node -1 (localhost/127.0.0.1:9092) could not be established. Broker may not be available.
[kafka-admin-client-thread | adminclient-2] INFO org.apache.kafka.clients.NetworkClient - [AdminClient clientId=adminclient-2] Node -1 disconnected.
[kafka-admin-client-thread | adminclient-2] WARN org.apache.kafka.clients.NetworkClient - [AdminClient clientId=adminclient-2] Connection to node -1 (localhost/127.0.0.1:9092) could not be established. Broker may not be available.
[kafka-admin-client-thread | adminclient-1] INFO org.apache.kafka.clients.NetworkClient - [AdminClient clientId=adminclient-1] Node -1 disconnected.
[kafka-admin-client-thread | adminclient-1] WARN org.apache.kafka.clients.NetworkClient - [AdminClient clientId=adminclient-1] Connection to node -1 (localhost/127.0.0.1:9092) could not be established. Broker may not be available.
[kafka-admin-client-thread | adminclient-2] INFO org.apache.kafka.clients.NetworkClient - [AdminClient clientId=adminclient-2] Node -1 disconnected.
[kafka-admin-client-thread | adminclient-2] WARN org.apache.kafka.clients.NetworkClient - [AdminClient clientId=adminclient-2] Connection to node -1 (localhost/127.0.0.1:9092) could not be established. Broker may not be available.
[kafka-admin-client-thread | adminclient-1] INFO org.apache.kafka.clients.NetworkClient - [AdminClient clientId=adminclient-1] Node -1 disconnected.
[kafka-admin-client-thread | adminclient-1] WARN org.apache.kafka.clients.NetworkClient - [AdminClient clientId=adminclient-1] Connection to node -1 (localhost/127.0.0.1:9092) could not be established. Broker may not be available.
[kafka-admin-client-thread | adminclient-2] INFO org.apache.kafka.clients.NetworkClient - [AdminClient clientId=adminclient-2] Node -1 disconnected.
[kafka-admin-client-thread | adminclient-2] WARN org.apache.kafka.clients.NetworkClient - [AdminClient clientId=adminclient-2] Connection to node -1 (localhost/127.0.0.1:9092) could not be established. Broker may not be available.
[kafka-admin-client-thread | adminclient-1] INFO org.apache.kafka.clients.NetworkClient - [AdminClient clientId=adminclient-1] Node -1 disconnected.
[kafka-admin-client-thread | adminclient-1] WARN org.apache.kafka.clients.NetworkClient - [AdminClient clientId=adminclient-1] Connection to node -1 (localhost/127.0.0.1:9092) could not be established. Broker may not be available.
[kafka-admin-client-thread | adminclient-2] INFO org.apache.kafka.clients.NetworkClient - [AdminClient clientId=adminclient-2] Node -1 disconnected.
[kafka-admin-client-thread | adminclient-2] WARN org.apache.kafka.clients.NetworkClient - [AdminClient clientId=adminclient-2] Connection to node -1 (localhost/127.0.0.1:9092) could not be established. Broker may not be available.
[kafka-admin-client-thread | adminclient-1] INFO org.apache.kafka.clients.NetworkClient - [AdminClient clientId=adminclient-1] Node -1 disconnected.
[kafka-admin-client-thread | adminclient-1] WARN org.apache.kafka.clients.NetworkClient - [AdminClient clientId=adminclient-1] Connection to node -1 (localhost/127.0.0.1:9092) could not be established. Broker may not be available.
[kafka-admin-client-thread | adminclient-2] INFO org.apache.kafka.clients.NetworkClient - [AdminClient clientId=adminclient-2] Node -1 disconnected.
[kafka-admin-client-thread | adminclient-2] WARN org.apache.kafka.clients.NetworkClient - [AdminClient clientId=adminclient-2] Connection to node -1 (localhost/127.0.0.1:9092) could not be established. Broker may not be available.
[kafka-admin-client-thread | adminclient-1] INFO org.apache.kafka.clients.NetworkClient - [AdminClient clientId=adminclient-1] Node -1 disconnected.
[kafka-admin-client-thread | adminclient-1] WARN org.apache.kafka.clients.NetworkClient - [AdminClient clientId=adminclient-1] Connection to node -1 (localhost/127.0.0.1:9092) could not be established. Broker may not be available.
[kafka-admin-client-thread | adminclient-2] INFO org.apache.kafka.clients.NetworkClient - [AdminClient clientId=adminclient-2] Node -1 disconnected.
[kafka-admin-client-thread | adminclient-2] WARN org.apache.kafka.clients.NetworkClient - [AdminClient clientId=adminclient-2] Connection to node -1 (localhost/127.0.0.1:9092) could not be established. Broker may not be available.
[kafka-admin-client-thread | adminclient-1] INFO org.apache.kafka.clients.NetworkClient - [AdminClient clientId=adminclient-1] Node -1 disconnected.
[kafka-admin-client-thread | adminclient-1] WARN org.apache.kafka.clients.NetworkClient - [AdminClient clientId=adminclient-1] Connection to node -1 (localhost/127.0.0.1:9092) could not be established. Broker may not be available.
[kafka-admin-client-thread | adminclient-2] INFO org.apache.kafka.clients.NetworkClient - [AdminClient clientId=adminclient-2] Node -1 disconnected.
[kafka-admin-client-thread | adminclient-2] WARN org.apache.kafka.clients.NetworkClient - [AdminClient clientId=adminclient-2] Connection to node -1 (localhost/127.0.0.1:9092) could not be established. Broker may not be available.
[kafka-admin-client-thread | adminclient-1] INFO org.apache.kafka.clients.NetworkClient - [AdminClient clientId=adminclient-1] Node -1 disconnected.
[kafka-admin-client-thread | adminclient-1] WARN org.apache.kafka.clients.NetworkClient - [AdminClient clientId=adminclient-1] Connection to node -1 (localhost/127.0.0.1:9092) could not be established. Broker may not be available.
[kafka-admin-client-thread | adminclient-2] INFO org.apache.kafka.clients.NetworkClient - [AdminClient clientId=adminclient-2] Node -1 disconnected.
[kafka-admin-client-thread | adminclient-2] WARN org.apache.kafka.clients.NetworkClient - [AdminClient clientId=adminclient-2] Connection to node -1 (localhost/127.0.0.1:9092) could not be established. Broker may not be available.
[kafka-admin-client-thread | adminclient-1] INFO org.apache.kafka.clients.NetworkClient - [AdminClient clientId=adminclient-1] Node -1 disconnected.
[kafka-admin-client-thread | adminclient-1] WARN org.apache.kafka.clients.NetworkClient - [AdminClient clientId=adminclient-1] Connection to node -1 (localhost/127.0.0.1:9092) could not be established. Broker may not be available.
[kafka-admin-client-thread | adminclient-2] INFO org.apache.kafka.clients.NetworkClient - [AdminClient clientId=adminclient-2] Node -1 disconnected.
[kafka-admin-client-thread | adminclient-2] WARN org.apache.kafka.clients.NetworkClient - [AdminClient clientId=adminclient-2] Connection to node -1 (localhost/127.0.0.1:9092) could not be established. Broker may not be available.
[kafka-admin-client-thread | adminclient-1] INFO org.apache.kafka.clients.NetworkClient - [AdminClient clientId=adminclient-1] Node -1 disconnected.
[kafka-admin-client-thread | adminclient-1] WARN org.apache.kafka.clients.NetworkClient - [AdminClient clientId=adminclient-1] Connection to node -1 (localhost/127.0.0.1:9092) could not be established. Broker may not be available.
[kafka-admin-client-thread | adminclient-2] INFO org.apache.kafka.clients.NetworkClient - [AdminClient clientId=adminclient-2] Node -1 disconnected.
[kafka-admin-client-thread | adminclient-2] WARN org.apache.kafka.clients.NetworkClient - [AdminClient clientId=adminclient-2] Connection to node -1 (localhost/127.0.0.1:9092) could not be established. Broker may not be available.
[kafka-admin-client-thread | adminclient-1] INFO org.apache.kafka.clients.NetworkClient - [AdminClient clientId=adminclient-1] Node -1 disconnected.
[kafka-admin-client-thread | adminclient-1] WARN org.apache.kafka.clients.NetworkClient - [AdminClient clientId=adminclient-1] Connection to node -1 (localhost/127.0.0.1:9092) could not be established. Broker may not be available.
[kafka-admin-client-thread | adminclient-1] INFO org.apache.kafka.clients.NetworkClient - [AdminClient clientId=adminclient-1] Node -1 disconnected.
[kafka-admin-client-thread | adminclient-1] WARN org.apache.kafka.clients.NetworkClient - [AdminClient clientId=adminclient-1] Connection to node -1 (localhost/127.0.0.1:9092) could not be established. Broker may not be available.
[kafka-admin-client-thread | adminclient-2] INFO org.apache.kafka.clients.NetworkClient - [AdminClient clientId=adminclient-2] Node -1 disconnected.
[kafka-admin-client-thread | adminclient-2] WARN org.apache.kafka.clients.NetworkClient - [AdminClient clientId=adminclient-2] Connection to node -1 (localhost/127.0.0.1:9092) could not be established. Broker may not be available.
[kafka-admin-client-thread | adminclient-2] INFO org.apache.kafka.clients.NetworkClient - [AdminClient clientId=adminclient-2] Node -1 disconnected.
[kafka-admin-client-thread | adminclient-2] WARN org.apache.kafka.clients.NetworkClient - [AdminClient clientId=adminclient-2] Connection to node -1 (localhost/127.0.0.1:9092) could not be established. Broker may not be available.
[kafka-admin-client-thread | adminclient-1] INFO org.apache.kafka.clients.NetworkClient - [AdminClient clientId=adminclient-1] Node -1 disconnected.
[kafka-admin-client-thread | adminclient-1] WARN org.apache.kafka.clients.NetworkClient - [AdminClient clientId=adminclient-1] Connection to node -1 (localhost/127.0.0.1:9092) could not be established. Broker may not be available.
[kafka-admin-client-thread | adminclient-1] INFO org.apache.kafka.clients.NetworkClient - [AdminClient clientId=adminclient-1] Node -1 disconnected.
[kafka-admin-client-thread | adminclient-1] WARN org.apache.kafka.clients.NetworkClient - [AdminClient clientId=adminclient-1] Connection to node -1 (localhost/127.0.0.1:9092) could not be established. Broker may not be available.
[kafka-admin-client-thread | adminclient-2] INFO org.apache.kafka.clients.NetworkClient - [AdminClient clientId=adminclient-2] Node -1 disconnected.
[kafka-admin-client-thread | adminclient-2] WARN org.apache.kafka.clients.NetworkClient - [AdminClient clientId=adminclient-2] Connection to node -1 (localhost/127.0.0.1:9092) could not be established. Broker may not be available.
[kafka-admin-client-thread | adminclient-1] INFO org.apache.kafka.clients.NetworkClient - [AdminClient clientId=adminclient-1] Node -1 disconnected.
[kafka-admin-client-thread | adminclient-1] WARN org.apache.kafka.clients.NetworkClient - [AdminClient clientId=adminclient-1] Connection to node -1 (localhost/127.0.0.1:9092) could not be established. Broker may not be available.
[kafka-admin-client-thread | adminclient-2] INFO org.apache.kafka.clients.NetworkClient - [AdminClient clientId=adminclient-2] Node -1 disconnected.
[kafka-admin-client-thread | adminclient-2] WARN org.apache.kafka.clients.NetworkClient - [AdminClient clientId=adminclient-2] Connection to node -1 (localhost/127.0.0.1:9092) could not be established. Broker may not be available.
[kafka-admin-client-thread | adminclient-1] INFO org.apache.kafka.clients.NetworkClient - [AdminClient clientId=adminclient-1] Node -1 disconnected.
[kafka-admin-client-thread | adminclient-1] WARN org.apache.kafka.clients.NetworkClient - [AdminClient clientId=adminclient-1] Connection to node -1 (localhost/127.0.0.1:9092) could not be established. Broker may not be available.
[kafka-admin-client-thread | adminclient-2] INFO org.apache.kafka.clients.NetworkClient - [AdminClient clientId=adminclient-2] Node -1 disconnected.
[kafka-admin-client-thread | adminclient-2] WARN org.apache.kafka.clients.NetworkClient - [AdminClient clientId=adminclient-2] Connection to node -1 (localhost/127.0.0.1:9092) could not be established. Broker may not be available.
[kafka-admin-client-thread | adminclient-1] INFO org.apache.kafka.clients.NetworkClient - [AdminClient clientId=adminclient-1] Node -1 disconnected.
[kafka-admin-client-thread | adminclient-1] WARN org.apache.kafka.clients.NetworkClient - [AdminClient clientId=adminclient-1] Connection to node -1 (localhost/127.0.0.1:9092) could not be established. Broker may not be available.
[kafka-admin-client-thread | adminclient-2] INFO org.apache.kafka.clients.NetworkClient - [AdminClient clientId=adminclient-2] Node -1 disconnected.
[kafka-admin-client-thread | adminclient-2] WARN org.apache.kafka.clients.NetworkClient - [AdminClient clientId=adminclient-2] Connection to node -1 (localhost/127.0.0.1:9092) could not be established. Broker may not be available.
[kafka-admin-client-thread | adminclient-1] INFO org.apache.kafka.clients.NetworkClient - [AdminClient clientId=adminclient-1] Node -1 disconnected.
[kafka-admin-client-thread | adminclient-1] WARN org.apache.kafka.clients.NetworkClient - [AdminClient clientId=adminclient-1] Connection to node -1 (localhost/127.0.0.1:9092) could not be established. Broker may not be available.
[kafka-admin-client-thread | adminclient-2] INFO org.apache.kafka.clients.NetworkClient - [AdminClient clientId=adminclient-2] Node -1 disconnected.
[kafka-admin-client-thread | adminclient-2] WARN org.apache.kafka.clients.NetworkClient - [AdminClient clientId=adminclient-2] Connection to node -1 (localhost/127.0.0.1:9092) could not be established. Broker may not be available.
[kafka-admin-client-thread | adminclient-1] INFO org.apache.kafka.clients.NetworkClient - [AdminClient clientId=adminclient-1] Node -1 disconnected.
[kafka-admin-client-thread | adminclient-1] WARN org.apache.kafka.clients.NetworkClient - [AdminClient clientId=adminclient-1] Connection to node -1 (localhost/127.0.0.1:9092) could not be established. Broker may not be available.
[kafka-admin-client-thread | adminclient-2] INFO org.apache.kafka.clients.NetworkClient - [AdminClient clientId=adminclient-2] Node -1 disconnected.
[kafka-admin-client-thread | adminclient-2] WARN org.apache.kafka.clients.NetworkClient - [AdminClient clientId=adminclient-2] Connection to node -1 (localhost/127.0.0.1:9092) could not be established. Broker may not be available.
[kafka-admin-client-thread | adminclient-1] INFO org.apache.kafka.clients.NetworkClient - [AdminClient clientId=adminclient-1] Node -1 disconnected.
[kafka-admin-client-thread | adminclient-1] WARN org.apache.kafka.clients.NetworkClient - [AdminClient clientId=adminclient-1] Connection to node -1 (localhost/127.0.0.1:9092) could not be established. Broker may not be available.
[kafka-admin-client-thread | adminclient-2] INFO org.apache.kafka.clients.NetworkClient - [AdminClient clientId=adminclient-2] Node -1 disconnected.
[kafka-admin-client-thread | adminclient-2] WARN org.apache.kafka.clients.NetworkClient - [AdminClient clientId=adminclient-2] Connection to node -1 (localhost/127.0.0.1:9092) could not be established. Broker may not be available.
[kafka-admin-client-thread | adminclient-1] INFO org.apache.kafka.clients.admin.internals.AdminMetadataManager - [AdminClient clientId=adminclient-1] Metadata update failed
org.apache.kafka.common.errors.TimeoutException: Timed out waiting for a node assignment. Call: fetchMetadata
[kafka-admin-client-thread | adminclient-2] INFO org.apache.kafka.clients.admin.internals.AdminMetadataManager - [AdminClient clientId=adminclient-2] Metadata update failed
org.apache.kafka.common.errors.TimeoutException: Timed out waiting for a node assignment. Call: fetchMetadata
[main] ERROR com.mycompany.kafka.manager.TopicOperations - Failed to delete topic test-topic: org.apache.kafka.common.errors.TimeoutException: Timed out waiting for a node assignment. Call: deleteTopics
java.util.concurrent.ExecutionException: org.apache.kafka.common.errors.TimeoutException: Timed out waiting for a node assignment. Call: deleteTopics
	at java.base/java.util.concurrent.CompletableFuture.reportGet(CompletableFuture.java:395)
	at java.base/java.util.concurrent.CompletableFuture.get(CompletableFuture.java:2070)
	at org.apache.kafka.common.internals.KafkaFutureImpl.get(KafkaFutureImpl.java:165)
	at com.mycompany.kafka.manager.TopicOperations.deleteTopic(TopicOperations.java:83)
	at com.mycompany.kafka.manager.TopicManager.deleteTopic(TopicManager.java:61)
	at com.mycompany.kafka.KafkaManagementLibrary.deleteTopic(KafkaManagementLibrary.java:86)
	at com.mycompany.kafka.KafkaManagementLibraryTest.testDeleteTopic(KafkaManagementLibraryTest.java:83)
	at java.base/jdk.internal.reflect.NativeMethodAccessorImpl.invoke0(Native Method)
	at java.base/jdk.internal.reflect.NativeMethodAccessorImpl.invoke(NativeMethodAccessorImpl.java:62)
	at java.base/jdk.internal.reflect.DelegatingMethodAccessorImpl.invoke(DelegatingMethodAccessorImpl.java:43)
	at java.base/java.lang.reflect.Method.invoke(Method.java:567)
	at org.junit.platform.commons.util.ReflectionUtils.invokeMethod(ReflectionUtils.java:727)
	at org.junit.jupiter.engine.execution.MethodInvocation.proceed(MethodInvocation.java:60)
	at org.junit.jupiter.engine.execution.InvocationInterceptorChain$ValidatingInvocation.proceed(InvocationInterceptorChain.java:131)
	at org.junit.jupiter.engine.extension.TimeoutExtension.intercept(TimeoutExtension.java:156)
	at org.junit.jupiter.engine.extension.TimeoutExtension.interceptTestableMethod(TimeoutExtension.java:147)
	at org.junit.jupiter.engine.extension.TimeoutExtension.interceptTestMethod(TimeoutExtension.java:86)
	at org.junit.jupiter.engine.execution.InterceptingExecutableInvoker$ReflectiveInterceptorCall.lambda$ofVoidMethod$0(InterceptingExecutableInvoker.java:103)
	at org.junit.jupiter.engine.execution.InterceptingExecutableInvoker.lambda$invoke$0(InterceptingExecutableInvoker.java:93)
	at org.junit.jupiter.engine.execution.InvocationInterceptorChain$InterceptedInvocation.proceed(InvocationInterceptorChain.java:106)
	at org.junit.jupiter.engine.execution.InvocationInterceptorChain.proceed(InvocationInterceptorChain.java:64)
	at org.junit.jupiter.engine.execution.InvocationInterceptorChain.chainAndInvoke(InvocationInterceptorChain.java:45)
	at org.junit.jupiter.engine.execution.InvocationInterceptorChain.invoke(InvocationInterceptorChain.java:37)
	at org.junit.jupiter.engine.execution.InterceptingExecutableInvoker.invoke(InterceptingExecutableInvoker.java:92)
	at org.junit.jupiter.engine.execution.InterceptingExecutableInvoker.invoke(InterceptingExecutableInvoker.java:86)
	at org.junit.jupiter.engine.descriptor.TestMethodTestDescriptor.lambda$invokeTestMethod$7(TestMethodTestDescriptor.java:217)
	at org.junit.platform.engine.support.hierarchical.ThrowableCollector.execute(ThrowableCollector.java:73)
	at org.junit.jupiter.engine.descriptor.TestMethodTestDescriptor.invokeTestMethod(TestMethodTestDescriptor.java:213)
	at org.junit.jupiter.engine.descriptor.TestMethodTestDescriptor.execute(TestMethodTestDescriptor.java:138)
	at org.junit.jupiter.engine.descriptor.TestMethodTestDescriptor.execute(TestMethodTestDescriptor.java:68)
	at org.junit.platform.engine.support.hierarchical.NodeTestTask.lambda$executeRecursively$6(NodeTestTask.java:151)
	at org.junit.platform.engine.support.hierarchical.ThrowableCollector.execute(ThrowableCollector.java:73)
	at org.junit.platform.engine.support.hierarchical.NodeTestTask.lambda$executeRecursively$8(NodeTestTask.java:141)
	at org.junit.platform.engine.support.hierarchical.Node.around(Node.java:137)
	at org.junit.platform.engine.support.hierarchical.NodeTestTask.lambda$executeRecursively$9(NodeTestTask.java:139)
	at org.junit.platform.engine.support.hierarchical.ThrowableCollector.execute(ThrowableCollector.java:73)
	at org.junit.platform.engine.support.hierarchical.NodeTestTask.executeRecursively(NodeTestTask.java:138)
	at org.junit.platform.engine.support.hierarchical.NodeTestTask.execute(NodeTestTask.java:95)
	at java.base/java.util.ArrayList.forEach(ArrayList.java:1507)
	at org.junit.platform.engine.support.hierarchical.SameThreadHierarchicalTestExecutorService.invokeAll(SameThreadHierarchicalTestExecutorService.java:41)
	at org.junit.platform.engine.support.hierarchical.NodeTestTask.lambda$executeRecursively$6(NodeTestTask.java:155)
	at org.junit.platform.engine.support.hierarchical.ThrowableCollector.execute(ThrowableCollector.java:73)
	at org.junit.platform.engine.support.hierarchical.NodeTestTask.lambda$executeRecursively$8(NodeTestTask.java:141)
	at org.junit.platform.engine.support.hierarchical.Node.around(Node.java:137)
	at org.junit.platform.engine.support.hierarchical.NodeTestTask.lambda$executeRecursively$9(NodeTestTask.java:139)
	at org.junit.platform.engine.support.hierarchical.ThrowableCollector.execute(ThrowableCollector.java:73)
	at org.junit.platform.engine.support.hierarchical.NodeTestTask.executeRecursively(NodeTestTask.java:138)
	at org.junit.platform.engine.support.hierarchical.NodeTestTask.execute(NodeTestTask.java:95)
	at java.base/java.util.ArrayList.forEach(ArrayList.java:1507)
	at org.junit.platform.engine.support.hierarchical.SameThreadHierarchicalTestExecutorService.invokeAll(SameThreadHierarchicalTestExecutorService.java:41)
	at org.junit.platform.engine.support.hierarchical.NodeTestTask.lambda$executeRecursively$6(NodeTestTask.java:155)
	at org.junit.platform.engine.support.hierarchical.ThrowableCollector.execute(ThrowableCollector.java:73)
	at org.junit.platform.engine.support.hierarchical.NodeTestTask.lambda$executeRecursively$8(NodeTestTask.java:141)
	at org.junit.platform.engine.support.hierarchical.Node.around(Node.java:137)
	at org.junit.platform.engine.support.hierarchical.NodeTestTask.lambda$executeRecursively$9(NodeTestTask.java:139)
	at org.junit.platform.engine.support.hierarchical.ThrowableCollector.execute(ThrowableCollector.java:73)
	at org.junit.platform.engine.support.hierarchical.NodeTestTask.executeRecursively(NodeTestTask.java:138)
	at org.junit.platform.engine.support.hierarchical.NodeTestTask.execute(NodeTestTask.java:95)
	at org.junit.platform.engine.support.hierarchical.SameThreadHierarchicalTestExecutorService.submit(SameThreadHierarchicalTestExecutorService.java:35)
	at org.junit.platform.engine.support.hierarchical.HierarchicalTestExecutor.execute(HierarchicalTestExecutor.java:57)
	at org.junit.platform.engine.support.hierarchical.HierarchicalTestEngine.execute(HierarchicalTestEngine.java:54)
	at org.junit.platform.launcher.core.EngineExecutionOrchestrator.execute(EngineExecutionOrchestrator.java:147)
	at org.junit.platform.launcher.core.EngineExecutionOrchestrator.execute(EngineExecutionOrchestrator.java:127)
	at org.junit.platform.launcher.core.EngineExecutionOrchestrator.execute(EngineExecutionOrchestrator.java:90)
	at org.junit.platform.launcher.core.EngineExecutionOrchestrator.lambda$execute$0(EngineExecutionOrchestrator.java:55)
	at org.junit.platform.launcher.core.EngineExecutionOrchestrator.withInterceptedStreams(EngineExecutionOrchestrator.java:102)
	at org.junit.platform.launcher.core.EngineExecutionOrchestrator.execute(EngineExecutionOrchestrator.java:54)
	at org.junit.platform.launcher.core.DefaultLauncher.execute(DefaultLauncher.java:114)
	at org.junit.platform.launcher.core.DefaultLauncher.execute(DefaultLauncher.java:86)
	at org.junit.platform.launcher.core.DefaultLauncherSession$DelegatingLauncher.execute(DefaultLauncherSession.java:86)
	at org.apache.maven.surefire.junitplatform.LazyLauncher.execute(LazyLauncher.java:50)
	at org.apache.maven.surefire.junitplatform.JUnitPlatformProvider.execute(JUnitPlatformProvider.java:184)
	at org.apache.maven.surefire.junitplatform.JUnitPlatformProvider.invokeAllTests(JUnitPlatformProvider.java:148)
	at org.apache.maven.surefire.junitplatform.JUnitPlatformProvider.invoke(JUnitPlatformProvider.java:122)
	at org.apache.maven.surefire.booter.ForkedBooter.runSuitesInProcess(ForkedBooter.java:385)
	at org.apache.maven.surefire.booter.ForkedBooter.execute(ForkedBooter.java:162)
	at org.apache.maven.surefire.booter.ForkedBooter.run(ForkedBooter.java:507)
	at org.apache.maven.surefire.booter.ForkedBooter.main(ForkedBooter.java:495)
Caused by: org.apache.kafka.common.errors.TimeoutException: Timed out waiting for a node assignment. Call: deleteTopics
[kafka-admin-client-thread | adminclient-1] INFO org.apache.kafka.clients.NetworkClient - [AdminClient clientId=adminclient-1] Node -1 disconnected.
[kafka-admin-client-thread | adminclient-1] WARN org.apache.kafka.clients.NetworkClient - [AdminClient clientId=adminclient-1] Connection to node -1 (localhost/127.0.0.1:9092) could not be established. Broker may not be available.
]]></system-err>
  </testcase>
  <testcase name="testRegisterSchema" classname="com.mycompany.kafka.KafkaManagementLibraryTest" time="0.027">
    <system-err><![CDATA[[main] INFO com.mycompany.kafka.KafkaManagementLibrary - Initializing KafkaManagementLibrary
[main] INFO com.mycompany.kafka.factory.ConnectionFactory - Creating Kafka AdminClient with bootstrap servers: localhost:9092
[main] INFO org.apache.kafka.clients.admin.AdminClientConfig - AdminClientConfig values: 
	auto.include.jmx.reporter = true
	bootstrap.servers = [localhost:9092]
	client.dns.lookup = use_all_dns_ips
	client.id = 
	connections.max.idle.ms = 300000
	default.api.timeout.ms = 60000
	metadata.max.age.ms = 300000
	metric.reporters = []
	metrics.num.samples = 2
	metrics.recording.level = INFO
	metrics.sample.window.ms = 30000
	receive.buffer.bytes = 65536
	reconnect.backoff.max.ms = 1000
	reconnect.backoff.ms = 50
	request.timeout.ms = 30000
	retries = 2147483647
	retry.backoff.ms = 100
	sasl.client.callback.handler.class = null
	sasl.jaas.config = null
	sasl.kerberos.kinit.cmd = /usr/bin/kinit
	sasl.kerberos.min.time.before.relogin = 60000
	sasl.kerberos.service.name = null
	sasl.kerberos.ticket.renew.jitter = 0.05
	sasl.kerberos.ticket.renew.window.factor = 0.8
	sasl.login.callback.handler.class = null
	sasl.login.class = null
	sasl.login.connect.timeout.ms = null
	sasl.login.read.timeout.ms = null
	sasl.login.refresh.buffer.seconds = 300
	sasl.login.refresh.min.period.seconds = 60
	sasl.login.refresh.window.factor = 0.8
	sasl.login.refresh.window.jitter = 0.05
	sasl.login.retry.backoff.max.ms = 10000
	sasl.login.retry.backoff.ms = 100
	sasl.mechanism = GSSAPI
	sasl.oauthbearer.clock.skew.seconds = 30
	sasl.oauthbearer.expected.audience = null
	sasl.oauthbearer.expected.issuer = null
	sasl.oauthbearer.jwks.endpoint.refresh.ms = 3600000
	sasl.oauthbearer.jwks.endpoint.retry.backoff.max.ms = 10000
	sasl.oauthbearer.jwks.endpoint.retry.backoff.ms = 100
	sasl.oauthbearer.jwks.endpoint.url = null
	sasl.oauthbearer.scope.claim.name = scope
	sasl.oauthbearer.sub.claim.name = sub
	sasl.oauthbearer.token.endpoint.url = null
	security.protocol = PLAINTEXT
	security.providers = null
	send.buffer.bytes = 131072
	socket.connection.setup.timeout.max.ms = 30000
	socket.connection.setup.timeout.ms = 10000
	ssl.cipher.suites = null
	ssl.enabled.protocols = [TLSv1.2, TLSv1.3]
	ssl.endpoint.identification.algorithm = https
	ssl.engine.factory.class = null
	ssl.key.password = null
	ssl.keymanager.algorithm = SunX509
	ssl.keystore.certificate.chain = null
	ssl.keystore.key = null
	ssl.keystore.location = null
	ssl.keystore.password = null
	ssl.keystore.type = JKS
	ssl.protocol = TLSv1.3
	ssl.provider = null
	ssl.secure.random.implementation = null
	ssl.trustmanager.algorithm = PKIX
	ssl.truststore.certificates = null
	ssl.truststore.location = null
	ssl.truststore.password = null
	ssl.truststore.type = JKS

[main] INFO org.apache.kafka.common.utils.AppInfoParser - Kafka version: 3.5.1
[main] INFO org.apache.kafka.common.utils.AppInfoParser - Kafka commitId: 2c6fb6c54472e90a
[main] INFO org.apache.kafka.common.utils.AppInfoParser - Kafka startTimeMs: 1761088857525
[main] INFO com.mycompany.kafka.factory.ConnectionFactory - Kafka AdminClient created successfully
[main] INFO com.mycompany.kafka.factory.ConnectionFactory - Creating Kafka AdminClient with bootstrap servers: localhost:9092
[main] INFO org.apache.kafka.clients.admin.AdminClientConfig - AdminClientConfig values: 
	auto.include.jmx.reporter = true
	bootstrap.servers = [localhost:9092]
	client.dns.lookup = use_all_dns_ips
	client.id = 
	connections.max.idle.ms = 300000
	default.api.timeout.ms = 60000
	metadata.max.age.ms = 300000
	metric.reporters = []
	metrics.num.samples = 2
	metrics.recording.level = INFO
	metrics.sample.window.ms = 30000
	receive.buffer.bytes = 65536
	reconnect.backoff.max.ms = 1000
	reconnect.backoff.ms = 50
	request.timeout.ms = 30000
	retries = 2147483647
	retry.backoff.ms = 100
	sasl.client.callback.handler.class = null
	sasl.jaas.config = null
	sasl.kerberos.kinit.cmd = /usr/bin/kinit
	sasl.kerberos.min.time.before.relogin = 60000
	sasl.kerberos.service.name = null
	sasl.kerberos.ticket.renew.jitter = 0.05
	sasl.kerberos.ticket.renew.window.factor = 0.8
	sasl.login.callback.handler.class = null
	sasl.login.class = null
	sasl.login.connect.timeout.ms = null
	sasl.login.read.timeout.ms = null
	sasl.login.refresh.buffer.seconds = 300
	sasl.login.refresh.min.period.seconds = 60
	sasl.login.refresh.window.factor = 0.8
	sasl.login.refresh.window.jitter = 0.05
	sasl.login.retry.backoff.max.ms = 10000
	sasl.login.retry.backoff.ms = 100
	sasl.mechanism = GSSAPI
	sasl.oauthbearer.clock.skew.seconds = 30
	sasl.oauthbearer.expected.audience = null
	sasl.oauthbearer.expected.issuer = null
	sasl.oauthbearer.jwks.endpoint.refresh.ms = 3600000
	sasl.oauthbearer.jwks.endpoint.retry.backoff.max.ms = 10000
	sasl.oauthbearer.jwks.endpoint.retry.backoff.ms = 100
	sasl.oauthbearer.jwks.endpoint.url = null
	sasl.oauthbearer.scope.claim.name = scope
	sasl.oauthbearer.sub.claim.name = sub
	sasl.oauthbearer.token.endpoint.url = null
	security.protocol = PLAINTEXT
	security.providers = null
	send.buffer.bytes = 131072
	socket.connection.setup.timeout.max.ms = 30000
	socket.connection.setup.timeout.ms = 10000
	ssl.cipher.suites = null
	ssl.enabled.protocols = [TLSv1.2, TLSv1.3]
	ssl.endpoint.identification.algorithm = https
	ssl.engine.factory.class = null
	ssl.key.password = null
	ssl.keymanager.algorithm = SunX509
	ssl.keystore.certificate.chain = null
	ssl.keystore.key = null
	ssl.keystore.location = null
	ssl.keystore.password = null
	ssl.keystore.type = JKS
	ssl.protocol = TLSv1.3
	ssl.provider = null
	ssl.secure.random.implementation = null
	ssl.trustmanager.algorithm = PKIX
	ssl.truststore.certificates = null
	ssl.truststore.location = null
	ssl.truststore.password = null
	ssl.truststore.type = JKS

[kafka-admin-client-thread | adminclient-3] INFO org.apache.kafka.clients.NetworkClient - [AdminClient clientId=adminclient-3] Node -1 disconnected.
[kafka-admin-client-thread | adminclient-3] WARN org.apache.kafka.clients.NetworkClient - [AdminClient clientId=adminclient-3] Connection to node -1 (localhost/127.0.0.1:9092) could not be established. Broker may not be available.
[main] INFO org.apache.kafka.common.utils.AppInfoParser - Kafka version: 3.5.1
[main] INFO org.apache.kafka.common.utils.AppInfoParser - Kafka commitId: 2c6fb6c54472e90a
[main] INFO org.apache.kafka.common.utils.AppInfoParser - Kafka startTimeMs: 1761088857532
[main] INFO com.mycompany.kafka.factory.ConnectionFactory - Kafka AdminClient created successfully
[main] INFO com.mycompany.kafka.factory.ConnectionFactory - Creating Schema Registry Client with URL: http://localhost:8081
[main] INFO com.mycompany.kafka.factory.ConnectionFactory - Schema Registry Client created successfully
[main] INFO com.mycompany.kafka.KafkaManagementLibrary - KafkaManagementLibrary initialized successfully
[main] INFO com.mycompany.kafka.manager.SimpleSchemaManager - Registering schema for subject: test-subject
[main] WARN com.mycompany.kafka.manager.SimpleSchemaManager - Schema registration is not fully implemented due to API changes
[main] INFO com.mycompany.kafka.manager.SimpleSchemaManager - Mock registered schema with ID: 1 for subject: test-subject
[kafka-admin-client-thread | adminclient-4] INFO org.apache.kafka.clients.NetworkClient - [AdminClient clientId=adminclient-4] Node -1 disconnected.
[kafka-admin-client-thread | adminclient-4] WARN org.apache.kafka.clients.NetworkClient - [AdminClient clientId=adminclient-4] Connection to node -1 (localhost/127.0.0.1:9092) could not be established. Broker may not be available.
]]></system-err>
  </testcase>
  <testcase name="testClose" classname="com.mycompany.kafka.KafkaManagementLibraryTest" time="0.026">
    <system-err><![CDATA[[main] INFO com.mycompany.kafka.KafkaManagementLibrary - Initializing KafkaManagementLibrary
[main] INFO com.mycompany.kafka.factory.ConnectionFactory - Creating Kafka AdminClient with bootstrap servers: localhost:9092
[main] INFO org.apache.kafka.clients.admin.AdminClientConfig - AdminClientConfig values: 
	auto.include.jmx.reporter = true
	bootstrap.servers = [localhost:9092]
	client.dns.lookup = use_all_dns_ips
	client.id = 
	connections.max.idle.ms = 300000
	default.api.timeout.ms = 60000
	metadata.max.age.ms = 300000
	metric.reporters = []
	metrics.num.samples = 2
	metrics.recording.level = INFO
	metrics.sample.window.ms = 30000
	receive.buffer.bytes = 65536
	reconnect.backoff.max.ms = 1000
	reconnect.backoff.ms = 50
	request.timeout.ms = 30000
	retries = 2147483647
	retry.backoff.ms = 100
	sasl.client.callback.handler.class = null
	sasl.jaas.config = null
	sasl.kerberos.kinit.cmd = /usr/bin/kinit
	sasl.kerberos.min.time.before.relogin = 60000
	sasl.kerberos.service.name = null
	sasl.kerberos.ticket.renew.jitter = 0.05
	sasl.kerberos.ticket.renew.window.factor = 0.8
	sasl.login.callback.handler.class = null
	sasl.login.class = null
	sasl.login.connect.timeout.ms = null
	sasl.login.read.timeout.ms = null
	sasl.login.refresh.buffer.seconds = 300
	sasl.login.refresh.min.period.seconds = 60
	sasl.login.refresh.window.factor = 0.8
	sasl.login.refresh.window.jitter = 0.05
	sasl.login.retry.backoff.max.ms = 10000
	sasl.login.retry.backoff.ms = 100
	sasl.mechanism = GSSAPI
	sasl.oauthbearer.clock.skew.seconds = 30
	sasl.oauthbearer.expected.audience = null
	sasl.oauthbearer.expected.issuer = null
	sasl.oauthbearer.jwks.endpoint.refresh.ms = 3600000
	sasl.oauthbearer.jwks.endpoint.retry.backoff.max.ms = 10000
	sasl.oauthbearer.jwks.endpoint.retry.backoff.ms = 100
	sasl.oauthbearer.jwks.endpoint.url = null
	sasl.oauthbearer.scope.claim.name = scope
	sasl.oauthbearer.sub.claim.name = sub
	sasl.oauthbearer.token.endpoint.url = null
	security.protocol = PLAINTEXT
	security.providers = null
	send.buffer.bytes = 131072
	socket.connection.setup.timeout.max.ms = 30000
	socket.connection.setup.timeout.ms = 10000
	ssl.cipher.suites = null
	ssl.enabled.protocols = [TLSv1.2, TLSv1.3]
	ssl.endpoint.identification.algorithm = https
	ssl.engine.factory.class = null
	ssl.key.password = null
	ssl.keymanager.algorithm = SunX509
	ssl.keystore.certificate.chain = null
	ssl.keystore.key = null
	ssl.keystore.location = null
	ssl.keystore.password = null
	ssl.keystore.type = JKS
	ssl.protocol = TLSv1.3
	ssl.provider = null
	ssl.secure.random.implementation = null
	ssl.trustmanager.algorithm = PKIX
	ssl.truststore.certificates = null
	ssl.truststore.location = null
	ssl.truststore.password = null
	ssl.truststore.type = JKS

[main] INFO org.apache.kafka.common.utils.AppInfoParser - Kafka version: 3.5.1
[main] INFO org.apache.kafka.common.utils.AppInfoParser - Kafka commitId: 2c6fb6c54472e90a
[main] INFO org.apache.kafka.common.utils.AppInfoParser - Kafka startTimeMs: 1761088857549
[main] INFO com.mycompany.kafka.factory.ConnectionFactory - Kafka AdminClient created successfully
[main] INFO com.mycompany.kafka.factory.ConnectionFactory - Creating Kafka AdminClient with bootstrap servers: localhost:9092
[main] INFO org.apache.kafka.clients.admin.AdminClientConfig - AdminClientConfig values: 
	auto.include.jmx.reporter = true
	bootstrap.servers = [localhost:9092]
	client.dns.lookup = use_all_dns_ips
	client.id = 
	connections.max.idle.ms = 300000
	default.api.timeout.ms = 60000
	metadata.max.age.ms = 300000
	metric.reporters = []
	metrics.num.samples = 2
	metrics.recording.level = INFO
	metrics.sample.window.ms = 30000
	receive.buffer.bytes = 65536
	reconnect.backoff.max.ms = 1000
	reconnect.backoff.ms = 50
	request.timeout.ms = 30000
	retries = 2147483647
	retry.backoff.ms = 100
	sasl.client.callback.handler.class = null
	sasl.jaas.config = null
	sasl.kerberos.kinit.cmd = /usr/bin/kinit
	sasl.kerberos.min.time.before.relogin = 60000
	sasl.kerberos.service.name = null
	sasl.kerberos.ticket.renew.jitter = 0.05
	sasl.kerberos.ticket.renew.window.factor = 0.8
	sasl.login.callback.handler.class = null
	sasl.login.class = null
	sasl.login.connect.timeout.ms = null
	sasl.login.read.timeout.ms = null
	sasl.login.refresh.buffer.seconds = 300
	sasl.login.refresh.min.period.seconds = 60
	sasl.login.refresh.window.factor = 0.8
	sasl.login.refresh.window.jitter = 0.05
	sasl.login.retry.backoff.max.ms = 10000
	sasl.login.retry.backoff.ms = 100
	sasl.mechanism = GSSAPI
	sasl.oauthbearer.clock.skew.seconds = 30
	sasl.oauthbearer.expected.audience = null
	sasl.oauthbearer.expected.issuer = null
	sasl.oauthbearer.jwks.endpoint.refresh.ms = 3600000
	sasl.oauthbearer.jwks.endpoint.retry.backoff.max.ms = 10000
	sasl.oauthbearer.jwks.endpoint.retry.backoff.ms = 100
	sasl.oauthbearer.jwks.endpoint.url = null
	sasl.oauthbearer.scope.claim.name = scope
	sasl.oauthbearer.sub.claim.name = sub
	sasl.oauthbearer.token.endpoint.url = null
	security.protocol = PLAINTEXT
	security.providers = null
	send.buffer.bytes = 131072
	socket.connection.setup.timeout.max.ms = 30000
	socket.connection.setup.timeout.ms = 10000
	ssl.cipher.suites = null
	ssl.enabled.protocols = [TLSv1.2, TLSv1.3]
	ssl.endpoint.identification.algorithm = https
	ssl.engine.factory.class = null
	ssl.key.password = null
	ssl.keymanager.algorithm = SunX509
	ssl.keystore.certificate.chain = null
	ssl.keystore.key = null
	ssl.keystore.location = null
	ssl.keystore.password = null
	ssl.keystore.type = JKS
	ssl.protocol = TLSv1.3
	ssl.provider = null
	ssl.secure.random.implementation = null
	ssl.trustmanager.algorithm = PKIX
	ssl.truststore.certificates = null
	ssl.truststore.location = null
	ssl.truststore.password = null
	ssl.truststore.type = JKS

[kafka-admin-client-thread | adminclient-5] INFO org.apache.kafka.clients.NetworkClient - [AdminClient clientId=adminclient-5] Node -1 disconnected.
[kafka-admin-client-thread | adminclient-5] WARN org.apache.kafka.clients.NetworkClient - [AdminClient clientId=adminclient-5] Connection to node -1 (localhost/127.0.0.1:9092) could not be established. Broker may not be available.
[main] INFO org.apache.kafka.common.utils.AppInfoParser - Kafka version: 3.5.1
[main] INFO org.apache.kafka.common.utils.AppInfoParser - Kafka commitId: 2c6fb6c54472e90a
[main] INFO org.apache.kafka.common.utils.AppInfoParser - Kafka startTimeMs: 1761088857555
[main] INFO com.mycompany.kafka.factory.ConnectionFactory - Kafka AdminClient created successfully
[main] INFO com.mycompany.kafka.factory.ConnectionFactory - Creating Schema Registry Client with URL: http://localhost:8081
[main] INFO com.mycompany.kafka.factory.ConnectionFactory - Schema Registry Client created successfully
[main] INFO com.mycompany.kafka.KafkaManagementLibrary - KafkaManagementLibrary initialized successfully
[main] INFO com.mycompany.kafka.KafkaManagementLibrary - Closing KafkaManagementLibrary
[kafka-admin-client-thread | adminclient-5] INFO org.apache.kafka.common.utils.AppInfoParser - App info kafka.admin.client for adminclient-5 unregistered
[kafka-admin-client-thread | adminclient-5] INFO org.apache.kafka.clients.admin.internals.AdminMetadataManager - [AdminClient clientId=adminclient-5] Metadata update failed
org.apache.kafka.common.errors.TimeoutException: The AdminClient thread has exited. Call: fetchMetadata
[kafka-admin-client-thread | adminclient-5] INFO org.apache.kafka.clients.admin.KafkaAdminClient - [AdminClient clientId=adminclient-5] Timed out 1 remaining operation(s) during close.
[kafka-admin-client-thread | adminclient-6] INFO org.apache.kafka.clients.NetworkClient - [AdminClient clientId=adminclient-6] Node -1 disconnected.
[kafka-admin-client-thread | adminclient-6] WARN org.apache.kafka.clients.NetworkClient - [AdminClient clientId=adminclient-6] Connection to node -1 (localhost/127.0.0.1:9092) could not be established. Broker may not be available.
[kafka-admin-client-thread | adminclient-5] INFO org.apache.kafka.common.metrics.Metrics - Metrics scheduler closed
[kafka-admin-client-thread | adminclient-5] INFO org.apache.kafka.common.metrics.Metrics - Closing reporter org.apache.kafka.common.metrics.JmxReporter
[kafka-admin-client-thread | adminclient-5] INFO org.apache.kafka.common.metrics.Metrics - Metrics reporters closed
[main] INFO com.mycompany.kafka.manager.TopicManager - TopicManager AdminClient closed successfully
[kafka-admin-client-thread | adminclient-6] INFO org.apache.kafka.common.utils.AppInfoParser - App info kafka.admin.client for adminclient-6 unregistered
[kafka-admin-client-thread | adminclient-6] INFO org.apache.kafka.clients.admin.internals.AdminMetadataManager - [AdminClient clientId=adminclient-6] Metadata update failed
org.apache.kafka.common.errors.TimeoutException: The AdminClient thread has exited. Call: fetchMetadata
[kafka-admin-client-thread | adminclient-6] INFO org.apache.kafka.clients.admin.KafkaAdminClient - [AdminClient clientId=adminclient-6] Timed out 1 remaining operation(s) during close.
[kafka-admin-client-thread | adminclient-6] INFO org.apache.kafka.common.metrics.Metrics - Metrics scheduler closed
[kafka-admin-client-thread | adminclient-6] INFO org.apache.kafka.common.metrics.Metrics - Closing reporter org.apache.kafka.common.metrics.JmxReporter
[kafka-admin-client-thread | adminclient-6] INFO org.apache.kafka.common.metrics.Metrics - Metrics reporters closed
[main] INFO com.mycompany.kafka.manager.ConsumerManager - ConsumerManager AdminClient closed successfully
[main] INFO com.mycompany.kafka.manager.SessionManager - Closing all transactional producers and consumers
[main] INFO com.mycompany.kafka.manager.SessionManager - Successfully closed all transactional producers and consumers
[main] INFO com.mycompany.kafka.KafkaManagementLibrary - KafkaManagementLibrary closed successfully
[main] INFO com.mycompany.kafka.KafkaManagementLibrary - Closing KafkaManagementLibrary
[main] INFO com.mycompany.kafka.manager.TopicManager - TopicManager AdminClient closed successfully
[main] INFO com.mycompany.kafka.manager.ConsumerManager - ConsumerManager AdminClient closed successfully
[main] INFO com.mycompany.kafka.manager.SessionManager - Closing all transactional producers and consumers
[main] INFO com.mycompany.kafka.manager.SessionManager - Successfully closed all transactional producers and consumers
[main] INFO com.mycompany.kafka.KafkaManagementLibrary - KafkaManagementLibrary closed successfully
]]></system-err>
  </testcase>
  <testcase name="testSendMessage_WithoutKey" classname="com.mycompany.kafka.KafkaManagementLibraryTest" time="60.056">
    <system-err><![CDATA[[main] INFO com.mycompany.kafka.KafkaManagementLibrary - Initializing KafkaManagementLibrary
[main] INFO com.mycompany.kafka.factory.ConnectionFactory - Creating Kafka AdminClient with bootstrap servers: localhost:9092
[main] INFO org.apache.kafka.clients.admin.AdminClientConfig - AdminClientConfig values: 
	auto.include.jmx.reporter = true
	bootstrap.servers = [localhost:9092]
	client.dns.lookup = use_all_dns_ips
	client.id = 
	connections.max.idle.ms = 300000
	default.api.timeout.ms = 60000
	metadata.max.age.ms = 300000
	metric.reporters = []
	metrics.num.samples = 2
	metrics.recording.level = INFO
	metrics.sample.window.ms = 30000
	receive.buffer.bytes = 65536
	reconnect.backoff.max.ms = 1000
	reconnect.backoff.ms = 50
	request.timeout.ms = 30000
	retries = 2147483647
	retry.backoff.ms = 100
	sasl.client.callback.handler.class = null
	sasl.jaas.config = null
	sasl.kerberos.kinit.cmd = /usr/bin/kinit
	sasl.kerberos.min.time.before.relogin = 60000
	sasl.kerberos.service.name = null
	sasl.kerberos.ticket.renew.jitter = 0.05
	sasl.kerberos.ticket.renew.window.factor = 0.8
	sasl.login.callback.handler.class = null
	sasl.login.class = null
	sasl.login.connect.timeout.ms = null
	sasl.login.read.timeout.ms = null
	sasl.login.refresh.buffer.seconds = 300
	sasl.login.refresh.min.period.seconds = 60
	sasl.login.refresh.window.factor = 0.8
	sasl.login.refresh.window.jitter = 0.05
	sasl.login.retry.backoff.max.ms = 10000
	sasl.login.retry.backoff.ms = 100
	sasl.mechanism = GSSAPI
	sasl.oauthbearer.clock.skew.seconds = 30
	sasl.oauthbearer.expected.audience = null
	sasl.oauthbearer.expected.issuer = null
	sasl.oauthbearer.jwks.endpoint.refresh.ms = 3600000
	sasl.oauthbearer.jwks.endpoint.retry.backoff.max.ms = 10000
	sasl.oauthbearer.jwks.endpoint.retry.backoff.ms = 100
	sasl.oauthbearer.jwks.endpoint.url = null
	sasl.oauthbearer.scope.claim.name = scope
	sasl.oauthbearer.sub.claim.name = sub
	sasl.oauthbearer.token.endpoint.url = null
	security.protocol = PLAINTEXT
	security.providers = null
	send.buffer.bytes = 131072
	socket.connection.setup.timeout.max.ms = 30000
	socket.connection.setup.timeout.ms = 10000
	ssl.cipher.suites = null
	ssl.enabled.protocols = [TLSv1.2, TLSv1.3]
	ssl.endpoint.identification.algorithm = https
	ssl.engine.factory.class = null
	ssl.key.password = null
	ssl.keymanager.algorithm = SunX509
	ssl.keystore.certificate.chain = null
	ssl.keystore.key = null
	ssl.keystore.location = null
	ssl.keystore.password = null
	ssl.keystore.type = JKS
	ssl.protocol = TLSv1.3
	ssl.provider = null
	ssl.secure.random.implementation = null
	ssl.trustmanager.algorithm = PKIX
	ssl.truststore.certificates = null
	ssl.truststore.location = null
	ssl.truststore.password = null
	ssl.truststore.type = JKS

[main] INFO org.apache.kafka.common.utils.AppInfoParser - Kafka version: 3.5.1
[main] INFO org.apache.kafka.common.utils.AppInfoParser - Kafka commitId: 2c6fb6c54472e90a
[main] INFO org.apache.kafka.common.utils.AppInfoParser - Kafka startTimeMs: 1761088857573
[main] INFO com.mycompany.kafka.factory.ConnectionFactory - Kafka AdminClient created successfully
[main] INFO com.mycompany.kafka.factory.ConnectionFactory - Creating Kafka AdminClient with bootstrap servers: localhost:9092
[main] INFO org.apache.kafka.clients.admin.AdminClientConfig - AdminClientConfig values: 
	auto.include.jmx.reporter = true
	bootstrap.servers = [localhost:9092]
	client.dns.lookup = use_all_dns_ips
	client.id = 
	connections.max.idle.ms = 300000
	default.api.timeout.ms = 60000
	metadata.max.age.ms = 300000
	metric.reporters = []
	metrics.num.samples = 2
	metrics.recording.level = INFO
	metrics.sample.window.ms = 30000
	receive.buffer.bytes = 65536
	reconnect.backoff.max.ms = 1000
	reconnect.backoff.ms = 50
	request.timeout.ms = 30000
	retries = 2147483647
	retry.backoff.ms = 100
	sasl.client.callback.handler.class = null
	sasl.jaas.config = null
	sasl.kerberos.kinit.cmd = /usr/bin/kinit
	sasl.kerberos.min.time.before.relogin = 60000
	sasl.kerberos.service.name = null
	sasl.kerberos.ticket.renew.jitter = 0.05
	sasl.kerberos.ticket.renew.window.factor = 0.8
	sasl.login.callback.handler.class = null
	sasl.login.class = null
	sasl.login.connect.timeout.ms = null
	sasl.login.read.timeout.ms = null
	sasl.login.refresh.buffer.seconds = 300
	sasl.login.refresh.min.period.seconds = 60
	sasl.login.refresh.window.factor = 0.8
	sasl.login.refresh.window.jitter = 0.05
	sasl.login.retry.backoff.max.ms = 10000
	sasl.login.retry.backoff.ms = 100
	sasl.mechanism = GSSAPI
	sasl.oauthbearer.clock.skew.seconds = 30
	sasl.oauthbearer.expected.audience = null
	sasl.oauthbearer.expected.issuer = null
	sasl.oauthbearer.jwks.endpoint.refresh.ms = 3600000
	sasl.oauthbearer.jwks.endpoint.retry.backoff.max.ms = 10000
	sasl.oauthbearer.jwks.endpoint.retry.backoff.ms = 100
	sasl.oauthbearer.jwks.endpoint.url = null
	sasl.oauthbearer.scope.claim.name = scope
	sasl.oauthbearer.sub.claim.name = sub
	sasl.oauthbearer.token.endpoint.url = null
	security.protocol = PLAINTEXT
	security.providers = null
	send.buffer.bytes = 131072
	socket.connection.setup.timeout.max.ms = 30000
	socket.connection.setup.timeout.ms = 10000
	ssl.cipher.suites = null
	ssl.enabled.protocols = [TLSv1.2, TLSv1.3]
	ssl.endpoint.identification.algorithm = https
	ssl.engine.factory.class = null
	ssl.key.password = null
	ssl.keymanager.algorithm = SunX509
	ssl.keystore.certificate.chain = null
	ssl.keystore.key = null
	ssl.keystore.location = null
	ssl.keystore.password = null
	ssl.keystore.type = JKS
	ssl.protocol = TLSv1.3
	ssl.provider = null
	ssl.secure.random.implementation = null
	ssl.trustmanager.algorithm = PKIX
	ssl.truststore.certificates = null
	ssl.truststore.location = null
	ssl.truststore.password = null
	ssl.truststore.type = JKS

[kafka-admin-client-thread | adminclient-7] INFO org.apache.kafka.clients.NetworkClient - [AdminClient clientId=adminclient-7] Node -1 disconnected.
[kafka-admin-client-thread | adminclient-7] WARN org.apache.kafka.clients.NetworkClient - [AdminClient clientId=adminclient-7] Connection to node -1 (localhost/127.0.0.1:9092) could not be established. Broker may not be available.
[main] INFO org.apache.kafka.common.utils.AppInfoParser - Kafka version: 3.5.1
[main] INFO org.apache.kafka.common.utils.AppInfoParser - Kafka commitId: 2c6fb6c54472e90a
[main] INFO org.apache.kafka.common.utils.AppInfoParser - Kafka startTimeMs: 1761088857578
[main] INFO com.mycompany.kafka.factory.ConnectionFactory - Kafka AdminClient created successfully
[main] INFO com.mycompany.kafka.factory.ConnectionFactory - Creating Schema Registry Client with URL: http://localhost:8081
[main] INFO com.mycompany.kafka.factory.ConnectionFactory - Schema Registry Client created successfully
[main] INFO com.mycompany.kafka.KafkaManagementLibrary - KafkaManagementLibrary initialized successfully
[main] INFO com.mycompany.kafka.manager.MessageManager - Sending message to topic: test-topic with key: null
[main] INFO com.mycompany.kafka.factory.ConnectionFactory - Creating Kafka Producer with bootstrap servers: localhost:9092
[kafka-admin-client-thread | adminclient-8] INFO org.apache.kafka.clients.NetworkClient - [AdminClient clientId=adminclient-8] Node -1 disconnected.
[kafka-admin-client-thread | adminclient-8] WARN org.apache.kafka.clients.NetworkClient - [AdminClient clientId=adminclient-8] Connection to node -1 (localhost/127.0.0.1:9092) could not be established. Broker may not be available.
[main] INFO org.apache.kafka.clients.producer.ProducerConfig - Idempotence will be disabled because retries is set to 0.
[main] INFO org.apache.kafka.clients.producer.ProducerConfig - ProducerConfig values: 
	acks = -1
	auto.include.jmx.reporter = true
	batch.size = 16384
	bootstrap.servers = [localhost:9092]
	buffer.memory = 33554432
	client.dns.lookup = use_all_dns_ips
	client.id = producer-1
	compression.type = none
	connections.max.idle.ms = 540000
	delivery.timeout.ms = 120000
	enable.idempotence = false
	interceptor.classes = []
	key.serializer = class org.apache.kafka.common.serialization.StringSerializer
	linger.ms = 0
	max.block.ms = 60000
	max.in.flight.requests.per.connection = 5
	max.request.size = 1048576
	metadata.max.age.ms = 300000
	metadata.max.idle.ms = 300000
	metric.reporters = []
	metrics.num.samples = 2
	metrics.recording.level = INFO
	metrics.sample.window.ms = 30000
	partitioner.adaptive.partitioning.enable = true
	partitioner.availability.timeout.ms = 0
	partitioner.class = null
	partitioner.ignore.keys = false
	receive.buffer.bytes = 32768
	reconnect.backoff.max.ms = 1000
	reconnect.backoff.ms = 50
	request.timeout.ms = 30000
	retries = 0
	retry.backoff.ms = 100
	sasl.client.callback.handler.class = null
	sasl.jaas.config = null
	sasl.kerberos.kinit.cmd = /usr/bin/kinit
	sasl.kerberos.min.time.before.relogin = 60000
	sasl.kerberos.service.name = null
	sasl.kerberos.ticket.renew.jitter = 0.05
	sasl.kerberos.ticket.renew.window.factor = 0.8
	sasl.login.callback.handler.class = null
	sasl.login.class = null
	sasl.login.connect.timeout.ms = null
	sasl.login.read.timeout.ms = null
	sasl.login.refresh.buffer.seconds = 300
	sasl.login.refresh.min.period.seconds = 60
	sasl.login.refresh.window.factor = 0.8
	sasl.login.refresh.window.jitter = 0.05
	sasl.login.retry.backoff.max.ms = 10000
	sasl.login.retry.backoff.ms = 100
	sasl.mechanism = GSSAPI
	sasl.oauthbearer.clock.skew.seconds = 30
	sasl.oauthbearer.expected.audience = null
	sasl.oauthbearer.expected.issuer = null
	sasl.oauthbearer.jwks.endpoint.refresh.ms = 3600000
	sasl.oauthbearer.jwks.endpoint.retry.backoff.max.ms = 10000
	sasl.oauthbearer.jwks.endpoint.retry.backoff.ms = 100
	sasl.oauthbearer.jwks.endpoint.url = null
	sasl.oauthbearer.scope.claim.name = scope
	sasl.oauthbearer.sub.claim.name = sub
	sasl.oauthbearer.token.endpoint.url = null
	security.protocol = PLAINTEXT
	security.providers = null
	send.buffer.bytes = 131072
	socket.connection.setup.timeout.max.ms = 30000
	socket.connection.setup.timeout.ms = 10000
	ssl.cipher.suites = null
	ssl.enabled.protocols = [TLSv1.2, TLSv1.3]
	ssl.endpoint.identification.algorithm = https
	ssl.engine.factory.class = null
	ssl.key.password = null
	ssl.keymanager.algorithm = SunX509
	ssl.keystore.certificate.chain = null
	ssl.keystore.key = null
	ssl.keystore.location = null
	ssl.keystore.password = null
	ssl.keystore.type = JKS
	ssl.protocol = TLSv1.3
	ssl.provider = null
	ssl.secure.random.implementation = null
	ssl.trustmanager.algorithm = PKIX
	ssl.truststore.certificates = null
	ssl.truststore.location = null
	ssl.truststore.password = null
	ssl.truststore.type = JKS
	transaction.timeout.ms = 60000
	transactional.id = null
	value.serializer = class org.apache.kafka.common.serialization.StringSerializer

[main] INFO org.apache.kafka.common.utils.AppInfoParser - Kafka version: 3.5.1
[main] INFO org.apache.kafka.common.utils.AppInfoParser - Kafka commitId: 2c6fb6c54472e90a
[main] INFO org.apache.kafka.common.utils.AppInfoParser - Kafka startTimeMs: 1761088857614
[main] INFO com.mycompany.kafka.factory.ConnectionFactory - Kafka Producer created successfully
[kafka-producer-network-thread | producer-1] INFO org.apache.kafka.clients.NetworkClient - [Producer clientId=producer-1] Node -1 disconnected.
[kafka-producer-network-thread | producer-1] WARN org.apache.kafka.clients.NetworkClient - [Producer clientId=producer-1] Connection to node -1 (localhost/127.0.0.1:9092) could not be established. Broker may not be available.
[kafka-producer-network-thread | producer-1] WARN org.apache.kafka.clients.NetworkClient - [Producer clientId=producer-1] Bootstrap broker localhost:9092 (id: -1 rack: null) disconnected
[kafka-admin-client-thread | adminclient-3] INFO org.apache.kafka.clients.NetworkClient - [AdminClient clientId=adminclient-3] Node -1 disconnected.
[kafka-admin-client-thread | adminclient-3] WARN org.apache.kafka.clients.NetworkClient - [AdminClient clientId=adminclient-3] Connection to node -1 (localhost/127.0.0.1:9092) could not be established. Broker may not be available.
[kafka-admin-client-thread | adminclient-4] INFO org.apache.kafka.clients.NetworkClient - [AdminClient clientId=adminclient-4] Node -1 disconnected.
[kafka-admin-client-thread | adminclient-4] WARN org.apache.kafka.clients.NetworkClient - [AdminClient clientId=adminclient-4] Connection to node -1 (localhost/127.0.0.1:9092) could not be established. Broker may not be available.
[kafka-admin-client-thread | adminclient-7] INFO org.apache.kafka.clients.NetworkClient - [AdminClient clientId=adminclient-7] Node -1 disconnected.
[kafka-admin-client-thread | adminclient-7] WARN org.apache.kafka.clients.NetworkClient - [AdminClient clientId=adminclient-7] Connection to node -1 (localhost/127.0.0.1:9092) could not be established. Broker may not be available.
[kafka-admin-client-thread | adminclient-8] INFO org.apache.kafka.clients.NetworkClient - [AdminClient clientId=adminclient-8] Node -1 disconnected.
[kafka-admin-client-thread | adminclient-8] WARN org.apache.kafka.clients.NetworkClient - [AdminClient clientId=adminclient-8] Connection to node -1 (localhost/127.0.0.1:9092) could not be established. Broker may not be available.
[kafka-producer-network-thread | producer-1] INFO org.apache.kafka.clients.NetworkClient - [Producer clientId=producer-1] Node -1 disconnected.
[kafka-producer-network-thread | producer-1] WARN org.apache.kafka.clients.NetworkClient - [Producer clientId=producer-1] Connection to node -1 (localhost/127.0.0.1:9092) could not be established. Broker may not be available.
[kafka-producer-network-thread | producer-1] WARN org.apache.kafka.clients.NetworkClient - [Producer clientId=producer-1] Bootstrap broker localhost:9092 (id: -1 rack: null) disconnected
[kafka-admin-client-thread | adminclient-7] INFO org.apache.kafka.clients.NetworkClient - [AdminClient clientId=adminclient-7] Node -1 disconnected.
[kafka-admin-client-thread | adminclient-7] WARN org.apache.kafka.clients.NetworkClient - [AdminClient clientId=adminclient-7] Connection to node -1 (localhost/127.0.0.1:9092) could not be established. Broker may not be available.
[kafka-admin-client-thread | adminclient-3] INFO org.apache.kafka.clients.NetworkClient - [AdminClient clientId=adminclient-3] Node -1 disconnected.
[kafka-admin-client-thread | adminclient-3] WARN org.apache.kafka.clients.NetworkClient - [AdminClient clientId=adminclient-3] Connection to node -1 (localhost/127.0.0.1:9092) could not be established. Broker may not be available.
[kafka-admin-client-thread | adminclient-4] INFO org.apache.kafka.clients.NetworkClient - [AdminClient clientId=adminclient-4] Node -1 disconnected.
[kafka-admin-client-thread | adminclient-4] WARN org.apache.kafka.clients.NetworkClient - [AdminClient clientId=adminclient-4] Connection to node -1 (localhost/127.0.0.1:9092) could not be established. Broker may not be available.
[kafka-producer-network-thread | producer-1] INFO org.apache.kafka.clients.NetworkClient - [Producer clientId=producer-1] Node -1 disconnected.
[kafka-producer-network-thread | producer-1] WARN org.apache.kafka.clients.NetworkClient - [Producer clientId=producer-1] Connection to node -1 (localhost/127.0.0.1:9092) could not be established. Broker may not be available.
[kafka-producer-network-thread | producer-1] WARN org.apache.kafka.clients.NetworkClient - [Producer clientId=producer-1] Bootstrap broker localhost:9092 (id: -1 rack: null) disconnected
[kafka-admin-client-thread | adminclient-8] INFO org.apache.kafka.clients.NetworkClient - [AdminClient clientId=adminclient-8] Node -1 disconnected.
[kafka-admin-client-thread | adminclient-8] WARN org.apache.kafka.clients.NetworkClient - [AdminClient clientId=adminclient-8] Connection to node -1 (localhost/127.0.0.1:9092) could not be established. Broker may not be available.
[kafka-admin-client-thread | adminclient-3] INFO org.apache.kafka.clients.NetworkClient - [AdminClient clientId=adminclient-3] Node -1 disconnected.
[kafka-admin-client-thread | adminclient-3] WARN org.apache.kafka.clients.NetworkClient - [AdminClient clientId=adminclient-3] Connection to node -1 (localhost/127.0.0.1:9092) could not be established. Broker may not be available.
[kafka-admin-client-thread | adminclient-4] INFO org.apache.kafka.clients.NetworkClient - [AdminClient clientId=adminclient-4] Node -1 disconnected.
[kafka-admin-client-thread | adminclient-4] WARN org.apache.kafka.clients.NetworkClient - [AdminClient clientId=adminclient-4] Connection to node -1 (localhost/127.0.0.1:9092) could not be established. Broker may not be available.
[kafka-producer-network-thread | producer-1] INFO org.apache.kafka.clients.NetworkClient - [Producer clientId=producer-1] Node -1 disconnected.
[kafka-producer-network-thread | producer-1] WARN org.apache.kafka.clients.NetworkClient - [Producer clientId=producer-1] Connection to node -1 (localhost/127.0.0.1:9092) could not be established. Broker may not be available.
[kafka-producer-network-thread | producer-1] WARN org.apache.kafka.clients.NetworkClient - [Producer clientId=producer-1] Bootstrap broker localhost:9092 (id: -1 rack: null) disconnected
[kafka-admin-client-thread | adminclient-7] INFO org.apache.kafka.clients.NetworkClient - [AdminClient clientId=adminclient-7] Node -1 disconnected.
[kafka-admin-client-thread | adminclient-7] WARN org.apache.kafka.clients.NetworkClient - [AdminClient clientId=adminclient-7] Connection to node -1 (localhost/127.0.0.1:9092) could not be established. Broker may not be available.
[kafka-admin-client-thread | adminclient-2] INFO org.apache.kafka.clients.NetworkClient - [AdminClient clientId=adminclient-2] Node -1 disconnected.
[kafka-admin-client-thread | adminclient-2] WARN org.apache.kafka.clients.NetworkClient - [AdminClient clientId=adminclient-2] Connection to node -1 (localhost/127.0.0.1:9092) could not be established. Broker may not be available.
[kafka-admin-client-thread | adminclient-8] INFO org.apache.kafka.clients.NetworkClient - [AdminClient clientId=adminclient-8] Node -1 disconnected.
[kafka-admin-client-thread | adminclient-8] WARN org.apache.kafka.clients.NetworkClient - [AdminClient clientId=adminclient-8] Connection to node -1 (localhost/127.0.0.1:9092) could not be established. Broker may not be available.
[kafka-admin-client-thread | adminclient-3] INFO org.apache.kafka.clients.NetworkClient - [AdminClient clientId=adminclient-3] Node -1 disconnected.
[kafka-admin-client-thread | adminclient-3] WARN org.apache.kafka.clients.NetworkClient - [AdminClient clientId=adminclient-3] Connection to node -1 (localhost/127.0.0.1:9092) could not be established. Broker may not be available.
[kafka-producer-network-thread | producer-1] INFO org.apache.kafka.clients.NetworkClient - [Producer clientId=producer-1] Node -1 disconnected.
[kafka-producer-network-thread | producer-1] WARN org.apache.kafka.clients.NetworkClient - [Producer clientId=producer-1] Connection to node -1 (localhost/127.0.0.1:9092) could not be established. Broker may not be available.
[kafka-producer-network-thread | producer-1] WARN org.apache.kafka.clients.NetworkClient - [Producer clientId=producer-1] Bootstrap broker localhost:9092 (id: -1 rack: null) disconnected
[kafka-admin-client-thread | adminclient-7] INFO org.apache.kafka.clients.NetworkClient - [AdminClient clientId=adminclient-7] Node -1 disconnected.
[kafka-admin-client-thread | adminclient-7] WARN org.apache.kafka.clients.NetworkClient - [AdminClient clientId=adminclient-7] Connection to node -1 (localhost/127.0.0.1:9092) could not be established. Broker may not be available.
[kafka-admin-client-thread | adminclient-4] INFO org.apache.kafka.clients.NetworkClient - [AdminClient clientId=adminclient-4] Node -1 disconnected.
[kafka-admin-client-thread | adminclient-4] WARN org.apache.kafka.clients.NetworkClient - [AdminClient clientId=adminclient-4] Connection to node -1 (localhost/127.0.0.1:9092) could not be established. Broker may not be available.
[kafka-admin-client-thread | adminclient-8] INFO org.apache.kafka.clients.NetworkClient - [AdminClient clientId=adminclient-8] Node -1 disconnected.
[kafka-admin-client-thread | adminclient-8] WARN org.apache.kafka.clients.NetworkClient - [AdminClient clientId=adminclient-8] Connection to node -1 (localhost/127.0.0.1:9092) could not be established. Broker may not be available.
[kafka-admin-client-thread | adminclient-1] INFO org.apache.kafka.clients.NetworkClient - [AdminClient clientId=adminclient-1] Node -1 disconnected.
[kafka-admin-client-thread | adminclient-1] WARN org.apache.kafka.clients.NetworkClient - [AdminClient clientId=adminclient-1] Connection to node -1 (localhost/127.0.0.1:9092) could not be established. Broker may not be available.
[kafka-admin-client-thread | adminclient-2] INFO org.apache.kafka.clients.NetworkClient - [AdminClient clientId=adminclient-2] Node -1 disconnected.
[kafka-admin-client-thread | adminclient-2] WARN org.apache.kafka.clients.NetworkClient - [AdminClient clientId=adminclient-2] Connection to node -1 (localhost/127.0.0.1:9092) could not be established. Broker may not be available.
[kafka-admin-client-thread | adminclient-3] INFO org.apache.kafka.clients.NetworkClient - [AdminClient clientId=adminclient-3] Node -1 disconnected.
[kafka-admin-client-thread | adminclient-3] WARN org.apache.kafka.clients.NetworkClient - [AdminClient clientId=adminclient-3] Connection to node -1 (localhost/127.0.0.1:9092) could not be established. Broker may not be available.
[kafka-producer-network-thread | producer-1] INFO org.apache.kafka.clients.NetworkClient - [Producer clientId=producer-1] Node -1 disconnected.
[kafka-producer-network-thread | producer-1] WARN org.apache.kafka.clients.NetworkClient - [Producer clientId=producer-1] Connection to node -1 (localhost/127.0.0.1:9092) could not be established. Broker may not be available.
[kafka-producer-network-thread | producer-1] WARN org.apache.kafka.clients.NetworkClient - [Producer clientId=producer-1] Bootstrap broker localhost:9092 (id: -1 rack: null) disconnected
[kafka-admin-client-thread | adminclient-8] INFO org.apache.kafka.clients.NetworkClient - [AdminClient clientId=adminclient-8] Node -1 disconnected.
[kafka-admin-client-thread | adminclient-7] INFO org.apache.kafka.clients.NetworkClient - [AdminClient clientId=adminclient-7] Node -1 disconnected.
[kafka-admin-client-thread | adminclient-8] WARN org.apache.kafka.clients.NetworkClient - [AdminClient clientId=adminclient-8] Connection to node -1 (localhost/127.0.0.1:9092) could not be established. Broker may not be available.
[kafka-admin-client-thread | adminclient-7] WARN org.apache.kafka.clients.NetworkClient - [AdminClient clientId=adminclient-7] Connection to node -1 (localhost/127.0.0.1:9092) could not be established. Broker may not be available.
[kafka-admin-client-thread | adminclient-4] INFO org.apache.kafka.clients.NetworkClient - [AdminClient clientId=adminclient-4] Node -1 disconnected.
[kafka-admin-client-thread | adminclient-4] WARN org.apache.kafka.clients.NetworkClient - [AdminClient clientId=adminclient-4] Connection to node -1 (localhost/127.0.0.1:9092) could not be established. Broker may not be available.
[kafka-admin-client-thread | adminclient-1] INFO org.apache.kafka.clients.NetworkClient - [AdminClient clientId=adminclient-1] Node -1 disconnected.
[kafka-admin-client-thread | adminclient-1] WARN org.apache.kafka.clients.NetworkClient - [AdminClient clientId=adminclient-1] Connection to node -1 (localhost/127.0.0.1:9092) could not be established. Broker may not be available.
[kafka-admin-client-thread | adminclient-2] INFO org.apache.kafka.clients.NetworkClient - [AdminClient clientId=adminclient-2] Node -1 disconnected.
[kafka-admin-client-thread | adminclient-2] WARN org.apache.kafka.clients.NetworkClient - [AdminClient clientId=adminclient-2] Connection to node -1 (localhost/127.0.0.1:9092) could not be established. Broker may not be available.
[kafka-admin-client-thread | adminclient-3] INFO org.apache.kafka.clients.NetworkClient - [AdminClient clientId=adminclient-3] Node -1 disconnected.
[kafka-admin-client-thread | adminclient-3] WARN org.apache.kafka.clients.NetworkClient - [AdminClient clientId=adminclient-3] Connection to node -1 (localhost/127.0.0.1:9092) could not be established. Broker may not be available.
[kafka-admin-client-thread | adminclient-7] INFO org.apache.kafka.clients.NetworkClient - [AdminClient clientId=adminclient-7] Node -1 disconnected.
[kafka-admin-client-thread | adminclient-7] WARN org.apache.kafka.clients.NetworkClient - [AdminClient clientId=adminclient-7] Connection to node -1 (localhost/127.0.0.1:9092) could not be established. Broker may not be available.
[kafka-producer-network-thread | producer-1] INFO org.apache.kafka.clients.NetworkClient - [Producer clientId=producer-1] Node -1 disconnected.
[kafka-producer-network-thread | producer-1] WARN org.apache.kafka.clients.NetworkClient - [Producer clientId=producer-1] Connection to node -1 (localhost/127.0.0.1:9092) could not be established. Broker may not be available.
[kafka-producer-network-thread | producer-1] WARN org.apache.kafka.clients.NetworkClient - [Producer clientId=producer-1] Bootstrap broker localhost:9092 (id: -1 rack: null) disconnected
[kafka-admin-client-thread | adminclient-8] INFO org.apache.kafka.clients.NetworkClient - [AdminClient clientId=adminclient-8] Node -1 disconnected.
[kafka-admin-client-thread | adminclient-8] WARN org.apache.kafka.clients.NetworkClient - [AdminClient clientId=adminclient-8] Connection to node -1 (localhost/127.0.0.1:9092) could not be established. Broker may not be available.
[kafka-admin-client-thread | adminclient-4] INFO org.apache.kafka.clients.NetworkClient - [AdminClient clientId=adminclient-4] Node -1 disconnected.
[kafka-admin-client-thread | adminclient-4] WARN org.apache.kafka.clients.NetworkClient - [AdminClient clientId=adminclient-4] Connection to node -1 (localhost/127.0.0.1:9092) could not be established. Broker may not be available.
[kafka-admin-client-thread | adminclient-1] INFO org.apache.kafka.clients.NetworkClient - [AdminClient clientId=adminclient-1] Node -1 disconnected.
[kafka-admin-client-thread | adminclient-1] WARN org.apache.kafka.clients.NetworkClient - [AdminClient clientId=adminclient-1] Connection to node -1 (localhost/127.0.0.1:9092) could not be established. Broker may not be available.
[kafka-admin-client-thread | adminclient-2] INFO org.apache.kafka.clients.NetworkClient - [AdminClient clientId=adminclient-2] Node -1 disconnected.
[kafka-admin-client-thread | adminclient-2] WARN org.apache.kafka.clients.NetworkClient - [AdminClient clientId=adminclient-2] Connection to node -1 (localhost/127.0.0.1:9092) could not be established. Broker may not be available.
[kafka-admin-client-thread | adminclient-7] INFO org.apache.kafka.clients.NetworkClient - [AdminClient clientId=adminclient-7] Node -1 disconnected.
[kafka-admin-client-thread | adminclient-7] WARN org.apache.kafka.clients.NetworkClient - [AdminClient clientId=adminclient-7] Connection to node -1 (localhost/127.0.0.1:9092) could not be established. Broker may not be available.
[kafka-admin-client-thread | adminclient-3] INFO org.apache.kafka.clients.NetworkClient - [AdminClient clientId=adminclient-3] Node -1 disconnected.
[kafka-admin-client-thread | adminclient-3] WARN org.apache.kafka.clients.NetworkClient - [AdminClient clientId=adminclient-3] Connection to node -1 (localhost/127.0.0.1:9092) could not be established. Broker may not be available.
[kafka-producer-network-thread | producer-1] INFO org.apache.kafka.clients.NetworkClient - [Producer clientId=producer-1] Node -1 disconnected.
[kafka-producer-network-thread | producer-1] WARN org.apache.kafka.clients.NetworkClient - [Producer clientId=producer-1] Connection to node -1 (localhost/127.0.0.1:9092) could not be established. Broker may not be available.
[kafka-producer-network-thread | producer-1] WARN org.apache.kafka.clients.NetworkClient - [Producer clientId=producer-1] Bootstrap broker localhost:9092 (id: -1 rack: null) disconnected
[kafka-admin-client-thread | adminclient-8] INFO org.apache.kafka.clients.NetworkClient - [AdminClient clientId=adminclient-8] Node -1 disconnected.
[kafka-admin-client-thread | adminclient-8] WARN org.apache.kafka.clients.NetworkClient - [AdminClient clientId=adminclient-8] Connection to node -1 (localhost/127.0.0.1:9092) could not be established. Broker may not be available.
[kafka-admin-client-thread | adminclient-1] INFO org.apache.kafka.clients.NetworkClient - [AdminClient clientId=adminclient-1] Node -1 disconnected.
[kafka-admin-client-thread | adminclient-1] WARN org.apache.kafka.clients.NetworkClient - [AdminClient clientId=adminclient-1] Connection to node -1 (localhost/127.0.0.1:9092) could not be established. Broker may not be available.
[kafka-admin-client-thread | adminclient-4] INFO org.apache.kafka.clients.NetworkClient - [AdminClient clientId=adminclient-4] Node -1 disconnected.
[kafka-admin-client-thread | adminclient-4] WARN org.apache.kafka.clients.NetworkClient - [AdminClient clientId=adminclient-4] Connection to node -1 (localhost/127.0.0.1:9092) could not be established. Broker may not be available.
[kafka-admin-client-thread | adminclient-2] INFO org.apache.kafka.clients.NetworkClient - [AdminClient clientId=adminclient-2] Node -1 disconnected.
[kafka-admin-client-thread | adminclient-2] WARN org.apache.kafka.clients.NetworkClient - [AdminClient clientId=adminclient-2] Connection to node -1 (localhost/127.0.0.1:9092) could not be established. Broker may not be available.
[kafka-admin-client-thread | adminclient-7] INFO org.apache.kafka.clients.NetworkClient - [AdminClient clientId=adminclient-7] Node -1 disconnected.
[kafka-admin-client-thread | adminclient-7] WARN org.apache.kafka.clients.NetworkClient - [AdminClient clientId=adminclient-7] Connection to node -1 (localhost/127.0.0.1:9092) could not be established. Broker may not be available.
[kafka-admin-client-thread | adminclient-3] INFO org.apache.kafka.clients.NetworkClient - [AdminClient clientId=adminclient-3] Node -1 disconnected.
[kafka-admin-client-thread | adminclient-3] WARN org.apache.kafka.clients.NetworkClient - [AdminClient clientId=adminclient-3] Connection to node -1 (localhost/127.0.0.1:9092) could not be established. Broker may not be available.
[kafka-admin-client-thread | adminclient-8] INFO org.apache.kafka.clients.NetworkClient - [AdminClient clientId=adminclient-8] Node -1 disconnected.
[kafka-admin-client-thread | adminclient-8] WARN org.apache.kafka.clients.NetworkClient - [AdminClient clientId=adminclient-8] Connection to node -1 (localhost/127.0.0.1:9092) could not be established. Broker may not be available.
[kafka-producer-network-thread | producer-1] INFO org.apache.kafka.clients.NetworkClient - [Producer clientId=producer-1] Node -1 disconnected.
[kafka-producer-network-thread | producer-1] WARN org.apache.kafka.clients.NetworkClient - [Producer clientId=producer-1] Connection to node -1 (localhost/127.0.0.1:9092) could not be established. Broker may not be available.
[kafka-producer-network-thread | producer-1] WARN org.apache.kafka.clients.NetworkClient - [Producer clientId=producer-1] Bootstrap broker localhost:9092 (id: -1 rack: null) disconnected
[kafka-admin-client-thread | adminclient-1] INFO org.apache.kafka.clients.NetworkClient - [AdminClient clientId=adminclient-1] Node -1 disconnected.
[kafka-admin-client-thread | adminclient-1] WARN org.apache.kafka.clients.NetworkClient - [AdminClient clientId=adminclient-1] Connection to node -1 (localhost/127.0.0.1:9092) could not be established. Broker may not be available.
[kafka-admin-client-thread | adminclient-4] INFO org.apache.kafka.clients.NetworkClient - [AdminClient clientId=adminclient-4] Node -1 disconnected.
[kafka-admin-client-thread | adminclient-4] WARN org.apache.kafka.clients.NetworkClient - [AdminClient clientId=adminclient-4] Connection to node -1 (localhost/127.0.0.1:9092) could not be established. Broker may not be available.
[kafka-admin-client-thread | adminclient-2] INFO org.apache.kafka.clients.NetworkClient - [AdminClient clientId=adminclient-2] Node -1 disconnected.
[kafka-admin-client-thread | adminclient-2] WARN org.apache.kafka.clients.NetworkClient - [AdminClient clientId=adminclient-2] Connection to node -1 (localhost/127.0.0.1:9092) could not be established. Broker may not be available.
[kafka-admin-client-thread | adminclient-8] INFO org.apache.kafka.clients.NetworkClient - [AdminClient clientId=adminclient-8] Node -1 disconnected.
[kafka-admin-client-thread | adminclient-8] WARN org.apache.kafka.clients.NetworkClient - [AdminClient clientId=adminclient-8] Connection to node -1 (localhost/127.0.0.1:9092) could not be established. Broker may not be available.
[kafka-producer-network-thread | producer-1] INFO org.apache.kafka.clients.NetworkClient - [Producer clientId=producer-1] Node -1 disconnected.
[kafka-producer-network-thread | producer-1] WARN org.apache.kafka.clients.NetworkClient - [Producer clientId=producer-1] Connection to node -1 (localhost/127.0.0.1:9092) could not be established. Broker may not be available.
[kafka-producer-network-thread | producer-1] WARN org.apache.kafka.clients.NetworkClient - [Producer clientId=producer-1] Bootstrap broker localhost:9092 (id: -1 rack: null) disconnected
[kafka-admin-client-thread | adminclient-3] INFO org.apache.kafka.clients.NetworkClient - [AdminClient clientId=adminclient-3] Node -1 disconnected.
[kafka-admin-client-thread | adminclient-3] WARN org.apache.kafka.clients.NetworkClient - [AdminClient clientId=adminclient-3] Connection to node -1 (localhost/127.0.0.1:9092) could not be established. Broker may not be available.
[kafka-admin-client-thread | adminclient-7] INFO org.apache.kafka.clients.NetworkClient - [AdminClient clientId=adminclient-7] Node -1 disconnected.
[kafka-admin-client-thread | adminclient-7] WARN org.apache.kafka.clients.NetworkClient - [AdminClient clientId=adminclient-7] Connection to node -1 (localhost/127.0.0.1:9092) could not be established. Broker may not be available.
[kafka-admin-client-thread | adminclient-1] INFO org.apache.kafka.clients.NetworkClient - [AdminClient clientId=adminclient-1] Node -1 disconnected.
[kafka-admin-client-thread | adminclient-1] WARN org.apache.kafka.clients.NetworkClient - [AdminClient clientId=adminclient-1] Connection to node -1 (localhost/127.0.0.1:9092) could not be established. Broker may not be available.
[kafka-admin-client-thread | adminclient-4] INFO org.apache.kafka.clients.NetworkClient - [AdminClient clientId=adminclient-4] Node -1 disconnected.
[kafka-admin-client-thread | adminclient-4] WARN org.apache.kafka.clients.NetworkClient - [AdminClient clientId=adminclient-4] Connection to node -1 (localhost/127.0.0.1:9092) could not be established. Broker may not be available.
[kafka-admin-client-thread | adminclient-2] INFO org.apache.kafka.clients.NetworkClient - [AdminClient clientId=adminclient-2] Node -1 disconnected.
[kafka-admin-client-thread | adminclient-2] WARN org.apache.kafka.clients.NetworkClient - [AdminClient clientId=adminclient-2] Connection to node -1 (localhost/127.0.0.1:9092) could not be established. Broker may not be available.
[kafka-admin-client-thread | adminclient-3] INFO org.apache.kafka.clients.NetworkClient - [AdminClient clientId=adminclient-3] Node -1 disconnected.
[kafka-admin-client-thread | adminclient-3] WARN org.apache.kafka.clients.NetworkClient - [AdminClient clientId=adminclient-3] Connection to node -1 (localhost/127.0.0.1:9092) could not be established. Broker may not be available.
[kafka-producer-network-thread | producer-1] INFO org.apache.kafka.clients.NetworkClient - [Producer clientId=producer-1] Node -1 disconnected.
[kafka-producer-network-thread | producer-1] WARN org.apache.kafka.clients.NetworkClient - [Producer clientId=producer-1] Connection to node -1 (localhost/127.0.0.1:9092) could not be established. Broker may not be available.
[kafka-producer-network-thread | producer-1] WARN org.apache.kafka.clients.NetworkClient - [Producer clientId=producer-1] Bootstrap broker localhost:9092 (id: -1 rack: null) disconnected
[kafka-admin-client-thread | adminclient-8] INFO org.apache.kafka.clients.NetworkClient - [AdminClient clientId=adminclient-8] Node -1 disconnected.
[kafka-admin-client-thread | adminclient-8] WARN org.apache.kafka.clients.NetworkClient - [AdminClient clientId=adminclient-8] Connection to node -1 (localhost/127.0.0.1:9092) could not be established. Broker may not be available.
[kafka-admin-client-thread | adminclient-7] INFO org.apache.kafka.clients.NetworkClient - [AdminClient clientId=adminclient-7] Node -1 disconnected.
[kafka-admin-client-thread | adminclient-7] WARN org.apache.kafka.clients.NetworkClient - [AdminClient clientId=adminclient-7] Connection to node -1 (localhost/127.0.0.1:9092) could not be established. Broker may not be available.
[kafka-admin-client-thread | adminclient-1] INFO org.apache.kafka.clients.NetworkClient - [AdminClient clientId=adminclient-1] Node -1 disconnected.
[kafka-admin-client-thread | adminclient-1] WARN org.apache.kafka.clients.NetworkClient - [AdminClient clientId=adminclient-1] Connection to node -1 (localhost/127.0.0.1:9092) could not be established. Broker may not be available.
[kafka-admin-client-thread | adminclient-4] INFO org.apache.kafka.clients.NetworkClient - [AdminClient clientId=adminclient-4] Node -1 disconnected.
[kafka-admin-client-thread | adminclient-4] WARN org.apache.kafka.clients.NetworkClient - [AdminClient clientId=adminclient-4] Connection to node -1 (localhost/127.0.0.1:9092) could not be established. Broker may not be available.
[kafka-admin-client-thread | adminclient-2] INFO org.apache.kafka.clients.NetworkClient - [AdminClient clientId=adminclient-2] Node -1 disconnected.
[kafka-admin-client-thread | adminclient-2] WARN org.apache.kafka.clients.NetworkClient - [AdminClient clientId=adminclient-2] Connection to node -1 (localhost/127.0.0.1:9092) could not be established. Broker may not be available.
[kafka-producer-network-thread | producer-1] INFO org.apache.kafka.clients.NetworkClient - [Producer clientId=producer-1] Node -1 disconnected.
[kafka-producer-network-thread | producer-1] WARN org.apache.kafka.clients.NetworkClient - [Producer clientId=producer-1] Connection to node -1 (localhost/127.0.0.1:9092) could not be established. Broker may not be available.
[kafka-producer-network-thread | producer-1] WARN org.apache.kafka.clients.NetworkClient - [Producer clientId=producer-1] Bootstrap broker localhost:9092 (id: -1 rack: null) disconnected
[kafka-admin-client-thread | adminclient-8] INFO org.apache.kafka.clients.NetworkClient - [AdminClient clientId=adminclient-8] Node -1 disconnected.
[kafka-admin-client-thread | adminclient-8] WARN org.apache.kafka.clients.NetworkClient - [AdminClient clientId=adminclient-8] Connection to node -1 (localhost/127.0.0.1:9092) could not be established. Broker may not be available.
[kafka-admin-client-thread | adminclient-3] INFO org.apache.kafka.clients.NetworkClient - [AdminClient clientId=adminclient-3] Node -1 disconnected.
[kafka-admin-client-thread | adminclient-3] WARN org.apache.kafka.clients.NetworkClient - [AdminClient clientId=adminclient-3] Connection to node -1 (localhost/127.0.0.1:9092) could not be established. Broker may not be available.
[kafka-admin-client-thread | adminclient-7] INFO org.apache.kafka.clients.NetworkClient - [AdminClient clientId=adminclient-7] Node -1 disconnected.
[kafka-admin-client-thread | adminclient-7] WARN org.apache.kafka.clients.NetworkClient - [AdminClient clientId=adminclient-7] Connection to node -1 (localhost/127.0.0.1:9092) could not be established. Broker may not be available.
[kafka-admin-client-thread | adminclient-1] INFO org.apache.kafka.clients.NetworkClient - [AdminClient clientId=adminclient-1] Node -1 disconnected.
[kafka-admin-client-thread | adminclient-1] WARN org.apache.kafka.clients.NetworkClient - [AdminClient clientId=adminclient-1] Connection to node -1 (localhost/127.0.0.1:9092) could not be established. Broker may not be available.
[kafka-admin-client-thread | adminclient-4] INFO org.apache.kafka.clients.NetworkClient - [AdminClient clientId=adminclient-4] Node -1 disconnected.
[kafka-admin-client-thread | adminclient-4] WARN org.apache.kafka.clients.NetworkClient - [AdminClient clientId=adminclient-4] Connection to node -1 (localhost/127.0.0.1:9092) could not be established. Broker may not be available.
[kafka-admin-client-thread | adminclient-2] INFO org.apache.kafka.clients.NetworkClient - [AdminClient clientId=adminclient-2] Node -1 disconnected.
[kafka-admin-client-thread | adminclient-2] WARN org.apache.kafka.clients.NetworkClient - [AdminClient clientId=adminclient-2] Connection to node -1 (localhost/127.0.0.1:9092) could not be established. Broker may not be available.
[kafka-producer-network-thread | producer-1] INFO org.apache.kafka.clients.NetworkClient - [Producer clientId=producer-1] Node -1 disconnected.
[kafka-producer-network-thread | producer-1] WARN org.apache.kafka.clients.NetworkClient - [Producer clientId=producer-1] Connection to node -1 (localhost/127.0.0.1:9092) could not be established. Broker may not be available.
[kafka-producer-network-thread | producer-1] WARN org.apache.kafka.clients.NetworkClient - [Producer clientId=producer-1] Bootstrap broker localhost:9092 (id: -1 rack: null) disconnected
[kafka-admin-client-thread | adminclient-8] INFO org.apache.kafka.clients.NetworkClient - [AdminClient clientId=adminclient-8] Node -1 disconnected.
[kafka-admin-client-thread | adminclient-8] WARN org.apache.kafka.clients.NetworkClient - [AdminClient clientId=adminclient-8] Connection to node -1 (localhost/127.0.0.1:9092) could not be established. Broker may not be available.
[kafka-admin-client-thread | adminclient-3] INFO org.apache.kafka.clients.NetworkClient - [AdminClient clientId=adminclient-3] Node -1 disconnected.
[kafka-admin-client-thread | adminclient-3] WARN org.apache.kafka.clients.NetworkClient - [AdminClient clientId=adminclient-3] Connection to node -1 (localhost/127.0.0.1:9092) could not be established. Broker may not be available.
[kafka-admin-client-thread | adminclient-7] INFO org.apache.kafka.clients.NetworkClient - [AdminClient clientId=adminclient-7] Node -1 disconnected.
[kafka-admin-client-thread | adminclient-7] WARN org.apache.kafka.clients.NetworkClient - [AdminClient clientId=adminclient-7] Connection to node -1 (localhost/127.0.0.1:9092) could not be established. Broker may not be available.
[kafka-admin-client-thread | adminclient-1] INFO org.apache.kafka.clients.NetworkClient - [AdminClient clientId=adminclient-1] Node -1 disconnected.
[kafka-admin-client-thread | adminclient-1] WARN org.apache.kafka.clients.NetworkClient - [AdminClient clientId=adminclient-1] Connection to node -1 (localhost/127.0.0.1:9092) could not be established. Broker may not be available.
[kafka-admin-client-thread | adminclient-4] INFO org.apache.kafka.clients.NetworkClient - [AdminClient clientId=adminclient-4] Node -1 disconnected.
[kafka-admin-client-thread | adminclient-4] WARN org.apache.kafka.clients.NetworkClient - [AdminClient clientId=adminclient-4] Connection to node -1 (localhost/127.0.0.1:9092) could not be established. Broker may not be available.
[kafka-admin-client-thread | adminclient-2] INFO org.apache.kafka.clients.NetworkClient - [AdminClient clientId=adminclient-2] Node -1 disconnected.
[kafka-admin-client-thread | adminclient-2] WARN org.apache.kafka.clients.NetworkClient - [AdminClient clientId=adminclient-2] Connection to node -1 (localhost/127.0.0.1:9092) could not be established. Broker may not be available.
[kafka-producer-network-thread | producer-1] INFO org.apache.kafka.clients.NetworkClient - [Producer clientId=producer-1] Node -1 disconnected.
[kafka-producer-network-thread | producer-1] WARN org.apache.kafka.clients.NetworkClient - [Producer clientId=producer-1] Connection to node -1 (localhost/127.0.0.1:9092) could not be established. Broker may not be available.
[kafka-producer-network-thread | producer-1] WARN org.apache.kafka.clients.NetworkClient - [Producer clientId=producer-1] Bootstrap broker localhost:9092 (id: -1 rack: null) disconnected
[kafka-admin-client-thread | adminclient-8] INFO org.apache.kafka.clients.NetworkClient - [AdminClient clientId=adminclient-8] Node -1 disconnected.
[kafka-admin-client-thread | adminclient-8] WARN org.apache.kafka.clients.NetworkClient - [AdminClient clientId=adminclient-8] Connection to node -1 (localhost/127.0.0.1:9092) could not be established. Broker may not be available.
[kafka-admin-client-thread | adminclient-3] INFO org.apache.kafka.clients.NetworkClient - [AdminClient clientId=adminclient-3] Node -1 disconnected.
[kafka-admin-client-thread | adminclient-3] WARN org.apache.kafka.clients.NetworkClient - [AdminClient clientId=adminclient-3] Connection to node -1 (localhost/127.0.0.1:9092) could not be established. Broker may not be available.
[kafka-admin-client-thread | adminclient-7] INFO org.apache.kafka.clients.NetworkClient - [AdminClient clientId=adminclient-7] Node -1 disconnected.
[kafka-admin-client-thread | adminclient-7] WARN org.apache.kafka.clients.NetworkClient - [AdminClient clientId=adminclient-7] Connection to node -1 (localhost/127.0.0.1:9092) could not be established. Broker may not be available.
[kafka-admin-client-thread | adminclient-1] INFO org.apache.kafka.clients.NetworkClient - [AdminClient clientId=adminclient-1] Node -1 disconnected.
[kafka-admin-client-thread | adminclient-1] WARN org.apache.kafka.clients.NetworkClient - [AdminClient clientId=adminclient-1] Connection to node -1 (localhost/127.0.0.1:9092) could not be established. Broker may not be available.
[kafka-producer-network-thread | producer-1] INFO org.apache.kafka.clients.NetworkClient - [Producer clientId=producer-1] Node -1 disconnected.
[kafka-producer-network-thread | producer-1] WARN org.apache.kafka.clients.NetworkClient - [Producer clientId=producer-1] Connection to node -1 (localhost/127.0.0.1:9092) could not be established. Broker may not be available.
[kafka-producer-network-thread | producer-1] WARN org.apache.kafka.clients.NetworkClient - [Producer clientId=producer-1] Bootstrap broker localhost:9092 (id: -1 rack: null) disconnected
[kafka-admin-client-thread | adminclient-2] INFO org.apache.kafka.clients.NetworkClient - [AdminClient clientId=adminclient-2] Node -1 disconnected.
[kafka-admin-client-thread | adminclient-2] WARN org.apache.kafka.clients.NetworkClient - [AdminClient clientId=adminclient-2] Connection to node -1 (localhost/127.0.0.1:9092) could not be established. Broker may not be available.
[kafka-admin-client-thread | adminclient-4] INFO org.apache.kafka.clients.NetworkClient - [AdminClient clientId=adminclient-4] Node -1 disconnected.
[kafka-admin-client-thread | adminclient-4] WARN org.apache.kafka.clients.NetworkClient - [AdminClient clientId=adminclient-4] Connection to node -1 (localhost/127.0.0.1:9092) could not be established. Broker may not be available.
[kafka-admin-client-thread | adminclient-8] INFO org.apache.kafka.clients.NetworkClient - [AdminClient clientId=adminclient-8] Node -1 disconnected.
[kafka-admin-client-thread | adminclient-8] WARN org.apache.kafka.clients.NetworkClient - [AdminClient clientId=adminclient-8] Connection to node -1 (localhost/127.0.0.1:9092) could not be established. Broker may not be available.
[kafka-admin-client-thread | adminclient-3] INFO org.apache.kafka.clients.NetworkClient - [AdminClient clientId=adminclient-3] Node -1 disconnected.
[kafka-admin-client-thread | adminclient-3] WARN org.apache.kafka.clients.NetworkClient - [AdminClient clientId=adminclient-3] Connection to node -1 (localhost/127.0.0.1:9092) could not be established. Broker may not be available.
[kafka-admin-client-thread | adminclient-7] INFO org.apache.kafka.clients.NetworkClient - [AdminClient clientId=adminclient-7] Node -1 disconnected.
[kafka-admin-client-thread | adminclient-7] WARN org.apache.kafka.clients.NetworkClient - [AdminClient clientId=adminclient-7] Connection to node -1 (localhost/127.0.0.1:9092) could not be established. Broker may not be available.
[kafka-admin-client-thread | adminclient-1] INFO org.apache.kafka.clients.NetworkClient - [AdminClient clientId=adminclient-1] Node -1 disconnected.
[kafka-admin-client-thread | adminclient-1] WARN org.apache.kafka.clients.NetworkClient - [AdminClient clientId=adminclient-1] Connection to node -1 (localhost/127.0.0.1:9092) could not be established. Broker may not be available.
[kafka-admin-client-thread | adminclient-2] INFO org.apache.kafka.clients.NetworkClient - [AdminClient clientId=adminclient-2] Node -1 disconnected.
[kafka-admin-client-thread | adminclient-2] WARN org.apache.kafka.clients.NetworkClient - [AdminClient clientId=adminclient-2] Connection to node -1 (localhost/127.0.0.1:9092) could not be established. Broker may not be available.
[kafka-producer-network-thread | producer-1] INFO org.apache.kafka.clients.NetworkClient - [Producer clientId=producer-1] Node -1 disconnected.
[kafka-producer-network-thread | producer-1] WARN org.apache.kafka.clients.NetworkClient - [Producer clientId=producer-1] Connection to node -1 (localhost/127.0.0.1:9092) could not be established. Broker may not be available.
[kafka-producer-network-thread | producer-1] WARN org.apache.kafka.clients.NetworkClient - [Producer clientId=producer-1] Bootstrap broker localhost:9092 (id: -1 rack: null) disconnected
[kafka-admin-client-thread | adminclient-4] INFO org.apache.kafka.clients.NetworkClient - [AdminClient clientId=adminclient-4] Node -1 disconnected.
[kafka-admin-client-thread | adminclient-4] WARN org.apache.kafka.clients.NetworkClient - [AdminClient clientId=adminclient-4] Connection to node -1 (localhost/127.0.0.1:9092) could not be established. Broker may not be available.
[kafka-admin-client-thread | adminclient-8] INFO org.apache.kafka.clients.NetworkClient - [AdminClient clientId=adminclient-8] Node -1 disconnected.
[kafka-admin-client-thread | adminclient-8] WARN org.apache.kafka.clients.NetworkClient - [AdminClient clientId=adminclient-8] Connection to node -1 (localhost/127.0.0.1:9092) could not be established. Broker may not be available.
[kafka-admin-client-thread | adminclient-7] INFO org.apache.kafka.clients.NetworkClient - [AdminClient clientId=adminclient-7] Node -1 disconnected.
[kafka-admin-client-thread | adminclient-7] WARN org.apache.kafka.clients.NetworkClient - [AdminClient clientId=adminclient-7] Connection to node -1 (localhost/127.0.0.1:9092) could not be established. Broker may not be available.
[kafka-admin-client-thread | adminclient-3] INFO org.apache.kafka.clients.NetworkClient - [AdminClient clientId=adminclient-3] Node -1 disconnected.
[kafka-admin-client-thread | adminclient-3] WARN org.apache.kafka.clients.NetworkClient - [AdminClient clientId=adminclient-3] Connection to node -1 (localhost/127.0.0.1:9092) could not be established. Broker may not be available.
[kafka-admin-client-thread | adminclient-2] INFO org.apache.kafka.clients.NetworkClient - [AdminClient clientId=adminclient-2] Node -1 disconnected.
[kafka-admin-client-thread | adminclient-2] WARN org.apache.kafka.clients.NetworkClient - [AdminClient clientId=adminclient-2] Connection to node -1 (localhost/127.0.0.1:9092) could not be established. Broker may not be available.
[kafka-producer-network-thread | producer-1] INFO org.apache.kafka.clients.NetworkClient - [Producer clientId=producer-1] Node -1 disconnected.
[kafka-producer-network-thread | producer-1] WARN org.apache.kafka.clients.NetworkClient - [Producer clientId=producer-1] Connection to node -1 (localhost/127.0.0.1:9092) could not be established. Broker may not be available.
[kafka-producer-network-thread | producer-1] WARN org.apache.kafka.clients.NetworkClient - [Producer clientId=producer-1] Bootstrap broker localhost:9092 (id: -1 rack: null) disconnected
[kafka-admin-client-thread | adminclient-1] INFO org.apache.kafka.clients.NetworkClient - [AdminClient clientId=adminclient-1] Node -1 disconnected.
[kafka-admin-client-thread | adminclient-1] WARN org.apache.kafka.clients.NetworkClient - [AdminClient clientId=adminclient-1] Connection to node -1 (localhost/127.0.0.1:9092) could not be established. Broker may not be available.
[kafka-admin-client-thread | adminclient-4] INFO org.apache.kafka.clients.NetworkClient - [AdminClient clientId=adminclient-4] Node -1 disconnected.
[kafka-admin-client-thread | adminclient-4] WARN org.apache.kafka.clients.NetworkClient - [AdminClient clientId=adminclient-4] Connection to node -1 (localhost/127.0.0.1:9092) could not be established. Broker may not be available.
[kafka-admin-client-thread | adminclient-8] INFO org.apache.kafka.clients.NetworkClient - [AdminClient clientId=adminclient-8] Node -1 disconnected.
[kafka-admin-client-thread | adminclient-8] WARN org.apache.kafka.clients.NetworkClient - [AdminClient clientId=adminclient-8] Connection to node -1 (localhost/127.0.0.1:9092) could not be established. Broker may not be available.
[kafka-admin-client-thread | adminclient-7] INFO org.apache.kafka.clients.NetworkClient - [AdminClient clientId=adminclient-7] Node -1 disconnected.
[kafka-admin-client-thread | adminclient-7] WARN org.apache.kafka.clients.NetworkClient - [AdminClient clientId=adminclient-7] Connection to node -1 (localhost/127.0.0.1:9092) could not be established. Broker may not be available.
[kafka-producer-network-thread | producer-1] INFO org.apache.kafka.clients.NetworkClient - [Producer clientId=producer-1] Node -1 disconnected.
[kafka-producer-network-thread | producer-1] WARN org.apache.kafka.clients.NetworkClient - [Producer clientId=producer-1] Connection to node -1 (localhost/127.0.0.1:9092) could not be established. Broker may not be available.
[kafka-producer-network-thread | producer-1] WARN org.apache.kafka.clients.NetworkClient - [Producer clientId=producer-1] Bootstrap broker localhost:9092 (id: -1 rack: null) disconnected
[kafka-admin-client-thread | adminclient-3] INFO org.apache.kafka.clients.NetworkClient - [AdminClient clientId=adminclient-3] Node -1 disconnected.
[kafka-admin-client-thread | adminclient-3] WARN org.apache.kafka.clients.NetworkClient - [AdminClient clientId=adminclient-3] Connection to node -1 (localhost/127.0.0.1:9092) could not be established. Broker may not be available.
[kafka-admin-client-thread | adminclient-2] INFO org.apache.kafka.clients.NetworkClient - [AdminClient clientId=adminclient-2] Node -1 disconnected.
[kafka-admin-client-thread | adminclient-2] WARN org.apache.kafka.clients.NetworkClient - [AdminClient clientId=adminclient-2] Connection to node -1 (localhost/127.0.0.1:9092) could not be established. Broker may not be available.
[kafka-admin-client-thread | adminclient-4] INFO org.apache.kafka.clients.NetworkClient - [AdminClient clientId=adminclient-4] Node -1 disconnected.
[kafka-admin-client-thread | adminclient-4] WARN org.apache.kafka.clients.NetworkClient - [AdminClient clientId=adminclient-4] Connection to node -1 (localhost/127.0.0.1:9092) could not be established. Broker may not be available.
[kafka-admin-client-thread | adminclient-1] INFO org.apache.kafka.clients.NetworkClient - [AdminClient clientId=adminclient-1] Node -1 disconnected.
[kafka-admin-client-thread | adminclient-1] WARN org.apache.kafka.clients.NetworkClient - [AdminClient clientId=adminclient-1] Connection to node -1 (localhost/127.0.0.1:9092) could not be established. Broker may not be available.
[kafka-admin-client-thread | adminclient-8] INFO org.apache.kafka.clients.NetworkClient - [AdminClient clientId=adminclient-8] Node -1 disconnected.
[kafka-admin-client-thread | adminclient-8] WARN org.apache.kafka.clients.NetworkClient - [AdminClient clientId=adminclient-8] Connection to node -1 (localhost/127.0.0.1:9092) could not be established. Broker may not be available.
[kafka-admin-client-thread | adminclient-7] INFO org.apache.kafka.clients.NetworkClient - [AdminClient clientId=adminclient-7] Node -1 disconnected.
[kafka-admin-client-thread | adminclient-7] WARN org.apache.kafka.clients.NetworkClient - [AdminClient clientId=adminclient-7] Connection to node -1 (localhost/127.0.0.1:9092) could not be established. Broker may not be available.
[kafka-admin-client-thread | adminclient-2] INFO org.apache.kafka.clients.NetworkClient - [AdminClient clientId=adminclient-2] Node -1 disconnected.
[kafka-admin-client-thread | adminclient-2] WARN org.apache.kafka.clients.NetworkClient - [AdminClient clientId=adminclient-2] Connection to node -1 (localhost/127.0.0.1:9092) could not be established. Broker may not be available.
[kafka-producer-network-thread | producer-1] INFO org.apache.kafka.clients.NetworkClient - [Producer clientId=producer-1] Node -1 disconnected.
[kafka-producer-network-thread | producer-1] WARN org.apache.kafka.clients.NetworkClient - [Producer clientId=producer-1] Connection to node -1 (localhost/127.0.0.1:9092) could not be established. Broker may not be available.
[kafka-producer-network-thread | producer-1] WARN org.apache.kafka.clients.NetworkClient - [Producer clientId=producer-1] Bootstrap broker localhost:9092 (id: -1 rack: null) disconnected
[kafka-admin-client-thread | adminclient-3] INFO org.apache.kafka.clients.NetworkClient - [AdminClient clientId=adminclient-3] Node -1 disconnected.
[kafka-admin-client-thread | adminclient-3] WARN org.apache.kafka.clients.NetworkClient - [AdminClient clientId=adminclient-3] Connection to node -1 (localhost/127.0.0.1:9092) could not be established. Broker may not be available.
[kafka-admin-client-thread | adminclient-4] INFO org.apache.kafka.clients.NetworkClient - [AdminClient clientId=adminclient-4] Node -1 disconnected.
[kafka-admin-client-thread | adminclient-4] WARN org.apache.kafka.clients.NetworkClient - [AdminClient clientId=adminclient-4] Connection to node -1 (localhost/127.0.0.1:9092) could not be established. Broker may not be available.
[kafka-admin-client-thread | adminclient-1] INFO org.apache.kafka.clients.NetworkClient - [AdminClient clientId=adminclient-1] Node -1 disconnected.
[kafka-admin-client-thread | adminclient-1] WARN org.apache.kafka.clients.NetworkClient - [AdminClient clientId=adminclient-1] Connection to node -1 (localhost/127.0.0.1:9092) could not be established. Broker may not be available.
[kafka-admin-client-thread | adminclient-8] INFO org.apache.kafka.clients.NetworkClient - [AdminClient clientId=adminclient-8] Node -1 disconnected.
[kafka-admin-client-thread | adminclient-8] WARN org.apache.kafka.clients.NetworkClient - [AdminClient clientId=adminclient-8] Connection to node -1 (localhost/127.0.0.1:9092) could not be established. Broker may not be available.
[kafka-admin-client-thread | adminclient-7] INFO org.apache.kafka.clients.NetworkClient - [AdminClient clientId=adminclient-7] Node -1 disconnected.
[kafka-admin-client-thread | adminclient-7] WARN org.apache.kafka.clients.NetworkClient - [AdminClient clientId=adminclient-7] Connection to node -1 (localhost/127.0.0.1:9092) could not be established. Broker may not be available.
[kafka-producer-network-thread | producer-1] INFO org.apache.kafka.clients.NetworkClient - [Producer clientId=producer-1] Node -1 disconnected.
[kafka-producer-network-thread | producer-1] WARN org.apache.kafka.clients.NetworkClient - [Producer clientId=producer-1] Connection to node -1 (localhost/127.0.0.1:9092) could not be established. Broker may not be available.
[kafka-producer-network-thread | producer-1] WARN org.apache.kafka.clients.NetworkClient - [Producer clientId=producer-1] Bootstrap broker localhost:9092 (id: -1 rack: null) disconnected
[kafka-admin-client-thread | adminclient-4] INFO org.apache.kafka.clients.NetworkClient - [AdminClient clientId=adminclient-4] Node -1 disconnected.
[kafka-admin-client-thread | adminclient-4] WARN org.apache.kafka.clients.NetworkClient - [AdminClient clientId=adminclient-4] Connection to node -1 (localhost/127.0.0.1:9092) could not be established. Broker may not be available.
[kafka-admin-client-thread | adminclient-2] INFO org.apache.kafka.clients.NetworkClient - [AdminClient clientId=adminclient-2] Node -1 disconnected.
[kafka-admin-client-thread | adminclient-2] WARN org.apache.kafka.clients.NetworkClient - [AdminClient clientId=adminclient-2] Connection to node -1 (localhost/127.0.0.1:9092) could not be established. Broker may not be available.
[kafka-admin-client-thread | adminclient-1] INFO org.apache.kafka.clients.NetworkClient - [AdminClient clientId=adminclient-1] Node -1 disconnected.
[kafka-admin-client-thread | adminclient-1] WARN org.apache.kafka.clients.NetworkClient - [AdminClient clientId=adminclient-1] Connection to node -1 (localhost/127.0.0.1:9092) could not be established. Broker may not be available.
[kafka-admin-client-thread | adminclient-3] INFO org.apache.kafka.clients.NetworkClient - [AdminClient clientId=adminclient-3] Node -1 disconnected.
[kafka-admin-client-thread | adminclient-3] WARN org.apache.kafka.clients.NetworkClient - [AdminClient clientId=adminclient-3] Connection to node -1 (localhost/127.0.0.1:9092) could not be established. Broker may not be available.
[kafka-admin-client-thread | adminclient-7] INFO org.apache.kafka.clients.NetworkClient - [AdminClient clientId=adminclient-7] Node -1 disconnected.
[kafka-admin-client-thread | adminclient-7] WARN org.apache.kafka.clients.NetworkClient - [AdminClient clientId=adminclient-7] Connection to node -1 (localhost/127.0.0.1:9092) could not be established. Broker may not be available.
[kafka-admin-client-thread | adminclient-8] INFO org.apache.kafka.clients.NetworkClient - [AdminClient clientId=adminclient-8] Node -1 disconnected.
[kafka-admin-client-thread | adminclient-8] WARN org.apache.kafka.clients.NetworkClient - [AdminClient clientId=adminclient-8] Connection to node -1 (localhost/127.0.0.1:9092) could not be established. Broker may not be available.
[kafka-producer-network-thread | producer-1] INFO org.apache.kafka.clients.NetworkClient - [Producer clientId=producer-1] Node -1 disconnected.
[kafka-producer-network-thread | producer-1] WARN org.apache.kafka.clients.NetworkClient - [Producer clientId=producer-1] Connection to node -1 (localhost/127.0.0.1:9092) could not be established. Broker may not be available.
[kafka-producer-network-thread | producer-1] WARN org.apache.kafka.clients.NetworkClient - [Producer clientId=producer-1] Bootstrap broker localhost:9092 (id: -1 rack: null) disconnected
[kafka-admin-client-thread | adminclient-1] INFO org.apache.kafka.clients.NetworkClient - [AdminClient clientId=adminclient-1] Node -1 disconnected.
[kafka-admin-client-thread | adminclient-2] INFO org.apache.kafka.clients.NetworkClient - [AdminClient clientId=adminclient-2] Node -1 disconnected.
[kafka-admin-client-thread | adminclient-1] WARN org.apache.kafka.clients.NetworkClient - [AdminClient clientId=adminclient-1] Connection to node -1 (localhost/127.0.0.1:9092) could not be established. Broker may not be available.
[kafka-admin-client-thread | adminclient-2] WARN org.apache.kafka.clients.NetworkClient - [AdminClient clientId=adminclient-2] Connection to node -1 (localhost/127.0.0.1:9092) could not be established. Broker may not be available.
[kafka-admin-client-thread | adminclient-4] INFO org.apache.kafka.clients.NetworkClient - [AdminClient clientId=adminclient-4] Node -1 disconnected.
[kafka-admin-client-thread | adminclient-4] WARN org.apache.kafka.clients.NetworkClient - [AdminClient clientId=adminclient-4] Connection to node -1 (localhost/127.0.0.1:9092) could not be established. Broker may not be available.
[kafka-admin-client-thread | adminclient-3] INFO org.apache.kafka.clients.NetworkClient - [AdminClient clientId=adminclient-3] Node -1 disconnected.
[kafka-admin-client-thread | adminclient-3] WARN org.apache.kafka.clients.NetworkClient - [AdminClient clientId=adminclient-3] Connection to node -1 (localhost/127.0.0.1:9092) could not be established. Broker may not be available.
[kafka-admin-client-thread | adminclient-7] INFO org.apache.kafka.clients.NetworkClient - [AdminClient clientId=adminclient-7] Node -1 disconnected.
[kafka-admin-client-thread | adminclient-7] WARN org.apache.kafka.clients.NetworkClient - [AdminClient clientId=adminclient-7] Connection to node -1 (localhost/127.0.0.1:9092) could not be established. Broker may not be available.
[kafka-admin-client-thread | adminclient-8] INFO org.apache.kafka.clients.NetworkClient - [AdminClient clientId=adminclient-8] Node -1 disconnected.
[kafka-admin-client-thread | adminclient-8] WARN org.apache.kafka.clients.NetworkClient - [AdminClient clientId=adminclient-8] Connection to node -1 (localhost/127.0.0.1:9092) could not be established. Broker may not be available.
[kafka-admin-client-thread | adminclient-2] INFO org.apache.kafka.clients.NetworkClient - [AdminClient clientId=adminclient-2] Node -1 disconnected.
[kafka-admin-client-thread | adminclient-2] WARN org.apache.kafka.clients.NetworkClient - [AdminClient clientId=adminclient-2] Connection to node -1 (localhost/127.0.0.1:9092) could not be established. Broker may not be available.
[kafka-producer-network-thread | producer-1] INFO org.apache.kafka.clients.NetworkClient - [Producer clientId=producer-1] Node -1 disconnected.
[kafka-producer-network-thread | producer-1] WARN org.apache.kafka.clients.NetworkClient - [Producer clientId=producer-1] Connection to node -1 (localhost/127.0.0.1:9092) could not be established. Broker may not be available.
[kafka-producer-network-thread | producer-1] WARN org.apache.kafka.clients.NetworkClient - [Producer clientId=producer-1] Bootstrap broker localhost:9092 (id: -1 rack: null) disconnected
[kafka-admin-client-thread | adminclient-4] INFO org.apache.kafka.clients.NetworkClient - [AdminClient clientId=adminclient-4] Node -1 disconnected.
[kafka-admin-client-thread | adminclient-4] WARN org.apache.kafka.clients.NetworkClient - [AdminClient clientId=adminclient-4] Connection to node -1 (localhost/127.0.0.1:9092) could not be established. Broker may not be available.
[kafka-admin-client-thread | adminclient-3] INFO org.apache.kafka.clients.NetworkClient - [AdminClient clientId=adminclient-3] Node -1 disconnected.
[kafka-admin-client-thread | adminclient-3] WARN org.apache.kafka.clients.NetworkClient - [AdminClient clientId=adminclient-3] Connection to node -1 (localhost/127.0.0.1:9092) could not be established. Broker may not be available.
[kafka-admin-client-thread | adminclient-1] INFO org.apache.kafka.clients.NetworkClient - [AdminClient clientId=adminclient-1] Node -1 disconnected.
[kafka-admin-client-thread | adminclient-1] WARN org.apache.kafka.clients.NetworkClient - [AdminClient clientId=adminclient-1] Connection to node -1 (localhost/127.0.0.1:9092) could not be established. Broker may not be available.
[kafka-admin-client-thread | adminclient-7] INFO org.apache.kafka.clients.NetworkClient - [AdminClient clientId=adminclient-7] Node -1 disconnected.
[kafka-admin-client-thread | adminclient-7] WARN org.apache.kafka.clients.NetworkClient - [AdminClient clientId=adminclient-7] Connection to node -1 (localhost/127.0.0.1:9092) could not be established. Broker may not be available.
[kafka-admin-client-thread | adminclient-8] INFO org.apache.kafka.clients.NetworkClient - [AdminClient clientId=adminclient-8] Node -1 disconnected.
[kafka-admin-client-thread | adminclient-8] WARN org.apache.kafka.clients.NetworkClient - [AdminClient clientId=adminclient-8] Connection to node -1 (localhost/127.0.0.1:9092) could not be established. Broker may not be available.
[kafka-producer-network-thread | producer-1] INFO org.apache.kafka.clients.NetworkClient - [Producer clientId=producer-1] Node -1 disconnected.
[kafka-producer-network-thread | producer-1] WARN org.apache.kafka.clients.NetworkClient - [Producer clientId=producer-1] Connection to node -1 (localhost/127.0.0.1:9092) could not be established. Broker may not be available.
[kafka-producer-network-thread | producer-1] WARN org.apache.kafka.clients.NetworkClient - [Producer clientId=producer-1] Bootstrap broker localhost:9092 (id: -1 rack: null) disconnected
[kafka-admin-client-thread | adminclient-1] INFO org.apache.kafka.clients.NetworkClient - [AdminClient clientId=adminclient-1] Node -1 disconnected.
[kafka-admin-client-thread | adminclient-1] WARN org.apache.kafka.clients.NetworkClient - [AdminClient clientId=adminclient-1] Connection to node -1 (localhost/127.0.0.1:9092) could not be established. Broker may not be available.
[kafka-admin-client-thread | adminclient-3] INFO org.apache.kafka.clients.NetworkClient - [AdminClient clientId=adminclient-3] Node -1 disconnected.
[kafka-admin-client-thread | adminclient-3] WARN org.apache.kafka.clients.NetworkClient - [AdminClient clientId=adminclient-3] Connection to node -1 (localhost/127.0.0.1:9092) could not be established. Broker may not be available.
[kafka-admin-client-thread | adminclient-2] INFO org.apache.kafka.clients.NetworkClient - [AdminClient clientId=adminclient-2] Node -1 disconnected.
[kafka-admin-client-thread | adminclient-2] WARN org.apache.kafka.clients.NetworkClient - [AdminClient clientId=adminclient-2] Connection to node -1 (localhost/127.0.0.1:9092) could not be established. Broker may not be available.
[kafka-admin-client-thread | adminclient-4] INFO org.apache.kafka.clients.NetworkClient - [AdminClient clientId=adminclient-4] Node -1 disconnected.
[kafka-admin-client-thread | adminclient-4] WARN org.apache.kafka.clients.NetworkClient - [AdminClient clientId=adminclient-4] Connection to node -1 (localhost/127.0.0.1:9092) could not be established. Broker may not be available.
[kafka-admin-client-thread | adminclient-7] INFO org.apache.kafka.clients.NetworkClient - [AdminClient clientId=adminclient-7] Node -1 disconnected.
[kafka-admin-client-thread | adminclient-7] WARN org.apache.kafka.clients.NetworkClient - [AdminClient clientId=adminclient-7] Connection to node -1 (localhost/127.0.0.1:9092) could not be established. Broker may not be available.
[kafka-admin-client-thread | adminclient-8] INFO org.apache.kafka.clients.NetworkClient - [AdminClient clientId=adminclient-8] Node -1 disconnected.
[kafka-admin-client-thread | adminclient-8] WARN org.apache.kafka.clients.NetworkClient - [AdminClient clientId=adminclient-8] Connection to node -1 (localhost/127.0.0.1:9092) could not be established. Broker may not be available.
[kafka-producer-network-thread | producer-1] INFO org.apache.kafka.clients.NetworkClient - [Producer clientId=producer-1] Node -1 disconnected.
[kafka-producer-network-thread | producer-1] WARN org.apache.kafka.clients.NetworkClient - [Producer clientId=producer-1] Connection to node -1 (localhost/127.0.0.1:9092) could not be established. Broker may not be available.
[kafka-producer-network-thread | producer-1] WARN org.apache.kafka.clients.NetworkClient - [Producer clientId=producer-1] Bootstrap broker localhost:9092 (id: -1 rack: null) disconnected
[kafka-admin-client-thread | adminclient-1] INFO org.apache.kafka.clients.NetworkClient - [AdminClient clientId=adminclient-1] Node -1 disconnected.
[kafka-admin-client-thread | adminclient-1] WARN org.apache.kafka.clients.NetworkClient - [AdminClient clientId=adminclient-1] Connection to node -1 (localhost/127.0.0.1:9092) could not be established. Broker may not be available.
[kafka-admin-client-thread | adminclient-4] INFO org.apache.kafka.clients.NetworkClient - [AdminClient clientId=adminclient-4] Node -1 disconnected.
[kafka-admin-client-thread | adminclient-4] WARN org.apache.kafka.clients.NetworkClient - [AdminClient clientId=adminclient-4] Connection to node -1 (localhost/127.0.0.1:9092) could not be established. Broker may not be available.
[kafka-admin-client-thread | adminclient-3] INFO org.apache.kafka.clients.NetworkClient - [AdminClient clientId=adminclient-3] Node -1 disconnected.
[kafka-admin-client-thread | adminclient-3] WARN org.apache.kafka.clients.NetworkClient - [AdminClient clientId=adminclient-3] Connection to node -1 (localhost/127.0.0.1:9092) could not be established. Broker may not be available.
[kafka-admin-client-thread | adminclient-7] INFO org.apache.kafka.clients.NetworkClient - [AdminClient clientId=adminclient-7] Node -1 disconnected.
[kafka-admin-client-thread | adminclient-7] WARN org.apache.kafka.clients.NetworkClient - [AdminClient clientId=adminclient-7] Connection to node -1 (localhost/127.0.0.1:9092) could not be established. Broker may not be available.
[kafka-admin-client-thread | adminclient-2] INFO org.apache.kafka.clients.NetworkClient - [AdminClient clientId=adminclient-2] Node -1 disconnected.
[kafka-admin-client-thread | adminclient-2] WARN org.apache.kafka.clients.NetworkClient - [AdminClient clientId=adminclient-2] Connection to node -1 (localhost/127.0.0.1:9092) could not be established. Broker may not be available.
[kafka-admin-client-thread | adminclient-8] INFO org.apache.kafka.clients.NetworkClient - [AdminClient clientId=adminclient-8] Node -1 disconnected.
[kafka-admin-client-thread | adminclient-8] WARN org.apache.kafka.clients.NetworkClient - [AdminClient clientId=adminclient-8] Connection to node -1 (localhost/127.0.0.1:9092) could not be established. Broker may not be available.
[kafka-producer-network-thread | producer-1] INFO org.apache.kafka.clients.NetworkClient - [Producer clientId=producer-1] Node -1 disconnected.
[kafka-producer-network-thread | producer-1] WARN org.apache.kafka.clients.NetworkClient - [Producer clientId=producer-1] Connection to node -1 (localhost/127.0.0.1:9092) could not be established. Broker may not be available.
[kafka-producer-network-thread | producer-1] WARN org.apache.kafka.clients.NetworkClient - [Producer clientId=producer-1] Bootstrap broker localhost:9092 (id: -1 rack: null) disconnected
[kafka-admin-client-thread | adminclient-2] INFO org.apache.kafka.clients.NetworkClient - [AdminClient clientId=adminclient-2] Node -1 disconnected.
[kafka-admin-client-thread | adminclient-2] WARN org.apache.kafka.clients.NetworkClient - [AdminClient clientId=adminclient-2] Connection to node -1 (localhost/127.0.0.1:9092) could not be established. Broker may not be available.
[kafka-admin-client-thread | adminclient-1] INFO org.apache.kafka.clients.NetworkClient - [AdminClient clientId=adminclient-1] Node -1 disconnected.
[kafka-admin-client-thread | adminclient-1] WARN org.apache.kafka.clients.NetworkClient - [AdminClient clientId=adminclient-1] Connection to node -1 (localhost/127.0.0.1:9092) could not be established. Broker may not be available.
[kafka-admin-client-thread | adminclient-3] INFO org.apache.kafka.clients.NetworkClient - [AdminClient clientId=adminclient-3] Node -1 disconnected.
[kafka-admin-client-thread | adminclient-3] WARN org.apache.kafka.clients.NetworkClient - [AdminClient clientId=adminclient-3] Connection to node -1 (localhost/127.0.0.1:9092) could not be established. Broker may not be available.
[kafka-admin-client-thread | adminclient-4] INFO org.apache.kafka.clients.NetworkClient - [AdminClient clientId=adminclient-4] Node -1 disconnected.
[kafka-admin-client-thread | adminclient-4] WARN org.apache.kafka.clients.NetworkClient - [AdminClient clientId=adminclient-4] Connection to node -1 (localhost/127.0.0.1:9092) could not be established. Broker may not be available.
[kafka-admin-client-thread | adminclient-7] INFO org.apache.kafka.clients.NetworkClient - [AdminClient clientId=adminclient-7] Node -1 disconnected.
[kafka-admin-client-thread | adminclient-7] WARN org.apache.kafka.clients.NetworkClient - [AdminClient clientId=adminclient-7] Connection to node -1 (localhost/127.0.0.1:9092) could not be established. Broker may not be available.
[kafka-admin-client-thread | adminclient-8] INFO org.apache.kafka.clients.NetworkClient - [AdminClient clientId=adminclient-8] Node -1 disconnected.
[kafka-admin-client-thread | adminclient-8] WARN org.apache.kafka.clients.NetworkClient - [AdminClient clientId=adminclient-8] Connection to node -1 (localhost/127.0.0.1:9092) could not be established. Broker may not be available.
[kafka-producer-network-thread | producer-1] INFO org.apache.kafka.clients.NetworkClient - [Producer clientId=producer-1] Node -1 disconnected.
[kafka-producer-network-thread | producer-1] WARN org.apache.kafka.clients.NetworkClient - [Producer clientId=producer-1] Connection to node -1 (localhost/127.0.0.1:9092) could not be established. Broker may not be available.
[kafka-producer-network-thread | producer-1] WARN org.apache.kafka.clients.NetworkClient - [Producer clientId=producer-1] Bootstrap broker localhost:9092 (id: -1 rack: null) disconnected
[kafka-admin-client-thread | adminclient-4] INFO org.apache.kafka.clients.NetworkClient - [AdminClient clientId=adminclient-4] Node -1 disconnected.
[kafka-admin-client-thread | adminclient-4] WARN org.apache.kafka.clients.NetworkClient - [AdminClient clientId=adminclient-4] Connection to node -1 (localhost/127.0.0.1:9092) could not be established. Broker may not be available.
[kafka-admin-client-thread | adminclient-1] INFO org.apache.kafka.clients.NetworkClient - [AdminClient clientId=adminclient-1] Node -1 disconnected.
[kafka-admin-client-thread | adminclient-1] WARN org.apache.kafka.clients.NetworkClient - [AdminClient clientId=adminclient-1] Connection to node -1 (localhost/127.0.0.1:9092) could not be established. Broker may not be available.
[kafka-admin-client-thread | adminclient-3] INFO org.apache.kafka.clients.NetworkClient - [AdminClient clientId=adminclient-3] Node -1 disconnected.
[kafka-admin-client-thread | adminclient-3] WARN org.apache.kafka.clients.NetworkClient - [AdminClient clientId=adminclient-3] Connection to node -1 (localhost/127.0.0.1:9092) could not be established. Broker may not be available.
[kafka-admin-client-thread | adminclient-7] INFO org.apache.kafka.clients.NetworkClient - [AdminClient clientId=adminclient-7] Node -1 disconnected.
[kafka-admin-client-thread | adminclient-7] WARN org.apache.kafka.clients.NetworkClient - [AdminClient clientId=adminclient-7] Connection to node -1 (localhost/127.0.0.1:9092) could not be established. Broker may not be available.
[kafka-admin-client-thread | adminclient-2] INFO org.apache.kafka.clients.NetworkClient - [AdminClient clientId=adminclient-2] Node -1 disconnected.
[kafka-admin-client-thread | adminclient-2] WARN org.apache.kafka.clients.NetworkClient - [AdminClient clientId=adminclient-2] Connection to node -1 (localhost/127.0.0.1:9092) could not be established. Broker may not be available.
[kafka-admin-client-thread | adminclient-8] INFO org.apache.kafka.clients.NetworkClient - [AdminClient clientId=adminclient-8] Node -1 disconnected.
[kafka-admin-client-thread | adminclient-8] WARN org.apache.kafka.clients.NetworkClient - [AdminClient clientId=adminclient-8] Connection to node -1 (localhost/127.0.0.1:9092) could not be established. Broker may not be available.
[kafka-producer-network-thread | producer-1] INFO org.apache.kafka.clients.NetworkClient - [Producer clientId=producer-1] Node -1 disconnected.
[kafka-producer-network-thread | producer-1] WARN org.apache.kafka.clients.NetworkClient - [Producer clientId=producer-1] Connection to node -1 (localhost/127.0.0.1:9092) could not be established. Broker may not be available.
[kafka-producer-network-thread | producer-1] WARN org.apache.kafka.clients.NetworkClient - [Producer clientId=producer-1] Bootstrap broker localhost:9092 (id: -1 rack: null) disconnected
[kafka-admin-client-thread | adminclient-4] INFO org.apache.kafka.clients.NetworkClient - [AdminClient clientId=adminclient-4] Node -1 disconnected.
[kafka-admin-client-thread | adminclient-4] WARN org.apache.kafka.clients.NetworkClient - [AdminClient clientId=adminclient-4] Connection to node -1 (localhost/127.0.0.1:9092) could not be established. Broker may not be available.
[kafka-admin-client-thread | adminclient-2] INFO org.apache.kafka.clients.NetworkClient - [AdminClient clientId=adminclient-2] Node -1 disconnected.
[kafka-admin-client-thread | adminclient-2] WARN org.apache.kafka.clients.NetworkClient - [AdminClient clientId=adminclient-2] Connection to node -1 (localhost/127.0.0.1:9092) could not be established. Broker may not be available.
[kafka-admin-client-thread | adminclient-1] INFO org.apache.kafka.clients.NetworkClient - [AdminClient clientId=adminclient-1] Node -1 disconnected.
[kafka-admin-client-thread | adminclient-1] WARN org.apache.kafka.clients.NetworkClient - [AdminClient clientId=adminclient-1] Connection to node -1 (localhost/127.0.0.1:9092) could not be established. Broker may not be available.
[kafka-admin-client-thread | adminclient-3] INFO org.apache.kafka.clients.NetworkClient - [AdminClient clientId=adminclient-3] Node -1 disconnected.
[kafka-admin-client-thread | adminclient-3] WARN org.apache.kafka.clients.NetworkClient - [AdminClient clientId=adminclient-3] Connection to node -1 (localhost/127.0.0.1:9092) could not be established. Broker may not be available.
[kafka-admin-client-thread | adminclient-7] INFO org.apache.kafka.clients.NetworkClient - [AdminClient clientId=adminclient-7] Node -1 disconnected.
[kafka-admin-client-thread | adminclient-7] WARN org.apache.kafka.clients.NetworkClient - [AdminClient clientId=adminclient-7] Connection to node -1 (localhost/127.0.0.1:9092) could not be established. Broker may not be available.
[kafka-admin-client-thread | adminclient-8] INFO org.apache.kafka.clients.NetworkClient - [AdminClient clientId=adminclient-8] Node -1 disconnected.
[kafka-admin-client-thread | adminclient-8] WARN org.apache.kafka.clients.NetworkClient - [AdminClient clientId=adminclient-8] Connection to node -1 (localhost/127.0.0.1:9092) could not be established. Broker may not be available.
[kafka-producer-network-thread | producer-1] INFO org.apache.kafka.clients.NetworkClient - [Producer clientId=producer-1] Node -1 disconnected.
[kafka-producer-network-thread | producer-1] WARN org.apache.kafka.clients.NetworkClient - [Producer clientId=producer-1] Connection to node -1 (localhost/127.0.0.1:9092) could not be established. Broker may not be available.
[kafka-producer-network-thread | producer-1] WARN org.apache.kafka.clients.NetworkClient - [Producer clientId=producer-1] Bootstrap broker localhost:9092 (id: -1 rack: null) disconnected
[kafka-admin-client-thread | adminclient-1] INFO org.apache.kafka.clients.NetworkClient - [AdminClient clientId=adminclient-1] Node -1 disconnected.
[kafka-admin-client-thread | adminclient-1] WARN org.apache.kafka.clients.NetworkClient - [AdminClient clientId=adminclient-1] Connection to node -1 (localhost/127.0.0.1:9092) could not be established. Broker may not be available.
[kafka-admin-client-thread | adminclient-2] INFO org.apache.kafka.clients.NetworkClient - [AdminClient clientId=adminclient-2] Node -1 disconnected.
[kafka-admin-client-thread | adminclient-2] WARN org.apache.kafka.clients.NetworkClient - [AdminClient clientId=adminclient-2] Connection to node -1 (localhost/127.0.0.1:9092) could not be established. Broker may not be available.
[kafka-admin-client-thread | adminclient-4] INFO org.apache.kafka.clients.NetworkClient - [AdminClient clientId=adminclient-4] Node -1 disconnected.
[kafka-admin-client-thread | adminclient-4] WARN org.apache.kafka.clients.NetworkClient - [AdminClient clientId=adminclient-4] Connection to node -1 (localhost/127.0.0.1:9092) could not be established. Broker may not be available.
[kafka-admin-client-thread | adminclient-7] INFO org.apache.kafka.clients.NetworkClient - [AdminClient clientId=adminclient-7] Node -1 disconnected.
[kafka-admin-client-thread | adminclient-7] WARN org.apache.kafka.clients.NetworkClient - [AdminClient clientId=adminclient-7] Connection to node -1 (localhost/127.0.0.1:9092) could not be established. Broker may not be available.
[kafka-admin-client-thread | adminclient-3] INFO org.apache.kafka.clients.NetworkClient - [AdminClient clientId=adminclient-3] Node -1 disconnected.
[kafka-admin-client-thread | adminclient-3] WARN org.apache.kafka.clients.NetworkClient - [AdminClient clientId=adminclient-3] Connection to node -1 (localhost/127.0.0.1:9092) could not be established. Broker may not be available.
[kafka-admin-client-thread | adminclient-8] INFO org.apache.kafka.clients.NetworkClient - [AdminClient clientId=adminclient-8] Node -1 disconnected.
[kafka-admin-client-thread | adminclient-8] WARN org.apache.kafka.clients.NetworkClient - [AdminClient clientId=adminclient-8] Connection to node -1 (localhost/127.0.0.1:9092) could not be established. Broker may not be available.
[kafka-producer-network-thread | producer-1] INFO org.apache.kafka.clients.NetworkClient - [Producer clientId=producer-1] Node -1 disconnected.
[kafka-producer-network-thread | producer-1] WARN org.apache.kafka.clients.NetworkClient - [Producer clientId=producer-1] Connection to node -1 (localhost/127.0.0.1:9092) could not be established. Broker may not be available.
[kafka-producer-network-thread | producer-1] WARN org.apache.kafka.clients.NetworkClient - [Producer clientId=producer-1] Bootstrap broker localhost:9092 (id: -1 rack: null) disconnected
[kafka-admin-client-thread | adminclient-7] INFO org.apache.kafka.clients.NetworkClient - [AdminClient clientId=adminclient-7] Node -1 disconnected.
[kafka-admin-client-thread | adminclient-7] WARN org.apache.kafka.clients.NetworkClient - [AdminClient clientId=adminclient-7] Connection to node -1 (localhost/127.0.0.1:9092) could not be established. Broker may not be available.
[kafka-admin-client-thread | adminclient-1] INFO org.apache.kafka.clients.NetworkClient - [AdminClient clientId=adminclient-1] Node -1 disconnected.
[kafka-admin-client-thread | adminclient-1] WARN org.apache.kafka.clients.NetworkClient - [AdminClient clientId=adminclient-1] Connection to node -1 (localhost/127.0.0.1:9092) could not be established. Broker may not be available.
[kafka-admin-client-thread | adminclient-2] INFO org.apache.kafka.clients.NetworkClient - [AdminClient clientId=adminclient-2] Node -1 disconnected.
[kafka-admin-client-thread | adminclient-2] WARN org.apache.kafka.clients.NetworkClient - [AdminClient clientId=adminclient-2] Connection to node -1 (localhost/127.0.0.1:9092) could not be established. Broker may not be available.
[kafka-admin-client-thread | adminclient-3] INFO org.apache.kafka.clients.NetworkClient - [AdminClient clientId=adminclient-3] Node -1 disconnected.
[kafka-admin-client-thread | adminclient-3] WARN org.apache.kafka.clients.NetworkClient - [AdminClient clientId=adminclient-3] Connection to node -1 (localhost/127.0.0.1:9092) could not be established. Broker may not be available.
[kafka-admin-client-thread | adminclient-4] INFO org.apache.kafka.clients.NetworkClient - [AdminClient clientId=adminclient-4] Node -1 disconnected.
[kafka-admin-client-thread | adminclient-4] WARN org.apache.kafka.clients.NetworkClient - [AdminClient clientId=adminclient-4] Connection to node -1 (localhost/127.0.0.1:9092) could not be established. Broker may not be available.
[kafka-admin-client-thread | adminclient-8] INFO org.apache.kafka.clients.NetworkClient - [AdminClient clientId=adminclient-8] Node -1 disconnected.
[kafka-admin-client-thread | adminclient-8] WARN org.apache.kafka.clients.NetworkClient - [AdminClient clientId=adminclient-8] Connection to node -1 (localhost/127.0.0.1:9092) could not be established. Broker may not be available.
[kafka-producer-network-thread | producer-1] INFO org.apache.kafka.clients.NetworkClient - [Producer clientId=producer-1] Node -1 disconnected.
[kafka-producer-network-thread | producer-1] WARN org.apache.kafka.clients.NetworkClient - [Producer clientId=producer-1] Connection to node -1 (localhost/127.0.0.1:9092) could not be established. Broker may not be available.
[kafka-producer-network-thread | producer-1] WARN org.apache.kafka.clients.NetworkClient - [Producer clientId=producer-1] Bootstrap broker localhost:9092 (id: -1 rack: null) disconnected
[kafka-admin-client-thread | adminclient-1] INFO org.apache.kafka.clients.NetworkClient - [AdminClient clientId=adminclient-1] Node -1 disconnected.
[kafka-admin-client-thread | adminclient-1] WARN org.apache.kafka.clients.NetworkClient - [AdminClient clientId=adminclient-1] Connection to node -1 (localhost/127.0.0.1:9092) could not be established. Broker may not be available.
[kafka-admin-client-thread | adminclient-3] INFO org.apache.kafka.clients.NetworkClient - [AdminClient clientId=adminclient-3] Node -1 disconnected.
[kafka-admin-client-thread | adminclient-3] WARN org.apache.kafka.clients.NetworkClient - [AdminClient clientId=adminclient-3] Connection to node -1 (localhost/127.0.0.1:9092) could not be established. Broker may not be available.
[kafka-admin-client-thread | adminclient-7] INFO org.apache.kafka.clients.NetworkClient - [AdminClient clientId=adminclient-7] Node -1 disconnected.
[kafka-admin-client-thread | adminclient-7] WARN org.apache.kafka.clients.NetworkClient - [AdminClient clientId=adminclient-7] Connection to node -1 (localhost/127.0.0.1:9092) could not be established. Broker may not be available.
[kafka-admin-client-thread | adminclient-2] INFO org.apache.kafka.clients.NetworkClient - [AdminClient clientId=adminclient-2] Node -1 disconnected.
[kafka-admin-client-thread | adminclient-2] WARN org.apache.kafka.clients.NetworkClient - [AdminClient clientId=adminclient-2] Connection to node -1 (localhost/127.0.0.1:9092) could not be established. Broker may not be available.
[kafka-admin-client-thread | adminclient-4] INFO org.apache.kafka.clients.NetworkClient - [AdminClient clientId=adminclient-4] Node -1 disconnected.
[kafka-admin-client-thread | adminclient-4] WARN org.apache.kafka.clients.NetworkClient - [AdminClient clientId=adminclient-4] Connection to node -1 (localhost/127.0.0.1:9092) could not be established. Broker may not be available.
[kafka-admin-client-thread | adminclient-8] INFO org.apache.kafka.clients.NetworkClient - [AdminClient clientId=adminclient-8] Node -1 disconnected.
[kafka-admin-client-thread | adminclient-8] WARN org.apache.kafka.clients.NetworkClient - [AdminClient clientId=adminclient-8] Connection to node -1 (localhost/127.0.0.1:9092) could not be established. Broker may not be available.
[kafka-producer-network-thread | producer-1] INFO org.apache.kafka.clients.NetworkClient - [Producer clientId=producer-1] Node -1 disconnected.
[kafka-producer-network-thread | producer-1] WARN org.apache.kafka.clients.NetworkClient - [Producer clientId=producer-1] Connection to node -1 (localhost/127.0.0.1:9092) could not be established. Broker may not be available.
[kafka-producer-network-thread | producer-1] WARN org.apache.kafka.clients.NetworkClient - [Producer clientId=producer-1] Bootstrap broker localhost:9092 (id: -1 rack: null) disconnected
[kafka-admin-client-thread | adminclient-2] INFO org.apache.kafka.clients.NetworkClient - [AdminClient clientId=adminclient-2] Node -1 disconnected.
[kafka-admin-client-thread | adminclient-2] WARN org.apache.kafka.clients.NetworkClient - [AdminClient clientId=adminclient-2] Connection to node -1 (localhost/127.0.0.1:9092) could not be established. Broker may not be available.
[kafka-admin-client-thread | adminclient-3] INFO org.apache.kafka.clients.NetworkClient - [AdminClient clientId=adminclient-3] Node -1 disconnected.
[kafka-admin-client-thread | adminclient-3] WARN org.apache.kafka.clients.NetworkClient - [AdminClient clientId=adminclient-3] Connection to node -1 (localhost/127.0.0.1:9092) could not be established. Broker may not be available.
[kafka-admin-client-thread | adminclient-7] INFO org.apache.kafka.clients.NetworkClient - [AdminClient clientId=adminclient-7] Node -1 disconnected.
[kafka-admin-client-thread | adminclient-7] WARN org.apache.kafka.clients.NetworkClient - [AdminClient clientId=adminclient-7] Connection to node -1 (localhost/127.0.0.1:9092) could not be established. Broker may not be available.
[kafka-admin-client-thread | adminclient-1] INFO org.apache.kafka.clients.NetworkClient - [AdminClient clientId=adminclient-1] Node -1 disconnected.
[kafka-admin-client-thread | adminclient-1] WARN org.apache.kafka.clients.NetworkClient - [AdminClient clientId=adminclient-1] Connection to node -1 (localhost/127.0.0.1:9092) could not be established. Broker may not be available.
[kafka-admin-client-thread | adminclient-4] INFO org.apache.kafka.clients.NetworkClient - [AdminClient clientId=adminclient-4] Node -1 disconnected.
[kafka-admin-client-thread | adminclient-4] WARN org.apache.kafka.clients.NetworkClient - [AdminClient clientId=adminclient-4] Connection to node -1 (localhost/127.0.0.1:9092) could not be established. Broker may not be available.
[kafka-admin-client-thread | adminclient-8] INFO org.apache.kafka.clients.NetworkClient - [AdminClient clientId=adminclient-8] Node -1 disconnected.
[kafka-admin-client-thread | adminclient-8] WARN org.apache.kafka.clients.NetworkClient - [AdminClient clientId=adminclient-8] Connection to node -1 (localhost/127.0.0.1:9092) could not be established. Broker may not be available.
[kafka-producer-network-thread | producer-1] INFO org.apache.kafka.clients.NetworkClient - [Producer clientId=producer-1] Node -1 disconnected.
[kafka-producer-network-thread | producer-1] WARN org.apache.kafka.clients.NetworkClient - [Producer clientId=producer-1] Connection to node -1 (localhost/127.0.0.1:9092) could not be established. Broker may not be available.
[kafka-producer-network-thread | producer-1] WARN org.apache.kafka.clients.NetworkClient - [Producer clientId=producer-1] Bootstrap broker localhost:9092 (id: -1 rack: null) disconnected
[kafka-admin-client-thread | adminclient-7] INFO org.apache.kafka.clients.NetworkClient - [AdminClient clientId=adminclient-7] Node -1 disconnected.
[kafka-admin-client-thread | adminclient-7] WARN org.apache.kafka.clients.NetworkClient - [AdminClient clientId=adminclient-7] Connection to node -1 (localhost/127.0.0.1:9092) could not be established. Broker may not be available.
[kafka-admin-client-thread | adminclient-1] INFO org.apache.kafka.clients.NetworkClient - [AdminClient clientId=adminclient-1] Node -1 disconnected.
[kafka-admin-client-thread | adminclient-1] WARN org.apache.kafka.clients.NetworkClient - [AdminClient clientId=adminclient-1] Connection to node -1 (localhost/127.0.0.1:9092) could not be established. Broker may not be available.
[kafka-admin-client-thread | adminclient-2] INFO org.apache.kafka.clients.NetworkClient - [AdminClient clientId=adminclient-2] Node -1 disconnected.
[kafka-admin-client-thread | adminclient-2] WARN org.apache.kafka.clients.NetworkClient - [AdminClient clientId=adminclient-2] Connection to node -1 (localhost/127.0.0.1:9092) could not be established. Broker may not be available.
[kafka-admin-client-thread | adminclient-3] INFO org.apache.kafka.clients.NetworkClient - [AdminClient clientId=adminclient-3] Node -1 disconnected.
[kafka-admin-client-thread | adminclient-3] WARN org.apache.kafka.clients.NetworkClient - [AdminClient clientId=adminclient-3] Connection to node -1 (localhost/127.0.0.1:9092) could not be established. Broker may not be available.
[kafka-admin-client-thread | adminclient-4] INFO org.apache.kafka.clients.NetworkClient - [AdminClient clientId=adminclient-4] Node -1 disconnected.
[kafka-admin-client-thread | adminclient-4] WARN org.apache.kafka.clients.NetworkClient - [AdminClient clientId=adminclient-4] Connection to node -1 (localhost/127.0.0.1:9092) could not be established. Broker may not be available.
[kafka-admin-client-thread | adminclient-8] INFO org.apache.kafka.clients.NetworkClient - [AdminClient clientId=adminclient-8] Node -1 disconnected.
[kafka-admin-client-thread | adminclient-8] WARN org.apache.kafka.clients.NetworkClient - [AdminClient clientId=adminclient-8] Connection to node -1 (localhost/127.0.0.1:9092) could not be established. Broker may not be available.
[kafka-admin-client-thread | adminclient-7] INFO org.apache.kafka.clients.NetworkClient - [AdminClient clientId=adminclient-7] Node -1 disconnected.
[kafka-admin-client-thread | adminclient-7] WARN org.apache.kafka.clients.NetworkClient - [AdminClient clientId=adminclient-7] Connection to node -1 (localhost/127.0.0.1:9092) could not be established. Broker may not be available.
[kafka-producer-network-thread | producer-1] INFO org.apache.kafka.clients.NetworkClient - [Producer clientId=producer-1] Node -1 disconnected.
[kafka-producer-network-thread | producer-1] WARN org.apache.kafka.clients.NetworkClient - [Producer clientId=producer-1] Connection to node -1 (localhost/127.0.0.1:9092) could not be established. Broker may not be available.
[kafka-producer-network-thread | producer-1] WARN org.apache.kafka.clients.NetworkClient - [Producer clientId=producer-1] Bootstrap broker localhost:9092 (id: -1 rack: null) disconnected
[kafka-admin-client-thread | adminclient-1] INFO org.apache.kafka.clients.NetworkClient - [AdminClient clientId=adminclient-1] Node -1 disconnected.
[kafka-admin-client-thread | adminclient-1] WARN org.apache.kafka.clients.NetworkClient - [AdminClient clientId=adminclient-1] Connection to node -1 (localhost/127.0.0.1:9092) could not be established. Broker may not be available.
[kafka-admin-client-thread | adminclient-2] INFO org.apache.kafka.clients.NetworkClient - [AdminClient clientId=adminclient-2] Node -1 disconnected.
[kafka-admin-client-thread | adminclient-2] WARN org.apache.kafka.clients.NetworkClient - [AdminClient clientId=adminclient-2] Connection to node -1 (localhost/127.0.0.1:9092) could not be established. Broker may not be available.
[kafka-admin-client-thread | adminclient-4] INFO org.apache.kafka.clients.NetworkClient - [AdminClient clientId=adminclient-4] Node -1 disconnected.
[kafka-admin-client-thread | adminclient-4] WARN org.apache.kafka.clients.NetworkClient - [AdminClient clientId=adminclient-4] Connection to node -1 (localhost/127.0.0.1:9092) could not be established. Broker may not be available.
[kafka-admin-client-thread | adminclient-1] INFO org.apache.kafka.clients.admin.internals.AdminMetadataManager - [AdminClient clientId=adminclient-1] Metadata update failed
org.apache.kafka.common.errors.TimeoutException: Timed out waiting for a node assignment. Call: fetchMetadata
[kafka-admin-client-thread | adminclient-2] INFO org.apache.kafka.clients.admin.internals.AdminMetadataManager - [AdminClient clientId=adminclient-2] Metadata update failed
org.apache.kafka.common.errors.TimeoutException: Timed out waiting for a node assignment. Call: fetchMetadata
[kafka-admin-client-thread | adminclient-3] INFO org.apache.kafka.clients.NetworkClient - [AdminClient clientId=adminclient-3] Node -1 disconnected.
[kafka-admin-client-thread | adminclient-3] WARN org.apache.kafka.clients.NetworkClient - [AdminClient clientId=adminclient-3] Connection to node -1 (localhost/127.0.0.1:9092) could not be established. Broker may not be available.
[kafka-admin-client-thread | adminclient-3] INFO org.apache.kafka.clients.admin.internals.AdminMetadataManager - [AdminClient clientId=adminclient-3] Metadata update failed
org.apache.kafka.common.errors.TimeoutException: Timed out waiting for a node assignment. Call: fetchMetadata
[kafka-admin-client-thread | adminclient-4] INFO org.apache.kafka.clients.admin.internals.AdminMetadataManager - [AdminClient clientId=adminclient-4] Metadata update failed
org.apache.kafka.common.errors.TimeoutException: Timed out waiting for a node assignment. Call: fetchMetadata
[kafka-admin-client-thread | adminclient-7] INFO org.apache.kafka.clients.admin.internals.AdminMetadataManager - [AdminClient clientId=adminclient-7] Metadata update failed
org.apache.kafka.common.errors.TimeoutException: Timed out waiting for a node assignment. Call: fetchMetadata
[kafka-admin-client-thread | adminclient-8] INFO org.apache.kafka.clients.admin.internals.AdminMetadataManager - [AdminClient clientId=adminclient-8] Metadata update failed
org.apache.kafka.common.errors.TimeoutException: Timed out waiting for a node assignment. Call: fetchMetadata
[kafka-admin-client-thread | adminclient-8] INFO org.apache.kafka.clients.NetworkClient - [AdminClient clientId=adminclient-8] Node -1 disconnected.
[kafka-admin-client-thread | adminclient-8] WARN org.apache.kafka.clients.NetworkClient - [AdminClient clientId=adminclient-8] Connection to node -1 (localhost/127.0.0.1:9092) could not be established. Broker may not be available.
[kafka-producer-network-thread | producer-1] INFO org.apache.kafka.clients.NetworkClient - [Producer clientId=producer-1] Node -1 disconnected.
[kafka-producer-network-thread | producer-1] WARN org.apache.kafka.clients.NetworkClient - [Producer clientId=producer-1] Connection to node -1 (localhost/127.0.0.1:9092) could not be established. Broker may not be available.
[kafka-producer-network-thread | producer-1] WARN org.apache.kafka.clients.NetworkClient - [Producer clientId=producer-1] Bootstrap broker localhost:9092 (id: -1 rack: null) disconnected
[kafka-admin-client-thread | adminclient-1] INFO org.apache.kafka.clients.NetworkClient - [AdminClient clientId=adminclient-1] Node -1 disconnected.
[kafka-admin-client-thread | adminclient-1] WARN org.apache.kafka.clients.NetworkClient - [AdminClient clientId=adminclient-1] Connection to node -1 (localhost/127.0.0.1:9092) could not be established. Broker may not be available.
[kafka-admin-client-thread | adminclient-7] INFO org.apache.kafka.clients.NetworkClient - [AdminClient clientId=adminclient-7] Node -1 disconnected.
[kafka-admin-client-thread | adminclient-7] WARN org.apache.kafka.clients.NetworkClient - [AdminClient clientId=adminclient-7] Connection to node -1 (localhost/127.0.0.1:9092) could not be established. Broker may not be available.
[kafka-admin-client-thread | adminclient-2] INFO org.apache.kafka.clients.NetworkClient - [AdminClient clientId=adminclient-2] Node -1 disconnected.
[kafka-admin-client-thread | adminclient-2] WARN org.apache.kafka.clients.NetworkClient - [AdminClient clientId=adminclient-2] Connection to node -1 (localhost/127.0.0.1:9092) could not be established. Broker may not be available.
[kafka-admin-client-thread | adminclient-3] INFO org.apache.kafka.clients.NetworkClient - [AdminClient clientId=adminclient-3] Node -1 disconnected.
[kafka-admin-client-thread | adminclient-3] WARN org.apache.kafka.clients.NetworkClient - [AdminClient clientId=adminclient-3] Connection to node -1 (localhost/127.0.0.1:9092) could not be established. Broker may not be available.
[kafka-admin-client-thread | adminclient-4] INFO org.apache.kafka.clients.NetworkClient - [AdminClient clientId=adminclient-4] Node -1 disconnected.
[kafka-admin-client-thread | adminclient-4] WARN org.apache.kafka.clients.NetworkClient - [AdminClient clientId=adminclient-4] Connection to node -1 (localhost/127.0.0.1:9092) could not be established. Broker may not be available.
[kafka-admin-client-thread | adminclient-8] INFO org.apache.kafka.clients.NetworkClient - [AdminClient clientId=adminclient-8] Node -1 disconnected.
[kafka-admin-client-thread | adminclient-8] WARN org.apache.kafka.clients.NetworkClient - [AdminClient clientId=adminclient-8] Connection to node -1 (localhost/127.0.0.1:9092) could not be established. Broker may not be available.
[kafka-producer-network-thread | producer-1] INFO org.apache.kafka.clients.NetworkClient - [Producer clientId=producer-1] Node -1 disconnected.
[kafka-producer-network-thread | producer-1] WARN org.apache.kafka.clients.NetworkClient - [Producer clientId=producer-1] Connection to node -1 (localhost/127.0.0.1:9092) could not be established. Broker may not be available.
[kafka-producer-network-thread | producer-1] WARN org.apache.kafka.clients.NetworkClient - [Producer clientId=producer-1] Bootstrap broker localhost:9092 (id: -1 rack: null) disconnected
[kafka-admin-client-thread | adminclient-1] INFO org.apache.kafka.clients.NetworkClient - [AdminClient clientId=adminclient-1] Node -1 disconnected.
[kafka-admin-client-thread | adminclient-1] WARN org.apache.kafka.clients.NetworkClient - [AdminClient clientId=adminclient-1] Connection to node -1 (localhost/127.0.0.1:9092) could not be established. Broker may not be available.
[kafka-admin-client-thread | adminclient-7] INFO org.apache.kafka.clients.NetworkClient - [AdminClient clientId=adminclient-7] Node -1 disconnected.
[kafka-admin-client-thread | adminclient-7] WARN org.apache.kafka.clients.NetworkClient - [AdminClient clientId=adminclient-7] Connection to node -1 (localhost/127.0.0.1:9092) could not be established. Broker may not be available.
[kafka-admin-client-thread | adminclient-2] INFO org.apache.kafka.clients.NetworkClient - [AdminClient clientId=adminclient-2] Node -1 disconnected.
[kafka-admin-client-thread | adminclient-2] WARN org.apache.kafka.clients.NetworkClient - [AdminClient clientId=adminclient-2] Connection to node -1 (localhost/127.0.0.1:9092) could not be established. Broker may not be available.
[kafka-admin-client-thread | adminclient-3] INFO org.apache.kafka.clients.NetworkClient - [AdminClient clientId=adminclient-3] Node -1 disconnected.
[kafka-admin-client-thread | adminclient-3] WARN org.apache.kafka.clients.NetworkClient - [AdminClient clientId=adminclient-3] Connection to node -1 (localhost/127.0.0.1:9092) could not be established. Broker may not be available.
[kafka-admin-client-thread | adminclient-4] INFO org.apache.kafka.clients.NetworkClient - [AdminClient clientId=adminclient-4] Node -1 disconnected.
[kafka-admin-client-thread | adminclient-4] WARN org.apache.kafka.clients.NetworkClient - [AdminClient clientId=adminclient-4] Connection to node -1 (localhost/127.0.0.1:9092) could not be established. Broker may not be available.
[kafka-admin-client-thread | adminclient-8] INFO org.apache.kafka.clients.NetworkClient - [AdminClient clientId=adminclient-8] Node -1 disconnected.
[kafka-admin-client-thread | adminclient-8] WARN org.apache.kafka.clients.NetworkClient - [AdminClient clientId=adminclient-8] Connection to node -1 (localhost/127.0.0.1:9092) could not be established. Broker may not be available.
[kafka-producer-network-thread | producer-1] INFO org.apache.kafka.clients.NetworkClient - [Producer clientId=producer-1] Node -1 disconnected.
[kafka-producer-network-thread | producer-1] WARN org.apache.kafka.clients.NetworkClient - [Producer clientId=producer-1] Connection to node -1 (localhost/127.0.0.1:9092) could not be established. Broker may not be available.
[kafka-producer-network-thread | producer-1] WARN org.apache.kafka.clients.NetworkClient - [Producer clientId=producer-1] Bootstrap broker localhost:9092 (id: -1 rack: null) disconnected
[kafka-admin-client-thread | adminclient-1] INFO org.apache.kafka.clients.NetworkClient - [AdminClient clientId=adminclient-1] Node -1 disconnected.
[kafka-admin-client-thread | adminclient-1] WARN org.apache.kafka.clients.NetworkClient - [AdminClient clientId=adminclient-1] Connection to node -1 (localhost/127.0.0.1:9092) could not be established. Broker may not be available.
[kafka-admin-client-thread | adminclient-7] INFO org.apache.kafka.clients.NetworkClient - [AdminClient clientId=adminclient-7] Node -1 disconnected.
[kafka-admin-client-thread | adminclient-7] WARN org.apache.kafka.clients.NetworkClient - [AdminClient clientId=adminclient-7] Connection to node -1 (localhost/127.0.0.1:9092) could not be established. Broker may not be available.
[kafka-admin-client-thread | adminclient-8] INFO org.apache.kafka.clients.NetworkClient - [AdminClient clientId=adminclient-8] Node -1 disconnected.
[kafka-admin-client-thread | adminclient-8] WARN org.apache.kafka.clients.NetworkClient - [AdminClient clientId=adminclient-8] Connection to node -1 (localhost/127.0.0.1:9092) could not be established. Broker may not be available.
[kafka-admin-client-thread | adminclient-2] INFO org.apache.kafka.clients.NetworkClient - [AdminClient clientId=adminclient-2] Node -1 disconnected.
[kafka-admin-client-thread | adminclient-2] WARN org.apache.kafka.clients.NetworkClient - [AdminClient clientId=adminclient-2] Connection to node -1 (localhost/127.0.0.1:9092) could not be established. Broker may not be available.
[kafka-admin-client-thread | adminclient-3] INFO org.apache.kafka.clients.NetworkClient - [AdminClient clientId=adminclient-3] Node -1 disconnected.
[kafka-admin-client-thread | adminclient-3] WARN org.apache.kafka.clients.NetworkClient - [AdminClient clientId=adminclient-3] Connection to node -1 (localhost/127.0.0.1:9092) could not be established. Broker may not be available.
[kafka-admin-client-thread | adminclient-4] INFO org.apache.kafka.clients.NetworkClient - [AdminClient clientId=adminclient-4] Node -1 disconnected.
[kafka-admin-client-thread | adminclient-4] WARN org.apache.kafka.clients.NetworkClient - [AdminClient clientId=adminclient-4] Connection to node -1 (localhost/127.0.0.1:9092) could not be established. Broker may not be available.
[kafka-producer-network-thread | producer-1] INFO org.apache.kafka.clients.NetworkClient - [Producer clientId=producer-1] Node -1 disconnected.
[kafka-producer-network-thread | producer-1] WARN org.apache.kafka.clients.NetworkClient - [Producer clientId=producer-1] Connection to node -1 (localhost/127.0.0.1:9092) could not be established. Broker may not be available.
[kafka-producer-network-thread | producer-1] WARN org.apache.kafka.clients.NetworkClient - [Producer clientId=producer-1] Bootstrap broker localhost:9092 (id: -1 rack: null) disconnected
[kafka-admin-client-thread | adminclient-7] INFO org.apache.kafka.clients.NetworkClient - [AdminClient clientId=adminclient-7] Node -1 disconnected.
[kafka-admin-client-thread | adminclient-7] WARN org.apache.kafka.clients.NetworkClient - [AdminClient clientId=adminclient-7] Connection to node -1 (localhost/127.0.0.1:9092) could not be established. Broker may not be available.
[kafka-admin-client-thread | adminclient-1] INFO org.apache.kafka.clients.NetworkClient - [AdminClient clientId=adminclient-1] Node -1 disconnected.
[kafka-admin-client-thread | adminclient-1] WARN org.apache.kafka.clients.NetworkClient - [AdminClient clientId=adminclient-1] Connection to node -1 (localhost/127.0.0.1:9092) could not be established. Broker may not be available.
[kafka-admin-client-thread | adminclient-8] INFO org.apache.kafka.clients.NetworkClient - [AdminClient clientId=adminclient-8] Node -1 disconnected.
[kafka-admin-client-thread | adminclient-8] WARN org.apache.kafka.clients.NetworkClient - [AdminClient clientId=adminclient-8] Connection to node -1 (localhost/127.0.0.1:9092) could not be established. Broker may not be available.
[kafka-admin-client-thread | adminclient-2] INFO org.apache.kafka.clients.NetworkClient - [AdminClient clientId=adminclient-2] Node -1 disconnected.
[kafka-admin-client-thread | adminclient-2] WARN org.apache.kafka.clients.NetworkClient - [AdminClient clientId=adminclient-2] Connection to node -1 (localhost/127.0.0.1:9092) could not be established. Broker may not be available.
[kafka-admin-client-thread | adminclient-3] INFO org.apache.kafka.clients.NetworkClient - [AdminClient clientId=adminclient-3] Node -1 disconnected.
[kafka-admin-client-thread | adminclient-3] WARN org.apache.kafka.clients.NetworkClient - [AdminClient clientId=adminclient-3] Connection to node -1 (localhost/127.0.0.1:9092) could not be established. Broker may not be available.
[kafka-admin-client-thread | adminclient-4] INFO org.apache.kafka.clients.NetworkClient - [AdminClient clientId=adminclient-4] Node -1 disconnected.
[kafka-admin-client-thread | adminclient-4] WARN org.apache.kafka.clients.NetworkClient - [AdminClient clientId=adminclient-4] Connection to node -1 (localhost/127.0.0.1:9092) could not be established. Broker may not be available.
[kafka-producer-network-thread | producer-1] INFO org.apache.kafka.clients.NetworkClient - [Producer clientId=producer-1] Node -1 disconnected.
[kafka-producer-network-thread | producer-1] WARN org.apache.kafka.clients.NetworkClient - [Producer clientId=producer-1] Connection to node -1 (localhost/127.0.0.1:9092) could not be established. Broker may not be available.
[kafka-producer-network-thread | producer-1] WARN org.apache.kafka.clients.NetworkClient - [Producer clientId=producer-1] Bootstrap broker localhost:9092 (id: -1 rack: null) disconnected
[kafka-admin-client-thread | adminclient-1] INFO org.apache.kafka.clients.NetworkClient - [AdminClient clientId=adminclient-1] Node -1 disconnected.
[kafka-admin-client-thread | adminclient-1] WARN org.apache.kafka.clients.NetworkClient - [AdminClient clientId=adminclient-1] Connection to node -1 (localhost/127.0.0.1:9092) could not be established. Broker may not be available.
[kafka-admin-client-thread | adminclient-8] INFO org.apache.kafka.clients.NetworkClient - [AdminClient clientId=adminclient-8] Node -1 disconnected.
[kafka-admin-client-thread | adminclient-8] WARN org.apache.kafka.clients.NetworkClient - [AdminClient clientId=adminclient-8] Connection to node -1 (localhost/127.0.0.1:9092) could not be established. Broker may not be available.
[kafka-admin-client-thread | adminclient-7] INFO org.apache.kafka.clients.NetworkClient - [AdminClient clientId=adminclient-7] Node -1 disconnected.
[kafka-admin-client-thread | adminclient-7] WARN org.apache.kafka.clients.NetworkClient - [AdminClient clientId=adminclient-7] Connection to node -1 (localhost/127.0.0.1:9092) could not be established. Broker may not be available.
[kafka-admin-client-thread | adminclient-2] INFO org.apache.kafka.clients.NetworkClient - [AdminClient clientId=adminclient-2] Node -1 disconnected.
[kafka-admin-client-thread | adminclient-2] WARN org.apache.kafka.clients.NetworkClient - [AdminClient clientId=adminclient-2] Connection to node -1 (localhost/127.0.0.1:9092) could not be established. Broker may not be available.
[kafka-admin-client-thread | adminclient-4] INFO org.apache.kafka.clients.NetworkClient - [AdminClient clientId=adminclient-4] Node -1 disconnected.
[kafka-admin-client-thread | adminclient-4] WARN org.apache.kafka.clients.NetworkClient - [AdminClient clientId=adminclient-4] Connection to node -1 (localhost/127.0.0.1:9092) could not be established. Broker may not be available.
[kafka-producer-network-thread | producer-1] INFO org.apache.kafka.clients.NetworkClient - [Producer clientId=producer-1] Node -1 disconnected.
[kafka-producer-network-thread | producer-1] WARN org.apache.kafka.clients.NetworkClient - [Producer clientId=producer-1] Connection to node -1 (localhost/127.0.0.1:9092) could not be established. Broker may not be available.
[kafka-producer-network-thread | producer-1] WARN org.apache.kafka.clients.NetworkClient - [Producer clientId=producer-1] Bootstrap broker localhost:9092 (id: -1 rack: null) disconnected
[kafka-admin-client-thread | adminclient-3] INFO org.apache.kafka.clients.NetworkClient - [AdminClient clientId=adminclient-3] Node -1 disconnected.
[kafka-admin-client-thread | adminclient-3] WARN org.apache.kafka.clients.NetworkClient - [AdminClient clientId=adminclient-3] Connection to node -1 (localhost/127.0.0.1:9092) could not be established. Broker may not be available.
[kafka-admin-client-thread | adminclient-1] INFO org.apache.kafka.clients.NetworkClient - [AdminClient clientId=adminclient-1] Node -1 disconnected.
[kafka-admin-client-thread | adminclient-1] WARN org.apache.kafka.clients.NetworkClient - [AdminClient clientId=adminclient-1] Connection to node -1 (localhost/127.0.0.1:9092) could not be established. Broker may not be available.
[kafka-admin-client-thread | adminclient-8] INFO org.apache.kafka.clients.NetworkClient - [AdminClient clientId=adminclient-8] Node -1 disconnected.
[kafka-admin-client-thread | adminclient-8] WARN org.apache.kafka.clients.NetworkClient - [AdminClient clientId=adminclient-8] Connection to node -1 (localhost/127.0.0.1:9092) could not be established. Broker may not be available.
[kafka-admin-client-thread | adminclient-7] INFO org.apache.kafka.clients.NetworkClient - [AdminClient clientId=adminclient-7] Node -1 disconnected.
[kafka-admin-client-thread | adminclient-7] WARN org.apache.kafka.clients.NetworkClient - [AdminClient clientId=adminclient-7] Connection to node -1 (localhost/127.0.0.1:9092) could not be established. Broker may not be available.
[kafka-admin-client-thread | adminclient-4] INFO org.apache.kafka.clients.NetworkClient - [AdminClient clientId=adminclient-4] Node -1 disconnected.
[kafka-admin-client-thread | adminclient-4] WARN org.apache.kafka.clients.NetworkClient - [AdminClient clientId=adminclient-4] Connection to node -1 (localhost/127.0.0.1:9092) could not be established. Broker may not be available.
[kafka-admin-client-thread | adminclient-2] INFO org.apache.kafka.clients.NetworkClient - [AdminClient clientId=adminclient-2] Node -1 disconnected.
[kafka-admin-client-thread | adminclient-2] WARN org.apache.kafka.clients.NetworkClient - [AdminClient clientId=adminclient-2] Connection to node -1 (localhost/127.0.0.1:9092) could not be established. Broker may not be available.
[kafka-admin-client-thread | adminclient-3] INFO org.apache.kafka.clients.NetworkClient - [AdminClient clientId=adminclient-3] Node -1 disconnected.
[kafka-admin-client-thread | adminclient-3] WARN org.apache.kafka.clients.NetworkClient - [AdminClient clientId=adminclient-3] Connection to node -1 (localhost/127.0.0.1:9092) could not be established. Broker may not be available.
[kafka-producer-network-thread | producer-1] INFO org.apache.kafka.clients.NetworkClient - [Producer clientId=producer-1] Node -1 disconnected.
[kafka-producer-network-thread | producer-1] WARN org.apache.kafka.clients.NetworkClient - [Producer clientId=producer-1] Connection to node -1 (localhost/127.0.0.1:9092) could not be established. Broker may not be available.
[kafka-producer-network-thread | producer-1] WARN org.apache.kafka.clients.NetworkClient - [Producer clientId=producer-1] Bootstrap broker localhost:9092 (id: -1 rack: null) disconnected
[kafka-admin-client-thread | adminclient-1] INFO org.apache.kafka.clients.NetworkClient - [AdminClient clientId=adminclient-1] Node -1 disconnected.
[kafka-admin-client-thread | adminclient-1] WARN org.apache.kafka.clients.NetworkClient - [AdminClient clientId=adminclient-1] Connection to node -1 (localhost/127.0.0.1:9092) could not be established. Broker may not be available.
[kafka-admin-client-thread | adminclient-8] INFO org.apache.kafka.clients.NetworkClient - [AdminClient clientId=adminclient-8] Node -1 disconnected.
[kafka-admin-client-thread | adminclient-8] WARN org.apache.kafka.clients.NetworkClient - [AdminClient clientId=adminclient-8] Connection to node -1 (localhost/127.0.0.1:9092) could not be established. Broker may not be available.
[kafka-admin-client-thread | adminclient-4] INFO org.apache.kafka.clients.NetworkClient - [AdminClient clientId=adminclient-4] Node -1 disconnected.
[kafka-admin-client-thread | adminclient-4] WARN org.apache.kafka.clients.NetworkClient - [AdminClient clientId=adminclient-4] Connection to node -1 (localhost/127.0.0.1:9092) could not be established. Broker may not be available.
[kafka-admin-client-thread | adminclient-3] INFO org.apache.kafka.clients.NetworkClient - [AdminClient clientId=adminclient-3] Node -1 disconnected.
[kafka-admin-client-thread | adminclient-3] WARN org.apache.kafka.clients.NetworkClient - [AdminClient clientId=adminclient-3] Connection to node -1 (localhost/127.0.0.1:9092) could not be established. Broker may not be available.
[kafka-producer-network-thread | producer-1] INFO org.apache.kafka.clients.NetworkClient - [Producer clientId=producer-1] Node -1 disconnected.
[kafka-producer-network-thread | producer-1] WARN org.apache.kafka.clients.NetworkClient - [Producer clientId=producer-1] Connection to node -1 (localhost/127.0.0.1:9092) could not be established. Broker may not be available.
[kafka-producer-network-thread | producer-1] WARN org.apache.kafka.clients.NetworkClient - [Producer clientId=producer-1] Bootstrap broker localhost:9092 (id: -1 rack: null) disconnected
[kafka-admin-client-thread | adminclient-7] INFO org.apache.kafka.clients.NetworkClient - [AdminClient clientId=adminclient-7] Node -1 disconnected.
[kafka-admin-client-thread | adminclient-7] WARN org.apache.kafka.clients.NetworkClient - [AdminClient clientId=adminclient-7] Connection to node -1 (localhost/127.0.0.1:9092) could not be established. Broker may not be available.
[kafka-admin-client-thread | adminclient-2] INFO org.apache.kafka.clients.NetworkClient - [AdminClient clientId=adminclient-2] Node -1 disconnected.
[kafka-admin-client-thread | adminclient-2] WARN org.apache.kafka.clients.NetworkClient - [AdminClient clientId=adminclient-2] Connection to node -1 (localhost/127.0.0.1:9092) could not be established. Broker may not be available.
[kafka-admin-client-thread | adminclient-1] INFO org.apache.kafka.clients.NetworkClient - [AdminClient clientId=adminclient-1] Node -1 disconnected.
[kafka-admin-client-thread | adminclient-1] WARN org.apache.kafka.clients.NetworkClient - [AdminClient clientId=adminclient-1] Connection to node -1 (localhost/127.0.0.1:9092) could not be established. Broker may not be available.
[kafka-producer-network-thread | producer-1] INFO org.apache.kafka.clients.NetworkClient - [Producer clientId=producer-1] Node -1 disconnected.
[kafka-producer-network-thread | producer-1] WARN org.apache.kafka.clients.NetworkClient - [Producer clientId=producer-1] Connection to node -1 (localhost/127.0.0.1:9092) could not be established. Broker may not be available.
[kafka-producer-network-thread | producer-1] WARN org.apache.kafka.clients.NetworkClient - [Producer clientId=producer-1] Bootstrap broker localhost:9092 (id: -1 rack: null) disconnected
[kafka-admin-client-thread | adminclient-4] INFO org.apache.kafka.clients.NetworkClient - [AdminClient clientId=adminclient-4] Node -1 disconnected.
[kafka-admin-client-thread | adminclient-4] WARN org.apache.kafka.clients.NetworkClient - [AdminClient clientId=adminclient-4] Connection to node -1 (localhost/127.0.0.1:9092) could not be established. Broker may not be available.
[kafka-admin-client-thread | adminclient-8] INFO org.apache.kafka.clients.NetworkClient - [AdminClient clientId=adminclient-8] Node -1 disconnected.
[kafka-admin-client-thread | adminclient-8] WARN org.apache.kafka.clients.NetworkClient - [AdminClient clientId=adminclient-8] Connection to node -1 (localhost/127.0.0.1:9092) could not be established. Broker may not be available.
[kafka-admin-client-thread | adminclient-3] INFO org.apache.kafka.clients.NetworkClient - [AdminClient clientId=adminclient-3] Node -1 disconnected.
[kafka-admin-client-thread | adminclient-3] WARN org.apache.kafka.clients.NetworkClient - [AdminClient clientId=adminclient-3] Connection to node -1 (localhost/127.0.0.1:9092) could not be established. Broker may not be available.
[kafka-admin-client-thread | adminclient-7] INFO org.apache.kafka.clients.NetworkClient - [AdminClient clientId=adminclient-7] Node -1 disconnected.
[kafka-admin-client-thread | adminclient-7] WARN org.apache.kafka.clients.NetworkClient - [AdminClient clientId=adminclient-7] Connection to node -1 (localhost/127.0.0.1:9092) could not be established. Broker may not be available.
[kafka-admin-client-thread | adminclient-2] INFO org.apache.kafka.clients.NetworkClient - [AdminClient clientId=adminclient-2] Node -1 disconnected.
[kafka-admin-client-thread | adminclient-2] WARN org.apache.kafka.clients.NetworkClient - [AdminClient clientId=adminclient-2] Connection to node -1 (localhost/127.0.0.1:9092) could not be established. Broker may not be available.
[kafka-admin-client-thread | adminclient-1] INFO org.apache.kafka.clients.NetworkClient - [AdminClient clientId=adminclient-1] Node -1 disconnected.
[kafka-admin-client-thread | adminclient-1] WARN org.apache.kafka.clients.NetworkClient - [AdminClient clientId=adminclient-1] Connection to node -1 (localhost/127.0.0.1:9092) could not be established. Broker may not be available.
[kafka-producer-network-thread | producer-1] INFO org.apache.kafka.clients.NetworkClient - [Producer clientId=producer-1] Node -1 disconnected.
[kafka-producer-network-thread | producer-1] WARN org.apache.kafka.clients.NetworkClient - [Producer clientId=producer-1] Connection to node -1 (localhost/127.0.0.1:9092) could not be established. Broker may not be available.
[kafka-producer-network-thread | producer-1] WARN org.apache.kafka.clients.NetworkClient - [Producer clientId=producer-1] Bootstrap broker localhost:9092 (id: -1 rack: null) disconnected
[kafka-admin-client-thread | adminclient-4] INFO org.apache.kafka.clients.NetworkClient - [AdminClient clientId=adminclient-4] Node -1 disconnected.
[kafka-admin-client-thread | adminclient-4] WARN org.apache.kafka.clients.NetworkClient - [AdminClient clientId=adminclient-4] Connection to node -1 (localhost/127.0.0.1:9092) could not be established. Broker may not be available.
[kafka-admin-client-thread | adminclient-8] INFO org.apache.kafka.clients.NetworkClient - [AdminClient clientId=adminclient-8] Node -1 disconnected.
[kafka-admin-client-thread | adminclient-8] WARN org.apache.kafka.clients.NetworkClient - [AdminClient clientId=adminclient-8] Connection to node -1 (localhost/127.0.0.1:9092) could not be established. Broker may not be available.
[kafka-admin-client-thread | adminclient-3] INFO org.apache.kafka.clients.NetworkClient - [AdminClient clientId=adminclient-3] Node -1 disconnected.
[kafka-admin-client-thread | adminclient-3] WARN org.apache.kafka.clients.NetworkClient - [AdminClient clientId=adminclient-3] Connection to node -1 (localhost/127.0.0.1:9092) could not be established. Broker may not be available.
[kafka-admin-client-thread | adminclient-7] INFO org.apache.kafka.clients.NetworkClient - [AdminClient clientId=adminclient-7] Node -1 disconnected.
[kafka-admin-client-thread | adminclient-7] WARN org.apache.kafka.clients.NetworkClient - [AdminClient clientId=adminclient-7] Connection to node -1 (localhost/127.0.0.1:9092) could not be established. Broker may not be available.
[kafka-admin-client-thread | adminclient-2] INFO org.apache.kafka.clients.NetworkClient - [AdminClient clientId=adminclient-2] Node -1 disconnected.
[kafka-admin-client-thread | adminclient-2] WARN org.apache.kafka.clients.NetworkClient - [AdminClient clientId=adminclient-2] Connection to node -1 (localhost/127.0.0.1:9092) could not be established. Broker may not be available.
[kafka-admin-client-thread | adminclient-1] INFO org.apache.kafka.clients.NetworkClient - [AdminClient clientId=adminclient-1] Node -1 disconnected.
[kafka-admin-client-thread | adminclient-1] WARN org.apache.kafka.clients.NetworkClient - [AdminClient clientId=adminclient-1] Connection to node -1 (localhost/127.0.0.1:9092) could not be established. Broker may not be available.
[kafka-admin-client-thread | adminclient-4] INFO org.apache.kafka.clients.NetworkClient - [AdminClient clientId=adminclient-4] Node -1 disconnected.
[kafka-admin-client-thread | adminclient-4] WARN org.apache.kafka.clients.NetworkClient - [AdminClient clientId=adminclient-4] Connection to node -1 (localhost/127.0.0.1:9092) could not be established. Broker may not be available.
[kafka-admin-client-thread | adminclient-8] INFO org.apache.kafka.clients.NetworkClient - [AdminClient clientId=adminclient-8] Node -1 disconnected.
[kafka-admin-client-thread | adminclient-8] WARN org.apache.kafka.clients.NetworkClient - [AdminClient clientId=adminclient-8] Connection to node -1 (localhost/127.0.0.1:9092) could not be established. Broker may not be available.
[kafka-producer-network-thread | producer-1] INFO org.apache.kafka.clients.NetworkClient - [Producer clientId=producer-1] Node -1 disconnected.
[kafka-producer-network-thread | producer-1] WARN org.apache.kafka.clients.NetworkClient - [Producer clientId=producer-1] Connection to node -1 (localhost/127.0.0.1:9092) could not be established. Broker may not be available.
[kafka-producer-network-thread | producer-1] WARN org.apache.kafka.clients.NetworkClient - [Producer clientId=producer-1] Bootstrap broker localhost:9092 (id: -1 rack: null) disconnected
[kafka-admin-client-thread | adminclient-3] INFO org.apache.kafka.clients.NetworkClient - [AdminClient clientId=adminclient-3] Node -1 disconnected.
[kafka-admin-client-thread | adminclient-3] WARN org.apache.kafka.clients.NetworkClient - [AdminClient clientId=adminclient-3] Connection to node -1 (localhost/127.0.0.1:9092) could not be established. Broker may not be available.
[kafka-admin-client-thread | adminclient-2] INFO org.apache.kafka.clients.NetworkClient - [AdminClient clientId=adminclient-2] Node -1 disconnected.
[kafka-admin-client-thread | adminclient-2] WARN org.apache.kafka.clients.NetworkClient - [AdminClient clientId=adminclient-2] Connection to node -1 (localhost/127.0.0.1:9092) could not be established. Broker may not be available.
[kafka-admin-client-thread | adminclient-7] INFO org.apache.kafka.clients.NetworkClient - [AdminClient clientId=adminclient-7] Node -1 disconnected.
[kafka-admin-client-thread | adminclient-7] WARN org.apache.kafka.clients.NetworkClient - [AdminClient clientId=adminclient-7] Connection to node -1 (localhost/127.0.0.1:9092) could not be established. Broker may not be available.
[kafka-admin-client-thread | adminclient-1] INFO org.apache.kafka.clients.NetworkClient - [AdminClient clientId=adminclient-1] Node -1 disconnected.
[kafka-admin-client-thread | adminclient-1] WARN org.apache.kafka.clients.NetworkClient - [AdminClient clientId=adminclient-1] Connection to node -1 (localhost/127.0.0.1:9092) could not be established. Broker may not be available.
[kafka-admin-client-thread | adminclient-8] INFO org.apache.kafka.clients.NetworkClient - [AdminClient clientId=adminclient-8] Node -1 disconnected.
[kafka-admin-client-thread | adminclient-8] WARN org.apache.kafka.clients.NetworkClient - [AdminClient clientId=adminclient-8] Connection to node -1 (localhost/127.0.0.1:9092) could not be established. Broker may not be available.
[kafka-admin-client-thread | adminclient-4] INFO org.apache.kafka.clients.NetworkClient - [AdminClient clientId=adminclient-4] Node -1 disconnected.
[kafka-admin-client-thread | adminclient-4] WARN org.apache.kafka.clients.NetworkClient - [AdminClient clientId=adminclient-4] Connection to node -1 (localhost/127.0.0.1:9092) could not be established. Broker may not be available.
[kafka-producer-network-thread | producer-1] INFO org.apache.kafka.clients.NetworkClient - [Producer clientId=producer-1] Node -1 disconnected.
[kafka-producer-network-thread | producer-1] WARN org.apache.kafka.clients.NetworkClient - [Producer clientId=producer-1] Connection to node -1 (localhost/127.0.0.1:9092) could not be established. Broker may not be available.
[kafka-producer-network-thread | producer-1] WARN org.apache.kafka.clients.NetworkClient - [Producer clientId=producer-1] Bootstrap broker localhost:9092 (id: -1 rack: null) disconnected
[kafka-admin-client-thread | adminclient-3] INFO org.apache.kafka.clients.NetworkClient - [AdminClient clientId=adminclient-3] Node -1 disconnected.
[kafka-admin-client-thread | adminclient-3] WARN org.apache.kafka.clients.NetworkClient - [AdminClient clientId=adminclient-3] Connection to node -1 (localhost/127.0.0.1:9092) could not be established. Broker may not be available.
[kafka-admin-client-thread | adminclient-7] INFO org.apache.kafka.clients.NetworkClient - [AdminClient clientId=adminclient-7] Node -1 disconnected.
[kafka-admin-client-thread | adminclient-7] WARN org.apache.kafka.clients.NetworkClient - [AdminClient clientId=adminclient-7] Connection to node -1 (localhost/127.0.0.1:9092) could not be established. Broker may not be available.
[kafka-admin-client-thread | adminclient-2] INFO org.apache.kafka.clients.NetworkClient - [AdminClient clientId=adminclient-2] Node -1 disconnected.
[kafka-admin-client-thread | adminclient-2] WARN org.apache.kafka.clients.NetworkClient - [AdminClient clientId=adminclient-2] Connection to node -1 (localhost/127.0.0.1:9092) could not be established. Broker may not be available.
[kafka-admin-client-thread | adminclient-1] INFO org.apache.kafka.clients.NetworkClient - [AdminClient clientId=adminclient-1] Node -1 disconnected.
[kafka-admin-client-thread | adminclient-1] WARN org.apache.kafka.clients.NetworkClient - [AdminClient clientId=adminclient-1] Connection to node -1 (localhost/127.0.0.1:9092) could not be established. Broker may not be available.
[kafka-producer-network-thread | producer-1] INFO org.apache.kafka.clients.NetworkClient - [Producer clientId=producer-1] Node -1 disconnected.
[kafka-producer-network-thread | producer-1] WARN org.apache.kafka.clients.NetworkClient - [Producer clientId=producer-1] Connection to node -1 (localhost/127.0.0.1:9092) could not be established. Broker may not be available.
[kafka-producer-network-thread | producer-1] WARN org.apache.kafka.clients.NetworkClient - [Producer clientId=producer-1] Bootstrap broker localhost:9092 (id: -1 rack: null) disconnected
[kafka-admin-client-thread | adminclient-8] INFO org.apache.kafka.clients.NetworkClient - [AdminClient clientId=adminclient-8] Node -1 disconnected.
[kafka-admin-client-thread | adminclient-8] WARN org.apache.kafka.clients.NetworkClient - [AdminClient clientId=adminclient-8] Connection to node -1 (localhost/127.0.0.1:9092) could not be established. Broker may not be available.
[kafka-admin-client-thread | adminclient-4] INFO org.apache.kafka.clients.NetworkClient - [AdminClient clientId=adminclient-4] Node -1 disconnected.
[kafka-admin-client-thread | adminclient-4] WARN org.apache.kafka.clients.NetworkClient - [AdminClient clientId=adminclient-4] Connection to node -1 (localhost/127.0.0.1:9092) could not be established. Broker may not be available.
[kafka-admin-client-thread | adminclient-3] INFO org.apache.kafka.clients.NetworkClient - [AdminClient clientId=adminclient-3] Node -1 disconnected.
[kafka-admin-client-thread | adminclient-3] WARN org.apache.kafka.clients.NetworkClient - [AdminClient clientId=adminclient-3] Connection to node -1 (localhost/127.0.0.1:9092) could not be established. Broker may not be available.
[kafka-admin-client-thread | adminclient-7] INFO org.apache.kafka.clients.NetworkClient - [AdminClient clientId=adminclient-7] Node -1 disconnected.
[kafka-admin-client-thread | adminclient-7] WARN org.apache.kafka.clients.NetworkClient - [AdminClient clientId=adminclient-7] Connection to node -1 (localhost/127.0.0.1:9092) could not be established. Broker may not be available.
[kafka-admin-client-thread | adminclient-1] INFO org.apache.kafka.clients.NetworkClient - [AdminClient clientId=adminclient-1] Node -1 disconnected.
[kafka-admin-client-thread | adminclient-1] WARN org.apache.kafka.clients.NetworkClient - [AdminClient clientId=adminclient-1] Connection to node -1 (localhost/127.0.0.1:9092) could not be established. Broker may not be available.
[kafka-admin-client-thread | adminclient-2] INFO org.apache.kafka.clients.NetworkClient - [AdminClient clientId=adminclient-2] Node -1 disconnected.
[kafka-admin-client-thread | adminclient-2] WARN org.apache.kafka.clients.NetworkClient - [AdminClient clientId=adminclient-2] Connection to node -1 (localhost/127.0.0.1:9092) could not be established. Broker may not be available.
[kafka-producer-network-thread | producer-1] INFO org.apache.kafka.clients.NetworkClient - [Producer clientId=producer-1] Node -1 disconnected.
[kafka-producer-network-thread | producer-1] WARN org.apache.kafka.clients.NetworkClient - [Producer clientId=producer-1] Connection to node -1 (localhost/127.0.0.1:9092) could not be established. Broker may not be available.
[kafka-producer-network-thread | producer-1] WARN org.apache.kafka.clients.NetworkClient - [Producer clientId=producer-1] Bootstrap broker localhost:9092 (id: -1 rack: null) disconnected
[kafka-admin-client-thread | adminclient-4] INFO org.apache.kafka.clients.NetworkClient - [AdminClient clientId=adminclient-4] Node -1 disconnected.
[kafka-admin-client-thread | adminclient-4] WARN org.apache.kafka.clients.NetworkClient - [AdminClient clientId=adminclient-4] Connection to node -1 (localhost/127.0.0.1:9092) could not be established. Broker may not be available.
[kafka-admin-client-thread | adminclient-8] INFO org.apache.kafka.clients.NetworkClient - [AdminClient clientId=adminclient-8] Node -1 disconnected.
[kafka-admin-client-thread | adminclient-8] WARN org.apache.kafka.clients.NetworkClient - [AdminClient clientId=adminclient-8] Connection to node -1 (localhost/127.0.0.1:9092) could not be established. Broker may not be available.
[kafka-admin-client-thread | adminclient-3] INFO org.apache.kafka.clients.NetworkClient - [AdminClient clientId=adminclient-3] Node -1 disconnected.
[kafka-admin-client-thread | adminclient-3] WARN org.apache.kafka.clients.NetworkClient - [AdminClient clientId=adminclient-3] Connection to node -1 (localhost/127.0.0.1:9092) could not be established. Broker may not be available.
[kafka-admin-client-thread | adminclient-7] INFO org.apache.kafka.clients.NetworkClient - [AdminClient clientId=adminclient-7] Node -1 disconnected.
[kafka-admin-client-thread | adminclient-7] WARN org.apache.kafka.clients.NetworkClient - [AdminClient clientId=adminclient-7] Connection to node -1 (localhost/127.0.0.1:9092) could not be established. Broker may not be available.
[kafka-admin-client-thread | adminclient-2] INFO org.apache.kafka.clients.NetworkClient - [AdminClient clientId=adminclient-2] Node -1 disconnected.
[kafka-admin-client-thread | adminclient-2] WARN org.apache.kafka.clients.NetworkClient - [AdminClient clientId=adminclient-2] Connection to node -1 (localhost/127.0.0.1:9092) could not be established. Broker may not be available.
[kafka-admin-client-thread | adminclient-1] INFO org.apache.kafka.clients.NetworkClient - [AdminClient clientId=adminclient-1] Node -1 disconnected.
[kafka-admin-client-thread | adminclient-1] WARN org.apache.kafka.clients.NetworkClient - [AdminClient clientId=adminclient-1] Connection to node -1 (localhost/127.0.0.1:9092) could not be established. Broker may not be available.
[kafka-producer-network-thread | producer-1] INFO org.apache.kafka.clients.NetworkClient - [Producer clientId=producer-1] Node -1 disconnected.
[kafka-producer-network-thread | producer-1] WARN org.apache.kafka.clients.NetworkClient - [Producer clientId=producer-1] Connection to node -1 (localhost/127.0.0.1:9092) could not be established. Broker may not be available.
[kafka-producer-network-thread | producer-1] WARN org.apache.kafka.clients.NetworkClient - [Producer clientId=producer-1] Bootstrap broker localhost:9092 (id: -1 rack: null) disconnected
[kafka-admin-client-thread | adminclient-8] INFO org.apache.kafka.clients.NetworkClient - [AdminClient clientId=adminclient-8] Node -1 disconnected.
[kafka-admin-client-thread | adminclient-8] WARN org.apache.kafka.clients.NetworkClient - [AdminClient clientId=adminclient-8] Connection to node -1 (localhost/127.0.0.1:9092) could not be established. Broker may not be available.
[kafka-admin-client-thread | adminclient-4] INFO org.apache.kafka.clients.NetworkClient - [AdminClient clientId=adminclient-4] Node -1 disconnected.
[kafka-admin-client-thread | adminclient-4] WARN org.apache.kafka.clients.NetworkClient - [AdminClient clientId=adminclient-4] Connection to node -1 (localhost/127.0.0.1:9092) could not be established. Broker may not be available.
[kafka-admin-client-thread | adminclient-3] INFO org.apache.kafka.clients.NetworkClient - [AdminClient clientId=adminclient-3] Node -1 disconnected.
[kafka-admin-client-thread | adminclient-3] WARN org.apache.kafka.clients.NetworkClient - [AdminClient clientId=adminclient-3] Connection to node -1 (localhost/127.0.0.1:9092) could not be established. Broker may not be available.
[kafka-admin-client-thread | adminclient-7] INFO org.apache.kafka.clients.NetworkClient - [AdminClient clientId=adminclient-7] Node -1 disconnected.
[kafka-admin-client-thread | adminclient-7] WARN org.apache.kafka.clients.NetworkClient - [AdminClient clientId=adminclient-7] Connection to node -1 (localhost/127.0.0.1:9092) could not be established. Broker may not be available.
[kafka-admin-client-thread | adminclient-1] INFO org.apache.kafka.clients.NetworkClient - [AdminClient clientId=adminclient-1] Node -1 disconnected.
[kafka-admin-client-thread | adminclient-1] WARN org.apache.kafka.clients.NetworkClient - [AdminClient clientId=adminclient-1] Connection to node -1 (localhost/127.0.0.1:9092) could not be established. Broker may not be available.
[kafka-admin-client-thread | adminclient-2] INFO org.apache.kafka.clients.NetworkClient - [AdminClient clientId=adminclient-2] Node -1 disconnected.
[kafka-admin-client-thread | adminclient-2] WARN org.apache.kafka.clients.NetworkClient - [AdminClient clientId=adminclient-2] Connection to node -1 (localhost/127.0.0.1:9092) could not be established. Broker may not be available.
[kafka-producer-network-thread | producer-1] INFO org.apache.kafka.clients.NetworkClient - [Producer clientId=producer-1] Node -1 disconnected.
[kafka-producer-network-thread | producer-1] WARN org.apache.kafka.clients.NetworkClient - [Producer clientId=producer-1] Connection to node -1 (localhost/127.0.0.1:9092) could not be established. Broker may not be available.
[kafka-producer-network-thread | producer-1] WARN org.apache.kafka.clients.NetworkClient - [Producer clientId=producer-1] Bootstrap broker localhost:9092 (id: -1 rack: null) disconnected
[kafka-admin-client-thread | adminclient-4] INFO org.apache.kafka.clients.NetworkClient - [AdminClient clientId=adminclient-4] Node -1 disconnected.
[kafka-admin-client-thread | adminclient-4] WARN org.apache.kafka.clients.NetworkClient - [AdminClient clientId=adminclient-4] Connection to node -1 (localhost/127.0.0.1:9092) could not be established. Broker may not be available.
[kafka-admin-client-thread | adminclient-8] INFO org.apache.kafka.clients.NetworkClient - [AdminClient clientId=adminclient-8] Node -1 disconnected.
[kafka-admin-client-thread | adminclient-8] WARN org.apache.kafka.clients.NetworkClient - [AdminClient clientId=adminclient-8] Connection to node -1 (localhost/127.0.0.1:9092) could not be established. Broker may not be available.
[kafka-admin-client-thread | adminclient-3] INFO org.apache.kafka.clients.NetworkClient - [AdminClient clientId=adminclient-3] Node -1 disconnected.
[kafka-admin-client-thread | adminclient-3] WARN org.apache.kafka.clients.NetworkClient - [AdminClient clientId=adminclient-3] Connection to node -1 (localhost/127.0.0.1:9092) could not be established. Broker may not be available.
[kafka-admin-client-thread | adminclient-7] INFO org.apache.kafka.clients.NetworkClient - [AdminClient clientId=adminclient-7] Node -1 disconnected.
[kafka-admin-client-thread | adminclient-7] WARN org.apache.kafka.clients.NetworkClient - [AdminClient clientId=adminclient-7] Connection to node -1 (localhost/127.0.0.1:9092) could not be established. Broker may not be available.
[kafka-admin-client-thread | adminclient-1] INFO org.apache.kafka.clients.NetworkClient - [AdminClient clientId=adminclient-1] Node -1 disconnected.
[kafka-admin-client-thread | adminclient-1] WARN org.apache.kafka.clients.NetworkClient - [AdminClient clientId=adminclient-1] Connection to node -1 (localhost/127.0.0.1:9092) could not be established. Broker may not be available.
[kafka-producer-network-thread | producer-1] INFO org.apache.kafka.clients.NetworkClient - [Producer clientId=producer-1] Node -1 disconnected.
[kafka-producer-network-thread | producer-1] WARN org.apache.kafka.clients.NetworkClient - [Producer clientId=producer-1] Connection to node -1 (localhost/127.0.0.1:9092) could not be established. Broker may not be available.
[kafka-producer-network-thread | producer-1] WARN org.apache.kafka.clients.NetworkClient - [Producer clientId=producer-1] Bootstrap broker localhost:9092 (id: -1 rack: null) disconnected
[kafka-admin-client-thread | adminclient-2] INFO org.apache.kafka.clients.NetworkClient - [AdminClient clientId=adminclient-2] Node -1 disconnected.
[kafka-admin-client-thread | adminclient-2] WARN org.apache.kafka.clients.NetworkClient - [AdminClient clientId=adminclient-2] Connection to node -1 (localhost/127.0.0.1:9092) could not be established. Broker may not be available.
[kafka-admin-client-thread | adminclient-4] INFO org.apache.kafka.clients.NetworkClient - [AdminClient clientId=adminclient-4] Node -1 disconnected.
[kafka-admin-client-thread | adminclient-4] WARN org.apache.kafka.clients.NetworkClient - [AdminClient clientId=adminclient-4] Connection to node -1 (localhost/127.0.0.1:9092) could not be established. Broker may not be available.
[kafka-admin-client-thread | adminclient-8] INFO org.apache.kafka.clients.NetworkClient - [AdminClient clientId=adminclient-8] Node -1 disconnected.
[kafka-admin-client-thread | adminclient-8] WARN org.apache.kafka.clients.NetworkClient - [AdminClient clientId=adminclient-8] Connection to node -1 (localhost/127.0.0.1:9092) could not be established. Broker may not be available.
[kafka-admin-client-thread | adminclient-3] INFO org.apache.kafka.clients.NetworkClient - [AdminClient clientId=adminclient-3] Node -1 disconnected.
[kafka-admin-client-thread | adminclient-3] WARN org.apache.kafka.clients.NetworkClient - [AdminClient clientId=adminclient-3] Connection to node -1 (localhost/127.0.0.1:9092) could not be established. Broker may not be available.
[kafka-admin-client-thread | adminclient-7] INFO org.apache.kafka.clients.NetworkClient - [AdminClient clientId=adminclient-7] Node -1 disconnected.
[kafka-admin-client-thread | adminclient-7] WARN org.apache.kafka.clients.NetworkClient - [AdminClient clientId=adminclient-7] Connection to node -1 (localhost/127.0.0.1:9092) could not be established. Broker may not be available.
[kafka-admin-client-thread | adminclient-1] INFO org.apache.kafka.clients.NetworkClient - [AdminClient clientId=adminclient-1] Node -1 disconnected.
[kafka-admin-client-thread | adminclient-1] WARN org.apache.kafka.clients.NetworkClient - [AdminClient clientId=adminclient-1] Connection to node -1 (localhost/127.0.0.1:9092) could not be established. Broker may not be available.
[kafka-admin-client-thread | adminclient-2] INFO org.apache.kafka.clients.NetworkClient - [AdminClient clientId=adminclient-2] Node -1 disconnected.
[kafka-admin-client-thread | adminclient-2] WARN org.apache.kafka.clients.NetworkClient - [AdminClient clientId=adminclient-2] Connection to node -1 (localhost/127.0.0.1:9092) could not be established. Broker may not be available.
[kafka-producer-network-thread | producer-1] INFO org.apache.kafka.clients.NetworkClient - [Producer clientId=producer-1] Node -1 disconnected.
[kafka-producer-network-thread | producer-1] WARN org.apache.kafka.clients.NetworkClient - [Producer clientId=producer-1] Connection to node -1 (localhost/127.0.0.1:9092) could not be established. Broker may not be available.
[kafka-producer-network-thread | producer-1] WARN org.apache.kafka.clients.NetworkClient - [Producer clientId=producer-1] Bootstrap broker localhost:9092 (id: -1 rack: null) disconnected
[kafka-admin-client-thread | adminclient-8] INFO org.apache.kafka.clients.NetworkClient - [AdminClient clientId=adminclient-8] Node -1 disconnected.
[kafka-admin-client-thread | adminclient-8] WARN org.apache.kafka.clients.NetworkClient - [AdminClient clientId=adminclient-8] Connection to node -1 (localhost/127.0.0.1:9092) could not be established. Broker may not be available.
[kafka-admin-client-thread | adminclient-4] INFO org.apache.kafka.clients.NetworkClient - [AdminClient clientId=adminclient-4] Node -1 disconnected.
[kafka-admin-client-thread | adminclient-4] WARN org.apache.kafka.clients.NetworkClient - [AdminClient clientId=adminclient-4] Connection to node -1 (localhost/127.0.0.1:9092) could not be established. Broker may not be available.
[kafka-admin-client-thread | adminclient-3] INFO org.apache.kafka.clients.NetworkClient - [AdminClient clientId=adminclient-3] Node -1 disconnected.
[kafka-admin-client-thread | adminclient-3] WARN org.apache.kafka.clients.NetworkClient - [AdminClient clientId=adminclient-3] Connection to node -1 (localhost/127.0.0.1:9092) could not be established. Broker may not be available.
[kafka-admin-client-thread | adminclient-7] INFO org.apache.kafka.clients.NetworkClient - [AdminClient clientId=adminclient-7] Node -1 disconnected.
[kafka-admin-client-thread | adminclient-7] WARN org.apache.kafka.clients.NetworkClient - [AdminClient clientId=adminclient-7] Connection to node -1 (localhost/127.0.0.1:9092) could not be established. Broker may not be available.
[kafka-admin-client-thread | adminclient-2] INFO org.apache.kafka.clients.NetworkClient - [AdminClient clientId=adminclient-2] Node -1 disconnected.
[kafka-admin-client-thread | adminclient-2] WARN org.apache.kafka.clients.NetworkClient - [AdminClient clientId=adminclient-2] Connection to node -1 (localhost/127.0.0.1:9092) could not be established. Broker may not be available.
[kafka-producer-network-thread | producer-1] INFO org.apache.kafka.clients.NetworkClient - [Producer clientId=producer-1] Node -1 disconnected.
[kafka-producer-network-thread | producer-1] WARN org.apache.kafka.clients.NetworkClient - [Producer clientId=producer-1] Connection to node -1 (localhost/127.0.0.1:9092) could not be established. Broker may not be available.
[kafka-producer-network-thread | producer-1] WARN org.apache.kafka.clients.NetworkClient - [Producer clientId=producer-1] Bootstrap broker localhost:9092 (id: -1 rack: null) disconnected
[kafka-admin-client-thread | adminclient-1] INFO org.apache.kafka.clients.NetworkClient - [AdminClient clientId=adminclient-1] Node -1 disconnected.
[kafka-admin-client-thread | adminclient-1] WARN org.apache.kafka.clients.NetworkClient - [AdminClient clientId=adminclient-1] Connection to node -1 (localhost/127.0.0.1:9092) could not be established. Broker may not be available.
[kafka-admin-client-thread | adminclient-4] INFO org.apache.kafka.clients.NetworkClient - [AdminClient clientId=adminclient-4] Node -1 disconnected.
[kafka-admin-client-thread | adminclient-4] WARN org.apache.kafka.clients.NetworkClient - [AdminClient clientId=adminclient-4] Connection to node -1 (localhost/127.0.0.1:9092) could not be established. Broker may not be available.
[kafka-admin-client-thread | adminclient-8] INFO org.apache.kafka.clients.NetworkClient - [AdminClient clientId=adminclient-8] Node -1 disconnected.
[kafka-admin-client-thread | adminclient-8] WARN org.apache.kafka.clients.NetworkClient - [AdminClient clientId=adminclient-8] Connection to node -1 (localhost/127.0.0.1:9092) could not be established. Broker may not be available.
[kafka-admin-client-thread | adminclient-3] INFO org.apache.kafka.clients.NetworkClient - [AdminClient clientId=adminclient-3] Node -1 disconnected.
[kafka-admin-client-thread | adminclient-3] WARN org.apache.kafka.clients.NetworkClient - [AdminClient clientId=adminclient-3] Connection to node -1 (localhost/127.0.0.1:9092) could not be established. Broker may not be available.
[kafka-admin-client-thread | adminclient-7] INFO org.apache.kafka.clients.NetworkClient - [AdminClient clientId=adminclient-7] Node -1 disconnected.
[kafka-admin-client-thread | adminclient-7] WARN org.apache.kafka.clients.NetworkClient - [AdminClient clientId=adminclient-7] Connection to node -1 (localhost/127.0.0.1:9092) could not be established. Broker may not be available.
[kafka-admin-client-thread | adminclient-2] INFO org.apache.kafka.clients.NetworkClient - [AdminClient clientId=adminclient-2] Node -1 disconnected.
[kafka-admin-client-thread | adminclient-2] WARN org.apache.kafka.clients.NetworkClient - [AdminClient clientId=adminclient-2] Connection to node -1 (localhost/127.0.0.1:9092) could not be established. Broker may not be available.
[kafka-producer-network-thread | producer-1] INFO org.apache.kafka.clients.NetworkClient - [Producer clientId=producer-1] Node -1 disconnected.
[kafka-producer-network-thread | producer-1] WARN org.apache.kafka.clients.NetworkClient - [Producer clientId=producer-1] Connection to node -1 (localhost/127.0.0.1:9092) could not be established. Broker may not be available.
[kafka-producer-network-thread | producer-1] WARN org.apache.kafka.clients.NetworkClient - [Producer clientId=producer-1] Bootstrap broker localhost:9092 (id: -1 rack: null) disconnected
[kafka-admin-client-thread | adminclient-4] INFO org.apache.kafka.clients.NetworkClient - [AdminClient clientId=adminclient-4] Node -1 disconnected.
[kafka-admin-client-thread | adminclient-4] WARN org.apache.kafka.clients.NetworkClient - [AdminClient clientId=adminclient-4] Connection to node -1 (localhost/127.0.0.1:9092) could not be established. Broker may not be available.
[kafka-admin-client-thread | adminclient-1] INFO org.apache.kafka.clients.NetworkClient - [AdminClient clientId=adminclient-1] Node -1 disconnected.
[kafka-admin-client-thread | adminclient-1] WARN org.apache.kafka.clients.NetworkClient - [AdminClient clientId=adminclient-1] Connection to node -1 (localhost/127.0.0.1:9092) could not be established. Broker may not be available.
[kafka-admin-client-thread | adminclient-8] INFO org.apache.kafka.clients.NetworkClient - [AdminClient clientId=adminclient-8] Node -1 disconnected.
[kafka-admin-client-thread | adminclient-8] WARN org.apache.kafka.clients.NetworkClient - [AdminClient clientId=adminclient-8] Connection to node -1 (localhost/127.0.0.1:9092) could not be established. Broker may not be available.
[kafka-admin-client-thread | adminclient-3] INFO org.apache.kafka.clients.NetworkClient - [AdminClient clientId=adminclient-3] Node -1 disconnected.
[kafka-admin-client-thread | adminclient-3] WARN org.apache.kafka.clients.NetworkClient - [AdminClient clientId=adminclient-3] Connection to node -1 (localhost/127.0.0.1:9092) could not be established. Broker may not be available.
[kafka-admin-client-thread | adminclient-7] INFO org.apache.kafka.clients.NetworkClient - [AdminClient clientId=adminclient-7] Node -1 disconnected.
[kafka-admin-client-thread | adminclient-7] WARN org.apache.kafka.clients.NetworkClient - [AdminClient clientId=adminclient-7] Connection to node -1 (localhost/127.0.0.1:9092) could not be established. Broker may not be available.
[kafka-admin-client-thread | adminclient-2] INFO org.apache.kafka.clients.NetworkClient - [AdminClient clientId=adminclient-2] Node -1 disconnected.
[kafka-admin-client-thread | adminclient-2] WARN org.apache.kafka.clients.NetworkClient - [AdminClient clientId=adminclient-2] Connection to node -1 (localhost/127.0.0.1:9092) could not be established. Broker may not be available.
[kafka-producer-network-thread | producer-1] INFO org.apache.kafka.clients.NetworkClient - [Producer clientId=producer-1] Node -1 disconnected.
[kafka-producer-network-thread | producer-1] WARN org.apache.kafka.clients.NetworkClient - [Producer clientId=producer-1] Connection to node -1 (localhost/127.0.0.1:9092) could not be established. Broker may not be available.
[kafka-producer-network-thread | producer-1] WARN org.apache.kafka.clients.NetworkClient - [Producer clientId=producer-1] Bootstrap broker localhost:9092 (id: -1 rack: null) disconnected
[kafka-admin-client-thread | adminclient-1] INFO org.apache.kafka.clients.NetworkClient - [AdminClient clientId=adminclient-1] Node -1 disconnected.
[kafka-admin-client-thread | adminclient-1] WARN org.apache.kafka.clients.NetworkClient - [AdminClient clientId=adminclient-1] Connection to node -1 (localhost/127.0.0.1:9092) could not be established. Broker may not be available.
[kafka-admin-client-thread | adminclient-4] INFO org.apache.kafka.clients.NetworkClient - [AdminClient clientId=adminclient-4] Node -1 disconnected.
[kafka-admin-client-thread | adminclient-4] WARN org.apache.kafka.clients.NetworkClient - [AdminClient clientId=adminclient-4] Connection to node -1 (localhost/127.0.0.1:9092) could not be established. Broker may not be available.
[kafka-admin-client-thread | adminclient-8] INFO org.apache.kafka.clients.NetworkClient - [AdminClient clientId=adminclient-8] Node -1 disconnected.
[kafka-admin-client-thread | adminclient-8] WARN org.apache.kafka.clients.NetworkClient - [AdminClient clientId=adminclient-8] Connection to node -1 (localhost/127.0.0.1:9092) could not be established. Broker may not be available.
[kafka-admin-client-thread | adminclient-2] INFO org.apache.kafka.clients.NetworkClient - [AdminClient clientId=adminclient-2] Node -1 disconnected.
[kafka-admin-client-thread | adminclient-2] WARN org.apache.kafka.clients.NetworkClient - [AdminClient clientId=adminclient-2] Connection to node -1 (localhost/127.0.0.1:9092) could not be established. Broker may not be available.
[kafka-admin-client-thread | adminclient-3] INFO org.apache.kafka.clients.NetworkClient - [AdminClient clientId=adminclient-3] Node -1 disconnected.
[kafka-admin-client-thread | adminclient-3] WARN org.apache.kafka.clients.NetworkClient - [AdminClient clientId=adminclient-3] Connection to node -1 (localhost/127.0.0.1:9092) could not be established. Broker may not be available.
[kafka-producer-network-thread | producer-1] INFO org.apache.kafka.clients.NetworkClient - [Producer clientId=producer-1] Node -1 disconnected.
[kafka-producer-network-thread | producer-1] WARN org.apache.kafka.clients.NetworkClient - [Producer clientId=producer-1] Connection to node -1 (localhost/127.0.0.1:9092) could not be established. Broker may not be available.
[kafka-producer-network-thread | producer-1] WARN org.apache.kafka.clients.NetworkClient - [Producer clientId=producer-1] Bootstrap broker localhost:9092 (id: -1 rack: null) disconnected
[kafka-admin-client-thread | adminclient-1] INFO org.apache.kafka.clients.NetworkClient - [AdminClient clientId=adminclient-1] Node -1 disconnected.
[kafka-admin-client-thread | adminclient-7] INFO org.apache.kafka.clients.NetworkClient - [AdminClient clientId=adminclient-7] Node -1 disconnected.
[kafka-admin-client-thread | adminclient-1] WARN org.apache.kafka.clients.NetworkClient - [AdminClient clientId=adminclient-1] Connection to node -1 (localhost/127.0.0.1:9092) could not be established. Broker may not be available.
[kafka-admin-client-thread | adminclient-7] WARN org.apache.kafka.clients.NetworkClient - [AdminClient clientId=adminclient-7] Connection to node -1 (localhost/127.0.0.1:9092) could not be established. Broker may not be available.
[kafka-admin-client-thread | adminclient-4] INFO org.apache.kafka.clients.NetworkClient - [AdminClient clientId=adminclient-4] Node -1 disconnected.
[kafka-admin-client-thread | adminclient-4] WARN org.apache.kafka.clients.NetworkClient - [AdminClient clientId=adminclient-4] Connection to node -1 (localhost/127.0.0.1:9092) could not be established. Broker may not be available.
[kafka-admin-client-thread | adminclient-8] INFO org.apache.kafka.clients.NetworkClient - [AdminClient clientId=adminclient-8] Node -1 disconnected.
[kafka-admin-client-thread | adminclient-8] WARN org.apache.kafka.clients.NetworkClient - [AdminClient clientId=adminclient-8] Connection to node -1 (localhost/127.0.0.1:9092) could not be established. Broker may not be available.
[kafka-admin-client-thread | adminclient-2] INFO org.apache.kafka.clients.NetworkClient - [AdminClient clientId=adminclient-2] Node -1 disconnected.
[kafka-admin-client-thread | adminclient-2] WARN org.apache.kafka.clients.NetworkClient - [AdminClient clientId=adminclient-2] Connection to node -1 (localhost/127.0.0.1:9092) could not be established. Broker may not be available.
[kafka-producer-network-thread | producer-1] INFO org.apache.kafka.clients.NetworkClient - [Producer clientId=producer-1] Node -1 disconnected.
[kafka-producer-network-thread | producer-1] WARN org.apache.kafka.clients.NetworkClient - [Producer clientId=producer-1] Connection to node -1 (localhost/127.0.0.1:9092) could not be established. Broker may not be available.
[kafka-producer-network-thread | producer-1] WARN org.apache.kafka.clients.NetworkClient - [Producer clientId=producer-1] Bootstrap broker localhost:9092 (id: -1 rack: null) disconnected
[kafka-admin-client-thread | adminclient-3] INFO org.apache.kafka.clients.NetworkClient - [AdminClient clientId=adminclient-3] Node -1 disconnected.
[kafka-admin-client-thread | adminclient-3] WARN org.apache.kafka.clients.NetworkClient - [AdminClient clientId=adminclient-3] Connection to node -1 (localhost/127.0.0.1:9092) could not be established. Broker may not be available.
[kafka-admin-client-thread | adminclient-1] INFO org.apache.kafka.clients.NetworkClient - [AdminClient clientId=adminclient-1] Node -1 disconnected.
[kafka-admin-client-thread | adminclient-1] WARN org.apache.kafka.clients.NetworkClient - [AdminClient clientId=adminclient-1] Connection to node -1 (localhost/127.0.0.1:9092) could not be established. Broker may not be available.
[kafka-admin-client-thread | adminclient-4] INFO org.apache.kafka.clients.NetworkClient - [AdminClient clientId=adminclient-4] Node -1 disconnected.
[kafka-admin-client-thread | adminclient-4] WARN org.apache.kafka.clients.NetworkClient - [AdminClient clientId=adminclient-4] Connection to node -1 (localhost/127.0.0.1:9092) could not be established. Broker may not be available.
[kafka-admin-client-thread | adminclient-7] INFO org.apache.kafka.clients.NetworkClient - [AdminClient clientId=adminclient-7] Node -1 disconnected.
[kafka-admin-client-thread | adminclient-7] WARN org.apache.kafka.clients.NetworkClient - [AdminClient clientId=adminclient-7] Connection to node -1 (localhost/127.0.0.1:9092) could not be established. Broker may not be available.
[kafka-admin-client-thread | adminclient-8] INFO org.apache.kafka.clients.NetworkClient - [AdminClient clientId=adminclient-8] Node -1 disconnected.
[kafka-admin-client-thread | adminclient-8] WARN org.apache.kafka.clients.NetworkClient - [AdminClient clientId=adminclient-8] Connection to node -1 (localhost/127.0.0.1:9092) could not be established. Broker may not be available.
[kafka-admin-client-thread | adminclient-1] INFO org.apache.kafka.clients.NetworkClient - [AdminClient clientId=adminclient-1] Node -1 disconnected.
[kafka-admin-client-thread | adminclient-1] WARN org.apache.kafka.clients.NetworkClient - [AdminClient clientId=adminclient-1] Connection to node -1 (localhost/127.0.0.1:9092) could not be established. Broker may not be available.
[kafka-producer-network-thread | producer-1] INFO org.apache.kafka.clients.NetworkClient - [Producer clientId=producer-1] Node -1 disconnected.
[kafka-producer-network-thread | producer-1] WARN org.apache.kafka.clients.NetworkClient - [Producer clientId=producer-1] Connection to node -1 (localhost/127.0.0.1:9092) could not be established. Broker may not be available.
[kafka-producer-network-thread | producer-1] WARN org.apache.kafka.clients.NetworkClient - [Producer clientId=producer-1] Bootstrap broker localhost:9092 (id: -1 rack: null) disconnected
[kafka-admin-client-thread | adminclient-7] INFO org.apache.kafka.clients.NetworkClient - [AdminClient clientId=adminclient-7] Node -1 disconnected.
[kafka-admin-client-thread | adminclient-7] WARN org.apache.kafka.clients.NetworkClient - [AdminClient clientId=adminclient-7] Connection to node -1 (localhost/127.0.0.1:9092) could not be established. Broker may not be available.
[kafka-admin-client-thread | adminclient-2] INFO org.apache.kafka.clients.NetworkClient - [AdminClient clientId=adminclient-2] Node -1 disconnected.
[kafka-admin-client-thread | adminclient-2] WARN org.apache.kafka.clients.NetworkClient - [AdminClient clientId=adminclient-2] Connection to node -1 (localhost/127.0.0.1:9092) could not be established. Broker may not be available.
[kafka-admin-client-thread | adminclient-4] INFO org.apache.kafka.clients.NetworkClient - [AdminClient clientId=adminclient-4] Node -1 disconnected.
[kafka-admin-client-thread | adminclient-4] WARN org.apache.kafka.clients.NetworkClient - [AdminClient clientId=adminclient-4] Connection to node -1 (localhost/127.0.0.1:9092) could not be established. Broker may not be available.
[kafka-admin-client-thread | adminclient-3] INFO org.apache.kafka.clients.NetworkClient - [AdminClient clientId=adminclient-3] Node -1 disconnected.
[kafka-admin-client-thread | adminclient-3] WARN org.apache.kafka.clients.NetworkClient - [AdminClient clientId=adminclient-3] Connection to node -1 (localhost/127.0.0.1:9092) could not be established. Broker may not be available.
[kafka-admin-client-thread | adminclient-8] INFO org.apache.kafka.clients.NetworkClient - [AdminClient clientId=adminclient-8] Node -1 disconnected.
[kafka-admin-client-thread | adminclient-8] WARN org.apache.kafka.clients.NetworkClient - [AdminClient clientId=adminclient-8] Connection to node -1 (localhost/127.0.0.1:9092) could not be established. Broker may not be available.
[kafka-admin-client-thread | adminclient-7] INFO org.apache.kafka.clients.NetworkClient - [AdminClient clientId=adminclient-7] Node -1 disconnected.
[kafka-admin-client-thread | adminclient-7] WARN org.apache.kafka.clients.NetworkClient - [AdminClient clientId=adminclient-7] Connection to node -1 (localhost/127.0.0.1:9092) could not be established. Broker may not be available.
[kafka-admin-client-thread | adminclient-1] INFO org.apache.kafka.clients.NetworkClient - [AdminClient clientId=adminclient-1] Node -1 disconnected.
[kafka-admin-client-thread | adminclient-1] WARN org.apache.kafka.clients.NetworkClient - [AdminClient clientId=adminclient-1] Connection to node -1 (localhost/127.0.0.1:9092) could not be established. Broker may not be available.
[kafka-admin-client-thread | adminclient-4] INFO org.apache.kafka.clients.NetworkClient - [AdminClient clientId=adminclient-4] Node -1 disconnected.
[kafka-admin-client-thread | adminclient-4] WARN org.apache.kafka.clients.NetworkClient - [AdminClient clientId=adminclient-4] Connection to node -1 (localhost/127.0.0.1:9092) could not be established. Broker may not be available.
[kafka-admin-client-thread | adminclient-2] INFO org.apache.kafka.clients.NetworkClient - [AdminClient clientId=adminclient-2] Node -1 disconnected.
[kafka-admin-client-thread | adminclient-2] WARN org.apache.kafka.clients.NetworkClient - [AdminClient clientId=adminclient-2] Connection to node -1 (localhost/127.0.0.1:9092) could not be established. Broker may not be available.
[kafka-producer-network-thread | producer-1] INFO org.apache.kafka.clients.NetworkClient - [Producer clientId=producer-1] Node -1 disconnected.
[kafka-admin-client-thread | adminclient-3] INFO org.apache.kafka.clients.NetworkClient - [AdminClient clientId=adminclient-3] Node -1 disconnected.
[kafka-producer-network-thread | producer-1] WARN org.apache.kafka.clients.NetworkClient - [Producer clientId=producer-1] Connection to node -1 (localhost/127.0.0.1:9092) could not be established. Broker may not be available.
[kafka-admin-client-thread | adminclient-3] WARN org.apache.kafka.clients.NetworkClient - [AdminClient clientId=adminclient-3] Connection to node -1 (localhost/127.0.0.1:9092) could not be established. Broker may not be available.
[kafka-producer-network-thread | producer-1] WARN org.apache.kafka.clients.NetworkClient - [Producer clientId=producer-1] Bootstrap broker localhost:9092 (id: -1 rack: null) disconnected
[kafka-admin-client-thread | adminclient-8] INFO org.apache.kafka.clients.NetworkClient - [AdminClient clientId=adminclient-8] Node -1 disconnected.
[kafka-admin-client-thread | adminclient-8] WARN org.apache.kafka.clients.NetworkClient - [AdminClient clientId=adminclient-8] Connection to node -1 (localhost/127.0.0.1:9092) could not be established. Broker may not be available.
[kafka-admin-client-thread | adminclient-3] INFO org.apache.kafka.clients.NetworkClient - [AdminClient clientId=adminclient-3] Node -1 disconnected.
[kafka-admin-client-thread | adminclient-3] WARN org.apache.kafka.clients.NetworkClient - [AdminClient clientId=adminclient-3] Connection to node -1 (localhost/127.0.0.1:9092) could not be established. Broker may not be available.
[kafka-admin-client-thread | adminclient-1] INFO org.apache.kafka.clients.NetworkClient - [AdminClient clientId=adminclient-1] Node -1 disconnected.
[kafka-admin-client-thread | adminclient-1] WARN org.apache.kafka.clients.NetworkClient - [AdminClient clientId=adminclient-1] Connection to node -1 (localhost/127.0.0.1:9092) could not be established. Broker may not be available.
[kafka-admin-client-thread | adminclient-7] INFO org.apache.kafka.clients.NetworkClient - [AdminClient clientId=adminclient-7] Node -1 disconnected.
[kafka-admin-client-thread | adminclient-7] WARN org.apache.kafka.clients.NetworkClient - [AdminClient clientId=adminclient-7] Connection to node -1 (localhost/127.0.0.1:9092) could not be established. Broker may not be available.
[kafka-admin-client-thread | adminclient-4] INFO org.apache.kafka.clients.NetworkClient - [AdminClient clientId=adminclient-4] Node -1 disconnected.
[kafka-admin-client-thread | adminclient-4] WARN org.apache.kafka.clients.NetworkClient - [AdminClient clientId=adminclient-4] Connection to node -1 (localhost/127.0.0.1:9092) could not be established. Broker may not be available.
[kafka-admin-client-thread | adminclient-2] INFO org.apache.kafka.clients.NetworkClient - [AdminClient clientId=adminclient-2] Node -1 disconnected.
[kafka-admin-client-thread | adminclient-2] WARN org.apache.kafka.clients.NetworkClient - [AdminClient clientId=adminclient-2] Connection to node -1 (localhost/127.0.0.1:9092) could not be established. Broker may not be available.
[kafka-producer-network-thread | producer-1] INFO org.apache.kafka.clients.NetworkClient - [Producer clientId=producer-1] Node -1 disconnected.
[kafka-producer-network-thread | producer-1] WARN org.apache.kafka.clients.NetworkClient - [Producer clientId=producer-1] Connection to node -1 (localhost/127.0.0.1:9092) could not be established. Broker may not be available.
[kafka-producer-network-thread | producer-1] WARN org.apache.kafka.clients.NetworkClient - [Producer clientId=producer-1] Bootstrap broker localhost:9092 (id: -1 rack: null) disconnected
[kafka-admin-client-thread | adminclient-8] INFO org.apache.kafka.clients.NetworkClient - [AdminClient clientId=adminclient-8] Node -1 disconnected.
[kafka-admin-client-thread | adminclient-8] WARN org.apache.kafka.clients.NetworkClient - [AdminClient clientId=adminclient-8] Connection to node -1 (localhost/127.0.0.1:9092) could not be established. Broker may not be available.
[kafka-admin-client-thread | adminclient-3] INFO org.apache.kafka.clients.NetworkClient - [AdminClient clientId=adminclient-3] Node -1 disconnected.
[kafka-admin-client-thread | adminclient-3] WARN org.apache.kafka.clients.NetworkClient - [AdminClient clientId=adminclient-3] Connection to node -1 (localhost/127.0.0.1:9092) could not be established. Broker may not be available.
[kafka-admin-client-thread | adminclient-4] INFO org.apache.kafka.clients.NetworkClient - [AdminClient clientId=adminclient-4] Node -1 disconnected.
[kafka-admin-client-thread | adminclient-4] WARN org.apache.kafka.clients.NetworkClient - [AdminClient clientId=adminclient-4] Connection to node -1 (localhost/127.0.0.1:9092) could not be established. Broker may not be available.
[kafka-producer-network-thread | producer-1] INFO org.apache.kafka.clients.NetworkClient - [Producer clientId=producer-1] Node -1 disconnected.
[kafka-producer-network-thread | producer-1] WARN org.apache.kafka.clients.NetworkClient - [Producer clientId=producer-1] Connection to node -1 (localhost/127.0.0.1:9092) could not be established. Broker may not be available.
[kafka-producer-network-thread | producer-1] WARN org.apache.kafka.clients.NetworkClient - [Producer clientId=producer-1] Bootstrap broker localhost:9092 (id: -1 rack: null) disconnected
[kafka-admin-client-thread | adminclient-1] INFO org.apache.kafka.clients.NetworkClient - [AdminClient clientId=adminclient-1] Node -1 disconnected.
[kafka-admin-client-thread | adminclient-1] WARN org.apache.kafka.clients.NetworkClient - [AdminClient clientId=adminclient-1] Connection to node -1 (localhost/127.0.0.1:9092) could not be established. Broker may not be available.
[kafka-admin-client-thread | adminclient-7] INFO org.apache.kafka.clients.NetworkClient - [AdminClient clientId=adminclient-7] Node -1 disconnected.
[kafka-admin-client-thread | adminclient-7] WARN org.apache.kafka.clients.NetworkClient - [AdminClient clientId=adminclient-7] Connection to node -1 (localhost/127.0.0.1:9092) could not be established. Broker may not be available.
[kafka-admin-client-thread | adminclient-2] INFO org.apache.kafka.clients.NetworkClient - [AdminClient clientId=adminclient-2] Node -1 disconnected.
[kafka-admin-client-thread | adminclient-2] WARN org.apache.kafka.clients.NetworkClient - [AdminClient clientId=adminclient-2] Connection to node -1 (localhost/127.0.0.1:9092) could not be established. Broker may not be available.
[kafka-admin-client-thread | adminclient-8] INFO org.apache.kafka.clients.NetworkClient - [AdminClient clientId=adminclient-8] Node -1 disconnected.
[kafka-admin-client-thread | adminclient-8] WARN org.apache.kafka.clients.NetworkClient - [AdminClient clientId=adminclient-8] Connection to node -1 (localhost/127.0.0.1:9092) could not be established. Broker may not be available.
[kafka-admin-client-thread | adminclient-4] INFO org.apache.kafka.clients.NetworkClient - [AdminClient clientId=adminclient-4] Node -1 disconnected.
[kafka-admin-client-thread | adminclient-4] WARN org.apache.kafka.clients.NetworkClient - [AdminClient clientId=adminclient-4] Connection to node -1 (localhost/127.0.0.1:9092) could not be established. Broker may not be available.
[kafka-admin-client-thread | adminclient-3] INFO org.apache.kafka.clients.NetworkClient - [AdminClient clientId=adminclient-3] Node -1 disconnected.
[kafka-admin-client-thread | adminclient-3] WARN org.apache.kafka.clients.NetworkClient - [AdminClient clientId=adminclient-3] Connection to node -1 (localhost/127.0.0.1:9092) could not be established. Broker may not be available.
[kafka-producer-network-thread | producer-1] INFO org.apache.kafka.clients.NetworkClient - [Producer clientId=producer-1] Node -1 disconnected.
[kafka-producer-network-thread | producer-1] WARN org.apache.kafka.clients.NetworkClient - [Producer clientId=producer-1] Connection to node -1 (localhost/127.0.0.1:9092) could not be established. Broker may not be available.
[kafka-producer-network-thread | producer-1] WARN org.apache.kafka.clients.NetworkClient - [Producer clientId=producer-1] Bootstrap broker localhost:9092 (id: -1 rack: null) disconnected
[kafka-admin-client-thread | adminclient-1] INFO org.apache.kafka.clients.NetworkClient - [AdminClient clientId=adminclient-1] Node -1 disconnected.
[kafka-admin-client-thread | adminclient-1] WARN org.apache.kafka.clients.NetworkClient - [AdminClient clientId=adminclient-1] Connection to node -1 (localhost/127.0.0.1:9092) could not be established. Broker may not be available.
[kafka-admin-client-thread | adminclient-7] INFO org.apache.kafka.clients.NetworkClient - [AdminClient clientId=adminclient-7] Node -1 disconnected.
[kafka-admin-client-thread | adminclient-7] WARN org.apache.kafka.clients.NetworkClient - [AdminClient clientId=adminclient-7] Connection to node -1 (localhost/127.0.0.1:9092) could not be established. Broker may not be available.
[kafka-admin-client-thread | adminclient-2] INFO org.apache.kafka.clients.NetworkClient - [AdminClient clientId=adminclient-2] Node -1 disconnected.
[kafka-admin-client-thread | adminclient-8] INFO org.apache.kafka.clients.NetworkClient - [AdminClient clientId=adminclient-8] Node -1 disconnected.
[kafka-admin-client-thread | adminclient-2] WARN org.apache.kafka.clients.NetworkClient - [AdminClient clientId=adminclient-2] Connection to node -1 (localhost/127.0.0.1:9092) could not be established. Broker may not be available.
[kafka-admin-client-thread | adminclient-8] WARN org.apache.kafka.clients.NetworkClient - [AdminClient clientId=adminclient-8] Connection to node -1 (localhost/127.0.0.1:9092) could not be established. Broker may not be available.
[kafka-admin-client-thread | adminclient-4] INFO org.apache.kafka.clients.NetworkClient - [AdminClient clientId=adminclient-4] Node -1 disconnected.
[kafka-admin-client-thread | adminclient-4] WARN org.apache.kafka.clients.NetworkClient - [AdminClient clientId=adminclient-4] Connection to node -1 (localhost/127.0.0.1:9092) could not be established. Broker may not be available.
[kafka-producer-network-thread | producer-1] INFO org.apache.kafka.clients.NetworkClient - [Producer clientId=producer-1] Node -1 disconnected.
[kafka-producer-network-thread | producer-1] WARN org.apache.kafka.clients.NetworkClient - [Producer clientId=producer-1] Connection to node -1 (localhost/127.0.0.1:9092) could not be established. Broker may not be available.
[kafka-producer-network-thread | producer-1] WARN org.apache.kafka.clients.NetworkClient - [Producer clientId=producer-1] Bootstrap broker localhost:9092 (id: -1 rack: null) disconnected
[kafka-admin-client-thread | adminclient-3] INFO org.apache.kafka.clients.NetworkClient - [AdminClient clientId=adminclient-3] Node -1 disconnected.
[kafka-admin-client-thread | adminclient-3] WARN org.apache.kafka.clients.NetworkClient - [AdminClient clientId=adminclient-3] Connection to node -1 (localhost/127.0.0.1:9092) could not be established. Broker may not be available.
[kafka-admin-client-thread | adminclient-1] INFO org.apache.kafka.clients.NetworkClient - [AdminClient clientId=adminclient-1] Node -1 disconnected.
[kafka-admin-client-thread | adminclient-1] WARN org.apache.kafka.clients.NetworkClient - [AdminClient clientId=adminclient-1] Connection to node -1 (localhost/127.0.0.1:9092) could not be established. Broker may not be available.
[kafka-admin-client-thread | adminclient-2] INFO org.apache.kafka.clients.NetworkClient - [AdminClient clientId=adminclient-2] Node -1 disconnected.
[kafka-admin-client-thread | adminclient-2] WARN org.apache.kafka.clients.NetworkClient - [AdminClient clientId=adminclient-2] Connection to node -1 (localhost/127.0.0.1:9092) could not be established. Broker may not be available.
[kafka-admin-client-thread | adminclient-7] INFO org.apache.kafka.clients.NetworkClient - [AdminClient clientId=adminclient-7] Node -1 disconnected.
[kafka-admin-client-thread | adminclient-7] WARN org.apache.kafka.clients.NetworkClient - [AdminClient clientId=adminclient-7] Connection to node -1 (localhost/127.0.0.1:9092) could not be established. Broker may not be available.
[kafka-admin-client-thread | adminclient-8] INFO org.apache.kafka.clients.NetworkClient - [AdminClient clientId=adminclient-8] Node -1 disconnected.
[kafka-admin-client-thread | adminclient-8] WARN org.apache.kafka.clients.NetworkClient - [AdminClient clientId=adminclient-8] Connection to node -1 (localhost/127.0.0.1:9092) could not be established. Broker may not be available.
[kafka-producer-network-thread | producer-1] INFO org.apache.kafka.clients.NetworkClient - [Producer clientId=producer-1] Node -1 disconnected.
[kafka-producer-network-thread | producer-1] WARN org.apache.kafka.clients.NetworkClient - [Producer clientId=producer-1] Connection to node -1 (localhost/127.0.0.1:9092) could not be established. Broker may not be available.
[kafka-producer-network-thread | producer-1] WARN org.apache.kafka.clients.NetworkClient - [Producer clientId=producer-1] Bootstrap broker localhost:9092 (id: -1 rack: null) disconnected
[kafka-admin-client-thread | adminclient-3] INFO org.apache.kafka.clients.NetworkClient - [AdminClient clientId=adminclient-3] Node -1 disconnected.
[kafka-admin-client-thread | adminclient-3] WARN org.apache.kafka.clients.NetworkClient - [AdminClient clientId=adminclient-3] Connection to node -1 (localhost/127.0.0.1:9092) could not be established. Broker may not be available.
[kafka-admin-client-thread | adminclient-4] INFO org.apache.kafka.clients.NetworkClient - [AdminClient clientId=adminclient-4] Node -1 disconnected.
[kafka-admin-client-thread | adminclient-4] WARN org.apache.kafka.clients.NetworkClient - [AdminClient clientId=adminclient-4] Connection to node -1 (localhost/127.0.0.1:9092) could not be established. Broker may not be available.
[kafka-admin-client-thread | adminclient-1] INFO org.apache.kafka.clients.NetworkClient - [AdminClient clientId=adminclient-1] Node -1 disconnected.
[kafka-admin-client-thread | adminclient-1] WARN org.apache.kafka.clients.NetworkClient - [AdminClient clientId=adminclient-1] Connection to node -1 (localhost/127.0.0.1:9092) could not be established. Broker may not be available.
[kafka-admin-client-thread | adminclient-1] INFO org.apache.kafka.clients.admin.internals.AdminMetadataManager - [AdminClient clientId=adminclient-1] Metadata update failed
org.apache.kafka.common.errors.TimeoutException: Timed out waiting for a node assignment. Call: fetchMetadata
[kafka-admin-client-thread | adminclient-2] INFO org.apache.kafka.clients.admin.internals.AdminMetadataManager - [AdminClient clientId=adminclient-2] Metadata update failed
org.apache.kafka.common.errors.TimeoutException: Timed out waiting for a node assignment. Call: fetchMetadata
[kafka-admin-client-thread | adminclient-2] INFO org.apache.kafka.clients.NetworkClient - [AdminClient clientId=adminclient-2] Node -1 disconnected.
[kafka-admin-client-thread | adminclient-2] WARN org.apache.kafka.clients.NetworkClient - [AdminClient clientId=adminclient-2] Connection to node -1 (localhost/127.0.0.1:9092) could not be established. Broker may not be available.
[kafka-admin-client-thread | adminclient-3] INFO org.apache.kafka.clients.admin.internals.AdminMetadataManager - [AdminClient clientId=adminclient-3] Metadata update failed
org.apache.kafka.common.errors.TimeoutException: Timed out waiting for a node assignment. Call: fetchMetadata
[kafka-admin-client-thread | adminclient-4] INFO org.apache.kafka.clients.admin.internals.AdminMetadataManager - [AdminClient clientId=adminclient-4] Metadata update failed
org.apache.kafka.common.errors.TimeoutException: Timed out waiting for a node assignment. Call: fetchMetadata
[kafka-admin-client-thread | adminclient-8] INFO org.apache.kafka.clients.NetworkClient - [AdminClient clientId=adminclient-8] Node -1 disconnected.
[kafka-admin-client-thread | adminclient-8] WARN org.apache.kafka.clients.NetworkClient - [AdminClient clientId=adminclient-8] Connection to node -1 (localhost/127.0.0.1:9092) could not be established. Broker may not be available.
[kafka-admin-client-thread | adminclient-7] INFO org.apache.kafka.clients.admin.internals.AdminMetadataManager - [AdminClient clientId=adminclient-7] Metadata update failed
org.apache.kafka.common.errors.TimeoutException: Timed out waiting for a node assignment. Call: fetchMetadata
[kafka-admin-client-thread | adminclient-8] INFO org.apache.kafka.clients.admin.internals.AdminMetadataManager - [AdminClient clientId=adminclient-8] Metadata update failed
org.apache.kafka.common.errors.TimeoutException: Timed out waiting for a node assignment. Call: fetchMetadata
[main] INFO com.mycompany.kafka.manager.MessageManager - Message sent successfully to topic: test-topic
[main] INFO org.apache.kafka.clients.producer.KafkaProducer - [Producer clientId=producer-1] Closing the Kafka producer with timeoutMillis = 9223372036854775807 ms.
[main] INFO org.apache.kafka.common.metrics.Metrics - Metrics scheduler closed
[main] INFO org.apache.kafka.common.metrics.Metrics - Closing reporter org.apache.kafka.common.metrics.JmxReporter
[main] INFO org.apache.kafka.common.metrics.Metrics - Metrics reporters closed
[main] INFO org.apache.kafka.common.utils.AppInfoParser - App info kafka.producer for producer-1 unregistered
]]></system-err>
  </testcase>
  <testcase name="testListTopics" classname="com.mycompany.kafka.KafkaManagementLibraryTest" time="60.012">
    <error message="Failed to list topics" type="java.lang.RuntimeException"><![CDATA[java.lang.RuntimeException: Failed to list topics
	at com.mycompany.kafka.manager.TopicQueries.listTopics(TopicQueries.java:45)
	at com.mycompany.kafka.manager.TopicManager.listTopics(TopicManager.java:71)
	at com.mycompany.kafka.KafkaManagementLibrary.listTopics(KafkaManagementLibrary.java:95)
	at com.mycompany.kafka.KafkaManagementLibraryTest.testListTopics(KafkaManagementLibraryTest.java:92)
	at java.base/jdk.internal.reflect.NativeMethodAccessorImpl.invoke0(Native Method)
	at java.base/jdk.internal.reflect.NativeMethodAccessorImpl.invoke(NativeMethodAccessorImpl.java:62)
	at java.base/jdk.internal.reflect.DelegatingMethodAccessorImpl.invoke(DelegatingMethodAccessorImpl.java:43)
	at java.base/java.lang.reflect.Method.invoke(Method.java:567)
	at org.junit.platform.commons.util.ReflectionUtils.invokeMethod(ReflectionUtils.java:727)
	at org.junit.jupiter.engine.execution.MethodInvocation.proceed(MethodInvocation.java:60)
	at org.junit.jupiter.engine.execution.InvocationInterceptorChain$ValidatingInvocation.proceed(InvocationInterceptorChain.java:131)
	at org.junit.jupiter.engine.extension.TimeoutExtension.intercept(TimeoutExtension.java:156)
	at org.junit.jupiter.engine.extension.TimeoutExtension.interceptTestableMethod(TimeoutExtension.java:147)
	at org.junit.jupiter.engine.extension.TimeoutExtension.interceptTestMethod(TimeoutExtension.java:86)
	at org.junit.jupiter.engine.execution.InterceptingExecutableInvoker$ReflectiveInterceptorCall.lambda$ofVoidMethod$0(InterceptingExecutableInvoker.java:103)
	at org.junit.jupiter.engine.execution.InterceptingExecutableInvoker.lambda$invoke$0(InterceptingExecutableInvoker.java:93)
	at org.junit.jupiter.engine.execution.InvocationInterceptorChain$InterceptedInvocation.proceed(InvocationInterceptorChain.java:106)
	at org.junit.jupiter.engine.execution.InvocationInterceptorChain.proceed(InvocationInterceptorChain.java:64)
	at org.junit.jupiter.engine.execution.InvocationInterceptorChain.chainAndInvoke(InvocationInterceptorChain.java:45)
	at org.junit.jupiter.engine.execution.InvocationInterceptorChain.invoke(InvocationInterceptorChain.java:37)
	at org.junit.jupiter.engine.execution.InterceptingExecutableInvoker.invoke(InterceptingExecutableInvoker.java:92)
	at org.junit.jupiter.engine.execution.InterceptingExecutableInvoker.invoke(InterceptingExecutableInvoker.java:86)
	at org.junit.jupiter.engine.descriptor.TestMethodTestDescriptor.lambda$invokeTestMethod$7(TestMethodTestDescriptor.java:217)
	at org.junit.platform.engine.support.hierarchical.ThrowableCollector.execute(ThrowableCollector.java:73)
	at org.junit.jupiter.engine.descriptor.TestMethodTestDescriptor.invokeTestMethod(TestMethodTestDescriptor.java:213)
	at org.junit.jupiter.engine.descriptor.TestMethodTestDescriptor.execute(TestMethodTestDescriptor.java:138)
	at org.junit.jupiter.engine.descriptor.TestMethodTestDescriptor.execute(TestMethodTestDescriptor.java:68)
	at org.junit.platform.engine.support.hierarchical.NodeTestTask.lambda$executeRecursively$6(NodeTestTask.java:151)
	at org.junit.platform.engine.support.hierarchical.ThrowableCollector.execute(ThrowableCollector.java:73)
	at org.junit.platform.engine.support.hierarchical.NodeTestTask.lambda$executeRecursively$8(NodeTestTask.java:141)
	at org.junit.platform.engine.support.hierarchical.Node.around(Node.java:137)
	at org.junit.platform.engine.support.hierarchical.NodeTestTask.lambda$executeRecursively$9(NodeTestTask.java:139)
	at org.junit.platform.engine.support.hierarchical.ThrowableCollector.execute(ThrowableCollector.java:73)
	at org.junit.platform.engine.support.hierarchical.NodeTestTask.executeRecursively(NodeTestTask.java:138)
	at org.junit.platform.engine.support.hierarchical.NodeTestTask.execute(NodeTestTask.java:95)
	at java.base/java.util.ArrayList.forEach(ArrayList.java:1507)
	at org.junit.platform.engine.support.hierarchical.SameThreadHierarchicalTestExecutorService.invokeAll(SameThreadHierarchicalTestExecutorService.java:41)
	at org.junit.platform.engine.support.hierarchical.NodeTestTask.lambda$executeRecursively$6(NodeTestTask.java:155)
	at org.junit.platform.engine.support.hierarchical.ThrowableCollector.execute(ThrowableCollector.java:73)
	at org.junit.platform.engine.support.hierarchical.NodeTestTask.lambda$executeRecursively$8(NodeTestTask.java:141)
	at org.junit.platform.engine.support.hierarchical.Node.around(Node.java:137)
	at org.junit.platform.engine.support.hierarchical.NodeTestTask.lambda$executeRecursively$9(NodeTestTask.java:139)
	at org.junit.platform.engine.support.hierarchical.ThrowableCollector.execute(ThrowableCollector.java:73)
	at org.junit.platform.engine.support.hierarchical.NodeTestTask.executeRecursively(NodeTestTask.java:138)
	at org.junit.platform.engine.support.hierarchical.NodeTestTask.execute(NodeTestTask.java:95)
	at java.base/java.util.ArrayList.forEach(ArrayList.java:1507)
	at org.junit.platform.engine.support.hierarchical.SameThreadHierarchicalTestExecutorService.invokeAll(SameThreadHierarchicalTestExecutorService.java:41)
	at org.junit.platform.engine.support.hierarchical.NodeTestTask.lambda$executeRecursively$6(NodeTestTask.java:155)
	at org.junit.platform.engine.support.hierarchical.ThrowableCollector.execute(ThrowableCollector.java:73)
	at org.junit.platform.engine.support.hierarchical.NodeTestTask.lambda$executeRecursively$8(NodeTestTask.java:141)
	at org.junit.platform.engine.support.hierarchical.Node.around(Node.java:137)
	at org.junit.platform.engine.support.hierarchical.NodeTestTask.lambda$executeRecursively$9(NodeTestTask.java:139)
	at org.junit.platform.engine.support.hierarchical.ThrowableCollector.execute(ThrowableCollector.java:73)
	at org.junit.platform.engine.support.hierarchical.NodeTestTask.executeRecursively(NodeTestTask.java:138)
	at org.junit.platform.engine.support.hierarchical.NodeTestTask.execute(NodeTestTask.java:95)
	at org.junit.platform.engine.support.hierarchical.SameThreadHierarchicalTestExecutorService.submit(SameThreadHierarchicalTestExecutorService.java:35)
	at org.junit.platform.engine.support.hierarchical.HierarchicalTestExecutor.execute(HierarchicalTestExecutor.java:57)
	at org.junit.platform.engine.support.hierarchical.HierarchicalTestEngine.execute(HierarchicalTestEngine.java:54)
	at org.junit.platform.launcher.core.EngineExecutionOrchestrator.execute(EngineExecutionOrchestrator.java:147)
	at org.junit.platform.launcher.core.EngineExecutionOrchestrator.execute(EngineExecutionOrchestrator.java:127)
	at org.junit.platform.launcher.core.EngineExecutionOrchestrator.execute(EngineExecutionOrchestrator.java:90)
	at org.junit.platform.launcher.core.EngineExecutionOrchestrator.lambda$execute$0(EngineExecutionOrchestrator.java:55)
	at org.junit.platform.launcher.core.EngineExecutionOrchestrator.withInterceptedStreams(EngineExecutionOrchestrator.java:102)
	at org.junit.platform.launcher.core.EngineExecutionOrchestrator.execute(EngineExecutionOrchestrator.java:54)
	at org.junit.platform.launcher.core.DefaultLauncher.execute(DefaultLauncher.java:114)
	at org.junit.platform.launcher.core.DefaultLauncher.execute(DefaultLauncher.java:86)
	at org.junit.platform.launcher.core.DefaultLauncherSession$DelegatingLauncher.execute(DefaultLauncherSession.java:86)
	at org.apache.maven.surefire.junitplatform.LazyLauncher.execute(LazyLauncher.java:50)
	at org.apache.maven.surefire.junitplatform.JUnitPlatformProvider.execute(JUnitPlatformProvider.java:184)
	at org.apache.maven.surefire.junitplatform.JUnitPlatformProvider.invokeAllTests(JUnitPlatformProvider.java:148)
	at org.apache.maven.surefire.junitplatform.JUnitPlatformProvider.invoke(JUnitPlatformProvider.java:122)
	at org.apache.maven.surefire.booter.ForkedBooter.runSuitesInProcess(ForkedBooter.java:385)
	at org.apache.maven.surefire.booter.ForkedBooter.execute(ForkedBooter.java:162)
	at org.apache.maven.surefire.booter.ForkedBooter.run(ForkedBooter.java:507)
	at org.apache.maven.surefire.booter.ForkedBooter.main(ForkedBooter.java:495)
Caused by: java.util.concurrent.ExecutionException: org.apache.kafka.common.errors.TimeoutException: Timed out waiting for a node assignment. Call: listTopics
	at java.base/java.util.concurrent.CompletableFuture.reportGet(CompletableFuture.java:395)
	at java.base/java.util.concurrent.CompletableFuture.get(CompletableFuture.java:2070)
	at org.apache.kafka.common.internals.KafkaFutureImpl.get(KafkaFutureImpl.java:165)
	at com.mycompany.kafka.manager.TopicQueries.listTopics(TopicQueries.java:39)
	... 74 more
Caused by: org.apache.kafka.common.errors.TimeoutException: Timed out waiting for a node assignment. Call: listTopics
]]></error>
    <system-err><![CDATA[[main] INFO com.mycompany.kafka.KafkaManagementLibrary - Initializing KafkaManagementLibrary
[main] INFO com.mycompany.kafka.factory.ConnectionFactory - Creating Kafka AdminClient with bootstrap servers: localhost:9092
[main] INFO org.apache.kafka.clients.admin.AdminClientConfig - AdminClientConfig values: 
	auto.include.jmx.reporter = true
	bootstrap.servers = [localhost:9092]
	client.dns.lookup = use_all_dns_ips
	client.id = 
	connections.max.idle.ms = 300000
	default.api.timeout.ms = 60000
	metadata.max.age.ms = 300000
	metric.reporters = []
	metrics.num.samples = 2
	metrics.recording.level = INFO
	metrics.sample.window.ms = 30000
	receive.buffer.bytes = 65536
	reconnect.backoff.max.ms = 1000
	reconnect.backoff.ms = 50
	request.timeout.ms = 30000
	retries = 2147483647
	retry.backoff.ms = 100
	sasl.client.callback.handler.class = null
	sasl.jaas.config = null
	sasl.kerberos.kinit.cmd = /usr/bin/kinit
	sasl.kerberos.min.time.before.relogin = 60000
	sasl.kerberos.service.name = null
	sasl.kerberos.ticket.renew.jitter = 0.05
	sasl.kerberos.ticket.renew.window.factor = 0.8
	sasl.login.callback.handler.class = null
	sasl.login.class = null
	sasl.login.connect.timeout.ms = null
	sasl.login.read.timeout.ms = null
	sasl.login.refresh.buffer.seconds = 300
	sasl.login.refresh.min.period.seconds = 60
	sasl.login.refresh.window.factor = 0.8
	sasl.login.refresh.window.jitter = 0.05
	sasl.login.retry.backoff.max.ms = 10000
	sasl.login.retry.backoff.ms = 100
	sasl.mechanism = GSSAPI
	sasl.oauthbearer.clock.skew.seconds = 30
	sasl.oauthbearer.expected.audience = null
	sasl.oauthbearer.expected.issuer = null
	sasl.oauthbearer.jwks.endpoint.refresh.ms = 3600000
	sasl.oauthbearer.jwks.endpoint.retry.backoff.max.ms = 10000
	sasl.oauthbearer.jwks.endpoint.retry.backoff.ms = 100
	sasl.oauthbearer.jwks.endpoint.url = null
	sasl.oauthbearer.scope.claim.name = scope
	sasl.oauthbearer.sub.claim.name = sub
	sasl.oauthbearer.token.endpoint.url = null
	security.protocol = PLAINTEXT
	security.providers = null
	send.buffer.bytes = 131072
	socket.connection.setup.timeout.max.ms = 30000
	socket.connection.setup.timeout.ms = 10000
	ssl.cipher.suites = null
	ssl.enabled.protocols = [TLSv1.2, TLSv1.3]
	ssl.endpoint.identification.algorithm = https
	ssl.engine.factory.class = null
	ssl.key.password = null
	ssl.keymanager.algorithm = SunX509
	ssl.keystore.certificate.chain = null
	ssl.keystore.key = null
	ssl.keystore.location = null
	ssl.keystore.password = null
	ssl.keystore.type = JKS
	ssl.protocol = TLSv1.3
	ssl.provider = null
	ssl.secure.random.implementation = null
	ssl.trustmanager.algorithm = PKIX
	ssl.truststore.certificates = null
	ssl.truststore.location = null
	ssl.truststore.password = null
	ssl.truststore.type = JKS

[main] INFO org.apache.kafka.common.utils.AppInfoParser - Kafka version: 3.5.1
[main] INFO org.apache.kafka.common.utils.AppInfoParser - Kafka commitId: 2c6fb6c54472e90a
[main] INFO org.apache.kafka.common.utils.AppInfoParser - Kafka startTimeMs: 1761088917629
[main] INFO com.mycompany.kafka.factory.ConnectionFactory - Kafka AdminClient created successfully
[main] INFO com.mycompany.kafka.factory.ConnectionFactory - Creating Kafka AdminClient with bootstrap servers: localhost:9092
[main] INFO org.apache.kafka.clients.admin.AdminClientConfig - AdminClientConfig values: 
	auto.include.jmx.reporter = true
	bootstrap.servers = [localhost:9092]
	client.dns.lookup = use_all_dns_ips
	client.id = 
	connections.max.idle.ms = 300000
	default.api.timeout.ms = 60000
	metadata.max.age.ms = 300000
	metric.reporters = []
	metrics.num.samples = 2
	metrics.recording.level = INFO
	metrics.sample.window.ms = 30000
	receive.buffer.bytes = 65536
	reconnect.backoff.max.ms = 1000
	reconnect.backoff.ms = 50
	request.timeout.ms = 30000
	retries = 2147483647
	retry.backoff.ms = 100
	sasl.client.callback.handler.class = null
	sasl.jaas.config = null
	sasl.kerberos.kinit.cmd = /usr/bin/kinit
	sasl.kerberos.min.time.before.relogin = 60000
	sasl.kerberos.service.name = null
	sasl.kerberos.ticket.renew.jitter = 0.05
	sasl.kerberos.ticket.renew.window.factor = 0.8
	sasl.login.callback.handler.class = null
	sasl.login.class = null
	sasl.login.connect.timeout.ms = null
	sasl.login.read.timeout.ms = null
	sasl.login.refresh.buffer.seconds = 300
	sasl.login.refresh.min.period.seconds = 60
	sasl.login.refresh.window.factor = 0.8
	sasl.login.refresh.window.jitter = 0.05
	sasl.login.retry.backoff.max.ms = 10000
	sasl.login.retry.backoff.ms = 100
	sasl.mechanism = GSSAPI
	sasl.oauthbearer.clock.skew.seconds = 30
	sasl.oauthbearer.expected.audience = null
	sasl.oauthbearer.expected.issuer = null
	sasl.oauthbearer.jwks.endpoint.refresh.ms = 3600000
	sasl.oauthbearer.jwks.endpoint.retry.backoff.max.ms = 10000
	sasl.oauthbearer.jwks.endpoint.retry.backoff.ms = 100
	sasl.oauthbearer.jwks.endpoint.url = null
	sasl.oauthbearer.scope.claim.name = scope
	sasl.oauthbearer.sub.claim.name = sub
	sasl.oauthbearer.token.endpoint.url = null
	security.protocol = PLAINTEXT
	security.providers = null
	send.buffer.bytes = 131072
	socket.connection.setup.timeout.max.ms = 30000
	socket.connection.setup.timeout.ms = 10000
	ssl.cipher.suites = null
	ssl.enabled.protocols = [TLSv1.2, TLSv1.3]
	ssl.endpoint.identification.algorithm = https
	ssl.engine.factory.class = null
	ssl.key.password = null
	ssl.keymanager.algorithm = SunX509
	ssl.keystore.certificate.chain = null
	ssl.keystore.key = null
	ssl.keystore.location = null
	ssl.keystore.password = null
	ssl.keystore.type = JKS
	ssl.protocol = TLSv1.3
	ssl.provider = null
	ssl.secure.random.implementation = null
	ssl.trustmanager.algorithm = PKIX
	ssl.truststore.certificates = null
	ssl.truststore.location = null
	ssl.truststore.password = null
	ssl.truststore.type = JKS

[kafka-admin-client-thread | adminclient-9] INFO org.apache.kafka.clients.NetworkClient - [AdminClient clientId=adminclient-9] Node -1 disconnected.
[kafka-admin-client-thread | adminclient-9] WARN org.apache.kafka.clients.NetworkClient - [AdminClient clientId=adminclient-9] Connection to node -1 (localhost/127.0.0.1:9092) could not be established. Broker may not be available.
[main] INFO org.apache.kafka.common.utils.AppInfoParser - Kafka version: 3.5.1
[main] INFO org.apache.kafka.common.utils.AppInfoParser - Kafka commitId: 2c6fb6c54472e90a
[main] INFO org.apache.kafka.common.utils.AppInfoParser - Kafka startTimeMs: 1761088917632
[main] INFO com.mycompany.kafka.factory.ConnectionFactory - Kafka AdminClient created successfully
[main] INFO com.mycompany.kafka.factory.ConnectionFactory - Creating Schema Registry Client with URL: http://localhost:8081
[main] INFO com.mycompany.kafka.factory.ConnectionFactory - Schema Registry Client created successfully
[main] INFO com.mycompany.kafka.KafkaManagementLibrary - KafkaManagementLibrary initialized successfully
[main] INFO com.mycompany.kafka.manager.TopicQueries - Listing all topics
[kafka-admin-client-thread | adminclient-10] INFO org.apache.kafka.clients.NetworkClient - [AdminClient clientId=adminclient-10] Node -1 disconnected.
[kafka-admin-client-thread | adminclient-10] WARN org.apache.kafka.clients.NetworkClient - [AdminClient clientId=adminclient-10] Connection to node -1 (localhost/127.0.0.1:9092) could not be established. Broker may not be available.
[kafka-admin-client-thread | adminclient-7] INFO org.apache.kafka.clients.NetworkClient - [AdminClient clientId=adminclient-7] Node -1 disconnected.
[kafka-admin-client-thread | adminclient-7] WARN org.apache.kafka.clients.NetworkClient - [AdminClient clientId=adminclient-7] Connection to node -1 (localhost/127.0.0.1:9092) could not be established. Broker may not be available.
[kafka-admin-client-thread | adminclient-10] INFO org.apache.kafka.clients.NetworkClient - [AdminClient clientId=adminclient-10] Node -1 disconnected.
[kafka-admin-client-thread | adminclient-10] WARN org.apache.kafka.clients.NetworkClient - [AdminClient clientId=adminclient-10] Connection to node -1 (localhost/127.0.0.1:9092) could not be established. Broker may not be available.
[kafka-admin-client-thread | adminclient-9] INFO org.apache.kafka.clients.NetworkClient - [AdminClient clientId=adminclient-9] Node -1 disconnected.
[kafka-admin-client-thread | adminclient-9] WARN org.apache.kafka.clients.NetworkClient - [AdminClient clientId=adminclient-9] Connection to node -1 (localhost/127.0.0.1:9092) could not be established. Broker may not be available.
[kafka-admin-client-thread | adminclient-9] INFO org.apache.kafka.clients.NetworkClient - [AdminClient clientId=adminclient-9] Node -1 disconnected.
[kafka-admin-client-thread | adminclient-10] INFO org.apache.kafka.clients.NetworkClient - [AdminClient clientId=adminclient-10] Node -1 disconnected.
[kafka-admin-client-thread | adminclient-9] WARN org.apache.kafka.clients.NetworkClient - [AdminClient clientId=adminclient-9] Connection to node -1 (localhost/127.0.0.1:9092) could not be established. Broker may not be available.
[kafka-admin-client-thread | adminclient-10] WARN org.apache.kafka.clients.NetworkClient - [AdminClient clientId=adminclient-10] Connection to node -1 (localhost/127.0.0.1:9092) could not be established. Broker may not be available.
[kafka-admin-client-thread | adminclient-4] INFO org.apache.kafka.clients.NetworkClient - [AdminClient clientId=adminclient-4] Node -1 disconnected.
[kafka-admin-client-thread | adminclient-4] WARN org.apache.kafka.clients.NetworkClient - [AdminClient clientId=adminclient-4] Connection to node -1 (localhost/127.0.0.1:9092) could not be established. Broker may not be available.
[kafka-admin-client-thread | adminclient-3] INFO org.apache.kafka.clients.NetworkClient - [AdminClient clientId=adminclient-3] Node -1 disconnected.
[kafka-admin-client-thread | adminclient-3] WARN org.apache.kafka.clients.NetworkClient - [AdminClient clientId=adminclient-3] Connection to node -1 (localhost/127.0.0.1:9092) could not be established. Broker may not be available.
[kafka-admin-client-thread | adminclient-10] INFO org.apache.kafka.clients.NetworkClient - [AdminClient clientId=adminclient-10] Node -1 disconnected.
[kafka-admin-client-thread | adminclient-10] WARN org.apache.kafka.clients.NetworkClient - [AdminClient clientId=adminclient-10] Connection to node -1 (localhost/127.0.0.1:9092) could not be established. Broker may not be available.
[kafka-admin-client-thread | adminclient-9] INFO org.apache.kafka.clients.NetworkClient - [AdminClient clientId=adminclient-9] Node -1 disconnected.
[kafka-admin-client-thread | adminclient-9] WARN org.apache.kafka.clients.NetworkClient - [AdminClient clientId=adminclient-9] Connection to node -1 (localhost/127.0.0.1:9092) could not be established. Broker may not be available.
[kafka-admin-client-thread | adminclient-1] INFO org.apache.kafka.clients.NetworkClient - [AdminClient clientId=adminclient-1] Node -1 disconnected.
[kafka-admin-client-thread | adminclient-1] WARN org.apache.kafka.clients.NetworkClient - [AdminClient clientId=adminclient-1] Connection to node -1 (localhost/127.0.0.1:9092) could not be established. Broker may not be available.
[kafka-admin-client-thread | adminclient-10] INFO org.apache.kafka.clients.NetworkClient - [AdminClient clientId=adminclient-10] Node -1 disconnected.
[kafka-admin-client-thread | adminclient-10] WARN org.apache.kafka.clients.NetworkClient - [AdminClient clientId=adminclient-10] Connection to node -1 (localhost/127.0.0.1:9092) could not be established. Broker may not be available.
[kafka-admin-client-thread | adminclient-9] INFO org.apache.kafka.clients.NetworkClient - [AdminClient clientId=adminclient-9] Node -1 disconnected.
[kafka-admin-client-thread | adminclient-9] WARN org.apache.kafka.clients.NetworkClient - [AdminClient clientId=adminclient-9] Connection to node -1 (localhost/127.0.0.1:9092) could not be established. Broker may not be available.
[kafka-admin-client-thread | adminclient-8] INFO org.apache.kafka.clients.NetworkClient - [AdminClient clientId=adminclient-8] Node -1 disconnected.
[kafka-admin-client-thread | adminclient-8] WARN org.apache.kafka.clients.NetworkClient - [AdminClient clientId=adminclient-8] Connection to node -1 (localhost/127.0.0.1:9092) could not be established. Broker may not be available.
[kafka-admin-client-thread | adminclient-2] INFO org.apache.kafka.clients.NetworkClient - [AdminClient clientId=adminclient-2] Node -1 disconnected.
[kafka-admin-client-thread | adminclient-2] WARN org.apache.kafka.clients.NetworkClient - [AdminClient clientId=adminclient-2] Connection to node -1 (localhost/127.0.0.1:9092) could not be established. Broker may not be available.
[kafka-admin-client-thread | adminclient-7] INFO org.apache.kafka.clients.NetworkClient - [AdminClient clientId=adminclient-7] Node -1 disconnected.
[kafka-admin-client-thread | adminclient-7] WARN org.apache.kafka.clients.NetworkClient - [AdminClient clientId=adminclient-7] Connection to node -1 (localhost/127.0.0.1:9092) could not be established. Broker may not be available.
[kafka-admin-client-thread | adminclient-4] INFO org.apache.kafka.clients.NetworkClient - [AdminClient clientId=adminclient-4] Node -1 disconnected.
[kafka-admin-client-thread | adminclient-4] WARN org.apache.kafka.clients.NetworkClient - [AdminClient clientId=adminclient-4] Connection to node -1 (localhost/127.0.0.1:9092) could not be established. Broker may not be available.
[kafka-admin-client-thread | adminclient-3] INFO org.apache.kafka.clients.NetworkClient - [AdminClient clientId=adminclient-3] Node -1 disconnected.
[kafka-admin-client-thread | adminclient-3] WARN org.apache.kafka.clients.NetworkClient - [AdminClient clientId=adminclient-3] Connection to node -1 (localhost/127.0.0.1:9092) could not be established. Broker may not be available.
[kafka-admin-client-thread | adminclient-1] INFO org.apache.kafka.clients.NetworkClient - [AdminClient clientId=adminclient-1] Node -1 disconnected.
[kafka-admin-client-thread | adminclient-1] WARN org.apache.kafka.clients.NetworkClient - [AdminClient clientId=adminclient-1] Connection to node -1 (localhost/127.0.0.1:9092) could not be established. Broker may not be available.
[kafka-admin-client-thread | adminclient-9] INFO org.apache.kafka.clients.NetworkClient - [AdminClient clientId=adminclient-9] Node -1 disconnected.
[kafka-admin-client-thread | adminclient-9] WARN org.apache.kafka.clients.NetworkClient - [AdminClient clientId=adminclient-9] Connection to node -1 (localhost/127.0.0.1:9092) could not be established. Broker may not be available.
[kafka-admin-client-thread | adminclient-10] INFO org.apache.kafka.clients.NetworkClient - [AdminClient clientId=adminclient-10] Node -1 disconnected.
[kafka-admin-client-thread | adminclient-10] WARN org.apache.kafka.clients.NetworkClient - [AdminClient clientId=adminclient-10] Connection to node -1 (localhost/127.0.0.1:9092) could not be established. Broker may not be available.
[kafka-admin-client-thread | adminclient-7] INFO org.apache.kafka.clients.NetworkClient - [AdminClient clientId=adminclient-7] Node -1 disconnected.
[kafka-admin-client-thread | adminclient-7] WARN org.apache.kafka.clients.NetworkClient - [AdminClient clientId=adminclient-7] Connection to node -1 (localhost/127.0.0.1:9092) could not be established. Broker may not be available.
[kafka-admin-client-thread | adminclient-2] INFO org.apache.kafka.clients.NetworkClient - [AdminClient clientId=adminclient-2] Node -1 disconnected.
[kafka-admin-client-thread | adminclient-2] WARN org.apache.kafka.clients.NetworkClient - [AdminClient clientId=adminclient-2] Connection to node -1 (localhost/127.0.0.1:9092) could not be established. Broker may not be available.
[kafka-admin-client-thread | adminclient-8] INFO org.apache.kafka.clients.NetworkClient - [AdminClient clientId=adminclient-8] Node -1 disconnected.
[kafka-admin-client-thread | adminclient-8] WARN org.apache.kafka.clients.NetworkClient - [AdminClient clientId=adminclient-8] Connection to node -1 (localhost/127.0.0.1:9092) could not be established. Broker may not be available.
[kafka-admin-client-thread | adminclient-4] INFO org.apache.kafka.clients.NetworkClient - [AdminClient clientId=adminclient-4] Node -1 disconnected.
[kafka-admin-client-thread | adminclient-4] WARN org.apache.kafka.clients.NetworkClient - [AdminClient clientId=adminclient-4] Connection to node -1 (localhost/127.0.0.1:9092) could not be established. Broker may not be available.
[kafka-admin-client-thread | adminclient-3] INFO org.apache.kafka.clients.NetworkClient - [AdminClient clientId=adminclient-3] Node -1 disconnected.
[kafka-admin-client-thread | adminclient-9] INFO org.apache.kafka.clients.NetworkClient - [AdminClient clientId=adminclient-9] Node -1 disconnected.
[kafka-admin-client-thread | adminclient-3] WARN org.apache.kafka.clients.NetworkClient - [AdminClient clientId=adminclient-3] Connection to node -1 (localhost/127.0.0.1:9092) could not be established. Broker may not be available.
[kafka-admin-client-thread | adminclient-9] WARN org.apache.kafka.clients.NetworkClient - [AdminClient clientId=adminclient-9] Connection to node -1 (localhost/127.0.0.1:9092) could not be established. Broker may not be available.
[kafka-admin-client-thread | adminclient-10] INFO org.apache.kafka.clients.NetworkClient - [AdminClient clientId=adminclient-10] Node -1 disconnected.
[kafka-admin-client-thread | adminclient-10] WARN org.apache.kafka.clients.NetworkClient - [AdminClient clientId=adminclient-10] Connection to node -1 (localhost/127.0.0.1:9092) could not be established. Broker may not be available.
[kafka-admin-client-thread | adminclient-1] INFO org.apache.kafka.clients.NetworkClient - [AdminClient clientId=adminclient-1] Node -1 disconnected.
[kafka-admin-client-thread | adminclient-1] WARN org.apache.kafka.clients.NetworkClient - [AdminClient clientId=adminclient-1] Connection to node -1 (localhost/127.0.0.1:9092) could not be established. Broker may not be available.
[kafka-admin-client-thread | adminclient-2] INFO org.apache.kafka.clients.NetworkClient - [AdminClient clientId=adminclient-2] Node -1 disconnected.
[kafka-admin-client-thread | adminclient-2] WARN org.apache.kafka.clients.NetworkClient - [AdminClient clientId=adminclient-2] Connection to node -1 (localhost/127.0.0.1:9092) could not be established. Broker may not be available.
[kafka-admin-client-thread | adminclient-7] INFO org.apache.kafka.clients.NetworkClient - [AdminClient clientId=adminclient-7] Node -1 disconnected.
[kafka-admin-client-thread | adminclient-7] WARN org.apache.kafka.clients.NetworkClient - [AdminClient clientId=adminclient-7] Connection to node -1 (localhost/127.0.0.1:9092) could not be established. Broker may not be available.
[kafka-admin-client-thread | adminclient-8] INFO org.apache.kafka.clients.NetworkClient - [AdminClient clientId=adminclient-8] Node -1 disconnected.
[kafka-admin-client-thread | adminclient-8] WARN org.apache.kafka.clients.NetworkClient - [AdminClient clientId=adminclient-8] Connection to node -1 (localhost/127.0.0.1:9092) could not be established. Broker may not be available.
[kafka-admin-client-thread | adminclient-4] INFO org.apache.kafka.clients.NetworkClient - [AdminClient clientId=adminclient-4] Node -1 disconnected.
[kafka-admin-client-thread | adminclient-4] WARN org.apache.kafka.clients.NetworkClient - [AdminClient clientId=adminclient-4] Connection to node -1 (localhost/127.0.0.1:9092) could not be established. Broker may not be available.
[kafka-admin-client-thread | adminclient-9] INFO org.apache.kafka.clients.NetworkClient - [AdminClient clientId=adminclient-9] Node -1 disconnected.
[kafka-admin-client-thread | adminclient-9] WARN org.apache.kafka.clients.NetworkClient - [AdminClient clientId=adminclient-9] Connection to node -1 (localhost/127.0.0.1:9092) could not be established. Broker may not be available.
[kafka-admin-client-thread | adminclient-3] INFO org.apache.kafka.clients.NetworkClient - [AdminClient clientId=adminclient-3] Node -1 disconnected.
[kafka-admin-client-thread | adminclient-3] WARN org.apache.kafka.clients.NetworkClient - [AdminClient clientId=adminclient-3] Connection to node -1 (localhost/127.0.0.1:9092) could not be established. Broker may not be available.
[kafka-admin-client-thread | adminclient-10] INFO org.apache.kafka.clients.NetworkClient - [AdminClient clientId=adminclient-10] Node -1 disconnected.
[kafka-admin-client-thread | adminclient-10] WARN org.apache.kafka.clients.NetworkClient - [AdminClient clientId=adminclient-10] Connection to node -1 (localhost/127.0.0.1:9092) could not be established. Broker may not be available.
[kafka-admin-client-thread | adminclient-1] INFO org.apache.kafka.clients.NetworkClient - [AdminClient clientId=adminclient-1] Node -1 disconnected.
[kafka-admin-client-thread | adminclient-1] WARN org.apache.kafka.clients.NetworkClient - [AdminClient clientId=adminclient-1] Connection to node -1 (localhost/127.0.0.1:9092) could not be established. Broker may not be available.
[kafka-admin-client-thread | adminclient-2] INFO org.apache.kafka.clients.NetworkClient - [AdminClient clientId=adminclient-2] Node -1 disconnected.
[kafka-admin-client-thread | adminclient-2] WARN org.apache.kafka.clients.NetworkClient - [AdminClient clientId=adminclient-2] Connection to node -1 (localhost/127.0.0.1:9092) could not be established. Broker may not be available.
[kafka-admin-client-thread | adminclient-7] INFO org.apache.kafka.clients.NetworkClient - [AdminClient clientId=adminclient-7] Node -1 disconnected.
[kafka-admin-client-thread | adminclient-7] WARN org.apache.kafka.clients.NetworkClient - [AdminClient clientId=adminclient-7] Connection to node -1 (localhost/127.0.0.1:9092) could not be established. Broker may not be available.
[kafka-admin-client-thread | adminclient-8] INFO org.apache.kafka.clients.NetworkClient - [AdminClient clientId=adminclient-8] Node -1 disconnected.
[kafka-admin-client-thread | adminclient-8] WARN org.apache.kafka.clients.NetworkClient - [AdminClient clientId=adminclient-8] Connection to node -1 (localhost/127.0.0.1:9092) could not be established. Broker may not be available.
[kafka-admin-client-thread | adminclient-9] INFO org.apache.kafka.clients.NetworkClient - [AdminClient clientId=adminclient-9] Node -1 disconnected.
[kafka-admin-client-thread | adminclient-9] WARN org.apache.kafka.clients.NetworkClient - [AdminClient clientId=adminclient-9] Connection to node -1 (localhost/127.0.0.1:9092) could not be established. Broker may not be available.
[kafka-admin-client-thread | adminclient-4] INFO org.apache.kafka.clients.NetworkClient - [AdminClient clientId=adminclient-4] Node -1 disconnected.
[kafka-admin-client-thread | adminclient-10] INFO org.apache.kafka.clients.NetworkClient - [AdminClient clientId=adminclient-10] Node -1 disconnected.
[kafka-admin-client-thread | adminclient-4] WARN org.apache.kafka.clients.NetworkClient - [AdminClient clientId=adminclient-4] Connection to node -1 (localhost/127.0.0.1:9092) could not be established. Broker may not be available.
[kafka-admin-client-thread | adminclient-10] WARN org.apache.kafka.clients.NetworkClient - [AdminClient clientId=adminclient-10] Connection to node -1 (localhost/127.0.0.1:9092) could not be established. Broker may not be available.
[kafka-admin-client-thread | adminclient-3] INFO org.apache.kafka.clients.NetworkClient - [AdminClient clientId=adminclient-3] Node -1 disconnected.
[kafka-admin-client-thread | adminclient-3] WARN org.apache.kafka.clients.NetworkClient - [AdminClient clientId=adminclient-3] Connection to node -1 (localhost/127.0.0.1:9092) could not be established. Broker may not be available.
[kafka-admin-client-thread | adminclient-1] INFO org.apache.kafka.clients.NetworkClient - [AdminClient clientId=adminclient-1] Node -1 disconnected.
[kafka-admin-client-thread | adminclient-1] WARN org.apache.kafka.clients.NetworkClient - [AdminClient clientId=adminclient-1] Connection to node -1 (localhost/127.0.0.1:9092) could not be established. Broker may not be available.
[kafka-admin-client-thread | adminclient-7] INFO org.apache.kafka.clients.NetworkClient - [AdminClient clientId=adminclient-7] Node -1 disconnected.
[kafka-admin-client-thread | adminclient-7] WARN org.apache.kafka.clients.NetworkClient - [AdminClient clientId=adminclient-7] Connection to node -1 (localhost/127.0.0.1:9092) could not be established. Broker may not be available.
[kafka-admin-client-thread | adminclient-2] INFO org.apache.kafka.clients.NetworkClient - [AdminClient clientId=adminclient-2] Node -1 disconnected.
[kafka-admin-client-thread | adminclient-2] WARN org.apache.kafka.clients.NetworkClient - [AdminClient clientId=adminclient-2] Connection to node -1 (localhost/127.0.0.1:9092) could not be established. Broker may not be available.
[kafka-admin-client-thread | adminclient-8] INFO org.apache.kafka.clients.NetworkClient - [AdminClient clientId=adminclient-8] Node -1 disconnected.
[kafka-admin-client-thread | adminclient-8] WARN org.apache.kafka.clients.NetworkClient - [AdminClient clientId=adminclient-8] Connection to node -1 (localhost/127.0.0.1:9092) could not be established. Broker may not be available.
[kafka-admin-client-thread | adminclient-9] INFO org.apache.kafka.clients.NetworkClient - [AdminClient clientId=adminclient-9] Node -1 disconnected.
[kafka-admin-client-thread | adminclient-9] WARN org.apache.kafka.clients.NetworkClient - [AdminClient clientId=adminclient-9] Connection to node -1 (localhost/127.0.0.1:9092) could not be established. Broker may not be available.
[kafka-admin-client-thread | adminclient-10] INFO org.apache.kafka.clients.NetworkClient - [AdminClient clientId=adminclient-10] Node -1 disconnected.
[kafka-admin-client-thread | adminclient-10] WARN org.apache.kafka.clients.NetworkClient - [AdminClient clientId=adminclient-10] Connection to node -1 (localhost/127.0.0.1:9092) could not be established. Broker may not be available.
[kafka-admin-client-thread | adminclient-4] INFO org.apache.kafka.clients.NetworkClient - [AdminClient clientId=adminclient-4] Node -1 disconnected.
[kafka-admin-client-thread | adminclient-4] WARN org.apache.kafka.clients.NetworkClient - [AdminClient clientId=adminclient-4] Connection to node -1 (localhost/127.0.0.1:9092) could not be established. Broker may not be available.
[kafka-admin-client-thread | adminclient-1] INFO org.apache.kafka.clients.NetworkClient - [AdminClient clientId=adminclient-1] Node -1 disconnected.
[kafka-admin-client-thread | adminclient-1] WARN org.apache.kafka.clients.NetworkClient - [AdminClient clientId=adminclient-1] Connection to node -1 (localhost/127.0.0.1:9092) could not be established. Broker may not be available.
[kafka-admin-client-thread | adminclient-3] INFO org.apache.kafka.clients.NetworkClient - [AdminClient clientId=adminclient-3] Node -1 disconnected.
[kafka-admin-client-thread | adminclient-3] WARN org.apache.kafka.clients.NetworkClient - [AdminClient clientId=adminclient-3] Connection to node -1 (localhost/127.0.0.1:9092) could not be established. Broker may not be available.
[kafka-admin-client-thread | adminclient-7] INFO org.apache.kafka.clients.NetworkClient - [AdminClient clientId=adminclient-7] Node -1 disconnected.
[kafka-admin-client-thread | adminclient-7] WARN org.apache.kafka.clients.NetworkClient - [AdminClient clientId=adminclient-7] Connection to node -1 (localhost/127.0.0.1:9092) could not be established. Broker may not be available.
[kafka-admin-client-thread | adminclient-2] INFO org.apache.kafka.clients.NetworkClient - [AdminClient clientId=adminclient-2] Node -1 disconnected.
[kafka-admin-client-thread | adminclient-2] WARN org.apache.kafka.clients.NetworkClient - [AdminClient clientId=adminclient-2] Connection to node -1 (localhost/127.0.0.1:9092) could not be established. Broker may not be available.
[kafka-admin-client-thread | adminclient-8] INFO org.apache.kafka.clients.NetworkClient - [AdminClient clientId=adminclient-8] Node -1 disconnected.
[kafka-admin-client-thread | adminclient-8] WARN org.apache.kafka.clients.NetworkClient - [AdminClient clientId=adminclient-8] Connection to node -1 (localhost/127.0.0.1:9092) could not be established. Broker may not be available.
[kafka-admin-client-thread | adminclient-9] INFO org.apache.kafka.clients.NetworkClient - [AdminClient clientId=adminclient-9] Node -1 disconnected.
[kafka-admin-client-thread | adminclient-9] WARN org.apache.kafka.clients.NetworkClient - [AdminClient clientId=adminclient-9] Connection to node -1 (localhost/127.0.0.1:9092) could not be established. Broker may not be available.
[kafka-admin-client-thread | adminclient-4] INFO org.apache.kafka.clients.NetworkClient - [AdminClient clientId=adminclient-4] Node -1 disconnected.
[kafka-admin-client-thread | adminclient-10] INFO org.apache.kafka.clients.NetworkClient - [AdminClient clientId=adminclient-10] Node -1 disconnected.
[kafka-admin-client-thread | adminclient-4] WARN org.apache.kafka.clients.NetworkClient - [AdminClient clientId=adminclient-4] Connection to node -1 (localhost/127.0.0.1:9092) could not be established. Broker may not be available.
[kafka-admin-client-thread | adminclient-10] WARN org.apache.kafka.clients.NetworkClient - [AdminClient clientId=adminclient-10] Connection to node -1 (localhost/127.0.0.1:9092) could not be established. Broker may not be available.
[kafka-admin-client-thread | adminclient-1] INFO org.apache.kafka.clients.NetworkClient - [AdminClient clientId=adminclient-1] Node -1 disconnected.
[kafka-admin-client-thread | adminclient-1] WARN org.apache.kafka.clients.NetworkClient - [AdminClient clientId=adminclient-1] Connection to node -1 (localhost/127.0.0.1:9092) could not be established. Broker may not be available.
[kafka-admin-client-thread | adminclient-3] INFO org.apache.kafka.clients.NetworkClient - [AdminClient clientId=adminclient-3] Node -1 disconnected.
[kafka-admin-client-thread | adminclient-3] WARN org.apache.kafka.clients.NetworkClient - [AdminClient clientId=adminclient-3] Connection to node -1 (localhost/127.0.0.1:9092) could not be established. Broker may not be available.
[kafka-admin-client-thread | adminclient-7] INFO org.apache.kafka.clients.NetworkClient - [AdminClient clientId=adminclient-7] Node -1 disconnected.
[kafka-admin-client-thread | adminclient-7] WARN org.apache.kafka.clients.NetworkClient - [AdminClient clientId=adminclient-7] Connection to node -1 (localhost/127.0.0.1:9092) could not be established. Broker may not be available.
[kafka-admin-client-thread | adminclient-2] INFO org.apache.kafka.clients.NetworkClient - [AdminClient clientId=adminclient-2] Node -1 disconnected.
[kafka-admin-client-thread | adminclient-2] WARN org.apache.kafka.clients.NetworkClient - [AdminClient clientId=adminclient-2] Connection to node -1 (localhost/127.0.0.1:9092) could not be established. Broker may not be available.
[kafka-admin-client-thread | adminclient-8] INFO org.apache.kafka.clients.NetworkClient - [AdminClient clientId=adminclient-8] Node -1 disconnected.
[kafka-admin-client-thread | adminclient-8] WARN org.apache.kafka.clients.NetworkClient - [AdminClient clientId=adminclient-8] Connection to node -1 (localhost/127.0.0.1:9092) could not be established. Broker may not be available.
[kafka-admin-client-thread | adminclient-9] INFO org.apache.kafka.clients.NetworkClient - [AdminClient clientId=adminclient-9] Node -1 disconnected.
[kafka-admin-client-thread | adminclient-9] WARN org.apache.kafka.clients.NetworkClient - [AdminClient clientId=adminclient-9] Connection to node -1 (localhost/127.0.0.1:9092) could not be established. Broker may not be available.
[kafka-admin-client-thread | adminclient-4] INFO org.apache.kafka.clients.NetworkClient - [AdminClient clientId=adminclient-4] Node -1 disconnected.
[kafka-admin-client-thread | adminclient-4] WARN org.apache.kafka.clients.NetworkClient - [AdminClient clientId=adminclient-4] Connection to node -1 (localhost/127.0.0.1:9092) could not be established. Broker may not be available.
[kafka-admin-client-thread | adminclient-10] INFO org.apache.kafka.clients.NetworkClient - [AdminClient clientId=adminclient-10] Node -1 disconnected.
[kafka-admin-client-thread | adminclient-10] WARN org.apache.kafka.clients.NetworkClient - [AdminClient clientId=adminclient-10] Connection to node -1 (localhost/127.0.0.1:9092) could not be established. Broker may not be available.
[kafka-admin-client-thread | adminclient-1] INFO org.apache.kafka.clients.NetworkClient - [AdminClient clientId=adminclient-1] Node -1 disconnected.
[kafka-admin-client-thread | adminclient-1] WARN org.apache.kafka.clients.NetworkClient - [AdminClient clientId=adminclient-1] Connection to node -1 (localhost/127.0.0.1:9092) could not be established. Broker may not be available.
[kafka-admin-client-thread | adminclient-3] INFO org.apache.kafka.clients.NetworkClient - [AdminClient clientId=adminclient-3] Node -1 disconnected.
[kafka-admin-client-thread | adminclient-3] WARN org.apache.kafka.clients.NetworkClient - [AdminClient clientId=adminclient-3] Connection to node -1 (localhost/127.0.0.1:9092) could not be established. Broker may not be available.
[kafka-admin-client-thread | adminclient-7] INFO org.apache.kafka.clients.NetworkClient - [AdminClient clientId=adminclient-7] Node -1 disconnected.
[kafka-admin-client-thread | adminclient-7] WARN org.apache.kafka.clients.NetworkClient - [AdminClient clientId=adminclient-7] Connection to node -1 (localhost/127.0.0.1:9092) could not be established. Broker may not be available.
[kafka-admin-client-thread | adminclient-8] INFO org.apache.kafka.clients.NetworkClient - [AdminClient clientId=adminclient-8] Node -1 disconnected.
[kafka-admin-client-thread | adminclient-8] WARN org.apache.kafka.clients.NetworkClient - [AdminClient clientId=adminclient-8] Connection to node -1 (localhost/127.0.0.1:9092) could not be established. Broker may not be available.
[kafka-admin-client-thread | adminclient-2] INFO org.apache.kafka.clients.NetworkClient - [AdminClient clientId=adminclient-2] Node -1 disconnected.
[kafka-admin-client-thread | adminclient-2] WARN org.apache.kafka.clients.NetworkClient - [AdminClient clientId=adminclient-2] Connection to node -1 (localhost/127.0.0.1:9092) could not be established. Broker may not be available.
[kafka-admin-client-thread | adminclient-9] INFO org.apache.kafka.clients.NetworkClient - [AdminClient clientId=adminclient-9] Node -1 disconnected.
[kafka-admin-client-thread | adminclient-9] WARN org.apache.kafka.clients.NetworkClient - [AdminClient clientId=adminclient-9] Connection to node -1 (localhost/127.0.0.1:9092) could not be established. Broker may not be available.
[kafka-admin-client-thread | adminclient-4] INFO org.apache.kafka.clients.NetworkClient - [AdminClient clientId=adminclient-4] Node -1 disconnected.
[kafka-admin-client-thread | adminclient-4] WARN org.apache.kafka.clients.NetworkClient - [AdminClient clientId=adminclient-4] Connection to node -1 (localhost/127.0.0.1:9092) could not be established. Broker may not be available.
[kafka-admin-client-thread | adminclient-7] INFO org.apache.kafka.clients.NetworkClient - [AdminClient clientId=adminclient-7] Node -1 disconnected.
[kafka-admin-client-thread | adminclient-7] WARN org.apache.kafka.clients.NetworkClient - [AdminClient clientId=adminclient-7] Connection to node -1 (localhost/127.0.0.1:9092) could not be established. Broker may not be available.
[kafka-admin-client-thread | adminclient-10] INFO org.apache.kafka.clients.NetworkClient - [AdminClient clientId=adminclient-10] Node -1 disconnected.
[kafka-admin-client-thread | adminclient-10] WARN org.apache.kafka.clients.NetworkClient - [AdminClient clientId=adminclient-10] Connection to node -1 (localhost/127.0.0.1:9092) could not be established. Broker may not be available.
[kafka-admin-client-thread | adminclient-1] INFO org.apache.kafka.clients.NetworkClient - [AdminClient clientId=adminclient-1] Node -1 disconnected.
[kafka-admin-client-thread | adminclient-1] WARN org.apache.kafka.clients.NetworkClient - [AdminClient clientId=adminclient-1] Connection to node -1 (localhost/127.0.0.1:9092) could not be established. Broker may not be available.
[kafka-admin-client-thread | adminclient-3] INFO org.apache.kafka.clients.NetworkClient - [AdminClient clientId=adminclient-3] Node -1 disconnected.
[kafka-admin-client-thread | adminclient-3] WARN org.apache.kafka.clients.NetworkClient - [AdminClient clientId=adminclient-3] Connection to node -1 (localhost/127.0.0.1:9092) could not be established. Broker may not be available.
[kafka-admin-client-thread | adminclient-2] INFO org.apache.kafka.clients.NetworkClient - [AdminClient clientId=adminclient-2] Node -1 disconnected.
[kafka-admin-client-thread | adminclient-2] WARN org.apache.kafka.clients.NetworkClient - [AdminClient clientId=adminclient-2] Connection to node -1 (localhost/127.0.0.1:9092) could not be established. Broker may not be available.
[kafka-admin-client-thread | adminclient-8] INFO org.apache.kafka.clients.NetworkClient - [AdminClient clientId=adminclient-8] Node -1 disconnected.
[kafka-admin-client-thread | adminclient-8] WARN org.apache.kafka.clients.NetworkClient - [AdminClient clientId=adminclient-8] Connection to node -1 (localhost/127.0.0.1:9092) could not be established. Broker may not be available.
[kafka-admin-client-thread | adminclient-9] INFO org.apache.kafka.clients.NetworkClient - [AdminClient clientId=adminclient-9] Node -1 disconnected.
[kafka-admin-client-thread | adminclient-9] WARN org.apache.kafka.clients.NetworkClient - [AdminClient clientId=adminclient-9] Connection to node -1 (localhost/127.0.0.1:9092) could not be established. Broker may not be available.
[kafka-admin-client-thread | adminclient-4] INFO org.apache.kafka.clients.NetworkClient - [AdminClient clientId=adminclient-4] Node -1 disconnected.
[kafka-admin-client-thread | adminclient-4] WARN org.apache.kafka.clients.NetworkClient - [AdminClient clientId=adminclient-4] Connection to node -1 (localhost/127.0.0.1:9092) could not be established. Broker may not be available.
[kafka-admin-client-thread | adminclient-7] INFO org.apache.kafka.clients.NetworkClient - [AdminClient clientId=adminclient-7] Node -1 disconnected.
[kafka-admin-client-thread | adminclient-7] WARN org.apache.kafka.clients.NetworkClient - [AdminClient clientId=adminclient-7] Connection to node -1 (localhost/127.0.0.1:9092) could not be established. Broker may not be available.
[kafka-admin-client-thread | adminclient-10] INFO org.apache.kafka.clients.NetworkClient - [AdminClient clientId=adminclient-10] Node -1 disconnected.
[kafka-admin-client-thread | adminclient-10] WARN org.apache.kafka.clients.NetworkClient - [AdminClient clientId=adminclient-10] Connection to node -1 (localhost/127.0.0.1:9092) could not be established. Broker may not be available.
[kafka-admin-client-thread | adminclient-1] INFO org.apache.kafka.clients.NetworkClient - [AdminClient clientId=adminclient-1] Node -1 disconnected.
[kafka-admin-client-thread | adminclient-1] WARN org.apache.kafka.clients.NetworkClient - [AdminClient clientId=adminclient-1] Connection to node -1 (localhost/127.0.0.1:9092) could not be established. Broker may not be available.
[kafka-admin-client-thread | adminclient-2] INFO org.apache.kafka.clients.NetworkClient - [AdminClient clientId=adminclient-2] Node -1 disconnected.
[kafka-admin-client-thread | adminclient-2] WARN org.apache.kafka.clients.NetworkClient - [AdminClient clientId=adminclient-2] Connection to node -1 (localhost/127.0.0.1:9092) could not be established. Broker may not be available.
[kafka-admin-client-thread | adminclient-3] INFO org.apache.kafka.clients.NetworkClient - [AdminClient clientId=adminclient-3] Node -1 disconnected.
[kafka-admin-client-thread | adminclient-3] WARN org.apache.kafka.clients.NetworkClient - [AdminClient clientId=adminclient-3] Connection to node -1 (localhost/127.0.0.1:9092) could not be established. Broker may not be available.
[kafka-admin-client-thread | adminclient-8] INFO org.apache.kafka.clients.NetworkClient - [AdminClient clientId=adminclient-8] Node -1 disconnected.
[kafka-admin-client-thread | adminclient-8] WARN org.apache.kafka.clients.NetworkClient - [AdminClient clientId=adminclient-8] Connection to node -1 (localhost/127.0.0.1:9092) could not be established. Broker may not be available.
[kafka-admin-client-thread | adminclient-9] INFO org.apache.kafka.clients.NetworkClient - [AdminClient clientId=adminclient-9] Node -1 disconnected.
[kafka-admin-client-thread | adminclient-9] WARN org.apache.kafka.clients.NetworkClient - [AdminClient clientId=adminclient-9] Connection to node -1 (localhost/127.0.0.1:9092) could not be established. Broker may not be available.
[kafka-admin-client-thread | adminclient-4] INFO org.apache.kafka.clients.NetworkClient - [AdminClient clientId=adminclient-4] Node -1 disconnected.
[kafka-admin-client-thread | adminclient-4] WARN org.apache.kafka.clients.NetworkClient - [AdminClient clientId=adminclient-4] Connection to node -1 (localhost/127.0.0.1:9092) could not be established. Broker may not be available.
[kafka-admin-client-thread | adminclient-7] INFO org.apache.kafka.clients.NetworkClient - [AdminClient clientId=adminclient-7] Node -1 disconnected.
[kafka-admin-client-thread | adminclient-7] WARN org.apache.kafka.clients.NetworkClient - [AdminClient clientId=adminclient-7] Connection to node -1 (localhost/127.0.0.1:9092) could not be established. Broker may not be available.
[kafka-admin-client-thread | adminclient-10] INFO org.apache.kafka.clients.NetworkClient - [AdminClient clientId=adminclient-10] Node -1 disconnected.
[kafka-admin-client-thread | adminclient-10] WARN org.apache.kafka.clients.NetworkClient - [AdminClient clientId=adminclient-10] Connection to node -1 (localhost/127.0.0.1:9092) could not be established. Broker may not be available.
[kafka-admin-client-thread | adminclient-1] INFO org.apache.kafka.clients.NetworkClient - [AdminClient clientId=adminclient-1] Node -1 disconnected.
[kafka-admin-client-thread | adminclient-1] WARN org.apache.kafka.clients.NetworkClient - [AdminClient clientId=adminclient-1] Connection to node -1 (localhost/127.0.0.1:9092) could not be established. Broker may not be available.
[kafka-admin-client-thread | adminclient-2] INFO org.apache.kafka.clients.NetworkClient - [AdminClient clientId=adminclient-2] Node -1 disconnected.
[kafka-admin-client-thread | adminclient-2] WARN org.apache.kafka.clients.NetworkClient - [AdminClient clientId=adminclient-2] Connection to node -1 (localhost/127.0.0.1:9092) could not be established. Broker may not be available.
[kafka-admin-client-thread | adminclient-3] INFO org.apache.kafka.clients.NetworkClient - [AdminClient clientId=adminclient-3] Node -1 disconnected.
[kafka-admin-client-thread | adminclient-3] WARN org.apache.kafka.clients.NetworkClient - [AdminClient clientId=adminclient-3] Connection to node -1 (localhost/127.0.0.1:9092) could not be established. Broker may not be available.
[kafka-admin-client-thread | adminclient-9] INFO org.apache.kafka.clients.NetworkClient - [AdminClient clientId=adminclient-9] Node -1 disconnected.
[kafka-admin-client-thread | adminclient-9] WARN org.apache.kafka.clients.NetworkClient - [AdminClient clientId=adminclient-9] Connection to node -1 (localhost/127.0.0.1:9092) could not be established. Broker may not be available.
[kafka-admin-client-thread | adminclient-8] INFO org.apache.kafka.clients.NetworkClient - [AdminClient clientId=adminclient-8] Node -1 disconnected.
[kafka-admin-client-thread | adminclient-8] WARN org.apache.kafka.clients.NetworkClient - [AdminClient clientId=adminclient-8] Connection to node -1 (localhost/127.0.0.1:9092) could not be established. Broker may not be available.
[kafka-admin-client-thread | adminclient-4] INFO org.apache.kafka.clients.NetworkClient - [AdminClient clientId=adminclient-4] Node -1 disconnected.
[kafka-admin-client-thread | adminclient-4] WARN org.apache.kafka.clients.NetworkClient - [AdminClient clientId=adminclient-4] Connection to node -1 (localhost/127.0.0.1:9092) could not be established. Broker may not be available.
[kafka-admin-client-thread | adminclient-7] INFO org.apache.kafka.clients.NetworkClient - [AdminClient clientId=adminclient-7] Node -1 disconnected.
[kafka-admin-client-thread | adminclient-7] WARN org.apache.kafka.clients.NetworkClient - [AdminClient clientId=adminclient-7] Connection to node -1 (localhost/127.0.0.1:9092) could not be established. Broker may not be available.
[kafka-admin-client-thread | adminclient-10] INFO org.apache.kafka.clients.NetworkClient - [AdminClient clientId=adminclient-10] Node -1 disconnected.
[kafka-admin-client-thread | adminclient-10] WARN org.apache.kafka.clients.NetworkClient - [AdminClient clientId=adminclient-10] Connection to node -1 (localhost/127.0.0.1:9092) could not be established. Broker may not be available.
[kafka-admin-client-thread | adminclient-1] INFO org.apache.kafka.clients.NetworkClient - [AdminClient clientId=adminclient-1] Node -1 disconnected.
[kafka-admin-client-thread | adminclient-1] WARN org.apache.kafka.clients.NetworkClient - [AdminClient clientId=adminclient-1] Connection to node -1 (localhost/127.0.0.1:9092) could not be established. Broker may not be available.
[kafka-admin-client-thread | adminclient-3] INFO org.apache.kafka.clients.NetworkClient - [AdminClient clientId=adminclient-3] Node -1 disconnected.
[kafka-admin-client-thread | adminclient-3] WARN org.apache.kafka.clients.NetworkClient - [AdminClient clientId=adminclient-3] Connection to node -1 (localhost/127.0.0.1:9092) could not be established. Broker may not be available.
[kafka-admin-client-thread | adminclient-9] INFO org.apache.kafka.clients.NetworkClient - [AdminClient clientId=adminclient-9] Node -1 disconnected.
[kafka-admin-client-thread | adminclient-9] WARN org.apache.kafka.clients.NetworkClient - [AdminClient clientId=adminclient-9] Connection to node -1 (localhost/127.0.0.1:9092) could not be established. Broker may not be available.
[kafka-admin-client-thread | adminclient-2] INFO org.apache.kafka.clients.NetworkClient - [AdminClient clientId=adminclient-2] Node -1 disconnected.
[kafka-admin-client-thread | adminclient-2] WARN org.apache.kafka.clients.NetworkClient - [AdminClient clientId=adminclient-2] Connection to node -1 (localhost/127.0.0.1:9092) could not be established. Broker may not be available.
[kafka-admin-client-thread | adminclient-7] INFO org.apache.kafka.clients.NetworkClient - [AdminClient clientId=adminclient-7] Node -1 disconnected.
[kafka-admin-client-thread | adminclient-7] WARN org.apache.kafka.clients.NetworkClient - [AdminClient clientId=adminclient-7] Connection to node -1 (localhost/127.0.0.1:9092) could not be established. Broker may not be available.
[kafka-admin-client-thread | adminclient-8] INFO org.apache.kafka.clients.NetworkClient - [AdminClient clientId=adminclient-8] Node -1 disconnected.
[kafka-admin-client-thread | adminclient-8] WARN org.apache.kafka.clients.NetworkClient - [AdminClient clientId=adminclient-8] Connection to node -1 (localhost/127.0.0.1:9092) could not be established. Broker may not be available.
[kafka-admin-client-thread | adminclient-4] INFO org.apache.kafka.clients.NetworkClient - [AdminClient clientId=adminclient-4] Node -1 disconnected.
[kafka-admin-client-thread | adminclient-4] WARN org.apache.kafka.clients.NetworkClient - [AdminClient clientId=adminclient-4] Connection to node -1 (localhost/127.0.0.1:9092) could not be established. Broker may not be available.
[kafka-admin-client-thread | adminclient-1] INFO org.apache.kafka.clients.NetworkClient - [AdminClient clientId=adminclient-1] Node -1 disconnected.
[kafka-admin-client-thread | adminclient-1] WARN org.apache.kafka.clients.NetworkClient - [AdminClient clientId=adminclient-1] Connection to node -1 (localhost/127.0.0.1:9092) could not be established. Broker may not be available.
[kafka-admin-client-thread | adminclient-10] INFO org.apache.kafka.clients.NetworkClient - [AdminClient clientId=adminclient-10] Node -1 disconnected.
[kafka-admin-client-thread | adminclient-10] WARN org.apache.kafka.clients.NetworkClient - [AdminClient clientId=adminclient-10] Connection to node -1 (localhost/127.0.0.1:9092) could not be established. Broker may not be available.
[kafka-admin-client-thread | adminclient-3] INFO org.apache.kafka.clients.NetworkClient - [AdminClient clientId=adminclient-3] Node -1 disconnected.
[kafka-admin-client-thread | adminclient-3] WARN org.apache.kafka.clients.NetworkClient - [AdminClient clientId=adminclient-3] Connection to node -1 (localhost/127.0.0.1:9092) could not be established. Broker may not be available.
[kafka-admin-client-thread | adminclient-2] INFO org.apache.kafka.clients.NetworkClient - [AdminClient clientId=adminclient-2] Node -1 disconnected.
[kafka-admin-client-thread | adminclient-2] WARN org.apache.kafka.clients.NetworkClient - [AdminClient clientId=adminclient-2] Connection to node -1 (localhost/127.0.0.1:9092) could not be established. Broker may not be available.
[kafka-admin-client-thread | adminclient-8] INFO org.apache.kafka.clients.NetworkClient - [AdminClient clientId=adminclient-8] Node -1 disconnected.
[kafka-admin-client-thread | adminclient-8] WARN org.apache.kafka.clients.NetworkClient - [AdminClient clientId=adminclient-8] Connection to node -1 (localhost/127.0.0.1:9092) could not be established. Broker may not be available.
[kafka-admin-client-thread | adminclient-9] INFO org.apache.kafka.clients.NetworkClient - [AdminClient clientId=adminclient-9] Node -1 disconnected.
[kafka-admin-client-thread | adminclient-9] WARN org.apache.kafka.clients.NetworkClient - [AdminClient clientId=adminclient-9] Connection to node -1 (localhost/127.0.0.1:9092) could not be established. Broker may not be available.
[kafka-admin-client-thread | adminclient-7] INFO org.apache.kafka.clients.NetworkClient - [AdminClient clientId=adminclient-7] Node -1 disconnected.
[kafka-admin-client-thread | adminclient-7] WARN org.apache.kafka.clients.NetworkClient - [AdminClient clientId=adminclient-7] Connection to node -1 (localhost/127.0.0.1:9092) could not be established. Broker may not be available.
[kafka-admin-client-thread | adminclient-4] INFO org.apache.kafka.clients.NetworkClient - [AdminClient clientId=adminclient-4] Node -1 disconnected.
[kafka-admin-client-thread | adminclient-4] WARN org.apache.kafka.clients.NetworkClient - [AdminClient clientId=adminclient-4] Connection to node -1 (localhost/127.0.0.1:9092) could not be established. Broker may not be available.
[kafka-admin-client-thread | adminclient-10] INFO org.apache.kafka.clients.NetworkClient - [AdminClient clientId=adminclient-10] Node -1 disconnected.
[kafka-admin-client-thread | adminclient-10] WARN org.apache.kafka.clients.NetworkClient - [AdminClient clientId=adminclient-10] Connection to node -1 (localhost/127.0.0.1:9092) could not be established. Broker may not be available.
[kafka-admin-client-thread | adminclient-1] INFO org.apache.kafka.clients.NetworkClient - [AdminClient clientId=adminclient-1] Node -1 disconnected.
[kafka-admin-client-thread | adminclient-1] WARN org.apache.kafka.clients.NetworkClient - [AdminClient clientId=adminclient-1] Connection to node -1 (localhost/127.0.0.1:9092) could not be established. Broker may not be available.
[kafka-admin-client-thread | adminclient-3] INFO org.apache.kafka.clients.NetworkClient - [AdminClient clientId=adminclient-3] Node -1 disconnected.
[kafka-admin-client-thread | adminclient-3] WARN org.apache.kafka.clients.NetworkClient - [AdminClient clientId=adminclient-3] Connection to node -1 (localhost/127.0.0.1:9092) could not be established. Broker may not be available.
[kafka-admin-client-thread | adminclient-2] INFO org.apache.kafka.clients.NetworkClient - [AdminClient clientId=adminclient-2] Node -1 disconnected.
[kafka-admin-client-thread | adminclient-2] WARN org.apache.kafka.clients.NetworkClient - [AdminClient clientId=adminclient-2] Connection to node -1 (localhost/127.0.0.1:9092) could not be established. Broker may not be available.
[kafka-admin-client-thread | adminclient-9] INFO org.apache.kafka.clients.NetworkClient - [AdminClient clientId=adminclient-9] Node -1 disconnected.
[kafka-admin-client-thread | adminclient-9] WARN org.apache.kafka.clients.NetworkClient - [AdminClient clientId=adminclient-9] Connection to node -1 (localhost/127.0.0.1:9092) could not be established. Broker may not be available.
[kafka-admin-client-thread | adminclient-4] INFO org.apache.kafka.clients.NetworkClient - [AdminClient clientId=adminclient-4] Node -1 disconnected.
[kafka-admin-client-thread | adminclient-4] WARN org.apache.kafka.clients.NetworkClient - [AdminClient clientId=adminclient-4] Connection to node -1 (localhost/127.0.0.1:9092) could not be established. Broker may not be available.
[kafka-admin-client-thread | adminclient-8] INFO org.apache.kafka.clients.NetworkClient - [AdminClient clientId=adminclient-8] Node -1 disconnected.
[kafka-admin-client-thread | adminclient-8] WARN org.apache.kafka.clients.NetworkClient - [AdminClient clientId=adminclient-8] Connection to node -1 (localhost/127.0.0.1:9092) could not be established. Broker may not be available.
[kafka-admin-client-thread | adminclient-7] INFO org.apache.kafka.clients.NetworkClient - [AdminClient clientId=adminclient-7] Node -1 disconnected.
[kafka-admin-client-thread | adminclient-7] WARN org.apache.kafka.clients.NetworkClient - [AdminClient clientId=adminclient-7] Connection to node -1 (localhost/127.0.0.1:9092) could not be established. Broker may not be available.
[kafka-admin-client-thread | adminclient-10] INFO org.apache.kafka.clients.NetworkClient - [AdminClient clientId=adminclient-10] Node -1 disconnected.
[kafka-admin-client-thread | adminclient-10] WARN org.apache.kafka.clients.NetworkClient - [AdminClient clientId=adminclient-10] Connection to node -1 (localhost/127.0.0.1:9092) could not be established. Broker may not be available.
[kafka-admin-client-thread | adminclient-3] INFO org.apache.kafka.clients.NetworkClient - [AdminClient clientId=adminclient-3] Node -1 disconnected.
[kafka-admin-client-thread | adminclient-3] WARN org.apache.kafka.clients.NetworkClient - [AdminClient clientId=adminclient-3] Connection to node -1 (localhost/127.0.0.1:9092) could not be established. Broker may not be available.
[kafka-admin-client-thread | adminclient-2] INFO org.apache.kafka.clients.NetworkClient - [AdminClient clientId=adminclient-2] Node -1 disconnected.
[kafka-admin-client-thread | adminclient-1] INFO org.apache.kafka.clients.NetworkClient - [AdminClient clientId=adminclient-1] Node -1 disconnected.
[kafka-admin-client-thread | adminclient-2] WARN org.apache.kafka.clients.NetworkClient - [AdminClient clientId=adminclient-2] Connection to node -1 (localhost/127.0.0.1:9092) could not be established. Broker may not be available.
[kafka-admin-client-thread | adminclient-1] WARN org.apache.kafka.clients.NetworkClient - [AdminClient clientId=adminclient-1] Connection to node -1 (localhost/127.0.0.1:9092) could not be established. Broker may not be available.
[kafka-admin-client-thread | adminclient-8] INFO org.apache.kafka.clients.NetworkClient - [AdminClient clientId=adminclient-8] Node -1 disconnected.
[kafka-admin-client-thread | adminclient-8] WARN org.apache.kafka.clients.NetworkClient - [AdminClient clientId=adminclient-8] Connection to node -1 (localhost/127.0.0.1:9092) could not be established. Broker may not be available.
[kafka-admin-client-thread | adminclient-9] INFO org.apache.kafka.clients.NetworkClient - [AdminClient clientId=adminclient-9] Node -1 disconnected.
[kafka-admin-client-thread | adminclient-9] WARN org.apache.kafka.clients.NetworkClient - [AdminClient clientId=adminclient-9] Connection to node -1 (localhost/127.0.0.1:9092) could not be established. Broker may not be available.
[kafka-admin-client-thread | adminclient-4] INFO org.apache.kafka.clients.NetworkClient - [AdminClient clientId=adminclient-4] Node -1 disconnected.
[kafka-admin-client-thread | adminclient-4] WARN org.apache.kafka.clients.NetworkClient - [AdminClient clientId=adminclient-4] Connection to node -1 (localhost/127.0.0.1:9092) could not be established. Broker may not be available.
[kafka-admin-client-thread | adminclient-7] INFO org.apache.kafka.clients.NetworkClient - [AdminClient clientId=adminclient-7] Node -1 disconnected.
[kafka-admin-client-thread | adminclient-7] WARN org.apache.kafka.clients.NetworkClient - [AdminClient clientId=adminclient-7] Connection to node -1 (localhost/127.0.0.1:9092) could not be established. Broker may not be available.
[kafka-admin-client-thread | adminclient-3] INFO org.apache.kafka.clients.NetworkClient - [AdminClient clientId=adminclient-3] Node -1 disconnected.
[kafka-admin-client-thread | adminclient-3] WARN org.apache.kafka.clients.NetworkClient - [AdminClient clientId=adminclient-3] Connection to node -1 (localhost/127.0.0.1:9092) could not be established. Broker may not be available.
[kafka-admin-client-thread | adminclient-10] INFO org.apache.kafka.clients.NetworkClient - [AdminClient clientId=adminclient-10] Node -1 disconnected.
[kafka-admin-client-thread | adminclient-10] WARN org.apache.kafka.clients.NetworkClient - [AdminClient clientId=adminclient-10] Connection to node -1 (localhost/127.0.0.1:9092) could not be established. Broker may not be available.
[kafka-admin-client-thread | adminclient-1] INFO org.apache.kafka.clients.NetworkClient - [AdminClient clientId=adminclient-1] Node -1 disconnected.
[kafka-admin-client-thread | adminclient-1] WARN org.apache.kafka.clients.NetworkClient - [AdminClient clientId=adminclient-1] Connection to node -1 (localhost/127.0.0.1:9092) could not be established. Broker may not be available.
[kafka-admin-client-thread | adminclient-2] INFO org.apache.kafka.clients.NetworkClient - [AdminClient clientId=adminclient-2] Node -1 disconnected.
[kafka-admin-client-thread | adminclient-2] WARN org.apache.kafka.clients.NetworkClient - [AdminClient clientId=adminclient-2] Connection to node -1 (localhost/127.0.0.1:9092) could not be established. Broker may not be available.
[kafka-admin-client-thread | adminclient-4] INFO org.apache.kafka.clients.NetworkClient - [AdminClient clientId=adminclient-4] Node -1 disconnected.
[kafka-admin-client-thread | adminclient-4] WARN org.apache.kafka.clients.NetworkClient - [AdminClient clientId=adminclient-4] Connection to node -1 (localhost/127.0.0.1:9092) could not be established. Broker may not be available.
[kafka-admin-client-thread | adminclient-8] INFO org.apache.kafka.clients.NetworkClient - [AdminClient clientId=adminclient-8] Node -1 disconnected.
[kafka-admin-client-thread | adminclient-8] WARN org.apache.kafka.clients.NetworkClient - [AdminClient clientId=adminclient-8] Connection to node -1 (localhost/127.0.0.1:9092) could not be established. Broker may not be available.
[kafka-admin-client-thread | adminclient-9] INFO org.apache.kafka.clients.NetworkClient - [AdminClient clientId=adminclient-9] Node -1 disconnected.
[kafka-admin-client-thread | adminclient-9] WARN org.apache.kafka.clients.NetworkClient - [AdminClient clientId=adminclient-9] Connection to node -1 (localhost/127.0.0.1:9092) could not be established. Broker may not be available.
[kafka-admin-client-thread | adminclient-3] INFO org.apache.kafka.clients.NetworkClient - [AdminClient clientId=adminclient-3] Node -1 disconnected.
[kafka-admin-client-thread | adminclient-3] WARN org.apache.kafka.clients.NetworkClient - [AdminClient clientId=adminclient-3] Connection to node -1 (localhost/127.0.0.1:9092) could not be established. Broker may not be available.
[kafka-admin-client-thread | adminclient-7] INFO org.apache.kafka.clients.NetworkClient - [AdminClient clientId=adminclient-7] Node -1 disconnected.
[kafka-admin-client-thread | adminclient-7] WARN org.apache.kafka.clients.NetworkClient - [AdminClient clientId=adminclient-7] Connection to node -1 (localhost/127.0.0.1:9092) could not be established. Broker may not be available.
[kafka-admin-client-thread | adminclient-10] INFO org.apache.kafka.clients.NetworkClient - [AdminClient clientId=adminclient-10] Node -1 disconnected.
[kafka-admin-client-thread | adminclient-10] WARN org.apache.kafka.clients.NetworkClient - [AdminClient clientId=adminclient-10] Connection to node -1 (localhost/127.0.0.1:9092) could not be established. Broker may not be available.
[kafka-admin-client-thread | adminclient-2] INFO org.apache.kafka.clients.NetworkClient - [AdminClient clientId=adminclient-2] Node -1 disconnected.
[kafka-admin-client-thread | adminclient-2] WARN org.apache.kafka.clients.NetworkClient - [AdminClient clientId=adminclient-2] Connection to node -1 (localhost/127.0.0.1:9092) could not be established. Broker may not be available.
[kafka-admin-client-thread | adminclient-1] INFO org.apache.kafka.clients.NetworkClient - [AdminClient clientId=adminclient-1] Node -1 disconnected.
[kafka-admin-client-thread | adminclient-1] WARN org.apache.kafka.clients.NetworkClient - [AdminClient clientId=adminclient-1] Connection to node -1 (localhost/127.0.0.1:9092) could not be established. Broker may not be available.
[kafka-admin-client-thread | adminclient-4] INFO org.apache.kafka.clients.NetworkClient - [AdminClient clientId=adminclient-4] Node -1 disconnected.
[kafka-admin-client-thread | adminclient-4] WARN org.apache.kafka.clients.NetworkClient - [AdminClient clientId=adminclient-4] Connection to node -1 (localhost/127.0.0.1:9092) could not be established. Broker may not be available.
[kafka-admin-client-thread | adminclient-9] INFO org.apache.kafka.clients.NetworkClient - [AdminClient clientId=adminclient-9] Node -1 disconnected.
[kafka-admin-client-thread | adminclient-9] WARN org.apache.kafka.clients.NetworkClient - [AdminClient clientId=adminclient-9] Connection to node -1 (localhost/127.0.0.1:9092) could not be established. Broker may not be available.
[kafka-admin-client-thread | adminclient-8] INFO org.apache.kafka.clients.NetworkClient - [AdminClient clientId=adminclient-8] Node -1 disconnected.
[kafka-admin-client-thread | adminclient-8] WARN org.apache.kafka.clients.NetworkClient - [AdminClient clientId=adminclient-8] Connection to node -1 (localhost/127.0.0.1:9092) could not be established. Broker may not be available.
[kafka-admin-client-thread | adminclient-7] INFO org.apache.kafka.clients.NetworkClient - [AdminClient clientId=adminclient-7] Node -1 disconnected.
[kafka-admin-client-thread | adminclient-7] WARN org.apache.kafka.clients.NetworkClient - [AdminClient clientId=adminclient-7] Connection to node -1 (localhost/127.0.0.1:9092) could not be established. Broker may not be available.
[kafka-admin-client-thread | adminclient-3] INFO org.apache.kafka.clients.NetworkClient - [AdminClient clientId=adminclient-3] Node -1 disconnected.
[kafka-admin-client-thread | adminclient-3] WARN org.apache.kafka.clients.NetworkClient - [AdminClient clientId=adminclient-3] Connection to node -1 (localhost/127.0.0.1:9092) could not be established. Broker may not be available.
[kafka-admin-client-thread | adminclient-2] INFO org.apache.kafka.clients.NetworkClient - [AdminClient clientId=adminclient-2] Node -1 disconnected.
[kafka-admin-client-thread | adminclient-2] WARN org.apache.kafka.clients.NetworkClient - [AdminClient clientId=adminclient-2] Connection to node -1 (localhost/127.0.0.1:9092) could not be established. Broker may not be available.
[kafka-admin-client-thread | adminclient-10] INFO org.apache.kafka.clients.NetworkClient - [AdminClient clientId=adminclient-10] Node -1 disconnected.
[kafka-admin-client-thread | adminclient-10] WARN org.apache.kafka.clients.NetworkClient - [AdminClient clientId=adminclient-10] Connection to node -1 (localhost/127.0.0.1:9092) could not be established. Broker may not be available.
[kafka-admin-client-thread | adminclient-1] INFO org.apache.kafka.clients.NetworkClient - [AdminClient clientId=adminclient-1] Node -1 disconnected.
[kafka-admin-client-thread | adminclient-1] WARN org.apache.kafka.clients.NetworkClient - [AdminClient clientId=adminclient-1] Connection to node -1 (localhost/127.0.0.1:9092) could not be established. Broker may not be available.
[kafka-admin-client-thread | adminclient-4] INFO org.apache.kafka.clients.NetworkClient - [AdminClient clientId=adminclient-4] Node -1 disconnected.
[kafka-admin-client-thread | adminclient-4] WARN org.apache.kafka.clients.NetworkClient - [AdminClient clientId=adminclient-4] Connection to node -1 (localhost/127.0.0.1:9092) could not be established. Broker may not be available.
[kafka-admin-client-thread | adminclient-9] INFO org.apache.kafka.clients.NetworkClient - [AdminClient clientId=adminclient-9] Node -1 disconnected.
[kafka-admin-client-thread | adminclient-9] WARN org.apache.kafka.clients.NetworkClient - [AdminClient clientId=adminclient-9] Connection to node -1 (localhost/127.0.0.1:9092) could not be established. Broker may not be available.
[kafka-admin-client-thread | adminclient-8] INFO org.apache.kafka.clients.NetworkClient - [AdminClient clientId=adminclient-8] Node -1 disconnected.
[kafka-admin-client-thread | adminclient-8] WARN org.apache.kafka.clients.NetworkClient - [AdminClient clientId=adminclient-8] Connection to node -1 (localhost/127.0.0.1:9092) could not be established. Broker may not be available.
[kafka-admin-client-thread | adminclient-10] INFO org.apache.kafka.clients.NetworkClient - [AdminClient clientId=adminclient-10] Node -1 disconnected.
[kafka-admin-client-thread | adminclient-10] WARN org.apache.kafka.clients.NetworkClient - [AdminClient clientId=adminclient-10] Connection to node -1 (localhost/127.0.0.1:9092) could not be established. Broker may not be available.
[kafka-admin-client-thread | adminclient-3] INFO org.apache.kafka.clients.NetworkClient - [AdminClient clientId=adminclient-3] Node -1 disconnected.
[kafka-admin-client-thread | adminclient-3] WARN org.apache.kafka.clients.NetworkClient - [AdminClient clientId=adminclient-3] Connection to node -1 (localhost/127.0.0.1:9092) could not be established. Broker may not be available.
[kafka-admin-client-thread | adminclient-7] INFO org.apache.kafka.clients.NetworkClient - [AdminClient clientId=adminclient-7] Node -1 disconnected.
[kafka-admin-client-thread | adminclient-7] WARN org.apache.kafka.clients.NetworkClient - [AdminClient clientId=adminclient-7] Connection to node -1 (localhost/127.0.0.1:9092) could not be established. Broker may not be available.
[kafka-admin-client-thread | adminclient-2] INFO org.apache.kafka.clients.NetworkClient - [AdminClient clientId=adminclient-2] Node -1 disconnected.
[kafka-admin-client-thread | adminclient-2] WARN org.apache.kafka.clients.NetworkClient - [AdminClient clientId=adminclient-2] Connection to node -1 (localhost/127.0.0.1:9092) could not be established. Broker may not be available.
[kafka-admin-client-thread | adminclient-1] INFO org.apache.kafka.clients.NetworkClient - [AdminClient clientId=adminclient-1] Node -1 disconnected.
[kafka-admin-client-thread | adminclient-1] WARN org.apache.kafka.clients.NetworkClient - [AdminClient clientId=adminclient-1] Connection to node -1 (localhost/127.0.0.1:9092) could not be established. Broker may not be available.
[kafka-admin-client-thread | adminclient-4] INFO org.apache.kafka.clients.NetworkClient - [AdminClient clientId=adminclient-4] Node -1 disconnected.
[kafka-admin-client-thread | adminclient-4] WARN org.apache.kafka.clients.NetworkClient - [AdminClient clientId=adminclient-4] Connection to node -1 (localhost/127.0.0.1:9092) could not be established. Broker may not be available.
[kafka-admin-client-thread | adminclient-9] INFO org.apache.kafka.clients.NetworkClient - [AdminClient clientId=adminclient-9] Node -1 disconnected.
[kafka-admin-client-thread | adminclient-9] WARN org.apache.kafka.clients.NetworkClient - [AdminClient clientId=adminclient-9] Connection to node -1 (localhost/127.0.0.1:9092) could not be established. Broker may not be available.
[kafka-admin-client-thread | adminclient-7] INFO org.apache.kafka.clients.NetworkClient - [AdminClient clientId=adminclient-7] Node -1 disconnected.
[kafka-admin-client-thread | adminclient-7] WARN org.apache.kafka.clients.NetworkClient - [AdminClient clientId=adminclient-7] Connection to node -1 (localhost/127.0.0.1:9092) could not be established. Broker may not be available.
[kafka-admin-client-thread | adminclient-8] INFO org.apache.kafka.clients.NetworkClient - [AdminClient clientId=adminclient-8] Node -1 disconnected.
[kafka-admin-client-thread | adminclient-8] WARN org.apache.kafka.clients.NetworkClient - [AdminClient clientId=adminclient-8] Connection to node -1 (localhost/127.0.0.1:9092) could not be established. Broker may not be available.
[kafka-admin-client-thread | adminclient-10] INFO org.apache.kafka.clients.NetworkClient - [AdminClient clientId=adminclient-10] Node -1 disconnected.
[kafka-admin-client-thread | adminclient-10] WARN org.apache.kafka.clients.NetworkClient - [AdminClient clientId=adminclient-10] Connection to node -1 (localhost/127.0.0.1:9092) could not be established. Broker may not be available.
[kafka-admin-client-thread | adminclient-3] INFO org.apache.kafka.clients.NetworkClient - [AdminClient clientId=adminclient-3] Node -1 disconnected.
[kafka-admin-client-thread | adminclient-3] WARN org.apache.kafka.clients.NetworkClient - [AdminClient clientId=adminclient-3] Connection to node -1 (localhost/127.0.0.1:9092) could not be established. Broker may not be available.
[kafka-admin-client-thread | adminclient-2] INFO org.apache.kafka.clients.NetworkClient - [AdminClient clientId=adminclient-2] Node -1 disconnected.
[kafka-admin-client-thread | adminclient-2] WARN org.apache.kafka.clients.NetworkClient - [AdminClient clientId=adminclient-2] Connection to node -1 (localhost/127.0.0.1:9092) could not be established. Broker may not be available.
[kafka-admin-client-thread | adminclient-1] INFO org.apache.kafka.clients.NetworkClient - [AdminClient clientId=adminclient-1] Node -1 disconnected.
[kafka-admin-client-thread | adminclient-1] WARN org.apache.kafka.clients.NetworkClient - [AdminClient clientId=adminclient-1] Connection to node -1 (localhost/127.0.0.1:9092) could not be established. Broker may not be available.
[kafka-admin-client-thread | adminclient-4] INFO org.apache.kafka.clients.NetworkClient - [AdminClient clientId=adminclient-4] Node -1 disconnected.
[kafka-admin-client-thread | adminclient-9] INFO org.apache.kafka.clients.NetworkClient - [AdminClient clientId=adminclient-9] Node -1 disconnected.
[kafka-admin-client-thread | adminclient-4] WARN org.apache.kafka.clients.NetworkClient - [AdminClient clientId=adminclient-4] Connection to node -1 (localhost/127.0.0.1:9092) could not be established. Broker may not be available.
[kafka-admin-client-thread | adminclient-9] WARN org.apache.kafka.clients.NetworkClient - [AdminClient clientId=adminclient-9] Connection to node -1 (localhost/127.0.0.1:9092) could not be established. Broker may not be available.
[kafka-admin-client-thread | adminclient-10] INFO org.apache.kafka.clients.NetworkClient - [AdminClient clientId=adminclient-10] Node -1 disconnected.
[kafka-admin-client-thread | adminclient-10] WARN org.apache.kafka.clients.NetworkClient - [AdminClient clientId=adminclient-10] Connection to node -1 (localhost/127.0.0.1:9092) could not be established. Broker may not be available.
[kafka-admin-client-thread | adminclient-8] INFO org.apache.kafka.clients.NetworkClient - [AdminClient clientId=adminclient-8] Node -1 disconnected.
[kafka-admin-client-thread | adminclient-8] WARN org.apache.kafka.clients.NetworkClient - [AdminClient clientId=adminclient-8] Connection to node -1 (localhost/127.0.0.1:9092) could not be established. Broker may not be available.
[kafka-admin-client-thread | adminclient-3] INFO org.apache.kafka.clients.NetworkClient - [AdminClient clientId=adminclient-3] Node -1 disconnected.
[kafka-admin-client-thread | adminclient-3] WARN org.apache.kafka.clients.NetworkClient - [AdminClient clientId=adminclient-3] Connection to node -1 (localhost/127.0.0.1:9092) could not be established. Broker may not be available.
[kafka-admin-client-thread | adminclient-7] INFO org.apache.kafka.clients.NetworkClient - [AdminClient clientId=adminclient-7] Node -1 disconnected.
[kafka-admin-client-thread | adminclient-7] WARN org.apache.kafka.clients.NetworkClient - [AdminClient clientId=adminclient-7] Connection to node -1 (localhost/127.0.0.1:9092) could not be established. Broker may not be available.
[kafka-admin-client-thread | adminclient-2] INFO org.apache.kafka.clients.NetworkClient - [AdminClient clientId=adminclient-2] Node -1 disconnected.
[kafka-admin-client-thread | adminclient-2] WARN org.apache.kafka.clients.NetworkClient - [AdminClient clientId=adminclient-2] Connection to node -1 (localhost/127.0.0.1:9092) could not be established. Broker may not be available.
[kafka-admin-client-thread | adminclient-1] INFO org.apache.kafka.clients.NetworkClient - [AdminClient clientId=adminclient-1] Node -1 disconnected.
[kafka-admin-client-thread | adminclient-1] WARN org.apache.kafka.clients.NetworkClient - [AdminClient clientId=adminclient-1] Connection to node -1 (localhost/127.0.0.1:9092) could not be established. Broker may not be available.
[kafka-admin-client-thread | adminclient-9] INFO org.apache.kafka.clients.NetworkClient - [AdminClient clientId=adminclient-9] Node -1 disconnected.
[kafka-admin-client-thread | adminclient-9] WARN org.apache.kafka.clients.NetworkClient - [AdminClient clientId=adminclient-9] Connection to node -1 (localhost/127.0.0.1:9092) could not be established. Broker may not be available.
[kafka-admin-client-thread | adminclient-4] INFO org.apache.kafka.clients.NetworkClient - [AdminClient clientId=adminclient-4] Node -1 disconnected.
[kafka-admin-client-thread | adminclient-4] WARN org.apache.kafka.clients.NetworkClient - [AdminClient clientId=adminclient-4] Connection to node -1 (localhost/127.0.0.1:9092) could not be established. Broker may not be available.
[kafka-admin-client-thread | adminclient-10] INFO org.apache.kafka.clients.NetworkClient - [AdminClient clientId=adminclient-10] Node -1 disconnected.
[kafka-admin-client-thread | adminclient-10] WARN org.apache.kafka.clients.NetworkClient - [AdminClient clientId=adminclient-10] Connection to node -1 (localhost/127.0.0.1:9092) could not be established. Broker may not be available.
[kafka-admin-client-thread | adminclient-3] INFO org.apache.kafka.clients.NetworkClient - [AdminClient clientId=adminclient-3] Node -1 disconnected.
[kafka-admin-client-thread | adminclient-3] WARN org.apache.kafka.clients.NetworkClient - [AdminClient clientId=adminclient-3] Connection to node -1 (localhost/127.0.0.1:9092) could not be established. Broker may not be available.
[kafka-admin-client-thread | adminclient-7] INFO org.apache.kafka.clients.NetworkClient - [AdminClient clientId=adminclient-7] Node -1 disconnected.
[kafka-admin-client-thread | adminclient-7] WARN org.apache.kafka.clients.NetworkClient - [AdminClient clientId=adminclient-7] Connection to node -1 (localhost/127.0.0.1:9092) could not be established. Broker may not be available.
[kafka-admin-client-thread | adminclient-8] INFO org.apache.kafka.clients.NetworkClient - [AdminClient clientId=adminclient-8] Node -1 disconnected.
[kafka-admin-client-thread | adminclient-8] WARN org.apache.kafka.clients.NetworkClient - [AdminClient clientId=adminclient-8] Connection to node -1 (localhost/127.0.0.1:9092) could not be established. Broker may not be available.
[kafka-admin-client-thread | adminclient-2] INFO org.apache.kafka.clients.NetworkClient - [AdminClient clientId=adminclient-2] Node -1 disconnected.
[kafka-admin-client-thread | adminclient-2] WARN org.apache.kafka.clients.NetworkClient - [AdminClient clientId=adminclient-2] Connection to node -1 (localhost/127.0.0.1:9092) could not be established. Broker may not be available.
[kafka-admin-client-thread | adminclient-1] INFO org.apache.kafka.clients.NetworkClient - [AdminClient clientId=adminclient-1] Node -1 disconnected.
[kafka-admin-client-thread | adminclient-1] WARN org.apache.kafka.clients.NetworkClient - [AdminClient clientId=adminclient-1] Connection to node -1 (localhost/127.0.0.1:9092) could not be established. Broker may not be available.
[kafka-admin-client-thread | adminclient-4] INFO org.apache.kafka.clients.NetworkClient - [AdminClient clientId=adminclient-4] Node -1 disconnected.
[kafka-admin-client-thread | adminclient-4] WARN org.apache.kafka.clients.NetworkClient - [AdminClient clientId=adminclient-4] Connection to node -1 (localhost/127.0.0.1:9092) could not be established. Broker may not be available.
[kafka-admin-client-thread | adminclient-3] INFO org.apache.kafka.clients.NetworkClient - [AdminClient clientId=adminclient-3] Node -1 disconnected.
[kafka-admin-client-thread | adminclient-9] INFO org.apache.kafka.clients.NetworkClient - [AdminClient clientId=adminclient-9] Node -1 disconnected.
[kafka-admin-client-thread | adminclient-3] WARN org.apache.kafka.clients.NetworkClient - [AdminClient clientId=adminclient-3] Connection to node -1 (localhost/127.0.0.1:9092) could not be established. Broker may not be available.
[kafka-admin-client-thread | adminclient-9] WARN org.apache.kafka.clients.NetworkClient - [AdminClient clientId=adminclient-9] Connection to node -1 (localhost/127.0.0.1:9092) could not be established. Broker may not be available.
[kafka-admin-client-thread | adminclient-2] INFO org.apache.kafka.clients.NetworkClient - [AdminClient clientId=adminclient-2] Node -1 disconnected.
[kafka-admin-client-thread | adminclient-2] WARN org.apache.kafka.clients.NetworkClient - [AdminClient clientId=adminclient-2] Connection to node -1 (localhost/127.0.0.1:9092) could not be established. Broker may not be available.
[kafka-admin-client-thread | adminclient-10] INFO org.apache.kafka.clients.NetworkClient - [AdminClient clientId=adminclient-10] Node -1 disconnected.
[kafka-admin-client-thread | adminclient-10] WARN org.apache.kafka.clients.NetworkClient - [AdminClient clientId=adminclient-10] Connection to node -1 (localhost/127.0.0.1:9092) could not be established. Broker may not be available.
[kafka-admin-client-thread | adminclient-7] INFO org.apache.kafka.clients.NetworkClient - [AdminClient clientId=adminclient-7] Node -1 disconnected.
[kafka-admin-client-thread | adminclient-7] WARN org.apache.kafka.clients.NetworkClient - [AdminClient clientId=adminclient-7] Connection to node -1 (localhost/127.0.0.1:9092) could not be established. Broker may not be available.
[kafka-admin-client-thread | adminclient-8] INFO org.apache.kafka.clients.NetworkClient - [AdminClient clientId=adminclient-8] Node -1 disconnected.
[kafka-admin-client-thread | adminclient-8] WARN org.apache.kafka.clients.NetworkClient - [AdminClient clientId=adminclient-8] Connection to node -1 (localhost/127.0.0.1:9092) could not be established. Broker may not be available.
[kafka-admin-client-thread | adminclient-1] INFO org.apache.kafka.clients.NetworkClient - [AdminClient clientId=adminclient-1] Node -1 disconnected.
[kafka-admin-client-thread | adminclient-1] WARN org.apache.kafka.clients.NetworkClient - [AdminClient clientId=adminclient-1] Connection to node -1 (localhost/127.0.0.1:9092) could not be established. Broker may not be available.
[kafka-admin-client-thread | adminclient-4] INFO org.apache.kafka.clients.NetworkClient - [AdminClient clientId=adminclient-4] Node -1 disconnected.
[kafka-admin-client-thread | adminclient-4] WARN org.apache.kafka.clients.NetworkClient - [AdminClient clientId=adminclient-4] Connection to node -1 (localhost/127.0.0.1:9092) could not be established. Broker may not be available.
[kafka-admin-client-thread | adminclient-9] INFO org.apache.kafka.clients.NetworkClient - [AdminClient clientId=adminclient-9] Node -1 disconnected.
[kafka-admin-client-thread | adminclient-9] WARN org.apache.kafka.clients.NetworkClient - [AdminClient clientId=adminclient-9] Connection to node -1 (localhost/127.0.0.1:9092) could not be established. Broker may not be available.
[kafka-admin-client-thread | adminclient-8] INFO org.apache.kafka.clients.NetworkClient - [AdminClient clientId=adminclient-8] Node -1 disconnected.
[kafka-admin-client-thread | adminclient-8] WARN org.apache.kafka.clients.NetworkClient - [AdminClient clientId=adminclient-8] Connection to node -1 (localhost/127.0.0.1:9092) could not be established. Broker may not be available.
[kafka-admin-client-thread | adminclient-3] INFO org.apache.kafka.clients.NetworkClient - [AdminClient clientId=adminclient-3] Node -1 disconnected.
[kafka-admin-client-thread | adminclient-3] WARN org.apache.kafka.clients.NetworkClient - [AdminClient clientId=adminclient-3] Connection to node -1 (localhost/127.0.0.1:9092) could not be established. Broker may not be available.
[kafka-admin-client-thread | adminclient-2] INFO org.apache.kafka.clients.NetworkClient - [AdminClient clientId=adminclient-2] Node -1 disconnected.
[kafka-admin-client-thread | adminclient-2] WARN org.apache.kafka.clients.NetworkClient - [AdminClient clientId=adminclient-2] Connection to node -1 (localhost/127.0.0.1:9092) could not be established. Broker may not be available.
[kafka-admin-client-thread | adminclient-10] INFO org.apache.kafka.clients.NetworkClient - [AdminClient clientId=adminclient-10] Node -1 disconnected.
[kafka-admin-client-thread | adminclient-10] WARN org.apache.kafka.clients.NetworkClient - [AdminClient clientId=adminclient-10] Connection to node -1 (localhost/127.0.0.1:9092) could not be established. Broker may not be available.
[kafka-admin-client-thread | adminclient-7] INFO org.apache.kafka.clients.NetworkClient - [AdminClient clientId=adminclient-7] Node -1 disconnected.
[kafka-admin-client-thread | adminclient-7] WARN org.apache.kafka.clients.NetworkClient - [AdminClient clientId=adminclient-7] Connection to node -1 (localhost/127.0.0.1:9092) could not be established. Broker may not be available.
[kafka-admin-client-thread | adminclient-1] INFO org.apache.kafka.clients.NetworkClient - [AdminClient clientId=adminclient-1] Node -1 disconnected.
[kafka-admin-client-thread | adminclient-1] WARN org.apache.kafka.clients.NetworkClient - [AdminClient clientId=adminclient-1] Connection to node -1 (localhost/127.0.0.1:9092) could not be established. Broker may not be available.
[kafka-admin-client-thread | adminclient-8] INFO org.apache.kafka.clients.NetworkClient - [AdminClient clientId=adminclient-8] Node -1 disconnected.
[kafka-admin-client-thread | adminclient-8] WARN org.apache.kafka.clients.NetworkClient - [AdminClient clientId=adminclient-8] Connection to node -1 (localhost/127.0.0.1:9092) could not be established. Broker may not be available.
[kafka-admin-client-thread | adminclient-4] INFO org.apache.kafka.clients.NetworkClient - [AdminClient clientId=adminclient-4] Node -1 disconnected.
[kafka-admin-client-thread | adminclient-4] WARN org.apache.kafka.clients.NetworkClient - [AdminClient clientId=adminclient-4] Connection to node -1 (localhost/127.0.0.1:9092) could not be established. Broker may not be available.
[kafka-admin-client-thread | adminclient-3] INFO org.apache.kafka.clients.NetworkClient - [AdminClient clientId=adminclient-3] Node -1 disconnected.
[kafka-admin-client-thread | adminclient-3] WARN org.apache.kafka.clients.NetworkClient - [AdminClient clientId=adminclient-3] Connection to node -1 (localhost/127.0.0.1:9092) could not be established. Broker may not be available.
[kafka-admin-client-thread | adminclient-9] INFO org.apache.kafka.clients.NetworkClient - [AdminClient clientId=adminclient-9] Node -1 disconnected.
[kafka-admin-client-thread | adminclient-9] WARN org.apache.kafka.clients.NetworkClient - [AdminClient clientId=adminclient-9] Connection to node -1 (localhost/127.0.0.1:9092) could not be established. Broker may not be available.
[kafka-admin-client-thread | adminclient-7] INFO org.apache.kafka.clients.NetworkClient - [AdminClient clientId=adminclient-7] Node -1 disconnected.
[kafka-admin-client-thread | adminclient-7] WARN org.apache.kafka.clients.NetworkClient - [AdminClient clientId=adminclient-7] Connection to node -1 (localhost/127.0.0.1:9092) could not be established. Broker may not be available.
[kafka-admin-client-thread | adminclient-2] INFO org.apache.kafka.clients.NetworkClient - [AdminClient clientId=adminclient-2] Node -1 disconnected.
[kafka-admin-client-thread | adminclient-2] WARN org.apache.kafka.clients.NetworkClient - [AdminClient clientId=adminclient-2] Connection to node -1 (localhost/127.0.0.1:9092) could not be established. Broker may not be available.
[kafka-admin-client-thread | adminclient-10] INFO org.apache.kafka.clients.NetworkClient - [AdminClient clientId=adminclient-10] Node -1 disconnected.
[kafka-admin-client-thread | adminclient-10] WARN org.apache.kafka.clients.NetworkClient - [AdminClient clientId=adminclient-10] Connection to node -1 (localhost/127.0.0.1:9092) could not be established. Broker may not be available.
[kafka-admin-client-thread | adminclient-8] INFO org.apache.kafka.clients.NetworkClient - [AdminClient clientId=adminclient-8] Node -1 disconnected.
[kafka-admin-client-thread | adminclient-8] WARN org.apache.kafka.clients.NetworkClient - [AdminClient clientId=adminclient-8] Connection to node -1 (localhost/127.0.0.1:9092) could not be established. Broker may not be available.
[kafka-admin-client-thread | adminclient-1] INFO org.apache.kafka.clients.NetworkClient - [AdminClient clientId=adminclient-1] Node -1 disconnected.
[kafka-admin-client-thread | adminclient-1] WARN org.apache.kafka.clients.NetworkClient - [AdminClient clientId=adminclient-1] Connection to node -1 (localhost/127.0.0.1:9092) could not be established. Broker may not be available.
[kafka-admin-client-thread | adminclient-3] INFO org.apache.kafka.clients.NetworkClient - [AdminClient clientId=adminclient-3] Node -1 disconnected.
[kafka-admin-client-thread | adminclient-3] WARN org.apache.kafka.clients.NetworkClient - [AdminClient clientId=adminclient-3] Connection to node -1 (localhost/127.0.0.1:9092) could not be established. Broker may not be available.
[kafka-admin-client-thread | adminclient-4] INFO org.apache.kafka.clients.NetworkClient - [AdminClient clientId=adminclient-4] Node -1 disconnected.
[kafka-admin-client-thread | adminclient-4] WARN org.apache.kafka.clients.NetworkClient - [AdminClient clientId=adminclient-4] Connection to node -1 (localhost/127.0.0.1:9092) could not be established. Broker may not be available.
[kafka-admin-client-thread | adminclient-9] INFO org.apache.kafka.clients.NetworkClient - [AdminClient clientId=adminclient-9] Node -1 disconnected.
[kafka-admin-client-thread | adminclient-9] WARN org.apache.kafka.clients.NetworkClient - [AdminClient clientId=adminclient-9] Connection to node -1 (localhost/127.0.0.1:9092) could not be established. Broker may not be available.
[kafka-admin-client-thread | adminclient-10] INFO org.apache.kafka.clients.NetworkClient - [AdminClient clientId=adminclient-10] Node -1 disconnected.
[kafka-admin-client-thread | adminclient-10] WARN org.apache.kafka.clients.NetworkClient - [AdminClient clientId=adminclient-10] Connection to node -1 (localhost/127.0.0.1:9092) could not be established. Broker may not be available.
[kafka-admin-client-thread | adminclient-7] INFO org.apache.kafka.clients.NetworkClient - [AdminClient clientId=adminclient-7] Node -1 disconnected.
[kafka-admin-client-thread | adminclient-7] WARN org.apache.kafka.clients.NetworkClient - [AdminClient clientId=adminclient-7] Connection to node -1 (localhost/127.0.0.1:9092) could not be established. Broker may not be available.
[kafka-admin-client-thread | adminclient-2] INFO org.apache.kafka.clients.NetworkClient - [AdminClient clientId=adminclient-2] Node -1 disconnected.
[kafka-admin-client-thread | adminclient-2] WARN org.apache.kafka.clients.NetworkClient - [AdminClient clientId=adminclient-2] Connection to node -1 (localhost/127.0.0.1:9092) could not be established. Broker may not be available.
[kafka-admin-client-thread | adminclient-8] INFO org.apache.kafka.clients.NetworkClient - [AdminClient clientId=adminclient-8] Node -1 disconnected.
[kafka-admin-client-thread | adminclient-8] WARN org.apache.kafka.clients.NetworkClient - [AdminClient clientId=adminclient-8] Connection to node -1 (localhost/127.0.0.1:9092) could not be established. Broker may not be available.
[kafka-admin-client-thread | adminclient-1] INFO org.apache.kafka.clients.NetworkClient - [AdminClient clientId=adminclient-1] Node -1 disconnected.
[kafka-admin-client-thread | adminclient-1] WARN org.apache.kafka.clients.NetworkClient - [AdminClient clientId=adminclient-1] Connection to node -1 (localhost/127.0.0.1:9092) could not be established. Broker may not be available.
[kafka-admin-client-thread | adminclient-3] INFO org.apache.kafka.clients.NetworkClient - [AdminClient clientId=adminclient-3] Node -1 disconnected.
[kafka-admin-client-thread | adminclient-3] WARN org.apache.kafka.clients.NetworkClient - [AdminClient clientId=adminclient-3] Connection to node -1 (localhost/127.0.0.1:9092) could not be established. Broker may not be available.
[kafka-admin-client-thread | adminclient-9] INFO org.apache.kafka.clients.NetworkClient - [AdminClient clientId=adminclient-9] Node -1 disconnected.
[kafka-admin-client-thread | adminclient-10] INFO org.apache.kafka.clients.NetworkClient - [AdminClient clientId=adminclient-10] Node -1 disconnected.
[kafka-admin-client-thread | adminclient-9] WARN org.apache.kafka.clients.NetworkClient - [AdminClient clientId=adminclient-9] Connection to node -1 (localhost/127.0.0.1:9092) could not be established. Broker may not be available.
[kafka-admin-client-thread | adminclient-10] WARN org.apache.kafka.clients.NetworkClient - [AdminClient clientId=adminclient-10] Connection to node -1 (localhost/127.0.0.1:9092) could not be established. Broker may not be available.
[kafka-admin-client-thread | adminclient-7] INFO org.apache.kafka.clients.NetworkClient - [AdminClient clientId=adminclient-7] Node -1 disconnected.
[kafka-admin-client-thread | adminclient-7] WARN org.apache.kafka.clients.NetworkClient - [AdminClient clientId=adminclient-7] Connection to node -1 (localhost/127.0.0.1:9092) could not be established. Broker may not be available.
[kafka-admin-client-thread | adminclient-4] INFO org.apache.kafka.clients.NetworkClient - [AdminClient clientId=adminclient-4] Node -1 disconnected.
[kafka-admin-client-thread | adminclient-4] WARN org.apache.kafka.clients.NetworkClient - [AdminClient clientId=adminclient-4] Connection to node -1 (localhost/127.0.0.1:9092) could not be established. Broker may not be available.
[kafka-admin-client-thread | adminclient-2] INFO org.apache.kafka.clients.NetworkClient - [AdminClient clientId=adminclient-2] Node -1 disconnected.
[kafka-admin-client-thread | adminclient-2] WARN org.apache.kafka.clients.NetworkClient - [AdminClient clientId=adminclient-2] Connection to node -1 (localhost/127.0.0.1:9092) could not be established. Broker may not be available.
[kafka-admin-client-thread | adminclient-8] INFO org.apache.kafka.clients.NetworkClient - [AdminClient clientId=adminclient-8] Node -1 disconnected.
[kafka-admin-client-thread | adminclient-8] WARN org.apache.kafka.clients.NetworkClient - [AdminClient clientId=adminclient-8] Connection to node -1 (localhost/127.0.0.1:9092) could not be established. Broker may not be available.
[kafka-admin-client-thread | adminclient-1] INFO org.apache.kafka.clients.NetworkClient - [AdminClient clientId=adminclient-1] Node -1 disconnected.
[kafka-admin-client-thread | adminclient-1] WARN org.apache.kafka.clients.NetworkClient - [AdminClient clientId=adminclient-1] Connection to node -1 (localhost/127.0.0.1:9092) could not be established. Broker may not be available.
[kafka-admin-client-thread | adminclient-3] INFO org.apache.kafka.clients.NetworkClient - [AdminClient clientId=adminclient-3] Node -1 disconnected.
[kafka-admin-client-thread | adminclient-3] WARN org.apache.kafka.clients.NetworkClient - [AdminClient clientId=adminclient-3] Connection to node -1 (localhost/127.0.0.1:9092) could not be established. Broker may not be available.
[kafka-admin-client-thread | adminclient-10] INFO org.apache.kafka.clients.NetworkClient - [AdminClient clientId=adminclient-10] Node -1 disconnected.
[kafka-admin-client-thread | adminclient-10] WARN org.apache.kafka.clients.NetworkClient - [AdminClient clientId=adminclient-10] Connection to node -1 (localhost/127.0.0.1:9092) could not be established. Broker may not be available.
[kafka-admin-client-thread | adminclient-9] INFO org.apache.kafka.clients.NetworkClient - [AdminClient clientId=adminclient-9] Node -1 disconnected.
[kafka-admin-client-thread | adminclient-9] WARN org.apache.kafka.clients.NetworkClient - [AdminClient clientId=adminclient-9] Connection to node -1 (localhost/127.0.0.1:9092) could not be established. Broker may not be available.
[kafka-admin-client-thread | adminclient-2] INFO org.apache.kafka.clients.NetworkClient - [AdminClient clientId=adminclient-2] Node -1 disconnected.
[kafka-admin-client-thread | adminclient-2] WARN org.apache.kafka.clients.NetworkClient - [AdminClient clientId=adminclient-2] Connection to node -1 (localhost/127.0.0.1:9092) could not be established. Broker may not be available.
[kafka-admin-client-thread | adminclient-4] INFO org.apache.kafka.clients.NetworkClient - [AdminClient clientId=adminclient-4] Node -1 disconnected.
[kafka-admin-client-thread | adminclient-4] WARN org.apache.kafka.clients.NetworkClient - [AdminClient clientId=adminclient-4] Connection to node -1 (localhost/127.0.0.1:9092) could not be established. Broker may not be available.
[kafka-admin-client-thread | adminclient-7] INFO org.apache.kafka.clients.NetworkClient - [AdminClient clientId=adminclient-7] Node -1 disconnected.
[kafka-admin-client-thread | adminclient-7] WARN org.apache.kafka.clients.NetworkClient - [AdminClient clientId=adminclient-7] Connection to node -1 (localhost/127.0.0.1:9092) could not be established. Broker may not be available.
[kafka-admin-client-thread | adminclient-8] INFO org.apache.kafka.clients.NetworkClient - [AdminClient clientId=adminclient-8] Node -1 disconnected.
[kafka-admin-client-thread | adminclient-8] WARN org.apache.kafka.clients.NetworkClient - [AdminClient clientId=adminclient-8] Connection to node -1 (localhost/127.0.0.1:9092) could not be established. Broker may not be available.
[kafka-admin-client-thread | adminclient-1] INFO org.apache.kafka.clients.admin.internals.AdminMetadataManager - [AdminClient clientId=adminclient-1] Metadata update failed
org.apache.kafka.common.errors.TimeoutException: Timed out waiting for a node assignment. Call: fetchMetadata
[kafka-admin-client-thread | adminclient-2] INFO org.apache.kafka.clients.admin.internals.AdminMetadataManager - [AdminClient clientId=adminclient-2] Metadata update failed
org.apache.kafka.common.errors.TimeoutException: Timed out waiting for a node assignment. Call: fetchMetadata
[kafka-admin-client-thread | adminclient-10] INFO org.apache.kafka.clients.NetworkClient - [AdminClient clientId=adminclient-10] Node -1 disconnected.
[kafka-admin-client-thread | adminclient-10] WARN org.apache.kafka.clients.NetworkClient - [AdminClient clientId=adminclient-10] Connection to node -1 (localhost/127.0.0.1:9092) could not be established. Broker may not be available.
[kafka-admin-client-thread | adminclient-1] INFO org.apache.kafka.clients.NetworkClient - [AdminClient clientId=adminclient-1] Node -1 disconnected.
[kafka-admin-client-thread | adminclient-1] WARN org.apache.kafka.clients.NetworkClient - [AdminClient clientId=adminclient-1] Connection to node -1 (localhost/127.0.0.1:9092) could not be established. Broker may not be available.
[kafka-admin-client-thread | adminclient-2] INFO org.apache.kafka.clients.NetworkClient - [AdminClient clientId=adminclient-2] Node -1 disconnected.
[kafka-admin-client-thread | adminclient-2] WARN org.apache.kafka.clients.NetworkClient - [AdminClient clientId=adminclient-2] Connection to node -1 (localhost/127.0.0.1:9092) could not be established. Broker may not be available.
[kafka-admin-client-thread | adminclient-3] INFO org.apache.kafka.clients.admin.internals.AdminMetadataManager - [AdminClient clientId=adminclient-3] Metadata update failed
org.apache.kafka.common.errors.TimeoutException: Timed out waiting for a node assignment. Call: fetchMetadata
[kafka-admin-client-thread | adminclient-4] INFO org.apache.kafka.clients.admin.internals.AdminMetadataManager - [AdminClient clientId=adminclient-4] Metadata update failed
org.apache.kafka.common.errors.TimeoutException: Timed out waiting for a node assignment. Call: fetchMetadata
[kafka-admin-client-thread | adminclient-7] INFO org.apache.kafka.clients.admin.internals.AdminMetadataManager - [AdminClient clientId=adminclient-7] Metadata update failed
org.apache.kafka.common.errors.TimeoutException: Timed out waiting for a node assignment. Call: fetchMetadata
[kafka-admin-client-thread | adminclient-7] INFO org.apache.kafka.clients.NetworkClient - [AdminClient clientId=adminclient-7] Node -1 disconnected.
[kafka-admin-client-thread | adminclient-7] WARN org.apache.kafka.clients.NetworkClient - [AdminClient clientId=adminclient-7] Connection to node -1 (localhost/127.0.0.1:9092) could not be established. Broker may not be available.
[kafka-admin-client-thread | adminclient-8] INFO org.apache.kafka.clients.admin.internals.AdminMetadataManager - [AdminClient clientId=adminclient-8] Metadata update failed
org.apache.kafka.common.errors.TimeoutException: Timed out waiting for a node assignment. Call: fetchMetadata
[kafka-admin-client-thread | adminclient-9] INFO org.apache.kafka.clients.admin.internals.AdminMetadataManager - [AdminClient clientId=adminclient-9] Metadata update failed
org.apache.kafka.common.errors.TimeoutException: Timed out waiting for a node assignment. Call: fetchMetadata
[kafka-admin-client-thread | adminclient-3] INFO org.apache.kafka.clients.NetworkClient - [AdminClient clientId=adminclient-3] Node -1 disconnected.
[kafka-admin-client-thread | adminclient-9] INFO org.apache.kafka.clients.NetworkClient - [AdminClient clientId=adminclient-9] Node -1 disconnected.
[kafka-admin-client-thread | adminclient-3] WARN org.apache.kafka.clients.NetworkClient - [AdminClient clientId=adminclient-3] Connection to node -1 (localhost/127.0.0.1:9092) could not be established. Broker may not be available.
[kafka-admin-client-thread | adminclient-9] WARN org.apache.kafka.clients.NetworkClient - [AdminClient clientId=adminclient-9] Connection to node -1 (localhost/127.0.0.1:9092) could not be established. Broker may not be available.
[kafka-admin-client-thread | adminclient-10] INFO org.apache.kafka.clients.admin.internals.AdminMetadataManager - [AdminClient clientId=adminclient-10] Metadata update failed
org.apache.kafka.common.errors.TimeoutException: Timed out waiting for a node assignment. Call: fetchMetadata
[kafka-admin-client-thread | adminclient-4] INFO org.apache.kafka.clients.NetworkClient - [AdminClient clientId=adminclient-4] Node -1 disconnected.
[kafka-admin-client-thread | adminclient-4] WARN org.apache.kafka.clients.NetworkClient - [AdminClient clientId=adminclient-4] Connection to node -1 (localhost/127.0.0.1:9092) could not be established. Broker may not be available.
[kafka-admin-client-thread | adminclient-8] INFO org.apache.kafka.clients.NetworkClient - [AdminClient clientId=adminclient-8] Node -1 disconnected.
[kafka-admin-client-thread | adminclient-8] WARN org.apache.kafka.clients.NetworkClient - [AdminClient clientId=adminclient-8] Connection to node -1 (localhost/127.0.0.1:9092) could not be established. Broker may not be available.
[kafka-admin-client-thread | adminclient-1] INFO org.apache.kafka.clients.NetworkClient - [AdminClient clientId=adminclient-1] Node -1 disconnected.
[kafka-admin-client-thread | adminclient-10] INFO org.apache.kafka.clients.NetworkClient - [AdminClient clientId=adminclient-10] Node -1 disconnected.
[kafka-admin-client-thread | adminclient-1] WARN org.apache.kafka.clients.NetworkClient - [AdminClient clientId=adminclient-1] Connection to node -1 (localhost/127.0.0.1:9092) could not be established. Broker may not be available.
[kafka-admin-client-thread | adminclient-10] WARN org.apache.kafka.clients.NetworkClient - [AdminClient clientId=adminclient-10] Connection to node -1 (localhost/127.0.0.1:9092) could not be established. Broker may not be available.
[kafka-admin-client-thread | adminclient-2] INFO org.apache.kafka.clients.NetworkClient - [AdminClient clientId=adminclient-2] Node -1 disconnected.
[kafka-admin-client-thread | adminclient-2] WARN org.apache.kafka.clients.NetworkClient - [AdminClient clientId=adminclient-2] Connection to node -1 (localhost/127.0.0.1:9092) could not be established. Broker may not be available.
[kafka-admin-client-thread | adminclient-3] INFO org.apache.kafka.clients.NetworkClient - [AdminClient clientId=adminclient-3] Node -1 disconnected.
[kafka-admin-client-thread | adminclient-3] WARN org.apache.kafka.clients.NetworkClient - [AdminClient clientId=adminclient-3] Connection to node -1 (localhost/127.0.0.1:9092) could not be established. Broker may not be available.
[kafka-admin-client-thread | adminclient-4] INFO org.apache.kafka.clients.NetworkClient - [AdminClient clientId=adminclient-4] Node -1 disconnected.
[kafka-admin-client-thread | adminclient-7] INFO org.apache.kafka.clients.NetworkClient - [AdminClient clientId=adminclient-7] Node -1 disconnected.
[kafka-admin-client-thread | adminclient-4] WARN org.apache.kafka.clients.NetworkClient - [AdminClient clientId=adminclient-4] Connection to node -1 (localhost/127.0.0.1:9092) could not be established. Broker may not be available.
[kafka-admin-client-thread | adminclient-7] WARN org.apache.kafka.clients.NetworkClient - [AdminClient clientId=adminclient-7] Connection to node -1 (localhost/127.0.0.1:9092) could not be established. Broker may not be available.
[kafka-admin-client-thread | adminclient-9] INFO org.apache.kafka.clients.NetworkClient - [AdminClient clientId=adminclient-9] Node -1 disconnected.
[kafka-admin-client-thread | adminclient-9] WARN org.apache.kafka.clients.NetworkClient - [AdminClient clientId=adminclient-9] Connection to node -1 (localhost/127.0.0.1:9092) could not be established. Broker may not be available.
[kafka-admin-client-thread | adminclient-1] INFO org.apache.kafka.clients.NetworkClient - [AdminClient clientId=adminclient-1] Node -1 disconnected.
[kafka-admin-client-thread | adminclient-8] INFO org.apache.kafka.clients.NetworkClient - [AdminClient clientId=adminclient-8] Node -1 disconnected.
[kafka-admin-client-thread | adminclient-1] WARN org.apache.kafka.clients.NetworkClient - [AdminClient clientId=adminclient-1] Connection to node -1 (localhost/127.0.0.1:9092) could not be established. Broker may not be available.
[kafka-admin-client-thread | adminclient-8] WARN org.apache.kafka.clients.NetworkClient - [AdminClient clientId=adminclient-8] Connection to node -1 (localhost/127.0.0.1:9092) could not be established. Broker may not be available.
[kafka-admin-client-thread | adminclient-2] INFO org.apache.kafka.clients.NetworkClient - [AdminClient clientId=adminclient-2] Node -1 disconnected.
[kafka-admin-client-thread | adminclient-2] WARN org.apache.kafka.clients.NetworkClient - [AdminClient clientId=adminclient-2] Connection to node -1 (localhost/127.0.0.1:9092) could not be established. Broker may not be available.
[kafka-admin-client-thread | adminclient-10] INFO org.apache.kafka.clients.NetworkClient - [AdminClient clientId=adminclient-10] Node -1 disconnected.
[kafka-admin-client-thread | adminclient-10] WARN org.apache.kafka.clients.NetworkClient - [AdminClient clientId=adminclient-10] Connection to node -1 (localhost/127.0.0.1:9092) could not be established. Broker may not be available.
[kafka-admin-client-thread | adminclient-4] INFO org.apache.kafka.clients.NetworkClient - [AdminClient clientId=adminclient-4] Node -1 disconnected.
[kafka-admin-client-thread | adminclient-4] WARN org.apache.kafka.clients.NetworkClient - [AdminClient clientId=adminclient-4] Connection to node -1 (localhost/127.0.0.1:9092) could not be established. Broker may not be available.
[kafka-admin-client-thread | adminclient-7] INFO org.apache.kafka.clients.NetworkClient - [AdminClient clientId=adminclient-7] Node -1 disconnected.
[kafka-admin-client-thread | adminclient-7] WARN org.apache.kafka.clients.NetworkClient - [AdminClient clientId=adminclient-7] Connection to node -1 (localhost/127.0.0.1:9092) could not be established. Broker may not be available.
[kafka-admin-client-thread | adminclient-9] INFO org.apache.kafka.clients.NetworkClient - [AdminClient clientId=adminclient-9] Node -1 disconnected.
[kafka-admin-client-thread | adminclient-9] WARN org.apache.kafka.clients.NetworkClient - [AdminClient clientId=adminclient-9] Connection to node -1 (localhost/127.0.0.1:9092) could not be established. Broker may not be available.
[kafka-admin-client-thread | adminclient-3] INFO org.apache.kafka.clients.NetworkClient - [AdminClient clientId=adminclient-3] Node -1 disconnected.
[kafka-admin-client-thread | adminclient-3] WARN org.apache.kafka.clients.NetworkClient - [AdminClient clientId=adminclient-3] Connection to node -1 (localhost/127.0.0.1:9092) could not be established. Broker may not be available.
[kafka-admin-client-thread | adminclient-2] INFO org.apache.kafka.clients.NetworkClient - [AdminClient clientId=adminclient-2] Node -1 disconnected.
[kafka-admin-client-thread | adminclient-8] INFO org.apache.kafka.clients.NetworkClient - [AdminClient clientId=adminclient-8] Node -1 disconnected.
[kafka-admin-client-thread | adminclient-2] WARN org.apache.kafka.clients.NetworkClient - [AdminClient clientId=adminclient-2] Connection to node -1 (localhost/127.0.0.1:9092) could not be established. Broker may not be available.
[kafka-admin-client-thread | adminclient-8] WARN org.apache.kafka.clients.NetworkClient - [AdminClient clientId=adminclient-8] Connection to node -1 (localhost/127.0.0.1:9092) could not be established. Broker may not be available.
[kafka-admin-client-thread | adminclient-1] INFO org.apache.kafka.clients.NetworkClient - [AdminClient clientId=adminclient-1] Node -1 disconnected.
[kafka-admin-client-thread | adminclient-1] WARN org.apache.kafka.clients.NetworkClient - [AdminClient clientId=adminclient-1] Connection to node -1 (localhost/127.0.0.1:9092) could not be established. Broker may not be available.
[kafka-admin-client-thread | adminclient-3] INFO org.apache.kafka.clients.NetworkClient - [AdminClient clientId=adminclient-3] Node -1 disconnected.
[kafka-admin-client-thread | adminclient-10] INFO org.apache.kafka.clients.NetworkClient - [AdminClient clientId=adminclient-10] Node -1 disconnected.
[kafka-admin-client-thread | adminclient-3] WARN org.apache.kafka.clients.NetworkClient - [AdminClient clientId=adminclient-3] Connection to node -1 (localhost/127.0.0.1:9092) could not be established. Broker may not be available.
[kafka-admin-client-thread | adminclient-10] WARN org.apache.kafka.clients.NetworkClient - [AdminClient clientId=adminclient-10] Connection to node -1 (localhost/127.0.0.1:9092) could not be established. Broker may not be available.
[kafka-admin-client-thread | adminclient-9] INFO org.apache.kafka.clients.NetworkClient - [AdminClient clientId=adminclient-9] Node -1 disconnected.
[kafka-admin-client-thread | adminclient-9] WARN org.apache.kafka.clients.NetworkClient - [AdminClient clientId=adminclient-9] Connection to node -1 (localhost/127.0.0.1:9092) could not be established. Broker may not be available.
[kafka-admin-client-thread | adminclient-4] INFO org.apache.kafka.clients.NetworkClient - [AdminClient clientId=adminclient-4] Node -1 disconnected.
[kafka-admin-client-thread | adminclient-4] WARN org.apache.kafka.clients.NetworkClient - [AdminClient clientId=adminclient-4] Connection to node -1 (localhost/127.0.0.1:9092) could not be established. Broker may not be available.
[kafka-admin-client-thread | adminclient-7] INFO org.apache.kafka.clients.NetworkClient - [AdminClient clientId=adminclient-7] Node -1 disconnected.
[kafka-admin-client-thread | adminclient-7] WARN org.apache.kafka.clients.NetworkClient - [AdminClient clientId=adminclient-7] Connection to node -1 (localhost/127.0.0.1:9092) could not be established. Broker may not be available.
[kafka-admin-client-thread | adminclient-2] INFO org.apache.kafka.clients.NetworkClient - [AdminClient clientId=adminclient-2] Node -1 disconnected.
[kafka-admin-client-thread | adminclient-2] WARN org.apache.kafka.clients.NetworkClient - [AdminClient clientId=adminclient-2] Connection to node -1 (localhost/127.0.0.1:9092) could not be established. Broker may not be available.
[kafka-admin-client-thread | adminclient-8] INFO org.apache.kafka.clients.NetworkClient - [AdminClient clientId=adminclient-8] Node -1 disconnected.
[kafka-admin-client-thread | adminclient-8] WARN org.apache.kafka.clients.NetworkClient - [AdminClient clientId=adminclient-8] Connection to node -1 (localhost/127.0.0.1:9092) could not be established. Broker may not be available.
[kafka-admin-client-thread | adminclient-1] INFO org.apache.kafka.clients.NetworkClient - [AdminClient clientId=adminclient-1] Node -1 disconnected.
[kafka-admin-client-thread | adminclient-1] WARN org.apache.kafka.clients.NetworkClient - [AdminClient clientId=adminclient-1] Connection to node -1 (localhost/127.0.0.1:9092) could not be established. Broker may not be available.
[kafka-admin-client-thread | adminclient-9] INFO org.apache.kafka.clients.NetworkClient - [AdminClient clientId=adminclient-9] Node -1 disconnected.
[kafka-admin-client-thread | adminclient-9] WARN org.apache.kafka.clients.NetworkClient - [AdminClient clientId=adminclient-9] Connection to node -1 (localhost/127.0.0.1:9092) could not be established. Broker may not be available.
[kafka-admin-client-thread | adminclient-3] INFO org.apache.kafka.clients.NetworkClient - [AdminClient clientId=adminclient-3] Node -1 disconnected.
[kafka-admin-client-thread | adminclient-3] WARN org.apache.kafka.clients.NetworkClient - [AdminClient clientId=adminclient-3] Connection to node -1 (localhost/127.0.0.1:9092) could not be established. Broker may not be available.
[kafka-admin-client-thread | adminclient-10] INFO org.apache.kafka.clients.NetworkClient - [AdminClient clientId=adminclient-10] Node -1 disconnected.
[kafka-admin-client-thread | adminclient-10] WARN org.apache.kafka.clients.NetworkClient - [AdminClient clientId=adminclient-10] Connection to node -1 (localhost/127.0.0.1:9092) could not be established. Broker may not be available.
[kafka-admin-client-thread | adminclient-4] INFO org.apache.kafka.clients.NetworkClient - [AdminClient clientId=adminclient-4] Node -1 disconnected.
[kafka-admin-client-thread | adminclient-4] WARN org.apache.kafka.clients.NetworkClient - [AdminClient clientId=adminclient-4] Connection to node -1 (localhost/127.0.0.1:9092) could not be established. Broker may not be available.
[kafka-admin-client-thread | adminclient-7] INFO org.apache.kafka.clients.NetworkClient - [AdminClient clientId=adminclient-7] Node -1 disconnected.
[kafka-admin-client-thread | adminclient-7] WARN org.apache.kafka.clients.NetworkClient - [AdminClient clientId=adminclient-7] Connection to node -1 (localhost/127.0.0.1:9092) could not be established. Broker may not be available.
[kafka-admin-client-thread | adminclient-2] INFO org.apache.kafka.clients.NetworkClient - [AdminClient clientId=adminclient-2] Node -1 disconnected.
[kafka-admin-client-thread | adminclient-2] WARN org.apache.kafka.clients.NetworkClient - [AdminClient clientId=adminclient-2] Connection to node -1 (localhost/127.0.0.1:9092) could not be established. Broker may not be available.
[kafka-admin-client-thread | adminclient-8] INFO org.apache.kafka.clients.NetworkClient - [AdminClient clientId=adminclient-8] Node -1 disconnected.
[kafka-admin-client-thread | adminclient-8] WARN org.apache.kafka.clients.NetworkClient - [AdminClient clientId=adminclient-8] Connection to node -1 (localhost/127.0.0.1:9092) could not be established. Broker may not be available.
[kafka-admin-client-thread | adminclient-1] INFO org.apache.kafka.clients.NetworkClient - [AdminClient clientId=adminclient-1] Node -1 disconnected.
[kafka-admin-client-thread | adminclient-1] WARN org.apache.kafka.clients.NetworkClient - [AdminClient clientId=adminclient-1] Connection to node -1 (localhost/127.0.0.1:9092) could not be established. Broker may not be available.
[kafka-admin-client-thread | adminclient-9] INFO org.apache.kafka.clients.NetworkClient - [AdminClient clientId=adminclient-9] Node -1 disconnected.
[kafka-admin-client-thread | adminclient-9] WARN org.apache.kafka.clients.NetworkClient - [AdminClient clientId=adminclient-9] Connection to node -1 (localhost/127.0.0.1:9092) could not be established. Broker may not be available.
[kafka-admin-client-thread | adminclient-3] INFO org.apache.kafka.clients.NetworkClient - [AdminClient clientId=adminclient-3] Node -1 disconnected.
[kafka-admin-client-thread | adminclient-3] WARN org.apache.kafka.clients.NetworkClient - [AdminClient clientId=adminclient-3] Connection to node -1 (localhost/127.0.0.1:9092) could not be established. Broker may not be available.
[kafka-admin-client-thread | adminclient-10] INFO org.apache.kafka.clients.NetworkClient - [AdminClient clientId=adminclient-10] Node -1 disconnected.
[kafka-admin-client-thread | adminclient-10] WARN org.apache.kafka.clients.NetworkClient - [AdminClient clientId=adminclient-10] Connection to node -1 (localhost/127.0.0.1:9092) could not be established. Broker may not be available.
[kafka-admin-client-thread | adminclient-4] INFO org.apache.kafka.clients.NetworkClient - [AdminClient clientId=adminclient-4] Node -1 disconnected.
[kafka-admin-client-thread | adminclient-4] WARN org.apache.kafka.clients.NetworkClient - [AdminClient clientId=adminclient-4] Connection to node -1 (localhost/127.0.0.1:9092) could not be established. Broker may not be available.
[kafka-admin-client-thread | adminclient-7] INFO org.apache.kafka.clients.NetworkClient - [AdminClient clientId=adminclient-7] Node -1 disconnected.
[kafka-admin-client-thread | adminclient-7] WARN org.apache.kafka.clients.NetworkClient - [AdminClient clientId=adminclient-7] Connection to node -1 (localhost/127.0.0.1:9092) could not be established. Broker may not be available.
[kafka-admin-client-thread | adminclient-2] INFO org.apache.kafka.clients.NetworkClient - [AdminClient clientId=adminclient-2] Node -1 disconnected.
[kafka-admin-client-thread | adminclient-2] WARN org.apache.kafka.clients.NetworkClient - [AdminClient clientId=adminclient-2] Connection to node -1 (localhost/127.0.0.1:9092) could not be established. Broker may not be available.
[kafka-admin-client-thread | adminclient-8] INFO org.apache.kafka.clients.NetworkClient - [AdminClient clientId=adminclient-8] Node -1 disconnected.
[kafka-admin-client-thread | adminclient-8] WARN org.apache.kafka.clients.NetworkClient - [AdminClient clientId=adminclient-8] Connection to node -1 (localhost/127.0.0.1:9092) could not be established. Broker may not be available.
[kafka-admin-client-thread | adminclient-1] INFO org.apache.kafka.clients.NetworkClient - [AdminClient clientId=adminclient-1] Node -1 disconnected.
[kafka-admin-client-thread | adminclient-3] INFO org.apache.kafka.clients.NetworkClient - [AdminClient clientId=adminclient-3] Node -1 disconnected.
[kafka-admin-client-thread | adminclient-1] WARN org.apache.kafka.clients.NetworkClient - [AdminClient clientId=adminclient-1] Connection to node -1 (localhost/127.0.0.1:9092) could not be established. Broker may not be available.
[kafka-admin-client-thread | adminclient-3] WARN org.apache.kafka.clients.NetworkClient - [AdminClient clientId=adminclient-3] Connection to node -1 (localhost/127.0.0.1:9092) could not be established. Broker may not be available.
[kafka-admin-client-thread | adminclient-9] INFO org.apache.kafka.clients.NetworkClient - [AdminClient clientId=adminclient-9] Node -1 disconnected.
[kafka-admin-client-thread | adminclient-9] WARN org.apache.kafka.clients.NetworkClient - [AdminClient clientId=adminclient-9] Connection to node -1 (localhost/127.0.0.1:9092) could not be established. Broker may not be available.
[kafka-admin-client-thread | adminclient-10] INFO org.apache.kafka.clients.NetworkClient - [AdminClient clientId=adminclient-10] Node -1 disconnected.
[kafka-admin-client-thread | adminclient-10] WARN org.apache.kafka.clients.NetworkClient - [AdminClient clientId=adminclient-10] Connection to node -1 (localhost/127.0.0.1:9092) could not be established. Broker may not be available.
[kafka-admin-client-thread | adminclient-4] INFO org.apache.kafka.clients.NetworkClient - [AdminClient clientId=adminclient-4] Node -1 disconnected.
[kafka-admin-client-thread | adminclient-4] WARN org.apache.kafka.clients.NetworkClient - [AdminClient clientId=adminclient-4] Connection to node -1 (localhost/127.0.0.1:9092) could not be established. Broker may not be available.
[kafka-admin-client-thread | adminclient-7] INFO org.apache.kafka.clients.NetworkClient - [AdminClient clientId=adminclient-7] Node -1 disconnected.
[kafka-admin-client-thread | adminclient-7] WARN org.apache.kafka.clients.NetworkClient - [AdminClient clientId=adminclient-7] Connection to node -1 (localhost/127.0.0.1:9092) could not be established. Broker may not be available.
[kafka-admin-client-thread | adminclient-8] INFO org.apache.kafka.clients.NetworkClient - [AdminClient clientId=adminclient-8] Node -1 disconnected.
[kafka-admin-client-thread | adminclient-8] WARN org.apache.kafka.clients.NetworkClient - [AdminClient clientId=adminclient-8] Connection to node -1 (localhost/127.0.0.1:9092) could not be established. Broker may not be available.
[kafka-admin-client-thread | adminclient-2] INFO org.apache.kafka.clients.NetworkClient - [AdminClient clientId=adminclient-2] Node -1 disconnected.
[kafka-admin-client-thread | adminclient-2] WARN org.apache.kafka.clients.NetworkClient - [AdminClient clientId=adminclient-2] Connection to node -1 (localhost/127.0.0.1:9092) could not be established. Broker may not be available.
[kafka-admin-client-thread | adminclient-9] INFO org.apache.kafka.clients.NetworkClient - [AdminClient clientId=adminclient-9] Node -1 disconnected.
[kafka-admin-client-thread | adminclient-9] WARN org.apache.kafka.clients.NetworkClient - [AdminClient clientId=adminclient-9] Connection to node -1 (localhost/127.0.0.1:9092) could not be established. Broker may not be available.
[kafka-admin-client-thread | adminclient-1] INFO org.apache.kafka.clients.NetworkClient - [AdminClient clientId=adminclient-1] Node -1 disconnected.
[kafka-admin-client-thread | adminclient-1] WARN org.apache.kafka.clients.NetworkClient - [AdminClient clientId=adminclient-1] Connection to node -1 (localhost/127.0.0.1:9092) could not be established. Broker may not be available.
[kafka-admin-client-thread | adminclient-3] INFO org.apache.kafka.clients.NetworkClient - [AdminClient clientId=adminclient-3] Node -1 disconnected.
[kafka-admin-client-thread | adminclient-3] WARN org.apache.kafka.clients.NetworkClient - [AdminClient clientId=adminclient-3] Connection to node -1 (localhost/127.0.0.1:9092) could not be established. Broker may not be available.
[kafka-admin-client-thread | adminclient-10] INFO org.apache.kafka.clients.NetworkClient - [AdminClient clientId=adminclient-10] Node -1 disconnected.
[kafka-admin-client-thread | adminclient-10] WARN org.apache.kafka.clients.NetworkClient - [AdminClient clientId=adminclient-10] Connection to node -1 (localhost/127.0.0.1:9092) could not be established. Broker may not be available.
[kafka-admin-client-thread | adminclient-7] INFO org.apache.kafka.clients.NetworkClient - [AdminClient clientId=adminclient-7] Node -1 disconnected.
[kafka-admin-client-thread | adminclient-7] WARN org.apache.kafka.clients.NetworkClient - [AdminClient clientId=adminclient-7] Connection to node -1 (localhost/127.0.0.1:9092) could not be established. Broker may not be available.
[kafka-admin-client-thread | adminclient-4] INFO org.apache.kafka.clients.NetworkClient - [AdminClient clientId=adminclient-4] Node -1 disconnected.
[kafka-admin-client-thread | adminclient-4] WARN org.apache.kafka.clients.NetworkClient - [AdminClient clientId=adminclient-4] Connection to node -1 (localhost/127.0.0.1:9092) could not be established. Broker may not be available.
[kafka-admin-client-thread | adminclient-8] INFO org.apache.kafka.clients.NetworkClient - [AdminClient clientId=adminclient-8] Node -1 disconnected.
[kafka-admin-client-thread | adminclient-8] WARN org.apache.kafka.clients.NetworkClient - [AdminClient clientId=adminclient-8] Connection to node -1 (localhost/127.0.0.1:9092) could not be established. Broker may not be available.
[kafka-admin-client-thread | adminclient-2] INFO org.apache.kafka.clients.NetworkClient - [AdminClient clientId=adminclient-2] Node -1 disconnected.
[kafka-admin-client-thread | adminclient-2] WARN org.apache.kafka.clients.NetworkClient - [AdminClient clientId=adminclient-2] Connection to node -1 (localhost/127.0.0.1:9092) could not be established. Broker may not be available.
[kafka-admin-client-thread | adminclient-1] INFO org.apache.kafka.clients.NetworkClient - [AdminClient clientId=adminclient-1] Node -1 disconnected.
[kafka-admin-client-thread | adminclient-1] WARN org.apache.kafka.clients.NetworkClient - [AdminClient clientId=adminclient-1] Connection to node -1 (localhost/127.0.0.1:9092) could not be established. Broker may not be available.
[kafka-admin-client-thread | adminclient-9] INFO org.apache.kafka.clients.NetworkClient - [AdminClient clientId=adminclient-9] Node -1 disconnected.
[kafka-admin-client-thread | adminclient-3] INFO org.apache.kafka.clients.NetworkClient - [AdminClient clientId=adminclient-3] Node -1 disconnected.
[kafka-admin-client-thread | adminclient-9] WARN org.apache.kafka.clients.NetworkClient - [AdminClient clientId=adminclient-9] Connection to node -1 (localhost/127.0.0.1:9092) could not be established. Broker may not be available.
[kafka-admin-client-thread | adminclient-3] WARN org.apache.kafka.clients.NetworkClient - [AdminClient clientId=adminclient-3] Connection to node -1 (localhost/127.0.0.1:9092) could not be established. Broker may not be available.
[kafka-admin-client-thread | adminclient-10] INFO org.apache.kafka.clients.NetworkClient - [AdminClient clientId=adminclient-10] Node -1 disconnected.
[kafka-admin-client-thread | adminclient-4] INFO org.apache.kafka.clients.NetworkClient - [AdminClient clientId=adminclient-4] Node -1 disconnected.
[kafka-admin-client-thread | adminclient-10] WARN org.apache.kafka.clients.NetworkClient - [AdminClient clientId=adminclient-10] Connection to node -1 (localhost/127.0.0.1:9092) could not be established. Broker may not be available.
[kafka-admin-client-thread | adminclient-4] WARN org.apache.kafka.clients.NetworkClient - [AdminClient clientId=adminclient-4] Connection to node -1 (localhost/127.0.0.1:9092) could not be established. Broker may not be available.
[kafka-admin-client-thread | adminclient-7] INFO org.apache.kafka.clients.NetworkClient - [AdminClient clientId=adminclient-7] Node -1 disconnected.
[kafka-admin-client-thread | adminclient-7] WARN org.apache.kafka.clients.NetworkClient - [AdminClient clientId=adminclient-7] Connection to node -1 (localhost/127.0.0.1:9092) could not be established. Broker may not be available.
[kafka-admin-client-thread | adminclient-8] INFO org.apache.kafka.clients.NetworkClient - [AdminClient clientId=adminclient-8] Node -1 disconnected.
[kafka-admin-client-thread | adminclient-8] WARN org.apache.kafka.clients.NetworkClient - [AdminClient clientId=adminclient-8] Connection to node -1 (localhost/127.0.0.1:9092) could not be established. Broker may not be available.
[kafka-admin-client-thread | adminclient-2] INFO org.apache.kafka.clients.NetworkClient - [AdminClient clientId=adminclient-2] Node -1 disconnected.
[kafka-admin-client-thread | adminclient-2] WARN org.apache.kafka.clients.NetworkClient - [AdminClient clientId=adminclient-2] Connection to node -1 (localhost/127.0.0.1:9092) could not be established. Broker may not be available.
[kafka-admin-client-thread | adminclient-9] INFO org.apache.kafka.clients.NetworkClient - [AdminClient clientId=adminclient-9] Node -1 disconnected.
[kafka-admin-client-thread | adminclient-9] WARN org.apache.kafka.clients.NetworkClient - [AdminClient clientId=adminclient-9] Connection to node -1 (localhost/127.0.0.1:9092) could not be established. Broker may not be available.
[kafka-admin-client-thread | adminclient-3] INFO org.apache.kafka.clients.NetworkClient - [AdminClient clientId=adminclient-3] Node -1 disconnected.
[kafka-admin-client-thread | adminclient-3] WARN org.apache.kafka.clients.NetworkClient - [AdminClient clientId=adminclient-3] Connection to node -1 (localhost/127.0.0.1:9092) could not be established. Broker may not be available.
[kafka-admin-client-thread | adminclient-1] INFO org.apache.kafka.clients.NetworkClient - [AdminClient clientId=adminclient-1] Node -1 disconnected.
[kafka-admin-client-thread | adminclient-1] WARN org.apache.kafka.clients.NetworkClient - [AdminClient clientId=adminclient-1] Connection to node -1 (localhost/127.0.0.1:9092) could not be established. Broker may not be available.
[kafka-admin-client-thread | adminclient-7] INFO org.apache.kafka.clients.NetworkClient - [AdminClient clientId=adminclient-7] Node -1 disconnected.
[kafka-admin-client-thread | adminclient-7] WARN org.apache.kafka.clients.NetworkClient - [AdminClient clientId=adminclient-7] Connection to node -1 (localhost/127.0.0.1:9092) could not be established. Broker may not be available.
[kafka-admin-client-thread | adminclient-4] INFO org.apache.kafka.clients.NetworkClient - [AdminClient clientId=adminclient-4] Node -1 disconnected.
[kafka-admin-client-thread | adminclient-10] INFO org.apache.kafka.clients.NetworkClient - [AdminClient clientId=adminclient-10] Node -1 disconnected.
[kafka-admin-client-thread | adminclient-4] WARN org.apache.kafka.clients.NetworkClient - [AdminClient clientId=adminclient-4] Connection to node -1 (localhost/127.0.0.1:9092) could not be established. Broker may not be available.
[kafka-admin-client-thread | adminclient-10] WARN org.apache.kafka.clients.NetworkClient - [AdminClient clientId=adminclient-10] Connection to node -1 (localhost/127.0.0.1:9092) could not be established. Broker may not be available.
[kafka-admin-client-thread | adminclient-8] INFO org.apache.kafka.clients.NetworkClient - [AdminClient clientId=adminclient-8] Node -1 disconnected.
[kafka-admin-client-thread | adminclient-8] WARN org.apache.kafka.clients.NetworkClient - [AdminClient clientId=adminclient-8] Connection to node -1 (localhost/127.0.0.1:9092) could not be established. Broker may not be available.
[kafka-admin-client-thread | adminclient-2] INFO org.apache.kafka.clients.NetworkClient - [AdminClient clientId=adminclient-2] Node -1 disconnected.
[kafka-admin-client-thread | adminclient-2] WARN org.apache.kafka.clients.NetworkClient - [AdminClient clientId=adminclient-2] Connection to node -1 (localhost/127.0.0.1:9092) could not be established. Broker may not be available.
[kafka-admin-client-thread | adminclient-9] INFO org.apache.kafka.clients.NetworkClient - [AdminClient clientId=adminclient-9] Node -1 disconnected.
[kafka-admin-client-thread | adminclient-9] WARN org.apache.kafka.clients.NetworkClient - [AdminClient clientId=adminclient-9] Connection to node -1 (localhost/127.0.0.1:9092) could not be established. Broker may not be available.
[kafka-admin-client-thread | adminclient-3] INFO org.apache.kafka.clients.NetworkClient - [AdminClient clientId=adminclient-3] Node -1 disconnected.
[kafka-admin-client-thread | adminclient-3] WARN org.apache.kafka.clients.NetworkClient - [AdminClient clientId=adminclient-3] Connection to node -1 (localhost/127.0.0.1:9092) could not be established. Broker may not be available.
[kafka-admin-client-thread | adminclient-1] INFO org.apache.kafka.clients.NetworkClient - [AdminClient clientId=adminclient-1] Node -1 disconnected.
[kafka-admin-client-thread | adminclient-1] WARN org.apache.kafka.clients.NetworkClient - [AdminClient clientId=adminclient-1] Connection to node -1 (localhost/127.0.0.1:9092) could not be established. Broker may not be available.
[kafka-admin-client-thread | adminclient-7] INFO org.apache.kafka.clients.NetworkClient - [AdminClient clientId=adminclient-7] Node -1 disconnected.
[kafka-admin-client-thread | adminclient-7] WARN org.apache.kafka.clients.NetworkClient - [AdminClient clientId=adminclient-7] Connection to node -1 (localhost/127.0.0.1:9092) could not be established. Broker may not be available.
[kafka-admin-client-thread | adminclient-4] INFO org.apache.kafka.clients.NetworkClient - [AdminClient clientId=adminclient-4] Node -1 disconnected.
[kafka-admin-client-thread | adminclient-4] WARN org.apache.kafka.clients.NetworkClient - [AdminClient clientId=adminclient-4] Connection to node -1 (localhost/127.0.0.1:9092) could not be established. Broker may not be available.
[kafka-admin-client-thread | adminclient-10] INFO org.apache.kafka.clients.NetworkClient - [AdminClient clientId=adminclient-10] Node -1 disconnected.
[kafka-admin-client-thread | adminclient-10] WARN org.apache.kafka.clients.NetworkClient - [AdminClient clientId=adminclient-10] Connection to node -1 (localhost/127.0.0.1:9092) could not be established. Broker may not be available.
[kafka-admin-client-thread | adminclient-8] INFO org.apache.kafka.clients.NetworkClient - [AdminClient clientId=adminclient-8] Node -1 disconnected.
[kafka-admin-client-thread | adminclient-2] INFO org.apache.kafka.clients.NetworkClient - [AdminClient clientId=adminclient-2] Node -1 disconnected.
[kafka-admin-client-thread | adminclient-8] WARN org.apache.kafka.clients.NetworkClient - [AdminClient clientId=adminclient-8] Connection to node -1 (localhost/127.0.0.1:9092) could not be established. Broker may not be available.
[kafka-admin-client-thread | adminclient-2] WARN org.apache.kafka.clients.NetworkClient - [AdminClient clientId=adminclient-2] Connection to node -1 (localhost/127.0.0.1:9092) could not be established. Broker may not be available.
[kafka-admin-client-thread | adminclient-3] INFO org.apache.kafka.clients.NetworkClient - [AdminClient clientId=adminclient-3] Node -1 disconnected.
[kafka-admin-client-thread | adminclient-3] WARN org.apache.kafka.clients.NetworkClient - [AdminClient clientId=adminclient-3] Connection to node -1 (localhost/127.0.0.1:9092) could not be established. Broker may not be available.
[kafka-admin-client-thread | adminclient-9] INFO org.apache.kafka.clients.NetworkClient - [AdminClient clientId=adminclient-9] Node -1 disconnected.
[kafka-admin-client-thread | adminclient-9] WARN org.apache.kafka.clients.NetworkClient - [AdminClient clientId=adminclient-9] Connection to node -1 (localhost/127.0.0.1:9092) could not be established. Broker may not be available.
[kafka-admin-client-thread | adminclient-1] INFO org.apache.kafka.clients.NetworkClient - [AdminClient clientId=adminclient-1] Node -1 disconnected.
[kafka-admin-client-thread | adminclient-1] WARN org.apache.kafka.clients.NetworkClient - [AdminClient clientId=adminclient-1] Connection to node -1 (localhost/127.0.0.1:9092) could not be established. Broker may not be available.
[kafka-admin-client-thread | adminclient-7] INFO org.apache.kafka.clients.NetworkClient - [AdminClient clientId=adminclient-7] Node -1 disconnected.
[kafka-admin-client-thread | adminclient-7] WARN org.apache.kafka.clients.NetworkClient - [AdminClient clientId=adminclient-7] Connection to node -1 (localhost/127.0.0.1:9092) could not be established. Broker may not be available.
[kafka-admin-client-thread | adminclient-10] INFO org.apache.kafka.clients.NetworkClient - [AdminClient clientId=adminclient-10] Node -1 disconnected.
[kafka-admin-client-thread | adminclient-10] WARN org.apache.kafka.clients.NetworkClient - [AdminClient clientId=adminclient-10] Connection to node -1 (localhost/127.0.0.1:9092) could not be established. Broker may not be available.
[kafka-admin-client-thread | adminclient-2] INFO org.apache.kafka.clients.NetworkClient - [AdminClient clientId=adminclient-2] Node -1 disconnected.
[kafka-admin-client-thread | adminclient-2] WARN org.apache.kafka.clients.NetworkClient - [AdminClient clientId=adminclient-2] Connection to node -1 (localhost/127.0.0.1:9092) could not be established. Broker may not be available.
[kafka-admin-client-thread | adminclient-4] INFO org.apache.kafka.clients.NetworkClient - [AdminClient clientId=adminclient-4] Node -1 disconnected.
[kafka-admin-client-thread | adminclient-4] WARN org.apache.kafka.clients.NetworkClient - [AdminClient clientId=adminclient-4] Connection to node -1 (localhost/127.0.0.1:9092) could not be established. Broker may not be available.
[kafka-admin-client-thread | adminclient-8] INFO org.apache.kafka.clients.NetworkClient - [AdminClient clientId=adminclient-8] Node -1 disconnected.
[kafka-admin-client-thread | adminclient-8] WARN org.apache.kafka.clients.NetworkClient - [AdminClient clientId=adminclient-8] Connection to node -1 (localhost/127.0.0.1:9092) could not be established. Broker may not be available.
[kafka-admin-client-thread | adminclient-9] INFO org.apache.kafka.clients.NetworkClient - [AdminClient clientId=adminclient-9] Node -1 disconnected.
[kafka-admin-client-thread | adminclient-9] WARN org.apache.kafka.clients.NetworkClient - [AdminClient clientId=adminclient-9] Connection to node -1 (localhost/127.0.0.1:9092) could not be established. Broker may not be available.
[kafka-admin-client-thread | adminclient-3] INFO org.apache.kafka.clients.NetworkClient - [AdminClient clientId=adminclient-3] Node -1 disconnected.
[kafka-admin-client-thread | adminclient-3] WARN org.apache.kafka.clients.NetworkClient - [AdminClient clientId=adminclient-3] Connection to node -1 (localhost/127.0.0.1:9092) could not be established. Broker may not be available.
[kafka-admin-client-thread | adminclient-1] INFO org.apache.kafka.clients.NetworkClient - [AdminClient clientId=adminclient-1] Node -1 disconnected.
[kafka-admin-client-thread | adminclient-1] WARN org.apache.kafka.clients.NetworkClient - [AdminClient clientId=adminclient-1] Connection to node -1 (localhost/127.0.0.1:9092) could not be established. Broker may not be available.
[kafka-admin-client-thread | adminclient-7] INFO org.apache.kafka.clients.NetworkClient - [AdminClient clientId=adminclient-7] Node -1 disconnected.
[kafka-admin-client-thread | adminclient-7] WARN org.apache.kafka.clients.NetworkClient - [AdminClient clientId=adminclient-7] Connection to node -1 (localhost/127.0.0.1:9092) could not be established. Broker may not be available.
[kafka-admin-client-thread | adminclient-10] INFO org.apache.kafka.clients.NetworkClient - [AdminClient clientId=adminclient-10] Node -1 disconnected.
[kafka-admin-client-thread | adminclient-10] WARN org.apache.kafka.clients.NetworkClient - [AdminClient clientId=adminclient-10] Connection to node -1 (localhost/127.0.0.1:9092) could not be established. Broker may not be available.
[kafka-admin-client-thread | adminclient-2] INFO org.apache.kafka.clients.NetworkClient - [AdminClient clientId=adminclient-2] Node -1 disconnected.
[kafka-admin-client-thread | adminclient-4] INFO org.apache.kafka.clients.NetworkClient - [AdminClient clientId=adminclient-4] Node -1 disconnected.
[kafka-admin-client-thread | adminclient-4] WARN org.apache.kafka.clients.NetworkClient - [AdminClient clientId=adminclient-4] Connection to node -1 (localhost/127.0.0.1:9092) could not be established. Broker may not be available.
[kafka-admin-client-thread | adminclient-2] WARN org.apache.kafka.clients.NetworkClient - [AdminClient clientId=adminclient-2] Connection to node -1 (localhost/127.0.0.1:9092) could not be established. Broker may not be available.
[kafka-admin-client-thread | adminclient-8] INFO org.apache.kafka.clients.NetworkClient - [AdminClient clientId=adminclient-8] Node -1 disconnected.
[kafka-admin-client-thread | adminclient-8] WARN org.apache.kafka.clients.NetworkClient - [AdminClient clientId=adminclient-8] Connection to node -1 (localhost/127.0.0.1:9092) could not be established. Broker may not be available.
[kafka-admin-client-thread | adminclient-9] INFO org.apache.kafka.clients.NetworkClient - [AdminClient clientId=adminclient-9] Node -1 disconnected.
[kafka-admin-client-thread | adminclient-9] WARN org.apache.kafka.clients.NetworkClient - [AdminClient clientId=adminclient-9] Connection to node -1 (localhost/127.0.0.1:9092) could not be established. Broker may not be available.
[kafka-admin-client-thread | adminclient-3] INFO org.apache.kafka.clients.NetworkClient - [AdminClient clientId=adminclient-3] Node -1 disconnected.
[kafka-admin-client-thread | adminclient-3] WARN org.apache.kafka.clients.NetworkClient - [AdminClient clientId=adminclient-3] Connection to node -1 (localhost/127.0.0.1:9092) could not be established. Broker may not be available.
[kafka-admin-client-thread | adminclient-1] INFO org.apache.kafka.clients.NetworkClient - [AdminClient clientId=adminclient-1] Node -1 disconnected.
[kafka-admin-client-thread | adminclient-1] WARN org.apache.kafka.clients.NetworkClient - [AdminClient clientId=adminclient-1] Connection to node -1 (localhost/127.0.0.1:9092) could not be established. Broker may not be available.
[kafka-admin-client-thread | adminclient-10] INFO org.apache.kafka.clients.NetworkClient - [AdminClient clientId=adminclient-10] Node -1 disconnected.
[kafka-admin-client-thread | adminclient-10] WARN org.apache.kafka.clients.NetworkClient - [AdminClient clientId=adminclient-10] Connection to node -1 (localhost/127.0.0.1:9092) could not be established. Broker may not be available.
[kafka-admin-client-thread | adminclient-4] INFO org.apache.kafka.clients.NetworkClient - [AdminClient clientId=adminclient-4] Node -1 disconnected.
[kafka-admin-client-thread | adminclient-4] WARN org.apache.kafka.clients.NetworkClient - [AdminClient clientId=adminclient-4] Connection to node -1 (localhost/127.0.0.1:9092) could not be established. Broker may not be available.
[kafka-admin-client-thread | adminclient-7] INFO org.apache.kafka.clients.NetworkClient - [AdminClient clientId=adminclient-7] Node -1 disconnected.
[kafka-admin-client-thread | adminclient-7] WARN org.apache.kafka.clients.NetworkClient - [AdminClient clientId=adminclient-7] Connection to node -1 (localhost/127.0.0.1:9092) could not be established. Broker may not be available.
[kafka-admin-client-thread | adminclient-2] INFO org.apache.kafka.clients.NetworkClient - [AdminClient clientId=adminclient-2] Node -1 disconnected.
[kafka-admin-client-thread | adminclient-2] WARN org.apache.kafka.clients.NetworkClient - [AdminClient clientId=adminclient-2] Connection to node -1 (localhost/127.0.0.1:9092) could not be established. Broker may not be available.
[kafka-admin-client-thread | adminclient-9] INFO org.apache.kafka.clients.NetworkClient - [AdminClient clientId=adminclient-9] Node -1 disconnected.
[kafka-admin-client-thread | adminclient-8] INFO org.apache.kafka.clients.NetworkClient - [AdminClient clientId=adminclient-8] Node -1 disconnected.
[kafka-admin-client-thread | adminclient-9] WARN org.apache.kafka.clients.NetworkClient - [AdminClient clientId=adminclient-9] Connection to node -1 (localhost/127.0.0.1:9092) could not be established. Broker may not be available.
[kafka-admin-client-thread | adminclient-8] WARN org.apache.kafka.clients.NetworkClient - [AdminClient clientId=adminclient-8] Connection to node -1 (localhost/127.0.0.1:9092) could not be established. Broker may not be available.
[kafka-admin-client-thread | adminclient-3] INFO org.apache.kafka.clients.NetworkClient - [AdminClient clientId=adminclient-3] Node -1 disconnected.
[kafka-admin-client-thread | adminclient-3] WARN org.apache.kafka.clients.NetworkClient - [AdminClient clientId=adminclient-3] Connection to node -1 (localhost/127.0.0.1:9092) could not be established. Broker may not be available.
[kafka-admin-client-thread | adminclient-1] INFO org.apache.kafka.clients.NetworkClient - [AdminClient clientId=adminclient-1] Node -1 disconnected.
[kafka-admin-client-thread | adminclient-1] WARN org.apache.kafka.clients.NetworkClient - [AdminClient clientId=adminclient-1] Connection to node -1 (localhost/127.0.0.1:9092) could not be established. Broker may not be available.
[kafka-admin-client-thread | adminclient-4] INFO org.apache.kafka.clients.NetworkClient - [AdminClient clientId=adminclient-4] Node -1 disconnected.
[kafka-admin-client-thread | adminclient-4] WARN org.apache.kafka.clients.NetworkClient - [AdminClient clientId=adminclient-4] Connection to node -1 (localhost/127.0.0.1:9092) could not be established. Broker may not be available.
[kafka-admin-client-thread | adminclient-7] INFO org.apache.kafka.clients.NetworkClient - [AdminClient clientId=adminclient-7] Node -1 disconnected.
[kafka-admin-client-thread | adminclient-7] WARN org.apache.kafka.clients.NetworkClient - [AdminClient clientId=adminclient-7] Connection to node -1 (localhost/127.0.0.1:9092) could not be established. Broker may not be available.
[kafka-admin-client-thread | adminclient-10] INFO org.apache.kafka.clients.NetworkClient - [AdminClient clientId=adminclient-10] Node -1 disconnected.
[kafka-admin-client-thread | adminclient-10] WARN org.apache.kafka.clients.NetworkClient - [AdminClient clientId=adminclient-10] Connection to node -1 (localhost/127.0.0.1:9092) could not be established. Broker may not be available.
[kafka-admin-client-thread | adminclient-2] INFO org.apache.kafka.clients.NetworkClient - [AdminClient clientId=adminclient-2] Node -1 disconnected.
[kafka-admin-client-thread | adminclient-2] WARN org.apache.kafka.clients.NetworkClient - [AdminClient clientId=adminclient-2] Connection to node -1 (localhost/127.0.0.1:9092) could not be established. Broker may not be available.
[kafka-admin-client-thread | adminclient-8] INFO org.apache.kafka.clients.NetworkClient - [AdminClient clientId=adminclient-8] Node -1 disconnected.
[kafka-admin-client-thread | adminclient-8] WARN org.apache.kafka.clients.NetworkClient - [AdminClient clientId=adminclient-8] Connection to node -1 (localhost/127.0.0.1:9092) could not be established. Broker may not be available.
[kafka-admin-client-thread | adminclient-9] INFO org.apache.kafka.clients.NetworkClient - [AdminClient clientId=adminclient-9] Node -1 disconnected.
[kafka-admin-client-thread | adminclient-9] WARN org.apache.kafka.clients.NetworkClient - [AdminClient clientId=adminclient-9] Connection to node -1 (localhost/127.0.0.1:9092) could not be established. Broker may not be available.
[kafka-admin-client-thread | adminclient-1] INFO org.apache.kafka.clients.NetworkClient - [AdminClient clientId=adminclient-1] Node -1 disconnected.
[kafka-admin-client-thread | adminclient-1] WARN org.apache.kafka.clients.NetworkClient - [AdminClient clientId=adminclient-1] Connection to node -1 (localhost/127.0.0.1:9092) could not be established. Broker may not be available.
[kafka-admin-client-thread | adminclient-3] INFO org.apache.kafka.clients.NetworkClient - [AdminClient clientId=adminclient-3] Node -1 disconnected.
[kafka-admin-client-thread | adminclient-3] WARN org.apache.kafka.clients.NetworkClient - [AdminClient clientId=adminclient-3] Connection to node -1 (localhost/127.0.0.1:9092) could not be established. Broker may not be available.
[kafka-admin-client-thread | adminclient-7] INFO org.apache.kafka.clients.NetworkClient - [AdminClient clientId=adminclient-7] Node -1 disconnected.
[kafka-admin-client-thread | adminclient-7] WARN org.apache.kafka.clients.NetworkClient - [AdminClient clientId=adminclient-7] Connection to node -1 (localhost/127.0.0.1:9092) could not be established. Broker may not be available.
[kafka-admin-client-thread | adminclient-10] INFO org.apache.kafka.clients.NetworkClient - [AdminClient clientId=adminclient-10] Node -1 disconnected.
[kafka-admin-client-thread | adminclient-10] WARN org.apache.kafka.clients.NetworkClient - [AdminClient clientId=adminclient-10] Connection to node -1 (localhost/127.0.0.1:9092) could not be established. Broker may not be available.
[kafka-admin-client-thread | adminclient-4] INFO org.apache.kafka.clients.NetworkClient - [AdminClient clientId=adminclient-4] Node -1 disconnected.
[kafka-admin-client-thread | adminclient-4] WARN org.apache.kafka.clients.NetworkClient - [AdminClient clientId=adminclient-4] Connection to node -1 (localhost/127.0.0.1:9092) could not be established. Broker may not be available.
[kafka-admin-client-thread | adminclient-2] INFO org.apache.kafka.clients.NetworkClient - [AdminClient clientId=adminclient-2] Node -1 disconnected.
[kafka-admin-client-thread | adminclient-2] WARN org.apache.kafka.clients.NetworkClient - [AdminClient clientId=adminclient-2] Connection to node -1 (localhost/127.0.0.1:9092) could not be established. Broker may not be available.
[kafka-admin-client-thread | adminclient-8] INFO org.apache.kafka.clients.NetworkClient - [AdminClient clientId=adminclient-8] Node -1 disconnected.
[kafka-admin-client-thread | adminclient-8] WARN org.apache.kafka.clients.NetworkClient - [AdminClient clientId=adminclient-8] Connection to node -1 (localhost/127.0.0.1:9092) could not be established. Broker may not be available.
[kafka-admin-client-thread | adminclient-9] INFO org.apache.kafka.clients.NetworkClient - [AdminClient clientId=adminclient-9] Node -1 disconnected.
[kafka-admin-client-thread | adminclient-9] WARN org.apache.kafka.clients.NetworkClient - [AdminClient clientId=adminclient-9] Connection to node -1 (localhost/127.0.0.1:9092) could not be established. Broker may not be available.
[kafka-admin-client-thread | adminclient-3] INFO org.apache.kafka.clients.NetworkClient - [AdminClient clientId=adminclient-3] Node -1 disconnected.
[kafka-admin-client-thread | adminclient-3] WARN org.apache.kafka.clients.NetworkClient - [AdminClient clientId=adminclient-3] Connection to node -1 (localhost/127.0.0.1:9092) could not be established. Broker may not be available.
[kafka-admin-client-thread | adminclient-1] INFO org.apache.kafka.clients.NetworkClient - [AdminClient clientId=adminclient-1] Node -1 disconnected.
[kafka-admin-client-thread | adminclient-1] WARN org.apache.kafka.clients.NetworkClient - [AdminClient clientId=adminclient-1] Connection to node -1 (localhost/127.0.0.1:9092) could not be established. Broker may not be available.
[kafka-admin-client-thread | adminclient-7] INFO org.apache.kafka.clients.NetworkClient - [AdminClient clientId=adminclient-7] Node -1 disconnected.
[kafka-admin-client-thread | adminclient-7] WARN org.apache.kafka.clients.NetworkClient - [AdminClient clientId=adminclient-7] Connection to node -1 (localhost/127.0.0.1:9092) could not be established. Broker may not be available.
[kafka-admin-client-thread | adminclient-10] INFO org.apache.kafka.clients.NetworkClient - [AdminClient clientId=adminclient-10] Node -1 disconnected.
[kafka-admin-client-thread | adminclient-10] WARN org.apache.kafka.clients.NetworkClient - [AdminClient clientId=adminclient-10] Connection to node -1 (localhost/127.0.0.1:9092) could not be established. Broker may not be available.
[kafka-admin-client-thread | adminclient-2] INFO org.apache.kafka.clients.NetworkClient - [AdminClient clientId=adminclient-2] Node -1 disconnected.
[kafka-admin-client-thread | adminclient-2] WARN org.apache.kafka.clients.NetworkClient - [AdminClient clientId=adminclient-2] Connection to node -1 (localhost/127.0.0.1:9092) could not be established. Broker may not be available.
[kafka-admin-client-thread | adminclient-4] INFO org.apache.kafka.clients.NetworkClient - [AdminClient clientId=adminclient-4] Node -1 disconnected.
[kafka-admin-client-thread | adminclient-4] WARN org.apache.kafka.clients.NetworkClient - [AdminClient clientId=adminclient-4] Connection to node -1 (localhost/127.0.0.1:9092) could not be established. Broker may not be available.
[kafka-admin-client-thread | adminclient-8] INFO org.apache.kafka.clients.NetworkClient - [AdminClient clientId=adminclient-8] Node -1 disconnected.
[kafka-admin-client-thread | adminclient-8] WARN org.apache.kafka.clients.NetworkClient - [AdminClient clientId=adminclient-8] Connection to node -1 (localhost/127.0.0.1:9092) could not be established. Broker may not be available.
[kafka-admin-client-thread | adminclient-9] INFO org.apache.kafka.clients.NetworkClient - [AdminClient clientId=adminclient-9] Node -1 disconnected.
[kafka-admin-client-thread | adminclient-9] WARN org.apache.kafka.clients.NetworkClient - [AdminClient clientId=adminclient-9] Connection to node -1 (localhost/127.0.0.1:9092) could not be established. Broker may not be available.
[kafka-admin-client-thread | adminclient-3] INFO org.apache.kafka.clients.NetworkClient - [AdminClient clientId=adminclient-3] Node -1 disconnected.
[kafka-admin-client-thread | adminclient-3] WARN org.apache.kafka.clients.NetworkClient - [AdminClient clientId=adminclient-3] Connection to node -1 (localhost/127.0.0.1:9092) could not be established. Broker may not be available.
[kafka-admin-client-thread | adminclient-1] INFO org.apache.kafka.clients.NetworkClient - [AdminClient clientId=adminclient-1] Node -1 disconnected.
[kafka-admin-client-thread | adminclient-1] WARN org.apache.kafka.clients.NetworkClient - [AdminClient clientId=adminclient-1] Connection to node -1 (localhost/127.0.0.1:9092) could not be established. Broker may not be available.
[kafka-admin-client-thread | adminclient-7] INFO org.apache.kafka.clients.NetworkClient - [AdminClient clientId=adminclient-7] Node -1 disconnected.
[kafka-admin-client-thread | adminclient-7] WARN org.apache.kafka.clients.NetworkClient - [AdminClient clientId=adminclient-7] Connection to node -1 (localhost/127.0.0.1:9092) could not be established. Broker may not be available.
[kafka-admin-client-thread | adminclient-10] INFO org.apache.kafka.clients.NetworkClient - [AdminClient clientId=adminclient-10] Node -1 disconnected.
[kafka-admin-client-thread | adminclient-10] WARN org.apache.kafka.clients.NetworkClient - [AdminClient clientId=adminclient-10] Connection to node -1 (localhost/127.0.0.1:9092) could not be established. Broker may not be available.
[kafka-admin-client-thread | adminclient-2] INFO org.apache.kafka.clients.NetworkClient - [AdminClient clientId=adminclient-2] Node -1 disconnected.
[kafka-admin-client-thread | adminclient-2] WARN org.apache.kafka.clients.NetworkClient - [AdminClient clientId=adminclient-2] Connection to node -1 (localhost/127.0.0.1:9092) could not be established. Broker may not be available.
[kafka-admin-client-thread | adminclient-8] INFO org.apache.kafka.clients.NetworkClient - [AdminClient clientId=adminclient-8] Node -1 disconnected.
[kafka-admin-client-thread | adminclient-8] WARN org.apache.kafka.clients.NetworkClient - [AdminClient clientId=adminclient-8] Connection to node -1 (localhost/127.0.0.1:9092) could not be established. Broker may not be available.
[kafka-admin-client-thread | adminclient-4] INFO org.apache.kafka.clients.NetworkClient - [AdminClient clientId=adminclient-4] Node -1 disconnected.
[kafka-admin-client-thread | adminclient-4] WARN org.apache.kafka.clients.NetworkClient - [AdminClient clientId=adminclient-4] Connection to node -1 (localhost/127.0.0.1:9092) could not be established. Broker may not be available.
[kafka-admin-client-thread | adminclient-9] INFO org.apache.kafka.clients.NetworkClient - [AdminClient clientId=adminclient-9] Node -1 disconnected.
[kafka-admin-client-thread | adminclient-9] WARN org.apache.kafka.clients.NetworkClient - [AdminClient clientId=adminclient-9] Connection to node -1 (localhost/127.0.0.1:9092) could not be established. Broker may not be available.
[kafka-admin-client-thread | adminclient-1] INFO org.apache.kafka.clients.NetworkClient - [AdminClient clientId=adminclient-1] Node -1 disconnected.
[kafka-admin-client-thread | adminclient-1] WARN org.apache.kafka.clients.NetworkClient - [AdminClient clientId=adminclient-1] Connection to node -1 (localhost/127.0.0.1:9092) could not be established. Broker may not be available.
[kafka-admin-client-thread | adminclient-7] INFO org.apache.kafka.clients.NetworkClient - [AdminClient clientId=adminclient-7] Node -1 disconnected.
[kafka-admin-client-thread | adminclient-3] INFO org.apache.kafka.clients.NetworkClient - [AdminClient clientId=adminclient-3] Node -1 disconnected.
[kafka-admin-client-thread | adminclient-7] WARN org.apache.kafka.clients.NetworkClient - [AdminClient clientId=adminclient-7] Connection to node -1 (localhost/127.0.0.1:9092) could not be established. Broker may not be available.
[kafka-admin-client-thread | adminclient-3] WARN org.apache.kafka.clients.NetworkClient - [AdminClient clientId=adminclient-3] Connection to node -1 (localhost/127.0.0.1:9092) could not be established. Broker may not be available.
[kafka-admin-client-thread | adminclient-2] INFO org.apache.kafka.clients.NetworkClient - [AdminClient clientId=adminclient-2] Node -1 disconnected.
[kafka-admin-client-thread | adminclient-2] WARN org.apache.kafka.clients.NetworkClient - [AdminClient clientId=adminclient-2] Connection to node -1 (localhost/127.0.0.1:9092) could not be established. Broker may not be available.
[kafka-admin-client-thread | adminclient-8] INFO org.apache.kafka.clients.NetworkClient - [AdminClient clientId=adminclient-8] Node -1 disconnected.
[kafka-admin-client-thread | adminclient-8] WARN org.apache.kafka.clients.NetworkClient - [AdminClient clientId=adminclient-8] Connection to node -1 (localhost/127.0.0.1:9092) could not be established. Broker may not be available.
[kafka-admin-client-thread | adminclient-10] INFO org.apache.kafka.clients.NetworkClient - [AdminClient clientId=adminclient-10] Node -1 disconnected.
[kafka-admin-client-thread | adminclient-10] WARN org.apache.kafka.clients.NetworkClient - [AdminClient clientId=adminclient-10] Connection to node -1 (localhost/127.0.0.1:9092) could not be established. Broker may not be available.
[kafka-admin-client-thread | adminclient-4] INFO org.apache.kafka.clients.NetworkClient - [AdminClient clientId=adminclient-4] Node -1 disconnected.
[kafka-admin-client-thread | adminclient-4] WARN org.apache.kafka.clients.NetworkClient - [AdminClient clientId=adminclient-4] Connection to node -1 (localhost/127.0.0.1:9092) could not be established. Broker may not be available.
[kafka-admin-client-thread | adminclient-9] INFO org.apache.kafka.clients.NetworkClient - [AdminClient clientId=adminclient-9] Node -1 disconnected.
[kafka-admin-client-thread | adminclient-9] WARN org.apache.kafka.clients.NetworkClient - [AdminClient clientId=adminclient-9] Connection to node -1 (localhost/127.0.0.1:9092) could not be established. Broker may not be available.
[kafka-admin-client-thread | adminclient-1] INFO org.apache.kafka.clients.NetworkClient - [AdminClient clientId=adminclient-1] Node -1 disconnected.
[kafka-admin-client-thread | adminclient-1] WARN org.apache.kafka.clients.NetworkClient - [AdminClient clientId=adminclient-1] Connection to node -1 (localhost/127.0.0.1:9092) could not be established. Broker may not be available.
[kafka-admin-client-thread | adminclient-7] INFO org.apache.kafka.clients.NetworkClient - [AdminClient clientId=adminclient-7] Node -1 disconnected.
[kafka-admin-client-thread | adminclient-7] WARN org.apache.kafka.clients.NetworkClient - [AdminClient clientId=adminclient-7] Connection to node -1 (localhost/127.0.0.1:9092) could not be established. Broker may not be available.
[kafka-admin-client-thread | adminclient-3] INFO org.apache.kafka.clients.NetworkClient - [AdminClient clientId=adminclient-3] Node -1 disconnected.
[kafka-admin-client-thread | adminclient-8] INFO org.apache.kafka.clients.NetworkClient - [AdminClient clientId=adminclient-8] Node -1 disconnected.
[kafka-admin-client-thread | adminclient-3] WARN org.apache.kafka.clients.NetworkClient - [AdminClient clientId=adminclient-3] Connection to node -1 (localhost/127.0.0.1:9092) could not be established. Broker may not be available.
[kafka-admin-client-thread | adminclient-8] WARN org.apache.kafka.clients.NetworkClient - [AdminClient clientId=adminclient-8] Connection to node -1 (localhost/127.0.0.1:9092) could not be established. Broker may not be available.
[kafka-admin-client-thread | adminclient-10] INFO org.apache.kafka.clients.NetworkClient - [AdminClient clientId=adminclient-10] Node -1 disconnected.
[kafka-admin-client-thread | adminclient-10] WARN org.apache.kafka.clients.NetworkClient - [AdminClient clientId=adminclient-10] Connection to node -1 (localhost/127.0.0.1:9092) could not be established. Broker may not be available.
[kafka-admin-client-thread | adminclient-2] INFO org.apache.kafka.clients.NetworkClient - [AdminClient clientId=adminclient-2] Node -1 disconnected.
[kafka-admin-client-thread | adminclient-2] WARN org.apache.kafka.clients.NetworkClient - [AdminClient clientId=adminclient-2] Connection to node -1 (localhost/127.0.0.1:9092) could not be established. Broker may not be available.
[kafka-admin-client-thread | adminclient-4] INFO org.apache.kafka.clients.NetworkClient - [AdminClient clientId=adminclient-4] Node -1 disconnected.
[kafka-admin-client-thread | adminclient-4] WARN org.apache.kafka.clients.NetworkClient - [AdminClient clientId=adminclient-4] Connection to node -1 (localhost/127.0.0.1:9092) could not be established. Broker may not be available.
[kafka-admin-client-thread | adminclient-9] INFO org.apache.kafka.clients.NetworkClient - [AdminClient clientId=adminclient-9] Node -1 disconnected.
[kafka-admin-client-thread | adminclient-9] WARN org.apache.kafka.clients.NetworkClient - [AdminClient clientId=adminclient-9] Connection to node -1 (localhost/127.0.0.1:9092) could not be established. Broker may not be available.
[kafka-admin-client-thread | adminclient-1] INFO org.apache.kafka.clients.NetworkClient - [AdminClient clientId=adminclient-1] Node -1 disconnected.
[kafka-admin-client-thread | adminclient-1] WARN org.apache.kafka.clients.NetworkClient - [AdminClient clientId=adminclient-1] Connection to node -1 (localhost/127.0.0.1:9092) could not be established. Broker may not be available.
[kafka-admin-client-thread | adminclient-7] INFO org.apache.kafka.clients.NetworkClient - [AdminClient clientId=adminclient-7] Node -1 disconnected.
[kafka-admin-client-thread | adminclient-7] WARN org.apache.kafka.clients.NetworkClient - [AdminClient clientId=adminclient-7] Connection to node -1 (localhost/127.0.0.1:9092) could not be established. Broker may not be available.
[kafka-admin-client-thread | adminclient-10] INFO org.apache.kafka.clients.NetworkClient - [AdminClient clientId=adminclient-10] Node -1 disconnected.
[kafka-admin-client-thread | adminclient-8] INFO org.apache.kafka.clients.NetworkClient - [AdminClient clientId=adminclient-8] Node -1 disconnected.
[kafka-admin-client-thread | adminclient-10] WARN org.apache.kafka.clients.NetworkClient - [AdminClient clientId=adminclient-10] Connection to node -1 (localhost/127.0.0.1:9092) could not be established. Broker may not be available.
[kafka-admin-client-thread | adminclient-8] WARN org.apache.kafka.clients.NetworkClient - [AdminClient clientId=adminclient-8] Connection to node -1 (localhost/127.0.0.1:9092) could not be established. Broker may not be available.
[kafka-admin-client-thread | adminclient-3] INFO org.apache.kafka.clients.NetworkClient - [AdminClient clientId=adminclient-3] Node -1 disconnected.
[kafka-admin-client-thread | adminclient-3] WARN org.apache.kafka.clients.NetworkClient - [AdminClient clientId=adminclient-3] Connection to node -1 (localhost/127.0.0.1:9092) could not be established. Broker may not be available.
[kafka-admin-client-thread | adminclient-2] INFO org.apache.kafka.clients.NetworkClient - [AdminClient clientId=adminclient-2] Node -1 disconnected.
[kafka-admin-client-thread | adminclient-2] WARN org.apache.kafka.clients.NetworkClient - [AdminClient clientId=adminclient-2] Connection to node -1 (localhost/127.0.0.1:9092) could not be established. Broker may not be available.
[kafka-admin-client-thread | adminclient-9] INFO org.apache.kafka.clients.NetworkClient - [AdminClient clientId=adminclient-9] Node -1 disconnected.
[kafka-admin-client-thread | adminclient-9] WARN org.apache.kafka.clients.NetworkClient - [AdminClient clientId=adminclient-9] Connection to node -1 (localhost/127.0.0.1:9092) could not be established. Broker may not be available.
[kafka-admin-client-thread | adminclient-4] INFO org.apache.kafka.clients.NetworkClient - [AdminClient clientId=adminclient-4] Node -1 disconnected.
[kafka-admin-client-thread | adminclient-4] WARN org.apache.kafka.clients.NetworkClient - [AdminClient clientId=adminclient-4] Connection to node -1 (localhost/127.0.0.1:9092) could not be established. Broker may not be available.
[kafka-admin-client-thread | adminclient-1] INFO org.apache.kafka.clients.NetworkClient - [AdminClient clientId=adminclient-1] Node -1 disconnected.
[kafka-admin-client-thread | adminclient-1] WARN org.apache.kafka.clients.NetworkClient - [AdminClient clientId=adminclient-1] Connection to node -1 (localhost/127.0.0.1:9092) could not be established. Broker may not be available.
[kafka-admin-client-thread | adminclient-8] INFO org.apache.kafka.clients.NetworkClient - [AdminClient clientId=adminclient-8] Node -1 disconnected.
[kafka-admin-client-thread | adminclient-7] INFO org.apache.kafka.clients.NetworkClient - [AdminClient clientId=adminclient-7] Node -1 disconnected.
[kafka-admin-client-thread | adminclient-8] WARN org.apache.kafka.clients.NetworkClient - [AdminClient clientId=adminclient-8] Connection to node -1 (localhost/127.0.0.1:9092) could not be established. Broker may not be available.
[kafka-admin-client-thread | adminclient-7] WARN org.apache.kafka.clients.NetworkClient - [AdminClient clientId=adminclient-7] Connection to node -1 (localhost/127.0.0.1:9092) could not be established. Broker may not be available.
[kafka-admin-client-thread | adminclient-10] INFO org.apache.kafka.clients.NetworkClient - [AdminClient clientId=adminclient-10] Node -1 disconnected.
[kafka-admin-client-thread | adminclient-10] WARN org.apache.kafka.clients.NetworkClient - [AdminClient clientId=adminclient-10] Connection to node -1 (localhost/127.0.0.1:9092) could not be established. Broker may not be available.
[kafka-admin-client-thread | adminclient-3] INFO org.apache.kafka.clients.NetworkClient - [AdminClient clientId=adminclient-3] Node -1 disconnected.
[kafka-admin-client-thread | adminclient-3] WARN org.apache.kafka.clients.NetworkClient - [AdminClient clientId=adminclient-3] Connection to node -1 (localhost/127.0.0.1:9092) could not be established. Broker may not be available.
[kafka-admin-client-thread | adminclient-2] INFO org.apache.kafka.clients.NetworkClient - [AdminClient clientId=adminclient-2] Node -1 disconnected.
[kafka-admin-client-thread | adminclient-9] INFO org.apache.kafka.clients.NetworkClient - [AdminClient clientId=adminclient-9] Node -1 disconnected.
[kafka-admin-client-thread | adminclient-2] WARN org.apache.kafka.clients.NetworkClient - [AdminClient clientId=adminclient-2] Connection to node -1 (localhost/127.0.0.1:9092) could not be established. Broker may not be available.
[kafka-admin-client-thread | adminclient-9] WARN org.apache.kafka.clients.NetworkClient - [AdminClient clientId=adminclient-9] Connection to node -1 (localhost/127.0.0.1:9092) could not be established. Broker may not be available.
[kafka-admin-client-thread | adminclient-4] INFO org.apache.kafka.clients.NetworkClient - [AdminClient clientId=adminclient-4] Node -1 disconnected.
[kafka-admin-client-thread | adminclient-4] WARN org.apache.kafka.clients.NetworkClient - [AdminClient clientId=adminclient-4] Connection to node -1 (localhost/127.0.0.1:9092) could not be established. Broker may not be available.
[kafka-admin-client-thread | adminclient-1] INFO org.apache.kafka.clients.NetworkClient - [AdminClient clientId=adminclient-1] Node -1 disconnected.
[kafka-admin-client-thread | adminclient-1] WARN org.apache.kafka.clients.NetworkClient - [AdminClient clientId=adminclient-1] Connection to node -1 (localhost/127.0.0.1:9092) could not be established. Broker may not be available.
[kafka-admin-client-thread | adminclient-8] INFO org.apache.kafka.clients.NetworkClient - [AdminClient clientId=adminclient-8] Node -1 disconnected.
[kafka-admin-client-thread | adminclient-7] INFO org.apache.kafka.clients.NetworkClient - [AdminClient clientId=adminclient-7] Node -1 disconnected.
[kafka-admin-client-thread | adminclient-8] WARN org.apache.kafka.clients.NetworkClient - [AdminClient clientId=adminclient-8] Connection to node -1 (localhost/127.0.0.1:9092) could not be established. Broker may not be available.
[kafka-admin-client-thread | adminclient-7] WARN org.apache.kafka.clients.NetworkClient - [AdminClient clientId=adminclient-7] Connection to node -1 (localhost/127.0.0.1:9092) could not be established. Broker may not be available.
[kafka-admin-client-thread | adminclient-10] INFO org.apache.kafka.clients.NetworkClient - [AdminClient clientId=adminclient-10] Node -1 disconnected.
[kafka-admin-client-thread | adminclient-10] WARN org.apache.kafka.clients.NetworkClient - [AdminClient clientId=adminclient-10] Connection to node -1 (localhost/127.0.0.1:9092) could not be established. Broker may not be available.
[kafka-admin-client-thread | adminclient-9] INFO org.apache.kafka.clients.NetworkClient - [AdminClient clientId=adminclient-9] Node -1 disconnected.
[kafka-admin-client-thread | adminclient-9] WARN org.apache.kafka.clients.NetworkClient - [AdminClient clientId=adminclient-9] Connection to node -1 (localhost/127.0.0.1:9092) could not be established. Broker may not be available.
[kafka-admin-client-thread | adminclient-2] INFO org.apache.kafka.clients.NetworkClient - [AdminClient clientId=adminclient-2] Node -1 disconnected.
[kafka-admin-client-thread | adminclient-2] WARN org.apache.kafka.clients.NetworkClient - [AdminClient clientId=adminclient-2] Connection to node -1 (localhost/127.0.0.1:9092) could not be established. Broker may not be available.
[kafka-admin-client-thread | adminclient-3] INFO org.apache.kafka.clients.NetworkClient - [AdminClient clientId=adminclient-3] Node -1 disconnected.
[kafka-admin-client-thread | adminclient-3] WARN org.apache.kafka.clients.NetworkClient - [AdminClient clientId=adminclient-3] Connection to node -1 (localhost/127.0.0.1:9092) could not be established. Broker may not be available.
[kafka-admin-client-thread | adminclient-4] INFO org.apache.kafka.clients.NetworkClient - [AdminClient clientId=adminclient-4] Node -1 disconnected.
[kafka-admin-client-thread | adminclient-4] WARN org.apache.kafka.clients.NetworkClient - [AdminClient clientId=adminclient-4] Connection to node -1 (localhost/127.0.0.1:9092) could not be established. Broker may not be available.
[kafka-admin-client-thread | adminclient-7] INFO org.apache.kafka.clients.NetworkClient - [AdminClient clientId=adminclient-7] Node -1 disconnected.
[kafka-admin-client-thread | adminclient-7] WARN org.apache.kafka.clients.NetworkClient - [AdminClient clientId=adminclient-7] Connection to node -1 (localhost/127.0.0.1:9092) could not be established. Broker may not be available.
[kafka-admin-client-thread | adminclient-1] INFO org.apache.kafka.clients.NetworkClient - [AdminClient clientId=adminclient-1] Node -1 disconnected.
[kafka-admin-client-thread | adminclient-1] WARN org.apache.kafka.clients.NetworkClient - [AdminClient clientId=adminclient-1] Connection to node -1 (localhost/127.0.0.1:9092) could not be established. Broker may not be available.
[kafka-admin-client-thread | adminclient-8] INFO org.apache.kafka.clients.NetworkClient - [AdminClient clientId=adminclient-8] Node -1 disconnected.
[kafka-admin-client-thread | adminclient-8] WARN org.apache.kafka.clients.NetworkClient - [AdminClient clientId=adminclient-8] Connection to node -1 (localhost/127.0.0.1:9092) could not be established. Broker may not be available.
[kafka-admin-client-thread | adminclient-10] INFO org.apache.kafka.clients.NetworkClient - [AdminClient clientId=adminclient-10] Node -1 disconnected.
[kafka-admin-client-thread | adminclient-10] WARN org.apache.kafka.clients.NetworkClient - [AdminClient clientId=adminclient-10] Connection to node -1 (localhost/127.0.0.1:9092) could not be established. Broker may not be available.
[kafka-admin-client-thread | adminclient-3] INFO org.apache.kafka.clients.NetworkClient - [AdminClient clientId=adminclient-3] Node -1 disconnected.
[kafka-admin-client-thread | adminclient-3] WARN org.apache.kafka.clients.NetworkClient - [AdminClient clientId=adminclient-3] Connection to node -1 (localhost/127.0.0.1:9092) could not be established. Broker may not be available.
[kafka-admin-client-thread | adminclient-9] INFO org.apache.kafka.clients.NetworkClient - [AdminClient clientId=adminclient-9] Node -1 disconnected.
[kafka-admin-client-thread | adminclient-2] INFO org.apache.kafka.clients.NetworkClient - [AdminClient clientId=adminclient-2] Node -1 disconnected.
[kafka-admin-client-thread | adminclient-9] WARN org.apache.kafka.clients.NetworkClient - [AdminClient clientId=adminclient-9] Connection to node -1 (localhost/127.0.0.1:9092) could not be established. Broker may not be available.
[kafka-admin-client-thread | adminclient-2] WARN org.apache.kafka.clients.NetworkClient - [AdminClient clientId=adminclient-2] Connection to node -1 (localhost/127.0.0.1:9092) could not be established. Broker may not be available.
[kafka-admin-client-thread | adminclient-7] INFO org.apache.kafka.clients.NetworkClient - [AdminClient clientId=adminclient-7] Node -1 disconnected.
[kafka-admin-client-thread | adminclient-7] WARN org.apache.kafka.clients.NetworkClient - [AdminClient clientId=adminclient-7] Connection to node -1 (localhost/127.0.0.1:9092) could not be established. Broker may not be available.
[kafka-admin-client-thread | adminclient-1] INFO org.apache.kafka.clients.NetworkClient - [AdminClient clientId=adminclient-1] Node -1 disconnected.
[kafka-admin-client-thread | adminclient-1] WARN org.apache.kafka.clients.NetworkClient - [AdminClient clientId=adminclient-1] Connection to node -1 (localhost/127.0.0.1:9092) could not be established. Broker may not be available.
[kafka-admin-client-thread | adminclient-4] INFO org.apache.kafka.clients.NetworkClient - [AdminClient clientId=adminclient-4] Node -1 disconnected.
[kafka-admin-client-thread | adminclient-4] WARN org.apache.kafka.clients.NetworkClient - [AdminClient clientId=adminclient-4] Connection to node -1 (localhost/127.0.0.1:9092) could not be established. Broker may not be available.
[kafka-admin-client-thread | adminclient-8] INFO org.apache.kafka.clients.NetworkClient - [AdminClient clientId=adminclient-8] Node -1 disconnected.
[kafka-admin-client-thread | adminclient-8] WARN org.apache.kafka.clients.NetworkClient - [AdminClient clientId=adminclient-8] Connection to node -1 (localhost/127.0.0.1:9092) could not be established. Broker may not be available.
[kafka-admin-client-thread | adminclient-3] INFO org.apache.kafka.clients.NetworkClient - [AdminClient clientId=adminclient-3] Node -1 disconnected.
[kafka-admin-client-thread | adminclient-3] WARN org.apache.kafka.clients.NetworkClient - [AdminClient clientId=adminclient-3] Connection to node -1 (localhost/127.0.0.1:9092) could not be established. Broker may not be available.
[kafka-admin-client-thread | adminclient-10] INFO org.apache.kafka.clients.NetworkClient - [AdminClient clientId=adminclient-10] Node -1 disconnected.
[kafka-admin-client-thread | adminclient-10] WARN org.apache.kafka.clients.NetworkClient - [AdminClient clientId=adminclient-10] Connection to node -1 (localhost/127.0.0.1:9092) could not be established. Broker may not be available.
[kafka-admin-client-thread | adminclient-2] INFO org.apache.kafka.clients.NetworkClient - [AdminClient clientId=adminclient-2] Node -1 disconnected.
[kafka-admin-client-thread | adminclient-2] WARN org.apache.kafka.clients.NetworkClient - [AdminClient clientId=adminclient-2] Connection to node -1 (localhost/127.0.0.1:9092) could not be established. Broker may not be available.
[kafka-admin-client-thread | adminclient-9] INFO org.apache.kafka.clients.NetworkClient - [AdminClient clientId=adminclient-9] Node -1 disconnected.
[kafka-admin-client-thread | adminclient-9] WARN org.apache.kafka.clients.NetworkClient - [AdminClient clientId=adminclient-9] Connection to node -1 (localhost/127.0.0.1:9092) could not be established. Broker may not be available.
[kafka-admin-client-thread | adminclient-7] INFO org.apache.kafka.clients.NetworkClient - [AdminClient clientId=adminclient-7] Node -1 disconnected.
[kafka-admin-client-thread | adminclient-7] WARN org.apache.kafka.clients.NetworkClient - [AdminClient clientId=adminclient-7] Connection to node -1 (localhost/127.0.0.1:9092) could not be established. Broker may not be available.
[kafka-admin-client-thread | adminclient-4] INFO org.apache.kafka.clients.NetworkClient - [AdminClient clientId=adminclient-4] Node -1 disconnected.
[kafka-admin-client-thread | adminclient-4] WARN org.apache.kafka.clients.NetworkClient - [AdminClient clientId=adminclient-4] Connection to node -1 (localhost/127.0.0.1:9092) could not be established. Broker may not be available.
[kafka-admin-client-thread | adminclient-8] INFO org.apache.kafka.clients.NetworkClient - [AdminClient clientId=adminclient-8] Node -1 disconnected.
[kafka-admin-client-thread | adminclient-8] WARN org.apache.kafka.clients.NetworkClient - [AdminClient clientId=adminclient-8] Connection to node -1 (localhost/127.0.0.1:9092) could not be established. Broker may not be available.
[kafka-admin-client-thread | adminclient-1] INFO org.apache.kafka.clients.NetworkClient - [AdminClient clientId=adminclient-1] Node -1 disconnected.
[kafka-admin-client-thread | adminclient-1] WARN org.apache.kafka.clients.NetworkClient - [AdminClient clientId=adminclient-1] Connection to node -1 (localhost/127.0.0.1:9092) could not be established. Broker may not be available.
[kafka-admin-client-thread | adminclient-10] INFO org.apache.kafka.clients.NetworkClient - [AdminClient clientId=adminclient-10] Node -1 disconnected.
[kafka-admin-client-thread | adminclient-10] WARN org.apache.kafka.clients.NetworkClient - [AdminClient clientId=adminclient-10] Connection to node -1 (localhost/127.0.0.1:9092) could not be established. Broker may not be available.
[kafka-admin-client-thread | adminclient-3] INFO org.apache.kafka.clients.NetworkClient - [AdminClient clientId=adminclient-3] Node -1 disconnected.
[kafka-admin-client-thread | adminclient-3] WARN org.apache.kafka.clients.NetworkClient - [AdminClient clientId=adminclient-3] Connection to node -1 (localhost/127.0.0.1:9092) could not be established. Broker may not be available.
[kafka-admin-client-thread | adminclient-9] INFO org.apache.kafka.clients.NetworkClient - [AdminClient clientId=adminclient-9] Node -1 disconnected.
[kafka-admin-client-thread | adminclient-9] WARN org.apache.kafka.clients.NetworkClient - [AdminClient clientId=adminclient-9] Connection to node -1 (localhost/127.0.0.1:9092) could not be established. Broker may not be available.
[kafka-admin-client-thread | adminclient-7] INFO org.apache.kafka.clients.NetworkClient - [AdminClient clientId=adminclient-7] Node -1 disconnected.
[kafka-admin-client-thread | adminclient-7] WARN org.apache.kafka.clients.NetworkClient - [AdminClient clientId=adminclient-7] Connection to node -1 (localhost/127.0.0.1:9092) could not be established. Broker may not be available.
[kafka-admin-client-thread | adminclient-2] INFO org.apache.kafka.clients.NetworkClient - [AdminClient clientId=adminclient-2] Node -1 disconnected.
[kafka-admin-client-thread | adminclient-2] WARN org.apache.kafka.clients.NetworkClient - [AdminClient clientId=adminclient-2] Connection to node -1 (localhost/127.0.0.1:9092) could not be established. Broker may not be available.
[kafka-admin-client-thread | adminclient-1] INFO org.apache.kafka.clients.NetworkClient - [AdminClient clientId=adminclient-1] Node -1 disconnected.
[kafka-admin-client-thread | adminclient-1] WARN org.apache.kafka.clients.NetworkClient - [AdminClient clientId=adminclient-1] Connection to node -1 (localhost/127.0.0.1:9092) could not be established. Broker may not be available.
[kafka-admin-client-thread | adminclient-4] INFO org.apache.kafka.clients.NetworkClient - [AdminClient clientId=adminclient-4] Node -1 disconnected.
[kafka-admin-client-thread | adminclient-4] WARN org.apache.kafka.clients.NetworkClient - [AdminClient clientId=adminclient-4] Connection to node -1 (localhost/127.0.0.1:9092) could not be established. Broker may not be available.
[kafka-admin-client-thread | adminclient-8] INFO org.apache.kafka.clients.NetworkClient - [AdminClient clientId=adminclient-8] Node -1 disconnected.
[kafka-admin-client-thread | adminclient-8] WARN org.apache.kafka.clients.NetworkClient - [AdminClient clientId=adminclient-8] Connection to node -1 (localhost/127.0.0.1:9092) could not be established. Broker may not be available.
[kafka-admin-client-thread | adminclient-10] INFO org.apache.kafka.clients.NetworkClient - [AdminClient clientId=adminclient-10] Node -1 disconnected.
[kafka-admin-client-thread | adminclient-10] WARN org.apache.kafka.clients.NetworkClient - [AdminClient clientId=adminclient-10] Connection to node -1 (localhost/127.0.0.1:9092) could not be established. Broker may not be available.
[kafka-admin-client-thread | adminclient-3] INFO org.apache.kafka.clients.NetworkClient - [AdminClient clientId=adminclient-3] Node -1 disconnected.
[kafka-admin-client-thread | adminclient-3] WARN org.apache.kafka.clients.NetworkClient - [AdminClient clientId=adminclient-3] Connection to node -1 (localhost/127.0.0.1:9092) could not be established. Broker may not be available.
[kafka-admin-client-thread | adminclient-1] INFO org.apache.kafka.clients.NetworkClient - [AdminClient clientId=adminclient-1] Node -1 disconnected.
[kafka-admin-client-thread | adminclient-1] WARN org.apache.kafka.clients.NetworkClient - [AdminClient clientId=adminclient-1] Connection to node -1 (localhost/127.0.0.1:9092) could not be established. Broker may not be available.
[kafka-admin-client-thread | adminclient-7] INFO org.apache.kafka.clients.NetworkClient - [AdminClient clientId=adminclient-7] Node -1 disconnected.
[kafka-admin-client-thread | adminclient-7] WARN org.apache.kafka.clients.NetworkClient - [AdminClient clientId=adminclient-7] Connection to node -1 (localhost/127.0.0.1:9092) could not be established. Broker may not be available.
[kafka-admin-client-thread | adminclient-4] INFO org.apache.kafka.clients.NetworkClient - [AdminClient clientId=adminclient-4] Node -1 disconnected.
[kafka-admin-client-thread | adminclient-4] WARN org.apache.kafka.clients.NetworkClient - [AdminClient clientId=adminclient-4] Connection to node -1 (localhost/127.0.0.1:9092) could not be established. Broker may not be available.
[kafka-admin-client-thread | adminclient-2] INFO org.apache.kafka.clients.NetworkClient - [AdminClient clientId=adminclient-2] Node -1 disconnected.
[kafka-admin-client-thread | adminclient-9] INFO org.apache.kafka.clients.NetworkClient - [AdminClient clientId=adminclient-9] Node -1 disconnected.
[kafka-admin-client-thread | adminclient-2] WARN org.apache.kafka.clients.NetworkClient - [AdminClient clientId=adminclient-2] Connection to node -1 (localhost/127.0.0.1:9092) could not be established. Broker may not be available.
[kafka-admin-client-thread | adminclient-9] WARN org.apache.kafka.clients.NetworkClient - [AdminClient clientId=adminclient-9] Connection to node -1 (localhost/127.0.0.1:9092) could not be established. Broker may not be available.
[kafka-admin-client-thread | adminclient-8] INFO org.apache.kafka.clients.NetworkClient - [AdminClient clientId=adminclient-8] Node -1 disconnected.
[kafka-admin-client-thread | adminclient-8] WARN org.apache.kafka.clients.NetworkClient - [AdminClient clientId=adminclient-8] Connection to node -1 (localhost/127.0.0.1:9092) could not be established. Broker may not be available.
[kafka-admin-client-thread | adminclient-10] INFO org.apache.kafka.clients.NetworkClient - [AdminClient clientId=adminclient-10] Node -1 disconnected.
[kafka-admin-client-thread | adminclient-10] WARN org.apache.kafka.clients.NetworkClient - [AdminClient clientId=adminclient-10] Connection to node -1 (localhost/127.0.0.1:9092) could not be established. Broker may not be available.
[kafka-admin-client-thread | adminclient-2] INFO org.apache.kafka.clients.NetworkClient - [AdminClient clientId=adminclient-2] Node -1 disconnected.
[kafka-admin-client-thread | adminclient-2] WARN org.apache.kafka.clients.NetworkClient - [AdminClient clientId=adminclient-2] Connection to node -1 (localhost/127.0.0.1:9092) could not be established. Broker may not be available.
[kafka-admin-client-thread | adminclient-1] INFO org.apache.kafka.clients.NetworkClient - [AdminClient clientId=adminclient-1] Node -1 disconnected.
[kafka-admin-client-thread | adminclient-1] WARN org.apache.kafka.clients.NetworkClient - [AdminClient clientId=adminclient-1] Connection to node -1 (localhost/127.0.0.1:9092) could not be established. Broker may not be available.
[kafka-admin-client-thread | adminclient-3] INFO org.apache.kafka.clients.NetworkClient - [AdminClient clientId=adminclient-3] Node -1 disconnected.
[kafka-admin-client-thread | adminclient-3] WARN org.apache.kafka.clients.NetworkClient - [AdminClient clientId=adminclient-3] Connection to node -1 (localhost/127.0.0.1:9092) could not be established. Broker may not be available.
[kafka-admin-client-thread | adminclient-4] INFO org.apache.kafka.clients.NetworkClient - [AdminClient clientId=adminclient-4] Node -1 disconnected.
[kafka-admin-client-thread | adminclient-4] WARN org.apache.kafka.clients.NetworkClient - [AdminClient clientId=adminclient-4] Connection to node -1 (localhost/127.0.0.1:9092) could not be established. Broker may not be available.
[kafka-admin-client-thread | adminclient-7] INFO org.apache.kafka.clients.NetworkClient - [AdminClient clientId=adminclient-7] Node -1 disconnected.
[kafka-admin-client-thread | adminclient-7] WARN org.apache.kafka.clients.NetworkClient - [AdminClient clientId=adminclient-7] Connection to node -1 (localhost/127.0.0.1:9092) could not be established. Broker may not be available.
[kafka-admin-client-thread | adminclient-9] INFO org.apache.kafka.clients.NetworkClient - [AdminClient clientId=adminclient-9] Node -1 disconnected.
[kafka-admin-client-thread | adminclient-9] WARN org.apache.kafka.clients.NetworkClient - [AdminClient clientId=adminclient-9] Connection to node -1 (localhost/127.0.0.1:9092) could not be established. Broker may not be available.
[kafka-admin-client-thread | adminclient-1] INFO org.apache.kafka.clients.admin.internals.AdminMetadataManager - [AdminClient clientId=adminclient-1] Metadata update failed
org.apache.kafka.common.errors.TimeoutException: Timed out waiting for a node assignment. Call: fetchMetadata
[kafka-admin-client-thread | adminclient-2] INFO org.apache.kafka.clients.admin.internals.AdminMetadataManager - [AdminClient clientId=adminclient-2] Metadata update failed
org.apache.kafka.common.errors.TimeoutException: Timed out waiting for a node assignment. Call: fetchMetadata
[kafka-admin-client-thread | adminclient-8] INFO org.apache.kafka.clients.NetworkClient - [AdminClient clientId=adminclient-8] Node -1 disconnected.
[kafka-admin-client-thread | adminclient-8] WARN org.apache.kafka.clients.NetworkClient - [AdminClient clientId=adminclient-8] Connection to node -1 (localhost/127.0.0.1:9092) could not be established. Broker may not be available.
[kafka-admin-client-thread | adminclient-10] INFO org.apache.kafka.clients.NetworkClient - [AdminClient clientId=adminclient-10] Node -1 disconnected.
[kafka-admin-client-thread | adminclient-10] WARN org.apache.kafka.clients.NetworkClient - [AdminClient clientId=adminclient-10] Connection to node -1 (localhost/127.0.0.1:9092) could not be established. Broker may not be available.
[kafka-admin-client-thread | adminclient-3] INFO org.apache.kafka.clients.admin.internals.AdminMetadataManager - [AdminClient clientId=adminclient-3] Metadata update failed
org.apache.kafka.common.errors.TimeoutException: Timed out waiting for a node assignment. Call: fetchMetadata
[kafka-admin-client-thread | adminclient-3] INFO org.apache.kafka.clients.NetworkClient - [AdminClient clientId=adminclient-3] Node -1 disconnected.
[kafka-admin-client-thread | adminclient-3] WARN org.apache.kafka.clients.NetworkClient - [AdminClient clientId=adminclient-3] Connection to node -1 (localhost/127.0.0.1:9092) could not be established. Broker may not be available.
[kafka-admin-client-thread | adminclient-4] INFO org.apache.kafka.clients.admin.internals.AdminMetadataManager - [AdminClient clientId=adminclient-4] Metadata update failed
org.apache.kafka.common.errors.TimeoutException: Timed out waiting for a node assignment. Call: fetchMetadata
[kafka-admin-client-thread | adminclient-7] INFO org.apache.kafka.clients.admin.internals.AdminMetadataManager - [AdminClient clientId=adminclient-7] Metadata update failed
org.apache.kafka.common.errors.TimeoutException: Timed out waiting for a node assignment. Call: fetchMetadata
[kafka-admin-client-thread | adminclient-8] INFO org.apache.kafka.clients.admin.internals.AdminMetadataManager - [AdminClient clientId=adminclient-8] Metadata update failed
org.apache.kafka.common.errors.TimeoutException: Timed out waiting for a node assignment. Call: fetchMetadata
[kafka-admin-client-thread | adminclient-2] INFO org.apache.kafka.clients.NetworkClient - [AdminClient clientId=adminclient-2] Node -1 disconnected.
[kafka-admin-client-thread | adminclient-2] WARN org.apache.kafka.clients.NetworkClient - [AdminClient clientId=adminclient-2] Connection to node -1 (localhost/127.0.0.1:9092) could not be established. Broker may not be available.
[kafka-admin-client-thread | adminclient-9] INFO org.apache.kafka.clients.admin.internals.AdminMetadataManager - [AdminClient clientId=adminclient-9] Metadata update failed
org.apache.kafka.common.errors.TimeoutException: Timed out waiting for a node assignment. Call: fetchMetadata
[kafka-admin-client-thread | adminclient-9] INFO org.apache.kafka.clients.NetworkClient - [AdminClient clientId=adminclient-9] Node -1 disconnected.
[kafka-admin-client-thread | adminclient-9] WARN org.apache.kafka.clients.NetworkClient - [AdminClient clientId=adminclient-9] Connection to node -1 (localhost/127.0.0.1:9092) could not be established. Broker may not be available.
[kafka-admin-client-thread | adminclient-10] INFO org.apache.kafka.clients.admin.internals.AdminMetadataManager - [AdminClient clientId=adminclient-10] Metadata update failed
org.apache.kafka.common.errors.TimeoutException: Timed out waiting for a node assignment. Call: fetchMetadata
[main] ERROR com.mycompany.kafka.manager.TopicQueries - Failed to list topics: org.apache.kafka.common.errors.TimeoutException: Timed out waiting for a node assignment. Call: listTopics
java.util.concurrent.ExecutionException: org.apache.kafka.common.errors.TimeoutException: Timed out waiting for a node assignment. Call: listTopics
	at java.base/java.util.concurrent.CompletableFuture.reportGet(CompletableFuture.java:395)
	at java.base/java.util.concurrent.CompletableFuture.get(CompletableFuture.java:2070)
	at org.apache.kafka.common.internals.KafkaFutureImpl.get(KafkaFutureImpl.java:165)
	at com.mycompany.kafka.manager.TopicQueries.listTopics(TopicQueries.java:39)
	at com.mycompany.kafka.manager.TopicManager.listTopics(TopicManager.java:71)
	at com.mycompany.kafka.KafkaManagementLibrary.listTopics(KafkaManagementLibrary.java:95)
	at com.mycompany.kafka.KafkaManagementLibraryTest.testListTopics(KafkaManagementLibraryTest.java:92)
	at java.base/jdk.internal.reflect.NativeMethodAccessorImpl.invoke0(Native Method)
	at java.base/jdk.internal.reflect.NativeMethodAccessorImpl.invoke(NativeMethodAccessorImpl.java:62)
	at java.base/jdk.internal.reflect.DelegatingMethodAccessorImpl.invoke(DelegatingMethodAccessorImpl.java:43)
	at java.base/java.lang.reflect.Method.invoke(Method.java:567)
	at org.junit.platform.commons.util.ReflectionUtils.invokeMethod(ReflectionUtils.java:727)
	at org.junit.jupiter.engine.execution.MethodInvocation.proceed(MethodInvocation.java:60)
	at org.junit.jupiter.engine.execution.InvocationInterceptorChain$ValidatingInvocation.proceed(InvocationInterceptorChain.java:131)
	at org.junit.jupiter.engine.extension.TimeoutExtension.intercept(TimeoutExtension.java:156)
	at org.junit.jupiter.engine.extension.TimeoutExtension.interceptTestableMethod(TimeoutExtension.java:147)
	at org.junit.jupiter.engine.extension.TimeoutExtension.interceptTestMethod(TimeoutExtension.java:86)
	at org.junit.jupiter.engine.execution.InterceptingExecutableInvoker$ReflectiveInterceptorCall.lambda$ofVoidMethod$0(InterceptingExecutableInvoker.java:103)
	at org.junit.jupiter.engine.execution.InterceptingExecutableInvoker.lambda$invoke$0(InterceptingExecutableInvoker.java:93)
	at org.junit.jupiter.engine.execution.InvocationInterceptorChain$InterceptedInvocation.proceed(InvocationInterceptorChain.java:106)
	at org.junit.jupiter.engine.execution.InvocationInterceptorChain.proceed(InvocationInterceptorChain.java:64)
	at org.junit.jupiter.engine.execution.InvocationInterceptorChain.chainAndInvoke(InvocationInterceptorChain.java:45)
	at org.junit.jupiter.engine.execution.InvocationInterceptorChain.invoke(InvocationInterceptorChain.java:37)
	at org.junit.jupiter.engine.execution.InterceptingExecutableInvoker.invoke(InterceptingExecutableInvoker.java:92)
	at org.junit.jupiter.engine.execution.InterceptingExecutableInvoker.invoke(InterceptingExecutableInvoker.java:86)
	at org.junit.jupiter.engine.descriptor.TestMethodTestDescriptor.lambda$invokeTestMethod$7(TestMethodTestDescriptor.java:217)
	at org.junit.platform.engine.support.hierarchical.ThrowableCollector.execute(ThrowableCollector.java:73)
	at org.junit.jupiter.engine.descriptor.TestMethodTestDescriptor.invokeTestMethod(TestMethodTestDescriptor.java:213)
	at org.junit.jupiter.engine.descriptor.TestMethodTestDescriptor.execute(TestMethodTestDescriptor.java:138)
	at org.junit.jupiter.engine.descriptor.TestMethodTestDescriptor.execute(TestMethodTestDescriptor.java:68)
	at org.junit.platform.engine.support.hierarchical.NodeTestTask.lambda$executeRecursively$6(NodeTestTask.java:151)
	at org.junit.platform.engine.support.hierarchical.ThrowableCollector.execute(ThrowableCollector.java:73)
	at org.junit.platform.engine.support.hierarchical.NodeTestTask.lambda$executeRecursively$8(NodeTestTask.java:141)
	at org.junit.platform.engine.support.hierarchical.Node.around(Node.java:137)
	at org.junit.platform.engine.support.hierarchical.NodeTestTask.lambda$executeRecursively$9(NodeTestTask.java:139)
	at org.junit.platform.engine.support.hierarchical.ThrowableCollector.execute(ThrowableCollector.java:73)
	at org.junit.platform.engine.support.hierarchical.NodeTestTask.executeRecursively(NodeTestTask.java:138)
	at org.junit.platform.engine.support.hierarchical.NodeTestTask.execute(NodeTestTask.java:95)
	at java.base/java.util.ArrayList.forEach(ArrayList.java:1507)
	at org.junit.platform.engine.support.hierarchical.SameThreadHierarchicalTestExecutorService.invokeAll(SameThreadHierarchicalTestExecutorService.java:41)
	at org.junit.platform.engine.support.hierarchical.NodeTestTask.lambda$executeRecursively$6(NodeTestTask.java:155)
	at org.junit.platform.engine.support.hierarchical.ThrowableCollector.execute(ThrowableCollector.java:73)
	at org.junit.platform.engine.support.hierarchical.NodeTestTask.lambda$executeRecursively$8(NodeTestTask.java:141)
	at org.junit.platform.engine.support.hierarchical.Node.around(Node.java:137)
	at org.junit.platform.engine.support.hierarchical.NodeTestTask.lambda$executeRecursively$9(NodeTestTask.java:139)
	at org.junit.platform.engine.support.hierarchical.ThrowableCollector.execute(ThrowableCollector.java:73)
	at org.junit.platform.engine.support.hierarchical.NodeTestTask.executeRecursively(NodeTestTask.java:138)
	at org.junit.platform.engine.support.hierarchical.NodeTestTask.execute(NodeTestTask.java:95)
	at java.base/java.util.ArrayList.forEach(ArrayList.java:1507)
	at org.junit.platform.engine.support.hierarchical.SameThreadHierarchicalTestExecutorService.invokeAll(SameThreadHierarchicalTestExecutorService.java:41)
	at org.junit.platform.engine.support.hierarchical.NodeTestTask.lambda$executeRecursively$6(NodeTestTask.java:155)
	at org.junit.platform.engine.support.hierarchical.ThrowableCollector.execute(ThrowableCollector.java:73)
	at org.junit.platform.engine.support.hierarchical.NodeTestTask.lambda$executeRecursively$8(NodeTestTask.java:141)
	at org.junit.platform.engine.support.hierarchical.Node.around(Node.java:137)
	at org.junit.platform.engine.support.hierarchical.NodeTestTask.lambda$executeRecursively$9(NodeTestTask.java:139)
	at org.junit.platform.engine.support.hierarchical.ThrowableCollector.execute(ThrowableCollector.java:73)
	at org.junit.platform.engine.support.hierarchical.NodeTestTask.executeRecursively(NodeTestTask.java:138)
	at org.junit.platform.engine.support.hierarchical.NodeTestTask.execute(NodeTestTask.java:95)
	at org.junit.platform.engine.support.hierarchical.SameThreadHierarchicalTestExecutorService.submit(SameThreadHierarchicalTestExecutorService.java:35)
	at org.junit.platform.engine.support.hierarchical.HierarchicalTestExecutor.execute(HierarchicalTestExecutor.java:57)
	at org.junit.platform.engine.support.hierarchical.HierarchicalTestEngine.execute(HierarchicalTestEngine.java:54)
	at org.junit.platform.launcher.core.EngineExecutionOrchestrator.execute(EngineExecutionOrchestrator.java:147)
	at org.junit.platform.launcher.core.EngineExecutionOrchestrator.execute(EngineExecutionOrchestrator.java:127)
	at org.junit.platform.launcher.core.EngineExecutionOrchestrator.execute(EngineExecutionOrchestrator.java:90)
	at org.junit.platform.launcher.core.EngineExecutionOrchestrator.lambda$execute$0(EngineExecutionOrchestrator.java:55)
	at org.junit.platform.launcher.core.EngineExecutionOrchestrator.withInterceptedStreams(EngineExecutionOrchestrator.java:102)
	at org.junit.platform.launcher.core.EngineExecutionOrchestrator.execute(EngineExecutionOrchestrator.java:54)
	at org.junit.platform.launcher.core.DefaultLauncher.execute(DefaultLauncher.java:114)
	at org.junit.platform.launcher.core.DefaultLauncher.execute(DefaultLauncher.java:86)
	at org.junit.platform.launcher.core.DefaultLauncherSession$DelegatingLauncher.execute(DefaultLauncherSession.java:86)
	at org.apache.maven.surefire.junitplatform.LazyLauncher.execute(LazyLauncher.java:50)
	at org.apache.maven.surefire.junitplatform.JUnitPlatformProvider.execute(JUnitPlatformProvider.java:184)
	at org.apache.maven.surefire.junitplatform.JUnitPlatformProvider.invokeAllTests(JUnitPlatformProvider.java:148)
	at org.apache.maven.surefire.junitplatform.JUnitPlatformProvider.invoke(JUnitPlatformProvider.java:122)
	at org.apache.maven.surefire.booter.ForkedBooter.runSuitesInProcess(ForkedBooter.java:385)
	at org.apache.maven.surefire.booter.ForkedBooter.execute(ForkedBooter.java:162)
	at org.apache.maven.surefire.booter.ForkedBooter.run(ForkedBooter.java:507)
	at org.apache.maven.surefire.booter.ForkedBooter.main(ForkedBooter.java:495)
Caused by: org.apache.kafka.common.errors.TimeoutException: Timed out waiting for a node assignment. Call: listTopics
]]></system-err>
  </testcase>
  <testcase name="testSendMessage" classname="com.mycompany.kafka.KafkaManagementLibraryTest" time="60.017">
    <system-err><![CDATA[[main] INFO com.mycompany.kafka.KafkaManagementLibrary - Initializing KafkaManagementLibrary
[main] INFO com.mycompany.kafka.factory.ConnectionFactory - Creating Kafka AdminClient with bootstrap servers: localhost:9092
[main] INFO org.apache.kafka.clients.admin.AdminClientConfig - AdminClientConfig values: 
	auto.include.jmx.reporter = true
	bootstrap.servers = [localhost:9092]
	client.dns.lookup = use_all_dns_ips
	client.id = 
	connections.max.idle.ms = 300000
	default.api.timeout.ms = 60000
	metadata.max.age.ms = 300000
	metric.reporters = []
	metrics.num.samples = 2
	metrics.recording.level = INFO
	metrics.sample.window.ms = 30000
	receive.buffer.bytes = 65536
	reconnect.backoff.max.ms = 1000
	reconnect.backoff.ms = 50
	request.timeout.ms = 30000
	retries = 2147483647
	retry.backoff.ms = 100
	sasl.client.callback.handler.class = null
	sasl.jaas.config = null
	sasl.kerberos.kinit.cmd = /usr/bin/kinit
	sasl.kerberos.min.time.before.relogin = 60000
	sasl.kerberos.service.name = null
	sasl.kerberos.ticket.renew.jitter = 0.05
	sasl.kerberos.ticket.renew.window.factor = 0.8
	sasl.login.callback.handler.class = null
	sasl.login.class = null
	sasl.login.connect.timeout.ms = null
	sasl.login.read.timeout.ms = null
	sasl.login.refresh.buffer.seconds = 300
	sasl.login.refresh.min.period.seconds = 60
	sasl.login.refresh.window.factor = 0.8
	sasl.login.refresh.window.jitter = 0.05
	sasl.login.retry.backoff.max.ms = 10000
	sasl.login.retry.backoff.ms = 100
	sasl.mechanism = GSSAPI
	sasl.oauthbearer.clock.skew.seconds = 30
	sasl.oauthbearer.expected.audience = null
	sasl.oauthbearer.expected.issuer = null
	sasl.oauthbearer.jwks.endpoint.refresh.ms = 3600000
	sasl.oauthbearer.jwks.endpoint.retry.backoff.max.ms = 10000
	sasl.oauthbearer.jwks.endpoint.retry.backoff.ms = 100
	sasl.oauthbearer.jwks.endpoint.url = null
	sasl.oauthbearer.scope.claim.name = scope
	sasl.oauthbearer.sub.claim.name = sub
	sasl.oauthbearer.token.endpoint.url = null
	security.protocol = PLAINTEXT
	security.providers = null
	send.buffer.bytes = 131072
	socket.connection.setup.timeout.max.ms = 30000
	socket.connection.setup.timeout.ms = 10000
	ssl.cipher.suites = null
	ssl.enabled.protocols = [TLSv1.2, TLSv1.3]
	ssl.endpoint.identification.algorithm = https
	ssl.engine.factory.class = null
	ssl.key.password = null
	ssl.keymanager.algorithm = SunX509
	ssl.keystore.certificate.chain = null
	ssl.keystore.key = null
	ssl.keystore.location = null
	ssl.keystore.password = null
	ssl.keystore.type = JKS
	ssl.protocol = TLSv1.3
	ssl.provider = null
	ssl.secure.random.implementation = null
	ssl.trustmanager.algorithm = PKIX
	ssl.truststore.certificates = null
	ssl.truststore.location = null
	ssl.truststore.password = null
	ssl.truststore.type = JKS

[main] INFO org.apache.kafka.common.utils.AppInfoParser - Kafka version: 3.5.1
[main] INFO org.apache.kafka.common.utils.AppInfoParser - Kafka commitId: 2c6fb6c54472e90a
[main] INFO org.apache.kafka.common.utils.AppInfoParser - Kafka startTimeMs: 1761088977642
[main] INFO com.mycompany.kafka.factory.ConnectionFactory - Kafka AdminClient created successfully
[main] INFO com.mycompany.kafka.factory.ConnectionFactory - Creating Kafka AdminClient with bootstrap servers: localhost:9092
[main] INFO org.apache.kafka.clients.admin.AdminClientConfig - AdminClientConfig values: 
	auto.include.jmx.reporter = true
	bootstrap.servers = [localhost:9092]
	client.dns.lookup = use_all_dns_ips
	client.id = 
	connections.max.idle.ms = 300000
	default.api.timeout.ms = 60000
	metadata.max.age.ms = 300000
	metric.reporters = []
	metrics.num.samples = 2
	metrics.recording.level = INFO
	metrics.sample.window.ms = 30000
	receive.buffer.bytes = 65536
	reconnect.backoff.max.ms = 1000
	reconnect.backoff.ms = 50
	request.timeout.ms = 30000
	retries = 2147483647
	retry.backoff.ms = 100
	sasl.client.callback.handler.class = null
	sasl.jaas.config = null
	sasl.kerberos.kinit.cmd = /usr/bin/kinit
	sasl.kerberos.min.time.before.relogin = 60000
	sasl.kerberos.service.name = null
	sasl.kerberos.ticket.renew.jitter = 0.05
	sasl.kerberos.ticket.renew.window.factor = 0.8
	sasl.login.callback.handler.class = null
	sasl.login.class = null
	sasl.login.connect.timeout.ms = null
	sasl.login.read.timeout.ms = null
	sasl.login.refresh.buffer.seconds = 300
	sasl.login.refresh.min.period.seconds = 60
	sasl.login.refresh.window.factor = 0.8
	sasl.login.refresh.window.jitter = 0.05
	sasl.login.retry.backoff.max.ms = 10000
	sasl.login.retry.backoff.ms = 100
	sasl.mechanism = GSSAPI
	sasl.oauthbearer.clock.skew.seconds = 30
	sasl.oauthbearer.expected.audience = null
	sasl.oauthbearer.expected.issuer = null
	sasl.oauthbearer.jwks.endpoint.refresh.ms = 3600000
	sasl.oauthbearer.jwks.endpoint.retry.backoff.max.ms = 10000
	sasl.oauthbearer.jwks.endpoint.retry.backoff.ms = 100
	sasl.oauthbearer.jwks.endpoint.url = null
	sasl.oauthbearer.scope.claim.name = scope
	sasl.oauthbearer.sub.claim.name = sub
	sasl.oauthbearer.token.endpoint.url = null
	security.protocol = PLAINTEXT
	security.providers = null
	send.buffer.bytes = 131072
	socket.connection.setup.timeout.max.ms = 30000
	socket.connection.setup.timeout.ms = 10000
	ssl.cipher.suites = null
	ssl.enabled.protocols = [TLSv1.2, TLSv1.3]
	ssl.endpoint.identification.algorithm = https
	ssl.engine.factory.class = null
	ssl.key.password = null
	ssl.keymanager.algorithm = SunX509
	ssl.keystore.certificate.chain = null
	ssl.keystore.key = null
	ssl.keystore.location = null
	ssl.keystore.password = null
	ssl.keystore.type = JKS
	ssl.protocol = TLSv1.3
	ssl.provider = null
	ssl.secure.random.implementation = null
	ssl.trustmanager.algorithm = PKIX
	ssl.truststore.certificates = null
	ssl.truststore.location = null
	ssl.truststore.password = null
	ssl.truststore.type = JKS

[kafka-admin-client-thread | adminclient-11] INFO org.apache.kafka.clients.NetworkClient - [AdminClient clientId=adminclient-11] Node -1 disconnected.
[kafka-admin-client-thread | adminclient-11] WARN org.apache.kafka.clients.NetworkClient - [AdminClient clientId=adminclient-11] Connection to node -1 (localhost/127.0.0.1:9092) could not be established. Broker may not be available.
[main] INFO org.apache.kafka.common.utils.AppInfoParser - Kafka version: 3.5.1
[main] INFO org.apache.kafka.common.utils.AppInfoParser - Kafka commitId: 2c6fb6c54472e90a
[main] INFO org.apache.kafka.common.utils.AppInfoParser - Kafka startTimeMs: 1761088977645
[main] INFO com.mycompany.kafka.factory.ConnectionFactory - Kafka AdminClient created successfully
[main] INFO com.mycompany.kafka.factory.ConnectionFactory - Creating Schema Registry Client with URL: http://localhost:8081
[main] INFO com.mycompany.kafka.factory.ConnectionFactory - Schema Registry Client created successfully
[main] INFO com.mycompany.kafka.KafkaManagementLibrary - KafkaManagementLibrary initialized successfully
[main] INFO com.mycompany.kafka.manager.MessageManager - Sending message to topic: test-topic with key: test-key
[kafka-admin-client-thread | adminclient-12] INFO org.apache.kafka.clients.NetworkClient - [AdminClient clientId=adminclient-12] Node -1 disconnected.
[main] INFO com.mycompany.kafka.factory.ConnectionFactory - Creating Kafka Producer with bootstrap servers: localhost:9092
[kafka-admin-client-thread | adminclient-12] WARN org.apache.kafka.clients.NetworkClient - [AdminClient clientId=adminclient-12] Connection to node -1 (localhost/127.0.0.1:9092) could not be established. Broker may not be available.
[main] INFO org.apache.kafka.clients.producer.ProducerConfig - Idempotence will be disabled because retries is set to 0.
[main] INFO org.apache.kafka.clients.producer.ProducerConfig - ProducerConfig values: 
	acks = -1
	auto.include.jmx.reporter = true
	batch.size = 16384
	bootstrap.servers = [localhost:9092]
	buffer.memory = 33554432
	client.dns.lookup = use_all_dns_ips
	client.id = producer-2
	compression.type = none
	connections.max.idle.ms = 540000
	delivery.timeout.ms = 120000
	enable.idempotence = false
	interceptor.classes = []
	key.serializer = class org.apache.kafka.common.serialization.StringSerializer
	linger.ms = 0
	max.block.ms = 60000
	max.in.flight.requests.per.connection = 5
	max.request.size = 1048576
	metadata.max.age.ms = 300000
	metadata.max.idle.ms = 300000
	metric.reporters = []
	metrics.num.samples = 2
	metrics.recording.level = INFO
	metrics.sample.window.ms = 30000
	partitioner.adaptive.partitioning.enable = true
	partitioner.availability.timeout.ms = 0
	partitioner.class = null
	partitioner.ignore.keys = false
	receive.buffer.bytes = 32768
	reconnect.backoff.max.ms = 1000
	reconnect.backoff.ms = 50
	request.timeout.ms = 30000
	retries = 0
	retry.backoff.ms = 100
	sasl.client.callback.handler.class = null
	sasl.jaas.config = null
	sasl.kerberos.kinit.cmd = /usr/bin/kinit
	sasl.kerberos.min.time.before.relogin = 60000
	sasl.kerberos.service.name = null
	sasl.kerberos.ticket.renew.jitter = 0.05
	sasl.kerberos.ticket.renew.window.factor = 0.8
	sasl.login.callback.handler.class = null
	sasl.login.class = null
	sasl.login.connect.timeout.ms = null
	sasl.login.read.timeout.ms = null
	sasl.login.refresh.buffer.seconds = 300
	sasl.login.refresh.min.period.seconds = 60
	sasl.login.refresh.window.factor = 0.8
	sasl.login.refresh.window.jitter = 0.05
	sasl.login.retry.backoff.max.ms = 10000
	sasl.login.retry.backoff.ms = 100
	sasl.mechanism = GSSAPI
	sasl.oauthbearer.clock.skew.seconds = 30
	sasl.oauthbearer.expected.audience = null
	sasl.oauthbearer.expected.issuer = null
	sasl.oauthbearer.jwks.endpoint.refresh.ms = 3600000
	sasl.oauthbearer.jwks.endpoint.retry.backoff.max.ms = 10000
	sasl.oauthbearer.jwks.endpoint.retry.backoff.ms = 100
	sasl.oauthbearer.jwks.endpoint.url = null
	sasl.oauthbearer.scope.claim.name = scope
	sasl.oauthbearer.sub.claim.name = sub
	sasl.oauthbearer.token.endpoint.url = null
	security.protocol = PLAINTEXT
	security.providers = null
	send.buffer.bytes = 131072
	socket.connection.setup.timeout.max.ms = 30000
	socket.connection.setup.timeout.ms = 10000
	ssl.cipher.suites = null
	ssl.enabled.protocols = [TLSv1.2, TLSv1.3]
	ssl.endpoint.identification.algorithm = https
	ssl.engine.factory.class = null
	ssl.key.password = null
	ssl.keymanager.algorithm = SunX509
	ssl.keystore.certificate.chain = null
	ssl.keystore.key = null
	ssl.keystore.location = null
	ssl.keystore.password = null
	ssl.keystore.type = JKS
	ssl.protocol = TLSv1.3
	ssl.provider = null
	ssl.secure.random.implementation = null
	ssl.trustmanager.algorithm = PKIX
	ssl.truststore.certificates = null
	ssl.truststore.location = null
	ssl.truststore.password = null
	ssl.truststore.type = JKS
	transaction.timeout.ms = 60000
	transactional.id = null
	value.serializer = class org.apache.kafka.common.serialization.StringSerializer

[main] INFO org.apache.kafka.common.utils.AppInfoParser - Kafka version: 3.5.1
[main] INFO org.apache.kafka.common.utils.AppInfoParser - Kafka commitId: 2c6fb6c54472e90a
[main] INFO org.apache.kafka.common.utils.AppInfoParser - Kafka startTimeMs: 1761088977649
[main] INFO com.mycompany.kafka.factory.ConnectionFactory - Kafka Producer created successfully
[kafka-producer-network-thread | producer-2] INFO org.apache.kafka.clients.NetworkClient - [Producer clientId=producer-2] Node -1 disconnected.
[kafka-producer-network-thread | producer-2] WARN org.apache.kafka.clients.NetworkClient - [Producer clientId=producer-2] Connection to node -1 (localhost/127.0.0.1:9092) could not be established. Broker may not be available.
[kafka-producer-network-thread | producer-2] WARN org.apache.kafka.clients.NetworkClient - [Producer clientId=producer-2] Bootstrap broker localhost:9092 (id: -1 rack: null) disconnected
[kafka-admin-client-thread | adminclient-11] INFO org.apache.kafka.clients.NetworkClient - [AdminClient clientId=adminclient-11] Node -1 disconnected.
[kafka-admin-client-thread | adminclient-11] WARN org.apache.kafka.clients.NetworkClient - [AdminClient clientId=adminclient-11] Connection to node -1 (localhost/127.0.0.1:9092) could not be established. Broker may not be available.
[kafka-admin-client-thread | adminclient-12] INFO org.apache.kafka.clients.NetworkClient - [AdminClient clientId=adminclient-12] Node -1 disconnected.
[kafka-admin-client-thread | adminclient-12] WARN org.apache.kafka.clients.NetworkClient - [AdminClient clientId=adminclient-12] Connection to node -1 (localhost/127.0.0.1:9092) could not be established. Broker may not be available.
[kafka-producer-network-thread | producer-2] INFO org.apache.kafka.clients.NetworkClient - [Producer clientId=producer-2] Node -1 disconnected.
[kafka-producer-network-thread | producer-2] WARN org.apache.kafka.clients.NetworkClient - [Producer clientId=producer-2] Connection to node -1 (localhost/127.0.0.1:9092) could not be established. Broker may not be available.
[kafka-producer-network-thread | producer-2] WARN org.apache.kafka.clients.NetworkClient - [Producer clientId=producer-2] Bootstrap broker localhost:9092 (id: -1 rack: null) disconnected
[kafka-admin-client-thread | adminclient-7] INFO org.apache.kafka.clients.NetworkClient - [AdminClient clientId=adminclient-7] Node -1 disconnected.
[kafka-admin-client-thread | adminclient-7] WARN org.apache.kafka.clients.NetworkClient - [AdminClient clientId=adminclient-7] Connection to node -1 (localhost/127.0.0.1:9092) could not be established. Broker may not be available.
[kafka-admin-client-thread | adminclient-1] INFO org.apache.kafka.clients.NetworkClient - [AdminClient clientId=adminclient-1] Node -1 disconnected.
[kafka-admin-client-thread | adminclient-1] WARN org.apache.kafka.clients.NetworkClient - [AdminClient clientId=adminclient-1] Connection to node -1 (localhost/127.0.0.1:9092) could not be established. Broker may not be available.
[kafka-admin-client-thread | adminclient-4] INFO org.apache.kafka.clients.NetworkClient - [AdminClient clientId=adminclient-4] Node -1 disconnected.
[kafka-admin-client-thread | adminclient-4] WARN org.apache.kafka.clients.NetworkClient - [AdminClient clientId=adminclient-4] Connection to node -1 (localhost/127.0.0.1:9092) could not be established. Broker may not be available.
[kafka-admin-client-thread | adminclient-11] INFO org.apache.kafka.clients.NetworkClient - [AdminClient clientId=adminclient-11] Node -1 disconnected.
[kafka-admin-client-thread | adminclient-11] WARN org.apache.kafka.clients.NetworkClient - [AdminClient clientId=adminclient-11] Connection to node -1 (localhost/127.0.0.1:9092) could not be established. Broker may not be available.
[kafka-admin-client-thread | adminclient-12] INFO org.apache.kafka.clients.NetworkClient - [AdminClient clientId=adminclient-12] Node -1 disconnected.
[kafka-admin-client-thread | adminclient-12] WARN org.apache.kafka.clients.NetworkClient - [AdminClient clientId=adminclient-12] Connection to node -1 (localhost/127.0.0.1:9092) could not be established. Broker may not be available.
[kafka-producer-network-thread | producer-2] INFO org.apache.kafka.clients.NetworkClient - [Producer clientId=producer-2] Node -1 disconnected.
[kafka-producer-network-thread | producer-2] WARN org.apache.kafka.clients.NetworkClient - [Producer clientId=producer-2] Connection to node -1 (localhost/127.0.0.1:9092) could not be established. Broker may not be available.
[kafka-producer-network-thread | producer-2] WARN org.apache.kafka.clients.NetworkClient - [Producer clientId=producer-2] Bootstrap broker localhost:9092 (id: -1 rack: null) disconnected
[kafka-producer-network-thread | producer-2] INFO org.apache.kafka.clients.NetworkClient - [Producer clientId=producer-2] Node -1 disconnected.
[kafka-producer-network-thread | producer-2] WARN org.apache.kafka.clients.NetworkClient - [Producer clientId=producer-2] Connection to node -1 (localhost/127.0.0.1:9092) could not be established. Broker may not be available.
[kafka-producer-network-thread | producer-2] WARN org.apache.kafka.clients.NetworkClient - [Producer clientId=producer-2] Bootstrap broker localhost:9092 (id: -1 rack: null) disconnected
[kafka-admin-client-thread | adminclient-11] INFO org.apache.kafka.clients.NetworkClient - [AdminClient clientId=adminclient-11] Node -1 disconnected.
[kafka-admin-client-thread | adminclient-11] WARN org.apache.kafka.clients.NetworkClient - [AdminClient clientId=adminclient-11] Connection to node -1 (localhost/127.0.0.1:9092) could not be established. Broker may not be available.
[kafka-admin-client-thread | adminclient-12] INFO org.apache.kafka.clients.NetworkClient - [AdminClient clientId=adminclient-12] Node -1 disconnected.
[kafka-admin-client-thread | adminclient-12] WARN org.apache.kafka.clients.NetworkClient - [AdminClient clientId=adminclient-12] Connection to node -1 (localhost/127.0.0.1:9092) could not be established. Broker may not be available.
[kafka-admin-client-thread | adminclient-10] INFO org.apache.kafka.clients.NetworkClient - [AdminClient clientId=adminclient-10] Node -1 disconnected.
[kafka-admin-client-thread | adminclient-10] WARN org.apache.kafka.clients.NetworkClient - [AdminClient clientId=adminclient-10] Connection to node -1 (localhost/127.0.0.1:9092) could not be established. Broker may not be available.
[kafka-admin-client-thread | adminclient-8] INFO org.apache.kafka.clients.NetworkClient - [AdminClient clientId=adminclient-8] Node -1 disconnected.
[kafka-admin-client-thread | adminclient-8] WARN org.apache.kafka.clients.NetworkClient - [AdminClient clientId=adminclient-8] Connection to node -1 (localhost/127.0.0.1:9092) could not be established. Broker may not be available.
[kafka-producer-network-thread | producer-2] INFO org.apache.kafka.clients.NetworkClient - [Producer clientId=producer-2] Node -1 disconnected.
[kafka-producer-network-thread | producer-2] WARN org.apache.kafka.clients.NetworkClient - [Producer clientId=producer-2] Connection to node -1 (localhost/127.0.0.1:9092) could not be established. Broker may not be available.
[kafka-producer-network-thread | producer-2] WARN org.apache.kafka.clients.NetworkClient - [Producer clientId=producer-2] Bootstrap broker localhost:9092 (id: -1 rack: null) disconnected
[kafka-admin-client-thread | adminclient-12] INFO org.apache.kafka.clients.NetworkClient - [AdminClient clientId=adminclient-12] Node -1 disconnected.
[kafka-admin-client-thread | adminclient-12] WARN org.apache.kafka.clients.NetworkClient - [AdminClient clientId=adminclient-12] Connection to node -1 (localhost/127.0.0.1:9092) could not be established. Broker may not be available.
[kafka-admin-client-thread | adminclient-3] INFO org.apache.kafka.clients.NetworkClient - [AdminClient clientId=adminclient-3] Node -1 disconnected.
[kafka-admin-client-thread | adminclient-3] WARN org.apache.kafka.clients.NetworkClient - [AdminClient clientId=adminclient-3] Connection to node -1 (localhost/127.0.0.1:9092) could not be established. Broker may not be available.
[kafka-admin-client-thread | adminclient-11] INFO org.apache.kafka.clients.NetworkClient - [AdminClient clientId=adminclient-11] Node -1 disconnected.
[kafka-admin-client-thread | adminclient-11] WARN org.apache.kafka.clients.NetworkClient - [AdminClient clientId=adminclient-11] Connection to node -1 (localhost/127.0.0.1:9092) could not be established. Broker may not be available.
[kafka-admin-client-thread | adminclient-2] INFO org.apache.kafka.clients.NetworkClient - [AdminClient clientId=adminclient-2] Node -1 disconnected.
[kafka-admin-client-thread | adminclient-2] WARN org.apache.kafka.clients.NetworkClient - [AdminClient clientId=adminclient-2] Connection to node -1 (localhost/127.0.0.1:9092) could not be established. Broker may not be available.
[kafka-admin-client-thread | adminclient-7] INFO org.apache.kafka.clients.NetworkClient - [AdminClient clientId=adminclient-7] Node -1 disconnected.
[kafka-admin-client-thread | adminclient-7] WARN org.apache.kafka.clients.NetworkClient - [AdminClient clientId=adminclient-7] Connection to node -1 (localhost/127.0.0.1:9092) could not be established. Broker may not be available.
[kafka-admin-client-thread | adminclient-9] INFO org.apache.kafka.clients.NetworkClient - [AdminClient clientId=adminclient-9] Node -1 disconnected.
[kafka-admin-client-thread | adminclient-9] WARN org.apache.kafka.clients.NetworkClient - [AdminClient clientId=adminclient-9] Connection to node -1 (localhost/127.0.0.1:9092) could not be established. Broker may not be available.
[kafka-admin-client-thread | adminclient-1] INFO org.apache.kafka.clients.NetworkClient - [AdminClient clientId=adminclient-1] Node -1 disconnected.
[kafka-admin-client-thread | adminclient-1] WARN org.apache.kafka.clients.NetworkClient - [AdminClient clientId=adminclient-1] Connection to node -1 (localhost/127.0.0.1:9092) could not be established. Broker may not be available.
[kafka-admin-client-thread | adminclient-4] INFO org.apache.kafka.clients.NetworkClient - [AdminClient clientId=adminclient-4] Node -1 disconnected.
[kafka-admin-client-thread | adminclient-4] WARN org.apache.kafka.clients.NetworkClient - [AdminClient clientId=adminclient-4] Connection to node -1 (localhost/127.0.0.1:9092) could not be established. Broker may not be available.
[kafka-admin-client-thread | adminclient-10] INFO org.apache.kafka.clients.NetworkClient - [AdminClient clientId=adminclient-10] Node -1 disconnected.
[kafka-admin-client-thread | adminclient-10] WARN org.apache.kafka.clients.NetworkClient - [AdminClient clientId=adminclient-10] Connection to node -1 (localhost/127.0.0.1:9092) could not be established. Broker may not be available.
[kafka-admin-client-thread | adminclient-8] INFO org.apache.kafka.clients.NetworkClient - [AdminClient clientId=adminclient-8] Node -1 disconnected.
[kafka-admin-client-thread | adminclient-8] WARN org.apache.kafka.clients.NetworkClient - [AdminClient clientId=adminclient-8] Connection to node -1 (localhost/127.0.0.1:9092) could not be established. Broker may not be available.
[kafka-producer-network-thread | producer-2] INFO org.apache.kafka.clients.NetworkClient - [Producer clientId=producer-2] Node -1 disconnected.
[kafka-producer-network-thread | producer-2] WARN org.apache.kafka.clients.NetworkClient - [Producer clientId=producer-2] Connection to node -1 (localhost/127.0.0.1:9092) could not be established. Broker may not be available.
[kafka-producer-network-thread | producer-2] WARN org.apache.kafka.clients.NetworkClient - [Producer clientId=producer-2] Bootstrap broker localhost:9092 (id: -1 rack: null) disconnected
[kafka-admin-client-thread | adminclient-11] INFO org.apache.kafka.clients.NetworkClient - [AdminClient clientId=adminclient-11] Node -1 disconnected.
[kafka-admin-client-thread | adminclient-11] WARN org.apache.kafka.clients.NetworkClient - [AdminClient clientId=adminclient-11] Connection to node -1 (localhost/127.0.0.1:9092) could not be established. Broker may not be available.
[kafka-admin-client-thread | adminclient-12] INFO org.apache.kafka.clients.NetworkClient - [AdminClient clientId=adminclient-12] Node -1 disconnected.
[kafka-admin-client-thread | adminclient-12] WARN org.apache.kafka.clients.NetworkClient - [AdminClient clientId=adminclient-12] Connection to node -1 (localhost/127.0.0.1:9092) could not be established. Broker may not be available.
[kafka-admin-client-thread | adminclient-3] INFO org.apache.kafka.clients.NetworkClient - [AdminClient clientId=adminclient-3] Node -1 disconnected.
[kafka-admin-client-thread | adminclient-3] WARN org.apache.kafka.clients.NetworkClient - [AdminClient clientId=adminclient-3] Connection to node -1 (localhost/127.0.0.1:9092) could not be established. Broker may not be available.
[kafka-admin-client-thread | adminclient-7] INFO org.apache.kafka.clients.NetworkClient - [AdminClient clientId=adminclient-7] Node -1 disconnected.
[kafka-admin-client-thread | adminclient-7] WARN org.apache.kafka.clients.NetworkClient - [AdminClient clientId=adminclient-7] Connection to node -1 (localhost/127.0.0.1:9092) could not be established. Broker may not be available.
[kafka-admin-client-thread | adminclient-2] INFO org.apache.kafka.clients.NetworkClient - [AdminClient clientId=adminclient-2] Node -1 disconnected.
[kafka-admin-client-thread | adminclient-2] WARN org.apache.kafka.clients.NetworkClient - [AdminClient clientId=adminclient-2] Connection to node -1 (localhost/127.0.0.1:9092) could not be established. Broker may not be available.
[kafka-admin-client-thread | adminclient-9] INFO org.apache.kafka.clients.NetworkClient - [AdminClient clientId=adminclient-9] Node -1 disconnected.
[kafka-admin-client-thread | adminclient-9] WARN org.apache.kafka.clients.NetworkClient - [AdminClient clientId=adminclient-9] Connection to node -1 (localhost/127.0.0.1:9092) could not be established. Broker may not be available.
[kafka-admin-client-thread | adminclient-1] INFO org.apache.kafka.clients.NetworkClient - [AdminClient clientId=adminclient-1] Node -1 disconnected.
[kafka-admin-client-thread | adminclient-1] WARN org.apache.kafka.clients.NetworkClient - [AdminClient clientId=adminclient-1] Connection to node -1 (localhost/127.0.0.1:9092) could not be established. Broker may not be available.
[kafka-admin-client-thread | adminclient-10] INFO org.apache.kafka.clients.NetworkClient - [AdminClient clientId=adminclient-10] Node -1 disconnected.
[kafka-admin-client-thread | adminclient-10] WARN org.apache.kafka.clients.NetworkClient - [AdminClient clientId=adminclient-10] Connection to node -1 (localhost/127.0.0.1:9092) could not be established. Broker may not be available.
[kafka-producer-network-thread | producer-2] INFO org.apache.kafka.clients.NetworkClient - [Producer clientId=producer-2] Node -1 disconnected.
[kafka-producer-network-thread | producer-2] WARN org.apache.kafka.clients.NetworkClient - [Producer clientId=producer-2] Connection to node -1 (localhost/127.0.0.1:9092) could not be established. Broker may not be available.
[kafka-producer-network-thread | producer-2] WARN org.apache.kafka.clients.NetworkClient - [Producer clientId=producer-2] Bootstrap broker localhost:9092 (id: -1 rack: null) disconnected
[kafka-admin-client-thread | adminclient-4] INFO org.apache.kafka.clients.NetworkClient - [AdminClient clientId=adminclient-4] Node -1 disconnected.
[kafka-admin-client-thread | adminclient-4] WARN org.apache.kafka.clients.NetworkClient - [AdminClient clientId=adminclient-4] Connection to node -1 (localhost/127.0.0.1:9092) could not be established. Broker may not be available.
[kafka-admin-client-thread | adminclient-8] INFO org.apache.kafka.clients.NetworkClient - [AdminClient clientId=adminclient-8] Node -1 disconnected.
[kafka-admin-client-thread | adminclient-8] WARN org.apache.kafka.clients.NetworkClient - [AdminClient clientId=adminclient-8] Connection to node -1 (localhost/127.0.0.1:9092) could not be established. Broker may not be available.
[kafka-admin-client-thread | adminclient-12] INFO org.apache.kafka.clients.NetworkClient - [AdminClient clientId=adminclient-12] Node -1 disconnected.
[kafka-admin-client-thread | adminclient-12] WARN org.apache.kafka.clients.NetworkClient - [AdminClient clientId=adminclient-12] Connection to node -1 (localhost/127.0.0.1:9092) could not be established. Broker may not be available.
[kafka-admin-client-thread | adminclient-11] INFO org.apache.kafka.clients.NetworkClient - [AdminClient clientId=adminclient-11] Node -1 disconnected.
[kafka-admin-client-thread | adminclient-11] WARN org.apache.kafka.clients.NetworkClient - [AdminClient clientId=adminclient-11] Connection to node -1 (localhost/127.0.0.1:9092) could not be established. Broker may not be available.
[kafka-admin-client-thread | adminclient-7] INFO org.apache.kafka.clients.NetworkClient - [AdminClient clientId=adminclient-7] Node -1 disconnected.
[kafka-admin-client-thread | adminclient-7] WARN org.apache.kafka.clients.NetworkClient - [AdminClient clientId=adminclient-7] Connection to node -1 (localhost/127.0.0.1:9092) could not be established. Broker may not be available.
[kafka-admin-client-thread | adminclient-3] INFO org.apache.kafka.clients.NetworkClient - [AdminClient clientId=adminclient-3] Node -1 disconnected.
[kafka-admin-client-thread | adminclient-3] WARN org.apache.kafka.clients.NetworkClient - [AdminClient clientId=adminclient-3] Connection to node -1 (localhost/127.0.0.1:9092) could not be established. Broker may not be available.
[kafka-admin-client-thread | adminclient-9] INFO org.apache.kafka.clients.NetworkClient - [AdminClient clientId=adminclient-9] Node -1 disconnected.
[kafka-admin-client-thread | adminclient-9] WARN org.apache.kafka.clients.NetworkClient - [AdminClient clientId=adminclient-9] Connection to node -1 (localhost/127.0.0.1:9092) could not be established. Broker may not be available.
[kafka-admin-client-thread | adminclient-1] INFO org.apache.kafka.clients.NetworkClient - [AdminClient clientId=adminclient-1] Node -1 disconnected.
[kafka-admin-client-thread | adminclient-1] WARN org.apache.kafka.clients.NetworkClient - [AdminClient clientId=adminclient-1] Connection to node -1 (localhost/127.0.0.1:9092) could not be established. Broker may not be available.
[kafka-admin-client-thread | adminclient-2] INFO org.apache.kafka.clients.NetworkClient - [AdminClient clientId=adminclient-2] Node -1 disconnected.
[kafka-admin-client-thread | adminclient-2] WARN org.apache.kafka.clients.NetworkClient - [AdminClient clientId=adminclient-2] Connection to node -1 (localhost/127.0.0.1:9092) could not be established. Broker may not be available.
[kafka-admin-client-thread | adminclient-10] INFO org.apache.kafka.clients.NetworkClient - [AdminClient clientId=adminclient-10] Node -1 disconnected.
[kafka-admin-client-thread | adminclient-10] WARN org.apache.kafka.clients.NetworkClient - [AdminClient clientId=adminclient-10] Connection to node -1 (localhost/127.0.0.1:9092) could not be established. Broker may not be available.
[kafka-producer-network-thread | producer-2] INFO org.apache.kafka.clients.NetworkClient - [Producer clientId=producer-2] Node -1 disconnected.
[kafka-producer-network-thread | producer-2] WARN org.apache.kafka.clients.NetworkClient - [Producer clientId=producer-2] Connection to node -1 (localhost/127.0.0.1:9092) could not be established. Broker may not be available.
[kafka-producer-network-thread | producer-2] WARN org.apache.kafka.clients.NetworkClient - [Producer clientId=producer-2] Bootstrap broker localhost:9092 (id: -1 rack: null) disconnected
[kafka-admin-client-thread | adminclient-4] INFO org.apache.kafka.clients.NetworkClient - [AdminClient clientId=adminclient-4] Node -1 disconnected.
[kafka-admin-client-thread | adminclient-4] WARN org.apache.kafka.clients.NetworkClient - [AdminClient clientId=adminclient-4] Connection to node -1 (localhost/127.0.0.1:9092) could not be established. Broker may not be available.
[kafka-admin-client-thread | adminclient-7] INFO org.apache.kafka.clients.NetworkClient - [AdminClient clientId=adminclient-7] Node -1 disconnected.
[kafka-admin-client-thread | adminclient-7] WARN org.apache.kafka.clients.NetworkClient - [AdminClient clientId=adminclient-7] Connection to node -1 (localhost/127.0.0.1:9092) could not be established. Broker may not be available.
[kafka-admin-client-thread | adminclient-8] INFO org.apache.kafka.clients.NetworkClient - [AdminClient clientId=adminclient-8] Node -1 disconnected.
[kafka-admin-client-thread | adminclient-8] WARN org.apache.kafka.clients.NetworkClient - [AdminClient clientId=adminclient-8] Connection to node -1 (localhost/127.0.0.1:9092) could not be established. Broker may not be available.
[kafka-admin-client-thread | adminclient-3] INFO org.apache.kafka.clients.NetworkClient - [AdminClient clientId=adminclient-3] Node -1 disconnected.
[kafka-admin-client-thread | adminclient-3] WARN org.apache.kafka.clients.NetworkClient - [AdminClient clientId=adminclient-3] Connection to node -1 (localhost/127.0.0.1:9092) could not be established. Broker may not be available.
[kafka-admin-client-thread | adminclient-12] INFO org.apache.kafka.clients.NetworkClient - [AdminClient clientId=adminclient-12] Node -1 disconnected.
[kafka-admin-client-thread | adminclient-11] INFO org.apache.kafka.clients.NetworkClient - [AdminClient clientId=adminclient-11] Node -1 disconnected.
[kafka-admin-client-thread | adminclient-12] WARN org.apache.kafka.clients.NetworkClient - [AdminClient clientId=adminclient-12] Connection to node -1 (localhost/127.0.0.1:9092) could not be established. Broker may not be available.
[kafka-admin-client-thread | adminclient-11] WARN org.apache.kafka.clients.NetworkClient - [AdminClient clientId=adminclient-11] Connection to node -1 (localhost/127.0.0.1:9092) could not be established. Broker may not be available.
[kafka-admin-client-thread | adminclient-9] INFO org.apache.kafka.clients.NetworkClient - [AdminClient clientId=adminclient-9] Node -1 disconnected.
[kafka-admin-client-thread | adminclient-9] WARN org.apache.kafka.clients.NetworkClient - [AdminClient clientId=adminclient-9] Connection to node -1 (localhost/127.0.0.1:9092) could not be established. Broker may not be available.
[kafka-admin-client-thread | adminclient-2] INFO org.apache.kafka.clients.NetworkClient - [AdminClient clientId=adminclient-2] Node -1 disconnected.
[kafka-admin-client-thread | adminclient-2] WARN org.apache.kafka.clients.NetworkClient - [AdminClient clientId=adminclient-2] Connection to node -1 (localhost/127.0.0.1:9092) could not be established. Broker may not be available.
[kafka-admin-client-thread | adminclient-1] INFO org.apache.kafka.clients.NetworkClient - [AdminClient clientId=adminclient-1] Node -1 disconnected.
[kafka-admin-client-thread | adminclient-1] WARN org.apache.kafka.clients.NetworkClient - [AdminClient clientId=adminclient-1] Connection to node -1 (localhost/127.0.0.1:9092) could not be established. Broker may not be available.
[kafka-admin-client-thread | adminclient-10] INFO org.apache.kafka.clients.NetworkClient - [AdminClient clientId=adminclient-10] Node -1 disconnected.
[kafka-admin-client-thread | adminclient-10] WARN org.apache.kafka.clients.NetworkClient - [AdminClient clientId=adminclient-10] Connection to node -1 (localhost/127.0.0.1:9092) could not be established. Broker may not be available.
[kafka-admin-client-thread | adminclient-8] INFO org.apache.kafka.clients.NetworkClient - [AdminClient clientId=adminclient-8] Node -1 disconnected.
[kafka-admin-client-thread | adminclient-8] WARN org.apache.kafka.clients.NetworkClient - [AdminClient clientId=adminclient-8] Connection to node -1 (localhost/127.0.0.1:9092) could not be established. Broker may not be available.
[kafka-producer-network-thread | producer-2] INFO org.apache.kafka.clients.NetworkClient - [Producer clientId=producer-2] Node -1 disconnected.
[kafka-producer-network-thread | producer-2] WARN org.apache.kafka.clients.NetworkClient - [Producer clientId=producer-2] Connection to node -1 (localhost/127.0.0.1:9092) could not be established. Broker may not be available.
[kafka-producer-network-thread | producer-2] WARN org.apache.kafka.clients.NetworkClient - [Producer clientId=producer-2] Bootstrap broker localhost:9092 (id: -1 rack: null) disconnected
[kafka-admin-client-thread | adminclient-7] INFO org.apache.kafka.clients.NetworkClient - [AdminClient clientId=adminclient-7] Node -1 disconnected.
[kafka-admin-client-thread | adminclient-7] WARN org.apache.kafka.clients.NetworkClient - [AdminClient clientId=adminclient-7] Connection to node -1 (localhost/127.0.0.1:9092) could not be established. Broker may not be available.
[kafka-admin-client-thread | adminclient-3] INFO org.apache.kafka.clients.NetworkClient - [AdminClient clientId=adminclient-3] Node -1 disconnected.
[kafka-admin-client-thread | adminclient-4] INFO org.apache.kafka.clients.NetworkClient - [AdminClient clientId=adminclient-4] Node -1 disconnected.
[kafka-admin-client-thread | adminclient-3] WARN org.apache.kafka.clients.NetworkClient - [AdminClient clientId=adminclient-3] Connection to node -1 (localhost/127.0.0.1:9092) could not be established. Broker may not be available.
[kafka-admin-client-thread | adminclient-4] WARN org.apache.kafka.clients.NetworkClient - [AdminClient clientId=adminclient-4] Connection to node -1 (localhost/127.0.0.1:9092) could not be established. Broker may not be available.
[kafka-admin-client-thread | adminclient-12] INFO org.apache.kafka.clients.NetworkClient - [AdminClient clientId=adminclient-12] Node -1 disconnected.
[kafka-admin-client-thread | adminclient-12] WARN org.apache.kafka.clients.NetworkClient - [AdminClient clientId=adminclient-12] Connection to node -1 (localhost/127.0.0.1:9092) could not be established. Broker may not be available.
[kafka-admin-client-thread | adminclient-11] INFO org.apache.kafka.clients.NetworkClient - [AdminClient clientId=adminclient-11] Node -1 disconnected.
[kafka-admin-client-thread | adminclient-11] WARN org.apache.kafka.clients.NetworkClient - [AdminClient clientId=adminclient-11] Connection to node -1 (localhost/127.0.0.1:9092) could not be established. Broker may not be available.
[kafka-admin-client-thread | adminclient-2] INFO org.apache.kafka.clients.NetworkClient - [AdminClient clientId=adminclient-2] Node -1 disconnected.
[kafka-admin-client-thread | adminclient-2] WARN org.apache.kafka.clients.NetworkClient - [AdminClient clientId=adminclient-2] Connection to node -1 (localhost/127.0.0.1:9092) could not be established. Broker may not be available.
[kafka-admin-client-thread | adminclient-9] INFO org.apache.kafka.clients.NetworkClient - [AdminClient clientId=adminclient-9] Node -1 disconnected.
[kafka-admin-client-thread | adminclient-9] WARN org.apache.kafka.clients.NetworkClient - [AdminClient clientId=adminclient-9] Connection to node -1 (localhost/127.0.0.1:9092) could not be established. Broker may not be available.
[kafka-admin-client-thread | adminclient-10] INFO org.apache.kafka.clients.NetworkClient - [AdminClient clientId=adminclient-10] Node -1 disconnected.
[kafka-admin-client-thread | adminclient-10] WARN org.apache.kafka.clients.NetworkClient - [AdminClient clientId=adminclient-10] Connection to node -1 (localhost/127.0.0.1:9092) could not be established. Broker may not be available.
[kafka-admin-client-thread | adminclient-1] INFO org.apache.kafka.clients.NetworkClient - [AdminClient clientId=adminclient-1] Node -1 disconnected.
[kafka-admin-client-thread | adminclient-1] WARN org.apache.kafka.clients.NetworkClient - [AdminClient clientId=adminclient-1] Connection to node -1 (localhost/127.0.0.1:9092) could not be established. Broker may not be available.
[kafka-admin-client-thread | adminclient-8] INFO org.apache.kafka.clients.NetworkClient - [AdminClient clientId=adminclient-8] Node -1 disconnected.
[kafka-admin-client-thread | adminclient-8] WARN org.apache.kafka.clients.NetworkClient - [AdminClient clientId=adminclient-8] Connection to node -1 (localhost/127.0.0.1:9092) could not be established. Broker may not be available.
[kafka-admin-client-thread | adminclient-7] INFO org.apache.kafka.clients.NetworkClient - [AdminClient clientId=adminclient-7] Node -1 disconnected.
[kafka-admin-client-thread | adminclient-7] WARN org.apache.kafka.clients.NetworkClient - [AdminClient clientId=adminclient-7] Connection to node -1 (localhost/127.0.0.1:9092) could not be established. Broker may not be available.
[kafka-producer-network-thread | producer-2] INFO org.apache.kafka.clients.NetworkClient - [Producer clientId=producer-2] Node -1 disconnected.
[kafka-producer-network-thread | producer-2] WARN org.apache.kafka.clients.NetworkClient - [Producer clientId=producer-2] Connection to node -1 (localhost/127.0.0.1:9092) could not be established. Broker may not be available.
[kafka-producer-network-thread | producer-2] WARN org.apache.kafka.clients.NetworkClient - [Producer clientId=producer-2] Bootstrap broker localhost:9092 (id: -1 rack: null) disconnected
[kafka-admin-client-thread | adminclient-3] INFO org.apache.kafka.clients.NetworkClient - [AdminClient clientId=adminclient-3] Node -1 disconnected.
[kafka-admin-client-thread | adminclient-3] WARN org.apache.kafka.clients.NetworkClient - [AdminClient clientId=adminclient-3] Connection to node -1 (localhost/127.0.0.1:9092) could not be established. Broker may not be available.
[kafka-admin-client-thread | adminclient-4] INFO org.apache.kafka.clients.NetworkClient - [AdminClient clientId=adminclient-4] Node -1 disconnected.
[kafka-admin-client-thread | adminclient-4] WARN org.apache.kafka.clients.NetworkClient - [AdminClient clientId=adminclient-4] Connection to node -1 (localhost/127.0.0.1:9092) could not be established. Broker may not be available.
[kafka-admin-client-thread | adminclient-12] INFO org.apache.kafka.clients.NetworkClient - [AdminClient clientId=adminclient-12] Node -1 disconnected.
[kafka-admin-client-thread | adminclient-12] WARN org.apache.kafka.clients.NetworkClient - [AdminClient clientId=adminclient-12] Connection to node -1 (localhost/127.0.0.1:9092) could not be established. Broker may not be available.
[kafka-admin-client-thread | adminclient-11] INFO org.apache.kafka.clients.NetworkClient - [AdminClient clientId=adminclient-11] Node -1 disconnected.
[kafka-admin-client-thread | adminclient-11] WARN org.apache.kafka.clients.NetworkClient - [AdminClient clientId=adminclient-11] Connection to node -1 (localhost/127.0.0.1:9092) could not be established. Broker may not be available.
[kafka-admin-client-thread | adminclient-2] INFO org.apache.kafka.clients.NetworkClient - [AdminClient clientId=adminclient-2] Node -1 disconnected.
[kafka-admin-client-thread | adminclient-2] WARN org.apache.kafka.clients.NetworkClient - [AdminClient clientId=adminclient-2] Connection to node -1 (localhost/127.0.0.1:9092) could not be established. Broker may not be available.
[kafka-admin-client-thread | adminclient-9] INFO org.apache.kafka.clients.NetworkClient - [AdminClient clientId=adminclient-9] Node -1 disconnected.
[kafka-admin-client-thread | adminclient-9] WARN org.apache.kafka.clients.NetworkClient - [AdminClient clientId=adminclient-9] Connection to node -1 (localhost/127.0.0.1:9092) could not be established. Broker may not be available.
[kafka-admin-client-thread | adminclient-1] INFO org.apache.kafka.clients.NetworkClient - [AdminClient clientId=adminclient-1] Node -1 disconnected.
[kafka-admin-client-thread | adminclient-1] WARN org.apache.kafka.clients.NetworkClient - [AdminClient clientId=adminclient-1] Connection to node -1 (localhost/127.0.0.1:9092) could not be established. Broker may not be available.
[kafka-admin-client-thread | adminclient-10] INFO org.apache.kafka.clients.NetworkClient - [AdminClient clientId=adminclient-10] Node -1 disconnected.
[kafka-admin-client-thread | adminclient-10] WARN org.apache.kafka.clients.NetworkClient - [AdminClient clientId=adminclient-10] Connection to node -1 (localhost/127.0.0.1:9092) could not be established. Broker may not be available.
[kafka-admin-client-thread | adminclient-8] INFO org.apache.kafka.clients.NetworkClient - [AdminClient clientId=adminclient-8] Node -1 disconnected.
[kafka-admin-client-thread | adminclient-8] WARN org.apache.kafka.clients.NetworkClient - [AdminClient clientId=adminclient-8] Connection to node -1 (localhost/127.0.0.1:9092) could not be established. Broker may not be available.
[kafka-producer-network-thread | producer-2] INFO org.apache.kafka.clients.NetworkClient - [Producer clientId=producer-2] Node -1 disconnected.
[kafka-producer-network-thread | producer-2] WARN org.apache.kafka.clients.NetworkClient - [Producer clientId=producer-2] Connection to node -1 (localhost/127.0.0.1:9092) could not be established. Broker may not be available.
[kafka-producer-network-thread | producer-2] WARN org.apache.kafka.clients.NetworkClient - [Producer clientId=producer-2] Bootstrap broker localhost:9092 (id: -1 rack: null) disconnected
[kafka-admin-client-thread | adminclient-7] INFO org.apache.kafka.clients.NetworkClient - [AdminClient clientId=adminclient-7] Node -1 disconnected.
[kafka-admin-client-thread | adminclient-7] WARN org.apache.kafka.clients.NetworkClient - [AdminClient clientId=adminclient-7] Connection to node -1 (localhost/127.0.0.1:9092) could not be established. Broker may not be available.
[kafka-admin-client-thread | adminclient-3] INFO org.apache.kafka.clients.NetworkClient - [AdminClient clientId=adminclient-3] Node -1 disconnected.
[kafka-admin-client-thread | adminclient-3] WARN org.apache.kafka.clients.NetworkClient - [AdminClient clientId=adminclient-3] Connection to node -1 (localhost/127.0.0.1:9092) could not be established. Broker may not be available.
[kafka-admin-client-thread | adminclient-4] INFO org.apache.kafka.clients.NetworkClient - [AdminClient clientId=adminclient-4] Node -1 disconnected.
[kafka-admin-client-thread | adminclient-4] WARN org.apache.kafka.clients.NetworkClient - [AdminClient clientId=adminclient-4] Connection to node -1 (localhost/127.0.0.1:9092) could not be established. Broker may not be available.
[kafka-admin-client-thread | adminclient-12] INFO org.apache.kafka.clients.NetworkClient - [AdminClient clientId=adminclient-12] Node -1 disconnected.
[kafka-admin-client-thread | adminclient-12] WARN org.apache.kafka.clients.NetworkClient - [AdminClient clientId=adminclient-12] Connection to node -1 (localhost/127.0.0.1:9092) could not be established. Broker may not be available.
[kafka-admin-client-thread | adminclient-11] INFO org.apache.kafka.clients.NetworkClient - [AdminClient clientId=adminclient-11] Node -1 disconnected.
[kafka-admin-client-thread | adminclient-11] WARN org.apache.kafka.clients.NetworkClient - [AdminClient clientId=adminclient-11] Connection to node -1 (localhost/127.0.0.1:9092) could not be established. Broker may not be available.
[kafka-admin-client-thread | adminclient-1] INFO org.apache.kafka.clients.NetworkClient - [AdminClient clientId=adminclient-1] Node -1 disconnected.
[kafka-admin-client-thread | adminclient-1] WARN org.apache.kafka.clients.NetworkClient - [AdminClient clientId=adminclient-1] Connection to node -1 (localhost/127.0.0.1:9092) could not be established. Broker may not be available.
[kafka-admin-client-thread | adminclient-10] INFO org.apache.kafka.clients.NetworkClient - [AdminClient clientId=adminclient-10] Node -1 disconnected.
[kafka-admin-client-thread | adminclient-10] WARN org.apache.kafka.clients.NetworkClient - [AdminClient clientId=adminclient-10] Connection to node -1 (localhost/127.0.0.1:9092) could not be established. Broker may not be available.
[kafka-admin-client-thread | adminclient-9] INFO org.apache.kafka.clients.NetworkClient - [AdminClient clientId=adminclient-9] Node -1 disconnected.
[kafka-admin-client-thread | adminclient-9] WARN org.apache.kafka.clients.NetworkClient - [AdminClient clientId=adminclient-9] Connection to node -1 (localhost/127.0.0.1:9092) could not be established. Broker may not be available.
[kafka-admin-client-thread | adminclient-2] INFO org.apache.kafka.clients.NetworkClient - [AdminClient clientId=adminclient-2] Node -1 disconnected.
[kafka-admin-client-thread | adminclient-2] WARN org.apache.kafka.clients.NetworkClient - [AdminClient clientId=adminclient-2] Connection to node -1 (localhost/127.0.0.1:9092) could not be established. Broker may not be available.
[kafka-admin-client-thread | adminclient-8] INFO org.apache.kafka.clients.NetworkClient - [AdminClient clientId=adminclient-8] Node -1 disconnected.
[kafka-admin-client-thread | adminclient-8] WARN org.apache.kafka.clients.NetworkClient - [AdminClient clientId=adminclient-8] Connection to node -1 (localhost/127.0.0.1:9092) could not be established. Broker may not be available.
[kafka-admin-client-thread | adminclient-7] INFO org.apache.kafka.clients.NetworkClient - [AdminClient clientId=adminclient-7] Node -1 disconnected.
[kafka-admin-client-thread | adminclient-7] WARN org.apache.kafka.clients.NetworkClient - [AdminClient clientId=adminclient-7] Connection to node -1 (localhost/127.0.0.1:9092) could not be established. Broker may not be available.
[kafka-producer-network-thread | producer-2] INFO org.apache.kafka.clients.NetworkClient - [Producer clientId=producer-2] Node -1 disconnected.
[kafka-producer-network-thread | producer-2] WARN org.apache.kafka.clients.NetworkClient - [Producer clientId=producer-2] Connection to node -1 (localhost/127.0.0.1:9092) could not be established. Broker may not be available.
[kafka-producer-network-thread | producer-2] WARN org.apache.kafka.clients.NetworkClient - [Producer clientId=producer-2] Bootstrap broker localhost:9092 (id: -1 rack: null) disconnected
[kafka-admin-client-thread | adminclient-3] INFO org.apache.kafka.clients.NetworkClient - [AdminClient clientId=adminclient-3] Node -1 disconnected.
[kafka-admin-client-thread | adminclient-3] WARN org.apache.kafka.clients.NetworkClient - [AdminClient clientId=adminclient-3] Connection to node -1 (localhost/127.0.0.1:9092) could not be established. Broker may not be available.
[kafka-admin-client-thread | adminclient-4] INFO org.apache.kafka.clients.NetworkClient - [AdminClient clientId=adminclient-4] Node -1 disconnected.
[kafka-admin-client-thread | adminclient-4] WARN org.apache.kafka.clients.NetworkClient - [AdminClient clientId=adminclient-4] Connection to node -1 (localhost/127.0.0.1:9092) could not be established. Broker may not be available.
[kafka-admin-client-thread | adminclient-12] INFO org.apache.kafka.clients.NetworkClient - [AdminClient clientId=adminclient-12] Node -1 disconnected.
[kafka-admin-client-thread | adminclient-12] WARN org.apache.kafka.clients.NetworkClient - [AdminClient clientId=adminclient-12] Connection to node -1 (localhost/127.0.0.1:9092) could not be established. Broker may not be available.
[kafka-admin-client-thread | adminclient-11] INFO org.apache.kafka.clients.NetworkClient - [AdminClient clientId=adminclient-11] Node -1 disconnected.
[kafka-admin-client-thread | adminclient-11] WARN org.apache.kafka.clients.NetworkClient - [AdminClient clientId=adminclient-11] Connection to node -1 (localhost/127.0.0.1:9092) could not be established. Broker may not be available.
[kafka-admin-client-thread | adminclient-1] INFO org.apache.kafka.clients.NetworkClient - [AdminClient clientId=adminclient-1] Node -1 disconnected.
[kafka-admin-client-thread | adminclient-1] WARN org.apache.kafka.clients.NetworkClient - [AdminClient clientId=adminclient-1] Connection to node -1 (localhost/127.0.0.1:9092) could not be established. Broker may not be available.
[kafka-admin-client-thread | adminclient-2] INFO org.apache.kafka.clients.NetworkClient - [AdminClient clientId=adminclient-2] Node -1 disconnected.
[kafka-admin-client-thread | adminclient-2] WARN org.apache.kafka.clients.NetworkClient - [AdminClient clientId=adminclient-2] Connection to node -1 (localhost/127.0.0.1:9092) could not be established. Broker may not be available.
[kafka-admin-client-thread | adminclient-10] INFO org.apache.kafka.clients.NetworkClient - [AdminClient clientId=adminclient-10] Node -1 disconnected.
[kafka-admin-client-thread | adminclient-10] WARN org.apache.kafka.clients.NetworkClient - [AdminClient clientId=adminclient-10] Connection to node -1 (localhost/127.0.0.1:9092) could not be established. Broker may not be available.
[kafka-admin-client-thread | adminclient-8] INFO org.apache.kafka.clients.NetworkClient - [AdminClient clientId=adminclient-8] Node -1 disconnected.
[kafka-admin-client-thread | adminclient-8] WARN org.apache.kafka.clients.NetworkClient - [AdminClient clientId=adminclient-8] Connection to node -1 (localhost/127.0.0.1:9092) could not be established. Broker may not be available.
[kafka-admin-client-thread | adminclient-9] INFO org.apache.kafka.clients.NetworkClient - [AdminClient clientId=adminclient-9] Node -1 disconnected.
[kafka-admin-client-thread | adminclient-9] WARN org.apache.kafka.clients.NetworkClient - [AdminClient clientId=adminclient-9] Connection to node -1 (localhost/127.0.0.1:9092) could not be established. Broker may not be available.
[kafka-admin-client-thread | adminclient-7] INFO org.apache.kafka.clients.NetworkClient - [AdminClient clientId=adminclient-7] Node -1 disconnected.
[kafka-admin-client-thread | adminclient-7] WARN org.apache.kafka.clients.NetworkClient - [AdminClient clientId=adminclient-7] Connection to node -1 (localhost/127.0.0.1:9092) could not be established. Broker may not be available.
[kafka-producer-network-thread | producer-2] INFO org.apache.kafka.clients.NetworkClient - [Producer clientId=producer-2] Node -1 disconnected.
[kafka-producer-network-thread | producer-2] WARN org.apache.kafka.clients.NetworkClient - [Producer clientId=producer-2] Connection to node -1 (localhost/127.0.0.1:9092) could not be established. Broker may not be available.
[kafka-producer-network-thread | producer-2] WARN org.apache.kafka.clients.NetworkClient - [Producer clientId=producer-2] Bootstrap broker localhost:9092 (id: -1 rack: null) disconnected
[kafka-admin-client-thread | adminclient-3] INFO org.apache.kafka.clients.NetworkClient - [AdminClient clientId=adminclient-3] Node -1 disconnected.
[kafka-admin-client-thread | adminclient-3] WARN org.apache.kafka.clients.NetworkClient - [AdminClient clientId=adminclient-3] Connection to node -1 (localhost/127.0.0.1:9092) could not be established. Broker may not be available.
[kafka-admin-client-thread | adminclient-4] INFO org.apache.kafka.clients.NetworkClient - [AdminClient clientId=adminclient-4] Node -1 disconnected.
[kafka-admin-client-thread | adminclient-4] WARN org.apache.kafka.clients.NetworkClient - [AdminClient clientId=adminclient-4] Connection to node -1 (localhost/127.0.0.1:9092) could not be established. Broker may not be available.
[kafka-admin-client-thread | adminclient-11] INFO org.apache.kafka.clients.NetworkClient - [AdminClient clientId=adminclient-11] Node -1 disconnected.
[kafka-admin-client-thread | adminclient-11] WARN org.apache.kafka.clients.NetworkClient - [AdminClient clientId=adminclient-11] Connection to node -1 (localhost/127.0.0.1:9092) could not be established. Broker may not be available.
[kafka-admin-client-thread | adminclient-12] INFO org.apache.kafka.clients.NetworkClient - [AdminClient clientId=adminclient-12] Node -1 disconnected.
[kafka-admin-client-thread | adminclient-12] WARN org.apache.kafka.clients.NetworkClient - [AdminClient clientId=adminclient-12] Connection to node -1 (localhost/127.0.0.1:9092) could not be established. Broker may not be available.
[kafka-admin-client-thread | adminclient-1] INFO org.apache.kafka.clients.NetworkClient - [AdminClient clientId=adminclient-1] Node -1 disconnected.
[kafka-admin-client-thread | adminclient-1] WARN org.apache.kafka.clients.NetworkClient - [AdminClient clientId=adminclient-1] Connection to node -1 (localhost/127.0.0.1:9092) could not be established. Broker may not be available.
[kafka-admin-client-thread | adminclient-10] INFO org.apache.kafka.clients.NetworkClient - [AdminClient clientId=adminclient-10] Node -1 disconnected.
[kafka-admin-client-thread | adminclient-10] WARN org.apache.kafka.clients.NetworkClient - [AdminClient clientId=adminclient-10] Connection to node -1 (localhost/127.0.0.1:9092) could not be established. Broker may not be available.
[kafka-admin-client-thread | adminclient-8] INFO org.apache.kafka.clients.NetworkClient - [AdminClient clientId=adminclient-8] Node -1 disconnected.
[kafka-admin-client-thread | adminclient-8] WARN org.apache.kafka.clients.NetworkClient - [AdminClient clientId=adminclient-8] Connection to node -1 (localhost/127.0.0.1:9092) could not be established. Broker may not be available.
[kafka-admin-client-thread | adminclient-9] INFO org.apache.kafka.clients.NetworkClient - [AdminClient clientId=adminclient-9] Node -1 disconnected.
[kafka-admin-client-thread | adminclient-9] WARN org.apache.kafka.clients.NetworkClient - [AdminClient clientId=adminclient-9] Connection to node -1 (localhost/127.0.0.1:9092) could not be established. Broker may not be available.
[kafka-producer-network-thread | producer-2] INFO org.apache.kafka.clients.NetworkClient - [Producer clientId=producer-2] Node -1 disconnected.
[kafka-producer-network-thread | producer-2] WARN org.apache.kafka.clients.NetworkClient - [Producer clientId=producer-2] Connection to node -1 (localhost/127.0.0.1:9092) could not be established. Broker may not be available.
[kafka-producer-network-thread | producer-2] WARN org.apache.kafka.clients.NetworkClient - [Producer clientId=producer-2] Bootstrap broker localhost:9092 (id: -1 rack: null) disconnected
[kafka-admin-client-thread | adminclient-7] INFO org.apache.kafka.clients.NetworkClient - [AdminClient clientId=adminclient-7] Node -1 disconnected.
[kafka-admin-client-thread | adminclient-7] WARN org.apache.kafka.clients.NetworkClient - [AdminClient clientId=adminclient-7] Connection to node -1 (localhost/127.0.0.1:9092) could not be established. Broker may not be available.
[kafka-admin-client-thread | adminclient-2] INFO org.apache.kafka.clients.NetworkClient - [AdminClient clientId=adminclient-2] Node -1 disconnected.
[kafka-admin-client-thread | adminclient-2] WARN org.apache.kafka.clients.NetworkClient - [AdminClient clientId=adminclient-2] Connection to node -1 (localhost/127.0.0.1:9092) could not be established. Broker may not be available.
[kafka-admin-client-thread | adminclient-3] INFO org.apache.kafka.clients.NetworkClient - [AdminClient clientId=adminclient-3] Node -1 disconnected.
[kafka-admin-client-thread | adminclient-3] WARN org.apache.kafka.clients.NetworkClient - [AdminClient clientId=adminclient-3] Connection to node -1 (localhost/127.0.0.1:9092) could not be established. Broker may not be available.
[kafka-admin-client-thread | adminclient-4] INFO org.apache.kafka.clients.NetworkClient - [AdminClient clientId=adminclient-4] Node -1 disconnected.
[kafka-admin-client-thread | adminclient-4] WARN org.apache.kafka.clients.NetworkClient - [AdminClient clientId=adminclient-4] Connection to node -1 (localhost/127.0.0.1:9092) could not be established. Broker may not be available.
[kafka-admin-client-thread | adminclient-11] INFO org.apache.kafka.clients.NetworkClient - [AdminClient clientId=adminclient-11] Node -1 disconnected.
[kafka-admin-client-thread | adminclient-11] WARN org.apache.kafka.clients.NetworkClient - [AdminClient clientId=adminclient-11] Connection to node -1 (localhost/127.0.0.1:9092) could not be established. Broker may not be available.
[kafka-admin-client-thread | adminclient-12] INFO org.apache.kafka.clients.NetworkClient - [AdminClient clientId=adminclient-12] Node -1 disconnected.
[kafka-admin-client-thread | adminclient-12] WARN org.apache.kafka.clients.NetworkClient - [AdminClient clientId=adminclient-12] Connection to node -1 (localhost/127.0.0.1:9092) could not be established. Broker may not be available.
[kafka-admin-client-thread | adminclient-1] INFO org.apache.kafka.clients.NetworkClient - [AdminClient clientId=adminclient-1] Node -1 disconnected.
[kafka-admin-client-thread | adminclient-1] WARN org.apache.kafka.clients.NetworkClient - [AdminClient clientId=adminclient-1] Connection to node -1 (localhost/127.0.0.1:9092) could not be established. Broker may not be available.
[kafka-admin-client-thread | adminclient-2] INFO org.apache.kafka.clients.NetworkClient - [AdminClient clientId=adminclient-2] Node -1 disconnected.
[kafka-admin-client-thread | adminclient-2] WARN org.apache.kafka.clients.NetworkClient - [AdminClient clientId=adminclient-2] Connection to node -1 (localhost/127.0.0.1:9092) could not be established. Broker may not be available.
[kafka-admin-client-thread | adminclient-10] INFO org.apache.kafka.clients.NetworkClient - [AdminClient clientId=adminclient-10] Node -1 disconnected.
[kafka-admin-client-thread | adminclient-10] WARN org.apache.kafka.clients.NetworkClient - [AdminClient clientId=adminclient-10] Connection to node -1 (localhost/127.0.0.1:9092) could not be established. Broker may not be available.
[kafka-admin-client-thread | adminclient-9] INFO org.apache.kafka.clients.NetworkClient - [AdminClient clientId=adminclient-9] Node -1 disconnected.
[kafka-admin-client-thread | adminclient-9] WARN org.apache.kafka.clients.NetworkClient - [AdminClient clientId=adminclient-9] Connection to node -1 (localhost/127.0.0.1:9092) could not be established. Broker may not be available.
[kafka-admin-client-thread | adminclient-7] INFO org.apache.kafka.clients.NetworkClient - [AdminClient clientId=adminclient-7] Node -1 disconnected.
[kafka-admin-client-thread | adminclient-8] INFO org.apache.kafka.clients.NetworkClient - [AdminClient clientId=adminclient-8] Node -1 disconnected.
[kafka-admin-client-thread | adminclient-7] WARN org.apache.kafka.clients.NetworkClient - [AdminClient clientId=adminclient-7] Connection to node -1 (localhost/127.0.0.1:9092) could not be established. Broker may not be available.
[kafka-admin-client-thread | adminclient-8] WARN org.apache.kafka.clients.NetworkClient - [AdminClient clientId=adminclient-8] Connection to node -1 (localhost/127.0.0.1:9092) could not be established. Broker may not be available.
[kafka-producer-network-thread | producer-2] INFO org.apache.kafka.clients.NetworkClient - [Producer clientId=producer-2] Node -1 disconnected.
[kafka-producer-network-thread | producer-2] WARN org.apache.kafka.clients.NetworkClient - [Producer clientId=producer-2] Connection to node -1 (localhost/127.0.0.1:9092) could not be established. Broker may not be available.
[kafka-producer-network-thread | producer-2] WARN org.apache.kafka.clients.NetworkClient - [Producer clientId=producer-2] Bootstrap broker localhost:9092 (id: -1 rack: null) disconnected
[kafka-admin-client-thread | adminclient-4] INFO org.apache.kafka.clients.NetworkClient - [AdminClient clientId=adminclient-4] Node -1 disconnected.
[kafka-admin-client-thread | adminclient-4] WARN org.apache.kafka.clients.NetworkClient - [AdminClient clientId=adminclient-4] Connection to node -1 (localhost/127.0.0.1:9092) could not be established. Broker may not be available.
[kafka-admin-client-thread | adminclient-3] INFO org.apache.kafka.clients.NetworkClient - [AdminClient clientId=adminclient-3] Node -1 disconnected.
[kafka-admin-client-thread | adminclient-3] WARN org.apache.kafka.clients.NetworkClient - [AdminClient clientId=adminclient-3] Connection to node -1 (localhost/127.0.0.1:9092) could not be established. Broker may not be available.
[kafka-admin-client-thread | adminclient-11] INFO org.apache.kafka.clients.NetworkClient - [AdminClient clientId=adminclient-11] Node -1 disconnected.
[kafka-admin-client-thread | adminclient-11] WARN org.apache.kafka.clients.NetworkClient - [AdminClient clientId=adminclient-11] Connection to node -1 (localhost/127.0.0.1:9092) could not be established. Broker may not be available.
[kafka-admin-client-thread | adminclient-2] INFO org.apache.kafka.clients.NetworkClient - [AdminClient clientId=adminclient-2] Node -1 disconnected.
[kafka-admin-client-thread | adminclient-2] WARN org.apache.kafka.clients.NetworkClient - [AdminClient clientId=adminclient-2] Connection to node -1 (localhost/127.0.0.1:9092) could not be established. Broker may not be available.
[kafka-admin-client-thread | adminclient-10] INFO org.apache.kafka.clients.NetworkClient - [AdminClient clientId=adminclient-10] Node -1 disconnected.
[kafka-admin-client-thread | adminclient-10] WARN org.apache.kafka.clients.NetworkClient - [AdminClient clientId=adminclient-10] Connection to node -1 (localhost/127.0.0.1:9092) could not be established. Broker may not be available.
[kafka-admin-client-thread | adminclient-9] INFO org.apache.kafka.clients.NetworkClient - [AdminClient clientId=adminclient-9] Node -1 disconnected.
[kafka-admin-client-thread | adminclient-9] WARN org.apache.kafka.clients.NetworkClient - [AdminClient clientId=adminclient-9] Connection to node -1 (localhost/127.0.0.1:9092) could not be established. Broker may not be available.
[kafka-admin-client-thread | adminclient-12] INFO org.apache.kafka.clients.NetworkClient - [AdminClient clientId=adminclient-12] Node -1 disconnected.
[kafka-admin-client-thread | adminclient-12] WARN org.apache.kafka.clients.NetworkClient - [AdminClient clientId=adminclient-12] Connection to node -1 (localhost/127.0.0.1:9092) could not be established. Broker may not be available.
[kafka-admin-client-thread | adminclient-8] INFO org.apache.kafka.clients.NetworkClient - [AdminClient clientId=adminclient-8] Node -1 disconnected.
[kafka-admin-client-thread | adminclient-8] WARN org.apache.kafka.clients.NetworkClient - [AdminClient clientId=adminclient-8] Connection to node -1 (localhost/127.0.0.1:9092) could not be established. Broker may not be available.
[kafka-admin-client-thread | adminclient-1] INFO org.apache.kafka.clients.NetworkClient - [AdminClient clientId=adminclient-1] Node -1 disconnected.
[kafka-admin-client-thread | adminclient-7] INFO org.apache.kafka.clients.NetworkClient - [AdminClient clientId=adminclient-7] Node -1 disconnected.
[kafka-admin-client-thread | adminclient-1] WARN org.apache.kafka.clients.NetworkClient - [AdminClient clientId=adminclient-1] Connection to node -1 (localhost/127.0.0.1:9092) could not be established. Broker may not be available.
[kafka-admin-client-thread | adminclient-7] WARN org.apache.kafka.clients.NetworkClient - [AdminClient clientId=adminclient-7] Connection to node -1 (localhost/127.0.0.1:9092) could not be established. Broker may not be available.
[kafka-producer-network-thread | producer-2] INFO org.apache.kafka.clients.NetworkClient - [Producer clientId=producer-2] Node -1 disconnected.
[kafka-producer-network-thread | producer-2] WARN org.apache.kafka.clients.NetworkClient - [Producer clientId=producer-2] Connection to node -1 (localhost/127.0.0.1:9092) could not be established. Broker may not be available.
[kafka-producer-network-thread | producer-2] WARN org.apache.kafka.clients.NetworkClient - [Producer clientId=producer-2] Bootstrap broker localhost:9092 (id: -1 rack: null) disconnected
[kafka-admin-client-thread | adminclient-3] INFO org.apache.kafka.clients.NetworkClient - [AdminClient clientId=adminclient-3] Node -1 disconnected.
[kafka-admin-client-thread | adminclient-3] WARN org.apache.kafka.clients.NetworkClient - [AdminClient clientId=adminclient-3] Connection to node -1 (localhost/127.0.0.1:9092) could not be established. Broker may not be available.
[kafka-admin-client-thread | adminclient-11] INFO org.apache.kafka.clients.NetworkClient - [AdminClient clientId=adminclient-11] Node -1 disconnected.
[kafka-admin-client-thread | adminclient-11] WARN org.apache.kafka.clients.NetworkClient - [AdminClient clientId=adminclient-11] Connection to node -1 (localhost/127.0.0.1:9092) could not be established. Broker may not be available.
[kafka-admin-client-thread | adminclient-4] INFO org.apache.kafka.clients.NetworkClient - [AdminClient clientId=adminclient-4] Node -1 disconnected.
[kafka-admin-client-thread | adminclient-4] WARN org.apache.kafka.clients.NetworkClient - [AdminClient clientId=adminclient-4] Connection to node -1 (localhost/127.0.0.1:9092) could not be established. Broker may not be available.
[kafka-admin-client-thread | adminclient-10] INFO org.apache.kafka.clients.NetworkClient - [AdminClient clientId=adminclient-10] Node -1 disconnected.
[kafka-admin-client-thread | adminclient-10] WARN org.apache.kafka.clients.NetworkClient - [AdminClient clientId=adminclient-10] Connection to node -1 (localhost/127.0.0.1:9092) could not be established. Broker may not be available.
[kafka-admin-client-thread | adminclient-2] INFO org.apache.kafka.clients.NetworkClient - [AdminClient clientId=adminclient-2] Node -1 disconnected.
[kafka-admin-client-thread | adminclient-2] WARN org.apache.kafka.clients.NetworkClient - [AdminClient clientId=adminclient-2] Connection to node -1 (localhost/127.0.0.1:9092) could not be established. Broker may not be available.
[kafka-admin-client-thread | adminclient-12] INFO org.apache.kafka.clients.NetworkClient - [AdminClient clientId=adminclient-12] Node -1 disconnected.
[kafka-admin-client-thread | adminclient-12] WARN org.apache.kafka.clients.NetworkClient - [AdminClient clientId=adminclient-12] Connection to node -1 (localhost/127.0.0.1:9092) could not be established. Broker may not be available.
[kafka-admin-client-thread | adminclient-1] INFO org.apache.kafka.clients.NetworkClient - [AdminClient clientId=adminclient-1] Node -1 disconnected.
[kafka-admin-client-thread | adminclient-7] INFO org.apache.kafka.clients.NetworkClient - [AdminClient clientId=adminclient-7] Node -1 disconnected.
[kafka-admin-client-thread | adminclient-1] WARN org.apache.kafka.clients.NetworkClient - [AdminClient clientId=adminclient-1] Connection to node -1 (localhost/127.0.0.1:9092) could not be established. Broker may not be available.
[kafka-admin-client-thread | adminclient-7] WARN org.apache.kafka.clients.NetworkClient - [AdminClient clientId=adminclient-7] Connection to node -1 (localhost/127.0.0.1:9092) could not be established. Broker may not be available.
[kafka-admin-client-thread | adminclient-9] INFO org.apache.kafka.clients.NetworkClient - [AdminClient clientId=adminclient-9] Node -1 disconnected.
[kafka-admin-client-thread | adminclient-9] WARN org.apache.kafka.clients.NetworkClient - [AdminClient clientId=adminclient-9] Connection to node -1 (localhost/127.0.0.1:9092) could not be established. Broker may not be available.
[kafka-admin-client-thread | adminclient-8] INFO org.apache.kafka.clients.NetworkClient - [AdminClient clientId=adminclient-8] Node -1 disconnected.
[kafka-admin-client-thread | adminclient-8] WARN org.apache.kafka.clients.NetworkClient - [AdminClient clientId=adminclient-8] Connection to node -1 (localhost/127.0.0.1:9092) could not be established. Broker may not be available.
[kafka-admin-client-thread | adminclient-3] INFO org.apache.kafka.clients.NetworkClient - [AdminClient clientId=adminclient-3] Node -1 disconnected.
[kafka-admin-client-thread | adminclient-3] WARN org.apache.kafka.clients.NetworkClient - [AdminClient clientId=adminclient-3] Connection to node -1 (localhost/127.0.0.1:9092) could not be established. Broker may not be available.
[kafka-producer-network-thread | producer-2] INFO org.apache.kafka.clients.NetworkClient - [Producer clientId=producer-2] Node -1 disconnected.
[kafka-producer-network-thread | producer-2] WARN org.apache.kafka.clients.NetworkClient - [Producer clientId=producer-2] Connection to node -1 (localhost/127.0.0.1:9092) could not be established. Broker may not be available.
[kafka-producer-network-thread | producer-2] WARN org.apache.kafka.clients.NetworkClient - [Producer clientId=producer-2] Bootstrap broker localhost:9092 (id: -1 rack: null) disconnected
[kafka-admin-client-thread | adminclient-11] INFO org.apache.kafka.clients.NetworkClient - [AdminClient clientId=adminclient-11] Node -1 disconnected.
[kafka-admin-client-thread | adminclient-11] WARN org.apache.kafka.clients.NetworkClient - [AdminClient clientId=adminclient-11] Connection to node -1 (localhost/127.0.0.1:9092) could not be established. Broker may not be available.
[kafka-admin-client-thread | adminclient-10] INFO org.apache.kafka.clients.NetworkClient - [AdminClient clientId=adminclient-10] Node -1 disconnected.
[kafka-admin-client-thread | adminclient-10] WARN org.apache.kafka.clients.NetworkClient - [AdminClient clientId=adminclient-10] Connection to node -1 (localhost/127.0.0.1:9092) could not be established. Broker may not be available.
[kafka-admin-client-thread | adminclient-4] INFO org.apache.kafka.clients.NetworkClient - [AdminClient clientId=adminclient-4] Node -1 disconnected.
[kafka-admin-client-thread | adminclient-4] WARN org.apache.kafka.clients.NetworkClient - [AdminClient clientId=adminclient-4] Connection to node -1 (localhost/127.0.0.1:9092) could not be established. Broker may not be available.
[kafka-admin-client-thread | adminclient-2] INFO org.apache.kafka.clients.NetworkClient - [AdminClient clientId=adminclient-2] Node -1 disconnected.
[kafka-admin-client-thread | adminclient-2] WARN org.apache.kafka.clients.NetworkClient - [AdminClient clientId=adminclient-2] Connection to node -1 (localhost/127.0.0.1:9092) could not be established. Broker may not be available.
[kafka-admin-client-thread | adminclient-12] INFO org.apache.kafka.clients.NetworkClient - [AdminClient clientId=adminclient-12] Node -1 disconnected.
[kafka-admin-client-thread | adminclient-12] WARN org.apache.kafka.clients.NetworkClient - [AdminClient clientId=adminclient-12] Connection to node -1 (localhost/127.0.0.1:9092) could not be established. Broker may not be available.
[kafka-admin-client-thread | adminclient-8] INFO org.apache.kafka.clients.NetworkClient - [AdminClient clientId=adminclient-8] Node -1 disconnected.
[kafka-admin-client-thread | adminclient-8] WARN org.apache.kafka.clients.NetworkClient - [AdminClient clientId=adminclient-8] Connection to node -1 (localhost/127.0.0.1:9092) could not be established. Broker may not be available.
[kafka-admin-client-thread | adminclient-1] INFO org.apache.kafka.clients.NetworkClient - [AdminClient clientId=adminclient-1] Node -1 disconnected.
[kafka-admin-client-thread | adminclient-1] WARN org.apache.kafka.clients.NetworkClient - [AdminClient clientId=adminclient-1] Connection to node -1 (localhost/127.0.0.1:9092) could not be established. Broker may not be available.
[kafka-admin-client-thread | adminclient-7] INFO org.apache.kafka.clients.NetworkClient - [AdminClient clientId=adminclient-7] Node -1 disconnected.
[kafka-admin-client-thread | adminclient-7] WARN org.apache.kafka.clients.NetworkClient - [AdminClient clientId=adminclient-7] Connection to node -1 (localhost/127.0.0.1:9092) could not be established. Broker may not be available.
[kafka-admin-client-thread | adminclient-3] INFO org.apache.kafka.clients.NetworkClient - [AdminClient clientId=adminclient-3] Node -1 disconnected.
[kafka-admin-client-thread | adminclient-3] WARN org.apache.kafka.clients.NetworkClient - [AdminClient clientId=adminclient-3] Connection to node -1 (localhost/127.0.0.1:9092) could not be established. Broker may not be available.
[kafka-admin-client-thread | adminclient-9] INFO org.apache.kafka.clients.NetworkClient - [AdminClient clientId=adminclient-9] Node -1 disconnected.
[kafka-admin-client-thread | adminclient-9] WARN org.apache.kafka.clients.NetworkClient - [AdminClient clientId=adminclient-9] Connection to node -1 (localhost/127.0.0.1:9092) could not be established. Broker may not be available.
[kafka-producer-network-thread | producer-2] INFO org.apache.kafka.clients.NetworkClient - [Producer clientId=producer-2] Node -1 disconnected.
[kafka-producer-network-thread | producer-2] WARN org.apache.kafka.clients.NetworkClient - [Producer clientId=producer-2] Connection to node -1 (localhost/127.0.0.1:9092) could not be established. Broker may not be available.
[kafka-producer-network-thread | producer-2] WARN org.apache.kafka.clients.NetworkClient - [Producer clientId=producer-2] Bootstrap broker localhost:9092 (id: -1 rack: null) disconnected
[kafka-admin-client-thread | adminclient-10] INFO org.apache.kafka.clients.NetworkClient - [AdminClient clientId=adminclient-10] Node -1 disconnected.
[kafka-admin-client-thread | adminclient-10] WARN org.apache.kafka.clients.NetworkClient - [AdminClient clientId=adminclient-10] Connection to node -1 (localhost/127.0.0.1:9092) could not be established. Broker may not be available.
[kafka-admin-client-thread | adminclient-11] INFO org.apache.kafka.clients.NetworkClient - [AdminClient clientId=adminclient-11] Node -1 disconnected.
[kafka-admin-client-thread | adminclient-11] WARN org.apache.kafka.clients.NetworkClient - [AdminClient clientId=adminclient-11] Connection to node -1 (localhost/127.0.0.1:9092) could not be established. Broker may not be available.
[kafka-admin-client-thread | adminclient-4] INFO org.apache.kafka.clients.NetworkClient - [AdminClient clientId=adminclient-4] Node -1 disconnected.
[kafka-admin-client-thread | adminclient-4] WARN org.apache.kafka.clients.NetworkClient - [AdminClient clientId=adminclient-4] Connection to node -1 (localhost/127.0.0.1:9092) could not be established. Broker may not be available.
[kafka-admin-client-thread | adminclient-12] INFO org.apache.kafka.clients.NetworkClient - [AdminClient clientId=adminclient-12] Node -1 disconnected.
[kafka-admin-client-thread | adminclient-12] WARN org.apache.kafka.clients.NetworkClient - [AdminClient clientId=adminclient-12] Connection to node -1 (localhost/127.0.0.1:9092) could not be established. Broker may not be available.
[kafka-admin-client-thread | adminclient-2] INFO org.apache.kafka.clients.NetworkClient - [AdminClient clientId=adminclient-2] Node -1 disconnected.
[kafka-admin-client-thread | adminclient-2] WARN org.apache.kafka.clients.NetworkClient - [AdminClient clientId=adminclient-2] Connection to node -1 (localhost/127.0.0.1:9092) could not be established. Broker may not be available.
[kafka-admin-client-thread | adminclient-3] INFO org.apache.kafka.clients.NetworkClient - [AdminClient clientId=adminclient-3] Node -1 disconnected.
[kafka-admin-client-thread | adminclient-3] WARN org.apache.kafka.clients.NetworkClient - [AdminClient clientId=adminclient-3] Connection to node -1 (localhost/127.0.0.1:9092) could not be established. Broker may not be available.
[kafka-admin-client-thread | adminclient-8] INFO org.apache.kafka.clients.NetworkClient - [AdminClient clientId=adminclient-8] Node -1 disconnected.
[kafka-admin-client-thread | adminclient-1] INFO org.apache.kafka.clients.NetworkClient - [AdminClient clientId=adminclient-1] Node -1 disconnected.
[kafka-admin-client-thread | adminclient-8] WARN org.apache.kafka.clients.NetworkClient - [AdminClient clientId=adminclient-8] Connection to node -1 (localhost/127.0.0.1:9092) could not be established. Broker may not be available.
[kafka-admin-client-thread | adminclient-1] WARN org.apache.kafka.clients.NetworkClient - [AdminClient clientId=adminclient-1] Connection to node -1 (localhost/127.0.0.1:9092) could not be established. Broker may not be available.
[kafka-admin-client-thread | adminclient-7] INFO org.apache.kafka.clients.NetworkClient - [AdminClient clientId=adminclient-7] Node -1 disconnected.
[kafka-admin-client-thread | adminclient-7] WARN org.apache.kafka.clients.NetworkClient - [AdminClient clientId=adminclient-7] Connection to node -1 (localhost/127.0.0.1:9092) could not be established. Broker may not be available.
[kafka-admin-client-thread | adminclient-10] INFO org.apache.kafka.clients.NetworkClient - [AdminClient clientId=adminclient-10] Node -1 disconnected.
[kafka-admin-client-thread | adminclient-10] WARN org.apache.kafka.clients.NetworkClient - [AdminClient clientId=adminclient-10] Connection to node -1 (localhost/127.0.0.1:9092) could not be established. Broker may not be available.
[kafka-admin-client-thread | adminclient-9] INFO org.apache.kafka.clients.NetworkClient - [AdminClient clientId=adminclient-9] Node -1 disconnected.
[kafka-admin-client-thread | adminclient-9] WARN org.apache.kafka.clients.NetworkClient - [AdminClient clientId=adminclient-9] Connection to node -1 (localhost/127.0.0.1:9092) could not be established. Broker may not be available.
[kafka-producer-network-thread | producer-2] INFO org.apache.kafka.clients.NetworkClient - [Producer clientId=producer-2] Node -1 disconnected.
[kafka-producer-network-thread | producer-2] WARN org.apache.kafka.clients.NetworkClient - [Producer clientId=producer-2] Connection to node -1 (localhost/127.0.0.1:9092) could not be established. Broker may not be available.
[kafka-producer-network-thread | producer-2] WARN org.apache.kafka.clients.NetworkClient - [Producer clientId=producer-2] Bootstrap broker localhost:9092 (id: -1 rack: null) disconnected
[kafka-admin-client-thread | adminclient-11] INFO org.apache.kafka.clients.NetworkClient - [AdminClient clientId=adminclient-11] Node -1 disconnected.
[kafka-admin-client-thread | adminclient-11] WARN org.apache.kafka.clients.NetworkClient - [AdminClient clientId=adminclient-11] Connection to node -1 (localhost/127.0.0.1:9092) could not be established. Broker may not be available.
[kafka-admin-client-thread | adminclient-12] INFO org.apache.kafka.clients.NetworkClient - [AdminClient clientId=adminclient-12] Node -1 disconnected.
[kafka-admin-client-thread | adminclient-12] WARN org.apache.kafka.clients.NetworkClient - [AdminClient clientId=adminclient-12] Connection to node -1 (localhost/127.0.0.1:9092) could not be established. Broker may not be available.
[kafka-admin-client-thread | adminclient-2] INFO org.apache.kafka.clients.NetworkClient - [AdminClient clientId=adminclient-2] Node -1 disconnected.
[kafka-admin-client-thread | adminclient-2] WARN org.apache.kafka.clients.NetworkClient - [AdminClient clientId=adminclient-2] Connection to node -1 (localhost/127.0.0.1:9092) could not be established. Broker may not be available.
[kafka-admin-client-thread | adminclient-4] INFO org.apache.kafka.clients.NetworkClient - [AdminClient clientId=adminclient-4] Node -1 disconnected.
[kafka-admin-client-thread | adminclient-4] WARN org.apache.kafka.clients.NetworkClient - [AdminClient clientId=adminclient-4] Connection to node -1 (localhost/127.0.0.1:9092) could not be established. Broker may not be available.
[kafka-admin-client-thread | adminclient-8] INFO org.apache.kafka.clients.NetworkClient - [AdminClient clientId=adminclient-8] Node -1 disconnected.
[kafka-admin-client-thread | adminclient-8] WARN org.apache.kafka.clients.NetworkClient - [AdminClient clientId=adminclient-8] Connection to node -1 (localhost/127.0.0.1:9092) could not be established. Broker may not be available.
[kafka-admin-client-thread | adminclient-10] INFO org.apache.kafka.clients.NetworkClient - [AdminClient clientId=adminclient-10] Node -1 disconnected.
[kafka-admin-client-thread | adminclient-3] INFO org.apache.kafka.clients.NetworkClient - [AdminClient clientId=adminclient-3] Node -1 disconnected.
[kafka-admin-client-thread | adminclient-10] WARN org.apache.kafka.clients.NetworkClient - [AdminClient clientId=adminclient-10] Connection to node -1 (localhost/127.0.0.1:9092) could not be established. Broker may not be available.
[kafka-admin-client-thread | adminclient-3] WARN org.apache.kafka.clients.NetworkClient - [AdminClient clientId=adminclient-3] Connection to node -1 (localhost/127.0.0.1:9092) could not be established. Broker may not be available.
[kafka-admin-client-thread | adminclient-9] INFO org.apache.kafka.clients.NetworkClient - [AdminClient clientId=adminclient-9] Node -1 disconnected.
[kafka-admin-client-thread | adminclient-9] WARN org.apache.kafka.clients.NetworkClient - [AdminClient clientId=adminclient-9] Connection to node -1 (localhost/127.0.0.1:9092) could not be established. Broker may not be available.
[kafka-admin-client-thread | adminclient-7] INFO org.apache.kafka.clients.NetworkClient - [AdminClient clientId=adminclient-7] Node -1 disconnected.
[kafka-admin-client-thread | adminclient-1] INFO org.apache.kafka.clients.NetworkClient - [AdminClient clientId=adminclient-1] Node -1 disconnected.
[kafka-admin-client-thread | adminclient-7] WARN org.apache.kafka.clients.NetworkClient - [AdminClient clientId=adminclient-7] Connection to node -1 (localhost/127.0.0.1:9092) could not be established. Broker may not be available.
[kafka-admin-client-thread | adminclient-1] WARN org.apache.kafka.clients.NetworkClient - [AdminClient clientId=adminclient-1] Connection to node -1 (localhost/127.0.0.1:9092) could not be established. Broker may not be available.
[kafka-admin-client-thread | adminclient-11] INFO org.apache.kafka.clients.NetworkClient - [AdminClient clientId=adminclient-11] Node -1 disconnected.
[kafka-admin-client-thread | adminclient-11] WARN org.apache.kafka.clients.NetworkClient - [AdminClient clientId=adminclient-11] Connection to node -1 (localhost/127.0.0.1:9092) could not be established. Broker may not be available.
[kafka-producer-network-thread | producer-2] INFO org.apache.kafka.clients.NetworkClient - [Producer clientId=producer-2] Node -1 disconnected.
[kafka-producer-network-thread | producer-2] WARN org.apache.kafka.clients.NetworkClient - [Producer clientId=producer-2] Connection to node -1 (localhost/127.0.0.1:9092) could not be established. Broker may not be available.
[kafka-producer-network-thread | producer-2] WARN org.apache.kafka.clients.NetworkClient - [Producer clientId=producer-2] Bootstrap broker localhost:9092 (id: -1 rack: null) disconnected
[kafka-admin-client-thread | adminclient-4] INFO org.apache.kafka.clients.NetworkClient - [AdminClient clientId=adminclient-4] Node -1 disconnected.
[kafka-admin-client-thread | adminclient-4] WARN org.apache.kafka.clients.NetworkClient - [AdminClient clientId=adminclient-4] Connection to node -1 (localhost/127.0.0.1:9092) could not be established. Broker may not be available.
[kafka-admin-client-thread | adminclient-2] INFO org.apache.kafka.clients.NetworkClient - [AdminClient clientId=adminclient-2] Node -1 disconnected.
[kafka-admin-client-thread | adminclient-2] WARN org.apache.kafka.clients.NetworkClient - [AdminClient clientId=adminclient-2] Connection to node -1 (localhost/127.0.0.1:9092) could not be established. Broker may not be available.
[kafka-admin-client-thread | adminclient-12] INFO org.apache.kafka.clients.NetworkClient - [AdminClient clientId=adminclient-12] Node -1 disconnected.
[kafka-admin-client-thread | adminclient-12] WARN org.apache.kafka.clients.NetworkClient - [AdminClient clientId=adminclient-12] Connection to node -1 (localhost/127.0.0.1:9092) could not be established. Broker may not be available.
[kafka-admin-client-thread | adminclient-7] INFO org.apache.kafka.clients.NetworkClient - [AdminClient clientId=adminclient-7] Node -1 disconnected.
[kafka-admin-client-thread | adminclient-8] INFO org.apache.kafka.clients.NetworkClient - [AdminClient clientId=adminclient-8] Node -1 disconnected.
[kafka-admin-client-thread | adminclient-7] WARN org.apache.kafka.clients.NetworkClient - [AdminClient clientId=adminclient-7] Connection to node -1 (localhost/127.0.0.1:9092) could not be established. Broker may not be available.
[kafka-admin-client-thread | adminclient-8] WARN org.apache.kafka.clients.NetworkClient - [AdminClient clientId=adminclient-8] Connection to node -1 (localhost/127.0.0.1:9092) could not be established. Broker may not be available.
[kafka-admin-client-thread | adminclient-10] INFO org.apache.kafka.clients.NetworkClient - [AdminClient clientId=adminclient-10] Node -1 disconnected.
[kafka-admin-client-thread | adminclient-10] WARN org.apache.kafka.clients.NetworkClient - [AdminClient clientId=adminclient-10] Connection to node -1 (localhost/127.0.0.1:9092) could not be established. Broker may not be available.
[kafka-admin-client-thread | adminclient-3] INFO org.apache.kafka.clients.NetworkClient - [AdminClient clientId=adminclient-3] Node -1 disconnected.
[kafka-admin-client-thread | adminclient-3] WARN org.apache.kafka.clients.NetworkClient - [AdminClient clientId=adminclient-3] Connection to node -1 (localhost/127.0.0.1:9092) could not be established. Broker may not be available.
[kafka-admin-client-thread | adminclient-9] INFO org.apache.kafka.clients.NetworkClient - [AdminClient clientId=adminclient-9] Node -1 disconnected.
[kafka-admin-client-thread | adminclient-9] WARN org.apache.kafka.clients.NetworkClient - [AdminClient clientId=adminclient-9] Connection to node -1 (localhost/127.0.0.1:9092) could not be established. Broker may not be available.
[kafka-producer-network-thread | producer-2] INFO org.apache.kafka.clients.NetworkClient - [Producer clientId=producer-2] Node -1 disconnected.
[kafka-producer-network-thread | producer-2] WARN org.apache.kafka.clients.NetworkClient - [Producer clientId=producer-2] Connection to node -1 (localhost/127.0.0.1:9092) could not be established. Broker may not be available.
[kafka-producer-network-thread | producer-2] WARN org.apache.kafka.clients.NetworkClient - [Producer clientId=producer-2] Bootstrap broker localhost:9092 (id: -1 rack: null) disconnected
[kafka-admin-client-thread | adminclient-1] INFO org.apache.kafka.clients.NetworkClient - [AdminClient clientId=adminclient-1] Node -1 disconnected.
[kafka-admin-client-thread | adminclient-1] WARN org.apache.kafka.clients.NetworkClient - [AdminClient clientId=adminclient-1] Connection to node -1 (localhost/127.0.0.1:9092) could not be established. Broker may not be available.
[kafka-admin-client-thread | adminclient-11] INFO org.apache.kafka.clients.NetworkClient - [AdminClient clientId=adminclient-11] Node -1 disconnected.
[kafka-admin-client-thread | adminclient-11] WARN org.apache.kafka.clients.NetworkClient - [AdminClient clientId=adminclient-11] Connection to node -1 (localhost/127.0.0.1:9092) could not be established. Broker may not be available.
[kafka-admin-client-thread | adminclient-4] INFO org.apache.kafka.clients.NetworkClient - [AdminClient clientId=adminclient-4] Node -1 disconnected.
[kafka-admin-client-thread | adminclient-4] WARN org.apache.kafka.clients.NetworkClient - [AdminClient clientId=adminclient-4] Connection to node -1 (localhost/127.0.0.1:9092) could not be established. Broker may not be available.
[kafka-admin-client-thread | adminclient-2] INFO org.apache.kafka.clients.NetworkClient - [AdminClient clientId=adminclient-2] Node -1 disconnected.
[kafka-admin-client-thread | adminclient-2] WARN org.apache.kafka.clients.NetworkClient - [AdminClient clientId=adminclient-2] Connection to node -1 (localhost/127.0.0.1:9092) could not be established. Broker may not be available.
[kafka-admin-client-thread | adminclient-12] INFO org.apache.kafka.clients.NetworkClient - [AdminClient clientId=adminclient-12] Node -1 disconnected.
[kafka-admin-client-thread | adminclient-12] WARN org.apache.kafka.clients.NetworkClient - [AdminClient clientId=adminclient-12] Connection to node -1 (localhost/127.0.0.1:9092) could not be established. Broker may not be available.
[kafka-admin-client-thread | adminclient-10] INFO org.apache.kafka.clients.NetworkClient - [AdminClient clientId=adminclient-10] Node -1 disconnected.
[kafka-admin-client-thread | adminclient-10] WARN org.apache.kafka.clients.NetworkClient - [AdminClient clientId=adminclient-10] Connection to node -1 (localhost/127.0.0.1:9092) could not be established. Broker may not be available.
[kafka-admin-client-thread | adminclient-8] INFO org.apache.kafka.clients.NetworkClient - [AdminClient clientId=adminclient-8] Node -1 disconnected.
[kafka-admin-client-thread | adminclient-7] INFO org.apache.kafka.clients.NetworkClient - [AdminClient clientId=adminclient-7] Node -1 disconnected.
[kafka-admin-client-thread | adminclient-8] WARN org.apache.kafka.clients.NetworkClient - [AdminClient clientId=adminclient-8] Connection to node -1 (localhost/127.0.0.1:9092) could not be established. Broker may not be available.
[kafka-admin-client-thread | adminclient-7] WARN org.apache.kafka.clients.NetworkClient - [AdminClient clientId=adminclient-7] Connection to node -1 (localhost/127.0.0.1:9092) could not be established. Broker may not be available.
[kafka-producer-network-thread | producer-2] INFO org.apache.kafka.clients.NetworkClient - [Producer clientId=producer-2] Node -1 disconnected.
[kafka-producer-network-thread | producer-2] WARN org.apache.kafka.clients.NetworkClient - [Producer clientId=producer-2] Connection to node -1 (localhost/127.0.0.1:9092) could not be established. Broker may not be available.
[kafka-producer-network-thread | producer-2] WARN org.apache.kafka.clients.NetworkClient - [Producer clientId=producer-2] Bootstrap broker localhost:9092 (id: -1 rack: null) disconnected
[kafka-admin-client-thread | adminclient-9] INFO org.apache.kafka.clients.NetworkClient - [AdminClient clientId=adminclient-9] Node -1 disconnected.
[kafka-admin-client-thread | adminclient-3] INFO org.apache.kafka.clients.NetworkClient - [AdminClient clientId=adminclient-3] Node -1 disconnected.
[kafka-admin-client-thread | adminclient-9] WARN org.apache.kafka.clients.NetworkClient - [AdminClient clientId=adminclient-9] Connection to node -1 (localhost/127.0.0.1:9092) could not be established. Broker may not be available.
[kafka-admin-client-thread | adminclient-3] WARN org.apache.kafka.clients.NetworkClient - [AdminClient clientId=adminclient-3] Connection to node -1 (localhost/127.0.0.1:9092) could not be established. Broker may not be available.
[kafka-admin-client-thread | adminclient-11] INFO org.apache.kafka.clients.NetworkClient - [AdminClient clientId=adminclient-11] Node -1 disconnected.
[kafka-admin-client-thread | adminclient-11] WARN org.apache.kafka.clients.NetworkClient - [AdminClient clientId=adminclient-11] Connection to node -1 (localhost/127.0.0.1:9092) could not be established. Broker may not be available.
[kafka-admin-client-thread | adminclient-4] INFO org.apache.kafka.clients.NetworkClient - [AdminClient clientId=adminclient-4] Node -1 disconnected.
[kafka-admin-client-thread | adminclient-4] WARN org.apache.kafka.clients.NetworkClient - [AdminClient clientId=adminclient-4] Connection to node -1 (localhost/127.0.0.1:9092) could not be established. Broker may not be available.
[kafka-admin-client-thread | adminclient-1] INFO org.apache.kafka.clients.NetworkClient - [AdminClient clientId=adminclient-1] Node -1 disconnected.
[kafka-admin-client-thread | adminclient-1] WARN org.apache.kafka.clients.NetworkClient - [AdminClient clientId=adminclient-1] Connection to node -1 (localhost/127.0.0.1:9092) could not be established. Broker may not be available.
[kafka-admin-client-thread | adminclient-12] INFO org.apache.kafka.clients.NetworkClient - [AdminClient clientId=adminclient-12] Node -1 disconnected.
[kafka-admin-client-thread | adminclient-12] WARN org.apache.kafka.clients.NetworkClient - [AdminClient clientId=adminclient-12] Connection to node -1 (localhost/127.0.0.1:9092) could not be established. Broker may not be available.
[kafka-admin-client-thread | adminclient-2] INFO org.apache.kafka.clients.NetworkClient - [AdminClient clientId=adminclient-2] Node -1 disconnected.
[kafka-admin-client-thread | adminclient-2] WARN org.apache.kafka.clients.NetworkClient - [AdminClient clientId=adminclient-2] Connection to node -1 (localhost/127.0.0.1:9092) could not be established. Broker may not be available.
[kafka-producer-network-thread | producer-2] INFO org.apache.kafka.clients.NetworkClient - [Producer clientId=producer-2] Node -1 disconnected.
[kafka-producer-network-thread | producer-2] WARN org.apache.kafka.clients.NetworkClient - [Producer clientId=producer-2] Connection to node -1 (localhost/127.0.0.1:9092) could not be established. Broker may not be available.
[kafka-producer-network-thread | producer-2] WARN org.apache.kafka.clients.NetworkClient - [Producer clientId=producer-2] Bootstrap broker localhost:9092 (id: -1 rack: null) disconnected
[kafka-admin-client-thread | adminclient-9] INFO org.apache.kafka.clients.NetworkClient - [AdminClient clientId=adminclient-9] Node -1 disconnected.
[kafka-admin-client-thread | adminclient-9] WARN org.apache.kafka.clients.NetworkClient - [AdminClient clientId=adminclient-9] Connection to node -1 (localhost/127.0.0.1:9092) could not be established. Broker may not be available.
[kafka-admin-client-thread | adminclient-10] INFO org.apache.kafka.clients.NetworkClient - [AdminClient clientId=adminclient-10] Node -1 disconnected.
[kafka-admin-client-thread | adminclient-10] WARN org.apache.kafka.clients.NetworkClient - [AdminClient clientId=adminclient-10] Connection to node -1 (localhost/127.0.0.1:9092) could not be established. Broker may not be available.
[kafka-admin-client-thread | adminclient-7] INFO org.apache.kafka.clients.NetworkClient - [AdminClient clientId=adminclient-7] Node -1 disconnected.
[kafka-admin-client-thread | adminclient-7] WARN org.apache.kafka.clients.NetworkClient - [AdminClient clientId=adminclient-7] Connection to node -1 (localhost/127.0.0.1:9092) could not be established. Broker may not be available.
[kafka-admin-client-thread | adminclient-3] INFO org.apache.kafka.clients.NetworkClient - [AdminClient clientId=adminclient-3] Node -1 disconnected.
[kafka-admin-client-thread | adminclient-3] WARN org.apache.kafka.clients.NetworkClient - [AdminClient clientId=adminclient-3] Connection to node -1 (localhost/127.0.0.1:9092) could not be established. Broker may not be available.
[kafka-admin-client-thread | adminclient-8] INFO org.apache.kafka.clients.NetworkClient - [AdminClient clientId=adminclient-8] Node -1 disconnected.
[kafka-admin-client-thread | adminclient-8] WARN org.apache.kafka.clients.NetworkClient - [AdminClient clientId=adminclient-8] Connection to node -1 (localhost/127.0.0.1:9092) could not be established. Broker may not be available.
[kafka-admin-client-thread | adminclient-4] INFO org.apache.kafka.clients.NetworkClient - [AdminClient clientId=adminclient-4] Node -1 disconnected.
[kafka-admin-client-thread | adminclient-4] WARN org.apache.kafka.clients.NetworkClient - [AdminClient clientId=adminclient-4] Connection to node -1 (localhost/127.0.0.1:9092) could not be established. Broker may not be available.
[kafka-admin-client-thread | adminclient-11] INFO org.apache.kafka.clients.NetworkClient - [AdminClient clientId=adminclient-11] Node -1 disconnected.
[kafka-admin-client-thread | adminclient-11] WARN org.apache.kafka.clients.NetworkClient - [AdminClient clientId=adminclient-11] Connection to node -1 (localhost/127.0.0.1:9092) could not be established. Broker may not be available.
[kafka-admin-client-thread | adminclient-1] INFO org.apache.kafka.clients.NetworkClient - [AdminClient clientId=adminclient-1] Node -1 disconnected.
[kafka-admin-client-thread | adminclient-1] WARN org.apache.kafka.clients.NetworkClient - [AdminClient clientId=adminclient-1] Connection to node -1 (localhost/127.0.0.1:9092) could not be established. Broker may not be available.
[kafka-admin-client-thread | adminclient-12] INFO org.apache.kafka.clients.NetworkClient - [AdminClient clientId=adminclient-12] Node -1 disconnected.
[kafka-admin-client-thread | adminclient-12] WARN org.apache.kafka.clients.NetworkClient - [AdminClient clientId=adminclient-12] Connection to node -1 (localhost/127.0.0.1:9092) could not be established. Broker may not be available.
[kafka-producer-network-thread | producer-2] INFO org.apache.kafka.clients.NetworkClient - [Producer clientId=producer-2] Node -1 disconnected.
[kafka-producer-network-thread | producer-2] WARN org.apache.kafka.clients.NetworkClient - [Producer clientId=producer-2] Connection to node -1 (localhost/127.0.0.1:9092) could not be established. Broker may not be available.
[kafka-producer-network-thread | producer-2] WARN org.apache.kafka.clients.NetworkClient - [Producer clientId=producer-2] Bootstrap broker localhost:9092 (id: -1 rack: null) disconnected
[kafka-admin-client-thread | adminclient-2] INFO org.apache.kafka.clients.NetworkClient - [AdminClient clientId=adminclient-2] Node -1 disconnected.
[kafka-admin-client-thread | adminclient-2] WARN org.apache.kafka.clients.NetworkClient - [AdminClient clientId=adminclient-2] Connection to node -1 (localhost/127.0.0.1:9092) could not be established. Broker may not be available.
[kafka-admin-client-thread | adminclient-9] INFO org.apache.kafka.clients.NetworkClient - [AdminClient clientId=adminclient-9] Node -1 disconnected.
[kafka-admin-client-thread | adminclient-9] WARN org.apache.kafka.clients.NetworkClient - [AdminClient clientId=adminclient-9] Connection to node -1 (localhost/127.0.0.1:9092) could not be established. Broker may not be available.
[kafka-admin-client-thread | adminclient-10] INFO org.apache.kafka.clients.NetworkClient - [AdminClient clientId=adminclient-10] Node -1 disconnected.
[kafka-admin-client-thread | adminclient-10] WARN org.apache.kafka.clients.NetworkClient - [AdminClient clientId=adminclient-10] Connection to node -1 (localhost/127.0.0.1:9092) could not be established. Broker may not be available.
[kafka-admin-client-thread | adminclient-7] INFO org.apache.kafka.clients.NetworkClient - [AdminClient clientId=adminclient-7] Node -1 disconnected.
[kafka-admin-client-thread | adminclient-7] WARN org.apache.kafka.clients.NetworkClient - [AdminClient clientId=adminclient-7] Connection to node -1 (localhost/127.0.0.1:9092) could not be established. Broker may not be available.
[kafka-admin-client-thread | adminclient-3] INFO org.apache.kafka.clients.NetworkClient - [AdminClient clientId=adminclient-3] Node -1 disconnected.
[kafka-admin-client-thread | adminclient-3] WARN org.apache.kafka.clients.NetworkClient - [AdminClient clientId=adminclient-3] Connection to node -1 (localhost/127.0.0.1:9092) could not be established. Broker may not be available.
[kafka-admin-client-thread | adminclient-4] INFO org.apache.kafka.clients.NetworkClient - [AdminClient clientId=adminclient-4] Node -1 disconnected.
[kafka-admin-client-thread | adminclient-4] WARN org.apache.kafka.clients.NetworkClient - [AdminClient clientId=adminclient-4] Connection to node -1 (localhost/127.0.0.1:9092) could not be established. Broker may not be available.
[kafka-admin-client-thread | adminclient-8] INFO org.apache.kafka.clients.NetworkClient - [AdminClient clientId=adminclient-8] Node -1 disconnected.
[kafka-admin-client-thread | adminclient-8] WARN org.apache.kafka.clients.NetworkClient - [AdminClient clientId=adminclient-8] Connection to node -1 (localhost/127.0.0.1:9092) could not be established. Broker may not be available.
[kafka-admin-client-thread | adminclient-1] INFO org.apache.kafka.clients.NetworkClient - [AdminClient clientId=adminclient-1] Node -1 disconnected.
[kafka-admin-client-thread | adminclient-1] WARN org.apache.kafka.clients.NetworkClient - [AdminClient clientId=adminclient-1] Connection to node -1 (localhost/127.0.0.1:9092) could not be established. Broker may not be available.
[kafka-admin-client-thread | adminclient-11] INFO org.apache.kafka.clients.NetworkClient - [AdminClient clientId=adminclient-11] Node -1 disconnected.
[kafka-admin-client-thread | adminclient-11] WARN org.apache.kafka.clients.NetworkClient - [AdminClient clientId=adminclient-11] Connection to node -1 (localhost/127.0.0.1:9092) could not be established. Broker may not be available.
[kafka-admin-client-thread | adminclient-9] INFO org.apache.kafka.clients.NetworkClient - [AdminClient clientId=adminclient-9] Node -1 disconnected.
[kafka-admin-client-thread | adminclient-12] INFO org.apache.kafka.clients.NetworkClient - [AdminClient clientId=adminclient-12] Node -1 disconnected.
[kafka-admin-client-thread | adminclient-9] WARN org.apache.kafka.clients.NetworkClient - [AdminClient clientId=adminclient-9] Connection to node -1 (localhost/127.0.0.1:9092) could not be established. Broker may not be available.
[kafka-admin-client-thread | adminclient-12] WARN org.apache.kafka.clients.NetworkClient - [AdminClient clientId=adminclient-12] Connection to node -1 (localhost/127.0.0.1:9092) could not be established. Broker may not be available.
[kafka-producer-network-thread | producer-2] INFO org.apache.kafka.clients.NetworkClient - [Producer clientId=producer-2] Node -1 disconnected.
[kafka-producer-network-thread | producer-2] WARN org.apache.kafka.clients.NetworkClient - [Producer clientId=producer-2] Connection to node -1 (localhost/127.0.0.1:9092) could not be established. Broker may not be available.
[kafka-producer-network-thread | producer-2] WARN org.apache.kafka.clients.NetworkClient - [Producer clientId=producer-2] Bootstrap broker localhost:9092 (id: -1 rack: null) disconnected
[kafka-admin-client-thread | adminclient-2] INFO org.apache.kafka.clients.NetworkClient - [AdminClient clientId=adminclient-2] Node -1 disconnected.
[kafka-admin-client-thread | adminclient-2] WARN org.apache.kafka.clients.NetworkClient - [AdminClient clientId=adminclient-2] Connection to node -1 (localhost/127.0.0.1:9092) could not be established. Broker may not be available.
[kafka-admin-client-thread | adminclient-7] INFO org.apache.kafka.clients.NetworkClient - [AdminClient clientId=adminclient-7] Node -1 disconnected.
[kafka-admin-client-thread | adminclient-7] WARN org.apache.kafka.clients.NetworkClient - [AdminClient clientId=adminclient-7] Connection to node -1 (localhost/127.0.0.1:9092) could not be established. Broker may not be available.
[kafka-admin-client-thread | adminclient-3] INFO org.apache.kafka.clients.NetworkClient - [AdminClient clientId=adminclient-3] Node -1 disconnected.
[kafka-admin-client-thread | adminclient-3] WARN org.apache.kafka.clients.NetworkClient - [AdminClient clientId=adminclient-3] Connection to node -1 (localhost/127.0.0.1:9092) could not be established. Broker may not be available.
[kafka-admin-client-thread | adminclient-10] INFO org.apache.kafka.clients.NetworkClient - [AdminClient clientId=adminclient-10] Node -1 disconnected.
[kafka-admin-client-thread | adminclient-10] WARN org.apache.kafka.clients.NetworkClient - [AdminClient clientId=adminclient-10] Connection to node -1 (localhost/127.0.0.1:9092) could not be established. Broker may not be available.
[kafka-admin-client-thread | adminclient-4] INFO org.apache.kafka.clients.NetworkClient - [AdminClient clientId=adminclient-4] Node -1 disconnected.
[kafka-admin-client-thread | adminclient-4] WARN org.apache.kafka.clients.NetworkClient - [AdminClient clientId=adminclient-4] Connection to node -1 (localhost/127.0.0.1:9092) could not be established. Broker may not be available.
[kafka-admin-client-thread | adminclient-8] INFO org.apache.kafka.clients.NetworkClient - [AdminClient clientId=adminclient-8] Node -1 disconnected.
[kafka-admin-client-thread | adminclient-8] WARN org.apache.kafka.clients.NetworkClient - [AdminClient clientId=adminclient-8] Connection to node -1 (localhost/127.0.0.1:9092) could not be established. Broker may not be available.
[kafka-admin-client-thread | adminclient-11] INFO org.apache.kafka.clients.NetworkClient - [AdminClient clientId=adminclient-11] Node -1 disconnected.
[kafka-admin-client-thread | adminclient-11] WARN org.apache.kafka.clients.NetworkClient - [AdminClient clientId=adminclient-11] Connection to node -1 (localhost/127.0.0.1:9092) could not be established. Broker may not be available.
[kafka-admin-client-thread | adminclient-1] INFO org.apache.kafka.clients.NetworkClient - [AdminClient clientId=adminclient-1] Node -1 disconnected.
[kafka-admin-client-thread | adminclient-1] WARN org.apache.kafka.clients.NetworkClient - [AdminClient clientId=adminclient-1] Connection to node -1 (localhost/127.0.0.1:9092) could not be established. Broker may not be available.
[kafka-admin-client-thread | adminclient-12] INFO org.apache.kafka.clients.NetworkClient - [AdminClient clientId=adminclient-12] Node -1 disconnected.
[kafka-admin-client-thread | adminclient-12] WARN org.apache.kafka.clients.NetworkClient - [AdminClient clientId=adminclient-12] Connection to node -1 (localhost/127.0.0.1:9092) could not be established. Broker may not be available.
[kafka-admin-client-thread | adminclient-9] INFO org.apache.kafka.clients.NetworkClient - [AdminClient clientId=adminclient-9] Node -1 disconnected.
[kafka-admin-client-thread | adminclient-9] WARN org.apache.kafka.clients.NetworkClient - [AdminClient clientId=adminclient-9] Connection to node -1 (localhost/127.0.0.1:9092) could not be established. Broker may not be available.
[kafka-admin-client-thread | adminclient-2] INFO org.apache.kafka.clients.NetworkClient - [AdminClient clientId=adminclient-2] Node -1 disconnected.
[kafka-admin-client-thread | adminclient-2] WARN org.apache.kafka.clients.NetworkClient - [AdminClient clientId=adminclient-2] Connection to node -1 (localhost/127.0.0.1:9092) could not be established. Broker may not be available.
[kafka-producer-network-thread | producer-2] INFO org.apache.kafka.clients.NetworkClient - [Producer clientId=producer-2] Node -1 disconnected.
[kafka-producer-network-thread | producer-2] WARN org.apache.kafka.clients.NetworkClient - [Producer clientId=producer-2] Connection to node -1 (localhost/127.0.0.1:9092) could not be established. Broker may not be available.
[kafka-producer-network-thread | producer-2] WARN org.apache.kafka.clients.NetworkClient - [Producer clientId=producer-2] Bootstrap broker localhost:9092 (id: -1 rack: null) disconnected
[kafka-admin-client-thread | adminclient-10] INFO org.apache.kafka.clients.NetworkClient - [AdminClient clientId=adminclient-10] Node -1 disconnected.
[kafka-admin-client-thread | adminclient-10] WARN org.apache.kafka.clients.NetworkClient - [AdminClient clientId=adminclient-10] Connection to node -1 (localhost/127.0.0.1:9092) could not be established. Broker may not be available.
[kafka-admin-client-thread | adminclient-7] INFO org.apache.kafka.clients.NetworkClient - [AdminClient clientId=adminclient-7] Node -1 disconnected.
[kafka-admin-client-thread | adminclient-7] WARN org.apache.kafka.clients.NetworkClient - [AdminClient clientId=adminclient-7] Connection to node -1 (localhost/127.0.0.1:9092) could not be established. Broker may not be available.
[kafka-admin-client-thread | adminclient-3] INFO org.apache.kafka.clients.NetworkClient - [AdminClient clientId=adminclient-3] Node -1 disconnected.
[kafka-admin-client-thread | adminclient-3] WARN org.apache.kafka.clients.NetworkClient - [AdminClient clientId=adminclient-3] Connection to node -1 (localhost/127.0.0.1:9092) could not be established. Broker may not be available.
[kafka-admin-client-thread | adminclient-4] INFO org.apache.kafka.clients.NetworkClient - [AdminClient clientId=adminclient-4] Node -1 disconnected.
[kafka-admin-client-thread | adminclient-4] WARN org.apache.kafka.clients.NetworkClient - [AdminClient clientId=adminclient-4] Connection to node -1 (localhost/127.0.0.1:9092) could not be established. Broker may not be available.
[kafka-admin-client-thread | adminclient-11] INFO org.apache.kafka.clients.NetworkClient - [AdminClient clientId=adminclient-11] Node -1 disconnected.
[kafka-admin-client-thread | adminclient-11] WARN org.apache.kafka.clients.NetworkClient - [AdminClient clientId=adminclient-11] Connection to node -1 (localhost/127.0.0.1:9092) could not be established. Broker may not be available.
[kafka-admin-client-thread | adminclient-8] INFO org.apache.kafka.clients.NetworkClient - [AdminClient clientId=adminclient-8] Node -1 disconnected.
[kafka-admin-client-thread | adminclient-8] WARN org.apache.kafka.clients.NetworkClient - [AdminClient clientId=adminclient-8] Connection to node -1 (localhost/127.0.0.1:9092) could not be established. Broker may not be available.
[kafka-admin-client-thread | adminclient-1] INFO org.apache.kafka.clients.NetworkClient - [AdminClient clientId=adminclient-1] Node -1 disconnected.
[kafka-admin-client-thread | adminclient-1] WARN org.apache.kafka.clients.NetworkClient - [AdminClient clientId=adminclient-1] Connection to node -1 (localhost/127.0.0.1:9092) could not be established. Broker may not be available.
[kafka-admin-client-thread | adminclient-9] INFO org.apache.kafka.clients.NetworkClient - [AdminClient clientId=adminclient-9] Node -1 disconnected.
[kafka-admin-client-thread | adminclient-12] INFO org.apache.kafka.clients.NetworkClient - [AdminClient clientId=adminclient-12] Node -1 disconnected.
[kafka-admin-client-thread | adminclient-9] WARN org.apache.kafka.clients.NetworkClient - [AdminClient clientId=adminclient-9] Connection to node -1 (localhost/127.0.0.1:9092) could not be established. Broker may not be available.
[kafka-admin-client-thread | adminclient-12] WARN org.apache.kafka.clients.NetworkClient - [AdminClient clientId=adminclient-12] Connection to node -1 (localhost/127.0.0.1:9092) could not be established. Broker may not be available.
[kafka-producer-network-thread | producer-2] INFO org.apache.kafka.clients.NetworkClient - [Producer clientId=producer-2] Node -1 disconnected.
[kafka-producer-network-thread | producer-2] WARN org.apache.kafka.clients.NetworkClient - [Producer clientId=producer-2] Connection to node -1 (localhost/127.0.0.1:9092) could not be established. Broker may not be available.
[kafka-producer-network-thread | producer-2] WARN org.apache.kafka.clients.NetworkClient - [Producer clientId=producer-2] Bootstrap broker localhost:9092 (id: -1 rack: null) disconnected
[kafka-admin-client-thread | adminclient-2] INFO org.apache.kafka.clients.NetworkClient - [AdminClient clientId=adminclient-2] Node -1 disconnected.
[kafka-admin-client-thread | adminclient-2] WARN org.apache.kafka.clients.NetworkClient - [AdminClient clientId=adminclient-2] Connection to node -1 (localhost/127.0.0.1:9092) could not be established. Broker may not be available.
[kafka-admin-client-thread | adminclient-7] INFO org.apache.kafka.clients.NetworkClient - [AdminClient clientId=adminclient-7] Node -1 disconnected.
[kafka-admin-client-thread | adminclient-7] WARN org.apache.kafka.clients.NetworkClient - [AdminClient clientId=adminclient-7] Connection to node -1 (localhost/127.0.0.1:9092) could not be established. Broker may not be available.
[kafka-admin-client-thread | adminclient-3] INFO org.apache.kafka.clients.NetworkClient - [AdminClient clientId=adminclient-3] Node -1 disconnected.
[kafka-admin-client-thread | adminclient-3] WARN org.apache.kafka.clients.NetworkClient - [AdminClient clientId=adminclient-3] Connection to node -1 (localhost/127.0.0.1:9092) could not be established. Broker may not be available.
[kafka-admin-client-thread | adminclient-10] INFO org.apache.kafka.clients.NetworkClient - [AdminClient clientId=adminclient-10] Node -1 disconnected.
[kafka-admin-client-thread | adminclient-10] WARN org.apache.kafka.clients.NetworkClient - [AdminClient clientId=adminclient-10] Connection to node -1 (localhost/127.0.0.1:9092) could not be established. Broker may not be available.
[kafka-admin-client-thread | adminclient-11] INFO org.apache.kafka.clients.NetworkClient - [AdminClient clientId=adminclient-11] Node -1 disconnected.
[kafka-admin-client-thread | adminclient-11] WARN org.apache.kafka.clients.NetworkClient - [AdminClient clientId=adminclient-11] Connection to node -1 (localhost/127.0.0.1:9092) could not be established. Broker may not be available.
[kafka-admin-client-thread | adminclient-4] INFO org.apache.kafka.clients.NetworkClient - [AdminClient clientId=adminclient-4] Node -1 disconnected.
[kafka-admin-client-thread | adminclient-4] WARN org.apache.kafka.clients.NetworkClient - [AdminClient clientId=adminclient-4] Connection to node -1 (localhost/127.0.0.1:9092) could not be established. Broker may not be available.
[kafka-admin-client-thread | adminclient-8] INFO org.apache.kafka.clients.NetworkClient - [AdminClient clientId=adminclient-8] Node -1 disconnected.
[kafka-admin-client-thread | adminclient-8] WARN org.apache.kafka.clients.NetworkClient - [AdminClient clientId=adminclient-8] Connection to node -1 (localhost/127.0.0.1:9092) could not be established. Broker may not be available.
[kafka-admin-client-thread | adminclient-1] INFO org.apache.kafka.clients.NetworkClient - [AdminClient clientId=adminclient-1] Node -1 disconnected.
[kafka-admin-client-thread | adminclient-1] WARN org.apache.kafka.clients.NetworkClient - [AdminClient clientId=adminclient-1] Connection to node -1 (localhost/127.0.0.1:9092) could not be established. Broker may not be available.
[kafka-admin-client-thread | adminclient-9] INFO org.apache.kafka.clients.NetworkClient - [AdminClient clientId=adminclient-9] Node -1 disconnected.
[kafka-admin-client-thread | adminclient-9] WARN org.apache.kafka.clients.NetworkClient - [AdminClient clientId=adminclient-9] Connection to node -1 (localhost/127.0.0.1:9092) could not be established. Broker may not be available.
[kafka-admin-client-thread | adminclient-12] INFO org.apache.kafka.clients.NetworkClient - [AdminClient clientId=adminclient-12] Node -1 disconnected.
[kafka-admin-client-thread | adminclient-3] INFO org.apache.kafka.clients.NetworkClient - [AdminClient clientId=adminclient-3] Node -1 disconnected.
[kafka-admin-client-thread | adminclient-12] WARN org.apache.kafka.clients.NetworkClient - [AdminClient clientId=adminclient-12] Connection to node -1 (localhost/127.0.0.1:9092) could not be established. Broker may not be available.
[kafka-admin-client-thread | adminclient-3] WARN org.apache.kafka.clients.NetworkClient - [AdminClient clientId=adminclient-3] Connection to node -1 (localhost/127.0.0.1:9092) could not be established. Broker may not be available.
[kafka-producer-network-thread | producer-2] INFO org.apache.kafka.clients.NetworkClient - [Producer clientId=producer-2] Node -1 disconnected.
[kafka-producer-network-thread | producer-2] WARN org.apache.kafka.clients.NetworkClient - [Producer clientId=producer-2] Connection to node -1 (localhost/127.0.0.1:9092) could not be established. Broker may not be available.
[kafka-producer-network-thread | producer-2] WARN org.apache.kafka.clients.NetworkClient - [Producer clientId=producer-2] Bootstrap broker localhost:9092 (id: -1 rack: null) disconnected
[kafka-admin-client-thread | adminclient-2] INFO org.apache.kafka.clients.NetworkClient - [AdminClient clientId=adminclient-2] Node -1 disconnected.
[kafka-admin-client-thread | adminclient-2] WARN org.apache.kafka.clients.NetworkClient - [AdminClient clientId=adminclient-2] Connection to node -1 (localhost/127.0.0.1:9092) could not be established. Broker may not be available.
[kafka-admin-client-thread | adminclient-11] INFO org.apache.kafka.clients.NetworkClient - [AdminClient clientId=adminclient-11] Node -1 disconnected.
[kafka-admin-client-thread | adminclient-11] WARN org.apache.kafka.clients.NetworkClient - [AdminClient clientId=adminclient-11] Connection to node -1 (localhost/127.0.0.1:9092) could not be established. Broker may not be available.
[kafka-admin-client-thread | adminclient-7] INFO org.apache.kafka.clients.NetworkClient - [AdminClient clientId=adminclient-7] Node -1 disconnected.
[kafka-admin-client-thread | adminclient-7] WARN org.apache.kafka.clients.NetworkClient - [AdminClient clientId=adminclient-7] Connection to node -1 (localhost/127.0.0.1:9092) could not be established. Broker may not be available.
[kafka-admin-client-thread | adminclient-10] INFO org.apache.kafka.clients.NetworkClient - [AdminClient clientId=adminclient-10] Node -1 disconnected.
[kafka-admin-client-thread | adminclient-10] WARN org.apache.kafka.clients.NetworkClient - [AdminClient clientId=adminclient-10] Connection to node -1 (localhost/127.0.0.1:9092) could not be established. Broker may not be available.
[kafka-admin-client-thread | adminclient-8] INFO org.apache.kafka.clients.NetworkClient - [AdminClient clientId=adminclient-8] Node -1 disconnected.
[kafka-admin-client-thread | adminclient-8] WARN org.apache.kafka.clients.NetworkClient - [AdminClient clientId=adminclient-8] Connection to node -1 (localhost/127.0.0.1:9092) could not be established. Broker may not be available.
[kafka-admin-client-thread | adminclient-4] INFO org.apache.kafka.clients.NetworkClient - [AdminClient clientId=adminclient-4] Node -1 disconnected.
[kafka-admin-client-thread | adminclient-4] WARN org.apache.kafka.clients.NetworkClient - [AdminClient clientId=adminclient-4] Connection to node -1 (localhost/127.0.0.1:9092) could not be established. Broker may not be available.
[kafka-admin-client-thread | adminclient-1] INFO org.apache.kafka.clients.NetworkClient - [AdminClient clientId=adminclient-1] Node -1 disconnected.
[kafka-admin-client-thread | adminclient-1] WARN org.apache.kafka.clients.NetworkClient - [AdminClient clientId=adminclient-1] Connection to node -1 (localhost/127.0.0.1:9092) could not be established. Broker may not be available.
[kafka-admin-client-thread | adminclient-9] INFO org.apache.kafka.clients.NetworkClient - [AdminClient clientId=adminclient-9] Node -1 disconnected.
[kafka-admin-client-thread | adminclient-3] INFO org.apache.kafka.clients.NetworkClient - [AdminClient clientId=adminclient-3] Node -1 disconnected.
[kafka-admin-client-thread | adminclient-9] WARN org.apache.kafka.clients.NetworkClient - [AdminClient clientId=adminclient-9] Connection to node -1 (localhost/127.0.0.1:9092) could not be established. Broker may not be available.
[kafka-admin-client-thread | adminclient-3] WARN org.apache.kafka.clients.NetworkClient - [AdminClient clientId=adminclient-3] Connection to node -1 (localhost/127.0.0.1:9092) could not be established. Broker may not be available.
[kafka-producer-network-thread | producer-2] INFO org.apache.kafka.clients.NetworkClient - [Producer clientId=producer-2] Node -1 disconnected.
[kafka-producer-network-thread | producer-2] WARN org.apache.kafka.clients.NetworkClient - [Producer clientId=producer-2] Connection to node -1 (localhost/127.0.0.1:9092) could not be established. Broker may not be available.
[kafka-producer-network-thread | producer-2] WARN org.apache.kafka.clients.NetworkClient - [Producer clientId=producer-2] Bootstrap broker localhost:9092 (id: -1 rack: null) disconnected
[kafka-admin-client-thread | adminclient-12] INFO org.apache.kafka.clients.NetworkClient - [AdminClient clientId=adminclient-12] Node -1 disconnected.
[kafka-admin-client-thread | adminclient-12] WARN org.apache.kafka.clients.NetworkClient - [AdminClient clientId=adminclient-12] Connection to node -1 (localhost/127.0.0.1:9092) could not be established. Broker may not be available.
[kafka-admin-client-thread | adminclient-2] INFO org.apache.kafka.clients.NetworkClient - [AdminClient clientId=adminclient-2] Node -1 disconnected.
[kafka-admin-client-thread | adminclient-2] WARN org.apache.kafka.clients.NetworkClient - [AdminClient clientId=adminclient-2] Connection to node -1 (localhost/127.0.0.1:9092) could not be established. Broker may not be available.
[kafka-admin-client-thread | adminclient-10] INFO org.apache.kafka.clients.NetworkClient - [AdminClient clientId=adminclient-10] Node -1 disconnected.
[kafka-admin-client-thread | adminclient-10] WARN org.apache.kafka.clients.NetworkClient - [AdminClient clientId=adminclient-10] Connection to node -1 (localhost/127.0.0.1:9092) could not be established. Broker may not be available.
[kafka-admin-client-thread | adminclient-7] INFO org.apache.kafka.clients.NetworkClient - [AdminClient clientId=adminclient-7] Node -1 disconnected.
[kafka-admin-client-thread | adminclient-7] WARN org.apache.kafka.clients.NetworkClient - [AdminClient clientId=adminclient-7] Connection to node -1 (localhost/127.0.0.1:9092) could not be established. Broker may not be available.
[kafka-admin-client-thread | adminclient-11] INFO org.apache.kafka.clients.NetworkClient - [AdminClient clientId=adminclient-11] Node -1 disconnected.
[kafka-admin-client-thread | adminclient-11] WARN org.apache.kafka.clients.NetworkClient - [AdminClient clientId=adminclient-11] Connection to node -1 (localhost/127.0.0.1:9092) could not be established. Broker may not be available.
[kafka-admin-client-thread | adminclient-4] INFO org.apache.kafka.clients.NetworkClient - [AdminClient clientId=adminclient-4] Node -1 disconnected.
[kafka-admin-client-thread | adminclient-4] WARN org.apache.kafka.clients.NetworkClient - [AdminClient clientId=adminclient-4] Connection to node -1 (localhost/127.0.0.1:9092) could not be established. Broker may not be available.
[kafka-admin-client-thread | adminclient-8] INFO org.apache.kafka.clients.NetworkClient - [AdminClient clientId=adminclient-8] Node -1 disconnected.
[kafka-admin-client-thread | adminclient-8] WARN org.apache.kafka.clients.NetworkClient - [AdminClient clientId=adminclient-8] Connection to node -1 (localhost/127.0.0.1:9092) could not be established. Broker may not be available.
[kafka-admin-client-thread | adminclient-1] INFO org.apache.kafka.clients.NetworkClient - [AdminClient clientId=adminclient-1] Node -1 disconnected.
[kafka-admin-client-thread | adminclient-1] WARN org.apache.kafka.clients.NetworkClient - [AdminClient clientId=adminclient-1] Connection to node -1 (localhost/127.0.0.1:9092) could not be established. Broker may not be available.
[kafka-producer-network-thread | producer-2] INFO org.apache.kafka.clients.NetworkClient - [Producer clientId=producer-2] Node -1 disconnected.
[kafka-producer-network-thread | producer-2] WARN org.apache.kafka.clients.NetworkClient - [Producer clientId=producer-2] Connection to node -1 (localhost/127.0.0.1:9092) could not be established. Broker may not be available.
[kafka-producer-network-thread | producer-2] WARN org.apache.kafka.clients.NetworkClient - [Producer clientId=producer-2] Bootstrap broker localhost:9092 (id: -1 rack: null) disconnected
[kafka-admin-client-thread | adminclient-9] INFO org.apache.kafka.clients.NetworkClient - [AdminClient clientId=adminclient-9] Node -1 disconnected.
[kafka-admin-client-thread | adminclient-9] WARN org.apache.kafka.clients.NetworkClient - [AdminClient clientId=adminclient-9] Connection to node -1 (localhost/127.0.0.1:9092) could not be established. Broker may not be available.
[kafka-admin-client-thread | adminclient-12] INFO org.apache.kafka.clients.NetworkClient - [AdminClient clientId=adminclient-12] Node -1 disconnected.
[kafka-admin-client-thread | adminclient-3] INFO org.apache.kafka.clients.NetworkClient - [AdminClient clientId=adminclient-3] Node -1 disconnected.
[kafka-admin-client-thread | adminclient-12] WARN org.apache.kafka.clients.NetworkClient - [AdminClient clientId=adminclient-12] Connection to node -1 (localhost/127.0.0.1:9092) could not be established. Broker may not be available.
[kafka-admin-client-thread | adminclient-3] WARN org.apache.kafka.clients.NetworkClient - [AdminClient clientId=adminclient-3] Connection to node -1 (localhost/127.0.0.1:9092) could not be established. Broker may not be available.
[kafka-admin-client-thread | adminclient-2] INFO org.apache.kafka.clients.NetworkClient - [AdminClient clientId=adminclient-2] Node -1 disconnected.
[kafka-admin-client-thread | adminclient-2] WARN org.apache.kafka.clients.NetworkClient - [AdminClient clientId=adminclient-2] Connection to node -1 (localhost/127.0.0.1:9092) could not be established. Broker may not be available.
[kafka-admin-client-thread | adminclient-11] INFO org.apache.kafka.clients.NetworkClient - [AdminClient clientId=adminclient-11] Node -1 disconnected.
[kafka-admin-client-thread | adminclient-11] WARN org.apache.kafka.clients.NetworkClient - [AdminClient clientId=adminclient-11] Connection to node -1 (localhost/127.0.0.1:9092) could not be established. Broker may not be available.
[kafka-admin-client-thread | adminclient-7] INFO org.apache.kafka.clients.NetworkClient - [AdminClient clientId=adminclient-7] Node -1 disconnected.
[kafka-admin-client-thread | adminclient-7] WARN org.apache.kafka.clients.NetworkClient - [AdminClient clientId=adminclient-7] Connection to node -1 (localhost/127.0.0.1:9092) could not be established. Broker may not be available.
[kafka-admin-client-thread | adminclient-10] INFO org.apache.kafka.clients.NetworkClient - [AdminClient clientId=adminclient-10] Node -1 disconnected.
[kafka-admin-client-thread | adminclient-10] WARN org.apache.kafka.clients.NetworkClient - [AdminClient clientId=adminclient-10] Connection to node -1 (localhost/127.0.0.1:9092) could not be established. Broker may not be available.
[kafka-admin-client-thread | adminclient-4] INFO org.apache.kafka.clients.NetworkClient - [AdminClient clientId=adminclient-4] Node -1 disconnected.
[kafka-admin-client-thread | adminclient-4] WARN org.apache.kafka.clients.NetworkClient - [AdminClient clientId=adminclient-4] Connection to node -1 (localhost/127.0.0.1:9092) could not be established. Broker may not be available.
[kafka-admin-client-thread | adminclient-1] INFO org.apache.kafka.clients.NetworkClient - [AdminClient clientId=adminclient-1] Node -1 disconnected.
[kafka-admin-client-thread | adminclient-1] WARN org.apache.kafka.clients.NetworkClient - [AdminClient clientId=adminclient-1] Connection to node -1 (localhost/127.0.0.1:9092) could not be established. Broker may not be available.
[kafka-admin-client-thread | adminclient-8] INFO org.apache.kafka.clients.NetworkClient - [AdminClient clientId=adminclient-8] Node -1 disconnected.
[kafka-admin-client-thread | adminclient-8] WARN org.apache.kafka.clients.NetworkClient - [AdminClient clientId=adminclient-8] Connection to node -1 (localhost/127.0.0.1:9092) could not be established. Broker may not be available.
[kafka-admin-client-thread | adminclient-9] INFO org.apache.kafka.clients.NetworkClient - [AdminClient clientId=adminclient-9] Node -1 disconnected.
[kafka-admin-client-thread | adminclient-9] WARN org.apache.kafka.clients.NetworkClient - [AdminClient clientId=adminclient-9] Connection to node -1 (localhost/127.0.0.1:9092) could not be established. Broker may not be available.
[kafka-producer-network-thread | producer-2] INFO org.apache.kafka.clients.NetworkClient - [Producer clientId=producer-2] Node -1 disconnected.
[kafka-producer-network-thread | producer-2] WARN org.apache.kafka.clients.NetworkClient - [Producer clientId=producer-2] Connection to node -1 (localhost/127.0.0.1:9092) could not be established. Broker may not be available.
[kafka-producer-network-thread | producer-2] WARN org.apache.kafka.clients.NetworkClient - [Producer clientId=producer-2] Bootstrap broker localhost:9092 (id: -1 rack: null) disconnected
[kafka-admin-client-thread | adminclient-12] INFO org.apache.kafka.clients.NetworkClient - [AdminClient clientId=adminclient-12] Node -1 disconnected.
[kafka-admin-client-thread | adminclient-12] WARN org.apache.kafka.clients.NetworkClient - [AdminClient clientId=adminclient-12] Connection to node -1 (localhost/127.0.0.1:9092) could not be established. Broker may not be available.
[kafka-admin-client-thread | adminclient-2] INFO org.apache.kafka.clients.NetworkClient - [AdminClient clientId=adminclient-2] Node -1 disconnected.
[kafka-admin-client-thread | adminclient-2] WARN org.apache.kafka.clients.NetworkClient - [AdminClient clientId=adminclient-2] Connection to node -1 (localhost/127.0.0.1:9092) could not be established. Broker may not be available.
[kafka-admin-client-thread | adminclient-3] INFO org.apache.kafka.clients.NetworkClient - [AdminClient clientId=adminclient-3] Node -1 disconnected.
[kafka-admin-client-thread | adminclient-3] WARN org.apache.kafka.clients.NetworkClient - [AdminClient clientId=adminclient-3] Connection to node -1 (localhost/127.0.0.1:9092) could not be established. Broker may not be available.
[kafka-admin-client-thread | adminclient-11] INFO org.apache.kafka.clients.NetworkClient - [AdminClient clientId=adminclient-11] Node -1 disconnected.
[kafka-admin-client-thread | adminclient-11] WARN org.apache.kafka.clients.NetworkClient - [AdminClient clientId=adminclient-11] Connection to node -1 (localhost/127.0.0.1:9092) could not be established. Broker may not be available.
[kafka-admin-client-thread | adminclient-7] INFO org.apache.kafka.clients.NetworkClient - [AdminClient clientId=adminclient-7] Node -1 disconnected.
[kafka-admin-client-thread | adminclient-7] WARN org.apache.kafka.clients.NetworkClient - [AdminClient clientId=adminclient-7] Connection to node -1 (localhost/127.0.0.1:9092) could not be established. Broker may not be available.
[kafka-admin-client-thread | adminclient-10] INFO org.apache.kafka.clients.NetworkClient - [AdminClient clientId=adminclient-10] Node -1 disconnected.
[kafka-admin-client-thread | adminclient-10] WARN org.apache.kafka.clients.NetworkClient - [AdminClient clientId=adminclient-10] Connection to node -1 (localhost/127.0.0.1:9092) could not be established. Broker may not be available.
[kafka-admin-client-thread | adminclient-8] INFO org.apache.kafka.clients.NetworkClient - [AdminClient clientId=adminclient-8] Node -1 disconnected.
[kafka-admin-client-thread | adminclient-8] WARN org.apache.kafka.clients.NetworkClient - [AdminClient clientId=adminclient-8] Connection to node -1 (localhost/127.0.0.1:9092) could not be established. Broker may not be available.
[kafka-admin-client-thread | adminclient-9] INFO org.apache.kafka.clients.NetworkClient - [AdminClient clientId=adminclient-9] Node -1 disconnected.
[kafka-admin-client-thread | adminclient-9] WARN org.apache.kafka.clients.NetworkClient - [AdminClient clientId=adminclient-9] Connection to node -1 (localhost/127.0.0.1:9092) could not be established. Broker may not be available.
[kafka-admin-client-thread | adminclient-4] INFO org.apache.kafka.clients.NetworkClient - [AdminClient clientId=adminclient-4] Node -1 disconnected.
[kafka-admin-client-thread | adminclient-4] WARN org.apache.kafka.clients.NetworkClient - [AdminClient clientId=adminclient-4] Connection to node -1 (localhost/127.0.0.1:9092) could not be established. Broker may not be available.
[kafka-producer-network-thread | producer-2] INFO org.apache.kafka.clients.NetworkClient - [Producer clientId=producer-2] Node -1 disconnected.
[kafka-producer-network-thread | producer-2] WARN org.apache.kafka.clients.NetworkClient - [Producer clientId=producer-2] Connection to node -1 (localhost/127.0.0.1:9092) could not be established. Broker may not be available.
[kafka-producer-network-thread | producer-2] WARN org.apache.kafka.clients.NetworkClient - [Producer clientId=producer-2] Bootstrap broker localhost:9092 (id: -1 rack: null) disconnected
[kafka-admin-client-thread | adminclient-1] INFO org.apache.kafka.clients.NetworkClient - [AdminClient clientId=adminclient-1] Node -1 disconnected.
[kafka-admin-client-thread | adminclient-1] WARN org.apache.kafka.clients.NetworkClient - [AdminClient clientId=adminclient-1] Connection to node -1 (localhost/127.0.0.1:9092) could not be established. Broker may not be available.
[kafka-admin-client-thread | adminclient-12] INFO org.apache.kafka.clients.NetworkClient - [AdminClient clientId=adminclient-12] Node -1 disconnected.
[kafka-admin-client-thread | adminclient-12] WARN org.apache.kafka.clients.NetworkClient - [AdminClient clientId=adminclient-12] Connection to node -1 (localhost/127.0.0.1:9092) could not be established. Broker may not be available.
[kafka-admin-client-thread | adminclient-2] INFO org.apache.kafka.clients.NetworkClient - [AdminClient clientId=adminclient-2] Node -1 disconnected.
[kafka-admin-client-thread | adminclient-2] WARN org.apache.kafka.clients.NetworkClient - [AdminClient clientId=adminclient-2] Connection to node -1 (localhost/127.0.0.1:9092) could not be established. Broker may not be available.
[kafka-admin-client-thread | adminclient-10] INFO org.apache.kafka.clients.NetworkClient - [AdminClient clientId=adminclient-10] Node -1 disconnected.
[kafka-admin-client-thread | adminclient-10] WARN org.apache.kafka.clients.NetworkClient - [AdminClient clientId=adminclient-10] Connection to node -1 (localhost/127.0.0.1:9092) could not be established. Broker may not be available.
[kafka-admin-client-thread | adminclient-3] INFO org.apache.kafka.clients.NetworkClient - [AdminClient clientId=adminclient-3] Node -1 disconnected.
[kafka-admin-client-thread | adminclient-3] WARN org.apache.kafka.clients.NetworkClient - [AdminClient clientId=adminclient-3] Connection to node -1 (localhost/127.0.0.1:9092) could not be established. Broker may not be available.
[kafka-admin-client-thread | adminclient-11] INFO org.apache.kafka.clients.NetworkClient - [AdminClient clientId=adminclient-11] Node -1 disconnected.
[kafka-admin-client-thread | adminclient-11] WARN org.apache.kafka.clients.NetworkClient - [AdminClient clientId=adminclient-11] Connection to node -1 (localhost/127.0.0.1:9092) could not be established. Broker may not be available.
[kafka-admin-client-thread | adminclient-7] INFO org.apache.kafka.clients.NetworkClient - [AdminClient clientId=adminclient-7] Node -1 disconnected.
[kafka-admin-client-thread | adminclient-7] WARN org.apache.kafka.clients.NetworkClient - [AdminClient clientId=adminclient-7] Connection to node -1 (localhost/127.0.0.1:9092) could not be established. Broker may not be available.
[kafka-admin-client-thread | adminclient-9] INFO org.apache.kafka.clients.NetworkClient - [AdminClient clientId=adminclient-9] Node -1 disconnected.
[kafka-admin-client-thread | adminclient-9] WARN org.apache.kafka.clients.NetworkClient - [AdminClient clientId=adminclient-9] Connection to node -1 (localhost/127.0.0.1:9092) could not be established. Broker may not be available.
[kafka-admin-client-thread | adminclient-8] INFO org.apache.kafka.clients.NetworkClient - [AdminClient clientId=adminclient-8] Node -1 disconnected.
[kafka-admin-client-thread | adminclient-8] WARN org.apache.kafka.clients.NetworkClient - [AdminClient clientId=adminclient-8] Connection to node -1 (localhost/127.0.0.1:9092) could not be established. Broker may not be available.
[kafka-admin-client-thread | adminclient-4] INFO org.apache.kafka.clients.NetworkClient - [AdminClient clientId=adminclient-4] Node -1 disconnected.
[kafka-admin-client-thread | adminclient-4] WARN org.apache.kafka.clients.NetworkClient - [AdminClient clientId=adminclient-4] Connection to node -1 (localhost/127.0.0.1:9092) could not be established. Broker may not be available.
[kafka-admin-client-thread | adminclient-12] INFO org.apache.kafka.clients.NetworkClient - [AdminClient clientId=adminclient-12] Node -1 disconnected.
[kafka-admin-client-thread | adminclient-12] WARN org.apache.kafka.clients.NetworkClient - [AdminClient clientId=adminclient-12] Connection to node -1 (localhost/127.0.0.1:9092) could not be established. Broker may not be available.
[kafka-producer-network-thread | producer-2] INFO org.apache.kafka.clients.NetworkClient - [Producer clientId=producer-2] Node -1 disconnected.
[kafka-producer-network-thread | producer-2] WARN org.apache.kafka.clients.NetworkClient - [Producer clientId=producer-2] Connection to node -1 (localhost/127.0.0.1:9092) could not be established. Broker may not be available.
[kafka-producer-network-thread | producer-2] WARN org.apache.kafka.clients.NetworkClient - [Producer clientId=producer-2] Bootstrap broker localhost:9092 (id: -1 rack: null) disconnected
[kafka-admin-client-thread | adminclient-1] INFO org.apache.kafka.clients.NetworkClient - [AdminClient clientId=adminclient-1] Node -1 disconnected.
[kafka-admin-client-thread | adminclient-1] WARN org.apache.kafka.clients.NetworkClient - [AdminClient clientId=adminclient-1] Connection to node -1 (localhost/127.0.0.1:9092) could not be established. Broker may not be available.
[kafka-admin-client-thread | adminclient-1] INFO org.apache.kafka.clients.admin.internals.AdminMetadataManager - [AdminClient clientId=adminclient-1] Metadata update failed
org.apache.kafka.common.errors.TimeoutException: Timed out waiting for a node assignment. Call: fetchMetadata
[kafka-admin-client-thread | adminclient-2] INFO org.apache.kafka.clients.admin.internals.AdminMetadataManager - [AdminClient clientId=adminclient-2] Metadata update failed
org.apache.kafka.common.errors.TimeoutException: Timed out waiting for a node assignment. Call: fetchMetadata
[kafka-admin-client-thread | adminclient-2] INFO org.apache.kafka.clients.NetworkClient - [AdminClient clientId=adminclient-2] Node -1 disconnected.
[kafka-admin-client-thread | adminclient-10] INFO org.apache.kafka.clients.NetworkClient - [AdminClient clientId=adminclient-10] Node -1 disconnected.
[kafka-admin-client-thread | adminclient-2] WARN org.apache.kafka.clients.NetworkClient - [AdminClient clientId=adminclient-2] Connection to node -1 (localhost/127.0.0.1:9092) could not be established. Broker may not be available.
[kafka-admin-client-thread | adminclient-10] WARN org.apache.kafka.clients.NetworkClient - [AdminClient clientId=adminclient-10] Connection to node -1 (localhost/127.0.0.1:9092) could not be established. Broker may not be available.
[kafka-admin-client-thread | adminclient-3] INFO org.apache.kafka.clients.NetworkClient - [AdminClient clientId=adminclient-3] Node -1 disconnected.
[kafka-admin-client-thread | adminclient-3] WARN org.apache.kafka.clients.NetworkClient - [AdminClient clientId=adminclient-3] Connection to node -1 (localhost/127.0.0.1:9092) could not be established. Broker may not be available.
[kafka-admin-client-thread | adminclient-3] INFO org.apache.kafka.clients.admin.internals.AdminMetadataManager - [AdminClient clientId=adminclient-3] Metadata update failed
org.apache.kafka.common.errors.TimeoutException: Timed out waiting for a node assignment. Call: fetchMetadata
[kafka-admin-client-thread | adminclient-4] INFO org.apache.kafka.clients.admin.internals.AdminMetadataManager - [AdminClient clientId=adminclient-4] Metadata update failed
org.apache.kafka.common.errors.TimeoutException: Timed out waiting for a node assignment. Call: fetchMetadata
[kafka-admin-client-thread | adminclient-7] INFO org.apache.kafka.clients.admin.internals.AdminMetadataManager - [AdminClient clientId=adminclient-7] Metadata update failed
org.apache.kafka.common.errors.TimeoutException: Timed out waiting for a node assignment. Call: fetchMetadata
[kafka-admin-client-thread | adminclient-8] INFO org.apache.kafka.clients.admin.internals.AdminMetadataManager - [AdminClient clientId=adminclient-8] Metadata update failed
org.apache.kafka.common.errors.TimeoutException: Timed out waiting for a node assignment. Call: fetchMetadata
[kafka-admin-client-thread | adminclient-11] INFO org.apache.kafka.clients.NetworkClient - [AdminClient clientId=adminclient-11] Node -1 disconnected.
[kafka-admin-client-thread | adminclient-11] WARN org.apache.kafka.clients.NetworkClient - [AdminClient clientId=adminclient-11] Connection to node -1 (localhost/127.0.0.1:9092) could not be established. Broker may not be available.
[kafka-admin-client-thread | adminclient-9] INFO org.apache.kafka.clients.admin.internals.AdminMetadataManager - [AdminClient clientId=adminclient-9] Metadata update failed
org.apache.kafka.common.errors.TimeoutException: Timed out waiting for a node assignment. Call: fetchMetadata
[kafka-admin-client-thread | adminclient-10] INFO org.apache.kafka.clients.admin.internals.AdminMetadataManager - [AdminClient clientId=adminclient-10] Metadata update failed
org.apache.kafka.common.errors.TimeoutException: Timed out waiting for a node assignment. Call: fetchMetadata
[kafka-admin-client-thread | adminclient-11] INFO org.apache.kafka.clients.admin.internals.AdminMetadataManager - [AdminClient clientId=adminclient-11] Metadata update failed
org.apache.kafka.common.errors.TimeoutException: Timed out waiting for a node assignment. Call: fetchMetadata
[kafka-admin-client-thread | adminclient-12] INFO org.apache.kafka.clients.admin.internals.AdminMetadataManager - [AdminClient clientId=adminclient-12] Metadata update failed
org.apache.kafka.common.errors.TimeoutException: Timed out waiting for a node assignment. Call: fetchMetadata
[kafka-admin-client-thread | adminclient-7] INFO org.apache.kafka.clients.NetworkClient - [AdminClient clientId=adminclient-7] Node -1 disconnected.
[kafka-admin-client-thread | adminclient-7] WARN org.apache.kafka.clients.NetworkClient - [AdminClient clientId=adminclient-7] Connection to node -1 (localhost/127.0.0.1:9092) could not be established. Broker may not be available.
[kafka-admin-client-thread | adminclient-8] INFO org.apache.kafka.clients.NetworkClient - [AdminClient clientId=adminclient-8] Node -1 disconnected.
[kafka-admin-client-thread | adminclient-8] WARN org.apache.kafka.clients.NetworkClient - [AdminClient clientId=adminclient-8] Connection to node -1 (localhost/127.0.0.1:9092) could not be established. Broker may not be available.
[kafka-admin-client-thread | adminclient-9] INFO org.apache.kafka.clients.NetworkClient - [AdminClient clientId=adminclient-9] Node -1 disconnected.
[kafka-admin-client-thread | adminclient-9] WARN org.apache.kafka.clients.NetworkClient - [AdminClient clientId=adminclient-9] Connection to node -1 (localhost/127.0.0.1:9092) could not be established. Broker may not be available.
[kafka-admin-client-thread | adminclient-4] INFO org.apache.kafka.clients.NetworkClient - [AdminClient clientId=adminclient-4] Node -1 disconnected.
[kafka-admin-client-thread | adminclient-4] WARN org.apache.kafka.clients.NetworkClient - [AdminClient clientId=adminclient-4] Connection to node -1 (localhost/127.0.0.1:9092) could not be established. Broker may not be available.
[kafka-producer-network-thread | producer-2] INFO org.apache.kafka.clients.NetworkClient - [Producer clientId=producer-2] Node -1 disconnected.
[kafka-producer-network-thread | producer-2] WARN org.apache.kafka.clients.NetworkClient - [Producer clientId=producer-2] Connection to node -1 (localhost/127.0.0.1:9092) could not be established. Broker may not be available.
[kafka-producer-network-thread | producer-2] WARN org.apache.kafka.clients.NetworkClient - [Producer clientId=producer-2] Bootstrap broker localhost:9092 (id: -1 rack: null) disconnected
[kafka-admin-client-thread | adminclient-1] INFO org.apache.kafka.clients.NetworkClient - [AdminClient clientId=adminclient-1] Node -1 disconnected.
[kafka-admin-client-thread | adminclient-1] WARN org.apache.kafka.clients.NetworkClient - [AdminClient clientId=adminclient-1] Connection to node -1 (localhost/127.0.0.1:9092) could not be established. Broker may not be available.
[kafka-admin-client-thread | adminclient-12] INFO org.apache.kafka.clients.NetworkClient - [AdminClient clientId=adminclient-12] Node -1 disconnected.
[kafka-admin-client-thread | adminclient-12] WARN org.apache.kafka.clients.NetworkClient - [AdminClient clientId=adminclient-12] Connection to node -1 (localhost/127.0.0.1:9092) could not be established. Broker may not be available.
[kafka-admin-client-thread | adminclient-2] INFO org.apache.kafka.clients.NetworkClient - [AdminClient clientId=adminclient-2] Node -1 disconnected.
[kafka-admin-client-thread | adminclient-2] WARN org.apache.kafka.clients.NetworkClient - [AdminClient clientId=adminclient-2] Connection to node -1 (localhost/127.0.0.1:9092) could not be established. Broker may not be available.
[kafka-admin-client-thread | adminclient-3] INFO org.apache.kafka.clients.NetworkClient - [AdminClient clientId=adminclient-3] Node -1 disconnected.
[kafka-admin-client-thread | adminclient-3] WARN org.apache.kafka.clients.NetworkClient - [AdminClient clientId=adminclient-3] Connection to node -1 (localhost/127.0.0.1:9092) could not be established. Broker may not be available.
[kafka-admin-client-thread | adminclient-10] INFO org.apache.kafka.clients.NetworkClient - [AdminClient clientId=adminclient-10] Node -1 disconnected.
[kafka-admin-client-thread | adminclient-10] WARN org.apache.kafka.clients.NetworkClient - [AdminClient clientId=adminclient-10] Connection to node -1 (localhost/127.0.0.1:9092) could not be established. Broker may not be available.
[kafka-admin-client-thread | adminclient-7] INFO org.apache.kafka.clients.NetworkClient - [AdminClient clientId=adminclient-7] Node -1 disconnected.
[kafka-admin-client-thread | adminclient-7] WARN org.apache.kafka.clients.NetworkClient - [AdminClient clientId=adminclient-7] Connection to node -1 (localhost/127.0.0.1:9092) could not be established. Broker may not be available.
[kafka-admin-client-thread | adminclient-11] INFO org.apache.kafka.clients.NetworkClient - [AdminClient clientId=adminclient-11] Node -1 disconnected.
[kafka-admin-client-thread | adminclient-11] WARN org.apache.kafka.clients.NetworkClient - [AdminClient clientId=adminclient-11] Connection to node -1 (localhost/127.0.0.1:9092) could not be established. Broker may not be available.
[kafka-admin-client-thread | adminclient-8] INFO org.apache.kafka.clients.NetworkClient - [AdminClient clientId=adminclient-8] Node -1 disconnected.
[kafka-admin-client-thread | adminclient-8] WARN org.apache.kafka.clients.NetworkClient - [AdminClient clientId=adminclient-8] Connection to node -1 (localhost/127.0.0.1:9092) could not be established. Broker may not be available.
[kafka-producer-network-thread | producer-2] INFO org.apache.kafka.clients.NetworkClient - [Producer clientId=producer-2] Node -1 disconnected.
[kafka-producer-network-thread | producer-2] WARN org.apache.kafka.clients.NetworkClient - [Producer clientId=producer-2] Connection to node -1 (localhost/127.0.0.1:9092) could not be established. Broker may not be available.
[kafka-producer-network-thread | producer-2] WARN org.apache.kafka.clients.NetworkClient - [Producer clientId=producer-2] Bootstrap broker localhost:9092 (id: -1 rack: null) disconnected
[kafka-admin-client-thread | adminclient-9] INFO org.apache.kafka.clients.NetworkClient - [AdminClient clientId=adminclient-9] Node -1 disconnected.
[kafka-admin-client-thread | adminclient-9] WARN org.apache.kafka.clients.NetworkClient - [AdminClient clientId=adminclient-9] Connection to node -1 (localhost/127.0.0.1:9092) could not be established. Broker may not be available.
[kafka-admin-client-thread | adminclient-4] INFO org.apache.kafka.clients.NetworkClient - [AdminClient clientId=adminclient-4] Node -1 disconnected.
[kafka-admin-client-thread | adminclient-4] WARN org.apache.kafka.clients.NetworkClient - [AdminClient clientId=adminclient-4] Connection to node -1 (localhost/127.0.0.1:9092) could not be established. Broker may not be available.
[kafka-admin-client-thread | adminclient-12] INFO org.apache.kafka.clients.NetworkClient - [AdminClient clientId=adminclient-12] Node -1 disconnected.
[kafka-admin-client-thread | adminclient-12] WARN org.apache.kafka.clients.NetworkClient - [AdminClient clientId=adminclient-12] Connection to node -1 (localhost/127.0.0.1:9092) could not be established. Broker may not be available.
[kafka-admin-client-thread | adminclient-1] INFO org.apache.kafka.clients.NetworkClient - [AdminClient clientId=adminclient-1] Node -1 disconnected.
[kafka-admin-client-thread | adminclient-1] WARN org.apache.kafka.clients.NetworkClient - [AdminClient clientId=adminclient-1] Connection to node -1 (localhost/127.0.0.1:9092) could not be established. Broker may not be available.
[kafka-admin-client-thread | adminclient-3] INFO org.apache.kafka.clients.NetworkClient - [AdminClient clientId=adminclient-3] Node -1 disconnected.
[kafka-admin-client-thread | adminclient-3] WARN org.apache.kafka.clients.NetworkClient - [AdminClient clientId=adminclient-3] Connection to node -1 (localhost/127.0.0.1:9092) could not be established. Broker may not be available.
[kafka-admin-client-thread | adminclient-10] INFO org.apache.kafka.clients.NetworkClient - [AdminClient clientId=adminclient-10] Node -1 disconnected.
[kafka-admin-client-thread | adminclient-10] WARN org.apache.kafka.clients.NetworkClient - [AdminClient clientId=adminclient-10] Connection to node -1 (localhost/127.0.0.1:9092) could not be established. Broker may not be available.
[kafka-admin-client-thread | adminclient-2] INFO org.apache.kafka.clients.NetworkClient - [AdminClient clientId=adminclient-2] Node -1 disconnected.
[kafka-admin-client-thread | adminclient-2] WARN org.apache.kafka.clients.NetworkClient - [AdminClient clientId=adminclient-2] Connection to node -1 (localhost/127.0.0.1:9092) could not be established. Broker may not be available.
[kafka-admin-client-thread | adminclient-11] INFO org.apache.kafka.clients.NetworkClient - [AdminClient clientId=adminclient-11] Node -1 disconnected.
[kafka-admin-client-thread | adminclient-11] WARN org.apache.kafka.clients.NetworkClient - [AdminClient clientId=adminclient-11] Connection to node -1 (localhost/127.0.0.1:9092) could not be established. Broker may not be available.
[kafka-admin-client-thread | adminclient-7] INFO org.apache.kafka.clients.NetworkClient - [AdminClient clientId=adminclient-7] Node -1 disconnected.
[kafka-admin-client-thread | adminclient-7] WARN org.apache.kafka.clients.NetworkClient - [AdminClient clientId=adminclient-7] Connection to node -1 (localhost/127.0.0.1:9092) could not be established. Broker may not be available.
[kafka-admin-client-thread | adminclient-4] INFO org.apache.kafka.clients.NetworkClient - [AdminClient clientId=adminclient-4] Node -1 disconnected.
[kafka-admin-client-thread | adminclient-4] WARN org.apache.kafka.clients.NetworkClient - [AdminClient clientId=adminclient-4] Connection to node -1 (localhost/127.0.0.1:9092) could not be established. Broker may not be available.
[kafka-producer-network-thread | producer-2] INFO org.apache.kafka.clients.NetworkClient - [Producer clientId=producer-2] Node -1 disconnected.
[kafka-producer-network-thread | producer-2] WARN org.apache.kafka.clients.NetworkClient - [Producer clientId=producer-2] Connection to node -1 (localhost/127.0.0.1:9092) could not be established. Broker may not be available.
[kafka-producer-network-thread | producer-2] WARN org.apache.kafka.clients.NetworkClient - [Producer clientId=producer-2] Bootstrap broker localhost:9092 (id: -1 rack: null) disconnected
[kafka-admin-client-thread | adminclient-12] INFO org.apache.kafka.clients.NetworkClient - [AdminClient clientId=adminclient-12] Node -1 disconnected.
[kafka-admin-client-thread | adminclient-12] WARN org.apache.kafka.clients.NetworkClient - [AdminClient clientId=adminclient-12] Connection to node -1 (localhost/127.0.0.1:9092) could not be established. Broker may not be available.
[kafka-admin-client-thread | adminclient-8] INFO org.apache.kafka.clients.NetworkClient - [AdminClient clientId=adminclient-8] Node -1 disconnected.
[kafka-admin-client-thread | adminclient-8] WARN org.apache.kafka.clients.NetworkClient - [AdminClient clientId=adminclient-8] Connection to node -1 (localhost/127.0.0.1:9092) could not be established. Broker may not be available.
[kafka-admin-client-thread | adminclient-1] INFO org.apache.kafka.clients.NetworkClient - [AdminClient clientId=adminclient-1] Node -1 disconnected.
[kafka-admin-client-thread | adminclient-1] WARN org.apache.kafka.clients.NetworkClient - [AdminClient clientId=adminclient-1] Connection to node -1 (localhost/127.0.0.1:9092) could not be established. Broker may not be available.
[kafka-admin-client-thread | adminclient-9] INFO org.apache.kafka.clients.NetworkClient - [AdminClient clientId=adminclient-9] Node -1 disconnected.
[kafka-admin-client-thread | adminclient-9] WARN org.apache.kafka.clients.NetworkClient - [AdminClient clientId=adminclient-9] Connection to node -1 (localhost/127.0.0.1:9092) could not be established. Broker may not be available.
[kafka-admin-client-thread | adminclient-3] INFO org.apache.kafka.clients.NetworkClient - [AdminClient clientId=adminclient-3] Node -1 disconnected.
[kafka-admin-client-thread | adminclient-3] WARN org.apache.kafka.clients.NetworkClient - [AdminClient clientId=adminclient-3] Connection to node -1 (localhost/127.0.0.1:9092) could not be established. Broker may not be available.
[kafka-admin-client-thread | adminclient-10] INFO org.apache.kafka.clients.NetworkClient - [AdminClient clientId=adminclient-10] Node -1 disconnected.
[kafka-admin-client-thread | adminclient-10] WARN org.apache.kafka.clients.NetworkClient - [AdminClient clientId=adminclient-10] Connection to node -1 (localhost/127.0.0.1:9092) could not be established. Broker may not be available.
[kafka-admin-client-thread | adminclient-7] INFO org.apache.kafka.clients.NetworkClient - [AdminClient clientId=adminclient-7] Node -1 disconnected.
[kafka-admin-client-thread | adminclient-7] WARN org.apache.kafka.clients.NetworkClient - [AdminClient clientId=adminclient-7] Connection to node -1 (localhost/127.0.0.1:9092) could not be established. Broker may not be available.
[kafka-admin-client-thread | adminclient-2] INFO org.apache.kafka.clients.NetworkClient - [AdminClient clientId=adminclient-2] Node -1 disconnected.
[kafka-admin-client-thread | adminclient-2] WARN org.apache.kafka.clients.NetworkClient - [AdminClient clientId=adminclient-2] Connection to node -1 (localhost/127.0.0.1:9092) could not be established. Broker may not be available.
[kafka-admin-client-thread | adminclient-11] INFO org.apache.kafka.clients.NetworkClient - [AdminClient clientId=adminclient-11] Node -1 disconnected.
[kafka-admin-client-thread | adminclient-11] WARN org.apache.kafka.clients.NetworkClient - [AdminClient clientId=adminclient-11] Connection to node -1 (localhost/127.0.0.1:9092) could not be established. Broker may not be available.
[kafka-admin-client-thread | adminclient-4] INFO org.apache.kafka.clients.NetworkClient - [AdminClient clientId=adminclient-4] Node -1 disconnected.
[kafka-admin-client-thread | adminclient-4] WARN org.apache.kafka.clients.NetworkClient - [AdminClient clientId=adminclient-4] Connection to node -1 (localhost/127.0.0.1:9092) could not be established. Broker may not be available.
[kafka-producer-network-thread | producer-2] INFO org.apache.kafka.clients.NetworkClient - [Producer clientId=producer-2] Node -1 disconnected.
[kafka-producer-network-thread | producer-2] WARN org.apache.kafka.clients.NetworkClient - [Producer clientId=producer-2] Connection to node -1 (localhost/127.0.0.1:9092) could not be established. Broker may not be available.
[kafka-producer-network-thread | producer-2] WARN org.apache.kafka.clients.NetworkClient - [Producer clientId=producer-2] Bootstrap broker localhost:9092 (id: -1 rack: null) disconnected
[kafka-admin-client-thread | adminclient-1] INFO org.apache.kafka.clients.NetworkClient - [AdminClient clientId=adminclient-1] Node -1 disconnected.
[kafka-admin-client-thread | adminclient-1] WARN org.apache.kafka.clients.NetworkClient - [AdminClient clientId=adminclient-1] Connection to node -1 (localhost/127.0.0.1:9092) could not be established. Broker may not be available.
[kafka-admin-client-thread | adminclient-12] INFO org.apache.kafka.clients.NetworkClient - [AdminClient clientId=adminclient-12] Node -1 disconnected.
[kafka-admin-client-thread | adminclient-12] WARN org.apache.kafka.clients.NetworkClient - [AdminClient clientId=adminclient-12] Connection to node -1 (localhost/127.0.0.1:9092) could not be established. Broker may not be available.
[kafka-admin-client-thread | adminclient-8] INFO org.apache.kafka.clients.NetworkClient - [AdminClient clientId=adminclient-8] Node -1 disconnected.
[kafka-admin-client-thread | adminclient-8] WARN org.apache.kafka.clients.NetworkClient - [AdminClient clientId=adminclient-8] Connection to node -1 (localhost/127.0.0.1:9092) could not be established. Broker may not be available.
[kafka-admin-client-thread | adminclient-9] INFO org.apache.kafka.clients.NetworkClient - [AdminClient clientId=adminclient-9] Node -1 disconnected.
[kafka-admin-client-thread | adminclient-9] WARN org.apache.kafka.clients.NetworkClient - [AdminClient clientId=adminclient-9] Connection to node -1 (localhost/127.0.0.1:9092) could not be established. Broker may not be available.
[kafka-admin-client-thread | adminclient-3] INFO org.apache.kafka.clients.NetworkClient - [AdminClient clientId=adminclient-3] Node -1 disconnected.
[kafka-admin-client-thread | adminclient-3] WARN org.apache.kafka.clients.NetworkClient - [AdminClient clientId=adminclient-3] Connection to node -1 (localhost/127.0.0.1:9092) could not be established. Broker may not be available.
[kafka-admin-client-thread | adminclient-10] INFO org.apache.kafka.clients.NetworkClient - [AdminClient clientId=adminclient-10] Node -1 disconnected.
[kafka-admin-client-thread | adminclient-10] WARN org.apache.kafka.clients.NetworkClient - [AdminClient clientId=adminclient-10] Connection to node -1 (localhost/127.0.0.1:9092) could not be established. Broker may not be available.
[kafka-admin-client-thread | adminclient-7] INFO org.apache.kafka.clients.NetworkClient - [AdminClient clientId=adminclient-7] Node -1 disconnected.
[kafka-admin-client-thread | adminclient-7] WARN org.apache.kafka.clients.NetworkClient - [AdminClient clientId=adminclient-7] Connection to node -1 (localhost/127.0.0.1:9092) could not be established. Broker may not be available.
[kafka-admin-client-thread | adminclient-12] INFO org.apache.kafka.clients.NetworkClient - [AdminClient clientId=adminclient-12] Node -1 disconnected.
[kafka-admin-client-thread | adminclient-11] INFO org.apache.kafka.clients.NetworkClient - [AdminClient clientId=adminclient-11] Node -1 disconnected.
[kafka-admin-client-thread | adminclient-12] WARN org.apache.kafka.clients.NetworkClient - [AdminClient clientId=adminclient-12] Connection to node -1 (localhost/127.0.0.1:9092) could not be established. Broker may not be available.
[kafka-admin-client-thread | adminclient-4] INFO org.apache.kafka.clients.NetworkClient - [AdminClient clientId=adminclient-4] Node -1 disconnected.
[kafka-admin-client-thread | adminclient-11] WARN org.apache.kafka.clients.NetworkClient - [AdminClient clientId=adminclient-11] Connection to node -1 (localhost/127.0.0.1:9092) could not be established. Broker may not be available.
[kafka-admin-client-thread | adminclient-4] WARN org.apache.kafka.clients.NetworkClient - [AdminClient clientId=adminclient-4] Connection to node -1 (localhost/127.0.0.1:9092) could not be established. Broker may not be available.
[kafka-producer-network-thread | producer-2] INFO org.apache.kafka.clients.NetworkClient - [Producer clientId=producer-2] Node -1 disconnected.
[kafka-producer-network-thread | producer-2] WARN org.apache.kafka.clients.NetworkClient - [Producer clientId=producer-2] Connection to node -1 (localhost/127.0.0.1:9092) could not be established. Broker may not be available.
[kafka-producer-network-thread | producer-2] WARN org.apache.kafka.clients.NetworkClient - [Producer clientId=producer-2] Bootstrap broker localhost:9092 (id: -1 rack: null) disconnected
[kafka-admin-client-thread | adminclient-2] INFO org.apache.kafka.clients.NetworkClient - [AdminClient clientId=adminclient-2] Node -1 disconnected.
[kafka-admin-client-thread | adminclient-2] WARN org.apache.kafka.clients.NetworkClient - [AdminClient clientId=adminclient-2] Connection to node -1 (localhost/127.0.0.1:9092) could not be established. Broker may not be available.
[kafka-admin-client-thread | adminclient-1] INFO org.apache.kafka.clients.NetworkClient - [AdminClient clientId=adminclient-1] Node -1 disconnected.
[kafka-admin-client-thread | adminclient-1] WARN org.apache.kafka.clients.NetworkClient - [AdminClient clientId=adminclient-1] Connection to node -1 (localhost/127.0.0.1:9092) could not be established. Broker may not be available.
[kafka-admin-client-thread | adminclient-8] INFO org.apache.kafka.clients.NetworkClient - [AdminClient clientId=adminclient-8] Node -1 disconnected.
[kafka-admin-client-thread | adminclient-8] WARN org.apache.kafka.clients.NetworkClient - [AdminClient clientId=adminclient-8] Connection to node -1 (localhost/127.0.0.1:9092) could not be established. Broker may not be available.
[kafka-admin-client-thread | adminclient-9] INFO org.apache.kafka.clients.NetworkClient - [AdminClient clientId=adminclient-9] Node -1 disconnected.
[kafka-admin-client-thread | adminclient-9] WARN org.apache.kafka.clients.NetworkClient - [AdminClient clientId=adminclient-9] Connection to node -1 (localhost/127.0.0.1:9092) could not be established. Broker may not be available.
[kafka-admin-client-thread | adminclient-3] INFO org.apache.kafka.clients.NetworkClient - [AdminClient clientId=adminclient-3] Node -1 disconnected.
[kafka-admin-client-thread | adminclient-3] WARN org.apache.kafka.clients.NetworkClient - [AdminClient clientId=adminclient-3] Connection to node -1 (localhost/127.0.0.1:9092) could not be established. Broker may not be available.
[kafka-admin-client-thread | adminclient-10] INFO org.apache.kafka.clients.NetworkClient - [AdminClient clientId=adminclient-10] Node -1 disconnected.
[kafka-admin-client-thread | adminclient-10] WARN org.apache.kafka.clients.NetworkClient - [AdminClient clientId=adminclient-10] Connection to node -1 (localhost/127.0.0.1:9092) could not be established. Broker may not be available.
[kafka-admin-client-thread | adminclient-4] INFO org.apache.kafka.clients.NetworkClient - [AdminClient clientId=adminclient-4] Node -1 disconnected.
[kafka-admin-client-thread | adminclient-4] WARN org.apache.kafka.clients.NetworkClient - [AdminClient clientId=adminclient-4] Connection to node -1 (localhost/127.0.0.1:9092) could not be established. Broker may not be available.
[kafka-admin-client-thread | adminclient-2] INFO org.apache.kafka.clients.NetworkClient - [AdminClient clientId=adminclient-2] Node -1 disconnected.
[kafka-admin-client-thread | adminclient-2] WARN org.apache.kafka.clients.NetworkClient - [AdminClient clientId=adminclient-2] Connection to node -1 (localhost/127.0.0.1:9092) could not be established. Broker may not be available.
[kafka-admin-client-thread | adminclient-11] INFO org.apache.kafka.clients.NetworkClient - [AdminClient clientId=adminclient-11] Node -1 disconnected.
[kafka-admin-client-thread | adminclient-11] WARN org.apache.kafka.clients.NetworkClient - [AdminClient clientId=adminclient-11] Connection to node -1 (localhost/127.0.0.1:9092) could not be established. Broker may not be available.
[kafka-admin-client-thread | adminclient-7] INFO org.apache.kafka.clients.NetworkClient - [AdminClient clientId=adminclient-7] Node -1 disconnected.
[kafka-admin-client-thread | adminclient-7] WARN org.apache.kafka.clients.NetworkClient - [AdminClient clientId=adminclient-7] Connection to node -1 (localhost/127.0.0.1:9092) could not be established. Broker may not be available.
[kafka-admin-client-thread | adminclient-12] INFO org.apache.kafka.clients.NetworkClient - [AdminClient clientId=adminclient-12] Node -1 disconnected.
[kafka-admin-client-thread | adminclient-12] WARN org.apache.kafka.clients.NetworkClient - [AdminClient clientId=adminclient-12] Connection to node -1 (localhost/127.0.0.1:9092) could not be established. Broker may not be available.
[kafka-producer-network-thread | producer-2] INFO org.apache.kafka.clients.NetworkClient - [Producer clientId=producer-2] Node -1 disconnected.
[kafka-producer-network-thread | producer-2] WARN org.apache.kafka.clients.NetworkClient - [Producer clientId=producer-2] Connection to node -1 (localhost/127.0.0.1:9092) could not be established. Broker may not be available.
[kafka-producer-network-thread | producer-2] WARN org.apache.kafka.clients.NetworkClient - [Producer clientId=producer-2] Bootstrap broker localhost:9092 (id: -1 rack: null) disconnected
[kafka-admin-client-thread | adminclient-8] INFO org.apache.kafka.clients.NetworkClient - [AdminClient clientId=adminclient-8] Node -1 disconnected.
[kafka-admin-client-thread | adminclient-8] WARN org.apache.kafka.clients.NetworkClient - [AdminClient clientId=adminclient-8] Connection to node -1 (localhost/127.0.0.1:9092) could not be established. Broker may not be available.
[kafka-admin-client-thread | adminclient-1] INFO org.apache.kafka.clients.NetworkClient - [AdminClient clientId=adminclient-1] Node -1 disconnected.
[kafka-admin-client-thread | adminclient-1] WARN org.apache.kafka.clients.NetworkClient - [AdminClient clientId=adminclient-1] Connection to node -1 (localhost/127.0.0.1:9092) could not be established. Broker may not be available.
[kafka-admin-client-thread | adminclient-9] INFO org.apache.kafka.clients.NetworkClient - [AdminClient clientId=adminclient-9] Node -1 disconnected.
[kafka-admin-client-thread | adminclient-9] WARN org.apache.kafka.clients.NetworkClient - [AdminClient clientId=adminclient-9] Connection to node -1 (localhost/127.0.0.1:9092) could not be established. Broker may not be available.
[kafka-admin-client-thread | adminclient-3] INFO org.apache.kafka.clients.NetworkClient - [AdminClient clientId=adminclient-3] Node -1 disconnected.
[kafka-admin-client-thread | adminclient-3] WARN org.apache.kafka.clients.NetworkClient - [AdminClient clientId=adminclient-3] Connection to node -1 (localhost/127.0.0.1:9092) could not be established. Broker may not be available.
[kafka-admin-client-thread | adminclient-10] INFO org.apache.kafka.clients.NetworkClient - [AdminClient clientId=adminclient-10] Node -1 disconnected.
[kafka-admin-client-thread | adminclient-10] WARN org.apache.kafka.clients.NetworkClient - [AdminClient clientId=adminclient-10] Connection to node -1 (localhost/127.0.0.1:9092) could not be established. Broker may not be available.
[kafka-admin-client-thread | adminclient-2] INFO org.apache.kafka.clients.NetworkClient - [AdminClient clientId=adminclient-2] Node -1 disconnected.
[kafka-admin-client-thread | adminclient-2] WARN org.apache.kafka.clients.NetworkClient - [AdminClient clientId=adminclient-2] Connection to node -1 (localhost/127.0.0.1:9092) could not be established. Broker may not be available.
[kafka-admin-client-thread | adminclient-11] INFO org.apache.kafka.clients.NetworkClient - [AdminClient clientId=adminclient-11] Node -1 disconnected.
[kafka-admin-client-thread | adminclient-11] WARN org.apache.kafka.clients.NetworkClient - [AdminClient clientId=adminclient-11] Connection to node -1 (localhost/127.0.0.1:9092) could not be established. Broker may not be available.
[kafka-admin-client-thread | adminclient-4] INFO org.apache.kafka.clients.NetworkClient - [AdminClient clientId=adminclient-4] Node -1 disconnected.
[kafka-admin-client-thread | adminclient-4] WARN org.apache.kafka.clients.NetworkClient - [AdminClient clientId=adminclient-4] Connection to node -1 (localhost/127.0.0.1:9092) could not be established. Broker may not be available.
[kafka-admin-client-thread | adminclient-7] INFO org.apache.kafka.clients.NetworkClient - [AdminClient clientId=adminclient-7] Node -1 disconnected.
[kafka-admin-client-thread | adminclient-7] WARN org.apache.kafka.clients.NetworkClient - [AdminClient clientId=adminclient-7] Connection to node -1 (localhost/127.0.0.1:9092) could not be established. Broker may not be available.
[kafka-producer-network-thread | producer-2] INFO org.apache.kafka.clients.NetworkClient - [Producer clientId=producer-2] Node -1 disconnected.
[kafka-producer-network-thread | producer-2] WARN org.apache.kafka.clients.NetworkClient - [Producer clientId=producer-2] Connection to node -1 (localhost/127.0.0.1:9092) could not be established. Broker may not be available.
[kafka-producer-network-thread | producer-2] WARN org.apache.kafka.clients.NetworkClient - [Producer clientId=producer-2] Bootstrap broker localhost:9092 (id: -1 rack: null) disconnected
[kafka-admin-client-thread | adminclient-1] INFO org.apache.kafka.clients.NetworkClient - [AdminClient clientId=adminclient-1] Node -1 disconnected.
[kafka-admin-client-thread | adminclient-1] WARN org.apache.kafka.clients.NetworkClient - [AdminClient clientId=adminclient-1] Connection to node -1 (localhost/127.0.0.1:9092) could not be established. Broker may not be available.
[kafka-admin-client-thread | adminclient-12] INFO org.apache.kafka.clients.NetworkClient - [AdminClient clientId=adminclient-12] Node -1 disconnected.
[kafka-admin-client-thread | adminclient-12] WARN org.apache.kafka.clients.NetworkClient - [AdminClient clientId=adminclient-12] Connection to node -1 (localhost/127.0.0.1:9092) could not be established. Broker may not be available.
[kafka-admin-client-thread | adminclient-8] INFO org.apache.kafka.clients.NetworkClient - [AdminClient clientId=adminclient-8] Node -1 disconnected.
[kafka-admin-client-thread | adminclient-8] WARN org.apache.kafka.clients.NetworkClient - [AdminClient clientId=adminclient-8] Connection to node -1 (localhost/127.0.0.1:9092) could not be established. Broker may not be available.
[kafka-admin-client-thread | adminclient-9] INFO org.apache.kafka.clients.NetworkClient - [AdminClient clientId=adminclient-9] Node -1 disconnected.
[kafka-admin-client-thread | adminclient-9] WARN org.apache.kafka.clients.NetworkClient - [AdminClient clientId=adminclient-9] Connection to node -1 (localhost/127.0.0.1:9092) could not be established. Broker may not be available.
[kafka-admin-client-thread | adminclient-3] INFO org.apache.kafka.clients.NetworkClient - [AdminClient clientId=adminclient-3] Node -1 disconnected.
[kafka-admin-client-thread | adminclient-3] WARN org.apache.kafka.clients.NetworkClient - [AdminClient clientId=adminclient-3] Connection to node -1 (localhost/127.0.0.1:9092) could not be established. Broker may not be available.
[kafka-admin-client-thread | adminclient-10] INFO org.apache.kafka.clients.NetworkClient - [AdminClient clientId=adminclient-10] Node -1 disconnected.
[kafka-admin-client-thread | adminclient-10] WARN org.apache.kafka.clients.NetworkClient - [AdminClient clientId=adminclient-10] Connection to node -1 (localhost/127.0.0.1:9092) could not be established. Broker may not be available.
[kafka-admin-client-thread | adminclient-7] INFO org.apache.kafka.clients.NetworkClient - [AdminClient clientId=adminclient-7] Node -1 disconnected.
[kafka-admin-client-thread | adminclient-7] WARN org.apache.kafka.clients.NetworkClient - [AdminClient clientId=adminclient-7] Connection to node -1 (localhost/127.0.0.1:9092) could not be established. Broker may not be available.
[kafka-admin-client-thread | adminclient-2] INFO org.apache.kafka.clients.NetworkClient - [AdminClient clientId=adminclient-2] Node -1 disconnected.
[kafka-admin-client-thread | adminclient-2] WARN org.apache.kafka.clients.NetworkClient - [AdminClient clientId=adminclient-2] Connection to node -1 (localhost/127.0.0.1:9092) could not be established. Broker may not be available.
[kafka-admin-client-thread | adminclient-1] INFO org.apache.kafka.clients.NetworkClient - [AdminClient clientId=adminclient-1] Node -1 disconnected.
[kafka-admin-client-thread | adminclient-1] WARN org.apache.kafka.clients.NetworkClient - [AdminClient clientId=adminclient-1] Connection to node -1 (localhost/127.0.0.1:9092) could not be established. Broker may not be available.
[kafka-admin-client-thread | adminclient-11] INFO org.apache.kafka.clients.NetworkClient - [AdminClient clientId=adminclient-11] Node -1 disconnected.
[kafka-admin-client-thread | adminclient-11] WARN org.apache.kafka.clients.NetworkClient - [AdminClient clientId=adminclient-11] Connection to node -1 (localhost/127.0.0.1:9092) could not be established. Broker may not be available.
[kafka-admin-client-thread | adminclient-4] INFO org.apache.kafka.clients.NetworkClient - [AdminClient clientId=adminclient-4] Node -1 disconnected.
[kafka-admin-client-thread | adminclient-4] WARN org.apache.kafka.clients.NetworkClient - [AdminClient clientId=adminclient-4] Connection to node -1 (localhost/127.0.0.1:9092) could not be established. Broker may not be available.
[kafka-admin-client-thread | adminclient-8] INFO org.apache.kafka.clients.NetworkClient - [AdminClient clientId=adminclient-8] Node -1 disconnected.
[kafka-admin-client-thread | adminclient-8] WARN org.apache.kafka.clients.NetworkClient - [AdminClient clientId=adminclient-8] Connection to node -1 (localhost/127.0.0.1:9092) could not be established. Broker may not be available.
[kafka-producer-network-thread | producer-2] INFO org.apache.kafka.clients.NetworkClient - [Producer clientId=producer-2] Node -1 disconnected.
[kafka-producer-network-thread | producer-2] WARN org.apache.kafka.clients.NetworkClient - [Producer clientId=producer-2] Connection to node -1 (localhost/127.0.0.1:9092) could not be established. Broker may not be available.
[kafka-producer-network-thread | producer-2] WARN org.apache.kafka.clients.NetworkClient - [Producer clientId=producer-2] Bootstrap broker localhost:9092 (id: -1 rack: null) disconnected
[kafka-admin-client-thread | adminclient-9] INFO org.apache.kafka.clients.NetworkClient - [AdminClient clientId=adminclient-9] Node -1 disconnected.
[kafka-admin-client-thread | adminclient-9] WARN org.apache.kafka.clients.NetworkClient - [AdminClient clientId=adminclient-9] Connection to node -1 (localhost/127.0.0.1:9092) could not be established. Broker may not be available.
[kafka-admin-client-thread | adminclient-12] INFO org.apache.kafka.clients.NetworkClient - [AdminClient clientId=adminclient-12] Node -1 disconnected.
[kafka-admin-client-thread | adminclient-12] WARN org.apache.kafka.clients.NetworkClient - [AdminClient clientId=adminclient-12] Connection to node -1 (localhost/127.0.0.1:9092) could not be established. Broker may not be available.
[kafka-admin-client-thread | adminclient-3] INFO org.apache.kafka.clients.NetworkClient - [AdminClient clientId=adminclient-3] Node -1 disconnected.
[kafka-admin-client-thread | adminclient-3] WARN org.apache.kafka.clients.NetworkClient - [AdminClient clientId=adminclient-3] Connection to node -1 (localhost/127.0.0.1:9092) could not be established. Broker may not be available.
[kafka-admin-client-thread | adminclient-2] INFO org.apache.kafka.clients.NetworkClient - [AdminClient clientId=adminclient-2] Node -1 disconnected.
[kafka-admin-client-thread | adminclient-2] WARN org.apache.kafka.clients.NetworkClient - [AdminClient clientId=adminclient-2] Connection to node -1 (localhost/127.0.0.1:9092) could not be established. Broker may not be available.
[kafka-admin-client-thread | adminclient-10] INFO org.apache.kafka.clients.NetworkClient - [AdminClient clientId=adminclient-10] Node -1 disconnected.
[kafka-admin-client-thread | adminclient-10] WARN org.apache.kafka.clients.NetworkClient - [AdminClient clientId=adminclient-10] Connection to node -1 (localhost/127.0.0.1:9092) could not be established. Broker may not be available.
[kafka-admin-client-thread | adminclient-7] INFO org.apache.kafka.clients.NetworkClient - [AdminClient clientId=adminclient-7] Node -1 disconnected.
[kafka-admin-client-thread | adminclient-7] WARN org.apache.kafka.clients.NetworkClient - [AdminClient clientId=adminclient-7] Connection to node -1 (localhost/127.0.0.1:9092) could not be established. Broker may not be available.
[kafka-admin-client-thread | adminclient-4] INFO org.apache.kafka.clients.NetworkClient - [AdminClient clientId=adminclient-4] Node -1 disconnected.
[kafka-admin-client-thread | adminclient-11] INFO org.apache.kafka.clients.NetworkClient - [AdminClient clientId=adminclient-11] Node -1 disconnected.
[kafka-admin-client-thread | adminclient-4] WARN org.apache.kafka.clients.NetworkClient - [AdminClient clientId=adminclient-4] Connection to node -1 (localhost/127.0.0.1:9092) could not be established. Broker may not be available.
[kafka-admin-client-thread | adminclient-11] WARN org.apache.kafka.clients.NetworkClient - [AdminClient clientId=adminclient-11] Connection to node -1 (localhost/127.0.0.1:9092) could not be established. Broker may not be available.
[kafka-admin-client-thread | adminclient-1] INFO org.apache.kafka.clients.NetworkClient - [AdminClient clientId=adminclient-1] Node -1 disconnected.
[kafka-admin-client-thread | adminclient-1] WARN org.apache.kafka.clients.NetworkClient - [AdminClient clientId=adminclient-1] Connection to node -1 (localhost/127.0.0.1:9092) could not be established. Broker may not be available.
[kafka-admin-client-thread | adminclient-9] INFO org.apache.kafka.clients.NetworkClient - [AdminClient clientId=adminclient-9] Node -1 disconnected.
[kafka-admin-client-thread | adminclient-9] WARN org.apache.kafka.clients.NetworkClient - [AdminClient clientId=adminclient-9] Connection to node -1 (localhost/127.0.0.1:9092) could not be established. Broker may not be available.
[kafka-producer-network-thread | producer-2] INFO org.apache.kafka.clients.NetworkClient - [Producer clientId=producer-2] Node -1 disconnected.
[kafka-producer-network-thread | producer-2] WARN org.apache.kafka.clients.NetworkClient - [Producer clientId=producer-2] Connection to node -1 (localhost/127.0.0.1:9092) could not be established. Broker may not be available.
[kafka-producer-network-thread | producer-2] WARN org.apache.kafka.clients.NetworkClient - [Producer clientId=producer-2] Bootstrap broker localhost:9092 (id: -1 rack: null) disconnected
[kafka-admin-client-thread | adminclient-8] INFO org.apache.kafka.clients.NetworkClient - [AdminClient clientId=adminclient-8] Node -1 disconnected.
[kafka-admin-client-thread | adminclient-8] WARN org.apache.kafka.clients.NetworkClient - [AdminClient clientId=adminclient-8] Connection to node -1 (localhost/127.0.0.1:9092) could not be established. Broker may not be available.
[kafka-admin-client-thread | adminclient-12] INFO org.apache.kafka.clients.NetworkClient - [AdminClient clientId=adminclient-12] Node -1 disconnected.
[kafka-admin-client-thread | adminclient-12] WARN org.apache.kafka.clients.NetworkClient - [AdminClient clientId=adminclient-12] Connection to node -1 (localhost/127.0.0.1:9092) could not be established. Broker may not be available.
[kafka-admin-client-thread | adminclient-2] INFO org.apache.kafka.clients.NetworkClient - [AdminClient clientId=adminclient-2] Node -1 disconnected.
[kafka-admin-client-thread | adminclient-2] WARN org.apache.kafka.clients.NetworkClient - [AdminClient clientId=adminclient-2] Connection to node -1 (localhost/127.0.0.1:9092) could not be established. Broker may not be available.
[kafka-admin-client-thread | adminclient-3] INFO org.apache.kafka.clients.NetworkClient - [AdminClient clientId=adminclient-3] Node -1 disconnected.
[kafka-admin-client-thread | adminclient-3] WARN org.apache.kafka.clients.NetworkClient - [AdminClient clientId=adminclient-3] Connection to node -1 (localhost/127.0.0.1:9092) could not be established. Broker may not be available.
[kafka-admin-client-thread | adminclient-7] INFO org.apache.kafka.clients.NetworkClient - [AdminClient clientId=adminclient-7] Node -1 disconnected.
[kafka-admin-client-thread | adminclient-7] WARN org.apache.kafka.clients.NetworkClient - [AdminClient clientId=adminclient-7] Connection to node -1 (localhost/127.0.0.1:9092) could not be established. Broker may not be available.
[kafka-admin-client-thread | adminclient-10] INFO org.apache.kafka.clients.NetworkClient - [AdminClient clientId=adminclient-10] Node -1 disconnected.
[kafka-admin-client-thread | adminclient-10] WARN org.apache.kafka.clients.NetworkClient - [AdminClient clientId=adminclient-10] Connection to node -1 (localhost/127.0.0.1:9092) could not be established. Broker may not be available.
[kafka-admin-client-thread | adminclient-11] INFO org.apache.kafka.clients.NetworkClient - [AdminClient clientId=adminclient-11] Node -1 disconnected.
[kafka-admin-client-thread | adminclient-11] WARN org.apache.kafka.clients.NetworkClient - [AdminClient clientId=adminclient-11] Connection to node -1 (localhost/127.0.0.1:9092) could not be established. Broker may not be available.
[kafka-producer-network-thread | producer-2] INFO org.apache.kafka.clients.NetworkClient - [Producer clientId=producer-2] Node -1 disconnected.
[kafka-producer-network-thread | producer-2] WARN org.apache.kafka.clients.NetworkClient - [Producer clientId=producer-2] Connection to node -1 (localhost/127.0.0.1:9092) could not be established. Broker may not be available.
[kafka-producer-network-thread | producer-2] WARN org.apache.kafka.clients.NetworkClient - [Producer clientId=producer-2] Bootstrap broker localhost:9092 (id: -1 rack: null) disconnected
[kafka-admin-client-thread | adminclient-4] INFO org.apache.kafka.clients.NetworkClient - [AdminClient clientId=adminclient-4] Node -1 disconnected.
[kafka-admin-client-thread | adminclient-4] WARN org.apache.kafka.clients.NetworkClient - [AdminClient clientId=adminclient-4] Connection to node -1 (localhost/127.0.0.1:9092) could not be established. Broker may not be available.
[kafka-admin-client-thread | adminclient-1] INFO org.apache.kafka.clients.NetworkClient - [AdminClient clientId=adminclient-1] Node -1 disconnected.
[kafka-admin-client-thread | adminclient-1] WARN org.apache.kafka.clients.NetworkClient - [AdminClient clientId=adminclient-1] Connection to node -1 (localhost/127.0.0.1:9092) could not be established. Broker may not be available.
[kafka-admin-client-thread | adminclient-9] INFO org.apache.kafka.clients.NetworkClient - [AdminClient clientId=adminclient-9] Node -1 disconnected.
[kafka-admin-client-thread | adminclient-9] WARN org.apache.kafka.clients.NetworkClient - [AdminClient clientId=adminclient-9] Connection to node -1 (localhost/127.0.0.1:9092) could not be established. Broker may not be available.
[kafka-admin-client-thread | adminclient-12] INFO org.apache.kafka.clients.NetworkClient - [AdminClient clientId=adminclient-12] Node -1 disconnected.
[kafka-admin-client-thread | adminclient-12] WARN org.apache.kafka.clients.NetworkClient - [AdminClient clientId=adminclient-12] Connection to node -1 (localhost/127.0.0.1:9092) could not be established. Broker may not be available.
[kafka-admin-client-thread | adminclient-8] INFO org.apache.kafka.clients.NetworkClient - [AdminClient clientId=adminclient-8] Node -1 disconnected.
[kafka-admin-client-thread | adminclient-8] WARN org.apache.kafka.clients.NetworkClient - [AdminClient clientId=adminclient-8] Connection to node -1 (localhost/127.0.0.1:9092) could not be established. Broker may not be available.
[kafka-admin-client-thread | adminclient-3] INFO org.apache.kafka.clients.NetworkClient - [AdminClient clientId=adminclient-3] Node -1 disconnected.
[kafka-admin-client-thread | adminclient-3] WARN org.apache.kafka.clients.NetworkClient - [AdminClient clientId=adminclient-3] Connection to node -1 (localhost/127.0.0.1:9092) could not be established. Broker may not be available.
[kafka-admin-client-thread | adminclient-7] INFO org.apache.kafka.clients.NetworkClient - [AdminClient clientId=adminclient-7] Node -1 disconnected.
[kafka-admin-client-thread | adminclient-7] WARN org.apache.kafka.clients.NetworkClient - [AdminClient clientId=adminclient-7] Connection to node -1 (localhost/127.0.0.1:9092) could not be established. Broker may not be available.
[kafka-admin-client-thread | adminclient-2] INFO org.apache.kafka.clients.NetworkClient - [AdminClient clientId=adminclient-2] Node -1 disconnected.
[kafka-admin-client-thread | adminclient-2] WARN org.apache.kafka.clients.NetworkClient - [AdminClient clientId=adminclient-2] Connection to node -1 (localhost/127.0.0.1:9092) could not be established. Broker may not be available.
[kafka-admin-client-thread | adminclient-10] INFO org.apache.kafka.clients.NetworkClient - [AdminClient clientId=adminclient-10] Node -1 disconnected.
[kafka-admin-client-thread | adminclient-10] WARN org.apache.kafka.clients.NetworkClient - [AdminClient clientId=adminclient-10] Connection to node -1 (localhost/127.0.0.1:9092) could not be established. Broker may not be available.
[kafka-admin-client-thread | adminclient-11] INFO org.apache.kafka.clients.NetworkClient - [AdminClient clientId=adminclient-11] Node -1 disconnected.
[kafka-admin-client-thread | adminclient-4] INFO org.apache.kafka.clients.NetworkClient - [AdminClient clientId=adminclient-4] Node -1 disconnected.
[kafka-admin-client-thread | adminclient-11] WARN org.apache.kafka.clients.NetworkClient - [AdminClient clientId=adminclient-11] Connection to node -1 (localhost/127.0.0.1:9092) could not be established. Broker may not be available.
[kafka-admin-client-thread | adminclient-4] WARN org.apache.kafka.clients.NetworkClient - [AdminClient clientId=adminclient-4] Connection to node -1 (localhost/127.0.0.1:9092) could not be established. Broker may not be available.
[kafka-producer-network-thread | producer-2] INFO org.apache.kafka.clients.NetworkClient - [Producer clientId=producer-2] Node -1 disconnected.
[kafka-producer-network-thread | producer-2] WARN org.apache.kafka.clients.NetworkClient - [Producer clientId=producer-2] Connection to node -1 (localhost/127.0.0.1:9092) could not be established. Broker may not be available.
[kafka-producer-network-thread | producer-2] WARN org.apache.kafka.clients.NetworkClient - [Producer clientId=producer-2] Bootstrap broker localhost:9092 (id: -1 rack: null) disconnected
[kafka-admin-client-thread | adminclient-9] INFO org.apache.kafka.clients.NetworkClient - [AdminClient clientId=adminclient-9] Node -1 disconnected.
[kafka-admin-client-thread | adminclient-9] WARN org.apache.kafka.clients.NetworkClient - [AdminClient clientId=adminclient-9] Connection to node -1 (localhost/127.0.0.1:9092) could not be established. Broker may not be available.
[kafka-admin-client-thread | adminclient-1] INFO org.apache.kafka.clients.NetworkClient - [AdminClient clientId=adminclient-1] Node -1 disconnected.
[kafka-admin-client-thread | adminclient-1] WARN org.apache.kafka.clients.NetworkClient - [AdminClient clientId=adminclient-1] Connection to node -1 (localhost/127.0.0.1:9092) could not be established. Broker may not be available.
[kafka-admin-client-thread | adminclient-12] INFO org.apache.kafka.clients.NetworkClient - [AdminClient clientId=adminclient-12] Node -1 disconnected.
[kafka-admin-client-thread | adminclient-12] WARN org.apache.kafka.clients.NetworkClient - [AdminClient clientId=adminclient-12] Connection to node -1 (localhost/127.0.0.1:9092) could not be established. Broker may not be available.
[kafka-admin-client-thread | adminclient-8] INFO org.apache.kafka.clients.NetworkClient - [AdminClient clientId=adminclient-8] Node -1 disconnected.
[kafka-admin-client-thread | adminclient-8] WARN org.apache.kafka.clients.NetworkClient - [AdminClient clientId=adminclient-8] Connection to node -1 (localhost/127.0.0.1:9092) could not be established. Broker may not be available.
[kafka-admin-client-thread | adminclient-7] INFO org.apache.kafka.clients.NetworkClient - [AdminClient clientId=adminclient-7] Node -1 disconnected.
[kafka-admin-client-thread | adminclient-7] WARN org.apache.kafka.clients.NetworkClient - [AdminClient clientId=adminclient-7] Connection to node -1 (localhost/127.0.0.1:9092) could not be established. Broker may not be available.
[kafka-admin-client-thread | adminclient-2] INFO org.apache.kafka.clients.NetworkClient - [AdminClient clientId=adminclient-2] Node -1 disconnected.
[kafka-admin-client-thread | adminclient-2] WARN org.apache.kafka.clients.NetworkClient - [AdminClient clientId=adminclient-2] Connection to node -1 (localhost/127.0.0.1:9092) could not be established. Broker may not be available.
[kafka-admin-client-thread | adminclient-3] INFO org.apache.kafka.clients.NetworkClient - [AdminClient clientId=adminclient-3] Node -1 disconnected.
[kafka-admin-client-thread | adminclient-3] WARN org.apache.kafka.clients.NetworkClient - [AdminClient clientId=adminclient-3] Connection to node -1 (localhost/127.0.0.1:9092) could not be established. Broker may not be available.
[kafka-admin-client-thread | adminclient-10] INFO org.apache.kafka.clients.NetworkClient - [AdminClient clientId=adminclient-10] Node -1 disconnected.
[kafka-admin-client-thread | adminclient-10] WARN org.apache.kafka.clients.NetworkClient - [AdminClient clientId=adminclient-10] Connection to node -1 (localhost/127.0.0.1:9092) could not be established. Broker may not be available.
[kafka-admin-client-thread | adminclient-11] INFO org.apache.kafka.clients.NetworkClient - [AdminClient clientId=adminclient-11] Node -1 disconnected.
[kafka-admin-client-thread | adminclient-4] INFO org.apache.kafka.clients.NetworkClient - [AdminClient clientId=adminclient-4] Node -1 disconnected.
[kafka-admin-client-thread | adminclient-11] WARN org.apache.kafka.clients.NetworkClient - [AdminClient clientId=adminclient-11] Connection to node -1 (localhost/127.0.0.1:9092) could not be established. Broker may not be available.
[kafka-admin-client-thread | adminclient-4] WARN org.apache.kafka.clients.NetworkClient - [AdminClient clientId=adminclient-4] Connection to node -1 (localhost/127.0.0.1:9092) could not be established. Broker may not be available.
[kafka-admin-client-thread | adminclient-1] INFO org.apache.kafka.clients.NetworkClient - [AdminClient clientId=adminclient-1] Node -1 disconnected.
[kafka-admin-client-thread | adminclient-1] WARN org.apache.kafka.clients.NetworkClient - [AdminClient clientId=adminclient-1] Connection to node -1 (localhost/127.0.0.1:9092) could not be established. Broker may not be available.
[kafka-producer-network-thread | producer-2] INFO org.apache.kafka.clients.NetworkClient - [Producer clientId=producer-2] Node -1 disconnected.
[kafka-producer-network-thread | producer-2] WARN org.apache.kafka.clients.NetworkClient - [Producer clientId=producer-2] Connection to node -1 (localhost/127.0.0.1:9092) could not be established. Broker may not be available.
[kafka-producer-network-thread | producer-2] WARN org.apache.kafka.clients.NetworkClient - [Producer clientId=producer-2] Bootstrap broker localhost:9092 (id: -1 rack: null) disconnected
[kafka-admin-client-thread | adminclient-12] INFO org.apache.kafka.clients.NetworkClient - [AdminClient clientId=adminclient-12] Node -1 disconnected.
[kafka-admin-client-thread | adminclient-12] WARN org.apache.kafka.clients.NetworkClient - [AdminClient clientId=adminclient-12] Connection to node -1 (localhost/127.0.0.1:9092) could not be established. Broker may not be available.
[kafka-admin-client-thread | adminclient-9] INFO org.apache.kafka.clients.NetworkClient - [AdminClient clientId=adminclient-9] Node -1 disconnected.
[kafka-admin-client-thread | adminclient-9] WARN org.apache.kafka.clients.NetworkClient - [AdminClient clientId=adminclient-9] Connection to node -1 (localhost/127.0.0.1:9092) could not be established. Broker may not be available.
[kafka-admin-client-thread | adminclient-8] INFO org.apache.kafka.clients.NetworkClient - [AdminClient clientId=adminclient-8] Node -1 disconnected.
[kafka-admin-client-thread | adminclient-7] INFO org.apache.kafka.clients.NetworkClient - [AdminClient clientId=adminclient-7] Node -1 disconnected.
[kafka-admin-client-thread | adminclient-8] WARN org.apache.kafka.clients.NetworkClient - [AdminClient clientId=adminclient-8] Connection to node -1 (localhost/127.0.0.1:9092) could not be established. Broker may not be available.
[kafka-admin-client-thread | adminclient-7] WARN org.apache.kafka.clients.NetworkClient - [AdminClient clientId=adminclient-7] Connection to node -1 (localhost/127.0.0.1:9092) could not be established. Broker may not be available.
[kafka-admin-client-thread | adminclient-3] INFO org.apache.kafka.clients.NetworkClient - [AdminClient clientId=adminclient-3] Node -1 disconnected.
[kafka-admin-client-thread | adminclient-3] WARN org.apache.kafka.clients.NetworkClient - [AdminClient clientId=adminclient-3] Connection to node -1 (localhost/127.0.0.1:9092) could not be established. Broker may not be available.
[kafka-admin-client-thread | adminclient-2] INFO org.apache.kafka.clients.NetworkClient - [AdminClient clientId=adminclient-2] Node -1 disconnected.
[kafka-admin-client-thread | adminclient-2] WARN org.apache.kafka.clients.NetworkClient - [AdminClient clientId=adminclient-2] Connection to node -1 (localhost/127.0.0.1:9092) could not be established. Broker may not be available.
[kafka-admin-client-thread | adminclient-11] INFO org.apache.kafka.clients.NetworkClient - [AdminClient clientId=adminclient-11] Node -1 disconnected.
[kafka-admin-client-thread | adminclient-4] INFO org.apache.kafka.clients.NetworkClient - [AdminClient clientId=adminclient-4] Node -1 disconnected.
[kafka-admin-client-thread | adminclient-11] WARN org.apache.kafka.clients.NetworkClient - [AdminClient clientId=adminclient-11] Connection to node -1 (localhost/127.0.0.1:9092) could not be established. Broker may not be available.
[kafka-admin-client-thread | adminclient-4] WARN org.apache.kafka.clients.NetworkClient - [AdminClient clientId=adminclient-4] Connection to node -1 (localhost/127.0.0.1:9092) could not be established. Broker may not be available.
[kafka-admin-client-thread | adminclient-10] INFO org.apache.kafka.clients.NetworkClient - [AdminClient clientId=adminclient-10] Node -1 disconnected.
[kafka-admin-client-thread | adminclient-10] WARN org.apache.kafka.clients.NetworkClient - [AdminClient clientId=adminclient-10] Connection to node -1 (localhost/127.0.0.1:9092) could not be established. Broker may not be available.
[kafka-producer-network-thread | producer-2] INFO org.apache.kafka.clients.NetworkClient - [Producer clientId=producer-2] Node -1 disconnected.
[kafka-producer-network-thread | producer-2] WARN org.apache.kafka.clients.NetworkClient - [Producer clientId=producer-2] Connection to node -1 (localhost/127.0.0.1:9092) could not be established. Broker may not be available.
[kafka-producer-network-thread | producer-2] WARN org.apache.kafka.clients.NetworkClient - [Producer clientId=producer-2] Bootstrap broker localhost:9092 (id: -1 rack: null) disconnected
[kafka-admin-client-thread | adminclient-1] INFO org.apache.kafka.clients.NetworkClient - [AdminClient clientId=adminclient-1] Node -1 disconnected.
[kafka-admin-client-thread | adminclient-1] WARN org.apache.kafka.clients.NetworkClient - [AdminClient clientId=adminclient-1] Connection to node -1 (localhost/127.0.0.1:9092) could not be established. Broker may not be available.
[kafka-admin-client-thread | adminclient-12] INFO org.apache.kafka.clients.NetworkClient - [AdminClient clientId=adminclient-12] Node -1 disconnected.
[kafka-admin-client-thread | adminclient-12] WARN org.apache.kafka.clients.NetworkClient - [AdminClient clientId=adminclient-12] Connection to node -1 (localhost/127.0.0.1:9092) could not be established. Broker may not be available.
[kafka-admin-client-thread | adminclient-7] INFO org.apache.kafka.clients.NetworkClient - [AdminClient clientId=adminclient-7] Node -1 disconnected.
[kafka-admin-client-thread | adminclient-7] WARN org.apache.kafka.clients.NetworkClient - [AdminClient clientId=adminclient-7] Connection to node -1 (localhost/127.0.0.1:9092) could not be established. Broker may not be available.
[kafka-admin-client-thread | adminclient-9] INFO org.apache.kafka.clients.NetworkClient - [AdminClient clientId=adminclient-9] Node -1 disconnected.
[kafka-admin-client-thread | adminclient-9] WARN org.apache.kafka.clients.NetworkClient - [AdminClient clientId=adminclient-9] Connection to node -1 (localhost/127.0.0.1:9092) could not be established. Broker may not be available.
[kafka-admin-client-thread | adminclient-3] INFO org.apache.kafka.clients.NetworkClient - [AdminClient clientId=adminclient-3] Node -1 disconnected.
[kafka-admin-client-thread | adminclient-3] WARN org.apache.kafka.clients.NetworkClient - [AdminClient clientId=adminclient-3] Connection to node -1 (localhost/127.0.0.1:9092) could not be established. Broker may not be available.
[kafka-admin-client-thread | adminclient-8] INFO org.apache.kafka.clients.NetworkClient - [AdminClient clientId=adminclient-8] Node -1 disconnected.
[kafka-admin-client-thread | adminclient-8] WARN org.apache.kafka.clients.NetworkClient - [AdminClient clientId=adminclient-8] Connection to node -1 (localhost/127.0.0.1:9092) could not be established. Broker may not be available.
[kafka-admin-client-thread | adminclient-2] INFO org.apache.kafka.clients.NetworkClient - [AdminClient clientId=adminclient-2] Node -1 disconnected.
[kafka-admin-client-thread | adminclient-2] WARN org.apache.kafka.clients.NetworkClient - [AdminClient clientId=adminclient-2] Connection to node -1 (localhost/127.0.0.1:9092) could not be established. Broker may not be available.
[kafka-admin-client-thread | adminclient-4] INFO org.apache.kafka.clients.NetworkClient - [AdminClient clientId=adminclient-4] Node -1 disconnected.
[kafka-admin-client-thread | adminclient-4] WARN org.apache.kafka.clients.NetworkClient - [AdminClient clientId=adminclient-4] Connection to node -1 (localhost/127.0.0.1:9092) could not be established. Broker may not be available.
[kafka-admin-client-thread | adminclient-11] INFO org.apache.kafka.clients.NetworkClient - [AdminClient clientId=adminclient-11] Node -1 disconnected.
[kafka-admin-client-thread | adminclient-11] WARN org.apache.kafka.clients.NetworkClient - [AdminClient clientId=adminclient-11] Connection to node -1 (localhost/127.0.0.1:9092) could not be established. Broker may not be available.
[kafka-admin-client-thread | adminclient-10] INFO org.apache.kafka.clients.NetworkClient - [AdminClient clientId=adminclient-10] Node -1 disconnected.
[kafka-admin-client-thread | adminclient-10] WARN org.apache.kafka.clients.NetworkClient - [AdminClient clientId=adminclient-10] Connection to node -1 (localhost/127.0.0.1:9092) could not be established. Broker may not be available.
[kafka-producer-network-thread | producer-2] INFO org.apache.kafka.clients.NetworkClient - [Producer clientId=producer-2] Node -1 disconnected.
[kafka-producer-network-thread | producer-2] WARN org.apache.kafka.clients.NetworkClient - [Producer clientId=producer-2] Connection to node -1 (localhost/127.0.0.1:9092) could not be established. Broker may not be available.
[kafka-producer-network-thread | producer-2] WARN org.apache.kafka.clients.NetworkClient - [Producer clientId=producer-2] Bootstrap broker localhost:9092 (id: -1 rack: null) disconnected
[kafka-admin-client-thread | adminclient-12] INFO org.apache.kafka.clients.NetworkClient - [AdminClient clientId=adminclient-12] Node -1 disconnected.
[kafka-admin-client-thread | adminclient-12] WARN org.apache.kafka.clients.NetworkClient - [AdminClient clientId=adminclient-12] Connection to node -1 (localhost/127.0.0.1:9092) could not be established. Broker may not be available.
[kafka-admin-client-thread | adminclient-1] INFO org.apache.kafka.clients.NetworkClient - [AdminClient clientId=adminclient-1] Node -1 disconnected.
[kafka-admin-client-thread | adminclient-1] WARN org.apache.kafka.clients.NetworkClient - [AdminClient clientId=adminclient-1] Connection to node -1 (localhost/127.0.0.1:9092) could not be established. Broker may not be available.
[kafka-admin-client-thread | adminclient-9] INFO org.apache.kafka.clients.NetworkClient - [AdminClient clientId=adminclient-9] Node -1 disconnected.
[kafka-admin-client-thread | adminclient-9] WARN org.apache.kafka.clients.NetworkClient - [AdminClient clientId=adminclient-9] Connection to node -1 (localhost/127.0.0.1:9092) could not be established. Broker may not be available.
[kafka-admin-client-thread | adminclient-7] INFO org.apache.kafka.clients.NetworkClient - [AdminClient clientId=adminclient-7] Node -1 disconnected.
[kafka-admin-client-thread | adminclient-7] WARN org.apache.kafka.clients.NetworkClient - [AdminClient clientId=adminclient-7] Connection to node -1 (localhost/127.0.0.1:9092) could not be established. Broker may not be available.
[kafka-admin-client-thread | adminclient-2] INFO org.apache.kafka.clients.NetworkClient - [AdminClient clientId=adminclient-2] Node -1 disconnected.
[kafka-admin-client-thread | adminclient-2] WARN org.apache.kafka.clients.NetworkClient - [AdminClient clientId=adminclient-2] Connection to node -1 (localhost/127.0.0.1:9092) could not be established. Broker may not be available.
[kafka-admin-client-thread | adminclient-4] INFO org.apache.kafka.clients.NetworkClient - [AdminClient clientId=adminclient-4] Node -1 disconnected.
[kafka-admin-client-thread | adminclient-3] INFO org.apache.kafka.clients.NetworkClient - [AdminClient clientId=adminclient-3] Node -1 disconnected.
[kafka-admin-client-thread | adminclient-10] INFO org.apache.kafka.clients.NetworkClient - [AdminClient clientId=adminclient-10] Node -1 disconnected.
[kafka-admin-client-thread | adminclient-4] WARN org.apache.kafka.clients.NetworkClient - [AdminClient clientId=adminclient-4] Connection to node -1 (localhost/127.0.0.1:9092) could not be established. Broker may not be available.
[kafka-admin-client-thread | adminclient-3] WARN org.apache.kafka.clients.NetworkClient - [AdminClient clientId=adminclient-3] Connection to node -1 (localhost/127.0.0.1:9092) could not be established. Broker may not be available.
[kafka-admin-client-thread | adminclient-10] WARN org.apache.kafka.clients.NetworkClient - [AdminClient clientId=adminclient-10] Connection to node -1 (localhost/127.0.0.1:9092) could not be established. Broker may not be available.
[kafka-admin-client-thread | adminclient-11] INFO org.apache.kafka.clients.NetworkClient - [AdminClient clientId=adminclient-11] Node -1 disconnected.
[kafka-admin-client-thread | adminclient-11] WARN org.apache.kafka.clients.NetworkClient - [AdminClient clientId=adminclient-11] Connection to node -1 (localhost/127.0.0.1:9092) could not be established. Broker may not be available.
[kafka-admin-client-thread | adminclient-8] INFO org.apache.kafka.clients.NetworkClient - [AdminClient clientId=adminclient-8] Node -1 disconnected.
[kafka-admin-client-thread | adminclient-8] WARN org.apache.kafka.clients.NetworkClient - [AdminClient clientId=adminclient-8] Connection to node -1 (localhost/127.0.0.1:9092) could not be established. Broker may not be available.
[kafka-producer-network-thread | producer-2] INFO org.apache.kafka.clients.NetworkClient - [Producer clientId=producer-2] Node -1 disconnected.
[kafka-producer-network-thread | producer-2] WARN org.apache.kafka.clients.NetworkClient - [Producer clientId=producer-2] Connection to node -1 (localhost/127.0.0.1:9092) could not be established. Broker may not be available.
[kafka-producer-network-thread | producer-2] WARN org.apache.kafka.clients.NetworkClient - [Producer clientId=producer-2] Bootstrap broker localhost:9092 (id: -1 rack: null) disconnected
[kafka-admin-client-thread | adminclient-1] INFO org.apache.kafka.clients.NetworkClient - [AdminClient clientId=adminclient-1] Node -1 disconnected.
[kafka-admin-client-thread | adminclient-1] WARN org.apache.kafka.clients.NetworkClient - [AdminClient clientId=adminclient-1] Connection to node -1 (localhost/127.0.0.1:9092) could not be established. Broker may not be available.
[kafka-admin-client-thread | adminclient-12] INFO org.apache.kafka.clients.NetworkClient - [AdminClient clientId=adminclient-12] Node -1 disconnected.
[kafka-admin-client-thread | adminclient-12] WARN org.apache.kafka.clients.NetworkClient - [AdminClient clientId=adminclient-12] Connection to node -1 (localhost/127.0.0.1:9092) could not be established. Broker may not be available.
[kafka-admin-client-thread | adminclient-9] INFO org.apache.kafka.clients.NetworkClient - [AdminClient clientId=adminclient-9] Node -1 disconnected.
[kafka-admin-client-thread | adminclient-9] WARN org.apache.kafka.clients.NetworkClient - [AdminClient clientId=adminclient-9] Connection to node -1 (localhost/127.0.0.1:9092) could not be established. Broker may not be available.
[kafka-admin-client-thread | adminclient-7] INFO org.apache.kafka.clients.NetworkClient - [AdminClient clientId=adminclient-7] Node -1 disconnected.
[kafka-admin-client-thread | adminclient-7] WARN org.apache.kafka.clients.NetworkClient - [AdminClient clientId=adminclient-7] Connection to node -1 (localhost/127.0.0.1:9092) could not be established. Broker may not be available.
[kafka-admin-client-thread | adminclient-2] INFO org.apache.kafka.clients.NetworkClient - [AdminClient clientId=adminclient-2] Node -1 disconnected.
[kafka-admin-client-thread | adminclient-2] WARN org.apache.kafka.clients.NetworkClient - [AdminClient clientId=adminclient-2] Connection to node -1 (localhost/127.0.0.1:9092) could not be established. Broker may not be available.
[kafka-admin-client-thread | adminclient-10] INFO org.apache.kafka.clients.NetworkClient - [AdminClient clientId=adminclient-10] Node -1 disconnected.
[kafka-admin-client-thread | adminclient-10] WARN org.apache.kafka.clients.NetworkClient - [AdminClient clientId=adminclient-10] Connection to node -1 (localhost/127.0.0.1:9092) could not be established. Broker may not be available.
[kafka-admin-client-thread | adminclient-8] INFO org.apache.kafka.clients.NetworkClient - [AdminClient clientId=adminclient-8] Node -1 disconnected.
[kafka-admin-client-thread | adminclient-8] WARN org.apache.kafka.clients.NetworkClient - [AdminClient clientId=adminclient-8] Connection to node -1 (localhost/127.0.0.1:9092) could not be established. Broker may not be available.
[kafka-producer-network-thread | producer-2] INFO org.apache.kafka.clients.NetworkClient - [Producer clientId=producer-2] Node -1 disconnected.
[kafka-producer-network-thread | producer-2] WARN org.apache.kafka.clients.NetworkClient - [Producer clientId=producer-2] Connection to node -1 (localhost/127.0.0.1:9092) could not be established. Broker may not be available.
[kafka-producer-network-thread | producer-2] WARN org.apache.kafka.clients.NetworkClient - [Producer clientId=producer-2] Bootstrap broker localhost:9092 (id: -1 rack: null) disconnected
[kafka-admin-client-thread | adminclient-4] INFO org.apache.kafka.clients.NetworkClient - [AdminClient clientId=adminclient-4] Node -1 disconnected.
[kafka-admin-client-thread | adminclient-3] INFO org.apache.kafka.clients.NetworkClient - [AdminClient clientId=adminclient-3] Node -1 disconnected.
[kafka-admin-client-thread | adminclient-4] WARN org.apache.kafka.clients.NetworkClient - [AdminClient clientId=adminclient-4] Connection to node -1 (localhost/127.0.0.1:9092) could not be established. Broker may not be available.
[kafka-admin-client-thread | adminclient-3] WARN org.apache.kafka.clients.NetworkClient - [AdminClient clientId=adminclient-3] Connection to node -1 (localhost/127.0.0.1:9092) could not be established. Broker may not be available.
[kafka-admin-client-thread | adminclient-11] INFO org.apache.kafka.clients.NetworkClient - [AdminClient clientId=adminclient-11] Node -1 disconnected.
[kafka-admin-client-thread | adminclient-11] WARN org.apache.kafka.clients.NetworkClient - [AdminClient clientId=adminclient-11] Connection to node -1 (localhost/127.0.0.1:9092) could not be established. Broker may not be available.
[kafka-admin-client-thread | adminclient-7] INFO org.apache.kafka.clients.NetworkClient - [AdminClient clientId=adminclient-7] Node -1 disconnected.
[kafka-admin-client-thread | adminclient-7] WARN org.apache.kafka.clients.NetworkClient - [AdminClient clientId=adminclient-7] Connection to node -1 (localhost/127.0.0.1:9092) could not be established. Broker may not be available.
[kafka-admin-client-thread | adminclient-12] INFO org.apache.kafka.clients.NetworkClient - [AdminClient clientId=adminclient-12] Node -1 disconnected.
[kafka-admin-client-thread | adminclient-12] WARN org.apache.kafka.clients.NetworkClient - [AdminClient clientId=adminclient-12] Connection to node -1 (localhost/127.0.0.1:9092) could not be established. Broker may not be available.
[kafka-admin-client-thread | adminclient-1] INFO org.apache.kafka.clients.NetworkClient - [AdminClient clientId=adminclient-1] Node -1 disconnected.
[kafka-admin-client-thread | adminclient-1] WARN org.apache.kafka.clients.NetworkClient - [AdminClient clientId=adminclient-1] Connection to node -1 (localhost/127.0.0.1:9092) could not be established. Broker may not be available.
[kafka-admin-client-thread | adminclient-10] INFO org.apache.kafka.clients.NetworkClient - [AdminClient clientId=adminclient-10] Node -1 disconnected.
[kafka-admin-client-thread | adminclient-9] INFO org.apache.kafka.clients.NetworkClient - [AdminClient clientId=adminclient-9] Node -1 disconnected.
[kafka-admin-client-thread | adminclient-10] WARN org.apache.kafka.clients.NetworkClient - [AdminClient clientId=adminclient-10] Connection to node -1 (localhost/127.0.0.1:9092) could not be established. Broker may not be available.
[kafka-admin-client-thread | adminclient-9] WARN org.apache.kafka.clients.NetworkClient - [AdminClient clientId=adminclient-9] Connection to node -1 (localhost/127.0.0.1:9092) could not be established. Broker may not be available.
[kafka-admin-client-thread | adminclient-2] INFO org.apache.kafka.clients.NetworkClient - [AdminClient clientId=adminclient-2] Node -1 disconnected.
[kafka-admin-client-thread | adminclient-2] WARN org.apache.kafka.clients.NetworkClient - [AdminClient clientId=adminclient-2] Connection to node -1 (localhost/127.0.0.1:9092) could not be established. Broker may not be available.
[kafka-admin-client-thread | adminclient-8] INFO org.apache.kafka.clients.NetworkClient - [AdminClient clientId=adminclient-8] Node -1 disconnected.
[kafka-admin-client-thread | adminclient-8] WARN org.apache.kafka.clients.NetworkClient - [AdminClient clientId=adminclient-8] Connection to node -1 (localhost/127.0.0.1:9092) could not be established. Broker may not be available.
[kafka-admin-client-thread | adminclient-11] INFO org.apache.kafka.clients.NetworkClient - [AdminClient clientId=adminclient-11] Node -1 disconnected.
[kafka-admin-client-thread | adminclient-11] WARN org.apache.kafka.clients.NetworkClient - [AdminClient clientId=adminclient-11] Connection to node -1 (localhost/127.0.0.1:9092) could not be established. Broker may not be available.
[kafka-admin-client-thread | adminclient-4] INFO org.apache.kafka.clients.NetworkClient - [AdminClient clientId=adminclient-4] Node -1 disconnected.
[kafka-admin-client-thread | adminclient-4] WARN org.apache.kafka.clients.NetworkClient - [AdminClient clientId=adminclient-4] Connection to node -1 (localhost/127.0.0.1:9092) could not be established. Broker may not be available.
[kafka-producer-network-thread | producer-2] INFO org.apache.kafka.clients.NetworkClient - [Producer clientId=producer-2] Node -1 disconnected.
[kafka-producer-network-thread | producer-2] WARN org.apache.kafka.clients.NetworkClient - [Producer clientId=producer-2] Connection to node -1 (localhost/127.0.0.1:9092) could not be established. Broker may not be available.
[kafka-producer-network-thread | producer-2] WARN org.apache.kafka.clients.NetworkClient - [Producer clientId=producer-2] Bootstrap broker localhost:9092 (id: -1 rack: null) disconnected
[kafka-admin-client-thread | adminclient-3] INFO org.apache.kafka.clients.NetworkClient - [AdminClient clientId=adminclient-3] Node -1 disconnected.
[kafka-admin-client-thread | adminclient-3] WARN org.apache.kafka.clients.NetworkClient - [AdminClient clientId=adminclient-3] Connection to node -1 (localhost/127.0.0.1:9092) could not be established. Broker may not be available.
[kafka-admin-client-thread | adminclient-12] INFO org.apache.kafka.clients.NetworkClient - [AdminClient clientId=adminclient-12] Node -1 disconnected.
[kafka-admin-client-thread | adminclient-12] WARN org.apache.kafka.clients.NetworkClient - [AdminClient clientId=adminclient-12] Connection to node -1 (localhost/127.0.0.1:9092) could not be established. Broker may not be available.
[kafka-admin-client-thread | adminclient-7] INFO org.apache.kafka.clients.NetworkClient - [AdminClient clientId=adminclient-7] Node -1 disconnected.
[kafka-admin-client-thread | adminclient-7] WARN org.apache.kafka.clients.NetworkClient - [AdminClient clientId=adminclient-7] Connection to node -1 (localhost/127.0.0.1:9092) could not be established. Broker may not be available.
[kafka-admin-client-thread | adminclient-1] INFO org.apache.kafka.clients.NetworkClient - [AdminClient clientId=adminclient-1] Node -1 disconnected.
[kafka-admin-client-thread | adminclient-1] WARN org.apache.kafka.clients.NetworkClient - [AdminClient clientId=adminclient-1] Connection to node -1 (localhost/127.0.0.1:9092) could not be established. Broker may not be available.
[kafka-admin-client-thread | adminclient-10] INFO org.apache.kafka.clients.NetworkClient - [AdminClient clientId=adminclient-10] Node -1 disconnected.
[kafka-admin-client-thread | adminclient-10] WARN org.apache.kafka.clients.NetworkClient - [AdminClient clientId=adminclient-10] Connection to node -1 (localhost/127.0.0.1:9092) could not be established. Broker may not be available.
[kafka-admin-client-thread | adminclient-9] INFO org.apache.kafka.clients.NetworkClient - [AdminClient clientId=adminclient-9] Node -1 disconnected.
[kafka-admin-client-thread | adminclient-9] WARN org.apache.kafka.clients.NetworkClient - [AdminClient clientId=adminclient-9] Connection to node -1 (localhost/127.0.0.1:9092) could not be established. Broker may not be available.
[kafka-admin-client-thread | adminclient-11] INFO org.apache.kafka.clients.NetworkClient - [AdminClient clientId=adminclient-11] Node -1 disconnected.
[kafka-admin-client-thread | adminclient-11] WARN org.apache.kafka.clients.NetworkClient - [AdminClient clientId=adminclient-11] Connection to node -1 (localhost/127.0.0.1:9092) could not be established. Broker may not be available.
[kafka-admin-client-thread | adminclient-4] INFO org.apache.kafka.clients.NetworkClient - [AdminClient clientId=adminclient-4] Node -1 disconnected.
[kafka-admin-client-thread | adminclient-4] WARN org.apache.kafka.clients.NetworkClient - [AdminClient clientId=adminclient-4] Connection to node -1 (localhost/127.0.0.1:9092) could not be established. Broker may not be available.
[kafka-admin-client-thread | adminclient-2] INFO org.apache.kafka.clients.NetworkClient - [AdminClient clientId=adminclient-2] Node -1 disconnected.
[kafka-admin-client-thread | adminclient-2] WARN org.apache.kafka.clients.NetworkClient - [AdminClient clientId=adminclient-2] Connection to node -1 (localhost/127.0.0.1:9092) could not be established. Broker may not be available.
[kafka-producer-network-thread | producer-2] INFO org.apache.kafka.clients.NetworkClient - [Producer clientId=producer-2] Node -1 disconnected.
[kafka-producer-network-thread | producer-2] WARN org.apache.kafka.clients.NetworkClient - [Producer clientId=producer-2] Connection to node -1 (localhost/127.0.0.1:9092) could not be established. Broker may not be available.
[kafka-producer-network-thread | producer-2] WARN org.apache.kafka.clients.NetworkClient - [Producer clientId=producer-2] Bootstrap broker localhost:9092 (id: -1 rack: null) disconnected
[kafka-admin-client-thread | adminclient-8] INFO org.apache.kafka.clients.NetworkClient - [AdminClient clientId=adminclient-8] Node -1 disconnected.
[kafka-admin-client-thread | adminclient-8] WARN org.apache.kafka.clients.NetworkClient - [AdminClient clientId=adminclient-8] Connection to node -1 (localhost/127.0.0.1:9092) could not be established. Broker may not be available.
[kafka-admin-client-thread | adminclient-3] INFO org.apache.kafka.clients.NetworkClient - [AdminClient clientId=adminclient-3] Node -1 disconnected.
[kafka-admin-client-thread | adminclient-3] WARN org.apache.kafka.clients.NetworkClient - [AdminClient clientId=adminclient-3] Connection to node -1 (localhost/127.0.0.1:9092) could not be established. Broker may not be available.
[kafka-admin-client-thread | adminclient-7] INFO org.apache.kafka.clients.NetworkClient - [AdminClient clientId=adminclient-7] Node -1 disconnected.
[kafka-admin-client-thread | adminclient-7] WARN org.apache.kafka.clients.NetworkClient - [AdminClient clientId=adminclient-7] Connection to node -1 (localhost/127.0.0.1:9092) could not be established. Broker may not be available.
[kafka-admin-client-thread | adminclient-12] INFO org.apache.kafka.clients.NetworkClient - [AdminClient clientId=adminclient-12] Node -1 disconnected.
[kafka-admin-client-thread | adminclient-12] WARN org.apache.kafka.clients.NetworkClient - [AdminClient clientId=adminclient-12] Connection to node -1 (localhost/127.0.0.1:9092) could not be established. Broker may not be available.
[kafka-admin-client-thread | adminclient-1] INFO org.apache.kafka.clients.NetworkClient - [AdminClient clientId=adminclient-1] Node -1 disconnected.
[kafka-admin-client-thread | adminclient-1] WARN org.apache.kafka.clients.NetworkClient - [AdminClient clientId=adminclient-1] Connection to node -1 (localhost/127.0.0.1:9092) could not be established. Broker may not be available.
[kafka-admin-client-thread | adminclient-10] INFO org.apache.kafka.clients.NetworkClient - [AdminClient clientId=adminclient-10] Node -1 disconnected.
[kafka-admin-client-thread | adminclient-9] INFO org.apache.kafka.clients.NetworkClient - [AdminClient clientId=adminclient-9] Node -1 disconnected.
[kafka-admin-client-thread | adminclient-10] WARN org.apache.kafka.clients.NetworkClient - [AdminClient clientId=adminclient-10] Connection to node -1 (localhost/127.0.0.1:9092) could not be established. Broker may not be available.
[kafka-admin-client-thread | adminclient-9] WARN org.apache.kafka.clients.NetworkClient - [AdminClient clientId=adminclient-9] Connection to node -1 (localhost/127.0.0.1:9092) could not be established. Broker may not be available.
[kafka-admin-client-thread | adminclient-11] INFO org.apache.kafka.clients.NetworkClient - [AdminClient clientId=adminclient-11] Node -1 disconnected.
[kafka-admin-client-thread | adminclient-11] WARN org.apache.kafka.clients.NetworkClient - [AdminClient clientId=adminclient-11] Connection to node -1 (localhost/127.0.0.1:9092) could not be established. Broker may not be available.
[kafka-producer-network-thread | producer-2] INFO org.apache.kafka.clients.NetworkClient - [Producer clientId=producer-2] Node -1 disconnected.
[kafka-producer-network-thread | producer-2] WARN org.apache.kafka.clients.NetworkClient - [Producer clientId=producer-2] Connection to node -1 (localhost/127.0.0.1:9092) could not be established. Broker may not be available.
[kafka-producer-network-thread | producer-2] WARN org.apache.kafka.clients.NetworkClient - [Producer clientId=producer-2] Bootstrap broker localhost:9092 (id: -1 rack: null) disconnected
[kafka-admin-client-thread | adminclient-4] INFO org.apache.kafka.clients.NetworkClient - [AdminClient clientId=adminclient-4] Node -1 disconnected.
[kafka-admin-client-thread | adminclient-4] WARN org.apache.kafka.clients.NetworkClient - [AdminClient clientId=adminclient-4] Connection to node -1 (localhost/127.0.0.1:9092) could not be established. Broker may not be available.
[kafka-admin-client-thread | adminclient-8] INFO org.apache.kafka.clients.NetworkClient - [AdminClient clientId=adminclient-8] Node -1 disconnected.
[kafka-admin-client-thread | adminclient-8] WARN org.apache.kafka.clients.NetworkClient - [AdminClient clientId=adminclient-8] Connection to node -1 (localhost/127.0.0.1:9092) could not be established. Broker may not be available.
[kafka-admin-client-thread | adminclient-2] INFO org.apache.kafka.clients.NetworkClient - [AdminClient clientId=adminclient-2] Node -1 disconnected.
[kafka-admin-client-thread | adminclient-2] WARN org.apache.kafka.clients.NetworkClient - [AdminClient clientId=adminclient-2] Connection to node -1 (localhost/127.0.0.1:9092) could not be established. Broker may not be available.
[kafka-admin-client-thread | adminclient-3] INFO org.apache.kafka.clients.NetworkClient - [AdminClient clientId=adminclient-3] Node -1 disconnected.
[kafka-admin-client-thread | adminclient-3] WARN org.apache.kafka.clients.NetworkClient - [AdminClient clientId=adminclient-3] Connection to node -1 (localhost/127.0.0.1:9092) could not be established. Broker may not be available.
[kafka-admin-client-thread | adminclient-7] INFO org.apache.kafka.clients.NetworkClient - [AdminClient clientId=adminclient-7] Node -1 disconnected.
[kafka-admin-client-thread | adminclient-7] WARN org.apache.kafka.clients.NetworkClient - [AdminClient clientId=adminclient-7] Connection to node -1 (localhost/127.0.0.1:9092) could not be established. Broker may not be available.
[kafka-admin-client-thread | adminclient-9] INFO org.apache.kafka.clients.NetworkClient - [AdminClient clientId=adminclient-9] Node -1 disconnected.
[kafka-admin-client-thread | adminclient-9] WARN org.apache.kafka.clients.NetworkClient - [AdminClient clientId=adminclient-9] Connection to node -1 (localhost/127.0.0.1:9092) could not be established. Broker may not be available.
[kafka-admin-client-thread | adminclient-12] INFO org.apache.kafka.clients.NetworkClient - [AdminClient clientId=adminclient-12] Node -1 disconnected.
[kafka-admin-client-thread | adminclient-12] WARN org.apache.kafka.clients.NetworkClient - [AdminClient clientId=adminclient-12] Connection to node -1 (localhost/127.0.0.1:9092) could not be established. Broker may not be available.
[kafka-admin-client-thread | adminclient-1] INFO org.apache.kafka.clients.NetworkClient - [AdminClient clientId=adminclient-1] Node -1 disconnected.
[kafka-admin-client-thread | adminclient-1] WARN org.apache.kafka.clients.NetworkClient - [AdminClient clientId=adminclient-1] Connection to node -1 (localhost/127.0.0.1:9092) could not be established. Broker may not be available.
[kafka-admin-client-thread | adminclient-11] INFO org.apache.kafka.clients.NetworkClient - [AdminClient clientId=adminclient-11] Node -1 disconnected.
[kafka-admin-client-thread | adminclient-11] WARN org.apache.kafka.clients.NetworkClient - [AdminClient clientId=adminclient-11] Connection to node -1 (localhost/127.0.0.1:9092) could not be established. Broker may not be available.
[kafka-admin-client-thread | adminclient-10] INFO org.apache.kafka.clients.NetworkClient - [AdminClient clientId=adminclient-10] Node -1 disconnected.
[kafka-admin-client-thread | adminclient-10] WARN org.apache.kafka.clients.NetworkClient - [AdminClient clientId=adminclient-10] Connection to node -1 (localhost/127.0.0.1:9092) could not be established. Broker may not be available.
[kafka-admin-client-thread | adminclient-4] INFO org.apache.kafka.clients.NetworkClient - [AdminClient clientId=adminclient-4] Node -1 disconnected.
[kafka-admin-client-thread | adminclient-4] WARN org.apache.kafka.clients.NetworkClient - [AdminClient clientId=adminclient-4] Connection to node -1 (localhost/127.0.0.1:9092) could not be established. Broker may not be available.
[kafka-producer-network-thread | producer-2] INFO org.apache.kafka.clients.NetworkClient - [Producer clientId=producer-2] Node -1 disconnected.
[kafka-producer-network-thread | producer-2] WARN org.apache.kafka.clients.NetworkClient - [Producer clientId=producer-2] Connection to node -1 (localhost/127.0.0.1:9092) could not be established. Broker may not be available.
[kafka-producer-network-thread | producer-2] WARN org.apache.kafka.clients.NetworkClient - [Producer clientId=producer-2] Bootstrap broker localhost:9092 (id: -1 rack: null) disconnected
[kafka-admin-client-thread | adminclient-8] INFO org.apache.kafka.clients.NetworkClient - [AdminClient clientId=adminclient-8] Node -1 disconnected.
[kafka-admin-client-thread | adminclient-8] WARN org.apache.kafka.clients.NetworkClient - [AdminClient clientId=adminclient-8] Connection to node -1 (localhost/127.0.0.1:9092) could not be established. Broker may not be available.
[kafka-admin-client-thread | adminclient-2] INFO org.apache.kafka.clients.NetworkClient - [AdminClient clientId=adminclient-2] Node -1 disconnected.
[kafka-admin-client-thread | adminclient-2] WARN org.apache.kafka.clients.NetworkClient - [AdminClient clientId=adminclient-2] Connection to node -1 (localhost/127.0.0.1:9092) could not be established. Broker may not be available.
[kafka-admin-client-thread | adminclient-7] INFO org.apache.kafka.clients.NetworkClient - [AdminClient clientId=adminclient-7] Node -1 disconnected.
[kafka-admin-client-thread | adminclient-7] WARN org.apache.kafka.clients.NetworkClient - [AdminClient clientId=adminclient-7] Connection to node -1 (localhost/127.0.0.1:9092) could not be established. Broker may not be available.
[kafka-admin-client-thread | adminclient-3] INFO org.apache.kafka.clients.NetworkClient - [AdminClient clientId=adminclient-3] Node -1 disconnected.
[kafka-admin-client-thread | adminclient-3] WARN org.apache.kafka.clients.NetworkClient - [AdminClient clientId=adminclient-3] Connection to node -1 (localhost/127.0.0.1:9092) could not be established. Broker may not be available.
[kafka-admin-client-thread | adminclient-12] INFO org.apache.kafka.clients.NetworkClient - [AdminClient clientId=adminclient-12] Node -1 disconnected.
[kafka-admin-client-thread | adminclient-12] WARN org.apache.kafka.clients.NetworkClient - [AdminClient clientId=adminclient-12] Connection to node -1 (localhost/127.0.0.1:9092) could not be established. Broker may not be available.
[kafka-admin-client-thread | adminclient-1] INFO org.apache.kafka.clients.NetworkClient - [AdminClient clientId=adminclient-1] Node -1 disconnected.
[kafka-admin-client-thread | adminclient-1] WARN org.apache.kafka.clients.NetworkClient - [AdminClient clientId=adminclient-1] Connection to node -1 (localhost/127.0.0.1:9092) could not be established. Broker may not be available.
[kafka-admin-client-thread | adminclient-9] INFO org.apache.kafka.clients.NetworkClient - [AdminClient clientId=adminclient-9] Node -1 disconnected.
[kafka-admin-client-thread | adminclient-11] INFO org.apache.kafka.clients.NetworkClient - [AdminClient clientId=adminclient-11] Node -1 disconnected.
[kafka-admin-client-thread | adminclient-9] WARN org.apache.kafka.clients.NetworkClient - [AdminClient clientId=adminclient-9] Connection to node -1 (localhost/127.0.0.1:9092) could not be established. Broker may not be available.
[kafka-admin-client-thread | adminclient-11] WARN org.apache.kafka.clients.NetworkClient - [AdminClient clientId=adminclient-11] Connection to node -1 (localhost/127.0.0.1:9092) could not be established. Broker may not be available.
[kafka-admin-client-thread | adminclient-10] INFO org.apache.kafka.clients.NetworkClient - [AdminClient clientId=adminclient-10] Node -1 disconnected.
[kafka-admin-client-thread | adminclient-10] WARN org.apache.kafka.clients.NetworkClient - [AdminClient clientId=adminclient-10] Connection to node -1 (localhost/127.0.0.1:9092) could not be established. Broker may not be available.
[kafka-admin-client-thread | adminclient-4] INFO org.apache.kafka.clients.NetworkClient - [AdminClient clientId=adminclient-4] Node -1 disconnected.
[kafka-admin-client-thread | adminclient-4] WARN org.apache.kafka.clients.NetworkClient - [AdminClient clientId=adminclient-4] Connection to node -1 (localhost/127.0.0.1:9092) could not be established. Broker may not be available.
[kafka-admin-client-thread | adminclient-8] INFO org.apache.kafka.clients.NetworkClient - [AdminClient clientId=adminclient-8] Node -1 disconnected.
[kafka-admin-client-thread | adminclient-8] WARN org.apache.kafka.clients.NetworkClient - [AdminClient clientId=adminclient-8] Connection to node -1 (localhost/127.0.0.1:9092) could not be established. Broker may not be available.
[kafka-producer-network-thread | producer-2] INFO org.apache.kafka.clients.NetworkClient - [Producer clientId=producer-2] Node -1 disconnected.
[kafka-producer-network-thread | producer-2] WARN org.apache.kafka.clients.NetworkClient - [Producer clientId=producer-2] Connection to node -1 (localhost/127.0.0.1:9092) could not be established. Broker may not be available.
[kafka-producer-network-thread | producer-2] WARN org.apache.kafka.clients.NetworkClient - [Producer clientId=producer-2] Bootstrap broker localhost:9092 (id: -1 rack: null) disconnected
[kafka-admin-client-thread | adminclient-2] INFO org.apache.kafka.clients.NetworkClient - [AdminClient clientId=adminclient-2] Node -1 disconnected.
[kafka-admin-client-thread | adminclient-2] WARN org.apache.kafka.clients.NetworkClient - [AdminClient clientId=adminclient-2] Connection to node -1 (localhost/127.0.0.1:9092) could not be established. Broker may not be available.
[kafka-admin-client-thread | adminclient-7] INFO org.apache.kafka.clients.NetworkClient - [AdminClient clientId=adminclient-7] Node -1 disconnected.
[kafka-admin-client-thread | adminclient-7] WARN org.apache.kafka.clients.NetworkClient - [AdminClient clientId=adminclient-7] Connection to node -1 (localhost/127.0.0.1:9092) could not be established. Broker may not be available.
[kafka-admin-client-thread | adminclient-3] INFO org.apache.kafka.clients.NetworkClient - [AdminClient clientId=adminclient-3] Node -1 disconnected.
[kafka-admin-client-thread | adminclient-3] WARN org.apache.kafka.clients.NetworkClient - [AdminClient clientId=adminclient-3] Connection to node -1 (localhost/127.0.0.1:9092) could not be established. Broker may not be available.
[kafka-admin-client-thread | adminclient-1] INFO org.apache.kafka.clients.NetworkClient - [AdminClient clientId=adminclient-1] Node -1 disconnected.
[kafka-admin-client-thread | adminclient-1] WARN org.apache.kafka.clients.NetworkClient - [AdminClient clientId=adminclient-1] Connection to node -1 (localhost/127.0.0.1:9092) could not be established. Broker may not be available.
[kafka-admin-client-thread | adminclient-12] INFO org.apache.kafka.clients.NetworkClient - [AdminClient clientId=adminclient-12] Node -1 disconnected.
[kafka-admin-client-thread | adminclient-12] WARN org.apache.kafka.clients.NetworkClient - [AdminClient clientId=adminclient-12] Connection to node -1 (localhost/127.0.0.1:9092) could not be established. Broker may not be available.
[kafka-admin-client-thread | adminclient-9] INFO org.apache.kafka.clients.NetworkClient - [AdminClient clientId=adminclient-9] Node -1 disconnected.
[kafka-admin-client-thread | adminclient-9] WARN org.apache.kafka.clients.NetworkClient - [AdminClient clientId=adminclient-9] Connection to node -1 (localhost/127.0.0.1:9092) could not be established. Broker may not be available.
[kafka-admin-client-thread | adminclient-10] INFO org.apache.kafka.clients.NetworkClient - [AdminClient clientId=adminclient-10] Node -1 disconnected.
[kafka-admin-client-thread | adminclient-11] INFO org.apache.kafka.clients.NetworkClient - [AdminClient clientId=adminclient-11] Node -1 disconnected.
[kafka-admin-client-thread | adminclient-10] WARN org.apache.kafka.clients.NetworkClient - [AdminClient clientId=adminclient-10] Connection to node -1 (localhost/127.0.0.1:9092) could not be established. Broker may not be available.
[kafka-admin-client-thread | adminclient-11] WARN org.apache.kafka.clients.NetworkClient - [AdminClient clientId=adminclient-11] Connection to node -1 (localhost/127.0.0.1:9092) could not be established. Broker may not be available.
[kafka-admin-client-thread | adminclient-4] INFO org.apache.kafka.clients.NetworkClient - [AdminClient clientId=adminclient-4] Node -1 disconnected.
[kafka-admin-client-thread | adminclient-4] WARN org.apache.kafka.clients.NetworkClient - [AdminClient clientId=adminclient-4] Connection to node -1 (localhost/127.0.0.1:9092) could not be established. Broker may not be available.
[kafka-producer-network-thread | producer-2] INFO org.apache.kafka.clients.NetworkClient - [Producer clientId=producer-2] Node -1 disconnected.
[kafka-producer-network-thread | producer-2] WARN org.apache.kafka.clients.NetworkClient - [Producer clientId=producer-2] Connection to node -1 (localhost/127.0.0.1:9092) could not be established. Broker may not be available.
[kafka-producer-network-thread | producer-2] WARN org.apache.kafka.clients.NetworkClient - [Producer clientId=producer-2] Bootstrap broker localhost:9092 (id: -1 rack: null) disconnected
[kafka-admin-client-thread | adminclient-8] INFO org.apache.kafka.clients.NetworkClient - [AdminClient clientId=adminclient-8] Node -1 disconnected.
[kafka-admin-client-thread | adminclient-8] WARN org.apache.kafka.clients.NetworkClient - [AdminClient clientId=adminclient-8] Connection to node -1 (localhost/127.0.0.1:9092) could not be established. Broker may not be available.
[kafka-admin-client-thread | adminclient-2] INFO org.apache.kafka.clients.NetworkClient - [AdminClient clientId=adminclient-2] Node -1 disconnected.
[kafka-admin-client-thread | adminclient-2] WARN org.apache.kafka.clients.NetworkClient - [AdminClient clientId=adminclient-2] Connection to node -1 (localhost/127.0.0.1:9092) could not be established. Broker may not be available.
[kafka-admin-client-thread | adminclient-7] INFO org.apache.kafka.clients.NetworkClient - [AdminClient clientId=adminclient-7] Node -1 disconnected.
[kafka-admin-client-thread | adminclient-7] WARN org.apache.kafka.clients.NetworkClient - [AdminClient clientId=adminclient-7] Connection to node -1 (localhost/127.0.0.1:9092) could not be established. Broker may not be available.
[kafka-admin-client-thread | adminclient-1] INFO org.apache.kafka.clients.NetworkClient - [AdminClient clientId=adminclient-1] Node -1 disconnected.
[kafka-admin-client-thread | adminclient-1] WARN org.apache.kafka.clients.NetworkClient - [AdminClient clientId=adminclient-1] Connection to node -1 (localhost/127.0.0.1:9092) could not be established. Broker may not be available.
[kafka-admin-client-thread | adminclient-3] INFO org.apache.kafka.clients.NetworkClient - [AdminClient clientId=adminclient-3] Node -1 disconnected.
[kafka-admin-client-thread | adminclient-3] WARN org.apache.kafka.clients.NetworkClient - [AdminClient clientId=adminclient-3] Connection to node -1 (localhost/127.0.0.1:9092) could not be established. Broker may not be available.
[kafka-admin-client-thread | adminclient-9] INFO org.apache.kafka.clients.NetworkClient - [AdminClient clientId=adminclient-9] Node -1 disconnected.
[kafka-admin-client-thread | adminclient-9] WARN org.apache.kafka.clients.NetworkClient - [AdminClient clientId=adminclient-9] Connection to node -1 (localhost/127.0.0.1:9092) could not be established. Broker may not be available.
[kafka-admin-client-thread | adminclient-12] INFO org.apache.kafka.clients.NetworkClient - [AdminClient clientId=adminclient-12] Node -1 disconnected.
[kafka-admin-client-thread | adminclient-12] WARN org.apache.kafka.clients.NetworkClient - [AdminClient clientId=adminclient-12] Connection to node -1 (localhost/127.0.0.1:9092) could not be established. Broker may not be available.
[kafka-admin-client-thread | adminclient-11] INFO org.apache.kafka.clients.NetworkClient - [AdminClient clientId=adminclient-11] Node -1 disconnected.
[kafka-admin-client-thread | adminclient-11] WARN org.apache.kafka.clients.NetworkClient - [AdminClient clientId=adminclient-11] Connection to node -1 (localhost/127.0.0.1:9092) could not be established. Broker may not be available.
[kafka-admin-client-thread | adminclient-4] INFO org.apache.kafka.clients.NetworkClient - [AdminClient clientId=adminclient-4] Node -1 disconnected.
[kafka-admin-client-thread | adminclient-4] WARN org.apache.kafka.clients.NetworkClient - [AdminClient clientId=adminclient-4] Connection to node -1 (localhost/127.0.0.1:9092) could not be established. Broker may not be available.
[kafka-admin-client-thread | adminclient-10] INFO org.apache.kafka.clients.NetworkClient - [AdminClient clientId=adminclient-10] Node -1 disconnected.
[kafka-admin-client-thread | adminclient-10] WARN org.apache.kafka.clients.NetworkClient - [AdminClient clientId=adminclient-10] Connection to node -1 (localhost/127.0.0.1:9092) could not be established. Broker may not be available.
[kafka-admin-client-thread | adminclient-8] INFO org.apache.kafka.clients.NetworkClient - [AdminClient clientId=adminclient-8] Node -1 disconnected.
[kafka-admin-client-thread | adminclient-8] WARN org.apache.kafka.clients.NetworkClient - [AdminClient clientId=adminclient-8] Connection to node -1 (localhost/127.0.0.1:9092) could not be established. Broker may not be available.
[kafka-admin-client-thread | adminclient-1] INFO org.apache.kafka.clients.NetworkClient - [AdminClient clientId=adminclient-1] Node -1 disconnected.
[kafka-admin-client-thread | adminclient-1] WARN org.apache.kafka.clients.NetworkClient - [AdminClient clientId=adminclient-1] Connection to node -1 (localhost/127.0.0.1:9092) could not be established. Broker may not be available.
[kafka-admin-client-thread | adminclient-2] INFO org.apache.kafka.clients.NetworkClient - [AdminClient clientId=adminclient-2] Node -1 disconnected.
[kafka-admin-client-thread | adminclient-2] WARN org.apache.kafka.clients.NetworkClient - [AdminClient clientId=adminclient-2] Connection to node -1 (localhost/127.0.0.1:9092) could not be established. Broker may not be available.
[kafka-producer-network-thread | producer-2] INFO org.apache.kafka.clients.NetworkClient - [Producer clientId=producer-2] Node -1 disconnected.
[kafka-producer-network-thread | producer-2] WARN org.apache.kafka.clients.NetworkClient - [Producer clientId=producer-2] Connection to node -1 (localhost/127.0.0.1:9092) could not be established. Broker may not be available.
[kafka-producer-network-thread | producer-2] WARN org.apache.kafka.clients.NetworkClient - [Producer clientId=producer-2] Bootstrap broker localhost:9092 (id: -1 rack: null) disconnected
[kafka-admin-client-thread | adminclient-7] INFO org.apache.kafka.clients.NetworkClient - [AdminClient clientId=adminclient-7] Node -1 disconnected.
[kafka-admin-client-thread | adminclient-7] WARN org.apache.kafka.clients.NetworkClient - [AdminClient clientId=adminclient-7] Connection to node -1 (localhost/127.0.0.1:9092) could not be established. Broker may not be available.
[kafka-admin-client-thread | adminclient-3] INFO org.apache.kafka.clients.NetworkClient - [AdminClient clientId=adminclient-3] Node -1 disconnected.
[kafka-admin-client-thread | adminclient-3] WARN org.apache.kafka.clients.NetworkClient - [AdminClient clientId=adminclient-3] Connection to node -1 (localhost/127.0.0.1:9092) could not be established. Broker may not be available.
[kafka-admin-client-thread | adminclient-4] INFO org.apache.kafka.clients.NetworkClient - [AdminClient clientId=adminclient-4] Node -1 disconnected.
[kafka-admin-client-thread | adminclient-9] INFO org.apache.kafka.clients.NetworkClient - [AdminClient clientId=adminclient-9] Node -1 disconnected.
[kafka-admin-client-thread | adminclient-4] WARN org.apache.kafka.clients.NetworkClient - [AdminClient clientId=adminclient-4] Connection to node -1 (localhost/127.0.0.1:9092) could not be established. Broker may not be available.
[kafka-admin-client-thread | adminclient-9] WARN org.apache.kafka.clients.NetworkClient - [AdminClient clientId=adminclient-9] Connection to node -1 (localhost/127.0.0.1:9092) could not be established. Broker may not be available.
[kafka-admin-client-thread | adminclient-12] INFO org.apache.kafka.clients.NetworkClient - [AdminClient clientId=adminclient-12] Node -1 disconnected.
[kafka-admin-client-thread | adminclient-12] WARN org.apache.kafka.clients.NetworkClient - [AdminClient clientId=adminclient-12] Connection to node -1 (localhost/127.0.0.1:9092) could not be established. Broker may not be available.
[kafka-admin-client-thread | adminclient-11] INFO org.apache.kafka.clients.NetworkClient - [AdminClient clientId=adminclient-11] Node -1 disconnected.
[kafka-admin-client-thread | adminclient-11] WARN org.apache.kafka.clients.NetworkClient - [AdminClient clientId=adminclient-11] Connection to node -1 (localhost/127.0.0.1:9092) could not be established. Broker may not be available.
[kafka-admin-client-thread | adminclient-10] INFO org.apache.kafka.clients.NetworkClient - [AdminClient clientId=adminclient-10] Node -1 disconnected.
[kafka-admin-client-thread | adminclient-10] WARN org.apache.kafka.clients.NetworkClient - [AdminClient clientId=adminclient-10] Connection to node -1 (localhost/127.0.0.1:9092) could not be established. Broker may not be available.
[kafka-admin-client-thread | adminclient-2] INFO org.apache.kafka.clients.NetworkClient - [AdminClient clientId=adminclient-2] Node -1 disconnected.
[kafka-admin-client-thread | adminclient-2] WARN org.apache.kafka.clients.NetworkClient - [AdminClient clientId=adminclient-2] Connection to node -1 (localhost/127.0.0.1:9092) could not be established. Broker may not be available.
[kafka-admin-client-thread | adminclient-8] INFO org.apache.kafka.clients.NetworkClient - [AdminClient clientId=adminclient-8] Node -1 disconnected.
[kafka-admin-client-thread | adminclient-8] WARN org.apache.kafka.clients.NetworkClient - [AdminClient clientId=adminclient-8] Connection to node -1 (localhost/127.0.0.1:9092) could not be established. Broker may not be available.
[kafka-admin-client-thread | adminclient-7] INFO org.apache.kafka.clients.NetworkClient - [AdminClient clientId=adminclient-7] Node -1 disconnected.
[kafka-admin-client-thread | adminclient-7] WARN org.apache.kafka.clients.NetworkClient - [AdminClient clientId=adminclient-7] Connection to node -1 (localhost/127.0.0.1:9092) could not be established. Broker may not be available.
[kafka-admin-client-thread | adminclient-1] INFO org.apache.kafka.clients.NetworkClient - [AdminClient clientId=adminclient-1] Node -1 disconnected.
[kafka-admin-client-thread | adminclient-1] WARN org.apache.kafka.clients.NetworkClient - [AdminClient clientId=adminclient-1] Connection to node -1 (localhost/127.0.0.1:9092) could not be established. Broker may not be available.
[kafka-admin-client-thread | adminclient-3] INFO org.apache.kafka.clients.NetworkClient - [AdminClient clientId=adminclient-3] Node -1 disconnected.
[kafka-admin-client-thread | adminclient-3] WARN org.apache.kafka.clients.NetworkClient - [AdminClient clientId=adminclient-3] Connection to node -1 (localhost/127.0.0.1:9092) could not be established. Broker may not be available.
[kafka-producer-network-thread | producer-2] INFO org.apache.kafka.clients.NetworkClient - [Producer clientId=producer-2] Node -1 disconnected.
[kafka-producer-network-thread | producer-2] WARN org.apache.kafka.clients.NetworkClient - [Producer clientId=producer-2] Connection to node -1 (localhost/127.0.0.1:9092) could not be established. Broker may not be available.
[kafka-producer-network-thread | producer-2] WARN org.apache.kafka.clients.NetworkClient - [Producer clientId=producer-2] Bootstrap broker localhost:9092 (id: -1 rack: null) disconnected
[kafka-admin-client-thread | adminclient-9] INFO org.apache.kafka.clients.NetworkClient - [AdminClient clientId=adminclient-9] Node -1 disconnected.
[kafka-admin-client-thread | adminclient-4] INFO org.apache.kafka.clients.NetworkClient - [AdminClient clientId=adminclient-4] Node -1 disconnected.
[kafka-admin-client-thread | adminclient-9] WARN org.apache.kafka.clients.NetworkClient - [AdminClient clientId=adminclient-9] Connection to node -1 (localhost/127.0.0.1:9092) could not be established. Broker may not be available.
[kafka-admin-client-thread | adminclient-4] WARN org.apache.kafka.clients.NetworkClient - [AdminClient clientId=adminclient-4] Connection to node -1 (localhost/127.0.0.1:9092) could not be established. Broker may not be available.
[kafka-admin-client-thread | adminclient-11] INFO org.apache.kafka.clients.NetworkClient - [AdminClient clientId=adminclient-11] Node -1 disconnected.
[kafka-admin-client-thread | adminclient-11] WARN org.apache.kafka.clients.NetworkClient - [AdminClient clientId=adminclient-11] Connection to node -1 (localhost/127.0.0.1:9092) could not be established. Broker may not be available.
[kafka-admin-client-thread | adminclient-12] INFO org.apache.kafka.clients.NetworkClient - [AdminClient clientId=adminclient-12] Node -1 disconnected.
[kafka-admin-client-thread | adminclient-12] WARN org.apache.kafka.clients.NetworkClient - [AdminClient clientId=adminclient-12] Connection to node -1 (localhost/127.0.0.1:9092) could not be established. Broker may not be available.
[kafka-admin-client-thread | adminclient-10] INFO org.apache.kafka.clients.NetworkClient - [AdminClient clientId=adminclient-10] Node -1 disconnected.
[kafka-admin-client-thread | adminclient-10] WARN org.apache.kafka.clients.NetworkClient - [AdminClient clientId=adminclient-10] Connection to node -1 (localhost/127.0.0.1:9092) could not be established. Broker may not be available.
[kafka-admin-client-thread | adminclient-2] INFO org.apache.kafka.clients.NetworkClient - [AdminClient clientId=adminclient-2] Node -1 disconnected.
[kafka-admin-client-thread | adminclient-2] WARN org.apache.kafka.clients.NetworkClient - [AdminClient clientId=adminclient-2] Connection to node -1 (localhost/127.0.0.1:9092) could not be established. Broker may not be available.
[kafka-producer-network-thread | producer-2] INFO org.apache.kafka.clients.NetworkClient - [Producer clientId=producer-2] Node -1 disconnected.
[kafka-producer-network-thread | producer-2] WARN org.apache.kafka.clients.NetworkClient - [Producer clientId=producer-2] Connection to node -1 (localhost/127.0.0.1:9092) could not be established. Broker may not be available.
[kafka-producer-network-thread | producer-2] WARN org.apache.kafka.clients.NetworkClient - [Producer clientId=producer-2] Bootstrap broker localhost:9092 (id: -1 rack: null) disconnected
[kafka-admin-client-thread | adminclient-8] INFO org.apache.kafka.clients.NetworkClient - [AdminClient clientId=adminclient-8] Node -1 disconnected.
[kafka-admin-client-thread | adminclient-7] INFO org.apache.kafka.clients.NetworkClient - [AdminClient clientId=adminclient-7] Node -1 disconnected.
[kafka-admin-client-thread | adminclient-8] WARN org.apache.kafka.clients.NetworkClient - [AdminClient clientId=adminclient-8] Connection to node -1 (localhost/127.0.0.1:9092) could not be established. Broker may not be available.
[kafka-admin-client-thread | adminclient-7] WARN org.apache.kafka.clients.NetworkClient - [AdminClient clientId=adminclient-7] Connection to node -1 (localhost/127.0.0.1:9092) could not be established. Broker may not be available.
[kafka-admin-client-thread | adminclient-1] INFO org.apache.kafka.clients.NetworkClient - [AdminClient clientId=adminclient-1] Node -1 disconnected.
[kafka-admin-client-thread | adminclient-1] WARN org.apache.kafka.clients.NetworkClient - [AdminClient clientId=adminclient-1] Connection to node -1 (localhost/127.0.0.1:9092) could not be established. Broker may not be available.
[kafka-admin-client-thread | adminclient-9] INFO org.apache.kafka.clients.NetworkClient - [AdminClient clientId=adminclient-9] Node -1 disconnected.
[kafka-admin-client-thread | adminclient-3] INFO org.apache.kafka.clients.NetworkClient - [AdminClient clientId=adminclient-3] Node -1 disconnected.
[kafka-admin-client-thread | adminclient-9] WARN org.apache.kafka.clients.NetworkClient - [AdminClient clientId=adminclient-9] Connection to node -1 (localhost/127.0.0.1:9092) could not be established. Broker may not be available.
[kafka-admin-client-thread | adminclient-3] WARN org.apache.kafka.clients.NetworkClient - [AdminClient clientId=adminclient-3] Connection to node -1 (localhost/127.0.0.1:9092) could not be established. Broker may not be available.
[kafka-admin-client-thread | adminclient-4] INFO org.apache.kafka.clients.NetworkClient - [AdminClient clientId=adminclient-4] Node -1 disconnected.
[kafka-admin-client-thread | adminclient-4] WARN org.apache.kafka.clients.NetworkClient - [AdminClient clientId=adminclient-4] Connection to node -1 (localhost/127.0.0.1:9092) could not be established. Broker may not be available.
[kafka-admin-client-thread | adminclient-10] INFO org.apache.kafka.clients.NetworkClient - [AdminClient clientId=adminclient-10] Node -1 disconnected.
[kafka-admin-client-thread | adminclient-10] WARN org.apache.kafka.clients.NetworkClient - [AdminClient clientId=adminclient-10] Connection to node -1 (localhost/127.0.0.1:9092) could not be established. Broker may not be available.
[kafka-admin-client-thread | adminclient-11] INFO org.apache.kafka.clients.NetworkClient - [AdminClient clientId=adminclient-11] Node -1 disconnected.
[kafka-admin-client-thread | adminclient-11] WARN org.apache.kafka.clients.NetworkClient - [AdminClient clientId=adminclient-11] Connection to node -1 (localhost/127.0.0.1:9092) could not be established. Broker may not be available.
[kafka-admin-client-thread | adminclient-12] INFO org.apache.kafka.clients.NetworkClient - [AdminClient clientId=adminclient-12] Node -1 disconnected.
[kafka-admin-client-thread | adminclient-12] WARN org.apache.kafka.clients.NetworkClient - [AdminClient clientId=adminclient-12] Connection to node -1 (localhost/127.0.0.1:9092) could not be established. Broker may not be available.
[kafka-admin-client-thread | adminclient-2] INFO org.apache.kafka.clients.NetworkClient - [AdminClient clientId=adminclient-2] Node -1 disconnected.
[kafka-admin-client-thread | adminclient-2] WARN org.apache.kafka.clients.NetworkClient - [AdminClient clientId=adminclient-2] Connection to node -1 (localhost/127.0.0.1:9092) could not be established. Broker may not be available.
[kafka-admin-client-thread | adminclient-8] INFO org.apache.kafka.clients.NetworkClient - [AdminClient clientId=adminclient-8] Node -1 disconnected.
[kafka-admin-client-thread | adminclient-8] WARN org.apache.kafka.clients.NetworkClient - [AdminClient clientId=adminclient-8] Connection to node -1 (localhost/127.0.0.1:9092) could not be established. Broker may not be available.
[kafka-admin-client-thread | adminclient-7] INFO org.apache.kafka.clients.NetworkClient - [AdminClient clientId=adminclient-7] Node -1 disconnected.
[kafka-admin-client-thread | adminclient-7] WARN org.apache.kafka.clients.NetworkClient - [AdminClient clientId=adminclient-7] Connection to node -1 (localhost/127.0.0.1:9092) could not be established. Broker may not be available.
[kafka-producer-network-thread | producer-2] INFO org.apache.kafka.clients.NetworkClient - [Producer clientId=producer-2] Node -1 disconnected.
[kafka-producer-network-thread | producer-2] WARN org.apache.kafka.clients.NetworkClient - [Producer clientId=producer-2] Connection to node -1 (localhost/127.0.0.1:9092) could not be established. Broker may not be available.
[kafka-producer-network-thread | producer-2] WARN org.apache.kafka.clients.NetworkClient - [Producer clientId=producer-2] Bootstrap broker localhost:9092 (id: -1 rack: null) disconnected
[kafka-admin-client-thread | adminclient-9] INFO org.apache.kafka.clients.NetworkClient - [AdminClient clientId=adminclient-9] Node -1 disconnected.
[kafka-admin-client-thread | adminclient-9] WARN org.apache.kafka.clients.NetworkClient - [AdminClient clientId=adminclient-9] Connection to node -1 (localhost/127.0.0.1:9092) could not be established. Broker may not be available.
[kafka-admin-client-thread | adminclient-4] INFO org.apache.kafka.clients.NetworkClient - [AdminClient clientId=adminclient-4] Node -1 disconnected.
[kafka-admin-client-thread | adminclient-3] INFO org.apache.kafka.clients.NetworkClient - [AdminClient clientId=adminclient-3] Node -1 disconnected.
[kafka-admin-client-thread | adminclient-4] WARN org.apache.kafka.clients.NetworkClient - [AdminClient clientId=adminclient-4] Connection to node -1 (localhost/127.0.0.1:9092) could not be established. Broker may not be available.
[kafka-admin-client-thread | adminclient-3] WARN org.apache.kafka.clients.NetworkClient - [AdminClient clientId=adminclient-3] Connection to node -1 (localhost/127.0.0.1:9092) could not be established. Broker may not be available.
[kafka-admin-client-thread | adminclient-1] INFO org.apache.kafka.clients.NetworkClient - [AdminClient clientId=adminclient-1] Node -1 disconnected.
[kafka-admin-client-thread | adminclient-1] WARN org.apache.kafka.clients.NetworkClient - [AdminClient clientId=adminclient-1] Connection to node -1 (localhost/127.0.0.1:9092) could not be established. Broker may not be available.
[kafka-admin-client-thread | adminclient-11] INFO org.apache.kafka.clients.NetworkClient - [AdminClient clientId=adminclient-11] Node -1 disconnected.
[kafka-admin-client-thread | adminclient-11] WARN org.apache.kafka.clients.NetworkClient - [AdminClient clientId=adminclient-11] Connection to node -1 (localhost/127.0.0.1:9092) could not be established. Broker may not be available.
[kafka-admin-client-thread | adminclient-10] INFO org.apache.kafka.clients.NetworkClient - [AdminClient clientId=adminclient-10] Node -1 disconnected.
[kafka-admin-client-thread | adminclient-10] WARN org.apache.kafka.clients.NetworkClient - [AdminClient clientId=adminclient-10] Connection to node -1 (localhost/127.0.0.1:9092) could not be established. Broker may not be available.
[kafka-admin-client-thread | adminclient-12] INFO org.apache.kafka.clients.NetworkClient - [AdminClient clientId=adminclient-12] Node -1 disconnected.
[kafka-admin-client-thread | adminclient-12] WARN org.apache.kafka.clients.NetworkClient - [AdminClient clientId=adminclient-12] Connection to node -1 (localhost/127.0.0.1:9092) could not be established. Broker may not be available.
[kafka-admin-client-thread | adminclient-2] INFO org.apache.kafka.clients.NetworkClient - [AdminClient clientId=adminclient-2] Node -1 disconnected.
[kafka-admin-client-thread | adminclient-2] WARN org.apache.kafka.clients.NetworkClient - [AdminClient clientId=adminclient-2] Connection to node -1 (localhost/127.0.0.1:9092) could not be established. Broker may not be available.
[kafka-admin-client-thread | adminclient-7] INFO org.apache.kafka.clients.NetworkClient - [AdminClient clientId=adminclient-7] Node -1 disconnected.
[kafka-admin-client-thread | adminclient-8] INFO org.apache.kafka.clients.NetworkClient - [AdminClient clientId=adminclient-8] Node -1 disconnected.
[kafka-admin-client-thread | adminclient-7] WARN org.apache.kafka.clients.NetworkClient - [AdminClient clientId=adminclient-7] Connection to node -1 (localhost/127.0.0.1:9092) could not be established. Broker may not be available.
[kafka-admin-client-thread | adminclient-8] WARN org.apache.kafka.clients.NetworkClient - [AdminClient clientId=adminclient-8] Connection to node -1 (localhost/127.0.0.1:9092) could not be established. Broker may not be available.
[kafka-admin-client-thread | adminclient-9] INFO org.apache.kafka.clients.NetworkClient - [AdminClient clientId=adminclient-9] Node -1 disconnected.
[kafka-admin-client-thread | adminclient-9] WARN org.apache.kafka.clients.NetworkClient - [AdminClient clientId=adminclient-9] Connection to node -1 (localhost/127.0.0.1:9092) could not be established. Broker may not be available.
[kafka-producer-network-thread | producer-2] INFO org.apache.kafka.clients.NetworkClient - [Producer clientId=producer-2] Node -1 disconnected.
[kafka-producer-network-thread | producer-2] WARN org.apache.kafka.clients.NetworkClient - [Producer clientId=producer-2] Connection to node -1 (localhost/127.0.0.1:9092) could not be established. Broker may not be available.
[kafka-producer-network-thread | producer-2] WARN org.apache.kafka.clients.NetworkClient - [Producer clientId=producer-2] Bootstrap broker localhost:9092 (id: -1 rack: null) disconnected
[kafka-admin-client-thread | adminclient-4] INFO org.apache.kafka.clients.NetworkClient - [AdminClient clientId=adminclient-4] Node -1 disconnected.
[kafka-admin-client-thread | adminclient-4] WARN org.apache.kafka.clients.NetworkClient - [AdminClient clientId=adminclient-4] Connection to node -1 (localhost/127.0.0.1:9092) could not be established. Broker may not be available.
[kafka-admin-client-thread | adminclient-1] INFO org.apache.kafka.clients.NetworkClient - [AdminClient clientId=adminclient-1] Node -1 disconnected.
[kafka-admin-client-thread | adminclient-1] WARN org.apache.kafka.clients.NetworkClient - [AdminClient clientId=adminclient-1] Connection to node -1 (localhost/127.0.0.1:9092) could not be established. Broker may not be available.
[kafka-admin-client-thread | adminclient-3] INFO org.apache.kafka.clients.NetworkClient - [AdminClient clientId=adminclient-3] Node -1 disconnected.
[kafka-admin-client-thread | adminclient-3] WARN org.apache.kafka.clients.NetworkClient - [AdminClient clientId=adminclient-3] Connection to node -1 (localhost/127.0.0.1:9092) could not be established. Broker may not be available.
[kafka-admin-client-thread | adminclient-10] INFO org.apache.kafka.clients.NetworkClient - [AdminClient clientId=adminclient-10] Node -1 disconnected.
[kafka-admin-client-thread | adminclient-10] WARN org.apache.kafka.clients.NetworkClient - [AdminClient clientId=adminclient-10] Connection to node -1 (localhost/127.0.0.1:9092) could not be established. Broker may not be available.
[kafka-admin-client-thread | adminclient-11] INFO org.apache.kafka.clients.NetworkClient - [AdminClient clientId=adminclient-11] Node -1 disconnected.
[kafka-admin-client-thread | adminclient-11] WARN org.apache.kafka.clients.NetworkClient - [AdminClient clientId=adminclient-11] Connection to node -1 (localhost/127.0.0.1:9092) could not be established. Broker may not be available.
[kafka-admin-client-thread | adminclient-12] INFO org.apache.kafka.clients.NetworkClient - [AdminClient clientId=adminclient-12] Node -1 disconnected.
[kafka-admin-client-thread | adminclient-12] WARN org.apache.kafka.clients.NetworkClient - [AdminClient clientId=adminclient-12] Connection to node -1 (localhost/127.0.0.1:9092) could not be established. Broker may not be available.
[kafka-admin-client-thread | adminclient-2] INFO org.apache.kafka.clients.NetworkClient - [AdminClient clientId=adminclient-2] Node -1 disconnected.
[kafka-admin-client-thread | adminclient-2] WARN org.apache.kafka.clients.NetworkClient - [AdminClient clientId=adminclient-2] Connection to node -1 (localhost/127.0.0.1:9092) could not be established. Broker may not be available.
[kafka-admin-client-thread | adminclient-9] INFO org.apache.kafka.clients.NetworkClient - [AdminClient clientId=adminclient-9] Node -1 disconnected.
[kafka-admin-client-thread | adminclient-9] WARN org.apache.kafka.clients.NetworkClient - [AdminClient clientId=adminclient-9] Connection to node -1 (localhost/127.0.0.1:9092) could not be established. Broker may not be available.
[kafka-admin-client-thread | adminclient-7] INFO org.apache.kafka.clients.NetworkClient - [AdminClient clientId=adminclient-7] Node -1 disconnected.
[kafka-admin-client-thread | adminclient-8] INFO org.apache.kafka.clients.NetworkClient - [AdminClient clientId=adminclient-8] Node -1 disconnected.
[kafka-admin-client-thread | adminclient-7] WARN org.apache.kafka.clients.NetworkClient - [AdminClient clientId=adminclient-7] Connection to node -1 (localhost/127.0.0.1:9092) could not be established. Broker may not be available.
[kafka-admin-client-thread | adminclient-8] WARN org.apache.kafka.clients.NetworkClient - [AdminClient clientId=adminclient-8] Connection to node -1 (localhost/127.0.0.1:9092) could not be established. Broker may not be available.
[kafka-admin-client-thread | adminclient-4] INFO org.apache.kafka.clients.NetworkClient - [AdminClient clientId=adminclient-4] Node -1 disconnected.
[kafka-admin-client-thread | adminclient-4] WARN org.apache.kafka.clients.NetworkClient - [AdminClient clientId=adminclient-4] Connection to node -1 (localhost/127.0.0.1:9092) could not be established. Broker may not be available.
[kafka-admin-client-thread | adminclient-1] INFO org.apache.kafka.clients.NetworkClient - [AdminClient clientId=adminclient-1] Node -1 disconnected.
[kafka-admin-client-thread | adminclient-1] WARN org.apache.kafka.clients.NetworkClient - [AdminClient clientId=adminclient-1] Connection to node -1 (localhost/127.0.0.1:9092) could not be established. Broker may not be available.
[kafka-producer-network-thread | producer-2] INFO org.apache.kafka.clients.NetworkClient - [Producer clientId=producer-2] Node -1 disconnected.
[kafka-producer-network-thread | producer-2] WARN org.apache.kafka.clients.NetworkClient - [Producer clientId=producer-2] Connection to node -1 (localhost/127.0.0.1:9092) could not be established. Broker may not be available.
[kafka-producer-network-thread | producer-2] WARN org.apache.kafka.clients.NetworkClient - [Producer clientId=producer-2] Bootstrap broker localhost:9092 (id: -1 rack: null) disconnected
[kafka-admin-client-thread | adminclient-3] INFO org.apache.kafka.clients.NetworkClient - [AdminClient clientId=adminclient-3] Node -1 disconnected.
[kafka-admin-client-thread | adminclient-3] WARN org.apache.kafka.clients.NetworkClient - [AdminClient clientId=adminclient-3] Connection to node -1 (localhost/127.0.0.1:9092) could not be established. Broker may not be available.
[kafka-admin-client-thread | adminclient-2] INFO org.apache.kafka.clients.NetworkClient - [AdminClient clientId=adminclient-2] Node -1 disconnected.
[kafka-admin-client-thread | adminclient-10] INFO org.apache.kafka.clients.NetworkClient - [AdminClient clientId=adminclient-10] Node -1 disconnected.
[kafka-admin-client-thread | adminclient-2] WARN org.apache.kafka.clients.NetworkClient - [AdminClient clientId=adminclient-2] Connection to node -1 (localhost/127.0.0.1:9092) could not be established. Broker may not be available.
[kafka-admin-client-thread | adminclient-10] WARN org.apache.kafka.clients.NetworkClient - [AdminClient clientId=adminclient-10] Connection to node -1 (localhost/127.0.0.1:9092) could not be established. Broker may not be available.
[kafka-admin-client-thread | adminclient-12] INFO org.apache.kafka.clients.NetworkClient - [AdminClient clientId=adminclient-12] Node -1 disconnected.
[kafka-admin-client-thread | adminclient-12] WARN org.apache.kafka.clients.NetworkClient - [AdminClient clientId=adminclient-12] Connection to node -1 (localhost/127.0.0.1:9092) could not be established. Broker may not be available.
[kafka-admin-client-thread | adminclient-11] INFO org.apache.kafka.clients.NetworkClient - [AdminClient clientId=adminclient-11] Node -1 disconnected.
[kafka-admin-client-thread | adminclient-11] WARN org.apache.kafka.clients.NetworkClient - [AdminClient clientId=adminclient-11] Connection to node -1 (localhost/127.0.0.1:9092) could not be established. Broker may not be available.
[kafka-admin-client-thread | adminclient-1] INFO org.apache.kafka.clients.admin.internals.AdminMetadataManager - [AdminClient clientId=adminclient-1] Metadata update failed
org.apache.kafka.common.errors.TimeoutException: Timed out waiting for a node assignment. Call: fetchMetadata
[kafka-admin-client-thread | adminclient-2] INFO org.apache.kafka.clients.admin.internals.AdminMetadataManager - [AdminClient clientId=adminclient-2] Metadata update failed
org.apache.kafka.common.errors.TimeoutException: Timed out waiting for a node assignment. Call: fetchMetadata
[kafka-admin-client-thread | adminclient-8] INFO org.apache.kafka.clients.NetworkClient - [AdminClient clientId=adminclient-8] Node -1 disconnected.
[kafka-admin-client-thread | adminclient-8] WARN org.apache.kafka.clients.NetworkClient - [AdminClient clientId=adminclient-8] Connection to node -1 (localhost/127.0.0.1:9092) could not be established. Broker may not be available.
[kafka-admin-client-thread | adminclient-9] INFO org.apache.kafka.clients.NetworkClient - [AdminClient clientId=adminclient-9] Node -1 disconnected.
[kafka-admin-client-thread | adminclient-9] WARN org.apache.kafka.clients.NetworkClient - [AdminClient clientId=adminclient-9] Connection to node -1 (localhost/127.0.0.1:9092) could not be established. Broker may not be available.
[kafka-admin-client-thread | adminclient-3] INFO org.apache.kafka.clients.admin.internals.AdminMetadataManager - [AdminClient clientId=adminclient-3] Metadata update failed
org.apache.kafka.common.errors.TimeoutException: Timed out waiting for a node assignment. Call: fetchMetadata
[kafka-admin-client-thread | adminclient-4] INFO org.apache.kafka.clients.admin.internals.AdminMetadataManager - [AdminClient clientId=adminclient-4] Metadata update failed
org.apache.kafka.common.errors.TimeoutException: Timed out waiting for a node assignment. Call: fetchMetadata
[kafka-admin-client-thread | adminclient-7] INFO org.apache.kafka.clients.admin.internals.AdminMetadataManager - [AdminClient clientId=adminclient-7] Metadata update failed
org.apache.kafka.common.errors.TimeoutException: Timed out waiting for a node assignment. Call: fetchMetadata
[kafka-admin-client-thread | adminclient-8] INFO org.apache.kafka.clients.admin.internals.AdminMetadataManager - [AdminClient clientId=adminclient-8] Metadata update failed
org.apache.kafka.common.errors.TimeoutException: Timed out waiting for a node assignment. Call: fetchMetadata
[kafka-admin-client-thread | adminclient-1] INFO org.apache.kafka.clients.NetworkClient - [AdminClient clientId=adminclient-1] Node -1 disconnected.
[kafka-admin-client-thread | adminclient-1] WARN org.apache.kafka.clients.NetworkClient - [AdminClient clientId=adminclient-1] Connection to node -1 (localhost/127.0.0.1:9092) could not be established. Broker may not be available.
[kafka-admin-client-thread | adminclient-9] INFO org.apache.kafka.clients.admin.internals.AdminMetadataManager - [AdminClient clientId=adminclient-9] Metadata update failed
org.apache.kafka.common.errors.TimeoutException: Timed out waiting for a node assignment. Call: fetchMetadata
[kafka-admin-client-thread | adminclient-10] INFO org.apache.kafka.clients.admin.internals.AdminMetadataManager - [AdminClient clientId=adminclient-10] Metadata update failed
org.apache.kafka.common.errors.TimeoutException: Timed out waiting for a node assignment. Call: fetchMetadata
[kafka-admin-client-thread | adminclient-4] INFO org.apache.kafka.clients.NetworkClient - [AdminClient clientId=adminclient-4] Node -1 disconnected.
[kafka-admin-client-thread | adminclient-4] WARN org.apache.kafka.clients.NetworkClient - [AdminClient clientId=adminclient-4] Connection to node -1 (localhost/127.0.0.1:9092) could not be established. Broker may not be available.
[kafka-admin-client-thread | adminclient-11] INFO org.apache.kafka.clients.admin.internals.AdminMetadataManager - [AdminClient clientId=adminclient-11] Metadata update failed
org.apache.kafka.common.errors.TimeoutException: Timed out waiting for a node assignment. Call: fetchMetadata
[kafka-admin-client-thread | adminclient-12] INFO org.apache.kafka.clients.admin.internals.AdminMetadataManager - [AdminClient clientId=adminclient-12] Metadata update failed
org.apache.kafka.common.errors.TimeoutException: Timed out waiting for a node assignment. Call: fetchMetadata
[main] INFO com.mycompany.kafka.manager.MessageManager - Message sent successfully to topic: test-topic
[main] INFO org.apache.kafka.clients.producer.KafkaProducer - [Producer clientId=producer-2] Closing the Kafka producer with timeoutMillis = 9223372036854775807 ms.
[main] INFO org.apache.kafka.common.metrics.Metrics - Metrics scheduler closed
[main] INFO org.apache.kafka.common.metrics.Metrics - Closing reporter org.apache.kafka.common.metrics.JmxReporter
[main] INFO org.apache.kafka.common.metrics.Metrics - Metrics reporters closed
[main] INFO org.apache.kafka.common.utils.AppInfoParser - App info kafka.producer for producer-2 unregistered
]]></system-err>
  </testcase>
  <testcase name="testListSubjects" classname="com.mycompany.kafka.KafkaManagementLibraryTest" time="0.022">
    <error message="Failed to list subjects" type="java.lang.RuntimeException"><![CDATA[java.lang.RuntimeException: Failed to list subjects
	at com.mycompany.kafka.manager.SimpleSchemaManager.listSubjects(SimpleSchemaManager.java:86)
	at com.mycompany.kafka.KafkaManagementLibrary.listSubjects(KafkaManagementLibrary.java:292)
	at com.mycompany.kafka.KafkaManagementLibraryTest.testListSubjects(KafkaManagementLibraryTest.java:196)
	at java.base/jdk.internal.reflect.NativeMethodAccessorImpl.invoke0(Native Method)
	at java.base/jdk.internal.reflect.NativeMethodAccessorImpl.invoke(NativeMethodAccessorImpl.java:62)
	at java.base/jdk.internal.reflect.DelegatingMethodAccessorImpl.invoke(DelegatingMethodAccessorImpl.java:43)
	at java.base/java.lang.reflect.Method.invoke(Method.java:567)
	at org.junit.platform.commons.util.ReflectionUtils.invokeMethod(ReflectionUtils.java:727)
	at org.junit.jupiter.engine.execution.MethodInvocation.proceed(MethodInvocation.java:60)
	at org.junit.jupiter.engine.execution.InvocationInterceptorChain$ValidatingInvocation.proceed(InvocationInterceptorChain.java:131)
	at org.junit.jupiter.engine.extension.TimeoutExtension.intercept(TimeoutExtension.java:156)
	at org.junit.jupiter.engine.extension.TimeoutExtension.interceptTestableMethod(TimeoutExtension.java:147)
	at org.junit.jupiter.engine.extension.TimeoutExtension.interceptTestMethod(TimeoutExtension.java:86)
	at org.junit.jupiter.engine.execution.InterceptingExecutableInvoker$ReflectiveInterceptorCall.lambda$ofVoidMethod$0(InterceptingExecutableInvoker.java:103)
	at org.junit.jupiter.engine.execution.InterceptingExecutableInvoker.lambda$invoke$0(InterceptingExecutableInvoker.java:93)
	at org.junit.jupiter.engine.execution.InvocationInterceptorChain$InterceptedInvocation.proceed(InvocationInterceptorChain.java:106)
	at org.junit.jupiter.engine.execution.InvocationInterceptorChain.proceed(InvocationInterceptorChain.java:64)
	at org.junit.jupiter.engine.execution.InvocationInterceptorChain.chainAndInvoke(InvocationInterceptorChain.java:45)
	at org.junit.jupiter.engine.execution.InvocationInterceptorChain.invoke(InvocationInterceptorChain.java:37)
	at org.junit.jupiter.engine.execution.InterceptingExecutableInvoker.invoke(InterceptingExecutableInvoker.java:92)
	at org.junit.jupiter.engine.execution.InterceptingExecutableInvoker.invoke(InterceptingExecutableInvoker.java:86)
	at org.junit.jupiter.engine.descriptor.TestMethodTestDescriptor.lambda$invokeTestMethod$7(TestMethodTestDescriptor.java:217)
	at org.junit.platform.engine.support.hierarchical.ThrowableCollector.execute(ThrowableCollector.java:73)
	at org.junit.jupiter.engine.descriptor.TestMethodTestDescriptor.invokeTestMethod(TestMethodTestDescriptor.java:213)
	at org.junit.jupiter.engine.descriptor.TestMethodTestDescriptor.execute(TestMethodTestDescriptor.java:138)
	at org.junit.jupiter.engine.descriptor.TestMethodTestDescriptor.execute(TestMethodTestDescriptor.java:68)
	at org.junit.platform.engine.support.hierarchical.NodeTestTask.lambda$executeRecursively$6(NodeTestTask.java:151)
	at org.junit.platform.engine.support.hierarchical.ThrowableCollector.execute(ThrowableCollector.java:73)
	at org.junit.platform.engine.support.hierarchical.NodeTestTask.lambda$executeRecursively$8(NodeTestTask.java:141)
	at org.junit.platform.engine.support.hierarchical.Node.around(Node.java:137)
	at org.junit.platform.engine.support.hierarchical.NodeTestTask.lambda$executeRecursively$9(NodeTestTask.java:139)
	at org.junit.platform.engine.support.hierarchical.ThrowableCollector.execute(ThrowableCollector.java:73)
	at org.junit.platform.engine.support.hierarchical.NodeTestTask.executeRecursively(NodeTestTask.java:138)
	at org.junit.platform.engine.support.hierarchical.NodeTestTask.execute(NodeTestTask.java:95)
	at java.base/java.util.ArrayList.forEach(ArrayList.java:1507)
	at org.junit.platform.engine.support.hierarchical.SameThreadHierarchicalTestExecutorService.invokeAll(SameThreadHierarchicalTestExecutorService.java:41)
	at org.junit.platform.engine.support.hierarchical.NodeTestTask.lambda$executeRecursively$6(NodeTestTask.java:155)
	at org.junit.platform.engine.support.hierarchical.ThrowableCollector.execute(ThrowableCollector.java:73)
	at org.junit.platform.engine.support.hierarchical.NodeTestTask.lambda$executeRecursively$8(NodeTestTask.java:141)
	at org.junit.platform.engine.support.hierarchical.Node.around(Node.java:137)
	at org.junit.platform.engine.support.hierarchical.NodeTestTask.lambda$executeRecursively$9(NodeTestTask.java:139)
	at org.junit.platform.engine.support.hierarchical.ThrowableCollector.execute(ThrowableCollector.java:73)
	at org.junit.platform.engine.support.hierarchical.NodeTestTask.executeRecursively(NodeTestTask.java:138)
	at org.junit.platform.engine.support.hierarchical.NodeTestTask.execute(NodeTestTask.java:95)
	at java.base/java.util.ArrayList.forEach(ArrayList.java:1507)
	at org.junit.platform.engine.support.hierarchical.SameThreadHierarchicalTestExecutorService.invokeAll(SameThreadHierarchicalTestExecutorService.java:41)
	at org.junit.platform.engine.support.hierarchical.NodeTestTask.lambda$executeRecursively$6(NodeTestTask.java:155)
	at org.junit.platform.engine.support.hierarchical.ThrowableCollector.execute(ThrowableCollector.java:73)
	at org.junit.platform.engine.support.hierarchical.NodeTestTask.lambda$executeRecursively$8(NodeTestTask.java:141)
	at org.junit.platform.engine.support.hierarchical.Node.around(Node.java:137)
	at org.junit.platform.engine.support.hierarchical.NodeTestTask.lambda$executeRecursively$9(NodeTestTask.java:139)
	at org.junit.platform.engine.support.hierarchical.ThrowableCollector.execute(ThrowableCollector.java:73)
	at org.junit.platform.engine.support.hierarchical.NodeTestTask.executeRecursively(NodeTestTask.java:138)
	at org.junit.platform.engine.support.hierarchical.NodeTestTask.execute(NodeTestTask.java:95)
	at org.junit.platform.engine.support.hierarchical.SameThreadHierarchicalTestExecutorService.submit(SameThreadHierarchicalTestExecutorService.java:35)
	at org.junit.platform.engine.support.hierarchical.HierarchicalTestExecutor.execute(HierarchicalTestExecutor.java:57)
	at org.junit.platform.engine.support.hierarchical.HierarchicalTestEngine.execute(HierarchicalTestEngine.java:54)
	at org.junit.platform.launcher.core.EngineExecutionOrchestrator.execute(EngineExecutionOrchestrator.java:147)
	at org.junit.platform.launcher.core.EngineExecutionOrchestrator.execute(EngineExecutionOrchestrator.java:127)
	at org.junit.platform.launcher.core.EngineExecutionOrchestrator.execute(EngineExecutionOrchestrator.java:90)
	at org.junit.platform.launcher.core.EngineExecutionOrchestrator.lambda$execute$0(EngineExecutionOrchestrator.java:55)
	at org.junit.platform.launcher.core.EngineExecutionOrchestrator.withInterceptedStreams(EngineExecutionOrchestrator.java:102)
	at org.junit.platform.launcher.core.EngineExecutionOrchestrator.execute(EngineExecutionOrchestrator.java:54)
	at org.junit.platform.launcher.core.DefaultLauncher.execute(DefaultLauncher.java:114)
	at org.junit.platform.launcher.core.DefaultLauncher.execute(DefaultLauncher.java:86)
	at org.junit.platform.launcher.core.DefaultLauncherSession$DelegatingLauncher.execute(DefaultLauncherSession.java:86)
	at org.apache.maven.surefire.junitplatform.LazyLauncher.execute(LazyLauncher.java:50)
	at org.apache.maven.surefire.junitplatform.JUnitPlatformProvider.execute(JUnitPlatformProvider.java:184)
	at org.apache.maven.surefire.junitplatform.JUnitPlatformProvider.invokeAllTests(JUnitPlatformProvider.java:148)
	at org.apache.maven.surefire.junitplatform.JUnitPlatformProvider.invoke(JUnitPlatformProvider.java:122)
	at org.apache.maven.surefire.booter.ForkedBooter.runSuitesInProcess(ForkedBooter.java:385)
	at org.apache.maven.surefire.booter.ForkedBooter.execute(ForkedBooter.java:162)
	at org.apache.maven.surefire.booter.ForkedBooter.run(ForkedBooter.java:507)
	at org.apache.maven.surefire.booter.ForkedBooter.main(ForkedBooter.java:495)
Caused by: java.net.ConnectException: Connection refused
	at java.base/sun.nio.ch.Net.connect0(Native Method)
	at java.base/sun.nio.ch.Net.connect(Net.java:493)
	at java.base/sun.nio.ch.Net.connect(Net.java:482)
	at java.base/sun.nio.ch.NioSocketImpl.connect(NioSocketImpl.java:588)
	at java.base/java.net.Socket.connect(Socket.java:603)
	at java.base/sun.net.NetworkClient.doConnect(NetworkClient.java:177)
	at java.base/sun.net.www.http.HttpClient.openServer(HttpClient.java:474)
	at java.base/sun.net.www.http.HttpClient.openServer(HttpClient.java:569)
	at java.base/sun.net.www.http.HttpClient.<init>(HttpClient.java:242)
	at java.base/sun.net.www.http.HttpClient.New(HttpClient.java:341)
	at java.base/sun.net.www.http.HttpClient.New(HttpClient.java:362)
	at java.base/sun.net.www.protocol.http.HttpURLConnection.getNewHttpClient(HttpURLConnection.java:1248)
	at java.base/sun.net.www.protocol.http.HttpURLConnection.plainConnect0(HttpURLConnection.java:1187)
	at java.base/sun.net.www.protocol.http.HttpURLConnection.plainConnect(HttpURLConnection.java:1081)
	at java.base/sun.net.www.protocol.http.HttpURLConnection.connect(HttpURLConnection.java:1015)
	at java.base/sun.net.www.protocol.http.HttpURLConnection.getInputStream0(HttpURLConnection.java:1587)
	at java.base/sun.net.www.protocol.http.HttpURLConnection.getInputStream(HttpURLConnection.java:1515)
	at java.base/java.net.HttpURLConnection.getResponseCode(HttpURLConnection.java:527)
	at io.confluent.kafka.schemaregistry.client.rest.RestService.sendHttpRequest(RestService.java:312)
	at io.confluent.kafka.schemaregistry.client.rest.RestService.httpRequest(RestService.java:408)
	at io.confluent.kafka.schemaregistry.client.rest.RestService.getAllSubjects(RestService.java:1111)
	at io.confluent.kafka.schemaregistry.client.rest.RestService.getAllSubjects(RestService.java:1096)
	at io.confluent.kafka.schemaregistry.client.CachedSchemaRegistryClient.getAllSubjects(CachedSchemaRegistryClient.java:786)
	at com.mycompany.kafka.manager.SimpleSchemaManager.listSubjects(SimpleSchemaManager.java:81)
	... 73 more
]]></error>
    <system-err><![CDATA[[main] INFO com.mycompany.kafka.KafkaManagementLibrary - Initializing KafkaManagementLibrary
[main] INFO com.mycompany.kafka.factory.ConnectionFactory - Creating Kafka AdminClient with bootstrap servers: localhost:9092
[main] INFO org.apache.kafka.clients.admin.AdminClientConfig - AdminClientConfig values: 
	auto.include.jmx.reporter = true
	bootstrap.servers = [localhost:9092]
	client.dns.lookup = use_all_dns_ips
	client.id = 
	connections.max.idle.ms = 300000
	default.api.timeout.ms = 60000
	metadata.max.age.ms = 300000
	metric.reporters = []
	metrics.num.samples = 2
	metrics.recording.level = INFO
	metrics.sample.window.ms = 30000
	receive.buffer.bytes = 65536
	reconnect.backoff.max.ms = 1000
	reconnect.backoff.ms = 50
	request.timeout.ms = 30000
	retries = 2147483647
	retry.backoff.ms = 100
	sasl.client.callback.handler.class = null
	sasl.jaas.config = null
	sasl.kerberos.kinit.cmd = /usr/bin/kinit
	sasl.kerberos.min.time.before.relogin = 60000
	sasl.kerberos.service.name = null
	sasl.kerberos.ticket.renew.jitter = 0.05
	sasl.kerberos.ticket.renew.window.factor = 0.8
	sasl.login.callback.handler.class = null
	sasl.login.class = null
	sasl.login.connect.timeout.ms = null
	sasl.login.read.timeout.ms = null
	sasl.login.refresh.buffer.seconds = 300
	sasl.login.refresh.min.period.seconds = 60
	sasl.login.refresh.window.factor = 0.8
	sasl.login.refresh.window.jitter = 0.05
	sasl.login.retry.backoff.max.ms = 10000
	sasl.login.retry.backoff.ms = 100
	sasl.mechanism = GSSAPI
	sasl.oauthbearer.clock.skew.seconds = 30
	sasl.oauthbearer.expected.audience = null
	sasl.oauthbearer.expected.issuer = null
	sasl.oauthbearer.jwks.endpoint.refresh.ms = 3600000
	sasl.oauthbearer.jwks.endpoint.retry.backoff.max.ms = 10000
	sasl.oauthbearer.jwks.endpoint.retry.backoff.ms = 100
	sasl.oauthbearer.jwks.endpoint.url = null
	sasl.oauthbearer.scope.claim.name = scope
	sasl.oauthbearer.sub.claim.name = sub
	sasl.oauthbearer.token.endpoint.url = null
	security.protocol = PLAINTEXT
	security.providers = null
	send.buffer.bytes = 131072
	socket.connection.setup.timeout.max.ms = 30000
	socket.connection.setup.timeout.ms = 10000
	ssl.cipher.suites = null
	ssl.enabled.protocols = [TLSv1.2, TLSv1.3]
	ssl.endpoint.identification.algorithm = https
	ssl.engine.factory.class = null
	ssl.key.password = null
	ssl.keymanager.algorithm = SunX509
	ssl.keystore.certificate.chain = null
	ssl.keystore.key = null
	ssl.keystore.location = null
	ssl.keystore.password = null
	ssl.keystore.type = JKS
	ssl.protocol = TLSv1.3
	ssl.provider = null
	ssl.secure.random.implementation = null
	ssl.trustmanager.algorithm = PKIX
	ssl.truststore.certificates = null
	ssl.truststore.location = null
	ssl.truststore.password = null
	ssl.truststore.type = JKS

[main] INFO org.apache.kafka.common.utils.AppInfoParser - Kafka version: 3.5.1
[main] INFO org.apache.kafka.common.utils.AppInfoParser - Kafka commitId: 2c6fb6c54472e90a
[main] INFO org.apache.kafka.common.utils.AppInfoParser - Kafka startTimeMs: 1761089037660
[main] INFO com.mycompany.kafka.factory.ConnectionFactory - Kafka AdminClient created successfully
[main] INFO com.mycompany.kafka.factory.ConnectionFactory - Creating Kafka AdminClient with bootstrap servers: localhost:9092
[main] INFO org.apache.kafka.clients.admin.AdminClientConfig - AdminClientConfig values: 
	auto.include.jmx.reporter = true
	bootstrap.servers = [localhost:9092]
	client.dns.lookup = use_all_dns_ips
	client.id = 
	connections.max.idle.ms = 300000
	default.api.timeout.ms = 60000
	metadata.max.age.ms = 300000
	metric.reporters = []
	metrics.num.samples = 2
	metrics.recording.level = INFO
	metrics.sample.window.ms = 30000
	receive.buffer.bytes = 65536
	reconnect.backoff.max.ms = 1000
	reconnect.backoff.ms = 50
	request.timeout.ms = 30000
	retries = 2147483647
	retry.backoff.ms = 100
	sasl.client.callback.handler.class = null
	sasl.jaas.config = null
	sasl.kerberos.kinit.cmd = /usr/bin/kinit
	sasl.kerberos.min.time.before.relogin = 60000
	sasl.kerberos.service.name = null
	sasl.kerberos.ticket.renew.jitter = 0.05
	sasl.kerberos.ticket.renew.window.factor = 0.8
	sasl.login.callback.handler.class = null
	sasl.login.class = null
	sasl.login.connect.timeout.ms = null
	sasl.login.read.timeout.ms = null
	sasl.login.refresh.buffer.seconds = 300
	sasl.login.refresh.min.period.seconds = 60
	sasl.login.refresh.window.factor = 0.8
	sasl.login.refresh.window.jitter = 0.05
	sasl.login.retry.backoff.max.ms = 10000
	sasl.login.retry.backoff.ms = 100
	sasl.mechanism = GSSAPI
	sasl.oauthbearer.clock.skew.seconds = 30
	sasl.oauthbearer.expected.audience = null
	sasl.oauthbearer.expected.issuer = null
	sasl.oauthbearer.jwks.endpoint.refresh.ms = 3600000
	sasl.oauthbearer.jwks.endpoint.retry.backoff.max.ms = 10000
	sasl.oauthbearer.jwks.endpoint.retry.backoff.ms = 100
	sasl.oauthbearer.jwks.endpoint.url = null
	sasl.oauthbearer.scope.claim.name = scope
	sasl.oauthbearer.sub.claim.name = sub
	sasl.oauthbearer.token.endpoint.url = null
	security.protocol = PLAINTEXT
	security.providers = null
	send.buffer.bytes = 131072
	socket.connection.setup.timeout.max.ms = 30000
	socket.connection.setup.timeout.ms = 10000
	ssl.cipher.suites = null
	ssl.enabled.protocols = [TLSv1.2, TLSv1.3]
	ssl.endpoint.identification.algorithm = https
	ssl.engine.factory.class = null
	ssl.key.password = null
	ssl.keymanager.algorithm = SunX509
	ssl.keystore.certificate.chain = null
	ssl.keystore.key = null
	ssl.keystore.location = null
	ssl.keystore.password = null
	ssl.keystore.type = JKS
	ssl.protocol = TLSv1.3
	ssl.provider = null
	ssl.secure.random.implementation = null
	ssl.trustmanager.algorithm = PKIX
	ssl.truststore.certificates = null
	ssl.truststore.location = null
	ssl.truststore.password = null
	ssl.truststore.type = JKS

[kafka-admin-client-thread | adminclient-13] INFO org.apache.kafka.clients.NetworkClient - [AdminClient clientId=adminclient-13] Node -1 disconnected.
[kafka-admin-client-thread | adminclient-13] WARN org.apache.kafka.clients.NetworkClient - [AdminClient clientId=adminclient-13] Connection to node -1 (localhost/127.0.0.1:9092) could not be established. Broker may not be available.
[main] INFO org.apache.kafka.common.utils.AppInfoParser - Kafka version: 3.5.1
[main] INFO org.apache.kafka.common.utils.AppInfoParser - Kafka commitId: 2c6fb6c54472e90a
[main] INFO org.apache.kafka.common.utils.AppInfoParser - Kafka startTimeMs: 1761089037663
[main] INFO com.mycompany.kafka.factory.ConnectionFactory - Kafka AdminClient created successfully
[main] INFO com.mycompany.kafka.factory.ConnectionFactory - Creating Schema Registry Client with URL: http://localhost:8081
[main] INFO com.mycompany.kafka.factory.ConnectionFactory - Schema Registry Client created successfully
[main] INFO com.mycompany.kafka.KafkaManagementLibrary - KafkaManagementLibrary initialized successfully
[main] INFO com.mycompany.kafka.manager.SimpleSchemaManager - Listing all subjects
[kafka-admin-client-thread | adminclient-14] INFO org.apache.kafka.clients.NetworkClient - [AdminClient clientId=adminclient-14] Node -1 disconnected.
[kafka-admin-client-thread | adminclient-14] WARN org.apache.kafka.clients.NetworkClient - [AdminClient clientId=adminclient-14] Connection to node -1 (localhost/127.0.0.1:9092) could not be established. Broker may not be available.
[main] ERROR com.mycompany.kafka.manager.SimpleSchemaManager - Failed to list subjects: Connection refused
java.net.ConnectException: Connection refused
	at java.base/sun.nio.ch.Net.connect0(Native Method)
	at java.base/sun.nio.ch.Net.connect(Net.java:493)
	at java.base/sun.nio.ch.Net.connect(Net.java:482)
	at java.base/sun.nio.ch.NioSocketImpl.connect(NioSocketImpl.java:588)
	at java.base/java.net.Socket.connect(Socket.java:603)
	at java.base/sun.net.NetworkClient.doConnect(NetworkClient.java:177)
	at java.base/sun.net.www.http.HttpClient.openServer(HttpClient.java:474)
	at java.base/sun.net.www.http.HttpClient.openServer(HttpClient.java:569)
	at java.base/sun.net.www.http.HttpClient.<init>(HttpClient.java:242)
	at java.base/sun.net.www.http.HttpClient.New(HttpClient.java:341)
	at java.base/sun.net.www.http.HttpClient.New(HttpClient.java:362)
	at java.base/sun.net.www.protocol.http.HttpURLConnection.getNewHttpClient(HttpURLConnection.java:1248)
	at java.base/sun.net.www.protocol.http.HttpURLConnection.plainConnect0(HttpURLConnection.java:1187)
	at java.base/sun.net.www.protocol.http.HttpURLConnection.plainConnect(HttpURLConnection.java:1081)
	at java.base/sun.net.www.protocol.http.HttpURLConnection.connect(HttpURLConnection.java:1015)
	at java.base/sun.net.www.protocol.http.HttpURLConnection.getInputStream0(HttpURLConnection.java:1587)
	at java.base/sun.net.www.protocol.http.HttpURLConnection.getInputStream(HttpURLConnection.java:1515)
	at java.base/java.net.HttpURLConnection.getResponseCode(HttpURLConnection.java:527)
	at io.confluent.kafka.schemaregistry.client.rest.RestService.sendHttpRequest(RestService.java:312)
	at io.confluent.kafka.schemaregistry.client.rest.RestService.httpRequest(RestService.java:408)
	at io.confluent.kafka.schemaregistry.client.rest.RestService.getAllSubjects(RestService.java:1111)
	at io.confluent.kafka.schemaregistry.client.rest.RestService.getAllSubjects(RestService.java:1096)
	at io.confluent.kafka.schemaregistry.client.CachedSchemaRegistryClient.getAllSubjects(CachedSchemaRegistryClient.java:786)
	at com.mycompany.kafka.manager.SimpleSchemaManager.listSubjects(SimpleSchemaManager.java:81)
	at com.mycompany.kafka.KafkaManagementLibrary.listSubjects(KafkaManagementLibrary.java:292)
	at com.mycompany.kafka.KafkaManagementLibraryTest.testListSubjects(KafkaManagementLibraryTest.java:196)
	at java.base/jdk.internal.reflect.NativeMethodAccessorImpl.invoke0(Native Method)
	at java.base/jdk.internal.reflect.NativeMethodAccessorImpl.invoke(NativeMethodAccessorImpl.java:62)
	at java.base/jdk.internal.reflect.DelegatingMethodAccessorImpl.invoke(DelegatingMethodAccessorImpl.java:43)
	at java.base/java.lang.reflect.Method.invoke(Method.java:567)
	at org.junit.platform.commons.util.ReflectionUtils.invokeMethod(ReflectionUtils.java:727)
	at org.junit.jupiter.engine.execution.MethodInvocation.proceed(MethodInvocation.java:60)
	at org.junit.jupiter.engine.execution.InvocationInterceptorChain$ValidatingInvocation.proceed(InvocationInterceptorChain.java:131)
	at org.junit.jupiter.engine.extension.TimeoutExtension.intercept(TimeoutExtension.java:156)
	at org.junit.jupiter.engine.extension.TimeoutExtension.interceptTestableMethod(TimeoutExtension.java:147)
	at org.junit.jupiter.engine.extension.TimeoutExtension.interceptTestMethod(TimeoutExtension.java:86)
	at org.junit.jupiter.engine.execution.InterceptingExecutableInvoker$ReflectiveInterceptorCall.lambda$ofVoidMethod$0(InterceptingExecutableInvoker.java:103)
	at org.junit.jupiter.engine.execution.InterceptingExecutableInvoker.lambda$invoke$0(InterceptingExecutableInvoker.java:93)
	at org.junit.jupiter.engine.execution.InvocationInterceptorChain$InterceptedInvocation.proceed(InvocationInterceptorChain.java:106)
	at org.junit.jupiter.engine.execution.InvocationInterceptorChain.proceed(InvocationInterceptorChain.java:64)
	at org.junit.jupiter.engine.execution.InvocationInterceptorChain.chainAndInvoke(InvocationInterceptorChain.java:45)
	at org.junit.jupiter.engine.execution.InvocationInterceptorChain.invoke(InvocationInterceptorChain.java:37)
	at org.junit.jupiter.engine.execution.InterceptingExecutableInvoker.invoke(InterceptingExecutableInvoker.java:92)
	at org.junit.jupiter.engine.execution.InterceptingExecutableInvoker.invoke(InterceptingExecutableInvoker.java:86)
	at org.junit.jupiter.engine.descriptor.TestMethodTestDescriptor.lambda$invokeTestMethod$7(TestMethodTestDescriptor.java:217)
	at org.junit.platform.engine.support.hierarchical.ThrowableCollector.execute(ThrowableCollector.java:73)
	at org.junit.jupiter.engine.descriptor.TestMethodTestDescriptor.invokeTestMethod(TestMethodTestDescriptor.java:213)
	at org.junit.jupiter.engine.descriptor.TestMethodTestDescriptor.execute(TestMethodTestDescriptor.java:138)
	at org.junit.jupiter.engine.descriptor.TestMethodTestDescriptor.execute(TestMethodTestDescriptor.java:68)
	at org.junit.platform.engine.support.hierarchical.NodeTestTask.lambda$executeRecursively$6(NodeTestTask.java:151)
	at org.junit.platform.engine.support.hierarchical.ThrowableCollector.execute(ThrowableCollector.java:73)
	at org.junit.platform.engine.support.hierarchical.NodeTestTask.lambda$executeRecursively$8(NodeTestTask.java:141)
	at org.junit.platform.engine.support.hierarchical.Node.around(Node.java:137)
	at org.junit.platform.engine.support.hierarchical.NodeTestTask.lambda$executeRecursively$9(NodeTestTask.java:139)
	at org.junit.platform.engine.support.hierarchical.ThrowableCollector.execute(ThrowableCollector.java:73)
	at org.junit.platform.engine.support.hierarchical.NodeTestTask.executeRecursively(NodeTestTask.java:138)
	at org.junit.platform.engine.support.hierarchical.NodeTestTask.execute(NodeTestTask.java:95)
	at java.base/java.util.ArrayList.forEach(ArrayList.java:1507)
	at org.junit.platform.engine.support.hierarchical.SameThreadHierarchicalTestExecutorService.invokeAll(SameThreadHierarchicalTestExecutorService.java:41)
	at org.junit.platform.engine.support.hierarchical.NodeTestTask.lambda$executeRecursively$6(NodeTestTask.java:155)
	at org.junit.platform.engine.support.hierarchical.ThrowableCollector.execute(ThrowableCollector.java:73)
	at org.junit.platform.engine.support.hierarchical.NodeTestTask.lambda$executeRecursively$8(NodeTestTask.java:141)
	at org.junit.platform.engine.support.hierarchical.Node.around(Node.java:137)
	at org.junit.platform.engine.support.hierarchical.NodeTestTask.lambda$executeRecursively$9(NodeTestTask.java:139)
	at org.junit.platform.engine.support.hierarchical.ThrowableCollector.execute(ThrowableCollector.java:73)
	at org.junit.platform.engine.support.hierarchical.NodeTestTask.executeRecursively(NodeTestTask.java:138)
	at org.junit.platform.engine.support.hierarchical.NodeTestTask.execute(NodeTestTask.java:95)
	at java.base/java.util.ArrayList.forEach(ArrayList.java:1507)
	at org.junit.platform.engine.support.hierarchical.SameThreadHierarchicalTestExecutorService.invokeAll(SameThreadHierarchicalTestExecutorService.java:41)
	at org.junit.platform.engine.support.hierarchical.NodeTestTask.lambda$executeRecursively$6(NodeTestTask.java:155)
	at org.junit.platform.engine.support.hierarchical.ThrowableCollector.execute(ThrowableCollector.java:73)
	at org.junit.platform.engine.support.hierarchical.NodeTestTask.lambda$executeRecursively$8(NodeTestTask.java:141)
	at org.junit.platform.engine.support.hierarchical.Node.around(Node.java:137)
	at org.junit.platform.engine.support.hierarchical.NodeTestTask.lambda$executeRecursively$9(NodeTestTask.java:139)
	at org.junit.platform.engine.support.hierarchical.ThrowableCollector.execute(ThrowableCollector.java:73)
	at org.junit.platform.engine.support.hierarchical.NodeTestTask.executeRecursively(NodeTestTask.java:138)
	at org.junit.platform.engine.support.hierarchical.NodeTestTask.execute(NodeTestTask.java:95)
	at org.junit.platform.engine.support.hierarchical.SameThreadHierarchicalTestExecutorService.submit(SameThreadHierarchicalTestExecutorService.java:35)
	at org.junit.platform.engine.support.hierarchical.HierarchicalTestExecutor.execute(HierarchicalTestExecutor.java:57)
	at org.junit.platform.engine.support.hierarchical.HierarchicalTestEngine.execute(HierarchicalTestEngine.java:54)
	at org.junit.platform.launcher.core.EngineExecutionOrchestrator.execute(EngineExecutionOrchestrator.java:147)
	at org.junit.platform.launcher.core.EngineExecutionOrchestrator.execute(EngineExecutionOrchestrator.java:127)
	at org.junit.platform.launcher.core.EngineExecutionOrchestrator.execute(EngineExecutionOrchestrator.java:90)
	at org.junit.platform.launcher.core.EngineExecutionOrchestrator.lambda$execute$0(EngineExecutionOrchestrator.java:55)
	at org.junit.platform.launcher.core.EngineExecutionOrchestrator.withInterceptedStreams(EngineExecutionOrchestrator.java:102)
	at org.junit.platform.launcher.core.EngineExecutionOrchestrator.execute(EngineExecutionOrchestrator.java:54)
	at org.junit.platform.launcher.core.DefaultLauncher.execute(DefaultLauncher.java:114)
	at org.junit.platform.launcher.core.DefaultLauncher.execute(DefaultLauncher.java:86)
	at org.junit.platform.launcher.core.DefaultLauncherSession$DelegatingLauncher.execute(DefaultLauncherSession.java:86)
	at org.apache.maven.surefire.junitplatform.LazyLauncher.execute(LazyLauncher.java:50)
	at org.apache.maven.surefire.junitplatform.JUnitPlatformProvider.execute(JUnitPlatformProvider.java:184)
	at org.apache.maven.surefire.junitplatform.JUnitPlatformProvider.invokeAllTests(JUnitPlatformProvider.java:148)
	at org.apache.maven.surefire.junitplatform.JUnitPlatformProvider.invoke(JUnitPlatformProvider.java:122)
	at org.apache.maven.surefire.booter.ForkedBooter.runSuitesInProcess(ForkedBooter.java:385)
	at org.apache.maven.surefire.booter.ForkedBooter.execute(ForkedBooter.java:162)
	at org.apache.maven.surefire.booter.ForkedBooter.run(ForkedBooter.java:507)
	at org.apache.maven.surefire.booter.ForkedBooter.main(ForkedBooter.java:495)
]]></system-err>
  </testcase>
  <testcase name="testConsumeMessages" classname="com.mycompany.kafka.KafkaManagementLibraryTest" time="0.009">
    <error message="Failed to consume messages from topic: test-topic" type="java.lang.RuntimeException"><![CDATA[java.lang.RuntimeException: Failed to consume messages from topic: test-topic
	at com.mycompany.kafka.manager.MessageManager.consumeMessages(MessageManager.java:148)
	at com.mycompany.kafka.KafkaManagementLibrary.consumeMessages(KafkaManagementLibrary.java:185)
	at com.mycompany.kafka.KafkaManagementLibraryTest.testConsumeMessages(KafkaManagementLibraryTest.java:136)
	at java.base/jdk.internal.reflect.NativeMethodAccessorImpl.invoke0(Native Method)
	at java.base/jdk.internal.reflect.NativeMethodAccessorImpl.invoke(NativeMethodAccessorImpl.java:62)
	at java.base/jdk.internal.reflect.DelegatingMethodAccessorImpl.invoke(DelegatingMethodAccessorImpl.java:43)
	at java.base/java.lang.reflect.Method.invoke(Method.java:567)
	at org.junit.platform.commons.util.ReflectionUtils.invokeMethod(ReflectionUtils.java:727)
	at org.junit.jupiter.engine.execution.MethodInvocation.proceed(MethodInvocation.java:60)
	at org.junit.jupiter.engine.execution.InvocationInterceptorChain$ValidatingInvocation.proceed(InvocationInterceptorChain.java:131)
	at org.junit.jupiter.engine.extension.TimeoutExtension.intercept(TimeoutExtension.java:156)
	at org.junit.jupiter.engine.extension.TimeoutExtension.interceptTestableMethod(TimeoutExtension.java:147)
	at org.junit.jupiter.engine.extension.TimeoutExtension.interceptTestMethod(TimeoutExtension.java:86)
	at org.junit.jupiter.engine.execution.InterceptingExecutableInvoker$ReflectiveInterceptorCall.lambda$ofVoidMethod$0(InterceptingExecutableInvoker.java:103)
	at org.junit.jupiter.engine.execution.InterceptingExecutableInvoker.lambda$invoke$0(InterceptingExecutableInvoker.java:93)
	at org.junit.jupiter.engine.execution.InvocationInterceptorChain$InterceptedInvocation.proceed(InvocationInterceptorChain.java:106)
	at org.junit.jupiter.engine.execution.InvocationInterceptorChain.proceed(InvocationInterceptorChain.java:64)
	at org.junit.jupiter.engine.execution.InvocationInterceptorChain.chainAndInvoke(InvocationInterceptorChain.java:45)
	at org.junit.jupiter.engine.execution.InvocationInterceptorChain.invoke(InvocationInterceptorChain.java:37)
	at org.junit.jupiter.engine.execution.InterceptingExecutableInvoker.invoke(InterceptingExecutableInvoker.java:92)
	at org.junit.jupiter.engine.execution.InterceptingExecutableInvoker.invoke(InterceptingExecutableInvoker.java:86)
	at org.junit.jupiter.engine.descriptor.TestMethodTestDescriptor.lambda$invokeTestMethod$7(TestMethodTestDescriptor.java:217)
	at org.junit.platform.engine.support.hierarchical.ThrowableCollector.execute(ThrowableCollector.java:73)
	at org.junit.jupiter.engine.descriptor.TestMethodTestDescriptor.invokeTestMethod(TestMethodTestDescriptor.java:213)
	at org.junit.jupiter.engine.descriptor.TestMethodTestDescriptor.execute(TestMethodTestDescriptor.java:138)
	at org.junit.jupiter.engine.descriptor.TestMethodTestDescriptor.execute(TestMethodTestDescriptor.java:68)
	at org.junit.platform.engine.support.hierarchical.NodeTestTask.lambda$executeRecursively$6(NodeTestTask.java:151)
	at org.junit.platform.engine.support.hierarchical.ThrowableCollector.execute(ThrowableCollector.java:73)
	at org.junit.platform.engine.support.hierarchical.NodeTestTask.lambda$executeRecursively$8(NodeTestTask.java:141)
	at org.junit.platform.engine.support.hierarchical.Node.around(Node.java:137)
	at org.junit.platform.engine.support.hierarchical.NodeTestTask.lambda$executeRecursively$9(NodeTestTask.java:139)
	at org.junit.platform.engine.support.hierarchical.ThrowableCollector.execute(ThrowableCollector.java:73)
	at org.junit.platform.engine.support.hierarchical.NodeTestTask.executeRecursively(NodeTestTask.java:138)
	at org.junit.platform.engine.support.hierarchical.NodeTestTask.execute(NodeTestTask.java:95)
	at java.base/java.util.ArrayList.forEach(ArrayList.java:1507)
	at org.junit.platform.engine.support.hierarchical.SameThreadHierarchicalTestExecutorService.invokeAll(SameThreadHierarchicalTestExecutorService.java:41)
	at org.junit.platform.engine.support.hierarchical.NodeTestTask.lambda$executeRecursively$6(NodeTestTask.java:155)
	at org.junit.platform.engine.support.hierarchical.ThrowableCollector.execute(ThrowableCollector.java:73)
	at org.junit.platform.engine.support.hierarchical.NodeTestTask.lambda$executeRecursively$8(NodeTestTask.java:141)
	at org.junit.platform.engine.support.hierarchical.Node.around(Node.java:137)
	at org.junit.platform.engine.support.hierarchical.NodeTestTask.lambda$executeRecursively$9(NodeTestTask.java:139)
	at org.junit.platform.engine.support.hierarchical.ThrowableCollector.execute(ThrowableCollector.java:73)
	at org.junit.platform.engine.support.hierarchical.NodeTestTask.executeRecursively(NodeTestTask.java:138)
	at org.junit.platform.engine.support.hierarchical.NodeTestTask.execute(NodeTestTask.java:95)
	at java.base/java.util.ArrayList.forEach(ArrayList.java:1507)
	at org.junit.platform.engine.support.hierarchical.SameThreadHierarchicalTestExecutorService.invokeAll(SameThreadHierarchicalTestExecutorService.java:41)
	at org.junit.platform.engine.support.hierarchical.NodeTestTask.lambda$executeRecursively$6(NodeTestTask.java:155)
	at org.junit.platform.engine.support.hierarchical.ThrowableCollector.execute(ThrowableCollector.java:73)
	at org.junit.platform.engine.support.hierarchical.NodeTestTask.lambda$executeRecursively$8(NodeTestTask.java:141)
	at org.junit.platform.engine.support.hierarchical.Node.around(Node.java:137)
	at org.junit.platform.engine.support.hierarchical.NodeTestTask.lambda$executeRecursively$9(NodeTestTask.java:139)
	at org.junit.platform.engine.support.hierarchical.ThrowableCollector.execute(ThrowableCollector.java:73)
	at org.junit.platform.engine.support.hierarchical.NodeTestTask.executeRecursively(NodeTestTask.java:138)
	at org.junit.platform.engine.support.hierarchical.NodeTestTask.execute(NodeTestTask.java:95)
	at org.junit.platform.engine.support.hierarchical.SameThreadHierarchicalTestExecutorService.submit(SameThreadHierarchicalTestExecutorService.java:35)
	at org.junit.platform.engine.support.hierarchical.HierarchicalTestExecutor.execute(HierarchicalTestExecutor.java:57)
	at org.junit.platform.engine.support.hierarchical.HierarchicalTestEngine.execute(HierarchicalTestEngine.java:54)
	at org.junit.platform.launcher.core.EngineExecutionOrchestrator.execute(EngineExecutionOrchestrator.java:147)
	at org.junit.platform.launcher.core.EngineExecutionOrchestrator.execute(EngineExecutionOrchestrator.java:127)
	at org.junit.platform.launcher.core.EngineExecutionOrchestrator.execute(EngineExecutionOrchestrator.java:90)
	at org.junit.platform.launcher.core.EngineExecutionOrchestrator.lambda$execute$0(EngineExecutionOrchestrator.java:55)
	at org.junit.platform.launcher.core.EngineExecutionOrchestrator.withInterceptedStreams(EngineExecutionOrchestrator.java:102)
	at org.junit.platform.launcher.core.EngineExecutionOrchestrator.execute(EngineExecutionOrchestrator.java:54)
	at org.junit.platform.launcher.core.DefaultLauncher.execute(DefaultLauncher.java:114)
	at org.junit.platform.launcher.core.DefaultLauncher.execute(DefaultLauncher.java:86)
	at org.junit.platform.launcher.core.DefaultLauncherSession$DelegatingLauncher.execute(DefaultLauncherSession.java:86)
	at org.apache.maven.surefire.junitplatform.LazyLauncher.execute(LazyLauncher.java:50)
	at org.apache.maven.surefire.junitplatform.JUnitPlatformProvider.execute(JUnitPlatformProvider.java:184)
	at org.apache.maven.surefire.junitplatform.JUnitPlatformProvider.invokeAllTests(JUnitPlatformProvider.java:148)
	at org.apache.maven.surefire.junitplatform.JUnitPlatformProvider.invoke(JUnitPlatformProvider.java:122)
	at org.apache.maven.surefire.booter.ForkedBooter.runSuitesInProcess(ForkedBooter.java:385)
	at org.apache.maven.surefire.booter.ForkedBooter.execute(ForkedBooter.java:162)
	at org.apache.maven.surefire.booter.ForkedBooter.run(ForkedBooter.java:507)
	at org.apache.maven.surefire.booter.ForkedBooter.main(ForkedBooter.java:495)
Caused by: java.lang.NullPointerException
	at java.base/java.util.concurrent.ConcurrentHashMap.putVal(ConcurrentHashMap.java:1011)
	at java.base/java.util.concurrent.ConcurrentHashMap.put(ConcurrentHashMap.java:1006)
	at java.base/java.util.Properties.put(Properties.java:1331)
	at java.base/java.util.Properties.setProperty(Properties.java:226)
	at com.mycompany.kafka.factory.ConnectionFactory.createConsumer(ConnectionFactory.java:85)
	at com.mycompany.kafka.manager.MessageManager.consumeMessages(MessageManager.java:125)
	... 73 more
]]></error>
    <system-err><![CDATA[[kafka-admin-client-thread | adminclient-7] INFO org.apache.kafka.clients.NetworkClient - [AdminClient clientId=adminclient-7] Node -1 disconnected.
[kafka-admin-client-thread | adminclient-7] WARN org.apache.kafka.clients.NetworkClient - [AdminClient clientId=adminclient-7] Connection to node -1 (localhost/127.0.0.1:9092) could not be established. Broker may not be available.
[main] INFO com.mycompany.kafka.KafkaManagementLibrary - Initializing KafkaManagementLibrary
[main] INFO com.mycompany.kafka.factory.ConnectionFactory - Creating Kafka AdminClient with bootstrap servers: localhost:9092
[main] INFO org.apache.kafka.clients.admin.AdminClientConfig - AdminClientConfig values: 
	auto.include.jmx.reporter = true
	bootstrap.servers = [localhost:9092]
	client.dns.lookup = use_all_dns_ips
	client.id = 
	connections.max.idle.ms = 300000
	default.api.timeout.ms = 60000
	metadata.max.age.ms = 300000
	metric.reporters = []
	metrics.num.samples = 2
	metrics.recording.level = INFO
	metrics.sample.window.ms = 30000
	receive.buffer.bytes = 65536
	reconnect.backoff.max.ms = 1000
	reconnect.backoff.ms = 50
	request.timeout.ms = 30000
	retries = 2147483647
	retry.backoff.ms = 100
	sasl.client.callback.handler.class = null
	sasl.jaas.config = null
	sasl.kerberos.kinit.cmd = /usr/bin/kinit
	sasl.kerberos.min.time.before.relogin = 60000
	sasl.kerberos.service.name = null
	sasl.kerberos.ticket.renew.jitter = 0.05
	sasl.kerberos.ticket.renew.window.factor = 0.8
	sasl.login.callback.handler.class = null
	sasl.login.class = null
	sasl.login.connect.timeout.ms = null
	sasl.login.read.timeout.ms = null
	sasl.login.refresh.buffer.seconds = 300
	sasl.login.refresh.min.period.seconds = 60
	sasl.login.refresh.window.factor = 0.8
	sasl.login.refresh.window.jitter = 0.05
	sasl.login.retry.backoff.max.ms = 10000
	sasl.login.retry.backoff.ms = 100
	sasl.mechanism = GSSAPI
	sasl.oauthbearer.clock.skew.seconds = 30
	sasl.oauthbearer.expected.audience = null
	sasl.oauthbearer.expected.issuer = null
	sasl.oauthbearer.jwks.endpoint.refresh.ms = 3600000
	sasl.oauthbearer.jwks.endpoint.retry.backoff.max.ms = 10000
	sasl.oauthbearer.jwks.endpoint.retry.backoff.ms = 100
	sasl.oauthbearer.jwks.endpoint.url = null
	sasl.oauthbearer.scope.claim.name = scope
	sasl.oauthbearer.sub.claim.name = sub
	sasl.oauthbearer.token.endpoint.url = null
	security.protocol = PLAINTEXT
	security.providers = null
	send.buffer.bytes = 131072
	socket.connection.setup.timeout.max.ms = 30000
	socket.connection.setup.timeout.ms = 10000
	ssl.cipher.suites = null
	ssl.enabled.protocols = [TLSv1.2, TLSv1.3]
	ssl.endpoint.identification.algorithm = https
	ssl.engine.factory.class = null
	ssl.key.password = null
	ssl.keymanager.algorithm = SunX509
	ssl.keystore.certificate.chain = null
	ssl.keystore.key = null
	ssl.keystore.location = null
	ssl.keystore.password = null
	ssl.keystore.type = JKS
	ssl.protocol = TLSv1.3
	ssl.provider = null
	ssl.secure.random.implementation = null
	ssl.trustmanager.algorithm = PKIX
	ssl.truststore.certificates = null
	ssl.truststore.location = null
	ssl.truststore.password = null
	ssl.truststore.type = JKS

[main] INFO org.apache.kafka.common.utils.AppInfoParser - Kafka version: 3.5.1
[main] INFO org.apache.kafka.common.utils.AppInfoParser - Kafka commitId: 2c6fb6c54472e90a
[main] INFO org.apache.kafka.common.utils.AppInfoParser - Kafka startTimeMs: 1761089037684
[main] INFO com.mycompany.kafka.factory.ConnectionFactory - Kafka AdminClient created successfully
[main] INFO com.mycompany.kafka.factory.ConnectionFactory - Creating Kafka AdminClient with bootstrap servers: localhost:9092
[main] INFO org.apache.kafka.clients.admin.AdminClientConfig - AdminClientConfig values: 
	auto.include.jmx.reporter = true
	bootstrap.servers = [localhost:9092]
	client.dns.lookup = use_all_dns_ips
	client.id = 
	connections.max.idle.ms = 300000
	default.api.timeout.ms = 60000
	metadata.max.age.ms = 300000
	metric.reporters = []
	metrics.num.samples = 2
	metrics.recording.level = INFO
	metrics.sample.window.ms = 30000
	receive.buffer.bytes = 65536
	reconnect.backoff.max.ms = 1000
	reconnect.backoff.ms = 50
	request.timeout.ms = 30000
	retries = 2147483647
	retry.backoff.ms = 100
	sasl.client.callback.handler.class = null
	sasl.jaas.config = null
	sasl.kerberos.kinit.cmd = /usr/bin/kinit
	sasl.kerberos.min.time.before.relogin = 60000
	sasl.kerberos.service.name = null
	sasl.kerberos.ticket.renew.jitter = 0.05
	sasl.kerberos.ticket.renew.window.factor = 0.8
	sasl.login.callback.handler.class = null
	sasl.login.class = null
	sasl.login.connect.timeout.ms = null
	sasl.login.read.timeout.ms = null
	sasl.login.refresh.buffer.seconds = 300
	sasl.login.refresh.min.period.seconds = 60
	sasl.login.refresh.window.factor = 0.8
	sasl.login.refresh.window.jitter = 0.05
	sasl.login.retry.backoff.max.ms = 10000
	sasl.login.retry.backoff.ms = 100
	sasl.mechanism = GSSAPI
	sasl.oauthbearer.clock.skew.seconds = 30
	sasl.oauthbearer.expected.audience = null
	sasl.oauthbearer.expected.issuer = null
	sasl.oauthbearer.jwks.endpoint.refresh.ms = 3600000
	sasl.oauthbearer.jwks.endpoint.retry.backoff.max.ms = 10000
	sasl.oauthbearer.jwks.endpoint.retry.backoff.ms = 100
	sasl.oauthbearer.jwks.endpoint.url = null
	sasl.oauthbearer.scope.claim.name = scope
	sasl.oauthbearer.sub.claim.name = sub
	sasl.oauthbearer.token.endpoint.url = null
	security.protocol = PLAINTEXT
	security.providers = null
	send.buffer.bytes = 131072
	socket.connection.setup.timeout.max.ms = 30000
	socket.connection.setup.timeout.ms = 10000
	ssl.cipher.suites = null
	ssl.enabled.protocols = [TLSv1.2, TLSv1.3]
	ssl.endpoint.identification.algorithm = https
	ssl.engine.factory.class = null
	ssl.key.password = null
	ssl.keymanager.algorithm = SunX509
	ssl.keystore.certificate.chain = null
	ssl.keystore.key = null
	ssl.keystore.location = null
	ssl.keystore.password = null
	ssl.keystore.type = JKS
	ssl.protocol = TLSv1.3
	ssl.provider = null
	ssl.secure.random.implementation = null
	ssl.trustmanager.algorithm = PKIX
	ssl.truststore.certificates = null
	ssl.truststore.location = null
	ssl.truststore.password = null
	ssl.truststore.type = JKS

[kafka-admin-client-thread | adminclient-15] INFO org.apache.kafka.clients.NetworkClient - [AdminClient clientId=adminclient-15] Node -1 disconnected.
[kafka-admin-client-thread | adminclient-15] WARN org.apache.kafka.clients.NetworkClient - [AdminClient clientId=adminclient-15] Connection to node -1 (localhost/127.0.0.1:9092) could not be established. Broker may not be available.
[main] INFO org.apache.kafka.common.utils.AppInfoParser - Kafka version: 3.5.1
[main] INFO org.apache.kafka.common.utils.AppInfoParser - Kafka commitId: 2c6fb6c54472e90a
[main] INFO org.apache.kafka.common.utils.AppInfoParser - Kafka startTimeMs: 1761089037687
[main] INFO com.mycompany.kafka.factory.ConnectionFactory - Kafka AdminClient created successfully
[main] INFO com.mycompany.kafka.factory.ConnectionFactory - Creating Schema Registry Client with URL: http://localhost:8081
[main] INFO com.mycompany.kafka.factory.ConnectionFactory - Schema Registry Client created successfully
[main] INFO com.mycompany.kafka.KafkaManagementLibrary - KafkaManagementLibrary initialized successfully
[main] INFO com.mycompany.kafka.manager.MessageManager - Consuming messages from topic: test-topic with group ID: test-group
[main] INFO com.mycompany.kafka.factory.ConnectionFactory - Creating Kafka Consumer with group ID: test-group
[kafka-admin-client-thread | adminclient-16] INFO org.apache.kafka.clients.NetworkClient - [AdminClient clientId=adminclient-16] Node -1 disconnected.
[kafka-admin-client-thread | adminclient-16] WARN org.apache.kafka.clients.NetworkClient - [AdminClient clientId=adminclient-16] Connection to node -1 (localhost/127.0.0.1:9092) could not be established. Broker may not be available.
[main] ERROR com.mycompany.kafka.manager.MessageManager - Failed to consume messages from topic test-topic: null
java.lang.NullPointerException
	at java.base/java.util.concurrent.ConcurrentHashMap.putVal(ConcurrentHashMap.java:1011)
	at java.base/java.util.concurrent.ConcurrentHashMap.put(ConcurrentHashMap.java:1006)
	at java.base/java.util.Properties.put(Properties.java:1331)
	at java.base/java.util.Properties.setProperty(Properties.java:226)
	at com.mycompany.kafka.factory.ConnectionFactory.createConsumer(ConnectionFactory.java:85)
	at com.mycompany.kafka.manager.MessageManager.consumeMessages(MessageManager.java:125)
	at com.mycompany.kafka.KafkaManagementLibrary.consumeMessages(KafkaManagementLibrary.java:185)
	at com.mycompany.kafka.KafkaManagementLibraryTest.testConsumeMessages(KafkaManagementLibraryTest.java:136)
	at java.base/jdk.internal.reflect.NativeMethodAccessorImpl.invoke0(Native Method)
	at java.base/jdk.internal.reflect.NativeMethodAccessorImpl.invoke(NativeMethodAccessorImpl.java:62)
	at java.base/jdk.internal.reflect.DelegatingMethodAccessorImpl.invoke(DelegatingMethodAccessorImpl.java:43)
	at java.base/java.lang.reflect.Method.invoke(Method.java:567)
	at org.junit.platform.commons.util.ReflectionUtils.invokeMethod(ReflectionUtils.java:727)
	at org.junit.jupiter.engine.execution.MethodInvocation.proceed(MethodInvocation.java:60)
	at org.junit.jupiter.engine.execution.InvocationInterceptorChain$ValidatingInvocation.proceed(InvocationInterceptorChain.java:131)
	at org.junit.jupiter.engine.extension.TimeoutExtension.intercept(TimeoutExtension.java:156)
	at org.junit.jupiter.engine.extension.TimeoutExtension.interceptTestableMethod(TimeoutExtension.java:147)
	at org.junit.jupiter.engine.extension.TimeoutExtension.interceptTestMethod(TimeoutExtension.java:86)
	at org.junit.jupiter.engine.execution.InterceptingExecutableInvoker$ReflectiveInterceptorCall.lambda$ofVoidMethod$0(InterceptingExecutableInvoker.java:103)
	at org.junit.jupiter.engine.execution.InterceptingExecutableInvoker.lambda$invoke$0(InterceptingExecutableInvoker.java:93)
	at org.junit.jupiter.engine.execution.InvocationInterceptorChain$InterceptedInvocation.proceed(InvocationInterceptorChain.java:106)
	at org.junit.jupiter.engine.execution.InvocationInterceptorChain.proceed(InvocationInterceptorChain.java:64)
	at org.junit.jupiter.engine.execution.InvocationInterceptorChain.chainAndInvoke(InvocationInterceptorChain.java:45)
	at org.junit.jupiter.engine.execution.InvocationInterceptorChain.invoke(InvocationInterceptorChain.java:37)
	at org.junit.jupiter.engine.execution.InterceptingExecutableInvoker.invoke(InterceptingExecutableInvoker.java:92)
	at org.junit.jupiter.engine.execution.InterceptingExecutableInvoker.invoke(InterceptingExecutableInvoker.java:86)
	at org.junit.jupiter.engine.descriptor.TestMethodTestDescriptor.lambda$invokeTestMethod$7(TestMethodTestDescriptor.java:217)
	at org.junit.platform.engine.support.hierarchical.ThrowableCollector.execute(ThrowableCollector.java:73)
	at org.junit.jupiter.engine.descriptor.TestMethodTestDescriptor.invokeTestMethod(TestMethodTestDescriptor.java:213)
	at org.junit.jupiter.engine.descriptor.TestMethodTestDescriptor.execute(TestMethodTestDescriptor.java:138)
	at org.junit.jupiter.engine.descriptor.TestMethodTestDescriptor.execute(TestMethodTestDescriptor.java:68)
	at org.junit.platform.engine.support.hierarchical.NodeTestTask.lambda$executeRecursively$6(NodeTestTask.java:151)
	at org.junit.platform.engine.support.hierarchical.ThrowableCollector.execute(ThrowableCollector.java:73)
	at org.junit.platform.engine.support.hierarchical.NodeTestTask.lambda$executeRecursively$8(NodeTestTask.java:141)
	at org.junit.platform.engine.support.hierarchical.Node.around(Node.java:137)
	at org.junit.platform.engine.support.hierarchical.NodeTestTask.lambda$executeRecursively$9(NodeTestTask.java:139)
	at org.junit.platform.engine.support.hierarchical.ThrowableCollector.execute(ThrowableCollector.java:73)
	at org.junit.platform.engine.support.hierarchical.NodeTestTask.executeRecursively(NodeTestTask.java:138)
	at org.junit.platform.engine.support.hierarchical.NodeTestTask.execute(NodeTestTask.java:95)
	at java.base/java.util.ArrayList.forEach(ArrayList.java:1507)
	at org.junit.platform.engine.support.hierarchical.SameThreadHierarchicalTestExecutorService.invokeAll(SameThreadHierarchicalTestExecutorService.java:41)
	at org.junit.platform.engine.support.hierarchical.NodeTestTask.lambda$executeRecursively$6(NodeTestTask.java:155)
	at org.junit.platform.engine.support.hierarchical.ThrowableCollector.execute(ThrowableCollector.java:73)
	at org.junit.platform.engine.support.hierarchical.NodeTestTask.lambda$executeRecursively$8(NodeTestTask.java:141)
	at org.junit.platform.engine.support.hierarchical.Node.around(Node.java:137)
	at org.junit.platform.engine.support.hierarchical.NodeTestTask.lambda$executeRecursively$9(NodeTestTask.java:139)
	at org.junit.platform.engine.support.hierarchical.ThrowableCollector.execute(ThrowableCollector.java:73)
	at org.junit.platform.engine.support.hierarchical.NodeTestTask.executeRecursively(NodeTestTask.java:138)
	at org.junit.platform.engine.support.hierarchical.NodeTestTask.execute(NodeTestTask.java:95)
	at java.base/java.util.ArrayList.forEach(ArrayList.java:1507)
	at org.junit.platform.engine.support.hierarchical.SameThreadHierarchicalTestExecutorService.invokeAll(SameThreadHierarchicalTestExecutorService.java:41)
	at org.junit.platform.engine.support.hierarchical.NodeTestTask.lambda$executeRecursively$6(NodeTestTask.java:155)
	at org.junit.platform.engine.support.hierarchical.ThrowableCollector.execute(ThrowableCollector.java:73)
	at org.junit.platform.engine.support.hierarchical.NodeTestTask.lambda$executeRecursively$8(NodeTestTask.java:141)
	at org.junit.platform.engine.support.hierarchical.Node.around(Node.java:137)
	at org.junit.platform.engine.support.hierarchical.NodeTestTask.lambda$executeRecursively$9(NodeTestTask.java:139)
	at org.junit.platform.engine.support.hierarchical.ThrowableCollector.execute(ThrowableCollector.java:73)
	at org.junit.platform.engine.support.hierarchical.NodeTestTask.executeRecursively(NodeTestTask.java:138)
	at org.junit.platform.engine.support.hierarchical.NodeTestTask.execute(NodeTestTask.java:95)
	at org.junit.platform.engine.support.hierarchical.SameThreadHierarchicalTestExecutorService.submit(SameThreadHierarchicalTestExecutorService.java:35)
	at org.junit.platform.engine.support.hierarchical.HierarchicalTestExecutor.execute(HierarchicalTestExecutor.java:57)
	at org.junit.platform.engine.support.hierarchical.HierarchicalTestEngine.execute(HierarchicalTestEngine.java:54)
	at org.junit.platform.launcher.core.EngineExecutionOrchestrator.execute(EngineExecutionOrchestrator.java:147)
	at org.junit.platform.launcher.core.EngineExecutionOrchestrator.execute(EngineExecutionOrchestrator.java:127)
	at org.junit.platform.launcher.core.EngineExecutionOrchestrator.execute(EngineExecutionOrchestrator.java:90)
	at org.junit.platform.launcher.core.EngineExecutionOrchestrator.lambda$execute$0(EngineExecutionOrchestrator.java:55)
	at org.junit.platform.launcher.core.EngineExecutionOrchestrator.withInterceptedStreams(EngineExecutionOrchestrator.java:102)
	at org.junit.platform.launcher.core.EngineExecutionOrchestrator.execute(EngineExecutionOrchestrator.java:54)
	at org.junit.platform.launcher.core.DefaultLauncher.execute(DefaultLauncher.java:114)
	at org.junit.platform.launcher.core.DefaultLauncher.execute(DefaultLauncher.java:86)
	at org.junit.platform.launcher.core.DefaultLauncherSession$DelegatingLauncher.execute(DefaultLauncherSession.java:86)
	at org.apache.maven.surefire.junitplatform.LazyLauncher.execute(LazyLauncher.java:50)
	at org.apache.maven.surefire.junitplatform.JUnitPlatformProvider.execute(JUnitPlatformProvider.java:184)
	at org.apache.maven.surefire.junitplatform.JUnitPlatformProvider.invokeAllTests(JUnitPlatformProvider.java:148)
	at org.apache.maven.surefire.junitplatform.JUnitPlatformProvider.invoke(JUnitPlatformProvider.java:122)
	at org.apache.maven.surefire.booter.ForkedBooter.runSuitesInProcess(ForkedBooter.java:385)
	at org.apache.maven.surefire.booter.ForkedBooter.execute(ForkedBooter.java:162)
	at org.apache.maven.surefire.booter.ForkedBooter.run(ForkedBooter.java:507)
	at org.apache.maven.surefire.booter.ForkedBooter.main(ForkedBooter.java:495)
]]></system-err>
  </testcase>
  <testcase name="testCreateTransactionalProducer" classname="com.mycompany.kafka.KafkaManagementLibraryTest" time="0.009">
    <error message="Failed to create transactional producer: test-transaction" type="java.lang.RuntimeException"><![CDATA[java.lang.RuntimeException: Failed to create transactional producer: test-transaction
	at com.mycompany.kafka.manager.SessionManager.createTransactionalProducer(SessionManager.java:62)
	at com.mycompany.kafka.KafkaManagementLibrary.createTransactionalProducer(KafkaManagementLibrary.java:314)
	at com.mycompany.kafka.KafkaManagementLibraryTest.testCreateTransactionalProducer(KafkaManagementLibraryTest.java:220)
	at java.base/jdk.internal.reflect.NativeMethodAccessorImpl.invoke0(Native Method)
	at java.base/jdk.internal.reflect.NativeMethodAccessorImpl.invoke(NativeMethodAccessorImpl.java:62)
	at java.base/jdk.internal.reflect.DelegatingMethodAccessorImpl.invoke(DelegatingMethodAccessorImpl.java:43)
	at java.base/java.lang.reflect.Method.invoke(Method.java:567)
	at org.junit.platform.commons.util.ReflectionUtils.invokeMethod(ReflectionUtils.java:727)
	at org.junit.jupiter.engine.execution.MethodInvocation.proceed(MethodInvocation.java:60)
	at org.junit.jupiter.engine.execution.InvocationInterceptorChain$ValidatingInvocation.proceed(InvocationInterceptorChain.java:131)
	at org.junit.jupiter.engine.extension.TimeoutExtension.intercept(TimeoutExtension.java:156)
	at org.junit.jupiter.engine.extension.TimeoutExtension.interceptTestableMethod(TimeoutExtension.java:147)
	at org.junit.jupiter.engine.extension.TimeoutExtension.interceptTestMethod(TimeoutExtension.java:86)
	at org.junit.jupiter.engine.execution.InterceptingExecutableInvoker$ReflectiveInterceptorCall.lambda$ofVoidMethod$0(InterceptingExecutableInvoker.java:103)
	at org.junit.jupiter.engine.execution.InterceptingExecutableInvoker.lambda$invoke$0(InterceptingExecutableInvoker.java:93)
	at org.junit.jupiter.engine.execution.InvocationInterceptorChain$InterceptedInvocation.proceed(InvocationInterceptorChain.java:106)
	at org.junit.jupiter.engine.execution.InvocationInterceptorChain.proceed(InvocationInterceptorChain.java:64)
	at org.junit.jupiter.engine.execution.InvocationInterceptorChain.chainAndInvoke(InvocationInterceptorChain.java:45)
	at org.junit.jupiter.engine.execution.InvocationInterceptorChain.invoke(InvocationInterceptorChain.java:37)
	at org.junit.jupiter.engine.execution.InterceptingExecutableInvoker.invoke(InterceptingExecutableInvoker.java:92)
	at org.junit.jupiter.engine.execution.InterceptingExecutableInvoker.invoke(InterceptingExecutableInvoker.java:86)
	at org.junit.jupiter.engine.descriptor.TestMethodTestDescriptor.lambda$invokeTestMethod$7(TestMethodTestDescriptor.java:217)
	at org.junit.platform.engine.support.hierarchical.ThrowableCollector.execute(ThrowableCollector.java:73)
	at org.junit.jupiter.engine.descriptor.TestMethodTestDescriptor.invokeTestMethod(TestMethodTestDescriptor.java:213)
	at org.junit.jupiter.engine.descriptor.TestMethodTestDescriptor.execute(TestMethodTestDescriptor.java:138)
	at org.junit.jupiter.engine.descriptor.TestMethodTestDescriptor.execute(TestMethodTestDescriptor.java:68)
	at org.junit.platform.engine.support.hierarchical.NodeTestTask.lambda$executeRecursively$6(NodeTestTask.java:151)
	at org.junit.platform.engine.support.hierarchical.ThrowableCollector.execute(ThrowableCollector.java:73)
	at org.junit.platform.engine.support.hierarchical.NodeTestTask.lambda$executeRecursively$8(NodeTestTask.java:141)
	at org.junit.platform.engine.support.hierarchical.Node.around(Node.java:137)
	at org.junit.platform.engine.support.hierarchical.NodeTestTask.lambda$executeRecursively$9(NodeTestTask.java:139)
	at org.junit.platform.engine.support.hierarchical.ThrowableCollector.execute(ThrowableCollector.java:73)
	at org.junit.platform.engine.support.hierarchical.NodeTestTask.executeRecursively(NodeTestTask.java:138)
	at org.junit.platform.engine.support.hierarchical.NodeTestTask.execute(NodeTestTask.java:95)
	at java.base/java.util.ArrayList.forEach(ArrayList.java:1507)
	at org.junit.platform.engine.support.hierarchical.SameThreadHierarchicalTestExecutorService.invokeAll(SameThreadHierarchicalTestExecutorService.java:41)
	at org.junit.platform.engine.support.hierarchical.NodeTestTask.lambda$executeRecursively$6(NodeTestTask.java:155)
	at org.junit.platform.engine.support.hierarchical.ThrowableCollector.execute(ThrowableCollector.java:73)
	at org.junit.platform.engine.support.hierarchical.NodeTestTask.lambda$executeRecursively$8(NodeTestTask.java:141)
	at org.junit.platform.engine.support.hierarchical.Node.around(Node.java:137)
	at org.junit.platform.engine.support.hierarchical.NodeTestTask.lambda$executeRecursively$9(NodeTestTask.java:139)
	at org.junit.platform.engine.support.hierarchical.ThrowableCollector.execute(ThrowableCollector.java:73)
	at org.junit.platform.engine.support.hierarchical.NodeTestTask.executeRecursively(NodeTestTask.java:138)
	at org.junit.platform.engine.support.hierarchical.NodeTestTask.execute(NodeTestTask.java:95)
	at java.base/java.util.ArrayList.forEach(ArrayList.java:1507)
	at org.junit.platform.engine.support.hierarchical.SameThreadHierarchicalTestExecutorService.invokeAll(SameThreadHierarchicalTestExecutorService.java:41)
	at org.junit.platform.engine.support.hierarchical.NodeTestTask.lambda$executeRecursively$6(NodeTestTask.java:155)
	at org.junit.platform.engine.support.hierarchical.ThrowableCollector.execute(ThrowableCollector.java:73)
	at org.junit.platform.engine.support.hierarchical.NodeTestTask.lambda$executeRecursively$8(NodeTestTask.java:141)
	at org.junit.platform.engine.support.hierarchical.Node.around(Node.java:137)
	at org.junit.platform.engine.support.hierarchical.NodeTestTask.lambda$executeRecursively$9(NodeTestTask.java:139)
	at org.junit.platform.engine.support.hierarchical.ThrowableCollector.execute(ThrowableCollector.java:73)
	at org.junit.platform.engine.support.hierarchical.NodeTestTask.executeRecursively(NodeTestTask.java:138)
	at org.junit.platform.engine.support.hierarchical.NodeTestTask.execute(NodeTestTask.java:95)
	at org.junit.platform.engine.support.hierarchical.SameThreadHierarchicalTestExecutorService.submit(SameThreadHierarchicalTestExecutorService.java:35)
	at org.junit.platform.engine.support.hierarchical.HierarchicalTestExecutor.execute(HierarchicalTestExecutor.java:57)
	at org.junit.platform.engine.support.hierarchical.HierarchicalTestEngine.execute(HierarchicalTestEngine.java:54)
	at org.junit.platform.launcher.core.EngineExecutionOrchestrator.execute(EngineExecutionOrchestrator.java:147)
	at org.junit.platform.launcher.core.EngineExecutionOrchestrator.execute(EngineExecutionOrchestrator.java:127)
	at org.junit.platform.launcher.core.EngineExecutionOrchestrator.execute(EngineExecutionOrchestrator.java:90)
	at org.junit.platform.launcher.core.EngineExecutionOrchestrator.lambda$execute$0(EngineExecutionOrchestrator.java:55)
	at org.junit.platform.launcher.core.EngineExecutionOrchestrator.withInterceptedStreams(EngineExecutionOrchestrator.java:102)
	at org.junit.platform.launcher.core.EngineExecutionOrchestrator.execute(EngineExecutionOrchestrator.java:54)
	at org.junit.platform.launcher.core.DefaultLauncher.execute(DefaultLauncher.java:114)
	at org.junit.platform.launcher.core.DefaultLauncher.execute(DefaultLauncher.java:86)
	at org.junit.platform.launcher.core.DefaultLauncherSession$DelegatingLauncher.execute(DefaultLauncherSession.java:86)
	at org.apache.maven.surefire.junitplatform.LazyLauncher.execute(LazyLauncher.java:50)
	at org.apache.maven.surefire.junitplatform.JUnitPlatformProvider.execute(JUnitPlatformProvider.java:184)
	at org.apache.maven.surefire.junitplatform.JUnitPlatformProvider.invokeAllTests(JUnitPlatformProvider.java:148)
	at org.apache.maven.surefire.junitplatform.JUnitPlatformProvider.invoke(JUnitPlatformProvider.java:122)
	at org.apache.maven.surefire.booter.ForkedBooter.runSuitesInProcess(ForkedBooter.java:385)
	at org.apache.maven.surefire.booter.ForkedBooter.execute(ForkedBooter.java:162)
	at org.apache.maven.surefire.booter.ForkedBooter.run(ForkedBooter.java:507)
	at org.apache.maven.surefire.booter.ForkedBooter.main(ForkedBooter.java:495)
Caused by: org.apache.kafka.common.config.ConfigException: Must set retries to non-zero when using the idempotent producer.
	at org.apache.kafka.clients.producer.ProducerConfig.postProcessAndValidateIdempotenceConfigs(ProducerConfig.java:525)
	at org.apache.kafka.clients.producer.ProducerConfig.postProcessParsedConfig(ProducerConfig.java:495)
	at org.apache.kafka.common.config.AbstractConfig.<init>(AbstractConfig.java:113)
	at org.apache.kafka.common.config.AbstractConfig.<init>(AbstractConfig.java:132)
	at org.apache.kafka.clients.producer.ProducerConfig.<init>(ProducerConfig.java:594)
	at org.apache.kafka.clients.producer.KafkaProducer.<init>(KafkaProducer.java:290)
	at org.apache.kafka.clients.producer.KafkaProducer.<init>(KafkaProducer.java:317)
	at org.apache.kafka.clients.producer.KafkaProducer.<init>(KafkaProducer.java:302)
	at com.mycompany.kafka.manager.SessionManager.createTransactionalProducer(SessionManager.java:54)
	... 73 more
]]></error>
    <system-err><![CDATA[[main] INFO com.mycompany.kafka.KafkaManagementLibrary - Initializing KafkaManagementLibrary
[main] INFO com.mycompany.kafka.factory.ConnectionFactory - Creating Kafka AdminClient with bootstrap servers: localhost:9092
[main] INFO org.apache.kafka.clients.admin.AdminClientConfig - AdminClientConfig values: 
	auto.include.jmx.reporter = true
	bootstrap.servers = [localhost:9092]
	client.dns.lookup = use_all_dns_ips
	client.id = 
	connections.max.idle.ms = 300000
	default.api.timeout.ms = 60000
	metadata.max.age.ms = 300000
	metric.reporters = []
	metrics.num.samples = 2
	metrics.recording.level = INFO
	metrics.sample.window.ms = 30000
	receive.buffer.bytes = 65536
	reconnect.backoff.max.ms = 1000
	reconnect.backoff.ms = 50
	request.timeout.ms = 30000
	retries = 2147483647
	retry.backoff.ms = 100
	sasl.client.callback.handler.class = null
	sasl.jaas.config = null
	sasl.kerberos.kinit.cmd = /usr/bin/kinit
	sasl.kerberos.min.time.before.relogin = 60000
	sasl.kerberos.service.name = null
	sasl.kerberos.ticket.renew.jitter = 0.05
	sasl.kerberos.ticket.renew.window.factor = 0.8
	sasl.login.callback.handler.class = null
	sasl.login.class = null
	sasl.login.connect.timeout.ms = null
	sasl.login.read.timeout.ms = null
	sasl.login.refresh.buffer.seconds = 300
	sasl.login.refresh.min.period.seconds = 60
	sasl.login.refresh.window.factor = 0.8
	sasl.login.refresh.window.jitter = 0.05
	sasl.login.retry.backoff.max.ms = 10000
	sasl.login.retry.backoff.ms = 100
	sasl.mechanism = GSSAPI
	sasl.oauthbearer.clock.skew.seconds = 30
	sasl.oauthbearer.expected.audience = null
	sasl.oauthbearer.expected.issuer = null
	sasl.oauthbearer.jwks.endpoint.refresh.ms = 3600000
	sasl.oauthbearer.jwks.endpoint.retry.backoff.max.ms = 10000
	sasl.oauthbearer.jwks.endpoint.retry.backoff.ms = 100
	sasl.oauthbearer.jwks.endpoint.url = null
	sasl.oauthbearer.scope.claim.name = scope
	sasl.oauthbearer.sub.claim.name = sub
	sasl.oauthbearer.token.endpoint.url = null
	security.protocol = PLAINTEXT
	security.providers = null
	send.buffer.bytes = 131072
	socket.connection.setup.timeout.max.ms = 30000
	socket.connection.setup.timeout.ms = 10000
	ssl.cipher.suites = null
	ssl.enabled.protocols = [TLSv1.2, TLSv1.3]
	ssl.endpoint.identification.algorithm = https
	ssl.engine.factory.class = null
	ssl.key.password = null
	ssl.keymanager.algorithm = SunX509
	ssl.keystore.certificate.chain = null
	ssl.keystore.key = null
	ssl.keystore.location = null
	ssl.keystore.password = null
	ssl.keystore.type = JKS
	ssl.protocol = TLSv1.3
	ssl.provider = null
	ssl.secure.random.implementation = null
	ssl.trustmanager.algorithm = PKIX
	ssl.truststore.certificates = null
	ssl.truststore.location = null
	ssl.truststore.password = null
	ssl.truststore.type = JKS

[main] INFO org.apache.kafka.common.utils.AppInfoParser - Kafka version: 3.5.1
[main] INFO org.apache.kafka.common.utils.AppInfoParser - Kafka commitId: 2c6fb6c54472e90a
[main] INFO org.apache.kafka.common.utils.AppInfoParser - Kafka startTimeMs: 1761089037694
[main] INFO com.mycompany.kafka.factory.ConnectionFactory - Kafka AdminClient created successfully
[main] INFO com.mycompany.kafka.factory.ConnectionFactory - Creating Kafka AdminClient with bootstrap servers: localhost:9092
[main] INFO org.apache.kafka.clients.admin.AdminClientConfig - AdminClientConfig values: 
	auto.include.jmx.reporter = true
	bootstrap.servers = [localhost:9092]
	client.dns.lookup = use_all_dns_ips
	client.id = 
	connections.max.idle.ms = 300000
	default.api.timeout.ms = 60000
	metadata.max.age.ms = 300000
	metric.reporters = []
	metrics.num.samples = 2
	metrics.recording.level = INFO
	metrics.sample.window.ms = 30000
	receive.buffer.bytes = 65536
	reconnect.backoff.max.ms = 1000
	reconnect.backoff.ms = 50
	request.timeout.ms = 30000
	retries = 2147483647
	retry.backoff.ms = 100
	sasl.client.callback.handler.class = null
	sasl.jaas.config = null
	sasl.kerberos.kinit.cmd = /usr/bin/kinit
	sasl.kerberos.min.time.before.relogin = 60000
	sasl.kerberos.service.name = null
	sasl.kerberos.ticket.renew.jitter = 0.05
	sasl.kerberos.ticket.renew.window.factor = 0.8
	sasl.login.callback.handler.class = null
	sasl.login.class = null
	sasl.login.connect.timeout.ms = null
	sasl.login.read.timeout.ms = null
	sasl.login.refresh.buffer.seconds = 300
	sasl.login.refresh.min.period.seconds = 60
	sasl.login.refresh.window.factor = 0.8
	sasl.login.refresh.window.jitter = 0.05
	sasl.login.retry.backoff.max.ms = 10000
	sasl.login.retry.backoff.ms = 100
	sasl.mechanism = GSSAPI
	sasl.oauthbearer.clock.skew.seconds = 30
	sasl.oauthbearer.expected.audience = null
	sasl.oauthbearer.expected.issuer = null
	sasl.oauthbearer.jwks.endpoint.refresh.ms = 3600000
	sasl.oauthbearer.jwks.endpoint.retry.backoff.max.ms = 10000
	sasl.oauthbearer.jwks.endpoint.retry.backoff.ms = 100
	sasl.oauthbearer.jwks.endpoint.url = null
	sasl.oauthbearer.scope.claim.name = scope
	sasl.oauthbearer.sub.claim.name = sub
	sasl.oauthbearer.token.endpoint.url = null
	security.protocol = PLAINTEXT
	security.providers = null
	send.buffer.bytes = 131072
	socket.connection.setup.timeout.max.ms = 30000
	socket.connection.setup.timeout.ms = 10000
	ssl.cipher.suites = null
	ssl.enabled.protocols = [TLSv1.2, TLSv1.3]
	ssl.endpoint.identification.algorithm = https
	ssl.engine.factory.class = null
	ssl.key.password = null
	ssl.keymanager.algorithm = SunX509
	ssl.keystore.certificate.chain = null
	ssl.keystore.key = null
	ssl.keystore.location = null
	ssl.keystore.password = null
	ssl.keystore.type = JKS
	ssl.protocol = TLSv1.3
	ssl.provider = null
	ssl.secure.random.implementation = null
	ssl.trustmanager.algorithm = PKIX
	ssl.truststore.certificates = null
	ssl.truststore.location = null
	ssl.truststore.password = null
	ssl.truststore.type = JKS

[kafka-admin-client-thread | adminclient-17] INFO org.apache.kafka.clients.NetworkClient - [AdminClient clientId=adminclient-17] Node -1 disconnected.
[kafka-admin-client-thread | adminclient-17] WARN org.apache.kafka.clients.NetworkClient - [AdminClient clientId=adminclient-17] Connection to node -1 (localhost/127.0.0.1:9092) could not be established. Broker may not be available.
[main] INFO org.apache.kafka.common.utils.AppInfoParser - Kafka version: 3.5.1
[main] INFO org.apache.kafka.common.utils.AppInfoParser - Kafka commitId: 2c6fb6c54472e90a
[main] INFO org.apache.kafka.common.utils.AppInfoParser - Kafka startTimeMs: 1761089037697
[main] INFO com.mycompany.kafka.factory.ConnectionFactory - Kafka AdminClient created successfully
[main] INFO com.mycompany.kafka.factory.ConnectionFactory - Creating Schema Registry Client with URL: http://localhost:8081
[main] INFO com.mycompany.kafka.factory.ConnectionFactory - Schema Registry Client created successfully
[main] INFO com.mycompany.kafka.KafkaManagementLibrary - KafkaManagementLibrary initialized successfully
[main] INFO com.mycompany.kafka.manager.SessionManager - Creating transactional producer with transaction ID: test-transaction
[kafka-admin-client-thread | adminclient-18] INFO org.apache.kafka.clients.NetworkClient - [AdminClient clientId=adminclient-18] Node -1 disconnected.
[kafka-admin-client-thread | adminclient-18] WARN org.apache.kafka.clients.NetworkClient - [AdminClient clientId=adminclient-18] Connection to node -1 (localhost/127.0.0.1:9092) could not be established. Broker may not be available.
[main] ERROR com.mycompany.kafka.manager.SessionManager - Failed to create transactional producer with transaction ID test-transaction: Must set retries to non-zero when using the idempotent producer.
org.apache.kafka.common.config.ConfigException: Must set retries to non-zero when using the idempotent producer.
	at org.apache.kafka.clients.producer.ProducerConfig.postProcessAndValidateIdempotenceConfigs(ProducerConfig.java:525)
	at org.apache.kafka.clients.producer.ProducerConfig.postProcessParsedConfig(ProducerConfig.java:495)
	at org.apache.kafka.common.config.AbstractConfig.<init>(AbstractConfig.java:113)
	at org.apache.kafka.common.config.AbstractConfig.<init>(AbstractConfig.java:132)
	at org.apache.kafka.clients.producer.ProducerConfig.<init>(ProducerConfig.java:594)
	at org.apache.kafka.clients.producer.KafkaProducer.<init>(KafkaProducer.java:290)
	at org.apache.kafka.clients.producer.KafkaProducer.<init>(KafkaProducer.java:317)
	at org.apache.kafka.clients.producer.KafkaProducer.<init>(KafkaProducer.java:302)
	at com.mycompany.kafka.manager.SessionManager.createTransactionalProducer(SessionManager.java:54)
	at com.mycompany.kafka.KafkaManagementLibrary.createTransactionalProducer(KafkaManagementLibrary.java:314)
	at com.mycompany.kafka.KafkaManagementLibraryTest.testCreateTransactionalProducer(KafkaManagementLibraryTest.java:220)
	at java.base/jdk.internal.reflect.NativeMethodAccessorImpl.invoke0(Native Method)
	at java.base/jdk.internal.reflect.NativeMethodAccessorImpl.invoke(NativeMethodAccessorImpl.java:62)
	at java.base/jdk.internal.reflect.DelegatingMethodAccessorImpl.invoke(DelegatingMethodAccessorImpl.java:43)
	at java.base/java.lang.reflect.Method.invoke(Method.java:567)
	at org.junit.platform.commons.util.ReflectionUtils.invokeMethod(ReflectionUtils.java:727)
	at org.junit.jupiter.engine.execution.MethodInvocation.proceed(MethodInvocation.java:60)
	at org.junit.jupiter.engine.execution.InvocationInterceptorChain$ValidatingInvocation.proceed(InvocationInterceptorChain.java:131)
	at org.junit.jupiter.engine.extension.TimeoutExtension.intercept(TimeoutExtension.java:156)
	at org.junit.jupiter.engine.extension.TimeoutExtension.interceptTestableMethod(TimeoutExtension.java:147)
	at org.junit.jupiter.engine.extension.TimeoutExtension.interceptTestMethod(TimeoutExtension.java:86)
	at org.junit.jupiter.engine.execution.InterceptingExecutableInvoker$ReflectiveInterceptorCall.lambda$ofVoidMethod$0(InterceptingExecutableInvoker.java:103)
	at org.junit.jupiter.engine.execution.InterceptingExecutableInvoker.lambda$invoke$0(InterceptingExecutableInvoker.java:93)
	at org.junit.jupiter.engine.execution.InvocationInterceptorChain$InterceptedInvocation.proceed(InvocationInterceptorChain.java:106)
	at org.junit.jupiter.engine.execution.InvocationInterceptorChain.proceed(InvocationInterceptorChain.java:64)
	at org.junit.jupiter.engine.execution.InvocationInterceptorChain.chainAndInvoke(InvocationInterceptorChain.java:45)
	at org.junit.jupiter.engine.execution.InvocationInterceptorChain.invoke(InvocationInterceptorChain.java:37)
	at org.junit.jupiter.engine.execution.InterceptingExecutableInvoker.invoke(InterceptingExecutableInvoker.java:92)
	at org.junit.jupiter.engine.execution.InterceptingExecutableInvoker.invoke(InterceptingExecutableInvoker.java:86)
	at org.junit.jupiter.engine.descriptor.TestMethodTestDescriptor.lambda$invokeTestMethod$7(TestMethodTestDescriptor.java:217)
	at org.junit.platform.engine.support.hierarchical.ThrowableCollector.execute(ThrowableCollector.java:73)
	at org.junit.jupiter.engine.descriptor.TestMethodTestDescriptor.invokeTestMethod(TestMethodTestDescriptor.java:213)
	at org.junit.jupiter.engine.descriptor.TestMethodTestDescriptor.execute(TestMethodTestDescriptor.java:138)
	at org.junit.jupiter.engine.descriptor.TestMethodTestDescriptor.execute(TestMethodTestDescriptor.java:68)
	at org.junit.platform.engine.support.hierarchical.NodeTestTask.lambda$executeRecursively$6(NodeTestTask.java:151)
	at org.junit.platform.engine.support.hierarchical.ThrowableCollector.execute(ThrowableCollector.java:73)
	at org.junit.platform.engine.support.hierarchical.NodeTestTask.lambda$executeRecursively$8(NodeTestTask.java:141)
	at org.junit.platform.engine.support.hierarchical.Node.around(Node.java:137)
	at org.junit.platform.engine.support.hierarchical.NodeTestTask.lambda$executeRecursively$9(NodeTestTask.java:139)
	at org.junit.platform.engine.support.hierarchical.ThrowableCollector.execute(ThrowableCollector.java:73)
	at org.junit.platform.engine.support.hierarchical.NodeTestTask.executeRecursively(NodeTestTask.java:138)
	at org.junit.platform.engine.support.hierarchical.NodeTestTask.execute(NodeTestTask.java:95)
	at java.base/java.util.ArrayList.forEach(ArrayList.java:1507)
	at org.junit.platform.engine.support.hierarchical.SameThreadHierarchicalTestExecutorService.invokeAll(SameThreadHierarchicalTestExecutorService.java:41)
	at org.junit.platform.engine.support.hierarchical.NodeTestTask.lambda$executeRecursively$6(NodeTestTask.java:155)
	at org.junit.platform.engine.support.hierarchical.ThrowableCollector.execute(ThrowableCollector.java:73)
	at org.junit.platform.engine.support.hierarchical.NodeTestTask.lambda$executeRecursively$8(NodeTestTask.java:141)
	at org.junit.platform.engine.support.hierarchical.Node.around(Node.java:137)
	at org.junit.platform.engine.support.hierarchical.NodeTestTask.lambda$executeRecursively$9(NodeTestTask.java:139)
	at org.junit.platform.engine.support.hierarchical.ThrowableCollector.execute(ThrowableCollector.java:73)
	at org.junit.platform.engine.support.hierarchical.NodeTestTask.executeRecursively(NodeTestTask.java:138)
	at org.junit.platform.engine.support.hierarchical.NodeTestTask.execute(NodeTestTask.java:95)
	at java.base/java.util.ArrayList.forEach(ArrayList.java:1507)
	at org.junit.platform.engine.support.hierarchical.SameThreadHierarchicalTestExecutorService.invokeAll(SameThreadHierarchicalTestExecutorService.java:41)
	at org.junit.platform.engine.support.hierarchical.NodeTestTask.lambda$executeRecursively$6(NodeTestTask.java:155)
	at org.junit.platform.engine.support.hierarchical.ThrowableCollector.execute(ThrowableCollector.java:73)
	at org.junit.platform.engine.support.hierarchical.NodeTestTask.lambda$executeRecursively$8(NodeTestTask.java:141)
	at org.junit.platform.engine.support.hierarchical.Node.around(Node.java:137)
	at org.junit.platform.engine.support.hierarchical.NodeTestTask.lambda$executeRecursively$9(NodeTestTask.java:139)
	at org.junit.platform.engine.support.hierarchical.ThrowableCollector.execute(ThrowableCollector.java:73)
	at org.junit.platform.engine.support.hierarchical.NodeTestTask.executeRecursively(NodeTestTask.java:138)
	at org.junit.platform.engine.support.hierarchical.NodeTestTask.execute(NodeTestTask.java:95)
	at org.junit.platform.engine.support.hierarchical.SameThreadHierarchicalTestExecutorService.submit(SameThreadHierarchicalTestExecutorService.java:35)
	at org.junit.platform.engine.support.hierarchical.HierarchicalTestExecutor.execute(HierarchicalTestExecutor.java:57)
	at org.junit.platform.engine.support.hierarchical.HierarchicalTestEngine.execute(HierarchicalTestEngine.java:54)
	at org.junit.platform.launcher.core.EngineExecutionOrchestrator.execute(EngineExecutionOrchestrator.java:147)
	at org.junit.platform.launcher.core.EngineExecutionOrchestrator.execute(EngineExecutionOrchestrator.java:127)
	at org.junit.platform.launcher.core.EngineExecutionOrchestrator.execute(EngineExecutionOrchestrator.java:90)
	at org.junit.platform.launcher.core.EngineExecutionOrchestrator.lambda$execute$0(EngineExecutionOrchestrator.java:55)
	at org.junit.platform.launcher.core.EngineExecutionOrchestrator.withInterceptedStreams(EngineExecutionOrchestrator.java:102)
	at org.junit.platform.launcher.core.EngineExecutionOrchestrator.execute(EngineExecutionOrchestrator.java:54)
	at org.junit.platform.launcher.core.DefaultLauncher.execute(DefaultLauncher.java:114)
	at org.junit.platform.launcher.core.DefaultLauncher.execute(DefaultLauncher.java:86)
	at org.junit.platform.launcher.core.DefaultLauncherSession$DelegatingLauncher.execute(DefaultLauncherSession.java:86)
	at org.apache.maven.surefire.junitplatform.LazyLauncher.execute(LazyLauncher.java:50)
	at org.apache.maven.surefire.junitplatform.JUnitPlatformProvider.execute(JUnitPlatformProvider.java:184)
	at org.apache.maven.surefire.junitplatform.JUnitPlatformProvider.invokeAllTests(JUnitPlatformProvider.java:148)
	at org.apache.maven.surefire.junitplatform.JUnitPlatformProvider.invoke(JUnitPlatformProvider.java:122)
	at org.apache.maven.surefire.booter.ForkedBooter.runSuitesInProcess(ForkedBooter.java:385)
	at org.apache.maven.surefire.booter.ForkedBooter.execute(ForkedBooter.java:162)
	at org.apache.maven.surefire.booter.ForkedBooter.run(ForkedBooter.java:507)
	at org.apache.maven.surefire.booter.ForkedBooter.main(ForkedBooter.java:495)
]]></system-err>
  </testcase>
  <testcase name="testCommitTransaction" classname="com.mycompany.kafka.KafkaManagementLibraryTest" time="0.01">
    <error message="Failed to commit transaction: test-transaction" type="java.lang.RuntimeException"><![CDATA[java.lang.RuntimeException: Failed to commit transaction: test-transaction
	at com.mycompany.kafka.manager.SessionManager.commitTransaction(SessionManager.java:138)
	at com.mycompany.kafka.KafkaManagementLibrary.commitTransaction(KafkaManagementLibrary.java:343)
	at com.mycompany.kafka.KafkaManagementLibraryTest.testCommitTransaction(KafkaManagementLibraryTest.java:257)
	at java.base/jdk.internal.reflect.NativeMethodAccessorImpl.invoke0(Native Method)
	at java.base/jdk.internal.reflect.NativeMethodAccessorImpl.invoke(NativeMethodAccessorImpl.java:62)
	at java.base/jdk.internal.reflect.DelegatingMethodAccessorImpl.invoke(DelegatingMethodAccessorImpl.java:43)
	at java.base/java.lang.reflect.Method.invoke(Method.java:567)
	at org.junit.platform.commons.util.ReflectionUtils.invokeMethod(ReflectionUtils.java:727)
	at org.junit.jupiter.engine.execution.MethodInvocation.proceed(MethodInvocation.java:60)
	at org.junit.jupiter.engine.execution.InvocationInterceptorChain$ValidatingInvocation.proceed(InvocationInterceptorChain.java:131)
	at org.junit.jupiter.engine.extension.TimeoutExtension.intercept(TimeoutExtension.java:156)
	at org.junit.jupiter.engine.extension.TimeoutExtension.interceptTestableMethod(TimeoutExtension.java:147)
	at org.junit.jupiter.engine.extension.TimeoutExtension.interceptTestMethod(TimeoutExtension.java:86)
	at org.junit.jupiter.engine.execution.InterceptingExecutableInvoker$ReflectiveInterceptorCall.lambda$ofVoidMethod$0(InterceptingExecutableInvoker.java:103)
	at org.junit.jupiter.engine.execution.InterceptingExecutableInvoker.lambda$invoke$0(InterceptingExecutableInvoker.java:93)
	at org.junit.jupiter.engine.execution.InvocationInterceptorChain$InterceptedInvocation.proceed(InvocationInterceptorChain.java:106)
	at org.junit.jupiter.engine.execution.InvocationInterceptorChain.proceed(InvocationInterceptorChain.java:64)
	at org.junit.jupiter.engine.execution.InvocationInterceptorChain.chainAndInvoke(InvocationInterceptorChain.java:45)
	at org.junit.jupiter.engine.execution.InvocationInterceptorChain.invoke(InvocationInterceptorChain.java:37)
	at org.junit.jupiter.engine.execution.InterceptingExecutableInvoker.invoke(InterceptingExecutableInvoker.java:92)
	at org.junit.jupiter.engine.execution.InterceptingExecutableInvoker.invoke(InterceptingExecutableInvoker.java:86)
	at org.junit.jupiter.engine.descriptor.TestMethodTestDescriptor.lambda$invokeTestMethod$7(TestMethodTestDescriptor.java:217)
	at org.junit.platform.engine.support.hierarchical.ThrowableCollector.execute(ThrowableCollector.java:73)
	at org.junit.jupiter.engine.descriptor.TestMethodTestDescriptor.invokeTestMethod(TestMethodTestDescriptor.java:213)
	at org.junit.jupiter.engine.descriptor.TestMethodTestDescriptor.execute(TestMethodTestDescriptor.java:138)
	at org.junit.jupiter.engine.descriptor.TestMethodTestDescriptor.execute(TestMethodTestDescriptor.java:68)
	at org.junit.platform.engine.support.hierarchical.NodeTestTask.lambda$executeRecursively$6(NodeTestTask.java:151)
	at org.junit.platform.engine.support.hierarchical.ThrowableCollector.execute(ThrowableCollector.java:73)
	at org.junit.platform.engine.support.hierarchical.NodeTestTask.lambda$executeRecursively$8(NodeTestTask.java:141)
	at org.junit.platform.engine.support.hierarchical.Node.around(Node.java:137)
	at org.junit.platform.engine.support.hierarchical.NodeTestTask.lambda$executeRecursively$9(NodeTestTask.java:139)
	at org.junit.platform.engine.support.hierarchical.ThrowableCollector.execute(ThrowableCollector.java:73)
	at org.junit.platform.engine.support.hierarchical.NodeTestTask.executeRecursively(NodeTestTask.java:138)
	at org.junit.platform.engine.support.hierarchical.NodeTestTask.execute(NodeTestTask.java:95)
	at java.base/java.util.ArrayList.forEach(ArrayList.java:1507)
	at org.junit.platform.engine.support.hierarchical.SameThreadHierarchicalTestExecutorService.invokeAll(SameThreadHierarchicalTestExecutorService.java:41)
	at org.junit.platform.engine.support.hierarchical.NodeTestTask.lambda$executeRecursively$6(NodeTestTask.java:155)
	at org.junit.platform.engine.support.hierarchical.ThrowableCollector.execute(ThrowableCollector.java:73)
	at org.junit.platform.engine.support.hierarchical.NodeTestTask.lambda$executeRecursively$8(NodeTestTask.java:141)
	at org.junit.platform.engine.support.hierarchical.Node.around(Node.java:137)
	at org.junit.platform.engine.support.hierarchical.NodeTestTask.lambda$executeRecursively$9(NodeTestTask.java:139)
	at org.junit.platform.engine.support.hierarchical.ThrowableCollector.execute(ThrowableCollector.java:73)
	at org.junit.platform.engine.support.hierarchical.NodeTestTask.executeRecursively(NodeTestTask.java:138)
	at org.junit.platform.engine.support.hierarchical.NodeTestTask.execute(NodeTestTask.java:95)
	at java.base/java.util.ArrayList.forEach(ArrayList.java:1507)
	at org.junit.platform.engine.support.hierarchical.SameThreadHierarchicalTestExecutorService.invokeAll(SameThreadHierarchicalTestExecutorService.java:41)
	at org.junit.platform.engine.support.hierarchical.NodeTestTask.lambda$executeRecursively$6(NodeTestTask.java:155)
	at org.junit.platform.engine.support.hierarchical.ThrowableCollector.execute(ThrowableCollector.java:73)
	at org.junit.platform.engine.support.hierarchical.NodeTestTask.lambda$executeRecursively$8(NodeTestTask.java:141)
	at org.junit.platform.engine.support.hierarchical.Node.around(Node.java:137)
	at org.junit.platform.engine.support.hierarchical.NodeTestTask.lambda$executeRecursively$9(NodeTestTask.java:139)
	at org.junit.platform.engine.support.hierarchical.ThrowableCollector.execute(ThrowableCollector.java:73)
	at org.junit.platform.engine.support.hierarchical.NodeTestTask.executeRecursively(NodeTestTask.java:138)
	at org.junit.platform.engine.support.hierarchical.NodeTestTask.execute(NodeTestTask.java:95)
	at org.junit.platform.engine.support.hierarchical.SameThreadHierarchicalTestExecutorService.submit(SameThreadHierarchicalTestExecutorService.java:35)
	at org.junit.platform.engine.support.hierarchical.HierarchicalTestExecutor.execute(HierarchicalTestExecutor.java:57)
	at org.junit.platform.engine.support.hierarchical.HierarchicalTestEngine.execute(HierarchicalTestEngine.java:54)
	at org.junit.platform.launcher.core.EngineExecutionOrchestrator.execute(EngineExecutionOrchestrator.java:147)
	at org.junit.platform.launcher.core.EngineExecutionOrchestrator.execute(EngineExecutionOrchestrator.java:127)
	at org.junit.platform.launcher.core.EngineExecutionOrchestrator.execute(EngineExecutionOrchestrator.java:90)
	at org.junit.platform.launcher.core.EngineExecutionOrchestrator.lambda$execute$0(EngineExecutionOrchestrator.java:55)
	at org.junit.platform.launcher.core.EngineExecutionOrchestrator.withInterceptedStreams(EngineExecutionOrchestrator.java:102)
	at org.junit.platform.launcher.core.EngineExecutionOrchestrator.execute(EngineExecutionOrchestrator.java:54)
	at org.junit.platform.launcher.core.DefaultLauncher.execute(DefaultLauncher.java:114)
	at org.junit.platform.launcher.core.DefaultLauncher.execute(DefaultLauncher.java:86)
	at org.junit.platform.launcher.core.DefaultLauncherSession$DelegatingLauncher.execute(DefaultLauncherSession.java:86)
	at org.apache.maven.surefire.junitplatform.LazyLauncher.execute(LazyLauncher.java:50)
	at org.apache.maven.surefire.junitplatform.JUnitPlatformProvider.execute(JUnitPlatformProvider.java:184)
	at org.apache.maven.surefire.junitplatform.JUnitPlatformProvider.invokeAllTests(JUnitPlatformProvider.java:148)
	at org.apache.maven.surefire.junitplatform.JUnitPlatformProvider.invoke(JUnitPlatformProvider.java:122)
	at org.apache.maven.surefire.booter.ForkedBooter.runSuitesInProcess(ForkedBooter.java:385)
	at org.apache.maven.surefire.booter.ForkedBooter.execute(ForkedBooter.java:162)
	at org.apache.maven.surefire.booter.ForkedBooter.run(ForkedBooter.java:507)
	at org.apache.maven.surefire.booter.ForkedBooter.main(ForkedBooter.java:495)
Caused by: java.lang.IllegalStateException: No transactional producer found for transaction ID: test-transaction
	at com.mycompany.kafka.manager.SessionManager.commitTransaction(SessionManager.java:131)
	... 73 more
]]></error>
    <system-err><![CDATA[[main] INFO com.mycompany.kafka.KafkaManagementLibrary - Initializing KafkaManagementLibrary
[main] INFO com.mycompany.kafka.factory.ConnectionFactory - Creating Kafka AdminClient with bootstrap servers: localhost:9092
[main] INFO org.apache.kafka.clients.admin.AdminClientConfig - AdminClientConfig values: 
	auto.include.jmx.reporter = true
	bootstrap.servers = [localhost:9092]
	client.dns.lookup = use_all_dns_ips
	client.id = 
	connections.max.idle.ms = 300000
	default.api.timeout.ms = 60000
	metadata.max.age.ms = 300000
	metric.reporters = []
	metrics.num.samples = 2
	metrics.recording.level = INFO
	metrics.sample.window.ms = 30000
	receive.buffer.bytes = 65536
	reconnect.backoff.max.ms = 1000
	reconnect.backoff.ms = 50
	request.timeout.ms = 30000
	retries = 2147483647
	retry.backoff.ms = 100
	sasl.client.callback.handler.class = null
	sasl.jaas.config = null
	sasl.kerberos.kinit.cmd = /usr/bin/kinit
	sasl.kerberos.min.time.before.relogin = 60000
	sasl.kerberos.service.name = null
	sasl.kerberos.ticket.renew.jitter = 0.05
	sasl.kerberos.ticket.renew.window.factor = 0.8
	sasl.login.callback.handler.class = null
	sasl.login.class = null
	sasl.login.connect.timeout.ms = null
	sasl.login.read.timeout.ms = null
	sasl.login.refresh.buffer.seconds = 300
	sasl.login.refresh.min.period.seconds = 60
	sasl.login.refresh.window.factor = 0.8
	sasl.login.refresh.window.jitter = 0.05
	sasl.login.retry.backoff.max.ms = 10000
	sasl.login.retry.backoff.ms = 100
	sasl.mechanism = GSSAPI
	sasl.oauthbearer.clock.skew.seconds = 30
	sasl.oauthbearer.expected.audience = null
	sasl.oauthbearer.expected.issuer = null
	sasl.oauthbearer.jwks.endpoint.refresh.ms = 3600000
	sasl.oauthbearer.jwks.endpoint.retry.backoff.max.ms = 10000
	sasl.oauthbearer.jwks.endpoint.retry.backoff.ms = 100
	sasl.oauthbearer.jwks.endpoint.url = null
	sasl.oauthbearer.scope.claim.name = scope
	sasl.oauthbearer.sub.claim.name = sub
	sasl.oauthbearer.token.endpoint.url = null
	security.protocol = PLAINTEXT
	security.providers = null
	send.buffer.bytes = 131072
	socket.connection.setup.timeout.max.ms = 30000
	socket.connection.setup.timeout.ms = 10000
	ssl.cipher.suites = null
	ssl.enabled.protocols = [TLSv1.2, TLSv1.3]
	ssl.endpoint.identification.algorithm = https
	ssl.engine.factory.class = null
	ssl.key.password = null
	ssl.keymanager.algorithm = SunX509
	ssl.keystore.certificate.chain = null
	ssl.keystore.key = null
	ssl.keystore.location = null
	ssl.keystore.password = null
	ssl.keystore.type = JKS
	ssl.protocol = TLSv1.3
	ssl.provider = null
	ssl.secure.random.implementation = null
	ssl.trustmanager.algorithm = PKIX
	ssl.truststore.certificates = null
	ssl.truststore.location = null
	ssl.truststore.password = null
	ssl.truststore.type = JKS

[main] INFO org.apache.kafka.common.utils.AppInfoParser - Kafka version: 3.5.1
[main] INFO org.apache.kafka.common.utils.AppInfoParser - Kafka commitId: 2c6fb6c54472e90a
[main] INFO org.apache.kafka.common.utils.AppInfoParser - Kafka startTimeMs: 1761089037704
[main] INFO com.mycompany.kafka.factory.ConnectionFactory - Kafka AdminClient created successfully
[main] INFO com.mycompany.kafka.factory.ConnectionFactory - Creating Kafka AdminClient with bootstrap servers: localhost:9092
[main] INFO org.apache.kafka.clients.admin.AdminClientConfig - AdminClientConfig values: 
	auto.include.jmx.reporter = true
	bootstrap.servers = [localhost:9092]
	client.dns.lookup = use_all_dns_ips
	client.id = 
	connections.max.idle.ms = 300000
	default.api.timeout.ms = 60000
	metadata.max.age.ms = 300000
	metric.reporters = []
	metrics.num.samples = 2
	metrics.recording.level = INFO
	metrics.sample.window.ms = 30000
	receive.buffer.bytes = 65536
	reconnect.backoff.max.ms = 1000
	reconnect.backoff.ms = 50
	request.timeout.ms = 30000
	retries = 2147483647
	retry.backoff.ms = 100
	sasl.client.callback.handler.class = null
	sasl.jaas.config = null
	sasl.kerberos.kinit.cmd = /usr/bin/kinit
	sasl.kerberos.min.time.before.relogin = 60000
	sasl.kerberos.service.name = null
	sasl.kerberos.ticket.renew.jitter = 0.05
	sasl.kerberos.ticket.renew.window.factor = 0.8
	sasl.login.callback.handler.class = null
	sasl.login.class = null
	sasl.login.connect.timeout.ms = null
	sasl.login.read.timeout.ms = null
	sasl.login.refresh.buffer.seconds = 300
	sasl.login.refresh.min.period.seconds = 60
	sasl.login.refresh.window.factor = 0.8
	sasl.login.refresh.window.jitter = 0.05
	sasl.login.retry.backoff.max.ms = 10000
	sasl.login.retry.backoff.ms = 100
	sasl.mechanism = GSSAPI
	sasl.oauthbearer.clock.skew.seconds = 30
	sasl.oauthbearer.expected.audience = null
	sasl.oauthbearer.expected.issuer = null
	sasl.oauthbearer.jwks.endpoint.refresh.ms = 3600000
	sasl.oauthbearer.jwks.endpoint.retry.backoff.max.ms = 10000
	sasl.oauthbearer.jwks.endpoint.retry.backoff.ms = 100
	sasl.oauthbearer.jwks.endpoint.url = null
	sasl.oauthbearer.scope.claim.name = scope
	sasl.oauthbearer.sub.claim.name = sub
	sasl.oauthbearer.token.endpoint.url = null
	security.protocol = PLAINTEXT
	security.providers = null
	send.buffer.bytes = 131072
	socket.connection.setup.timeout.max.ms = 30000
	socket.connection.setup.timeout.ms = 10000
	ssl.cipher.suites = null
	ssl.enabled.protocols = [TLSv1.2, TLSv1.3]
	ssl.endpoint.identification.algorithm = https
	ssl.engine.factory.class = null
	ssl.key.password = null
	ssl.keymanager.algorithm = SunX509
	ssl.keystore.certificate.chain = null
	ssl.keystore.key = null
	ssl.keystore.location = null
	ssl.keystore.password = null
	ssl.keystore.type = JKS
	ssl.protocol = TLSv1.3
	ssl.provider = null
	ssl.secure.random.implementation = null
	ssl.trustmanager.algorithm = PKIX
	ssl.truststore.certificates = null
	ssl.truststore.location = null
	ssl.truststore.password = null
	ssl.truststore.type = JKS

[kafka-admin-client-thread | adminclient-19] INFO org.apache.kafka.clients.NetworkClient - [AdminClient clientId=adminclient-19] Node -1 disconnected.
[kafka-admin-client-thread | adminclient-19] WARN org.apache.kafka.clients.NetworkClient - [AdminClient clientId=adminclient-19] Connection to node -1 (localhost/127.0.0.1:9092) could not be established. Broker may not be available.
[main] INFO org.apache.kafka.common.utils.AppInfoParser - Kafka version: 3.5.1
[main] INFO org.apache.kafka.common.utils.AppInfoParser - Kafka commitId: 2c6fb6c54472e90a
[main] INFO org.apache.kafka.common.utils.AppInfoParser - Kafka startTimeMs: 1761089037706
[main] INFO com.mycompany.kafka.factory.ConnectionFactory - Kafka AdminClient created successfully
[main] INFO com.mycompany.kafka.factory.ConnectionFactory - Creating Schema Registry Client with URL: http://localhost:8081
[main] INFO com.mycompany.kafka.factory.ConnectionFactory - Schema Registry Client created successfully
[main] INFO com.mycompany.kafka.KafkaManagementLibrary - KafkaManagementLibrary initialized successfully
[main] INFO com.mycompany.kafka.manager.SessionManager - Committing transaction: test-transaction
[kafka-admin-client-thread | adminclient-20] INFO org.apache.kafka.clients.NetworkClient - [AdminClient clientId=adminclient-20] Node -1 disconnected.
[kafka-admin-client-thread | adminclient-20] WARN org.apache.kafka.clients.NetworkClient - [AdminClient clientId=adminclient-20] Connection to node -1 (localhost/127.0.0.1:9092) could not be established. Broker may not be available.
[main] ERROR com.mycompany.kafka.manager.SessionManager - Failed to commit transaction test-transaction: No transactional producer found for transaction ID: test-transaction
java.lang.IllegalStateException: No transactional producer found for transaction ID: test-transaction
	at com.mycompany.kafka.manager.SessionManager.commitTransaction(SessionManager.java:131)
	at com.mycompany.kafka.KafkaManagementLibrary.commitTransaction(KafkaManagementLibrary.java:343)
	at com.mycompany.kafka.KafkaManagementLibraryTest.testCommitTransaction(KafkaManagementLibraryTest.java:257)
	at java.base/jdk.internal.reflect.NativeMethodAccessorImpl.invoke0(Native Method)
	at java.base/jdk.internal.reflect.NativeMethodAccessorImpl.invoke(NativeMethodAccessorImpl.java:62)
	at java.base/jdk.internal.reflect.DelegatingMethodAccessorImpl.invoke(DelegatingMethodAccessorImpl.java:43)
	at java.base/java.lang.reflect.Method.invoke(Method.java:567)
	at org.junit.platform.commons.util.ReflectionUtils.invokeMethod(ReflectionUtils.java:727)
	at org.junit.jupiter.engine.execution.MethodInvocation.proceed(MethodInvocation.java:60)
	at org.junit.jupiter.engine.execution.InvocationInterceptorChain$ValidatingInvocation.proceed(InvocationInterceptorChain.java:131)
	at org.junit.jupiter.engine.extension.TimeoutExtension.intercept(TimeoutExtension.java:156)
	at org.junit.jupiter.engine.extension.TimeoutExtension.interceptTestableMethod(TimeoutExtension.java:147)
	at org.junit.jupiter.engine.extension.TimeoutExtension.interceptTestMethod(TimeoutExtension.java:86)
	at org.junit.jupiter.engine.execution.InterceptingExecutableInvoker$ReflectiveInterceptorCall.lambda$ofVoidMethod$0(InterceptingExecutableInvoker.java:103)
	at org.junit.jupiter.engine.execution.InterceptingExecutableInvoker.lambda$invoke$0(InterceptingExecutableInvoker.java:93)
	at org.junit.jupiter.engine.execution.InvocationInterceptorChain$InterceptedInvocation.proceed(InvocationInterceptorChain.java:106)
	at org.junit.jupiter.engine.execution.InvocationInterceptorChain.proceed(InvocationInterceptorChain.java:64)
	at org.junit.jupiter.engine.execution.InvocationInterceptorChain.chainAndInvoke(InvocationInterceptorChain.java:45)
	at org.junit.jupiter.engine.execution.InvocationInterceptorChain.invoke(InvocationInterceptorChain.java:37)
	at org.junit.jupiter.engine.execution.InterceptingExecutableInvoker.invoke(InterceptingExecutableInvoker.java:92)
	at org.junit.jupiter.engine.execution.InterceptingExecutableInvoker.invoke(InterceptingExecutableInvoker.java:86)
	at org.junit.jupiter.engine.descriptor.TestMethodTestDescriptor.lambda$invokeTestMethod$7(TestMethodTestDescriptor.java:217)
	at org.junit.platform.engine.support.hierarchical.ThrowableCollector.execute(ThrowableCollector.java:73)
	at org.junit.jupiter.engine.descriptor.TestMethodTestDescriptor.invokeTestMethod(TestMethodTestDescriptor.java:213)
	at org.junit.jupiter.engine.descriptor.TestMethodTestDescriptor.execute(TestMethodTestDescriptor.java:138)
	at org.junit.jupiter.engine.descriptor.TestMethodTestDescriptor.execute(TestMethodTestDescriptor.java:68)
	at org.junit.platform.engine.support.hierarchical.NodeTestTask.lambda$executeRecursively$6(NodeTestTask.java:151)
	at org.junit.platform.engine.support.hierarchical.ThrowableCollector.execute(ThrowableCollector.java:73)
	at org.junit.platform.engine.support.hierarchical.NodeTestTask.lambda$executeRecursively$8(NodeTestTask.java:141)
	at org.junit.platform.engine.support.hierarchical.Node.around(Node.java:137)
	at org.junit.platform.engine.support.hierarchical.NodeTestTask.lambda$executeRecursively$9(NodeTestTask.java:139)
	at org.junit.platform.engine.support.hierarchical.ThrowableCollector.execute(ThrowableCollector.java:73)
	at org.junit.platform.engine.support.hierarchical.NodeTestTask.executeRecursively(NodeTestTask.java:138)
	at org.junit.platform.engine.support.hierarchical.NodeTestTask.execute(NodeTestTask.java:95)
	at java.base/java.util.ArrayList.forEach(ArrayList.java:1507)
	at org.junit.platform.engine.support.hierarchical.SameThreadHierarchicalTestExecutorService.invokeAll(SameThreadHierarchicalTestExecutorService.java:41)
	at org.junit.platform.engine.support.hierarchical.NodeTestTask.lambda$executeRecursively$6(NodeTestTask.java:155)
	at org.junit.platform.engine.support.hierarchical.ThrowableCollector.execute(ThrowableCollector.java:73)
	at org.junit.platform.engine.support.hierarchical.NodeTestTask.lambda$executeRecursively$8(NodeTestTask.java:141)
	at org.junit.platform.engine.support.hierarchical.Node.around(Node.java:137)
	at org.junit.platform.engine.support.hierarchical.NodeTestTask.lambda$executeRecursively$9(NodeTestTask.java:139)
	at org.junit.platform.engine.support.hierarchical.ThrowableCollector.execute(ThrowableCollector.java:73)
	at org.junit.platform.engine.support.hierarchical.NodeTestTask.executeRecursively(NodeTestTask.java:138)
	at org.junit.platform.engine.support.hierarchical.NodeTestTask.execute(NodeTestTask.java:95)
	at java.base/java.util.ArrayList.forEach(ArrayList.java:1507)
	at org.junit.platform.engine.support.hierarchical.SameThreadHierarchicalTestExecutorService.invokeAll(SameThreadHierarchicalTestExecutorService.java:41)
	at org.junit.platform.engine.support.hierarchical.NodeTestTask.lambda$executeRecursively$6(NodeTestTask.java:155)
	at org.junit.platform.engine.support.hierarchical.ThrowableCollector.execute(ThrowableCollector.java:73)
	at org.junit.platform.engine.support.hierarchical.NodeTestTask.lambda$executeRecursively$8(NodeTestTask.java:141)
	at org.junit.platform.engine.support.hierarchical.Node.around(Node.java:137)
	at org.junit.platform.engine.support.hierarchical.NodeTestTask.lambda$executeRecursively$9(NodeTestTask.java:139)
	at org.junit.platform.engine.support.hierarchical.ThrowableCollector.execute(ThrowableCollector.java:73)
	at org.junit.platform.engine.support.hierarchical.NodeTestTask.executeRecursively(NodeTestTask.java:138)
	at org.junit.platform.engine.support.hierarchical.NodeTestTask.execute(NodeTestTask.java:95)
	at org.junit.platform.engine.support.hierarchical.SameThreadHierarchicalTestExecutorService.submit(SameThreadHierarchicalTestExecutorService.java:35)
	at org.junit.platform.engine.support.hierarchical.HierarchicalTestExecutor.execute(HierarchicalTestExecutor.java:57)
	at org.junit.platform.engine.support.hierarchical.HierarchicalTestEngine.execute(HierarchicalTestEngine.java:54)
	at org.junit.platform.launcher.core.EngineExecutionOrchestrator.execute(EngineExecutionOrchestrator.java:147)
	at org.junit.platform.launcher.core.EngineExecutionOrchestrator.execute(EngineExecutionOrchestrator.java:127)
	at org.junit.platform.launcher.core.EngineExecutionOrchestrator.execute(EngineExecutionOrchestrator.java:90)
	at org.junit.platform.launcher.core.EngineExecutionOrchestrator.lambda$execute$0(EngineExecutionOrchestrator.java:55)
	at org.junit.platform.launcher.core.EngineExecutionOrchestrator.withInterceptedStreams(EngineExecutionOrchestrator.java:102)
	at org.junit.platform.launcher.core.EngineExecutionOrchestrator.execute(EngineExecutionOrchestrator.java:54)
	at org.junit.platform.launcher.core.DefaultLauncher.execute(DefaultLauncher.java:114)
	at org.junit.platform.launcher.core.DefaultLauncher.execute(DefaultLauncher.java:86)
	at org.junit.platform.launcher.core.DefaultLauncherSession$DelegatingLauncher.execute(DefaultLauncherSession.java:86)
	at org.apache.maven.surefire.junitplatform.LazyLauncher.execute(LazyLauncher.java:50)
	at org.apache.maven.surefire.junitplatform.JUnitPlatformProvider.execute(JUnitPlatformProvider.java:184)
	at org.apache.maven.surefire.junitplatform.JUnitPlatformProvider.invokeAllTests(JUnitPlatformProvider.java:148)
	at org.apache.maven.surefire.junitplatform.JUnitPlatformProvider.invoke(JUnitPlatformProvider.java:122)
	at org.apache.maven.surefire.booter.ForkedBooter.runSuitesInProcess(ForkedBooter.java:385)
	at org.apache.maven.surefire.booter.ForkedBooter.execute(ForkedBooter.java:162)
	at org.apache.maven.surefire.booter.ForkedBooter.run(ForkedBooter.java:507)
	at org.apache.maven.surefire.booter.ForkedBooter.main(ForkedBooter.java:495)
]]></system-err>
  </testcase>
  <testcase name="testRegisterSchema_WithType" classname="com.mycompany.kafka.KafkaManagementLibraryTest" time="0.006">
    <system-err><![CDATA[[main] INFO com.mycompany.kafka.KafkaManagementLibrary - Initializing KafkaManagementLibrary
[main] INFO com.mycompany.kafka.factory.ConnectionFactory - Creating Kafka AdminClient with bootstrap servers: localhost:9092
[main] INFO org.apache.kafka.clients.admin.AdminClientConfig - AdminClientConfig values: 
	auto.include.jmx.reporter = true
	bootstrap.servers = [localhost:9092]
	client.dns.lookup = use_all_dns_ips
	client.id = 
	connections.max.idle.ms = 300000
	default.api.timeout.ms = 60000
	metadata.max.age.ms = 300000
	metric.reporters = []
	metrics.num.samples = 2
	metrics.recording.level = INFO
	metrics.sample.window.ms = 30000
	receive.buffer.bytes = 65536
	reconnect.backoff.max.ms = 1000
	reconnect.backoff.ms = 50
	request.timeout.ms = 30000
	retries = 2147483647
	retry.backoff.ms = 100
	sasl.client.callback.handler.class = null
	sasl.jaas.config = null
	sasl.kerberos.kinit.cmd = /usr/bin/kinit
	sasl.kerberos.min.time.before.relogin = 60000
	sasl.kerberos.service.name = null
	sasl.kerberos.ticket.renew.jitter = 0.05
	sasl.kerberos.ticket.renew.window.factor = 0.8
	sasl.login.callback.handler.class = null
	sasl.login.class = null
	sasl.login.connect.timeout.ms = null
	sasl.login.read.timeout.ms = null
	sasl.login.refresh.buffer.seconds = 300
	sasl.login.refresh.min.period.seconds = 60
	sasl.login.refresh.window.factor = 0.8
	sasl.login.refresh.window.jitter = 0.05
	sasl.login.retry.backoff.max.ms = 10000
	sasl.login.retry.backoff.ms = 100
	sasl.mechanism = GSSAPI
	sasl.oauthbearer.clock.skew.seconds = 30
	sasl.oauthbearer.expected.audience = null
	sasl.oauthbearer.expected.issuer = null
	sasl.oauthbearer.jwks.endpoint.refresh.ms = 3600000
	sasl.oauthbearer.jwks.endpoint.retry.backoff.max.ms = 10000
	sasl.oauthbearer.jwks.endpoint.retry.backoff.ms = 100
	sasl.oauthbearer.jwks.endpoint.url = null
	sasl.oauthbearer.scope.claim.name = scope
	sasl.oauthbearer.sub.claim.name = sub
	sasl.oauthbearer.token.endpoint.url = null
	security.protocol = PLAINTEXT
	security.providers = null
	send.buffer.bytes = 131072
	socket.connection.setup.timeout.max.ms = 30000
	socket.connection.setup.timeout.ms = 10000
	ssl.cipher.suites = null
	ssl.enabled.protocols = [TLSv1.2, TLSv1.3]
	ssl.endpoint.identification.algorithm = https
	ssl.engine.factory.class = null
	ssl.key.password = null
	ssl.keymanager.algorithm = SunX509
	ssl.keystore.certificate.chain = null
	ssl.keystore.key = null
	ssl.keystore.location = null
	ssl.keystore.password = null
	ssl.keystore.type = JKS
	ssl.protocol = TLSv1.3
	ssl.provider = null
	ssl.secure.random.implementation = null
	ssl.trustmanager.algorithm = PKIX
	ssl.truststore.certificates = null
	ssl.truststore.location = null
	ssl.truststore.password = null
	ssl.truststore.type = JKS

[main] INFO org.apache.kafka.common.utils.AppInfoParser - Kafka version: 3.5.1
[main] INFO org.apache.kafka.common.utils.AppInfoParser - Kafka commitId: 2c6fb6c54472e90a
[main] INFO org.apache.kafka.common.utils.AppInfoParser - Kafka startTimeMs: 1761089037715
[main] INFO com.mycompany.kafka.factory.ConnectionFactory - Kafka AdminClient created successfully
[main] INFO com.mycompany.kafka.factory.ConnectionFactory - Creating Kafka AdminClient with bootstrap servers: localhost:9092
[main] INFO org.apache.kafka.clients.admin.AdminClientConfig - AdminClientConfig values: 
	auto.include.jmx.reporter = true
	bootstrap.servers = [localhost:9092]
	client.dns.lookup = use_all_dns_ips
	client.id = 
	connections.max.idle.ms = 300000
	default.api.timeout.ms = 60000
	metadata.max.age.ms = 300000
	metric.reporters = []
	metrics.num.samples = 2
	metrics.recording.level = INFO
	metrics.sample.window.ms = 30000
	receive.buffer.bytes = 65536
	reconnect.backoff.max.ms = 1000
	reconnect.backoff.ms = 50
	request.timeout.ms = 30000
	retries = 2147483647
	retry.backoff.ms = 100
	sasl.client.callback.handler.class = null
	sasl.jaas.config = null
	sasl.kerberos.kinit.cmd = /usr/bin/kinit
	sasl.kerberos.min.time.before.relogin = 60000
	sasl.kerberos.service.name = null
	sasl.kerberos.ticket.renew.jitter = 0.05
	sasl.kerberos.ticket.renew.window.factor = 0.8
	sasl.login.callback.handler.class = null
	sasl.login.class = null
	sasl.login.connect.timeout.ms = null
	sasl.login.read.timeout.ms = null
	sasl.login.refresh.buffer.seconds = 300
	sasl.login.refresh.min.period.seconds = 60
	sasl.login.refresh.window.factor = 0.8
	sasl.login.refresh.window.jitter = 0.05
	sasl.login.retry.backoff.max.ms = 10000
	sasl.login.retry.backoff.ms = 100
	sasl.mechanism = GSSAPI
	sasl.oauthbearer.clock.skew.seconds = 30
	sasl.oauthbearer.expected.audience = null
	sasl.oauthbearer.expected.issuer = null
	sasl.oauthbearer.jwks.endpoint.refresh.ms = 3600000
	sasl.oauthbearer.jwks.endpoint.retry.backoff.max.ms = 10000
	sasl.oauthbearer.jwks.endpoint.retry.backoff.ms = 100
	sasl.oauthbearer.jwks.endpoint.url = null
	sasl.oauthbearer.scope.claim.name = scope
	sasl.oauthbearer.sub.claim.name = sub
	sasl.oauthbearer.token.endpoint.url = null
	security.protocol = PLAINTEXT
	security.providers = null
	send.buffer.bytes = 131072
	socket.connection.setup.timeout.max.ms = 30000
	socket.connection.setup.timeout.ms = 10000
	ssl.cipher.suites = null
	ssl.enabled.protocols = [TLSv1.2, TLSv1.3]
	ssl.endpoint.identification.algorithm = https
	ssl.engine.factory.class = null
	ssl.key.password = null
	ssl.keymanager.algorithm = SunX509
	ssl.keystore.certificate.chain = null
	ssl.keystore.key = null
	ssl.keystore.location = null
	ssl.keystore.password = null
	ssl.keystore.type = JKS
	ssl.protocol = TLSv1.3
	ssl.provider = null
	ssl.secure.random.implementation = null
	ssl.trustmanager.algorithm = PKIX
	ssl.truststore.certificates = null
	ssl.truststore.location = null
	ssl.truststore.password = null
	ssl.truststore.type = JKS

[kafka-admin-client-thread | adminclient-21] INFO org.apache.kafka.clients.NetworkClient - [AdminClient clientId=adminclient-21] Node -1 disconnected.
[kafka-admin-client-thread | adminclient-21] WARN org.apache.kafka.clients.NetworkClient - [AdminClient clientId=adminclient-21] Connection to node -1 (localhost/127.0.0.1:9092) could not be established. Broker may not be available.
[main] INFO org.apache.kafka.common.utils.AppInfoParser - Kafka version: 3.5.1
[main] INFO org.apache.kafka.common.utils.AppInfoParser - Kafka commitId: 2c6fb6c54472e90a
[main] INFO org.apache.kafka.common.utils.AppInfoParser - Kafka startTimeMs: 1761089037717
[main] INFO com.mycompany.kafka.factory.ConnectionFactory - Kafka AdminClient created successfully
[main] INFO com.mycompany.kafka.factory.ConnectionFactory - Creating Schema Registry Client with URL: http://localhost:8081
[main] INFO com.mycompany.kafka.factory.ConnectionFactory - Schema Registry Client created successfully
[main] INFO com.mycompany.kafka.KafkaManagementLibrary - KafkaManagementLibrary initialized successfully
[main] INFO com.mycompany.kafka.manager.SimpleSchemaManager - Registering schema for subject: test-subject
[main] WARN com.mycompany.kafka.manager.SimpleSchemaManager - Schema registration is not fully implemented due to API changes
[main] INFO com.mycompany.kafka.manager.SimpleSchemaManager - Mock registered schema with ID: 1 for subject: test-subject
[kafka-admin-client-thread | adminclient-22] INFO org.apache.kafka.clients.NetworkClient - [AdminClient clientId=adminclient-22] Node -1 disconnected.
[kafka-admin-client-thread | adminclient-22] WARN org.apache.kafka.clients.NetworkClient - [AdminClient clientId=adminclient-22] Connection to node -1 (localhost/127.0.0.1:9092) could not be established. Broker may not be available.
]]></system-err>
  </testcase>
  <testcase name="testAbortTransaction" classname="com.mycompany.kafka.KafkaManagementLibraryTest" time="0.006">
    <error message="Failed to abort transaction: test-transaction" type="java.lang.RuntimeException"><![CDATA[java.lang.RuntimeException: Failed to abort transaction: test-transaction
	at com.mycompany.kafka.manager.SessionManager.abortTransaction(SessionManager.java:161)
	at com.mycompany.kafka.KafkaManagementLibrary.abortTransaction(KafkaManagementLibrary.java:352)
	at com.mycompany.kafka.KafkaManagementLibraryTest.testAbortTransaction(KafkaManagementLibraryTest.java:269)
	at java.base/jdk.internal.reflect.NativeMethodAccessorImpl.invoke0(Native Method)
	at java.base/jdk.internal.reflect.NativeMethodAccessorImpl.invoke(NativeMethodAccessorImpl.java:62)
	at java.base/jdk.internal.reflect.DelegatingMethodAccessorImpl.invoke(DelegatingMethodAccessorImpl.java:43)
	at java.base/java.lang.reflect.Method.invoke(Method.java:567)
	at org.junit.platform.commons.util.ReflectionUtils.invokeMethod(ReflectionUtils.java:727)
	at org.junit.jupiter.engine.execution.MethodInvocation.proceed(MethodInvocation.java:60)
	at org.junit.jupiter.engine.execution.InvocationInterceptorChain$ValidatingInvocation.proceed(InvocationInterceptorChain.java:131)
	at org.junit.jupiter.engine.extension.TimeoutExtension.intercept(TimeoutExtension.java:156)
	at org.junit.jupiter.engine.extension.TimeoutExtension.interceptTestableMethod(TimeoutExtension.java:147)
	at org.junit.jupiter.engine.extension.TimeoutExtension.interceptTestMethod(TimeoutExtension.java:86)
	at org.junit.jupiter.engine.execution.InterceptingExecutableInvoker$ReflectiveInterceptorCall.lambda$ofVoidMethod$0(InterceptingExecutableInvoker.java:103)
	at org.junit.jupiter.engine.execution.InterceptingExecutableInvoker.lambda$invoke$0(InterceptingExecutableInvoker.java:93)
	at org.junit.jupiter.engine.execution.InvocationInterceptorChain$InterceptedInvocation.proceed(InvocationInterceptorChain.java:106)
	at org.junit.jupiter.engine.execution.InvocationInterceptorChain.proceed(InvocationInterceptorChain.java:64)
	at org.junit.jupiter.engine.execution.InvocationInterceptorChain.chainAndInvoke(InvocationInterceptorChain.java:45)
	at org.junit.jupiter.engine.execution.InvocationInterceptorChain.invoke(InvocationInterceptorChain.java:37)
	at org.junit.jupiter.engine.execution.InterceptingExecutableInvoker.invoke(InterceptingExecutableInvoker.java:92)
	at org.junit.jupiter.engine.execution.InterceptingExecutableInvoker.invoke(InterceptingExecutableInvoker.java:86)
	at org.junit.jupiter.engine.descriptor.TestMethodTestDescriptor.lambda$invokeTestMethod$7(TestMethodTestDescriptor.java:217)
	at org.junit.platform.engine.support.hierarchical.ThrowableCollector.execute(ThrowableCollector.java:73)
	at org.junit.jupiter.engine.descriptor.TestMethodTestDescriptor.invokeTestMethod(TestMethodTestDescriptor.java:213)
	at org.junit.jupiter.engine.descriptor.TestMethodTestDescriptor.execute(TestMethodTestDescriptor.java:138)
	at org.junit.jupiter.engine.descriptor.TestMethodTestDescriptor.execute(TestMethodTestDescriptor.java:68)
	at org.junit.platform.engine.support.hierarchical.NodeTestTask.lambda$executeRecursively$6(NodeTestTask.java:151)
	at org.junit.platform.engine.support.hierarchical.ThrowableCollector.execute(ThrowableCollector.java:73)
	at org.junit.platform.engine.support.hierarchical.NodeTestTask.lambda$executeRecursively$8(NodeTestTask.java:141)
	at org.junit.platform.engine.support.hierarchical.Node.around(Node.java:137)
	at org.junit.platform.engine.support.hierarchical.NodeTestTask.lambda$executeRecursively$9(NodeTestTask.java:139)
	at org.junit.platform.engine.support.hierarchical.ThrowableCollector.execute(ThrowableCollector.java:73)
	at org.junit.platform.engine.support.hierarchical.NodeTestTask.executeRecursively(NodeTestTask.java:138)
	at org.junit.platform.engine.support.hierarchical.NodeTestTask.execute(NodeTestTask.java:95)
	at java.base/java.util.ArrayList.forEach(ArrayList.java:1507)
	at org.junit.platform.engine.support.hierarchical.SameThreadHierarchicalTestExecutorService.invokeAll(SameThreadHierarchicalTestExecutorService.java:41)
	at org.junit.platform.engine.support.hierarchical.NodeTestTask.lambda$executeRecursively$6(NodeTestTask.java:155)
	at org.junit.platform.engine.support.hierarchical.ThrowableCollector.execute(ThrowableCollector.java:73)
	at org.junit.platform.engine.support.hierarchical.NodeTestTask.lambda$executeRecursively$8(NodeTestTask.java:141)
	at org.junit.platform.engine.support.hierarchical.Node.around(Node.java:137)
	at org.junit.platform.engine.support.hierarchical.NodeTestTask.lambda$executeRecursively$9(NodeTestTask.java:139)
	at org.junit.platform.engine.support.hierarchical.ThrowableCollector.execute(ThrowableCollector.java:73)
	at org.junit.platform.engine.support.hierarchical.NodeTestTask.executeRecursively(NodeTestTask.java:138)
	at org.junit.platform.engine.support.hierarchical.NodeTestTask.execute(NodeTestTask.java:95)
	at java.base/java.util.ArrayList.forEach(ArrayList.java:1507)
	at org.junit.platform.engine.support.hierarchical.SameThreadHierarchicalTestExecutorService.invokeAll(SameThreadHierarchicalTestExecutorService.java:41)
	at org.junit.platform.engine.support.hierarchical.NodeTestTask.lambda$executeRecursively$6(NodeTestTask.java:155)
	at org.junit.platform.engine.support.hierarchical.ThrowableCollector.execute(ThrowableCollector.java:73)
	at org.junit.platform.engine.support.hierarchical.NodeTestTask.lambda$executeRecursively$8(NodeTestTask.java:141)
	at org.junit.platform.engine.support.hierarchical.Node.around(Node.java:137)
	at org.junit.platform.engine.support.hierarchical.NodeTestTask.lambda$executeRecursively$9(NodeTestTask.java:139)
	at org.junit.platform.engine.support.hierarchical.ThrowableCollector.execute(ThrowableCollector.java:73)
	at org.junit.platform.engine.support.hierarchical.NodeTestTask.executeRecursively(NodeTestTask.java:138)
	at org.junit.platform.engine.support.hierarchical.NodeTestTask.execute(NodeTestTask.java:95)
	at org.junit.platform.engine.support.hierarchical.SameThreadHierarchicalTestExecutorService.submit(SameThreadHierarchicalTestExecutorService.java:35)
	at org.junit.platform.engine.support.hierarchical.HierarchicalTestExecutor.execute(HierarchicalTestExecutor.java:57)
	at org.junit.platform.engine.support.hierarchical.HierarchicalTestEngine.execute(HierarchicalTestEngine.java:54)
	at org.junit.platform.launcher.core.EngineExecutionOrchestrator.execute(EngineExecutionOrchestrator.java:147)
	at org.junit.platform.launcher.core.EngineExecutionOrchestrator.execute(EngineExecutionOrchestrator.java:127)
	at org.junit.platform.launcher.core.EngineExecutionOrchestrator.execute(EngineExecutionOrchestrator.java:90)
	at org.junit.platform.launcher.core.EngineExecutionOrchestrator.lambda$execute$0(EngineExecutionOrchestrator.java:55)
	at org.junit.platform.launcher.core.EngineExecutionOrchestrator.withInterceptedStreams(EngineExecutionOrchestrator.java:102)
	at org.junit.platform.launcher.core.EngineExecutionOrchestrator.execute(EngineExecutionOrchestrator.java:54)
	at org.junit.platform.launcher.core.DefaultLauncher.execute(DefaultLauncher.java:114)
	at org.junit.platform.launcher.core.DefaultLauncher.execute(DefaultLauncher.java:86)
	at org.junit.platform.launcher.core.DefaultLauncherSession$DelegatingLauncher.execute(DefaultLauncherSession.java:86)
	at org.apache.maven.surefire.junitplatform.LazyLauncher.execute(LazyLauncher.java:50)
	at org.apache.maven.surefire.junitplatform.JUnitPlatformProvider.execute(JUnitPlatformProvider.java:184)
	at org.apache.maven.surefire.junitplatform.JUnitPlatformProvider.invokeAllTests(JUnitPlatformProvider.java:148)
	at org.apache.maven.surefire.junitplatform.JUnitPlatformProvider.invoke(JUnitPlatformProvider.java:122)
	at org.apache.maven.surefire.booter.ForkedBooter.runSuitesInProcess(ForkedBooter.java:385)
	at org.apache.maven.surefire.booter.ForkedBooter.execute(ForkedBooter.java:162)
	at org.apache.maven.surefire.booter.ForkedBooter.run(ForkedBooter.java:507)
	at org.apache.maven.surefire.booter.ForkedBooter.main(ForkedBooter.java:495)
Caused by: java.lang.IllegalStateException: No transactional producer found for transaction ID: test-transaction
	at com.mycompany.kafka.manager.SessionManager.abortTransaction(SessionManager.java:154)
	... 73 more
]]></error>
    <system-err><![CDATA[[main] INFO com.mycompany.kafka.KafkaManagementLibrary - Initializing KafkaManagementLibrary
[main] INFO com.mycompany.kafka.factory.ConnectionFactory - Creating Kafka AdminClient with bootstrap servers: localhost:9092
[main] INFO org.apache.kafka.clients.admin.AdminClientConfig - AdminClientConfig values: 
	auto.include.jmx.reporter = true
	bootstrap.servers = [localhost:9092]
	client.dns.lookup = use_all_dns_ips
	client.id = 
	connections.max.idle.ms = 300000
	default.api.timeout.ms = 60000
	metadata.max.age.ms = 300000
	metric.reporters = []
	metrics.num.samples = 2
	metrics.recording.level = INFO
	metrics.sample.window.ms = 30000
	receive.buffer.bytes = 65536
	reconnect.backoff.max.ms = 1000
	reconnect.backoff.ms = 50
	request.timeout.ms = 30000
	retries = 2147483647
	retry.backoff.ms = 100
	sasl.client.callback.handler.class = null
	sasl.jaas.config = null
	sasl.kerberos.kinit.cmd = /usr/bin/kinit
	sasl.kerberos.min.time.before.relogin = 60000
	sasl.kerberos.service.name = null
	sasl.kerberos.ticket.renew.jitter = 0.05
	sasl.kerberos.ticket.renew.window.factor = 0.8
	sasl.login.callback.handler.class = null
	sasl.login.class = null
	sasl.login.connect.timeout.ms = null
	sasl.login.read.timeout.ms = null
	sasl.login.refresh.buffer.seconds = 300
	sasl.login.refresh.min.period.seconds = 60
	sasl.login.refresh.window.factor = 0.8
	sasl.login.refresh.window.jitter = 0.05
	sasl.login.retry.backoff.max.ms = 10000
	sasl.login.retry.backoff.ms = 100
	sasl.mechanism = GSSAPI
	sasl.oauthbearer.clock.skew.seconds = 30
	sasl.oauthbearer.expected.audience = null
	sasl.oauthbearer.expected.issuer = null
	sasl.oauthbearer.jwks.endpoint.refresh.ms = 3600000
	sasl.oauthbearer.jwks.endpoint.retry.backoff.max.ms = 10000
	sasl.oauthbearer.jwks.endpoint.retry.backoff.ms = 100
	sasl.oauthbearer.jwks.endpoint.url = null
	sasl.oauthbearer.scope.claim.name = scope
	sasl.oauthbearer.sub.claim.name = sub
	sasl.oauthbearer.token.endpoint.url = null
	security.protocol = PLAINTEXT
	security.providers = null
	send.buffer.bytes = 131072
	socket.connection.setup.timeout.max.ms = 30000
	socket.connection.setup.timeout.ms = 10000
	ssl.cipher.suites = null
	ssl.enabled.protocols = [TLSv1.2, TLSv1.3]
	ssl.endpoint.identification.algorithm = https
	ssl.engine.factory.class = null
	ssl.key.password = null
	ssl.keymanager.algorithm = SunX509
	ssl.keystore.certificate.chain = null
	ssl.keystore.key = null
	ssl.keystore.location = null
	ssl.keystore.password = null
	ssl.keystore.type = JKS
	ssl.protocol = TLSv1.3
	ssl.provider = null
	ssl.secure.random.implementation = null
	ssl.trustmanager.algorithm = PKIX
	ssl.truststore.certificates = null
	ssl.truststore.location = null
	ssl.truststore.password = null
	ssl.truststore.type = JKS

[main] INFO org.apache.kafka.common.utils.AppInfoParser - Kafka version: 3.5.1
[main] INFO org.apache.kafka.common.utils.AppInfoParser - Kafka commitId: 2c6fb6c54472e90a
[main] INFO org.apache.kafka.common.utils.AppInfoParser - Kafka startTimeMs: 1761089037721
[main] INFO com.mycompany.kafka.factory.ConnectionFactory - Kafka AdminClient created successfully
[main] INFO com.mycompany.kafka.factory.ConnectionFactory - Creating Kafka AdminClient with bootstrap servers: localhost:9092
[main] INFO org.apache.kafka.clients.admin.AdminClientConfig - AdminClientConfig values: 
	auto.include.jmx.reporter = true
	bootstrap.servers = [localhost:9092]
	client.dns.lookup = use_all_dns_ips
	client.id = 
	connections.max.idle.ms = 300000
	default.api.timeout.ms = 60000
	metadata.max.age.ms = 300000
	metric.reporters = []
	metrics.num.samples = 2
	metrics.recording.level = INFO
	metrics.sample.window.ms = 30000
	receive.buffer.bytes = 65536
	reconnect.backoff.max.ms = 1000
	reconnect.backoff.ms = 50
	request.timeout.ms = 30000
	retries = 2147483647
	retry.backoff.ms = 100
	sasl.client.callback.handler.class = null
	sasl.jaas.config = null
	sasl.kerberos.kinit.cmd = /usr/bin/kinit
	sasl.kerberos.min.time.before.relogin = 60000
	sasl.kerberos.service.name = null
	sasl.kerberos.ticket.renew.jitter = 0.05
	sasl.kerberos.ticket.renew.window.factor = 0.8
	sasl.login.callback.handler.class = null
	sasl.login.class = null
	sasl.login.connect.timeout.ms = null
	sasl.login.read.timeout.ms = null
	sasl.login.refresh.buffer.seconds = 300
	sasl.login.refresh.min.period.seconds = 60
	sasl.login.refresh.window.factor = 0.8
	sasl.login.refresh.window.jitter = 0.05
	sasl.login.retry.backoff.max.ms = 10000
	sasl.login.retry.backoff.ms = 100
	sasl.mechanism = GSSAPI
	sasl.oauthbearer.clock.skew.seconds = 30
	sasl.oauthbearer.expected.audience = null
	sasl.oauthbearer.expected.issuer = null
	sasl.oauthbearer.jwks.endpoint.refresh.ms = 3600000
	sasl.oauthbearer.jwks.endpoint.retry.backoff.max.ms = 10000
	sasl.oauthbearer.jwks.endpoint.retry.backoff.ms = 100
	sasl.oauthbearer.jwks.endpoint.url = null
	sasl.oauthbearer.scope.claim.name = scope
	sasl.oauthbearer.sub.claim.name = sub
	sasl.oauthbearer.token.endpoint.url = null
	security.protocol = PLAINTEXT
	security.providers = null
	send.buffer.bytes = 131072
	socket.connection.setup.timeout.max.ms = 30000
	socket.connection.setup.timeout.ms = 10000
	ssl.cipher.suites = null
	ssl.enabled.protocols = [TLSv1.2, TLSv1.3]
	ssl.endpoint.identification.algorithm = https
	ssl.engine.factory.class = null
	ssl.key.password = null
	ssl.keymanager.algorithm = SunX509
	ssl.keystore.certificate.chain = null
	ssl.keystore.key = null
	ssl.keystore.location = null
	ssl.keystore.password = null
	ssl.keystore.type = JKS
	ssl.protocol = TLSv1.3
	ssl.provider = null
	ssl.secure.random.implementation = null
	ssl.trustmanager.algorithm = PKIX
	ssl.truststore.certificates = null
	ssl.truststore.location = null
	ssl.truststore.password = null
	ssl.truststore.type = JKS

[kafka-admin-client-thread | adminclient-23] INFO org.apache.kafka.clients.NetworkClient - [AdminClient clientId=adminclient-23] Node -1 disconnected.
[kafka-admin-client-thread | adminclient-23] WARN org.apache.kafka.clients.NetworkClient - [AdminClient clientId=adminclient-23] Connection to node -1 (localhost/127.0.0.1:9092) could not be established. Broker may not be available.
[main] INFO org.apache.kafka.common.utils.AppInfoParser - Kafka version: 3.5.1
[main] INFO org.apache.kafka.common.utils.AppInfoParser - Kafka commitId: 2c6fb6c54472e90a
[main] INFO org.apache.kafka.common.utils.AppInfoParser - Kafka startTimeMs: 1761089037723
[main] INFO com.mycompany.kafka.factory.ConnectionFactory - Kafka AdminClient created successfully
[main] INFO com.mycompany.kafka.factory.ConnectionFactory - Creating Schema Registry Client with URL: http://localhost:8081
[main] INFO com.mycompany.kafka.factory.ConnectionFactory - Schema Registry Client created successfully
[main] INFO com.mycompany.kafka.KafkaManagementLibrary - KafkaManagementLibrary initialized successfully
[kafka-admin-client-thread | adminclient-24] INFO org.apache.kafka.clients.NetworkClient - [AdminClient clientId=adminclient-24] Node -1 disconnected.
[kafka-admin-client-thread | adminclient-24] WARN org.apache.kafka.clients.NetworkClient - [AdminClient clientId=adminclient-24] Connection to node -1 (localhost/127.0.0.1:9092) could not be established. Broker may not be available.
[main] INFO com.mycompany.kafka.manager.SessionManager - Aborting transaction: test-transaction
[main] ERROR com.mycompany.kafka.manager.SessionManager - Failed to abort transaction test-transaction: No transactional producer found for transaction ID: test-transaction
java.lang.IllegalStateException: No transactional producer found for transaction ID: test-transaction
	at com.mycompany.kafka.manager.SessionManager.abortTransaction(SessionManager.java:154)
	at com.mycompany.kafka.KafkaManagementLibrary.abortTransaction(KafkaManagementLibrary.java:352)
	at com.mycompany.kafka.KafkaManagementLibraryTest.testAbortTransaction(KafkaManagementLibraryTest.java:269)
	at java.base/jdk.internal.reflect.NativeMethodAccessorImpl.invoke0(Native Method)
	at java.base/jdk.internal.reflect.NativeMethodAccessorImpl.invoke(NativeMethodAccessorImpl.java:62)
	at java.base/jdk.internal.reflect.DelegatingMethodAccessorImpl.invoke(DelegatingMethodAccessorImpl.java:43)
	at java.base/java.lang.reflect.Method.invoke(Method.java:567)
	at org.junit.platform.commons.util.ReflectionUtils.invokeMethod(ReflectionUtils.java:727)
	at org.junit.jupiter.engine.execution.MethodInvocation.proceed(MethodInvocation.java:60)
	at org.junit.jupiter.engine.execution.InvocationInterceptorChain$ValidatingInvocation.proceed(InvocationInterceptorChain.java:131)
	at org.junit.jupiter.engine.extension.TimeoutExtension.intercept(TimeoutExtension.java:156)
	at org.junit.jupiter.engine.extension.TimeoutExtension.interceptTestableMethod(TimeoutExtension.java:147)
	at org.junit.jupiter.engine.extension.TimeoutExtension.interceptTestMethod(TimeoutExtension.java:86)
	at org.junit.jupiter.engine.execution.InterceptingExecutableInvoker$ReflectiveInterceptorCall.lambda$ofVoidMethod$0(InterceptingExecutableInvoker.java:103)
	at org.junit.jupiter.engine.execution.InterceptingExecutableInvoker.lambda$invoke$0(InterceptingExecutableInvoker.java:93)
	at org.junit.jupiter.engine.execution.InvocationInterceptorChain$InterceptedInvocation.proceed(InvocationInterceptorChain.java:106)
	at org.junit.jupiter.engine.execution.InvocationInterceptorChain.proceed(InvocationInterceptorChain.java:64)
	at org.junit.jupiter.engine.execution.InvocationInterceptorChain.chainAndInvoke(InvocationInterceptorChain.java:45)
	at org.junit.jupiter.engine.execution.InvocationInterceptorChain.invoke(InvocationInterceptorChain.java:37)
	at org.junit.jupiter.engine.execution.InterceptingExecutableInvoker.invoke(InterceptingExecutableInvoker.java:92)
	at org.junit.jupiter.engine.execution.InterceptingExecutableInvoker.invoke(InterceptingExecutableInvoker.java:86)
	at org.junit.jupiter.engine.descriptor.TestMethodTestDescriptor.lambda$invokeTestMethod$7(TestMethodTestDescriptor.java:217)
	at org.junit.platform.engine.support.hierarchical.ThrowableCollector.execute(ThrowableCollector.java:73)
	at org.junit.jupiter.engine.descriptor.TestMethodTestDescriptor.invokeTestMethod(TestMethodTestDescriptor.java:213)
	at org.junit.jupiter.engine.descriptor.TestMethodTestDescriptor.execute(TestMethodTestDescriptor.java:138)
	at org.junit.jupiter.engine.descriptor.TestMethodTestDescriptor.execute(TestMethodTestDescriptor.java:68)
	at org.junit.platform.engine.support.hierarchical.NodeTestTask.lambda$executeRecursively$6(NodeTestTask.java:151)
	at org.junit.platform.engine.support.hierarchical.ThrowableCollector.execute(ThrowableCollector.java:73)
	at org.junit.platform.engine.support.hierarchical.NodeTestTask.lambda$executeRecursively$8(NodeTestTask.java:141)
	at org.junit.platform.engine.support.hierarchical.Node.around(Node.java:137)
	at org.junit.platform.engine.support.hierarchical.NodeTestTask.lambda$executeRecursively$9(NodeTestTask.java:139)
	at org.junit.platform.engine.support.hierarchical.ThrowableCollector.execute(ThrowableCollector.java:73)
	at org.junit.platform.engine.support.hierarchical.NodeTestTask.executeRecursively(NodeTestTask.java:138)
	at org.junit.platform.engine.support.hierarchical.NodeTestTask.execute(NodeTestTask.java:95)
	at java.base/java.util.ArrayList.forEach(ArrayList.java:1507)
	at org.junit.platform.engine.support.hierarchical.SameThreadHierarchicalTestExecutorService.invokeAll(SameThreadHierarchicalTestExecutorService.java:41)
	at org.junit.platform.engine.support.hierarchical.NodeTestTask.lambda$executeRecursively$6(NodeTestTask.java:155)
	at org.junit.platform.engine.support.hierarchical.ThrowableCollector.execute(ThrowableCollector.java:73)
	at org.junit.platform.engine.support.hierarchical.NodeTestTask.lambda$executeRecursively$8(NodeTestTask.java:141)
	at org.junit.platform.engine.support.hierarchical.Node.around(Node.java:137)
	at org.junit.platform.engine.support.hierarchical.NodeTestTask.lambda$executeRecursively$9(NodeTestTask.java:139)
	at org.junit.platform.engine.support.hierarchical.ThrowableCollector.execute(ThrowableCollector.java:73)
	at org.junit.platform.engine.support.hierarchical.NodeTestTask.executeRecursively(NodeTestTask.java:138)
	at org.junit.platform.engine.support.hierarchical.NodeTestTask.execute(NodeTestTask.java:95)
	at java.base/java.util.ArrayList.forEach(ArrayList.java:1507)
	at org.junit.platform.engine.support.hierarchical.SameThreadHierarchicalTestExecutorService.invokeAll(SameThreadHierarchicalTestExecutorService.java:41)
	at org.junit.platform.engine.support.hierarchical.NodeTestTask.lambda$executeRecursively$6(NodeTestTask.java:155)
	at org.junit.platform.engine.support.hierarchical.ThrowableCollector.execute(ThrowableCollector.java:73)
	at org.junit.platform.engine.support.hierarchical.NodeTestTask.lambda$executeRecursively$8(NodeTestTask.java:141)
	at org.junit.platform.engine.support.hierarchical.Node.around(Node.java:137)
	at org.junit.platform.engine.support.hierarchical.NodeTestTask.lambda$executeRecursively$9(NodeTestTask.java:139)
	at org.junit.platform.engine.support.hierarchical.ThrowableCollector.execute(ThrowableCollector.java:73)
	at org.junit.platform.engine.support.hierarchical.NodeTestTask.executeRecursively(NodeTestTask.java:138)
	at org.junit.platform.engine.support.hierarchical.NodeTestTask.execute(NodeTestTask.java:95)
	at org.junit.platform.engine.support.hierarchical.SameThreadHierarchicalTestExecutorService.submit(SameThreadHierarchicalTestExecutorService.java:35)
	at org.junit.platform.engine.support.hierarchical.HierarchicalTestExecutor.execute(HierarchicalTestExecutor.java:57)
	at org.junit.platform.engine.support.hierarchical.HierarchicalTestEngine.execute(HierarchicalTestEngine.java:54)
	at org.junit.platform.launcher.core.EngineExecutionOrchestrator.execute(EngineExecutionOrchestrator.java:147)
	at org.junit.platform.launcher.core.EngineExecutionOrchestrator.execute(EngineExecutionOrchestrator.java:127)
	at org.junit.platform.launcher.core.EngineExecutionOrchestrator.execute(EngineExecutionOrchestrator.java:90)
	at org.junit.platform.launcher.core.EngineExecutionOrchestrator.lambda$execute$0(EngineExecutionOrchestrator.java:55)
	at org.junit.platform.launcher.core.EngineExecutionOrchestrator.withInterceptedStreams(EngineExecutionOrchestrator.java:102)
	at org.junit.platform.launcher.core.EngineExecutionOrchestrator.execute(EngineExecutionOrchestrator.java:54)
	at org.junit.platform.launcher.core.DefaultLauncher.execute(DefaultLauncher.java:114)
	at org.junit.platform.launcher.core.DefaultLauncher.execute(DefaultLauncher.java:86)
	at org.junit.platform.launcher.core.DefaultLauncherSession$DelegatingLauncher.execute(DefaultLauncherSession.java:86)
	at org.apache.maven.surefire.junitplatform.LazyLauncher.execute(LazyLauncher.java:50)
	at org.apache.maven.surefire.junitplatform.JUnitPlatformProvider.execute(JUnitPlatformProvider.java:184)
	at org.apache.maven.surefire.junitplatform.JUnitPlatformProvider.invokeAllTests(JUnitPlatformProvider.java:148)
	at org.apache.maven.surefire.junitplatform.JUnitPlatformProvider.invoke(JUnitPlatformProvider.java:122)
	at org.apache.maven.surefire.booter.ForkedBooter.runSuitesInProcess(ForkedBooter.java:385)
	at org.apache.maven.surefire.booter.ForkedBooter.execute(ForkedBooter.java:162)
	at org.apache.maven.surefire.booter.ForkedBooter.run(ForkedBooter.java:507)
	at org.apache.maven.surefire.booter.ForkedBooter.main(ForkedBooter.java:495)
]]></system-err>
  </testcase>
  <testcase name="testCreateTransactionalConsumer" classname="com.mycompany.kafka.KafkaManagementLibraryTest" time="0.051">
    <system-err><![CDATA[[main] INFO com.mycompany.kafka.KafkaManagementLibrary - Initializing KafkaManagementLibrary
[main] INFO com.mycompany.kafka.factory.ConnectionFactory - Creating Kafka AdminClient with bootstrap servers: localhost:9092
[main] INFO org.apache.kafka.clients.admin.AdminClientConfig - AdminClientConfig values: 
	auto.include.jmx.reporter = true
	bootstrap.servers = [localhost:9092]
	client.dns.lookup = use_all_dns_ips
	client.id = 
	connections.max.idle.ms = 300000
	default.api.timeout.ms = 60000
	metadata.max.age.ms = 300000
	metric.reporters = []
	metrics.num.samples = 2
	metrics.recording.level = INFO
	metrics.sample.window.ms = 30000
	receive.buffer.bytes = 65536
	reconnect.backoff.max.ms = 1000
	reconnect.backoff.ms = 50
	request.timeout.ms = 30000
	retries = 2147483647
	retry.backoff.ms = 100
	sasl.client.callback.handler.class = null
	sasl.jaas.config = null
	sasl.kerberos.kinit.cmd = /usr/bin/kinit
	sasl.kerberos.min.time.before.relogin = 60000
	sasl.kerberos.service.name = null
	sasl.kerberos.ticket.renew.jitter = 0.05
	sasl.kerberos.ticket.renew.window.factor = 0.8
	sasl.login.callback.handler.class = null
	sasl.login.class = null
	sasl.login.connect.timeout.ms = null
	sasl.login.read.timeout.ms = null
	sasl.login.refresh.buffer.seconds = 300
	sasl.login.refresh.min.period.seconds = 60
	sasl.login.refresh.window.factor = 0.8
	sasl.login.refresh.window.jitter = 0.05
	sasl.login.retry.backoff.max.ms = 10000
	sasl.login.retry.backoff.ms = 100
	sasl.mechanism = GSSAPI
	sasl.oauthbearer.clock.skew.seconds = 30
	sasl.oauthbearer.expected.audience = null
	sasl.oauthbearer.expected.issuer = null
	sasl.oauthbearer.jwks.endpoint.refresh.ms = 3600000
	sasl.oauthbearer.jwks.endpoint.retry.backoff.max.ms = 10000
	sasl.oauthbearer.jwks.endpoint.retry.backoff.ms = 100
	sasl.oauthbearer.jwks.endpoint.url = null
	sasl.oauthbearer.scope.claim.name = scope
	sasl.oauthbearer.sub.claim.name = sub
	sasl.oauthbearer.token.endpoint.url = null
	security.protocol = PLAINTEXT
	security.providers = null
	send.buffer.bytes = 131072
	socket.connection.setup.timeout.max.ms = 30000
	socket.connection.setup.timeout.ms = 10000
	ssl.cipher.suites = null
	ssl.enabled.protocols = [TLSv1.2, TLSv1.3]
	ssl.endpoint.identification.algorithm = https
	ssl.engine.factory.class = null
	ssl.key.password = null
	ssl.keymanager.algorithm = SunX509
	ssl.keystore.certificate.chain = null
	ssl.keystore.key = null
	ssl.keystore.location = null
	ssl.keystore.password = null
	ssl.keystore.type = JKS
	ssl.protocol = TLSv1.3
	ssl.provider = null
	ssl.secure.random.implementation = null
	ssl.trustmanager.algorithm = PKIX
	ssl.truststore.certificates = null
	ssl.truststore.location = null
	ssl.truststore.password = null
	ssl.truststore.type = JKS

[main] INFO org.apache.kafka.common.utils.AppInfoParser - Kafka version: 3.5.1
[main] INFO org.apache.kafka.common.utils.AppInfoParser - Kafka commitId: 2c6fb6c54472e90a
[main] INFO org.apache.kafka.common.utils.AppInfoParser - Kafka startTimeMs: 1761089037728
[main] INFO com.mycompany.kafka.factory.ConnectionFactory - Kafka AdminClient created successfully
[main] INFO com.mycompany.kafka.factory.ConnectionFactory - Creating Kafka AdminClient with bootstrap servers: localhost:9092
[main] INFO org.apache.kafka.clients.admin.AdminClientConfig - AdminClientConfig values: 
	auto.include.jmx.reporter = true
	bootstrap.servers = [localhost:9092]
	client.dns.lookup = use_all_dns_ips
	client.id = 
	connections.max.idle.ms = 300000
	default.api.timeout.ms = 60000
	metadata.max.age.ms = 300000
	metric.reporters = []
	metrics.num.samples = 2
	metrics.recording.level = INFO
	metrics.sample.window.ms = 30000
	receive.buffer.bytes = 65536
	reconnect.backoff.max.ms = 1000
	reconnect.backoff.ms = 50
	request.timeout.ms = 30000
	retries = 2147483647
	retry.backoff.ms = 100
	sasl.client.callback.handler.class = null
	sasl.jaas.config = null
	sasl.kerberos.kinit.cmd = /usr/bin/kinit
	sasl.kerberos.min.time.before.relogin = 60000
	sasl.kerberos.service.name = null
	sasl.kerberos.ticket.renew.jitter = 0.05
	sasl.kerberos.ticket.renew.window.factor = 0.8
	sasl.login.callback.handler.class = null
	sasl.login.class = null
	sasl.login.connect.timeout.ms = null
	sasl.login.read.timeout.ms = null
	sasl.login.refresh.buffer.seconds = 300
	sasl.login.refresh.min.period.seconds = 60
	sasl.login.refresh.window.factor = 0.8
	sasl.login.refresh.window.jitter = 0.05
	sasl.login.retry.backoff.max.ms = 10000
	sasl.login.retry.backoff.ms = 100
	sasl.mechanism = GSSAPI
	sasl.oauthbearer.clock.skew.seconds = 30
	sasl.oauthbearer.expected.audience = null
	sasl.oauthbearer.expected.issuer = null
	sasl.oauthbearer.jwks.endpoint.refresh.ms = 3600000
	sasl.oauthbearer.jwks.endpoint.retry.backoff.max.ms = 10000
	sasl.oauthbearer.jwks.endpoint.retry.backoff.ms = 100
	sasl.oauthbearer.jwks.endpoint.url = null
	sasl.oauthbearer.scope.claim.name = scope
	sasl.oauthbearer.sub.claim.name = sub
	sasl.oauthbearer.token.endpoint.url = null
	security.protocol = PLAINTEXT
	security.providers = null
	send.buffer.bytes = 131072
	socket.connection.setup.timeout.max.ms = 30000
	socket.connection.setup.timeout.ms = 10000
	ssl.cipher.suites = null
	ssl.enabled.protocols = [TLSv1.2, TLSv1.3]
	ssl.endpoint.identification.algorithm = https
	ssl.engine.factory.class = null
	ssl.key.password = null
	ssl.keymanager.algorithm = SunX509
	ssl.keystore.certificate.chain = null
	ssl.keystore.key = null
	ssl.keystore.location = null
	ssl.keystore.password = null
	ssl.keystore.type = JKS
	ssl.protocol = TLSv1.3
	ssl.provider = null
	ssl.secure.random.implementation = null
	ssl.trustmanager.algorithm = PKIX
	ssl.truststore.certificates = null
	ssl.truststore.location = null
	ssl.truststore.password = null
	ssl.truststore.type = JKS

[kafka-admin-client-thread | adminclient-25] INFO org.apache.kafka.clients.NetworkClient - [AdminClient clientId=adminclient-25] Node -1 disconnected.
[kafka-admin-client-thread | adminclient-25] WARN org.apache.kafka.clients.NetworkClient - [AdminClient clientId=adminclient-25] Connection to node -1 (localhost/127.0.0.1:9092) could not be established. Broker may not be available.
[main] INFO org.apache.kafka.common.utils.AppInfoParser - Kafka version: 3.5.1
[main] INFO org.apache.kafka.common.utils.AppInfoParser - Kafka commitId: 2c6fb6c54472e90a
[main] INFO org.apache.kafka.common.utils.AppInfoParser - Kafka startTimeMs: 1761089037730
[main] INFO com.mycompany.kafka.factory.ConnectionFactory - Kafka AdminClient created successfully
[main] INFO com.mycompany.kafka.factory.ConnectionFactory - Creating Schema Registry Client with URL: http://localhost:8081
[main] INFO com.mycompany.kafka.factory.ConnectionFactory - Schema Registry Client created successfully
[main] INFO com.mycompany.kafka.KafkaManagementLibrary - KafkaManagementLibrary initialized successfully
[main] INFO com.mycompany.kafka.manager.SessionManager - Creating transactional consumer with transaction ID: test-transaction and group ID: test-group
[kafka-admin-client-thread | adminclient-26] INFO org.apache.kafka.clients.NetworkClient - [AdminClient clientId=adminclient-26] Node -1 disconnected.
[kafka-admin-client-thread | adminclient-26] WARN org.apache.kafka.clients.NetworkClient - [AdminClient clientId=adminclient-26] Connection to node -1 (localhost/127.0.0.1:9092) could not be established. Broker may not be available.
[kafka-admin-client-thread | adminclient-3] INFO org.apache.kafka.clients.NetworkClient - [AdminClient clientId=adminclient-3] Node -1 disconnected.
[kafka-admin-client-thread | adminclient-3] WARN org.apache.kafka.clients.NetworkClient - [AdminClient clientId=adminclient-3] Connection to node -1 (localhost/127.0.0.1:9092) could not be established. Broker may not be available.
[main] INFO org.apache.kafka.clients.consumer.ConsumerConfig - ConsumerConfig values: 
	allow.auto.create.topics = true
	auto.commit.interval.ms = 5000
	auto.include.jmx.reporter = true
	auto.offset.reset = latest
	bootstrap.servers = [localhost:9092]
	check.crcs = true
	client.dns.lookup = use_all_dns_ips
	client.id = consumer-test-group-1
	client.rack = 
	connections.max.idle.ms = 540000
	default.api.timeout.ms = 60000
	enable.auto.commit = false
	exclude.internal.topics = true
	fetch.max.bytes = 52428800
	fetch.max.wait.ms = 500
	fetch.min.bytes = 1
	group.id = test-group
	group.instance.id = null
	heartbeat.interval.ms = 3000
	interceptor.classes = []
	internal.leave.group.on.close = true
	internal.throw.on.fetch.stable.offset.unsupported = false
	isolation.level = read_committed
	key.deserializer = class org.apache.kafka.common.serialization.StringDeserializer
	max.partition.fetch.bytes = 1048576
	max.poll.interval.ms = 300000
	max.poll.records = 500
	metadata.max.age.ms = 300000
	metric.reporters = []
	metrics.num.samples = 2
	metrics.recording.level = INFO
	metrics.sample.window.ms = 30000
	partition.assignment.strategy = [class org.apache.kafka.clients.consumer.RangeAssignor, class org.apache.kafka.clients.consumer.CooperativeStickyAssignor]
	receive.buffer.bytes = 65536
	reconnect.backoff.max.ms = 1000
	reconnect.backoff.ms = 50
	request.timeout.ms = 30000
	retry.backoff.ms = 100
	sasl.client.callback.handler.class = null
	sasl.jaas.config = null
	sasl.kerberos.kinit.cmd = /usr/bin/kinit
	sasl.kerberos.min.time.before.relogin = 60000
	sasl.kerberos.service.name = null
	sasl.kerberos.ticket.renew.jitter = 0.05
	sasl.kerberos.ticket.renew.window.factor = 0.8
	sasl.login.callback.handler.class = null
	sasl.login.class = null
	sasl.login.connect.timeout.ms = null
	sasl.login.read.timeout.ms = null
	sasl.login.refresh.buffer.seconds = 300
	sasl.login.refresh.min.period.seconds = 60
	sasl.login.refresh.window.factor = 0.8
	sasl.login.refresh.window.jitter = 0.05
	sasl.login.retry.backoff.max.ms = 10000
	sasl.login.retry.backoff.ms = 100
	sasl.mechanism = GSSAPI
	sasl.oauthbearer.clock.skew.seconds = 30
	sasl.oauthbearer.expected.audience = null
	sasl.oauthbearer.expected.issuer = null
	sasl.oauthbearer.jwks.endpoint.refresh.ms = 3600000
	sasl.oauthbearer.jwks.endpoint.retry.backoff.max.ms = 10000
	sasl.oauthbearer.jwks.endpoint.retry.backoff.ms = 100
	sasl.oauthbearer.jwks.endpoint.url = null
	sasl.oauthbearer.scope.claim.name = scope
	sasl.oauthbearer.sub.claim.name = sub
	sasl.oauthbearer.token.endpoint.url = null
	security.protocol = PLAINTEXT
	security.providers = null
	send.buffer.bytes = 131072
	session.timeout.ms = 45000
	socket.connection.setup.timeout.max.ms = 30000
	socket.connection.setup.timeout.ms = 10000
	ssl.cipher.suites = null
	ssl.enabled.protocols = [TLSv1.2, TLSv1.3]
	ssl.endpoint.identification.algorithm = https
	ssl.engine.factory.class = null
	ssl.key.password = null
	ssl.keymanager.algorithm = SunX509
	ssl.keystore.certificate.chain = null
	ssl.keystore.key = null
	ssl.keystore.location = null
	ssl.keystore.password = null
	ssl.keystore.type = JKS
	ssl.protocol = TLSv1.3
	ssl.provider = null
	ssl.secure.random.implementation = null
	ssl.trustmanager.algorithm = PKIX
	ssl.truststore.certificates = null
	ssl.truststore.location = null
	ssl.truststore.password = null
	ssl.truststore.type = JKS
	value.deserializer = class org.apache.kafka.common.serialization.StringDeserializer

[kafka-admin-client-thread | adminclient-13] INFO org.apache.kafka.clients.NetworkClient - [AdminClient clientId=adminclient-13] Node -1 disconnected.
[kafka-admin-client-thread | adminclient-13] WARN org.apache.kafka.clients.NetworkClient - [AdminClient clientId=adminclient-13] Connection to node -1 (localhost/127.0.0.1:9092) could not be established. Broker may not be available.
[kafka-admin-client-thread | adminclient-14] INFO org.apache.kafka.clients.NetworkClient - [AdminClient clientId=adminclient-14] Node -1 disconnected.
[kafka-admin-client-thread | adminclient-14] WARN org.apache.kafka.clients.NetworkClient - [AdminClient clientId=adminclient-14] Connection to node -1 (localhost/127.0.0.1:9092) could not be established. Broker may not be available.
[main] INFO org.apache.kafka.common.utils.AppInfoParser - Kafka version: 3.5.1
[main] INFO org.apache.kafka.common.utils.AppInfoParser - Kafka commitId: 2c6fb6c54472e90a
[main] INFO org.apache.kafka.common.utils.AppInfoParser - Kafka startTimeMs: 1761089037776
[main] INFO com.mycompany.kafka.manager.SessionManager - Successfully created transactional consumer with transaction ID: test-transaction and group ID: test-group
]]></system-err>
  </testcase>
  <testcase name="testCreateTopic_WithConfigs" classname="com.mycompany.kafka.KafkaManagementLibraryTest" time="60.016">
    <error message="Failed to create topic: test-topic" type="java.lang.RuntimeException"><![CDATA[java.lang.RuntimeException: Failed to create topic: test-topic
	at com.mycompany.kafka.manager.TopicOperations.createTopic(TopicOperations.java:53)
	at com.mycompany.kafka.manager.TopicOperations.createTopic(TopicOperations.java:70)
	at com.mycompany.kafka.manager.TopicManager.createTopic(TopicManager.java:51)
	at com.mycompany.kafka.KafkaManagementLibrary.createTopic(KafkaManagementLibrary.java:65)
	at com.mycompany.kafka.KafkaManagementLibraryTest.testCreateTopic_WithConfigs(KafkaManagementLibraryTest.java:70)
	at java.base/jdk.internal.reflect.NativeMethodAccessorImpl.invoke0(Native Method)
	at java.base/jdk.internal.reflect.NativeMethodAccessorImpl.invoke(NativeMethodAccessorImpl.java:62)
	at java.base/jdk.internal.reflect.DelegatingMethodAccessorImpl.invoke(DelegatingMethodAccessorImpl.java:43)
	at java.base/java.lang.reflect.Method.invoke(Method.java:567)
	at org.junit.platform.commons.util.ReflectionUtils.invokeMethod(ReflectionUtils.java:727)
	at org.junit.jupiter.engine.execution.MethodInvocation.proceed(MethodInvocation.java:60)
	at org.junit.jupiter.engine.execution.InvocationInterceptorChain$ValidatingInvocation.proceed(InvocationInterceptorChain.java:131)
	at org.junit.jupiter.engine.extension.TimeoutExtension.intercept(TimeoutExtension.java:156)
	at org.junit.jupiter.engine.extension.TimeoutExtension.interceptTestableMethod(TimeoutExtension.java:147)
	at org.junit.jupiter.engine.extension.TimeoutExtension.interceptTestMethod(TimeoutExtension.java:86)
	at org.junit.jupiter.engine.execution.InterceptingExecutableInvoker$ReflectiveInterceptorCall.lambda$ofVoidMethod$0(InterceptingExecutableInvoker.java:103)
	at org.junit.jupiter.engine.execution.InterceptingExecutableInvoker.lambda$invoke$0(InterceptingExecutableInvoker.java:93)
	at org.junit.jupiter.engine.execution.InvocationInterceptorChain$InterceptedInvocation.proceed(InvocationInterceptorChain.java:106)
	at org.junit.jupiter.engine.execution.InvocationInterceptorChain.proceed(InvocationInterceptorChain.java:64)
	at org.junit.jupiter.engine.execution.InvocationInterceptorChain.chainAndInvoke(InvocationInterceptorChain.java:45)
	at org.junit.jupiter.engine.execution.InvocationInterceptorChain.invoke(InvocationInterceptorChain.java:37)
	at org.junit.jupiter.engine.execution.InterceptingExecutableInvoker.invoke(InterceptingExecutableInvoker.java:92)
	at org.junit.jupiter.engine.execution.InterceptingExecutableInvoker.invoke(InterceptingExecutableInvoker.java:86)
	at org.junit.jupiter.engine.descriptor.TestMethodTestDescriptor.lambda$invokeTestMethod$7(TestMethodTestDescriptor.java:217)
	at org.junit.platform.engine.support.hierarchical.ThrowableCollector.execute(ThrowableCollector.java:73)
	at org.junit.jupiter.engine.descriptor.TestMethodTestDescriptor.invokeTestMethod(TestMethodTestDescriptor.java:213)
	at org.junit.jupiter.engine.descriptor.TestMethodTestDescriptor.execute(TestMethodTestDescriptor.java:138)
	at org.junit.jupiter.engine.descriptor.TestMethodTestDescriptor.execute(TestMethodTestDescriptor.java:68)
	at org.junit.platform.engine.support.hierarchical.NodeTestTask.lambda$executeRecursively$6(NodeTestTask.java:151)
	at org.junit.platform.engine.support.hierarchical.ThrowableCollector.execute(ThrowableCollector.java:73)
	at org.junit.platform.engine.support.hierarchical.NodeTestTask.lambda$executeRecursively$8(NodeTestTask.java:141)
	at org.junit.platform.engine.support.hierarchical.Node.around(Node.java:137)
	at org.junit.platform.engine.support.hierarchical.NodeTestTask.lambda$executeRecursively$9(NodeTestTask.java:139)
	at org.junit.platform.engine.support.hierarchical.ThrowableCollector.execute(ThrowableCollector.java:73)
	at org.junit.platform.engine.support.hierarchical.NodeTestTask.executeRecursively(NodeTestTask.java:138)
	at org.junit.platform.engine.support.hierarchical.NodeTestTask.execute(NodeTestTask.java:95)
	at java.base/java.util.ArrayList.forEach(ArrayList.java:1507)
	at org.junit.platform.engine.support.hierarchical.SameThreadHierarchicalTestExecutorService.invokeAll(SameThreadHierarchicalTestExecutorService.java:41)
	at org.junit.platform.engine.support.hierarchical.NodeTestTask.lambda$executeRecursively$6(NodeTestTask.java:155)
	at org.junit.platform.engine.support.hierarchical.ThrowableCollector.execute(ThrowableCollector.java:73)
	at org.junit.platform.engine.support.hierarchical.NodeTestTask.lambda$executeRecursively$8(NodeTestTask.java:141)
	at org.junit.platform.engine.support.hierarchical.Node.around(Node.java:137)
	at org.junit.platform.engine.support.hierarchical.NodeTestTask.lambda$executeRecursively$9(NodeTestTask.java:139)
	at org.junit.platform.engine.support.hierarchical.ThrowableCollector.execute(ThrowableCollector.java:73)
	at org.junit.platform.engine.support.hierarchical.NodeTestTask.executeRecursively(NodeTestTask.java:138)
	at org.junit.platform.engine.support.hierarchical.NodeTestTask.execute(NodeTestTask.java:95)
	at java.base/java.util.ArrayList.forEach(ArrayList.java:1507)
	at org.junit.platform.engine.support.hierarchical.SameThreadHierarchicalTestExecutorService.invokeAll(SameThreadHierarchicalTestExecutorService.java:41)
	at org.junit.platform.engine.support.hierarchical.NodeTestTask.lambda$executeRecursively$6(NodeTestTask.java:155)
	at org.junit.platform.engine.support.hierarchical.ThrowableCollector.execute(ThrowableCollector.java:73)
	at org.junit.platform.engine.support.hierarchical.NodeTestTask.lambda$executeRecursively$8(NodeTestTask.java:141)
	at org.junit.platform.engine.support.hierarchical.Node.around(Node.java:137)
	at org.junit.platform.engine.support.hierarchical.NodeTestTask.lambda$executeRecursively$9(NodeTestTask.java:139)
	at org.junit.platform.engine.support.hierarchical.ThrowableCollector.execute(ThrowableCollector.java:73)
	at org.junit.platform.engine.support.hierarchical.NodeTestTask.executeRecursively(NodeTestTask.java:138)
	at org.junit.platform.engine.support.hierarchical.NodeTestTask.execute(NodeTestTask.java:95)
	at org.junit.platform.engine.support.hierarchical.SameThreadHierarchicalTestExecutorService.submit(SameThreadHierarchicalTestExecutorService.java:35)
	at org.junit.platform.engine.support.hierarchical.HierarchicalTestExecutor.execute(HierarchicalTestExecutor.java:57)
	at org.junit.platform.engine.support.hierarchical.HierarchicalTestEngine.execute(HierarchicalTestEngine.java:54)
	at org.junit.platform.launcher.core.EngineExecutionOrchestrator.execute(EngineExecutionOrchestrator.java:147)
	at org.junit.platform.launcher.core.EngineExecutionOrchestrator.execute(EngineExecutionOrchestrator.java:127)
	at org.junit.platform.launcher.core.EngineExecutionOrchestrator.execute(EngineExecutionOrchestrator.java:90)
	at org.junit.platform.launcher.core.EngineExecutionOrchestrator.lambda$execute$0(EngineExecutionOrchestrator.java:55)
	at org.junit.platform.launcher.core.EngineExecutionOrchestrator.withInterceptedStreams(EngineExecutionOrchestrator.java:102)
	at org.junit.platform.launcher.core.EngineExecutionOrchestrator.execute(EngineExecutionOrchestrator.java:54)
	at org.junit.platform.launcher.core.DefaultLauncher.execute(DefaultLauncher.java:114)
	at org.junit.platform.launcher.core.DefaultLauncher.execute(DefaultLauncher.java:86)
	at org.junit.platform.launcher.core.DefaultLauncherSession$DelegatingLauncher.execute(DefaultLauncherSession.java:86)
	at org.apache.maven.surefire.junitplatform.LazyLauncher.execute(LazyLauncher.java:50)
	at org.apache.maven.surefire.junitplatform.JUnitPlatformProvider.execute(JUnitPlatformProvider.java:184)
	at org.apache.maven.surefire.junitplatform.JUnitPlatformProvider.invokeAllTests(JUnitPlatformProvider.java:148)
	at org.apache.maven.surefire.junitplatform.JUnitPlatformProvider.invoke(JUnitPlatformProvider.java:122)
	at org.apache.maven.surefire.booter.ForkedBooter.runSuitesInProcess(ForkedBooter.java:385)
	at org.apache.maven.surefire.booter.ForkedBooter.execute(ForkedBooter.java:162)
	at org.apache.maven.surefire.booter.ForkedBooter.run(ForkedBooter.java:507)
	at org.apache.maven.surefire.booter.ForkedBooter.main(ForkedBooter.java:495)
Caused by: java.util.concurrent.ExecutionException: org.apache.kafka.common.errors.TimeoutException: Timed out waiting for a node assignment. Call: createTopics
	at java.base/java.util.concurrent.CompletableFuture.reportGet(CompletableFuture.java:395)
	at java.base/java.util.concurrent.CompletableFuture.get(CompletableFuture.java:2070)
	at org.apache.kafka.common.internals.KafkaFutureImpl.get(KafkaFutureImpl.java:165)
	at com.mycompany.kafka.manager.TopicOperations.createTopic(TopicOperations.java:46)
	... 75 more
Caused by: org.apache.kafka.common.errors.TimeoutException: Timed out waiting for a node assignment. Call: createTopics
]]></error>
    <system-err><![CDATA[[main] INFO com.mycompany.kafka.KafkaManagementLibrary - Initializing KafkaManagementLibrary
[main] INFO com.mycompany.kafka.factory.ConnectionFactory - Creating Kafka AdminClient with bootstrap servers: localhost:9092
[main] INFO org.apache.kafka.clients.admin.AdminClientConfig - AdminClientConfig values: 
	auto.include.jmx.reporter = true
	bootstrap.servers = [localhost:9092]
	client.dns.lookup = use_all_dns_ips
	client.id = 
	connections.max.idle.ms = 300000
	default.api.timeout.ms = 60000
	metadata.max.age.ms = 300000
	metric.reporters = []
	metrics.num.samples = 2
	metrics.recording.level = INFO
	metrics.sample.window.ms = 30000
	receive.buffer.bytes = 65536
	reconnect.backoff.max.ms = 1000
	reconnect.backoff.ms = 50
	request.timeout.ms = 30000
	retries = 2147483647
	retry.backoff.ms = 100
	sasl.client.callback.handler.class = null
	sasl.jaas.config = null
	sasl.kerberos.kinit.cmd = /usr/bin/kinit
	sasl.kerberos.min.time.before.relogin = 60000
	sasl.kerberos.service.name = null
	sasl.kerberos.ticket.renew.jitter = 0.05
	sasl.kerberos.ticket.renew.window.factor = 0.8
	sasl.login.callback.handler.class = null
	sasl.login.class = null
	sasl.login.connect.timeout.ms = null
	sasl.login.read.timeout.ms = null
	sasl.login.refresh.buffer.seconds = 300
	sasl.login.refresh.min.period.seconds = 60
	sasl.login.refresh.window.factor = 0.8
	sasl.login.refresh.window.jitter = 0.05
	sasl.login.retry.backoff.max.ms = 10000
	sasl.login.retry.backoff.ms = 100
	sasl.mechanism = GSSAPI
	sasl.oauthbearer.clock.skew.seconds = 30
	sasl.oauthbearer.expected.audience = null
	sasl.oauthbearer.expected.issuer = null
	sasl.oauthbearer.jwks.endpoint.refresh.ms = 3600000
	sasl.oauthbearer.jwks.endpoint.retry.backoff.max.ms = 10000
	sasl.oauthbearer.jwks.endpoint.retry.backoff.ms = 100
	sasl.oauthbearer.jwks.endpoint.url = null
	sasl.oauthbearer.scope.claim.name = scope
	sasl.oauthbearer.sub.claim.name = sub
	sasl.oauthbearer.token.endpoint.url = null
	security.protocol = PLAINTEXT
	security.providers = null
	send.buffer.bytes = 131072
	socket.connection.setup.timeout.max.ms = 30000
	socket.connection.setup.timeout.ms = 10000
	ssl.cipher.suites = null
	ssl.enabled.protocols = [TLSv1.2, TLSv1.3]
	ssl.endpoint.identification.algorithm = https
	ssl.engine.factory.class = null
	ssl.key.password = null
	ssl.keymanager.algorithm = SunX509
	ssl.keystore.certificate.chain = null
	ssl.keystore.key = null
	ssl.keystore.location = null
	ssl.keystore.password = null
	ssl.keystore.type = JKS
	ssl.protocol = TLSv1.3
	ssl.provider = null
	ssl.secure.random.implementation = null
	ssl.trustmanager.algorithm = PKIX
	ssl.truststore.certificates = null
	ssl.truststore.location = null
	ssl.truststore.password = null
	ssl.truststore.type = JKS

[main] INFO org.apache.kafka.common.utils.AppInfoParser - Kafka version: 3.5.1
[main] INFO org.apache.kafka.common.utils.AppInfoParser - Kafka commitId: 2c6fb6c54472e90a
[main] INFO org.apache.kafka.common.utils.AppInfoParser - Kafka startTimeMs: 1761089037780
[main] INFO com.mycompany.kafka.factory.ConnectionFactory - Kafka AdminClient created successfully
[main] INFO com.mycompany.kafka.factory.ConnectionFactory - Creating Kafka AdminClient with bootstrap servers: localhost:9092
[main] INFO org.apache.kafka.clients.admin.AdminClientConfig - AdminClientConfig values: 
	auto.include.jmx.reporter = true
	bootstrap.servers = [localhost:9092]
	client.dns.lookup = use_all_dns_ips
	client.id = 
	connections.max.idle.ms = 300000
	default.api.timeout.ms = 60000
	metadata.max.age.ms = 300000
	metric.reporters = []
	metrics.num.samples = 2
	metrics.recording.level = INFO
	metrics.sample.window.ms = 30000
	receive.buffer.bytes = 65536
	reconnect.backoff.max.ms = 1000
	reconnect.backoff.ms = 50
	request.timeout.ms = 30000
	retries = 2147483647
	retry.backoff.ms = 100
	sasl.client.callback.handler.class = null
	sasl.jaas.config = null
	sasl.kerberos.kinit.cmd = /usr/bin/kinit
	sasl.kerberos.min.time.before.relogin = 60000
	sasl.kerberos.service.name = null
	sasl.kerberos.ticket.renew.jitter = 0.05
	sasl.kerberos.ticket.renew.window.factor = 0.8
	sasl.login.callback.handler.class = null
	sasl.login.class = null
	sasl.login.connect.timeout.ms = null
	sasl.login.read.timeout.ms = null
	sasl.login.refresh.buffer.seconds = 300
	sasl.login.refresh.min.period.seconds = 60
	sasl.login.refresh.window.factor = 0.8
	sasl.login.refresh.window.jitter = 0.05
	sasl.login.retry.backoff.max.ms = 10000
	sasl.login.retry.backoff.ms = 100
	sasl.mechanism = GSSAPI
	sasl.oauthbearer.clock.skew.seconds = 30
	sasl.oauthbearer.expected.audience = null
	sasl.oauthbearer.expected.issuer = null
	sasl.oauthbearer.jwks.endpoint.refresh.ms = 3600000
	sasl.oauthbearer.jwks.endpoint.retry.backoff.max.ms = 10000
	sasl.oauthbearer.jwks.endpoint.retry.backoff.ms = 100
	sasl.oauthbearer.jwks.endpoint.url = null
	sasl.oauthbearer.scope.claim.name = scope
	sasl.oauthbearer.sub.claim.name = sub
	sasl.oauthbearer.token.endpoint.url = null
	security.protocol = PLAINTEXT
	security.providers = null
	send.buffer.bytes = 131072
	socket.connection.setup.timeout.max.ms = 30000
	socket.connection.setup.timeout.ms = 10000
	ssl.cipher.suites = null
	ssl.enabled.protocols = [TLSv1.2, TLSv1.3]
	ssl.endpoint.identification.algorithm = https
	ssl.engine.factory.class = null
	ssl.key.password = null
	ssl.keymanager.algorithm = SunX509
	ssl.keystore.certificate.chain = null
	ssl.keystore.key = null
	ssl.keystore.location = null
	ssl.keystore.password = null
	ssl.keystore.type = JKS
	ssl.protocol = TLSv1.3
	ssl.provider = null
	ssl.secure.random.implementation = null
	ssl.trustmanager.algorithm = PKIX
	ssl.truststore.certificates = null
	ssl.truststore.location = null
	ssl.truststore.password = null
	ssl.truststore.type = JKS

[kafka-admin-client-thread | adminclient-27] INFO org.apache.kafka.clients.NetworkClient - [AdminClient clientId=adminclient-27] Node -1 disconnected.
[kafka-admin-client-thread | adminclient-27] WARN org.apache.kafka.clients.NetworkClient - [AdminClient clientId=adminclient-27] Connection to node -1 (localhost/127.0.0.1:9092) could not be established. Broker may not be available.
[main] INFO org.apache.kafka.common.utils.AppInfoParser - Kafka version: 3.5.1
[main] INFO org.apache.kafka.common.utils.AppInfoParser - Kafka commitId: 2c6fb6c54472e90a
[main] INFO org.apache.kafka.common.utils.AppInfoParser - Kafka startTimeMs: 1761089037782
[main] INFO com.mycompany.kafka.factory.ConnectionFactory - Kafka AdminClient created successfully
[main] INFO com.mycompany.kafka.factory.ConnectionFactory - Creating Schema Registry Client with URL: http://localhost:8081
[main] INFO com.mycompany.kafka.factory.ConnectionFactory - Schema Registry Client created successfully
[main] INFO com.mycompany.kafka.KafkaManagementLibrary - KafkaManagementLibrary initialized successfully
[kafka-admin-client-thread | adminclient-28] INFO org.apache.kafka.clients.NetworkClient - [AdminClient clientId=adminclient-28] Node -1 disconnected.
[kafka-admin-client-thread | adminclient-28] WARN org.apache.kafka.clients.NetworkClient - [AdminClient clientId=adminclient-28] Connection to node -1 (localhost/127.0.0.1:9092) could not be established. Broker may not be available.
[main] INFO com.mycompany.kafka.manager.TopicOperations - Creating topic: test-topic with 3 partitions and replication factor 1
[kafka-admin-client-thread | adminclient-15] INFO org.apache.kafka.clients.NetworkClient - [AdminClient clientId=adminclient-15] Node -1 disconnected.
[kafka-admin-client-thread | adminclient-15] WARN org.apache.kafka.clients.NetworkClient - [AdminClient clientId=adminclient-15] Connection to node -1 (localhost/127.0.0.1:9092) could not be established. Broker may not be available.
[kafka-admin-client-thread | adminclient-16] INFO org.apache.kafka.clients.NetworkClient - [AdminClient clientId=adminclient-16] Node -1 disconnected.
[kafka-admin-client-thread | adminclient-16] WARN org.apache.kafka.clients.NetworkClient - [AdminClient clientId=adminclient-16] Connection to node -1 (localhost/127.0.0.1:9092) could not be established. Broker may not be available.
[kafka-admin-client-thread | adminclient-17] INFO org.apache.kafka.clients.NetworkClient - [AdminClient clientId=adminclient-17] Node -1 disconnected.
[kafka-admin-client-thread | adminclient-17] WARN org.apache.kafka.clients.NetworkClient - [AdminClient clientId=adminclient-17] Connection to node -1 (localhost/127.0.0.1:9092) could not be established. Broker may not be available.
[kafka-admin-client-thread | adminclient-18] INFO org.apache.kafka.clients.NetworkClient - [AdminClient clientId=adminclient-18] Node -1 disconnected.
[kafka-admin-client-thread | adminclient-18] WARN org.apache.kafka.clients.NetworkClient - [AdminClient clientId=adminclient-18] Connection to node -1 (localhost/127.0.0.1:9092) could not be established. Broker may not be available.
[kafka-admin-client-thread | adminclient-19] INFO org.apache.kafka.clients.NetworkClient - [AdminClient clientId=adminclient-19] Node -1 disconnected.
[kafka-admin-client-thread | adminclient-19] WARN org.apache.kafka.clients.NetworkClient - [AdminClient clientId=adminclient-19] Connection to node -1 (localhost/127.0.0.1:9092) could not be established. Broker may not be available.
[kafka-admin-client-thread | adminclient-20] INFO org.apache.kafka.clients.NetworkClient - [AdminClient clientId=adminclient-20] Node -1 disconnected.
[kafka-admin-client-thread | adminclient-20] WARN org.apache.kafka.clients.NetworkClient - [AdminClient clientId=adminclient-20] Connection to node -1 (localhost/127.0.0.1:9092) could not be established. Broker may not be available.
[kafka-admin-client-thread | adminclient-21] INFO org.apache.kafka.clients.NetworkClient - [AdminClient clientId=adminclient-21] Node -1 disconnected.
[kafka-admin-client-thread | adminclient-21] WARN org.apache.kafka.clients.NetworkClient - [AdminClient clientId=adminclient-21] Connection to node -1 (localhost/127.0.0.1:9092) could not be established. Broker may not be available.
[kafka-admin-client-thread | adminclient-22] INFO org.apache.kafka.clients.NetworkClient - [AdminClient clientId=adminclient-22] Node -1 disconnected.
[kafka-admin-client-thread | adminclient-22] WARN org.apache.kafka.clients.NetworkClient - [AdminClient clientId=adminclient-22] Connection to node -1 (localhost/127.0.0.1:9092) could not be established. Broker may not be available.
[kafka-admin-client-thread | adminclient-23] INFO org.apache.kafka.clients.NetworkClient - [AdminClient clientId=adminclient-23] Node -1 disconnected.
[kafka-admin-client-thread | adminclient-23] WARN org.apache.kafka.clients.NetworkClient - [AdminClient clientId=adminclient-23] Connection to node -1 (localhost/127.0.0.1:9092) could not be established. Broker may not be available.
[kafka-admin-client-thread | adminclient-24] INFO org.apache.kafka.clients.NetworkClient - [AdminClient clientId=adminclient-24] Node -1 disconnected.
[kafka-admin-client-thread | adminclient-24] WARN org.apache.kafka.clients.NetworkClient - [AdminClient clientId=adminclient-24] Connection to node -1 (localhost/127.0.0.1:9092) could not be established. Broker may not be available.
[kafka-admin-client-thread | adminclient-25] INFO org.apache.kafka.clients.NetworkClient - [AdminClient clientId=adminclient-25] Node -1 disconnected.
[kafka-admin-client-thread | adminclient-25] WARN org.apache.kafka.clients.NetworkClient - [AdminClient clientId=adminclient-25] Connection to node -1 (localhost/127.0.0.1:9092) could not be established. Broker may not be available.
[kafka-admin-client-thread | adminclient-26] INFO org.apache.kafka.clients.NetworkClient - [AdminClient clientId=adminclient-26] Node -1 disconnected.
[kafka-admin-client-thread | adminclient-26] WARN org.apache.kafka.clients.NetworkClient - [AdminClient clientId=adminclient-26] Connection to node -1 (localhost/127.0.0.1:9092) could not be established. Broker may not be available.
[kafka-admin-client-thread | adminclient-14] INFO org.apache.kafka.clients.NetworkClient - [AdminClient clientId=adminclient-14] Node -1 disconnected.
[kafka-admin-client-thread | adminclient-14] WARN org.apache.kafka.clients.NetworkClient - [AdminClient clientId=adminclient-14] Connection to node -1 (localhost/127.0.0.1:9092) could not be established. Broker may not be available.
[kafka-admin-client-thread | adminclient-28] INFO org.apache.kafka.clients.NetworkClient - [AdminClient clientId=adminclient-28] Node -1 disconnected.
[kafka-admin-client-thread | adminclient-28] WARN org.apache.kafka.clients.NetworkClient - [AdminClient clientId=adminclient-28] Connection to node -1 (localhost/127.0.0.1:9092) could not be established. Broker may not be available.
[kafka-admin-client-thread | adminclient-27] INFO org.apache.kafka.clients.NetworkClient - [AdminClient clientId=adminclient-27] Node -1 disconnected.
[kafka-admin-client-thread | adminclient-27] WARN org.apache.kafka.clients.NetworkClient - [AdminClient clientId=adminclient-27] Connection to node -1 (localhost/127.0.0.1:9092) could not be established. Broker may not be available.
[kafka-admin-client-thread | adminclient-17] INFO org.apache.kafka.clients.NetworkClient - [AdminClient clientId=adminclient-17] Node -1 disconnected.
[kafka-admin-client-thread | adminclient-17] WARN org.apache.kafka.clients.NetworkClient - [AdminClient clientId=adminclient-17] Connection to node -1 (localhost/127.0.0.1:9092) could not be established. Broker may not be available.
[kafka-admin-client-thread | adminclient-18] INFO org.apache.kafka.clients.NetworkClient - [AdminClient clientId=adminclient-18] Node -1 disconnected.
[kafka-admin-client-thread | adminclient-18] WARN org.apache.kafka.clients.NetworkClient - [AdminClient clientId=adminclient-18] Connection to node -1 (localhost/127.0.0.1:9092) could not be established. Broker may not be available.
[kafka-admin-client-thread | adminclient-20] INFO org.apache.kafka.clients.NetworkClient - [AdminClient clientId=adminclient-20] Node -1 disconnected.
[kafka-admin-client-thread | adminclient-20] WARN org.apache.kafka.clients.NetworkClient - [AdminClient clientId=adminclient-20] Connection to node -1 (localhost/127.0.0.1:9092) could not be established. Broker may not be available.
[kafka-admin-client-thread | adminclient-21] INFO org.apache.kafka.clients.NetworkClient - [AdminClient clientId=adminclient-21] Node -1 disconnected.
[kafka-admin-client-thread | adminclient-21] WARN org.apache.kafka.clients.NetworkClient - [AdminClient clientId=adminclient-21] Connection to node -1 (localhost/127.0.0.1:9092) could not be established. Broker may not be available.
[kafka-admin-client-thread | adminclient-22] INFO org.apache.kafka.clients.NetworkClient - [AdminClient clientId=adminclient-22] Node -1 disconnected.
[kafka-admin-client-thread | adminclient-22] WARN org.apache.kafka.clients.NetworkClient - [AdminClient clientId=adminclient-22] Connection to node -1 (localhost/127.0.0.1:9092) could not be established. Broker may not be available.
[kafka-admin-client-thread | adminclient-25] INFO org.apache.kafka.clients.NetworkClient - [AdminClient clientId=adminclient-25] Node -1 disconnected.
[kafka-admin-client-thread | adminclient-25] WARN org.apache.kafka.clients.NetworkClient - [AdminClient clientId=adminclient-25] Connection to node -1 (localhost/127.0.0.1:9092) could not be established. Broker may not be available.
[kafka-admin-client-thread | adminclient-10] INFO org.apache.kafka.clients.NetworkClient - [AdminClient clientId=adminclient-10] Node -1 disconnected.
[kafka-admin-client-thread | adminclient-10] WARN org.apache.kafka.clients.NetworkClient - [AdminClient clientId=adminclient-10] Connection to node -1 (localhost/127.0.0.1:9092) could not be established. Broker may not be available.
[kafka-admin-client-thread | adminclient-12] INFO org.apache.kafka.clients.NetworkClient - [AdminClient clientId=adminclient-12] Node -1 disconnected.
[kafka-admin-client-thread | adminclient-12] WARN org.apache.kafka.clients.NetworkClient - [AdminClient clientId=adminclient-12] Connection to node -1 (localhost/127.0.0.1:9092) could not be established. Broker may not be available.
[kafka-admin-client-thread | adminclient-13] INFO org.apache.kafka.clients.NetworkClient - [AdminClient clientId=adminclient-13] Node -1 disconnected.
[kafka-admin-client-thread | adminclient-13] WARN org.apache.kafka.clients.NetworkClient - [AdminClient clientId=adminclient-13] Connection to node -1 (localhost/127.0.0.1:9092) could not be established. Broker may not be available.
[kafka-admin-client-thread | adminclient-15] INFO org.apache.kafka.clients.NetworkClient - [AdminClient clientId=adminclient-15] Node -1 disconnected.
[kafka-admin-client-thread | adminclient-15] WARN org.apache.kafka.clients.NetworkClient - [AdminClient clientId=adminclient-15] Connection to node -1 (localhost/127.0.0.1:9092) could not be established. Broker may not be available.
[kafka-admin-client-thread | adminclient-16] INFO org.apache.kafka.clients.NetworkClient - [AdminClient clientId=adminclient-16] Node -1 disconnected.
[kafka-admin-client-thread | adminclient-16] WARN org.apache.kafka.clients.NetworkClient - [AdminClient clientId=adminclient-16] Connection to node -1 (localhost/127.0.0.1:9092) could not be established. Broker may not be available.
[kafka-admin-client-thread | adminclient-27] INFO org.apache.kafka.clients.NetworkClient - [AdminClient clientId=adminclient-27] Node -1 disconnected.
[kafka-admin-client-thread | adminclient-27] WARN org.apache.kafka.clients.NetworkClient - [AdminClient clientId=adminclient-27] Connection to node -1 (localhost/127.0.0.1:9092) could not be established. Broker may not be available.
[kafka-admin-client-thread | adminclient-19] INFO org.apache.kafka.clients.NetworkClient - [AdminClient clientId=adminclient-19] Node -1 disconnected.
[kafka-admin-client-thread | adminclient-19] WARN org.apache.kafka.clients.NetworkClient - [AdminClient clientId=adminclient-19] Connection to node -1 (localhost/127.0.0.1:9092) could not be established. Broker may not be available.
[kafka-admin-client-thread | adminclient-23] INFO org.apache.kafka.clients.NetworkClient - [AdminClient clientId=adminclient-23] Node -1 disconnected.
[kafka-admin-client-thread | adminclient-23] WARN org.apache.kafka.clients.NetworkClient - [AdminClient clientId=adminclient-23] Connection to node -1 (localhost/127.0.0.1:9092) could not be established. Broker may not be available.
[kafka-admin-client-thread | adminclient-24] INFO org.apache.kafka.clients.NetworkClient - [AdminClient clientId=adminclient-24] Node -1 disconnected.
[kafka-admin-client-thread | adminclient-24] WARN org.apache.kafka.clients.NetworkClient - [AdminClient clientId=adminclient-24] Connection to node -1 (localhost/127.0.0.1:9092) could not be established. Broker may not be available.
[kafka-admin-client-thread | adminclient-26] INFO org.apache.kafka.clients.NetworkClient - [AdminClient clientId=adminclient-26] Node -1 disconnected.
[kafka-admin-client-thread | adminclient-26] WARN org.apache.kafka.clients.NetworkClient - [AdminClient clientId=adminclient-26] Connection to node -1 (localhost/127.0.0.1:9092) could not be established. Broker may not be available.
[kafka-admin-client-thread | adminclient-28] INFO org.apache.kafka.clients.NetworkClient - [AdminClient clientId=adminclient-28] Node -1 disconnected.
[kafka-admin-client-thread | adminclient-28] WARN org.apache.kafka.clients.NetworkClient - [AdminClient clientId=adminclient-28] Connection to node -1 (localhost/127.0.0.1:9092) could not be established. Broker may not be available.
[kafka-admin-client-thread | adminclient-17] INFO org.apache.kafka.clients.NetworkClient - [AdminClient clientId=adminclient-17] Node -1 disconnected.
[kafka-admin-client-thread | adminclient-17] WARN org.apache.kafka.clients.NetworkClient - [AdminClient clientId=adminclient-17] Connection to node -1 (localhost/127.0.0.1:9092) could not be established. Broker may not be available.
[kafka-admin-client-thread | adminclient-18] INFO org.apache.kafka.clients.NetworkClient - [AdminClient clientId=adminclient-18] Node -1 disconnected.
[kafka-admin-client-thread | adminclient-18] WARN org.apache.kafka.clients.NetworkClient - [AdminClient clientId=adminclient-18] Connection to node -1 (localhost/127.0.0.1:9092) could not be established. Broker may not be available.
[kafka-admin-client-thread | adminclient-21] INFO org.apache.kafka.clients.NetworkClient - [AdminClient clientId=adminclient-21] Node -1 disconnected.
[kafka-admin-client-thread | adminclient-22] INFO org.apache.kafka.clients.NetworkClient - [AdminClient clientId=adminclient-22] Node -1 disconnected.
[kafka-admin-client-thread | adminclient-21] WARN org.apache.kafka.clients.NetworkClient - [AdminClient clientId=adminclient-21] Connection to node -1 (localhost/127.0.0.1:9092) could not be established. Broker may not be available.
[kafka-admin-client-thread | adminclient-22] WARN org.apache.kafka.clients.NetworkClient - [AdminClient clientId=adminclient-22] Connection to node -1 (localhost/127.0.0.1:9092) could not be established. Broker may not be available.
[kafka-admin-client-thread | adminclient-11] INFO org.apache.kafka.clients.NetworkClient - [AdminClient clientId=adminclient-11] Node -1 disconnected.
[kafka-admin-client-thread | adminclient-11] WARN org.apache.kafka.clients.NetworkClient - [AdminClient clientId=adminclient-11] Connection to node -1 (localhost/127.0.0.1:9092) could not be established. Broker may not be available.
[kafka-admin-client-thread | adminclient-14] INFO org.apache.kafka.clients.NetworkClient - [AdminClient clientId=adminclient-14] Node -1 disconnected.
[kafka-admin-client-thread | adminclient-14] WARN org.apache.kafka.clients.NetworkClient - [AdminClient clientId=adminclient-14] Connection to node -1 (localhost/127.0.0.1:9092) could not be established. Broker may not be available.
[kafka-admin-client-thread | adminclient-16] INFO org.apache.kafka.clients.NetworkClient - [AdminClient clientId=adminclient-16] Node -1 disconnected.
[kafka-admin-client-thread | adminclient-16] WARN org.apache.kafka.clients.NetworkClient - [AdminClient clientId=adminclient-16] Connection to node -1 (localhost/127.0.0.1:9092) could not be established. Broker may not be available.
[kafka-admin-client-thread | adminclient-27] INFO org.apache.kafka.clients.NetworkClient - [AdminClient clientId=adminclient-27] Node -1 disconnected.
[kafka-admin-client-thread | adminclient-27] WARN org.apache.kafka.clients.NetworkClient - [AdminClient clientId=adminclient-27] Connection to node -1 (localhost/127.0.0.1:9092) could not be established. Broker may not be available.
[kafka-admin-client-thread | adminclient-2] INFO org.apache.kafka.clients.NetworkClient - [AdminClient clientId=adminclient-2] Node -1 disconnected.
[kafka-admin-client-thread | adminclient-2] WARN org.apache.kafka.clients.NetworkClient - [AdminClient clientId=adminclient-2] Connection to node -1 (localhost/127.0.0.1:9092) could not be established. Broker may not be available.
[kafka-admin-client-thread | adminclient-19] INFO org.apache.kafka.clients.NetworkClient - [AdminClient clientId=adminclient-19] Node -1 disconnected.
[kafka-admin-client-thread | adminclient-19] WARN org.apache.kafka.clients.NetworkClient - [AdminClient clientId=adminclient-19] Connection to node -1 (localhost/127.0.0.1:9092) could not be established. Broker may not be available.
[kafka-admin-client-thread | adminclient-20] INFO org.apache.kafka.clients.NetworkClient - [AdminClient clientId=adminclient-20] Node -1 disconnected.
[kafka-admin-client-thread | adminclient-20] WARN org.apache.kafka.clients.NetworkClient - [AdminClient clientId=adminclient-20] Connection to node -1 (localhost/127.0.0.1:9092) could not be established. Broker may not be available.
[kafka-admin-client-thread | adminclient-24] INFO org.apache.kafka.clients.NetworkClient - [AdminClient clientId=adminclient-24] Node -1 disconnected.
[kafka-admin-client-thread | adminclient-24] WARN org.apache.kafka.clients.NetworkClient - [AdminClient clientId=adminclient-24] Connection to node -1 (localhost/127.0.0.1:9092) could not be established. Broker may not be available.
[kafka-admin-client-thread | adminclient-25] INFO org.apache.kafka.clients.NetworkClient - [AdminClient clientId=adminclient-25] Node -1 disconnected.
[kafka-admin-client-thread | adminclient-26] INFO org.apache.kafka.clients.NetworkClient - [AdminClient clientId=adminclient-26] Node -1 disconnected.
[kafka-admin-client-thread | adminclient-25] WARN org.apache.kafka.clients.NetworkClient - [AdminClient clientId=adminclient-25] Connection to node -1 (localhost/127.0.0.1:9092) could not be established. Broker may not be available.
[kafka-admin-client-thread | adminclient-26] WARN org.apache.kafka.clients.NetworkClient - [AdminClient clientId=adminclient-26] Connection to node -1 (localhost/127.0.0.1:9092) could not be established. Broker may not be available.
[kafka-admin-client-thread | adminclient-13] INFO org.apache.kafka.clients.NetworkClient - [AdminClient clientId=adminclient-13] Node -1 disconnected.
[kafka-admin-client-thread | adminclient-13] WARN org.apache.kafka.clients.NetworkClient - [AdminClient clientId=adminclient-13] Connection to node -1 (localhost/127.0.0.1:9092) could not be established. Broker may not be available.
[kafka-admin-client-thread | adminclient-28] INFO org.apache.kafka.clients.NetworkClient - [AdminClient clientId=adminclient-28] Node -1 disconnected.
[kafka-admin-client-thread | adminclient-28] WARN org.apache.kafka.clients.NetworkClient - [AdminClient clientId=adminclient-28] Connection to node -1 (localhost/127.0.0.1:9092) could not be established. Broker may not be available.
[kafka-admin-client-thread | adminclient-15] INFO org.apache.kafka.clients.NetworkClient - [AdminClient clientId=adminclient-15] Node -1 disconnected.
[kafka-admin-client-thread | adminclient-15] WARN org.apache.kafka.clients.NetworkClient - [AdminClient clientId=adminclient-15] Connection to node -1 (localhost/127.0.0.1:9092) could not be established. Broker may not be available.
[kafka-admin-client-thread | adminclient-23] INFO org.apache.kafka.clients.NetworkClient - [AdminClient clientId=adminclient-23] Node -1 disconnected.
[kafka-admin-client-thread | adminclient-23] WARN org.apache.kafka.clients.NetworkClient - [AdminClient clientId=adminclient-23] Connection to node -1 (localhost/127.0.0.1:9092) could not be established. Broker may not be available.
[kafka-admin-client-thread | adminclient-8] INFO org.apache.kafka.clients.NetworkClient - [AdminClient clientId=adminclient-8] Node -1 disconnected.
[kafka-admin-client-thread | adminclient-8] WARN org.apache.kafka.clients.NetworkClient - [AdminClient clientId=adminclient-8] Connection to node -1 (localhost/127.0.0.1:9092) could not be established. Broker may not be available.
[kafka-admin-client-thread | adminclient-17] INFO org.apache.kafka.clients.NetworkClient - [AdminClient clientId=adminclient-17] Node -1 disconnected.
[kafka-admin-client-thread | adminclient-17] WARN org.apache.kafka.clients.NetworkClient - [AdminClient clientId=adminclient-17] Connection to node -1 (localhost/127.0.0.1:9092) could not be established. Broker may not be available.
[kafka-admin-client-thread | adminclient-22] INFO org.apache.kafka.clients.NetworkClient - [AdminClient clientId=adminclient-22] Node -1 disconnected.
[kafka-admin-client-thread | adminclient-21] INFO org.apache.kafka.clients.NetworkClient - [AdminClient clientId=adminclient-21] Node -1 disconnected.
[kafka-admin-client-thread | adminclient-22] WARN org.apache.kafka.clients.NetworkClient - [AdminClient clientId=adminclient-22] Connection to node -1 (localhost/127.0.0.1:9092) could not be established. Broker may not be available.
[kafka-admin-client-thread | adminclient-21] WARN org.apache.kafka.clients.NetworkClient - [AdminClient clientId=adminclient-21] Connection to node -1 (localhost/127.0.0.1:9092) could not be established. Broker may not be available.
[kafka-admin-client-thread | adminclient-9] INFO org.apache.kafka.clients.NetworkClient - [AdminClient clientId=adminclient-9] Node -1 disconnected.
[kafka-admin-client-thread | adminclient-9] WARN org.apache.kafka.clients.NetworkClient - [AdminClient clientId=adminclient-9] Connection to node -1 (localhost/127.0.0.1:9092) could not be established. Broker may not be available.
[kafka-admin-client-thread | adminclient-1] INFO org.apache.kafka.clients.NetworkClient - [AdminClient clientId=adminclient-1] Node -1 disconnected.
[kafka-admin-client-thread | adminclient-1] WARN org.apache.kafka.clients.NetworkClient - [AdminClient clientId=adminclient-1] Connection to node -1 (localhost/127.0.0.1:9092) could not be established. Broker may not be available.
[kafka-admin-client-thread | adminclient-18] INFO org.apache.kafka.clients.NetworkClient - [AdminClient clientId=adminclient-18] Node -1 disconnected.
[kafka-admin-client-thread | adminclient-18] WARN org.apache.kafka.clients.NetworkClient - [AdminClient clientId=adminclient-18] Connection to node -1 (localhost/127.0.0.1:9092) could not be established. Broker may not be available.
[kafka-admin-client-thread | adminclient-19] INFO org.apache.kafka.clients.NetworkClient - [AdminClient clientId=adminclient-19] Node -1 disconnected.
[kafka-admin-client-thread | adminclient-19] WARN org.apache.kafka.clients.NetworkClient - [AdminClient clientId=adminclient-19] Connection to node -1 (localhost/127.0.0.1:9092) could not be established. Broker may not be available.
[kafka-admin-client-thread | adminclient-20] INFO org.apache.kafka.clients.NetworkClient - [AdminClient clientId=adminclient-20] Node -1 disconnected.
[kafka-admin-client-thread | adminclient-20] WARN org.apache.kafka.clients.NetworkClient - [AdminClient clientId=adminclient-20] Connection to node -1 (localhost/127.0.0.1:9092) could not be established. Broker may not be available.
[kafka-admin-client-thread | adminclient-24] INFO org.apache.kafka.clients.NetworkClient - [AdminClient clientId=adminclient-24] Node -1 disconnected.
[kafka-admin-client-thread | adminclient-24] WARN org.apache.kafka.clients.NetworkClient - [AdminClient clientId=adminclient-24] Connection to node -1 (localhost/127.0.0.1:9092) could not be established. Broker may not be available.
[kafka-admin-client-thread | adminclient-26] INFO org.apache.kafka.clients.NetworkClient - [AdminClient clientId=adminclient-26] Node -1 disconnected.
[kafka-admin-client-thread | adminclient-26] WARN org.apache.kafka.clients.NetworkClient - [AdminClient clientId=adminclient-26] Connection to node -1 (localhost/127.0.0.1:9092) could not be established. Broker may not be available.
[kafka-admin-client-thread | adminclient-25] INFO org.apache.kafka.clients.NetworkClient - [AdminClient clientId=adminclient-25] Node -1 disconnected.
[kafka-admin-client-thread | adminclient-25] WARN org.apache.kafka.clients.NetworkClient - [AdminClient clientId=adminclient-25] Connection to node -1 (localhost/127.0.0.1:9092) could not be established. Broker may not be available.
[kafka-admin-client-thread | adminclient-4] INFO org.apache.kafka.clients.NetworkClient - [AdminClient clientId=adminclient-4] Node -1 disconnected.
[kafka-admin-client-thread | adminclient-4] WARN org.apache.kafka.clients.NetworkClient - [AdminClient clientId=adminclient-4] Connection to node -1 (localhost/127.0.0.1:9092) could not be established. Broker may not be available.
[kafka-admin-client-thread | adminclient-13] INFO org.apache.kafka.clients.NetworkClient - [AdminClient clientId=adminclient-13] Node -1 disconnected.
[kafka-admin-client-thread | adminclient-13] WARN org.apache.kafka.clients.NetworkClient - [AdminClient clientId=adminclient-13] Connection to node -1 (localhost/127.0.0.1:9092) could not be established. Broker may not be available.
[kafka-admin-client-thread | adminclient-14] INFO org.apache.kafka.clients.NetworkClient - [AdminClient clientId=adminclient-14] Node -1 disconnected.
[kafka-admin-client-thread | adminclient-14] WARN org.apache.kafka.clients.NetworkClient - [AdminClient clientId=adminclient-14] Connection to node -1 (localhost/127.0.0.1:9092) could not be established. Broker may not be available.
[kafka-admin-client-thread | adminclient-7] INFO org.apache.kafka.clients.NetworkClient - [AdminClient clientId=adminclient-7] Node -1 disconnected.
[kafka-admin-client-thread | adminclient-7] WARN org.apache.kafka.clients.NetworkClient - [AdminClient clientId=adminclient-7] Connection to node -1 (localhost/127.0.0.1:9092) could not be established. Broker may not be available.
[kafka-admin-client-thread | adminclient-15] INFO org.apache.kafka.clients.NetworkClient - [AdminClient clientId=adminclient-15] Node -1 disconnected.
[kafka-admin-client-thread | adminclient-15] WARN org.apache.kafka.clients.NetworkClient - [AdminClient clientId=adminclient-15] Connection to node -1 (localhost/127.0.0.1:9092) could not be established. Broker may not be available.
[kafka-admin-client-thread | adminclient-16] INFO org.apache.kafka.clients.NetworkClient - [AdminClient clientId=adminclient-16] Node -1 disconnected.
[kafka-admin-client-thread | adminclient-16] WARN org.apache.kafka.clients.NetworkClient - [AdminClient clientId=adminclient-16] Connection to node -1 (localhost/127.0.0.1:9092) could not be established. Broker may not be available.
[kafka-admin-client-thread | adminclient-27] INFO org.apache.kafka.clients.NetworkClient - [AdminClient clientId=adminclient-27] Node -1 disconnected.
[kafka-admin-client-thread | adminclient-27] WARN org.apache.kafka.clients.NetworkClient - [AdminClient clientId=adminclient-27] Connection to node -1 (localhost/127.0.0.1:9092) could not be established. Broker may not be available.
[kafka-admin-client-thread | adminclient-3] INFO org.apache.kafka.clients.NetworkClient - [AdminClient clientId=adminclient-3] Node -1 disconnected.
[kafka-admin-client-thread | adminclient-3] WARN org.apache.kafka.clients.NetworkClient - [AdminClient clientId=adminclient-3] Connection to node -1 (localhost/127.0.0.1:9092) could not be established. Broker may not be available.
[kafka-admin-client-thread | adminclient-28] INFO org.apache.kafka.clients.NetworkClient - [AdminClient clientId=adminclient-28] Node -1 disconnected.
[kafka-admin-client-thread | adminclient-28] WARN org.apache.kafka.clients.NetworkClient - [AdminClient clientId=adminclient-28] Connection to node -1 (localhost/127.0.0.1:9092) could not be established. Broker may not be available.
[kafka-admin-client-thread | adminclient-23] INFO org.apache.kafka.clients.NetworkClient - [AdminClient clientId=adminclient-23] Node -1 disconnected.
[kafka-admin-client-thread | adminclient-23] WARN org.apache.kafka.clients.NetworkClient - [AdminClient clientId=adminclient-23] Connection to node -1 (localhost/127.0.0.1:9092) could not be established. Broker may not be available.
[kafka-admin-client-thread | adminclient-11] INFO org.apache.kafka.clients.NetworkClient - [AdminClient clientId=adminclient-11] Node -1 disconnected.
[kafka-admin-client-thread | adminclient-11] WARN org.apache.kafka.clients.NetworkClient - [AdminClient clientId=adminclient-11] Connection to node -1 (localhost/127.0.0.1:9092) could not be established. Broker may not be available.
[kafka-admin-client-thread | adminclient-12] INFO org.apache.kafka.clients.NetworkClient - [AdminClient clientId=adminclient-12] Node -1 disconnected.
[kafka-admin-client-thread | adminclient-12] WARN org.apache.kafka.clients.NetworkClient - [AdminClient clientId=adminclient-12] Connection to node -1 (localhost/127.0.0.1:9092) could not be established. Broker may not be available.
[kafka-admin-client-thread | adminclient-2] INFO org.apache.kafka.clients.NetworkClient - [AdminClient clientId=adminclient-2] Node -1 disconnected.
[kafka-admin-client-thread | adminclient-2] WARN org.apache.kafka.clients.NetworkClient - [AdminClient clientId=adminclient-2] Connection to node -1 (localhost/127.0.0.1:9092) could not be established. Broker may not be available.
[kafka-admin-client-thread | adminclient-10] INFO org.apache.kafka.clients.NetworkClient - [AdminClient clientId=adminclient-10] Node -1 disconnected.
[kafka-admin-client-thread | adminclient-10] WARN org.apache.kafka.clients.NetworkClient - [AdminClient clientId=adminclient-10] Connection to node -1 (localhost/127.0.0.1:9092) could not be established. Broker may not be available.
[kafka-admin-client-thread | adminclient-21] INFO org.apache.kafka.clients.NetworkClient - [AdminClient clientId=adminclient-21] Node -1 disconnected.
[kafka-admin-client-thread | adminclient-21] WARN org.apache.kafka.clients.NetworkClient - [AdminClient clientId=adminclient-21] Connection to node -1 (localhost/127.0.0.1:9092) could not be established. Broker may not be available.
[kafka-admin-client-thread | adminclient-8] INFO org.apache.kafka.clients.NetworkClient - [AdminClient clientId=adminclient-8] Node -1 disconnected.
[kafka-admin-client-thread | adminclient-8] WARN org.apache.kafka.clients.NetworkClient - [AdminClient clientId=adminclient-8] Connection to node -1 (localhost/127.0.0.1:9092) could not be established. Broker may not be available.
[kafka-admin-client-thread | adminclient-17] INFO org.apache.kafka.clients.NetworkClient - [AdminClient clientId=adminclient-17] Node -1 disconnected.
[kafka-admin-client-thread | adminclient-17] WARN org.apache.kafka.clients.NetworkClient - [AdminClient clientId=adminclient-17] Connection to node -1 (localhost/127.0.0.1:9092) could not be established. Broker may not be available.
[kafka-admin-client-thread | adminclient-19] INFO org.apache.kafka.clients.NetworkClient - [AdminClient clientId=adminclient-19] Node -1 disconnected.
[kafka-admin-client-thread | adminclient-19] WARN org.apache.kafka.clients.NetworkClient - [AdminClient clientId=adminclient-19] Connection to node -1 (localhost/127.0.0.1:9092) could not be established. Broker may not be available.
[kafka-admin-client-thread | adminclient-22] INFO org.apache.kafka.clients.NetworkClient - [AdminClient clientId=adminclient-22] Node -1 disconnected.
[kafka-admin-client-thread | adminclient-22] WARN org.apache.kafka.clients.NetworkClient - [AdminClient clientId=adminclient-22] Connection to node -1 (localhost/127.0.0.1:9092) could not be established. Broker may not be available.
[kafka-admin-client-thread | adminclient-9] INFO org.apache.kafka.clients.NetworkClient - [AdminClient clientId=adminclient-9] Node -1 disconnected.
[kafka-admin-client-thread | adminclient-9] WARN org.apache.kafka.clients.NetworkClient - [AdminClient clientId=adminclient-9] Connection to node -1 (localhost/127.0.0.1:9092) could not be established. Broker may not be available.
[kafka-admin-client-thread | adminclient-14] INFO org.apache.kafka.clients.NetworkClient - [AdminClient clientId=adminclient-14] Node -1 disconnected.
[kafka-admin-client-thread | adminclient-14] WARN org.apache.kafka.clients.NetworkClient - [AdminClient clientId=adminclient-14] Connection to node -1 (localhost/127.0.0.1:9092) could not be established. Broker may not be available.
[kafka-admin-client-thread | adminclient-1] INFO org.apache.kafka.clients.NetworkClient - [AdminClient clientId=adminclient-1] Node -1 disconnected.
[kafka-admin-client-thread | adminclient-1] WARN org.apache.kafka.clients.NetworkClient - [AdminClient clientId=adminclient-1] Connection to node -1 (localhost/127.0.0.1:9092) could not be established. Broker may not be available.
[kafka-admin-client-thread | adminclient-18] INFO org.apache.kafka.clients.NetworkClient - [AdminClient clientId=adminclient-18] Node -1 disconnected.
[kafka-admin-client-thread | adminclient-18] WARN org.apache.kafka.clients.NetworkClient - [AdminClient clientId=adminclient-18] Connection to node -1 (localhost/127.0.0.1:9092) could not be established. Broker may not be available.
[kafka-admin-client-thread | adminclient-24] INFO org.apache.kafka.clients.NetworkClient - [AdminClient clientId=adminclient-24] Node -1 disconnected.
[kafka-admin-client-thread | adminclient-24] WARN org.apache.kafka.clients.NetworkClient - [AdminClient clientId=adminclient-24] Connection to node -1 (localhost/127.0.0.1:9092) could not be established. Broker may not be available.
[kafka-admin-client-thread | adminclient-25] INFO org.apache.kafka.clients.NetworkClient - [AdminClient clientId=adminclient-25] Node -1 disconnected.
[kafka-admin-client-thread | adminclient-25] WARN org.apache.kafka.clients.NetworkClient - [AdminClient clientId=adminclient-25] Connection to node -1 (localhost/127.0.0.1:9092) could not be established. Broker may not be available.
[kafka-admin-client-thread | adminclient-13] INFO org.apache.kafka.clients.NetworkClient - [AdminClient clientId=adminclient-13] Node -1 disconnected.
[kafka-admin-client-thread | adminclient-13] WARN org.apache.kafka.clients.NetworkClient - [AdminClient clientId=adminclient-13] Connection to node -1 (localhost/127.0.0.1:9092) could not be established. Broker may not be available.
[kafka-admin-client-thread | adminclient-28] INFO org.apache.kafka.clients.NetworkClient - [AdminClient clientId=adminclient-28] Node -1 disconnected.
[kafka-admin-client-thread | adminclient-28] WARN org.apache.kafka.clients.NetworkClient - [AdminClient clientId=adminclient-28] Connection to node -1 (localhost/127.0.0.1:9092) could not be established. Broker may not be available.
[kafka-admin-client-thread | adminclient-20] INFO org.apache.kafka.clients.NetworkClient - [AdminClient clientId=adminclient-20] Node -1 disconnected.
[kafka-admin-client-thread | adminclient-20] WARN org.apache.kafka.clients.NetworkClient - [AdminClient clientId=adminclient-20] Connection to node -1 (localhost/127.0.0.1:9092) could not be established. Broker may not be available.
[kafka-admin-client-thread | adminclient-23] INFO org.apache.kafka.clients.NetworkClient - [AdminClient clientId=adminclient-23] Node -1 disconnected.
[kafka-admin-client-thread | adminclient-23] WARN org.apache.kafka.clients.NetworkClient - [AdminClient clientId=adminclient-23] Connection to node -1 (localhost/127.0.0.1:9092) could not be established. Broker may not be available.
[kafka-admin-client-thread | adminclient-26] INFO org.apache.kafka.clients.NetworkClient - [AdminClient clientId=adminclient-26] Node -1 disconnected.
[kafka-admin-client-thread | adminclient-26] WARN org.apache.kafka.clients.NetworkClient - [AdminClient clientId=adminclient-26] Connection to node -1 (localhost/127.0.0.1:9092) could not be established. Broker may not be available.
[kafka-admin-client-thread | adminclient-3] INFO org.apache.kafka.clients.NetworkClient - [AdminClient clientId=adminclient-3] Node -1 disconnected.
[kafka-admin-client-thread | adminclient-3] WARN org.apache.kafka.clients.NetworkClient - [AdminClient clientId=adminclient-3] Connection to node -1 (localhost/127.0.0.1:9092) could not be established. Broker may not be available.
[kafka-admin-client-thread | adminclient-15] INFO org.apache.kafka.clients.NetworkClient - [AdminClient clientId=adminclient-15] Node -1 disconnected.
[kafka-admin-client-thread | adminclient-15] WARN org.apache.kafka.clients.NetworkClient - [AdminClient clientId=adminclient-15] Connection to node -1 (localhost/127.0.0.1:9092) could not be established. Broker may not be available.
[kafka-admin-client-thread | adminclient-16] INFO org.apache.kafka.clients.NetworkClient - [AdminClient clientId=adminclient-16] Node -1 disconnected.
[kafka-admin-client-thread | adminclient-27] INFO org.apache.kafka.clients.NetworkClient - [AdminClient clientId=adminclient-27] Node -1 disconnected.
[kafka-admin-client-thread | adminclient-16] WARN org.apache.kafka.clients.NetworkClient - [AdminClient clientId=adminclient-16] Connection to node -1 (localhost/127.0.0.1:9092) could not be established. Broker may not be available.
[kafka-admin-client-thread | adminclient-27] WARN org.apache.kafka.clients.NetworkClient - [AdminClient clientId=adminclient-27] Connection to node -1 (localhost/127.0.0.1:9092) could not be established. Broker may not be available.
[kafka-admin-client-thread | adminclient-4] INFO org.apache.kafka.clients.NetworkClient - [AdminClient clientId=adminclient-4] Node -1 disconnected.
[kafka-admin-client-thread | adminclient-4] WARN org.apache.kafka.clients.NetworkClient - [AdminClient clientId=adminclient-4] Connection to node -1 (localhost/127.0.0.1:9092) could not be established. Broker may not be available.
[kafka-admin-client-thread | adminclient-7] INFO org.apache.kafka.clients.NetworkClient - [AdminClient clientId=adminclient-7] Node -1 disconnected.
[kafka-admin-client-thread | adminclient-7] WARN org.apache.kafka.clients.NetworkClient - [AdminClient clientId=adminclient-7] Connection to node -1 (localhost/127.0.0.1:9092) could not be established. Broker may not be available.
[kafka-admin-client-thread | adminclient-11] INFO org.apache.kafka.clients.NetworkClient - [AdminClient clientId=adminclient-11] Node -1 disconnected.
[kafka-admin-client-thread | adminclient-11] WARN org.apache.kafka.clients.NetworkClient - [AdminClient clientId=adminclient-11] Connection to node -1 (localhost/127.0.0.1:9092) could not be established. Broker may not be available.
[kafka-admin-client-thread | adminclient-21] INFO org.apache.kafka.clients.NetworkClient - [AdminClient clientId=adminclient-21] Node -1 disconnected.
[kafka-admin-client-thread | adminclient-21] WARN org.apache.kafka.clients.NetworkClient - [AdminClient clientId=adminclient-21] Connection to node -1 (localhost/127.0.0.1:9092) could not be established. Broker may not be available.
[kafka-admin-client-thread | adminclient-10] INFO org.apache.kafka.clients.NetworkClient - [AdminClient clientId=adminclient-10] Node -1 disconnected.
[kafka-admin-client-thread | adminclient-10] WARN org.apache.kafka.clients.NetworkClient - [AdminClient clientId=adminclient-10] Connection to node -1 (localhost/127.0.0.1:9092) could not be established. Broker may not be available.
[kafka-admin-client-thread | adminclient-12] INFO org.apache.kafka.clients.NetworkClient - [AdminClient clientId=adminclient-12] Node -1 disconnected.
[kafka-admin-client-thread | adminclient-12] WARN org.apache.kafka.clients.NetworkClient - [AdminClient clientId=adminclient-12] Connection to node -1 (localhost/127.0.0.1:9092) could not be established. Broker may not be available.
[kafka-admin-client-thread | adminclient-8] INFO org.apache.kafka.clients.NetworkClient - [AdminClient clientId=adminclient-8] Node -1 disconnected.
[kafka-admin-client-thread | adminclient-8] WARN org.apache.kafka.clients.NetworkClient - [AdminClient clientId=adminclient-8] Connection to node -1 (localhost/127.0.0.1:9092) could not be established. Broker may not be available.
[kafka-admin-client-thread | adminclient-18] INFO org.apache.kafka.clients.NetworkClient - [AdminClient clientId=adminclient-18] Node -1 disconnected.
[kafka-admin-client-thread | adminclient-2] INFO org.apache.kafka.clients.NetworkClient - [AdminClient clientId=adminclient-2] Node -1 disconnected.
[kafka-admin-client-thread | adminclient-18] WARN org.apache.kafka.clients.NetworkClient - [AdminClient clientId=adminclient-18] Connection to node -1 (localhost/127.0.0.1:9092) could not be established. Broker may not be available.
[kafka-admin-client-thread | adminclient-2] WARN org.apache.kafka.clients.NetworkClient - [AdminClient clientId=adminclient-2] Connection to node -1 (localhost/127.0.0.1:9092) could not be established. Broker may not be available.
[kafka-admin-client-thread | adminclient-19] INFO org.apache.kafka.clients.NetworkClient - [AdminClient clientId=adminclient-19] Node -1 disconnected.
[kafka-admin-client-thread | adminclient-19] WARN org.apache.kafka.clients.NetworkClient - [AdminClient clientId=adminclient-19] Connection to node -1 (localhost/127.0.0.1:9092) could not be established. Broker may not be available.
[kafka-admin-client-thread | adminclient-22] INFO org.apache.kafka.clients.NetworkClient - [AdminClient clientId=adminclient-22] Node -1 disconnected.
[kafka-admin-client-thread | adminclient-22] WARN org.apache.kafka.clients.NetworkClient - [AdminClient clientId=adminclient-22] Connection to node -1 (localhost/127.0.0.1:9092) could not be established. Broker may not be available.
[kafka-admin-client-thread | adminclient-14] INFO org.apache.kafka.clients.NetworkClient - [AdminClient clientId=adminclient-14] Node -1 disconnected.
[kafka-admin-client-thread | adminclient-14] WARN org.apache.kafka.clients.NetworkClient - [AdminClient clientId=adminclient-14] Connection to node -1 (localhost/127.0.0.1:9092) could not be established. Broker may not be available.
[kafka-admin-client-thread | adminclient-13] INFO org.apache.kafka.clients.NetworkClient - [AdminClient clientId=adminclient-13] Node -1 disconnected.
[kafka-admin-client-thread | adminclient-13] WARN org.apache.kafka.clients.NetworkClient - [AdminClient clientId=adminclient-13] Connection to node -1 (localhost/127.0.0.1:9092) could not be established. Broker may not be available.
[kafka-admin-client-thread | adminclient-15] INFO org.apache.kafka.clients.NetworkClient - [AdminClient clientId=adminclient-15] Node -1 disconnected.
[kafka-admin-client-thread | adminclient-15] WARN org.apache.kafka.clients.NetworkClient - [AdminClient clientId=adminclient-15] Connection to node -1 (localhost/127.0.0.1:9092) could not be established. Broker may not be available.
[kafka-admin-client-thread | adminclient-23] INFO org.apache.kafka.clients.NetworkClient - [AdminClient clientId=adminclient-23] Node -1 disconnected.
[kafka-admin-client-thread | adminclient-24] INFO org.apache.kafka.clients.NetworkClient - [AdminClient clientId=adminclient-24] Node -1 disconnected.
[kafka-admin-client-thread | adminclient-23] WARN org.apache.kafka.clients.NetworkClient - [AdminClient clientId=adminclient-23] Connection to node -1 (localhost/127.0.0.1:9092) could not be established. Broker may not be available.
[kafka-admin-client-thread | adminclient-24] WARN org.apache.kafka.clients.NetworkClient - [AdminClient clientId=adminclient-24] Connection to node -1 (localhost/127.0.0.1:9092) could not be established. Broker may not be available.
[kafka-admin-client-thread | adminclient-25] INFO org.apache.kafka.clients.NetworkClient - [AdminClient clientId=adminclient-25] Node -1 disconnected.
[kafka-admin-client-thread | adminclient-9] INFO org.apache.kafka.clients.NetworkClient - [AdminClient clientId=adminclient-9] Node -1 disconnected.
[kafka-admin-client-thread | adminclient-26] INFO org.apache.kafka.clients.NetworkClient - [AdminClient clientId=adminclient-26] Node -1 disconnected.
[kafka-admin-client-thread | adminclient-25] WARN org.apache.kafka.clients.NetworkClient - [AdminClient clientId=adminclient-25] Connection to node -1 (localhost/127.0.0.1:9092) could not be established. Broker may not be available.
[kafka-admin-client-thread | adminclient-9] WARN org.apache.kafka.clients.NetworkClient - [AdminClient clientId=adminclient-9] Connection to node -1 (localhost/127.0.0.1:9092) could not be established. Broker may not be available.
[kafka-admin-client-thread | adminclient-26] WARN org.apache.kafka.clients.NetworkClient - [AdminClient clientId=adminclient-26] Connection to node -1 (localhost/127.0.0.1:9092) could not be established. Broker may not be available.
[kafka-admin-client-thread | adminclient-3] INFO org.apache.kafka.clients.NetworkClient - [AdminClient clientId=adminclient-3] Node -1 disconnected.
[kafka-admin-client-thread | adminclient-3] WARN org.apache.kafka.clients.NetworkClient - [AdminClient clientId=adminclient-3] Connection to node -1 (localhost/127.0.0.1:9092) could not be established. Broker may not be available.
[kafka-admin-client-thread | adminclient-28] INFO org.apache.kafka.clients.NetworkClient - [AdminClient clientId=adminclient-28] Node -1 disconnected.
[kafka-admin-client-thread | adminclient-28] WARN org.apache.kafka.clients.NetworkClient - [AdminClient clientId=adminclient-28] Connection to node -1 (localhost/127.0.0.1:9092) could not be established. Broker may not be available.
[kafka-admin-client-thread | adminclient-1] INFO org.apache.kafka.clients.NetworkClient - [AdminClient clientId=adminclient-1] Node -1 disconnected.
[kafka-admin-client-thread | adminclient-1] WARN org.apache.kafka.clients.NetworkClient - [AdminClient clientId=adminclient-1] Connection to node -1 (localhost/127.0.0.1:9092) could not be established. Broker may not be available.
[kafka-admin-client-thread | adminclient-17] INFO org.apache.kafka.clients.NetworkClient - [AdminClient clientId=adminclient-17] Node -1 disconnected.
[kafka-admin-client-thread | adminclient-17] WARN org.apache.kafka.clients.NetworkClient - [AdminClient clientId=adminclient-17] Connection to node -1 (localhost/127.0.0.1:9092) could not be established. Broker may not be available.
[kafka-admin-client-thread | adminclient-4] INFO org.apache.kafka.clients.NetworkClient - [AdminClient clientId=adminclient-4] Node -1 disconnected.
[kafka-admin-client-thread | adminclient-4] WARN org.apache.kafka.clients.NetworkClient - [AdminClient clientId=adminclient-4] Connection to node -1 (localhost/127.0.0.1:9092) could not be established. Broker may not be available.
[kafka-admin-client-thread | adminclient-20] INFO org.apache.kafka.clients.NetworkClient - [AdminClient clientId=adminclient-20] Node -1 disconnected.
[kafka-admin-client-thread | adminclient-20] WARN org.apache.kafka.clients.NetworkClient - [AdminClient clientId=adminclient-20] Connection to node -1 (localhost/127.0.0.1:9092) could not be established. Broker may not be available.
[kafka-admin-client-thread | adminclient-16] INFO org.apache.kafka.clients.NetworkClient - [AdminClient clientId=adminclient-16] Node -1 disconnected.
[kafka-admin-client-thread | adminclient-27] INFO org.apache.kafka.clients.NetworkClient - [AdminClient clientId=adminclient-27] Node -1 disconnected.
[kafka-admin-client-thread | adminclient-16] WARN org.apache.kafka.clients.NetworkClient - [AdminClient clientId=adminclient-16] Connection to node -1 (localhost/127.0.0.1:9092) could not be established. Broker may not be available.
[kafka-admin-client-thread | adminclient-27] WARN org.apache.kafka.clients.NetworkClient - [AdminClient clientId=adminclient-27] Connection to node -1 (localhost/127.0.0.1:9092) could not be established. Broker may not be available.
[kafka-admin-client-thread | adminclient-7] INFO org.apache.kafka.clients.NetworkClient - [AdminClient clientId=adminclient-7] Node -1 disconnected.
[kafka-admin-client-thread | adminclient-7] WARN org.apache.kafka.clients.NetworkClient - [AdminClient clientId=adminclient-7] Connection to node -1 (localhost/127.0.0.1:9092) could not be established. Broker may not be available.
[kafka-admin-client-thread | adminclient-10] INFO org.apache.kafka.clients.NetworkClient - [AdminClient clientId=adminclient-10] Node -1 disconnected.
[kafka-admin-client-thread | adminclient-10] WARN org.apache.kafka.clients.NetworkClient - [AdminClient clientId=adminclient-10] Connection to node -1 (localhost/127.0.0.1:9092) could not be established. Broker may not be available.
[kafka-admin-client-thread | adminclient-11] INFO org.apache.kafka.clients.NetworkClient - [AdminClient clientId=adminclient-11] Node -1 disconnected.
[kafka-admin-client-thread | adminclient-11] WARN org.apache.kafka.clients.NetworkClient - [AdminClient clientId=adminclient-11] Connection to node -1 (localhost/127.0.0.1:9092) could not be established. Broker may not be available.
[kafka-admin-client-thread | adminclient-12] INFO org.apache.kafka.clients.NetworkClient - [AdminClient clientId=adminclient-12] Node -1 disconnected.
[kafka-admin-client-thread | adminclient-12] WARN org.apache.kafka.clients.NetworkClient - [AdminClient clientId=adminclient-12] Connection to node -1 (localhost/127.0.0.1:9092) could not be established. Broker may not be available.
[kafka-admin-client-thread | adminclient-2] INFO org.apache.kafka.clients.NetworkClient - [AdminClient clientId=adminclient-2] Node -1 disconnected.
[kafka-admin-client-thread | adminclient-2] WARN org.apache.kafka.clients.NetworkClient - [AdminClient clientId=adminclient-2] Connection to node -1 (localhost/127.0.0.1:9092) could not be established. Broker may not be available.
[kafka-admin-client-thread | adminclient-21] INFO org.apache.kafka.clients.NetworkClient - [AdminClient clientId=adminclient-21] Node -1 disconnected.
[kafka-admin-client-thread | adminclient-21] WARN org.apache.kafka.clients.NetworkClient - [AdminClient clientId=adminclient-21] Connection to node -1 (localhost/127.0.0.1:9092) could not be established. Broker may not be available.
[kafka-admin-client-thread | adminclient-9] INFO org.apache.kafka.clients.NetworkClient - [AdminClient clientId=adminclient-9] Node -1 disconnected.
[kafka-admin-client-thread | adminclient-26] INFO org.apache.kafka.clients.NetworkClient - [AdminClient clientId=adminclient-26] Node -1 disconnected.
[kafka-admin-client-thread | adminclient-9] WARN org.apache.kafka.clients.NetworkClient - [AdminClient clientId=adminclient-9] Connection to node -1 (localhost/127.0.0.1:9092) could not be established. Broker may not be available.
[kafka-admin-client-thread | adminclient-26] WARN org.apache.kafka.clients.NetworkClient - [AdminClient clientId=adminclient-26] Connection to node -1 (localhost/127.0.0.1:9092) could not be established. Broker may not be available.
[kafka-admin-client-thread | adminclient-13] INFO org.apache.kafka.clients.NetworkClient - [AdminClient clientId=adminclient-13] Node -1 disconnected.
[kafka-admin-client-thread | adminclient-13] WARN org.apache.kafka.clients.NetworkClient - [AdminClient clientId=adminclient-13] Connection to node -1 (localhost/127.0.0.1:9092) could not be established. Broker may not be available.
[kafka-admin-client-thread | adminclient-8] INFO org.apache.kafka.clients.NetworkClient - [AdminClient clientId=adminclient-8] Node -1 disconnected.
[kafka-admin-client-thread | adminclient-8] WARN org.apache.kafka.clients.NetworkClient - [AdminClient clientId=adminclient-8] Connection to node -1 (localhost/127.0.0.1:9092) could not be established. Broker may not be available.
[kafka-admin-client-thread | adminclient-18] INFO org.apache.kafka.clients.NetworkClient - [AdminClient clientId=adminclient-18] Node -1 disconnected.
[kafka-admin-client-thread | adminclient-18] WARN org.apache.kafka.clients.NetworkClient - [AdminClient clientId=adminclient-18] Connection to node -1 (localhost/127.0.0.1:9092) could not be established. Broker may not be available.
[kafka-admin-client-thread | adminclient-19] INFO org.apache.kafka.clients.NetworkClient - [AdminClient clientId=adminclient-19] Node -1 disconnected.
[kafka-admin-client-thread | adminclient-19] WARN org.apache.kafka.clients.NetworkClient - [AdminClient clientId=adminclient-19] Connection to node -1 (localhost/127.0.0.1:9092) could not be established. Broker may not be available.
[kafka-admin-client-thread | adminclient-22] INFO org.apache.kafka.clients.NetworkClient - [AdminClient clientId=adminclient-22] Node -1 disconnected.
[kafka-admin-client-thread | adminclient-22] WARN org.apache.kafka.clients.NetworkClient - [AdminClient clientId=adminclient-22] Connection to node -1 (localhost/127.0.0.1:9092) could not be established. Broker may not be available.
[kafka-admin-client-thread | adminclient-24] INFO org.apache.kafka.clients.NetworkClient - [AdminClient clientId=adminclient-24] Node -1 disconnected.
[kafka-admin-client-thread | adminclient-24] WARN org.apache.kafka.clients.NetworkClient - [AdminClient clientId=adminclient-24] Connection to node -1 (localhost/127.0.0.1:9092) could not be established. Broker may not be available.
[kafka-admin-client-thread | adminclient-14] INFO org.apache.kafka.clients.NetworkClient - [AdminClient clientId=adminclient-14] Node -1 disconnected.
[kafka-admin-client-thread | adminclient-14] WARN org.apache.kafka.clients.NetworkClient - [AdminClient clientId=adminclient-14] Connection to node -1 (localhost/127.0.0.1:9092) could not be established. Broker may not be available.
[kafka-admin-client-thread | adminclient-15] INFO org.apache.kafka.clients.NetworkClient - [AdminClient clientId=adminclient-15] Node -1 disconnected.
[kafka-admin-client-thread | adminclient-15] WARN org.apache.kafka.clients.NetworkClient - [AdminClient clientId=adminclient-15] Connection to node -1 (localhost/127.0.0.1:9092) could not be established. Broker may not be available.
[kafka-admin-client-thread | adminclient-23] INFO org.apache.kafka.clients.NetworkClient - [AdminClient clientId=adminclient-23] Node -1 disconnected.
[kafka-admin-client-thread | adminclient-23] WARN org.apache.kafka.clients.NetworkClient - [AdminClient clientId=adminclient-23] Connection to node -1 (localhost/127.0.0.1:9092) could not be established. Broker may not be available.
[kafka-admin-client-thread | adminclient-4] INFO org.apache.kafka.clients.NetworkClient - [AdminClient clientId=adminclient-4] Node -1 disconnected.
[kafka-admin-client-thread | adminclient-4] WARN org.apache.kafka.clients.NetworkClient - [AdminClient clientId=adminclient-4] Connection to node -1 (localhost/127.0.0.1:9092) could not be established. Broker may not be available.
[kafka-admin-client-thread | adminclient-1] INFO org.apache.kafka.clients.NetworkClient - [AdminClient clientId=adminclient-1] Node -1 disconnected.
[kafka-admin-client-thread | adminclient-1] WARN org.apache.kafka.clients.NetworkClient - [AdminClient clientId=adminclient-1] Connection to node -1 (localhost/127.0.0.1:9092) could not be established. Broker may not be available.
[kafka-admin-client-thread | adminclient-17] INFO org.apache.kafka.clients.NetworkClient - [AdminClient clientId=adminclient-17] Node -1 disconnected.
[kafka-admin-client-thread | adminclient-17] WARN org.apache.kafka.clients.NetworkClient - [AdminClient clientId=adminclient-17] Connection to node -1 (localhost/127.0.0.1:9092) could not be established. Broker may not be available.
[kafka-admin-client-thread | adminclient-3] INFO org.apache.kafka.clients.NetworkClient - [AdminClient clientId=adminclient-3] Node -1 disconnected.
[kafka-admin-client-thread | adminclient-25] INFO org.apache.kafka.clients.NetworkClient - [AdminClient clientId=adminclient-25] Node -1 disconnected.
[kafka-admin-client-thread | adminclient-3] WARN org.apache.kafka.clients.NetworkClient - [AdminClient clientId=adminclient-3] Connection to node -1 (localhost/127.0.0.1:9092) could not be established. Broker may not be available.
[kafka-admin-client-thread | adminclient-25] WARN org.apache.kafka.clients.NetworkClient - [AdminClient clientId=adminclient-25] Connection to node -1 (localhost/127.0.0.1:9092) could not be established. Broker may not be available.
[kafka-admin-client-thread | adminclient-28] INFO org.apache.kafka.clients.NetworkClient - [AdminClient clientId=adminclient-28] Node -1 disconnected.
[kafka-admin-client-thread | adminclient-28] WARN org.apache.kafka.clients.NetworkClient - [AdminClient clientId=adminclient-28] Connection to node -1 (localhost/127.0.0.1:9092) could not be established. Broker may not be available.
[kafka-admin-client-thread | adminclient-20] INFO org.apache.kafka.clients.NetworkClient - [AdminClient clientId=adminclient-20] Node -1 disconnected.
[kafka-admin-client-thread | adminclient-20] WARN org.apache.kafka.clients.NetworkClient - [AdminClient clientId=adminclient-20] Connection to node -1 (localhost/127.0.0.1:9092) could not be established. Broker may not be available.
[kafka-admin-client-thread | adminclient-7] INFO org.apache.kafka.clients.NetworkClient - [AdminClient clientId=adminclient-7] Node -1 disconnected.
[kafka-admin-client-thread | adminclient-7] WARN org.apache.kafka.clients.NetworkClient - [AdminClient clientId=adminclient-7] Connection to node -1 (localhost/127.0.0.1:9092) could not be established. Broker may not be available.
[kafka-admin-client-thread | adminclient-27] INFO org.apache.kafka.clients.NetworkClient - [AdminClient clientId=adminclient-27] Node -1 disconnected.
[kafka-admin-client-thread | adminclient-27] WARN org.apache.kafka.clients.NetworkClient - [AdminClient clientId=adminclient-27] Connection to node -1 (localhost/127.0.0.1:9092) could not be established. Broker may not be available.
[kafka-admin-client-thread | adminclient-16] INFO org.apache.kafka.clients.NetworkClient - [AdminClient clientId=adminclient-16] Node -1 disconnected.
[kafka-admin-client-thread | adminclient-16] WARN org.apache.kafka.clients.NetworkClient - [AdminClient clientId=adminclient-16] Connection to node -1 (localhost/127.0.0.1:9092) could not be established. Broker may not be available.
[kafka-admin-client-thread | adminclient-11] INFO org.apache.kafka.clients.NetworkClient - [AdminClient clientId=adminclient-11] Node -1 disconnected.
[kafka-admin-client-thread | adminclient-11] WARN org.apache.kafka.clients.NetworkClient - [AdminClient clientId=adminclient-11] Connection to node -1 (localhost/127.0.0.1:9092) could not be established. Broker may not be available.
[kafka-admin-client-thread | adminclient-2] INFO org.apache.kafka.clients.NetworkClient - [AdminClient clientId=adminclient-2] Node -1 disconnected.
[kafka-admin-client-thread | adminclient-2] WARN org.apache.kafka.clients.NetworkClient - [AdminClient clientId=adminclient-2] Connection to node -1 (localhost/127.0.0.1:9092) could not be established. Broker may not be available.
[kafka-admin-client-thread | adminclient-9] INFO org.apache.kafka.clients.NetworkClient - [AdminClient clientId=adminclient-9] Node -1 disconnected.
[kafka-admin-client-thread | adminclient-9] WARN org.apache.kafka.clients.NetworkClient - [AdminClient clientId=adminclient-9] Connection to node -1 (localhost/127.0.0.1:9092) could not be established. Broker may not be available.
[kafka-admin-client-thread | adminclient-18] INFO org.apache.kafka.clients.NetworkClient - [AdminClient clientId=adminclient-18] Node -1 disconnected.
[kafka-admin-client-thread | adminclient-18] WARN org.apache.kafka.clients.NetworkClient - [AdminClient clientId=adminclient-18] Connection to node -1 (localhost/127.0.0.1:9092) could not be established. Broker may not be available.
[kafka-admin-client-thread | adminclient-10] INFO org.apache.kafka.clients.NetworkClient - [AdminClient clientId=adminclient-10] Node -1 disconnected.
[kafka-admin-client-thread | adminclient-26] INFO org.apache.kafka.clients.NetworkClient - [AdminClient clientId=adminclient-26] Node -1 disconnected.
[kafka-admin-client-thread | adminclient-10] WARN org.apache.kafka.clients.NetworkClient - [AdminClient clientId=adminclient-10] Connection to node -1 (localhost/127.0.0.1:9092) could not be established. Broker may not be available.
[kafka-admin-client-thread | adminclient-26] WARN org.apache.kafka.clients.NetworkClient - [AdminClient clientId=adminclient-26] Connection to node -1 (localhost/127.0.0.1:9092) could not be established. Broker may not be available.
[kafka-admin-client-thread | adminclient-21] INFO org.apache.kafka.clients.NetworkClient - [AdminClient clientId=adminclient-21] Node -1 disconnected.
[kafka-admin-client-thread | adminclient-21] WARN org.apache.kafka.clients.NetworkClient - [AdminClient clientId=adminclient-21] Connection to node -1 (localhost/127.0.0.1:9092) could not be established. Broker may not be available.
[kafka-admin-client-thread | adminclient-22] INFO org.apache.kafka.clients.NetworkClient - [AdminClient clientId=adminclient-22] Node -1 disconnected.
[kafka-admin-client-thread | adminclient-22] WARN org.apache.kafka.clients.NetworkClient - [AdminClient clientId=adminclient-22] Connection to node -1 (localhost/127.0.0.1:9092) could not be established. Broker may not be available.
[kafka-admin-client-thread | adminclient-12] INFO org.apache.kafka.clients.NetworkClient - [AdminClient clientId=adminclient-12] Node -1 disconnected.
[kafka-admin-client-thread | adminclient-12] WARN org.apache.kafka.clients.NetworkClient - [AdminClient clientId=adminclient-12] Connection to node -1 (localhost/127.0.0.1:9092) could not be established. Broker may not be available.
[kafka-admin-client-thread | adminclient-8] INFO org.apache.kafka.clients.NetworkClient - [AdminClient clientId=adminclient-8] Node -1 disconnected.
[kafka-admin-client-thread | adminclient-8] WARN org.apache.kafka.clients.NetworkClient - [AdminClient clientId=adminclient-8] Connection to node -1 (localhost/127.0.0.1:9092) could not be established. Broker may not be available.
[kafka-admin-client-thread | adminclient-23] INFO org.apache.kafka.clients.NetworkClient - [AdminClient clientId=adminclient-23] Node -1 disconnected.
[kafka-admin-client-thread | adminclient-23] WARN org.apache.kafka.clients.NetworkClient - [AdminClient clientId=adminclient-23] Connection to node -1 (localhost/127.0.0.1:9092) could not be established. Broker may not be available.
[kafka-admin-client-thread | adminclient-24] INFO org.apache.kafka.clients.NetworkClient - [AdminClient clientId=adminclient-24] Node -1 disconnected.
[kafka-admin-client-thread | adminclient-24] WARN org.apache.kafka.clients.NetworkClient - [AdminClient clientId=adminclient-24] Connection to node -1 (localhost/127.0.0.1:9092) could not be established. Broker may not be available.
[kafka-admin-client-thread | adminclient-14] INFO org.apache.kafka.clients.NetworkClient - [AdminClient clientId=adminclient-14] Node -1 disconnected.
[kafka-admin-client-thread | adminclient-14] WARN org.apache.kafka.clients.NetworkClient - [AdminClient clientId=adminclient-14] Connection to node -1 (localhost/127.0.0.1:9092) could not be established. Broker may not be available.
[kafka-admin-client-thread | adminclient-1] INFO org.apache.kafka.clients.NetworkClient - [AdminClient clientId=adminclient-1] Node -1 disconnected.
[kafka-admin-client-thread | adminclient-1] WARN org.apache.kafka.clients.NetworkClient - [AdminClient clientId=adminclient-1] Connection to node -1 (localhost/127.0.0.1:9092) could not be established. Broker may not be available.
[kafka-admin-client-thread | adminclient-19] INFO org.apache.kafka.clients.NetworkClient - [AdminClient clientId=adminclient-19] Node -1 disconnected.
[kafka-admin-client-thread | adminclient-19] WARN org.apache.kafka.clients.NetworkClient - [AdminClient clientId=adminclient-19] Connection to node -1 (localhost/127.0.0.1:9092) could not be established. Broker may not be available.
[kafka-admin-client-thread | adminclient-13] INFO org.apache.kafka.clients.NetworkClient - [AdminClient clientId=adminclient-13] Node -1 disconnected.
[kafka-admin-client-thread | adminclient-13] WARN org.apache.kafka.clients.NetworkClient - [AdminClient clientId=adminclient-13] Connection to node -1 (localhost/127.0.0.1:9092) could not be established. Broker may not be available.
[kafka-admin-client-thread | adminclient-17] INFO org.apache.kafka.clients.NetworkClient - [AdminClient clientId=adminclient-17] Node -1 disconnected.
[kafka-admin-client-thread | adminclient-17] WARN org.apache.kafka.clients.NetworkClient - [AdminClient clientId=adminclient-17] Connection to node -1 (localhost/127.0.0.1:9092) could not be established. Broker may not be available.
[kafka-admin-client-thread | adminclient-4] INFO org.apache.kafka.clients.NetworkClient - [AdminClient clientId=adminclient-4] Node -1 disconnected.
[kafka-admin-client-thread | adminclient-3] INFO org.apache.kafka.clients.NetworkClient - [AdminClient clientId=adminclient-3] Node -1 disconnected.
[kafka-admin-client-thread | adminclient-4] WARN org.apache.kafka.clients.NetworkClient - [AdminClient clientId=adminclient-4] Connection to node -1 (localhost/127.0.0.1:9092) could not be established. Broker may not be available.
[kafka-admin-client-thread | adminclient-3] WARN org.apache.kafka.clients.NetworkClient - [AdminClient clientId=adminclient-3] Connection to node -1 (localhost/127.0.0.1:9092) could not be established. Broker may not be available.
[kafka-admin-client-thread | adminclient-15] INFO org.apache.kafka.clients.NetworkClient - [AdminClient clientId=adminclient-15] Node -1 disconnected.
[kafka-admin-client-thread | adminclient-15] WARN org.apache.kafka.clients.NetworkClient - [AdminClient clientId=adminclient-15] Connection to node -1 (localhost/127.0.0.1:9092) could not be established. Broker may not be available.
[kafka-admin-client-thread | adminclient-28] INFO org.apache.kafka.clients.NetworkClient - [AdminClient clientId=adminclient-28] Node -1 disconnected.
[kafka-admin-client-thread | adminclient-28] WARN org.apache.kafka.clients.NetworkClient - [AdminClient clientId=adminclient-28] Connection to node -1 (localhost/127.0.0.1:9092) could not be established. Broker may not be available.
[kafka-admin-client-thread | adminclient-25] INFO org.apache.kafka.clients.NetworkClient - [AdminClient clientId=adminclient-25] Node -1 disconnected.
[kafka-admin-client-thread | adminclient-25] WARN org.apache.kafka.clients.NetworkClient - [AdminClient clientId=adminclient-25] Connection to node -1 (localhost/127.0.0.1:9092) could not be established. Broker may not be available.
[kafka-admin-client-thread | adminclient-16] INFO org.apache.kafka.clients.NetworkClient - [AdminClient clientId=adminclient-16] Node -1 disconnected.
[kafka-admin-client-thread | adminclient-16] WARN org.apache.kafka.clients.NetworkClient - [AdminClient clientId=adminclient-16] Connection to node -1 (localhost/127.0.0.1:9092) could not be established. Broker may not be available.
[kafka-admin-client-thread | adminclient-20] INFO org.apache.kafka.clients.NetworkClient - [AdminClient clientId=adminclient-20] Node -1 disconnected.
[kafka-admin-client-thread | adminclient-20] WARN org.apache.kafka.clients.NetworkClient - [AdminClient clientId=adminclient-20] Connection to node -1 (localhost/127.0.0.1:9092) could not be established. Broker may not be available.
[kafka-admin-client-thread | adminclient-11] INFO org.apache.kafka.clients.NetworkClient - [AdminClient clientId=adminclient-11] Node -1 disconnected.
[kafka-admin-client-thread | adminclient-11] WARN org.apache.kafka.clients.NetworkClient - [AdminClient clientId=adminclient-11] Connection to node -1 (localhost/127.0.0.1:9092) could not be established. Broker may not be available.
[kafka-admin-client-thread | adminclient-7] INFO org.apache.kafka.clients.NetworkClient - [AdminClient clientId=adminclient-7] Node -1 disconnected.
[kafka-admin-client-thread | adminclient-7] WARN org.apache.kafka.clients.NetworkClient - [AdminClient clientId=adminclient-7] Connection to node -1 (localhost/127.0.0.1:9092) could not be established. Broker may not be available.
[kafka-admin-client-thread | adminclient-27] INFO org.apache.kafka.clients.NetworkClient - [AdminClient clientId=adminclient-27] Node -1 disconnected.
[kafka-admin-client-thread | adminclient-27] WARN org.apache.kafka.clients.NetworkClient - [AdminClient clientId=adminclient-27] Connection to node -1 (localhost/127.0.0.1:9092) could not be established. Broker may not be available.
[kafka-admin-client-thread | adminclient-9] INFO org.apache.kafka.clients.NetworkClient - [AdminClient clientId=adminclient-9] Node -1 disconnected.
[kafka-admin-client-thread | adminclient-9] WARN org.apache.kafka.clients.NetworkClient - [AdminClient clientId=adminclient-9] Connection to node -1 (localhost/127.0.0.1:9092) could not be established. Broker may not be available.
[kafka-admin-client-thread | adminclient-2] INFO org.apache.kafka.clients.NetworkClient - [AdminClient clientId=adminclient-2] Node -1 disconnected.
[kafka-admin-client-thread | adminclient-2] WARN org.apache.kafka.clients.NetworkClient - [AdminClient clientId=adminclient-2] Connection to node -1 (localhost/127.0.0.1:9092) could not be established. Broker may not be available.
[kafka-admin-client-thread | adminclient-26] INFO org.apache.kafka.clients.NetworkClient - [AdminClient clientId=adminclient-26] Node -1 disconnected.
[kafka-admin-client-thread | adminclient-10] INFO org.apache.kafka.clients.NetworkClient - [AdminClient clientId=adminclient-10] Node -1 disconnected.
[kafka-admin-client-thread | adminclient-26] WARN org.apache.kafka.clients.NetworkClient - [AdminClient clientId=adminclient-26] Connection to node -1 (localhost/127.0.0.1:9092) could not be established. Broker may not be available.
[kafka-admin-client-thread | adminclient-10] WARN org.apache.kafka.clients.NetworkClient - [AdminClient clientId=adminclient-10] Connection to node -1 (localhost/127.0.0.1:9092) could not be established. Broker may not be available.
[kafka-admin-client-thread | adminclient-21] INFO org.apache.kafka.clients.NetworkClient - [AdminClient clientId=adminclient-21] Node -1 disconnected.
[kafka-admin-client-thread | adminclient-21] WARN org.apache.kafka.clients.NetworkClient - [AdminClient clientId=adminclient-21] Connection to node -1 (localhost/127.0.0.1:9092) could not be established. Broker may not be available.
[kafka-admin-client-thread | adminclient-14] INFO org.apache.kafka.clients.NetworkClient - [AdminClient clientId=adminclient-14] Node -1 disconnected.
[kafka-admin-client-thread | adminclient-14] WARN org.apache.kafka.clients.NetworkClient - [AdminClient clientId=adminclient-14] Connection to node -1 (localhost/127.0.0.1:9092) could not be established. Broker may not be available.
[kafka-admin-client-thread | adminclient-18] INFO org.apache.kafka.clients.NetworkClient - [AdminClient clientId=adminclient-18] Node -1 disconnected.
[kafka-admin-client-thread | adminclient-18] WARN org.apache.kafka.clients.NetworkClient - [AdminClient clientId=adminclient-18] Connection to node -1 (localhost/127.0.0.1:9092) could not be established. Broker may not be available.
[kafka-admin-client-thread | adminclient-12] INFO org.apache.kafka.clients.NetworkClient - [AdminClient clientId=adminclient-12] Node -1 disconnected.
[kafka-admin-client-thread | adminclient-12] WARN org.apache.kafka.clients.NetworkClient - [AdminClient clientId=adminclient-12] Connection to node -1 (localhost/127.0.0.1:9092) could not be established. Broker may not be available.
[kafka-admin-client-thread | adminclient-22] INFO org.apache.kafka.clients.NetworkClient - [AdminClient clientId=adminclient-22] Node -1 disconnected.
[kafka-admin-client-thread | adminclient-22] WARN org.apache.kafka.clients.NetworkClient - [AdminClient clientId=adminclient-22] Connection to node -1 (localhost/127.0.0.1:9092) could not be established. Broker may not be available.
[kafka-admin-client-thread | adminclient-8] INFO org.apache.kafka.clients.NetworkClient - [AdminClient clientId=adminclient-8] Node -1 disconnected.
[kafka-admin-client-thread | adminclient-8] WARN org.apache.kafka.clients.NetworkClient - [AdminClient clientId=adminclient-8] Connection to node -1 (localhost/127.0.0.1:9092) could not be established. Broker may not be available.
[kafka-admin-client-thread | adminclient-1] INFO org.apache.kafka.clients.NetworkClient - [AdminClient clientId=adminclient-1] Node -1 disconnected.
[kafka-admin-client-thread | adminclient-1] WARN org.apache.kafka.clients.NetworkClient - [AdminClient clientId=adminclient-1] Connection to node -1 (localhost/127.0.0.1:9092) could not be established. Broker may not be available.
[kafka-admin-client-thread | adminclient-24] INFO org.apache.kafka.clients.NetworkClient - [AdminClient clientId=adminclient-24] Node -1 disconnected.
[kafka-admin-client-thread | adminclient-24] WARN org.apache.kafka.clients.NetworkClient - [AdminClient clientId=adminclient-24] Connection to node -1 (localhost/127.0.0.1:9092) could not be established. Broker may not be available.
[kafka-admin-client-thread | adminclient-13] INFO org.apache.kafka.clients.NetworkClient - [AdminClient clientId=adminclient-13] Node -1 disconnected.
[kafka-admin-client-thread | adminclient-23] INFO org.apache.kafka.clients.NetworkClient - [AdminClient clientId=adminclient-23] Node -1 disconnected.
[kafka-admin-client-thread | adminclient-3] INFO org.apache.kafka.clients.NetworkClient - [AdminClient clientId=adminclient-3] Node -1 disconnected.
[kafka-admin-client-thread | adminclient-13] WARN org.apache.kafka.clients.NetworkClient - [AdminClient clientId=adminclient-13] Connection to node -1 (localhost/127.0.0.1:9092) could not be established. Broker may not be available.
[kafka-admin-client-thread | adminclient-23] WARN org.apache.kafka.clients.NetworkClient - [AdminClient clientId=adminclient-23] Connection to node -1 (localhost/127.0.0.1:9092) could not be established. Broker may not be available.
[kafka-admin-client-thread | adminclient-3] WARN org.apache.kafka.clients.NetworkClient - [AdminClient clientId=adminclient-3] Connection to node -1 (localhost/127.0.0.1:9092) could not be established. Broker may not be available.
[kafka-admin-client-thread | adminclient-19] INFO org.apache.kafka.clients.NetworkClient - [AdminClient clientId=adminclient-19] Node -1 disconnected.
[kafka-admin-client-thread | adminclient-19] WARN org.apache.kafka.clients.NetworkClient - [AdminClient clientId=adminclient-19] Connection to node -1 (localhost/127.0.0.1:9092) could not be established. Broker may not be available.
[kafka-admin-client-thread | adminclient-4] INFO org.apache.kafka.clients.NetworkClient - [AdminClient clientId=adminclient-4] Node -1 disconnected.
[kafka-admin-client-thread | adminclient-25] INFO org.apache.kafka.clients.NetworkClient - [AdminClient clientId=adminclient-25] Node -1 disconnected.
[kafka-admin-client-thread | adminclient-4] WARN org.apache.kafka.clients.NetworkClient - [AdminClient clientId=adminclient-4] Connection to node -1 (localhost/127.0.0.1:9092) could not be established. Broker may not be available.
[kafka-admin-client-thread | adminclient-25] WARN org.apache.kafka.clients.NetworkClient - [AdminClient clientId=adminclient-25] Connection to node -1 (localhost/127.0.0.1:9092) could not be established. Broker may not be available.
[kafka-admin-client-thread | adminclient-16] INFO org.apache.kafka.clients.NetworkClient - [AdminClient clientId=adminclient-16] Node -1 disconnected.
[kafka-admin-client-thread | adminclient-17] INFO org.apache.kafka.clients.NetworkClient - [AdminClient clientId=adminclient-17] Node -1 disconnected.
[kafka-admin-client-thread | adminclient-16] WARN org.apache.kafka.clients.NetworkClient - [AdminClient clientId=adminclient-16] Connection to node -1 (localhost/127.0.0.1:9092) could not be established. Broker may not be available.
[kafka-admin-client-thread | adminclient-17] WARN org.apache.kafka.clients.NetworkClient - [AdminClient clientId=adminclient-17] Connection to node -1 (localhost/127.0.0.1:9092) could not be established. Broker may not be available.
[kafka-admin-client-thread | adminclient-15] INFO org.apache.kafka.clients.NetworkClient - [AdminClient clientId=adminclient-15] Node -1 disconnected.
[kafka-admin-client-thread | adminclient-15] WARN org.apache.kafka.clients.NetworkClient - [AdminClient clientId=adminclient-15] Connection to node -1 (localhost/127.0.0.1:9092) could not be established. Broker may not be available.
[kafka-admin-client-thread | adminclient-28] INFO org.apache.kafka.clients.NetworkClient - [AdminClient clientId=adminclient-28] Node -1 disconnected.
[kafka-admin-client-thread | adminclient-28] WARN org.apache.kafka.clients.NetworkClient - [AdminClient clientId=adminclient-28] Connection to node -1 (localhost/127.0.0.1:9092) could not be established. Broker may not be available.
[kafka-admin-client-thread | adminclient-20] INFO org.apache.kafka.clients.NetworkClient - [AdminClient clientId=adminclient-20] Node -1 disconnected.
[kafka-admin-client-thread | adminclient-11] INFO org.apache.kafka.clients.NetworkClient - [AdminClient clientId=adminclient-11] Node -1 disconnected.
[kafka-admin-client-thread | adminclient-20] WARN org.apache.kafka.clients.NetworkClient - [AdminClient clientId=adminclient-20] Connection to node -1 (localhost/127.0.0.1:9092) could not be established. Broker may not be available.
[kafka-admin-client-thread | adminclient-11] WARN org.apache.kafka.clients.NetworkClient - [AdminClient clientId=adminclient-11] Connection to node -1 (localhost/127.0.0.1:9092) could not be established. Broker may not be available.
[kafka-admin-client-thread | adminclient-7] INFO org.apache.kafka.clients.NetworkClient - [AdminClient clientId=adminclient-7] Node -1 disconnected.
[kafka-admin-client-thread | adminclient-7] WARN org.apache.kafka.clients.NetworkClient - [AdminClient clientId=adminclient-7] Connection to node -1 (localhost/127.0.0.1:9092) could not be established. Broker may not be available.
[kafka-admin-client-thread | adminclient-21] INFO org.apache.kafka.clients.NetworkClient - [AdminClient clientId=adminclient-21] Node -1 disconnected.
[kafka-admin-client-thread | adminclient-21] WARN org.apache.kafka.clients.NetworkClient - [AdminClient clientId=adminclient-21] Connection to node -1 (localhost/127.0.0.1:9092) could not be established. Broker may not be available.
[kafka-admin-client-thread | adminclient-10] INFO org.apache.kafka.clients.NetworkClient - [AdminClient clientId=adminclient-10] Node -1 disconnected.
[kafka-admin-client-thread | adminclient-10] WARN org.apache.kafka.clients.NetworkClient - [AdminClient clientId=adminclient-10] Connection to node -1 (localhost/127.0.0.1:9092) could not be established. Broker may not be available.
[kafka-admin-client-thread | adminclient-14] INFO org.apache.kafka.clients.NetworkClient - [AdminClient clientId=adminclient-14] Node -1 disconnected.
[kafka-admin-client-thread | adminclient-14] WARN org.apache.kafka.clients.NetworkClient - [AdminClient clientId=adminclient-14] Connection to node -1 (localhost/127.0.0.1:9092) could not be established. Broker may not be available.
[kafka-admin-client-thread | adminclient-18] INFO org.apache.kafka.clients.NetworkClient - [AdminClient clientId=adminclient-18] Node -1 disconnected.
[kafka-admin-client-thread | adminclient-18] WARN org.apache.kafka.clients.NetworkClient - [AdminClient clientId=adminclient-18] Connection to node -1 (localhost/127.0.0.1:9092) could not be established. Broker may not be available.
[kafka-admin-client-thread | adminclient-27] INFO org.apache.kafka.clients.NetworkClient - [AdminClient clientId=adminclient-27] Node -1 disconnected.
[kafka-admin-client-thread | adminclient-27] WARN org.apache.kafka.clients.NetworkClient - [AdminClient clientId=adminclient-27] Connection to node -1 (localhost/127.0.0.1:9092) could not be established. Broker may not be available.
[kafka-admin-client-thread | adminclient-9] INFO org.apache.kafka.clients.NetworkClient - [AdminClient clientId=adminclient-9] Node -1 disconnected.
[kafka-admin-client-thread | adminclient-22] INFO org.apache.kafka.clients.NetworkClient - [AdminClient clientId=adminclient-22] Node -1 disconnected.
[kafka-admin-client-thread | adminclient-9] WARN org.apache.kafka.clients.NetworkClient - [AdminClient clientId=adminclient-9] Connection to node -1 (localhost/127.0.0.1:9092) could not be established. Broker may not be available.
[kafka-admin-client-thread | adminclient-22] WARN org.apache.kafka.clients.NetworkClient - [AdminClient clientId=adminclient-22] Connection to node -1 (localhost/127.0.0.1:9092) could not be established. Broker may not be available.
[kafka-admin-client-thread | adminclient-26] INFO org.apache.kafka.clients.NetworkClient - [AdminClient clientId=adminclient-26] Node -1 disconnected.
[kafka-admin-client-thread | adminclient-26] WARN org.apache.kafka.clients.NetworkClient - [AdminClient clientId=adminclient-26] Connection to node -1 (localhost/127.0.0.1:9092) could not be established. Broker may not be available.
[kafka-admin-client-thread | adminclient-2] INFO org.apache.kafka.clients.NetworkClient - [AdminClient clientId=adminclient-2] Node -1 disconnected.
[kafka-admin-client-thread | adminclient-2] WARN org.apache.kafka.clients.NetworkClient - [AdminClient clientId=adminclient-2] Connection to node -1 (localhost/127.0.0.1:9092) could not be established. Broker may not be available.
[kafka-admin-client-thread | adminclient-12] INFO org.apache.kafka.clients.NetworkClient - [AdminClient clientId=adminclient-12] Node -1 disconnected.
[kafka-admin-client-thread | adminclient-12] WARN org.apache.kafka.clients.NetworkClient - [AdminClient clientId=adminclient-12] Connection to node -1 (localhost/127.0.0.1:9092) could not be established. Broker may not be available.
[kafka-admin-client-thread | adminclient-8] INFO org.apache.kafka.clients.NetworkClient - [AdminClient clientId=adminclient-8] Node -1 disconnected.
[kafka-admin-client-thread | adminclient-8] WARN org.apache.kafka.clients.NetworkClient - [AdminClient clientId=adminclient-8] Connection to node -1 (localhost/127.0.0.1:9092) could not be established. Broker may not be available.
[kafka-admin-client-thread | adminclient-1] INFO org.apache.kafka.clients.NetworkClient - [AdminClient clientId=adminclient-1] Node -1 disconnected.
[kafka-admin-client-thread | adminclient-1] WARN org.apache.kafka.clients.NetworkClient - [AdminClient clientId=adminclient-1] Connection to node -1 (localhost/127.0.0.1:9092) could not be established. Broker may not be available.
[kafka-admin-client-thread | adminclient-3] INFO org.apache.kafka.clients.NetworkClient - [AdminClient clientId=adminclient-3] Node -1 disconnected.
[kafka-admin-client-thread | adminclient-13] INFO org.apache.kafka.clients.NetworkClient - [AdminClient clientId=adminclient-13] Node -1 disconnected.
[kafka-admin-client-thread | adminclient-3] WARN org.apache.kafka.clients.NetworkClient - [AdminClient clientId=adminclient-3] Connection to node -1 (localhost/127.0.0.1:9092) could not be established. Broker may not be available.
[kafka-admin-client-thread | adminclient-13] WARN org.apache.kafka.clients.NetworkClient - [AdminClient clientId=adminclient-13] Connection to node -1 (localhost/127.0.0.1:9092) could not be established. Broker may not be available.
[kafka-admin-client-thread | adminclient-25] INFO org.apache.kafka.clients.NetworkClient - [AdminClient clientId=adminclient-25] Node -1 disconnected.
[kafka-admin-client-thread | adminclient-25] WARN org.apache.kafka.clients.NetworkClient - [AdminClient clientId=adminclient-25] Connection to node -1 (localhost/127.0.0.1:9092) could not be established. Broker may not be available.
[kafka-admin-client-thread | adminclient-16] INFO org.apache.kafka.clients.NetworkClient - [AdminClient clientId=adminclient-16] Node -1 disconnected.
[kafka-admin-client-thread | adminclient-16] WARN org.apache.kafka.clients.NetworkClient - [AdminClient clientId=adminclient-16] Connection to node -1 (localhost/127.0.0.1:9092) could not be established. Broker may not be available.
[kafka-admin-client-thread | adminclient-19] INFO org.apache.kafka.clients.NetworkClient - [AdminClient clientId=adminclient-19] Node -1 disconnected.
[kafka-admin-client-thread | adminclient-19] WARN org.apache.kafka.clients.NetworkClient - [AdminClient clientId=adminclient-19] Connection to node -1 (localhost/127.0.0.1:9092) could not be established. Broker may not be available.
[kafka-admin-client-thread | adminclient-24] INFO org.apache.kafka.clients.NetworkClient - [AdminClient clientId=adminclient-24] Node -1 disconnected.
[kafka-admin-client-thread | adminclient-24] WARN org.apache.kafka.clients.NetworkClient - [AdminClient clientId=adminclient-24] Connection to node -1 (localhost/127.0.0.1:9092) could not be established. Broker may not be available.
[kafka-admin-client-thread | adminclient-4] INFO org.apache.kafka.clients.NetworkClient - [AdminClient clientId=adminclient-4] Node -1 disconnected.
[kafka-admin-client-thread | adminclient-4] WARN org.apache.kafka.clients.NetworkClient - [AdminClient clientId=adminclient-4] Connection to node -1 (localhost/127.0.0.1:9092) could not be established. Broker may not be available.
[kafka-admin-client-thread | adminclient-23] INFO org.apache.kafka.clients.NetworkClient - [AdminClient clientId=adminclient-23] Node -1 disconnected.
[kafka-admin-client-thread | adminclient-23] WARN org.apache.kafka.clients.NetworkClient - [AdminClient clientId=adminclient-23] Connection to node -1 (localhost/127.0.0.1:9092) could not be established. Broker may not be available.
[kafka-admin-client-thread | adminclient-17] INFO org.apache.kafka.clients.NetworkClient - [AdminClient clientId=adminclient-17] Node -1 disconnected.
[kafka-admin-client-thread | adminclient-17] WARN org.apache.kafka.clients.NetworkClient - [AdminClient clientId=adminclient-17] Connection to node -1 (localhost/127.0.0.1:9092) could not be established. Broker may not be available.
[kafka-admin-client-thread | adminclient-28] INFO org.apache.kafka.clients.NetworkClient - [AdminClient clientId=adminclient-28] Node -1 disconnected.
[kafka-admin-client-thread | adminclient-15] INFO org.apache.kafka.clients.NetworkClient - [AdminClient clientId=adminclient-15] Node -1 disconnected.
[kafka-admin-client-thread | adminclient-28] WARN org.apache.kafka.clients.NetworkClient - [AdminClient clientId=adminclient-28] Connection to node -1 (localhost/127.0.0.1:9092) could not be established. Broker may not be available.
[kafka-admin-client-thread | adminclient-15] WARN org.apache.kafka.clients.NetworkClient - [AdminClient clientId=adminclient-15] Connection to node -1 (localhost/127.0.0.1:9092) could not be established. Broker may not be available.
[kafka-admin-client-thread | adminclient-11] INFO org.apache.kafka.clients.NetworkClient - [AdminClient clientId=adminclient-11] Node -1 disconnected.
[kafka-admin-client-thread | adminclient-11] WARN org.apache.kafka.clients.NetworkClient - [AdminClient clientId=adminclient-11] Connection to node -1 (localhost/127.0.0.1:9092) could not be established. Broker may not be available.
[kafka-admin-client-thread | adminclient-21] INFO org.apache.kafka.clients.NetworkClient - [AdminClient clientId=adminclient-21] Node -1 disconnected.
[kafka-admin-client-thread | adminclient-21] WARN org.apache.kafka.clients.NetworkClient - [AdminClient clientId=adminclient-21] Connection to node -1 (localhost/127.0.0.1:9092) could not be established. Broker may not be available.
[kafka-admin-client-thread | adminclient-7] INFO org.apache.kafka.clients.NetworkClient - [AdminClient clientId=adminclient-7] Node -1 disconnected.
[kafka-admin-client-thread | adminclient-7] WARN org.apache.kafka.clients.NetworkClient - [AdminClient clientId=adminclient-7] Connection to node -1 (localhost/127.0.0.1:9092) could not be established. Broker may not be available.
[kafka-admin-client-thread | adminclient-18] INFO org.apache.kafka.clients.NetworkClient - [AdminClient clientId=adminclient-18] Node -1 disconnected.
[kafka-admin-client-thread | adminclient-18] WARN org.apache.kafka.clients.NetworkClient - [AdminClient clientId=adminclient-18] Connection to node -1 (localhost/127.0.0.1:9092) could not be established. Broker may not be available.
[kafka-admin-client-thread | adminclient-20] INFO org.apache.kafka.clients.NetworkClient - [AdminClient clientId=adminclient-20] Node -1 disconnected.
[kafka-admin-client-thread | adminclient-20] WARN org.apache.kafka.clients.NetworkClient - [AdminClient clientId=adminclient-20] Connection to node -1 (localhost/127.0.0.1:9092) could not be established. Broker may not be available.
[kafka-admin-client-thread | adminclient-9] INFO org.apache.kafka.clients.NetworkClient - [AdminClient clientId=adminclient-9] Node -1 disconnected.
[kafka-admin-client-thread | adminclient-22] INFO org.apache.kafka.clients.NetworkClient - [AdminClient clientId=adminclient-22] Node -1 disconnected.
[kafka-admin-client-thread | adminclient-9] WARN org.apache.kafka.clients.NetworkClient - [AdminClient clientId=adminclient-9] Connection to node -1 (localhost/127.0.0.1:9092) could not be established. Broker may not be available.
[kafka-admin-client-thread | adminclient-22] WARN org.apache.kafka.clients.NetworkClient - [AdminClient clientId=adminclient-22] Connection to node -1 (localhost/127.0.0.1:9092) could not be established. Broker may not be available.
[kafka-admin-client-thread | adminclient-10] INFO org.apache.kafka.clients.NetworkClient - [AdminClient clientId=adminclient-10] Node -1 disconnected.
[kafka-admin-client-thread | adminclient-10] WARN org.apache.kafka.clients.NetworkClient - [AdminClient clientId=adminclient-10] Connection to node -1 (localhost/127.0.0.1:9092) could not be established. Broker may not be available.
[kafka-admin-client-thread | adminclient-14] INFO org.apache.kafka.clients.NetworkClient - [AdminClient clientId=adminclient-14] Node -1 disconnected.
[kafka-admin-client-thread | adminclient-14] WARN org.apache.kafka.clients.NetworkClient - [AdminClient clientId=adminclient-14] Connection to node -1 (localhost/127.0.0.1:9092) could not be established. Broker may not be available.
[kafka-admin-client-thread | adminclient-2] INFO org.apache.kafka.clients.NetworkClient - [AdminClient clientId=adminclient-2] Node -1 disconnected.
[kafka-admin-client-thread | adminclient-2] WARN org.apache.kafka.clients.NetworkClient - [AdminClient clientId=adminclient-2] Connection to node -1 (localhost/127.0.0.1:9092) could not be established. Broker may not be available.
[kafka-admin-client-thread | adminclient-13] INFO org.apache.kafka.clients.NetworkClient - [AdminClient clientId=adminclient-13] Node -1 disconnected.
[kafka-admin-client-thread | adminclient-3] INFO org.apache.kafka.clients.NetworkClient - [AdminClient clientId=adminclient-3] Node -1 disconnected.
[kafka-admin-client-thread | adminclient-13] WARN org.apache.kafka.clients.NetworkClient - [AdminClient clientId=adminclient-13] Connection to node -1 (localhost/127.0.0.1:9092) could not be established. Broker may not be available.
[kafka-admin-client-thread | adminclient-3] WARN org.apache.kafka.clients.NetworkClient - [AdminClient clientId=adminclient-3] Connection to node -1 (localhost/127.0.0.1:9092) could not be established. Broker may not be available.
[kafka-admin-client-thread | adminclient-8] INFO org.apache.kafka.clients.NetworkClient - [AdminClient clientId=adminclient-8] Node -1 disconnected.
[kafka-admin-client-thread | adminclient-8] WARN org.apache.kafka.clients.NetworkClient - [AdminClient clientId=adminclient-8] Connection to node -1 (localhost/127.0.0.1:9092) could not be established. Broker may not be available.
[kafka-admin-client-thread | adminclient-1] INFO org.apache.kafka.clients.NetworkClient - [AdminClient clientId=adminclient-1] Node -1 disconnected.
[kafka-admin-client-thread | adminclient-1] WARN org.apache.kafka.clients.NetworkClient - [AdminClient clientId=adminclient-1] Connection to node -1 (localhost/127.0.0.1:9092) could not be established. Broker may not be available.
[kafka-admin-client-thread | adminclient-27] INFO org.apache.kafka.clients.NetworkClient - [AdminClient clientId=adminclient-27] Node -1 disconnected.
[kafka-admin-client-thread | adminclient-27] WARN org.apache.kafka.clients.NetworkClient - [AdminClient clientId=adminclient-27] Connection to node -1 (localhost/127.0.0.1:9092) could not be established. Broker may not be available.
[kafka-admin-client-thread | adminclient-26] INFO org.apache.kafka.clients.NetworkClient - [AdminClient clientId=adminclient-26] Node -1 disconnected.
[kafka-admin-client-thread | adminclient-26] WARN org.apache.kafka.clients.NetworkClient - [AdminClient clientId=adminclient-26] Connection to node -1 (localhost/127.0.0.1:9092) could not be established. Broker may not be available.
[kafka-admin-client-thread | adminclient-16] INFO org.apache.kafka.clients.NetworkClient - [AdminClient clientId=adminclient-16] Node -1 disconnected.
[kafka-admin-client-thread | adminclient-12] INFO org.apache.kafka.clients.NetworkClient - [AdminClient clientId=adminclient-12] Node -1 disconnected.
[kafka-admin-client-thread | adminclient-25] INFO org.apache.kafka.clients.NetworkClient - [AdminClient clientId=adminclient-25] Node -1 disconnected.
[kafka-admin-client-thread | adminclient-16] WARN org.apache.kafka.clients.NetworkClient - [AdminClient clientId=adminclient-16] Connection to node -1 (localhost/127.0.0.1:9092) could not be established. Broker may not be available.
[kafka-admin-client-thread | adminclient-12] WARN org.apache.kafka.clients.NetworkClient - [AdminClient clientId=adminclient-12] Connection to node -1 (localhost/127.0.0.1:9092) could not be established. Broker may not be available.
[kafka-admin-client-thread | adminclient-25] WARN org.apache.kafka.clients.NetworkClient - [AdminClient clientId=adminclient-25] Connection to node -1 (localhost/127.0.0.1:9092) could not be established. Broker may not be available.
[kafka-admin-client-thread | adminclient-24] INFO org.apache.kafka.clients.NetworkClient - [AdminClient clientId=adminclient-24] Node -1 disconnected.
[kafka-admin-client-thread | adminclient-19] INFO org.apache.kafka.clients.NetworkClient - [AdminClient clientId=adminclient-19] Node -1 disconnected.
[kafka-admin-client-thread | adminclient-24] WARN org.apache.kafka.clients.NetworkClient - [AdminClient clientId=adminclient-24] Connection to node -1 (localhost/127.0.0.1:9092) could not be established. Broker may not be available.
[kafka-admin-client-thread | adminclient-19] WARN org.apache.kafka.clients.NetworkClient - [AdminClient clientId=adminclient-19] Connection to node -1 (localhost/127.0.0.1:9092) could not be established. Broker may not be available.
[kafka-admin-client-thread | adminclient-17] INFO org.apache.kafka.clients.NetworkClient - [AdminClient clientId=adminclient-17] Node -1 disconnected.
[kafka-admin-client-thread | adminclient-17] WARN org.apache.kafka.clients.NetworkClient - [AdminClient clientId=adminclient-17] Connection to node -1 (localhost/127.0.0.1:9092) could not be established. Broker may not be available.
[kafka-admin-client-thread | adminclient-4] INFO org.apache.kafka.clients.NetworkClient - [AdminClient clientId=adminclient-4] Node -1 disconnected.
[kafka-admin-client-thread | adminclient-4] WARN org.apache.kafka.clients.NetworkClient - [AdminClient clientId=adminclient-4] Connection to node -1 (localhost/127.0.0.1:9092) could not be established. Broker may not be available.
[kafka-admin-client-thread | adminclient-28] INFO org.apache.kafka.clients.NetworkClient - [AdminClient clientId=adminclient-28] Node -1 disconnected.
[kafka-admin-client-thread | adminclient-28] WARN org.apache.kafka.clients.NetworkClient - [AdminClient clientId=adminclient-28] Connection to node -1 (localhost/127.0.0.1:9092) could not be established. Broker may not be available.
[kafka-admin-client-thread | adminclient-23] INFO org.apache.kafka.clients.NetworkClient - [AdminClient clientId=adminclient-23] Node -1 disconnected.
[kafka-admin-client-thread | adminclient-23] WARN org.apache.kafka.clients.NetworkClient - [AdminClient clientId=adminclient-23] Connection to node -1 (localhost/127.0.0.1:9092) could not be established. Broker may not be available.
[kafka-admin-client-thread | adminclient-7] INFO org.apache.kafka.clients.NetworkClient - [AdminClient clientId=adminclient-7] Node -1 disconnected.
[kafka-admin-client-thread | adminclient-7] WARN org.apache.kafka.clients.NetworkClient - [AdminClient clientId=adminclient-7] Connection to node -1 (localhost/127.0.0.1:9092) could not be established. Broker may not be available.
[kafka-admin-client-thread | adminclient-15] INFO org.apache.kafka.clients.NetworkClient - [AdminClient clientId=adminclient-15] Node -1 disconnected.
[kafka-admin-client-thread | adminclient-15] WARN org.apache.kafka.clients.NetworkClient - [AdminClient clientId=adminclient-15] Connection to node -1 (localhost/127.0.0.1:9092) could not be established. Broker may not be available.
[kafka-admin-client-thread | adminclient-18] INFO org.apache.kafka.clients.NetworkClient - [AdminClient clientId=adminclient-18] Node -1 disconnected.
[kafka-admin-client-thread | adminclient-18] WARN org.apache.kafka.clients.NetworkClient - [AdminClient clientId=adminclient-18] Connection to node -1 (localhost/127.0.0.1:9092) could not be established. Broker may not be available.
[kafka-admin-client-thread | adminclient-11] INFO org.apache.kafka.clients.NetworkClient - [AdminClient clientId=adminclient-11] Node -1 disconnected.
[kafka-admin-client-thread | adminclient-20] INFO org.apache.kafka.clients.NetworkClient - [AdminClient clientId=adminclient-20] Node -1 disconnected.
[kafka-admin-client-thread | adminclient-11] WARN org.apache.kafka.clients.NetworkClient - [AdminClient clientId=adminclient-11] Connection to node -1 (localhost/127.0.0.1:9092) could not be established. Broker may not be available.
[kafka-admin-client-thread | adminclient-20] WARN org.apache.kafka.clients.NetworkClient - [AdminClient clientId=adminclient-20] Connection to node -1 (localhost/127.0.0.1:9092) could not be established. Broker may not be available.
[kafka-admin-client-thread | adminclient-9] INFO org.apache.kafka.clients.NetworkClient - [AdminClient clientId=adminclient-9] Node -1 disconnected.
[kafka-admin-client-thread | adminclient-9] WARN org.apache.kafka.clients.NetworkClient - [AdminClient clientId=adminclient-9] Connection to node -1 (localhost/127.0.0.1:9092) could not be established. Broker may not be available.
[kafka-admin-client-thread | adminclient-21] INFO org.apache.kafka.clients.NetworkClient - [AdminClient clientId=adminclient-21] Node -1 disconnected.
[kafka-admin-client-thread | adminclient-13] INFO org.apache.kafka.clients.NetworkClient - [AdminClient clientId=adminclient-13] Node -1 disconnected.
[kafka-admin-client-thread | adminclient-21] WARN org.apache.kafka.clients.NetworkClient - [AdminClient clientId=adminclient-21] Connection to node -1 (localhost/127.0.0.1:9092) could not be established. Broker may not be available.
[kafka-admin-client-thread | adminclient-13] WARN org.apache.kafka.clients.NetworkClient - [AdminClient clientId=adminclient-13] Connection to node -1 (localhost/127.0.0.1:9092) could not be established. Broker may not be available.
[kafka-admin-client-thread | adminclient-10] INFO org.apache.kafka.clients.NetworkClient - [AdminClient clientId=adminclient-10] Node -1 disconnected.
[kafka-admin-client-thread | adminclient-10] WARN org.apache.kafka.clients.NetworkClient - [AdminClient clientId=adminclient-10] Connection to node -1 (localhost/127.0.0.1:9092) could not be established. Broker may not be available.
[kafka-admin-client-thread | adminclient-14] INFO org.apache.kafka.clients.NetworkClient - [AdminClient clientId=adminclient-14] Node -1 disconnected.
[kafka-admin-client-thread | adminclient-14] WARN org.apache.kafka.clients.NetworkClient - [AdminClient clientId=adminclient-14] Connection to node -1 (localhost/127.0.0.1:9092) could not be established. Broker may not be available.
[kafka-admin-client-thread | adminclient-8] INFO org.apache.kafka.clients.NetworkClient - [AdminClient clientId=adminclient-8] Node -1 disconnected.
[kafka-admin-client-thread | adminclient-8] WARN org.apache.kafka.clients.NetworkClient - [AdminClient clientId=adminclient-8] Connection to node -1 (localhost/127.0.0.1:9092) could not be established. Broker may not be available.
[kafka-admin-client-thread | adminclient-27] INFO org.apache.kafka.clients.NetworkClient - [AdminClient clientId=adminclient-27] Node -1 disconnected.
[kafka-admin-client-thread | adminclient-27] WARN org.apache.kafka.clients.NetworkClient - [AdminClient clientId=adminclient-27] Connection to node -1 (localhost/127.0.0.1:9092) could not be established. Broker may not be available.
[kafka-admin-client-thread | adminclient-2] INFO org.apache.kafka.clients.NetworkClient - [AdminClient clientId=adminclient-2] Node -1 disconnected.
[kafka-admin-client-thread | adminclient-2] WARN org.apache.kafka.clients.NetworkClient - [AdminClient clientId=adminclient-2] Connection to node -1 (localhost/127.0.0.1:9092) could not be established. Broker may not be available.
[kafka-admin-client-thread | adminclient-22] INFO org.apache.kafka.clients.NetworkClient - [AdminClient clientId=adminclient-22] Node -1 disconnected.
[kafka-admin-client-thread | adminclient-3] INFO org.apache.kafka.clients.NetworkClient - [AdminClient clientId=adminclient-3] Node -1 disconnected.
[kafka-admin-client-thread | adminclient-22] WARN org.apache.kafka.clients.NetworkClient - [AdminClient clientId=adminclient-22] Connection to node -1 (localhost/127.0.0.1:9092) could not be established. Broker may not be available.
[kafka-admin-client-thread | adminclient-3] WARN org.apache.kafka.clients.NetworkClient - [AdminClient clientId=adminclient-3] Connection to node -1 (localhost/127.0.0.1:9092) could not be established. Broker may not be available.
[kafka-admin-client-thread | adminclient-26] INFO org.apache.kafka.clients.NetworkClient - [AdminClient clientId=adminclient-26] Node -1 disconnected.
[kafka-admin-client-thread | adminclient-26] WARN org.apache.kafka.clients.NetworkClient - [AdminClient clientId=adminclient-26] Connection to node -1 (localhost/127.0.0.1:9092) could not be established. Broker may not be available.
[kafka-admin-client-thread | adminclient-24] INFO org.apache.kafka.clients.NetworkClient - [AdminClient clientId=adminclient-24] Node -1 disconnected.
[kafka-admin-client-thread | adminclient-24] WARN org.apache.kafka.clients.NetworkClient - [AdminClient clientId=adminclient-24] Connection to node -1 (localhost/127.0.0.1:9092) could not be established. Broker may not be available.
[kafka-admin-client-thread | adminclient-12] INFO org.apache.kafka.clients.NetworkClient - [AdminClient clientId=adminclient-12] Node -1 disconnected.
[kafka-admin-client-thread | adminclient-12] WARN org.apache.kafka.clients.NetworkClient - [AdminClient clientId=adminclient-12] Connection to node -1 (localhost/127.0.0.1:9092) could not be established. Broker may not be available.
[kafka-admin-client-thread | adminclient-25] INFO org.apache.kafka.clients.NetworkClient - [AdminClient clientId=adminclient-25] Node -1 disconnected.
[kafka-admin-client-thread | adminclient-25] WARN org.apache.kafka.clients.NetworkClient - [AdminClient clientId=adminclient-25] Connection to node -1 (localhost/127.0.0.1:9092) could not be established. Broker may not be available.
[kafka-admin-client-thread | adminclient-1] INFO org.apache.kafka.clients.NetworkClient - [AdminClient clientId=adminclient-1] Node -1 disconnected.
[kafka-admin-client-thread | adminclient-1] WARN org.apache.kafka.clients.NetworkClient - [AdminClient clientId=adminclient-1] Connection to node -1 (localhost/127.0.0.1:9092) could not be established. Broker may not be available.
[kafka-admin-client-thread | adminclient-4] INFO org.apache.kafka.clients.NetworkClient - [AdminClient clientId=adminclient-4] Node -1 disconnected.
[kafka-admin-client-thread | adminclient-19] INFO org.apache.kafka.clients.NetworkClient - [AdminClient clientId=adminclient-19] Node -1 disconnected.
[kafka-admin-client-thread | adminclient-4] WARN org.apache.kafka.clients.NetworkClient - [AdminClient clientId=adminclient-4] Connection to node -1 (localhost/127.0.0.1:9092) could not be established. Broker may not be available.
[kafka-admin-client-thread | adminclient-19] WARN org.apache.kafka.clients.NetworkClient - [AdminClient clientId=adminclient-19] Connection to node -1 (localhost/127.0.0.1:9092) could not be established. Broker may not be available.
[kafka-admin-client-thread | adminclient-17] INFO org.apache.kafka.clients.NetworkClient - [AdminClient clientId=adminclient-17] Node -1 disconnected.
[kafka-admin-client-thread | adminclient-17] WARN org.apache.kafka.clients.NetworkClient - [AdminClient clientId=adminclient-17] Connection to node -1 (localhost/127.0.0.1:9092) could not be established. Broker may not be available.
[kafka-admin-client-thread | adminclient-16] INFO org.apache.kafka.clients.NetworkClient - [AdminClient clientId=adminclient-16] Node -1 disconnected.
[kafka-admin-client-thread | adminclient-16] WARN org.apache.kafka.clients.NetworkClient - [AdminClient clientId=adminclient-16] Connection to node -1 (localhost/127.0.0.1:9092) could not be established. Broker may not be available.
[kafka-admin-client-thread | adminclient-28] INFO org.apache.kafka.clients.NetworkClient - [AdminClient clientId=adminclient-28] Node -1 disconnected.
[kafka-admin-client-thread | adminclient-28] WARN org.apache.kafka.clients.NetworkClient - [AdminClient clientId=adminclient-28] Connection to node -1 (localhost/127.0.0.1:9092) could not be established. Broker may not be available.
[kafka-admin-client-thread | adminclient-15] INFO org.apache.kafka.clients.NetworkClient - [AdminClient clientId=adminclient-15] Node -1 disconnected.
[kafka-admin-client-thread | adminclient-15] WARN org.apache.kafka.clients.NetworkClient - [AdminClient clientId=adminclient-15] Connection to node -1 (localhost/127.0.0.1:9092) could not be established. Broker may not be available.
[kafka-admin-client-thread | adminclient-18] INFO org.apache.kafka.clients.NetworkClient - [AdminClient clientId=adminclient-18] Node -1 disconnected.
[kafka-admin-client-thread | adminclient-18] WARN org.apache.kafka.clients.NetworkClient - [AdminClient clientId=adminclient-18] Connection to node -1 (localhost/127.0.0.1:9092) could not be established. Broker may not be available.
[kafka-admin-client-thread | adminclient-23] INFO org.apache.kafka.clients.NetworkClient - [AdminClient clientId=adminclient-23] Node -1 disconnected.
[kafka-admin-client-thread | adminclient-13] INFO org.apache.kafka.clients.NetworkClient - [AdminClient clientId=adminclient-13] Node -1 disconnected.
[kafka-admin-client-thread | adminclient-23] WARN org.apache.kafka.clients.NetworkClient - [AdminClient clientId=adminclient-23] Connection to node -1 (localhost/127.0.0.1:9092) could not be established. Broker may not be available.
[kafka-admin-client-thread | adminclient-13] WARN org.apache.kafka.clients.NetworkClient - [AdminClient clientId=adminclient-13] Connection to node -1 (localhost/127.0.0.1:9092) could not be established. Broker may not be available.
[kafka-admin-client-thread | adminclient-20] INFO org.apache.kafka.clients.NetworkClient - [AdminClient clientId=adminclient-20] Node -1 disconnected.
[kafka-admin-client-thread | adminclient-20] WARN org.apache.kafka.clients.NetworkClient - [AdminClient clientId=adminclient-20] Connection to node -1 (localhost/127.0.0.1:9092) could not be established. Broker may not be available.
[kafka-admin-client-thread | adminclient-7] INFO org.apache.kafka.clients.NetworkClient - [AdminClient clientId=adminclient-7] Node -1 disconnected.
[kafka-admin-client-thread | adminclient-7] WARN org.apache.kafka.clients.NetworkClient - [AdminClient clientId=adminclient-7] Connection to node -1 (localhost/127.0.0.1:9092) could not be established. Broker may not be available.
[kafka-admin-client-thread | adminclient-10] INFO org.apache.kafka.clients.NetworkClient - [AdminClient clientId=adminclient-10] Node -1 disconnected.
[kafka-admin-client-thread | adminclient-11] INFO org.apache.kafka.clients.NetworkClient - [AdminClient clientId=adminclient-11] Node -1 disconnected.
[kafka-admin-client-thread | adminclient-10] WARN org.apache.kafka.clients.NetworkClient - [AdminClient clientId=adminclient-10] Connection to node -1 (localhost/127.0.0.1:9092) could not be established. Broker may not be available.
[kafka-admin-client-thread | adminclient-11] WARN org.apache.kafka.clients.NetworkClient - [AdminClient clientId=adminclient-11] Connection to node -1 (localhost/127.0.0.1:9092) could not be established. Broker may not be available.
[kafka-admin-client-thread | adminclient-27] INFO org.apache.kafka.clients.NetworkClient - [AdminClient clientId=adminclient-27] Node -1 disconnected.
[kafka-admin-client-thread | adminclient-27] WARN org.apache.kafka.clients.NetworkClient - [AdminClient clientId=adminclient-27] Connection to node -1 (localhost/127.0.0.1:9092) could not be established. Broker may not be available.
[kafka-admin-client-thread | adminclient-21] INFO org.apache.kafka.clients.NetworkClient - [AdminClient clientId=adminclient-21] Node -1 disconnected.
[kafka-admin-client-thread | adminclient-21] WARN org.apache.kafka.clients.NetworkClient - [AdminClient clientId=adminclient-21] Connection to node -1 (localhost/127.0.0.1:9092) could not be established. Broker may not be available.
[kafka-admin-client-thread | adminclient-9] INFO org.apache.kafka.clients.NetworkClient - [AdminClient clientId=adminclient-9] Node -1 disconnected.
[kafka-admin-client-thread | adminclient-22] INFO org.apache.kafka.clients.NetworkClient - [AdminClient clientId=adminclient-22] Node -1 disconnected.
[kafka-admin-client-thread | adminclient-9] WARN org.apache.kafka.clients.NetworkClient - [AdminClient clientId=adminclient-9] Connection to node -1 (localhost/127.0.0.1:9092) could not be established. Broker may not be available.
[kafka-admin-client-thread | adminclient-22] WARN org.apache.kafka.clients.NetworkClient - [AdminClient clientId=adminclient-22] Connection to node -1 (localhost/127.0.0.1:9092) could not be established. Broker may not be available.
[kafka-admin-client-thread | adminclient-14] INFO org.apache.kafka.clients.NetworkClient - [AdminClient clientId=adminclient-14] Node -1 disconnected.
[kafka-admin-client-thread | adminclient-14] WARN org.apache.kafka.clients.NetworkClient - [AdminClient clientId=adminclient-14] Connection to node -1 (localhost/127.0.0.1:9092) could not be established. Broker may not be available.
[kafka-admin-client-thread | adminclient-26] INFO org.apache.kafka.clients.NetworkClient - [AdminClient clientId=adminclient-26] Node -1 disconnected.
[kafka-admin-client-thread | adminclient-25] INFO org.apache.kafka.clients.NetworkClient - [AdminClient clientId=adminclient-25] Node -1 disconnected.
[kafka-admin-client-thread | adminclient-26] WARN org.apache.kafka.clients.NetworkClient - [AdminClient clientId=adminclient-26] Connection to node -1 (localhost/127.0.0.1:9092) could not be established. Broker may not be available.
[kafka-admin-client-thread | adminclient-25] WARN org.apache.kafka.clients.NetworkClient - [AdminClient clientId=adminclient-25] Connection to node -1 (localhost/127.0.0.1:9092) could not be established. Broker may not be available.
[kafka-admin-client-thread | adminclient-8] INFO org.apache.kafka.clients.NetworkClient - [AdminClient clientId=adminclient-8] Node -1 disconnected.
[kafka-admin-client-thread | adminclient-8] WARN org.apache.kafka.clients.NetworkClient - [AdminClient clientId=adminclient-8] Connection to node -1 (localhost/127.0.0.1:9092) could not be established. Broker may not be available.
[kafka-admin-client-thread | adminclient-2] INFO org.apache.kafka.clients.NetworkClient - [AdminClient clientId=adminclient-2] Node -1 disconnected.
[kafka-admin-client-thread | adminclient-2] WARN org.apache.kafka.clients.NetworkClient - [AdminClient clientId=adminclient-2] Connection to node -1 (localhost/127.0.0.1:9092) could not be established. Broker may not be available.
[kafka-admin-client-thread | adminclient-3] INFO org.apache.kafka.clients.NetworkClient - [AdminClient clientId=adminclient-3] Node -1 disconnected.
[kafka-admin-client-thread | adminclient-17] INFO org.apache.kafka.clients.NetworkClient - [AdminClient clientId=adminclient-17] Node -1 disconnected.
[kafka-admin-client-thread | adminclient-3] WARN org.apache.kafka.clients.NetworkClient - [AdminClient clientId=adminclient-3] Connection to node -1 (localhost/127.0.0.1:9092) could not be established. Broker may not be available.
[kafka-admin-client-thread | adminclient-4] INFO org.apache.kafka.clients.NetworkClient - [AdminClient clientId=adminclient-4] Node -1 disconnected.
[kafka-admin-client-thread | adminclient-16] INFO org.apache.kafka.clients.NetworkClient - [AdminClient clientId=adminclient-16] Node -1 disconnected.
[kafka-admin-client-thread | adminclient-17] WARN org.apache.kafka.clients.NetworkClient - [AdminClient clientId=adminclient-17] Connection to node -1 (localhost/127.0.0.1:9092) could not be established. Broker may not be available.
[kafka-admin-client-thread | adminclient-4] WARN org.apache.kafka.clients.NetworkClient - [AdminClient clientId=adminclient-4] Connection to node -1 (localhost/127.0.0.1:9092) could not be established. Broker may not be available.
[kafka-admin-client-thread | adminclient-16] WARN org.apache.kafka.clients.NetworkClient - [AdminClient clientId=adminclient-16] Connection to node -1 (localhost/127.0.0.1:9092) could not be established. Broker may not be available.
[kafka-admin-client-thread | adminclient-19] INFO org.apache.kafka.clients.NetworkClient - [AdminClient clientId=adminclient-19] Node -1 disconnected.
[kafka-admin-client-thread | adminclient-19] WARN org.apache.kafka.clients.NetworkClient - [AdminClient clientId=adminclient-19] Connection to node -1 (localhost/127.0.0.1:9092) could not be established. Broker may not be available.
[kafka-admin-client-thread | adminclient-28] INFO org.apache.kafka.clients.NetworkClient - [AdminClient clientId=adminclient-28] Node -1 disconnected.
[kafka-admin-client-thread | adminclient-28] WARN org.apache.kafka.clients.NetworkClient - [AdminClient clientId=adminclient-28] Connection to node -1 (localhost/127.0.0.1:9092) could not be established. Broker may not be available.
[kafka-admin-client-thread | adminclient-1] INFO org.apache.kafka.clients.NetworkClient - [AdminClient clientId=adminclient-1] Node -1 disconnected.
[kafka-admin-client-thread | adminclient-1] WARN org.apache.kafka.clients.NetworkClient - [AdminClient clientId=adminclient-1] Connection to node -1 (localhost/127.0.0.1:9092) could not be established. Broker may not be available.
[kafka-admin-client-thread | adminclient-24] INFO org.apache.kafka.clients.NetworkClient - [AdminClient clientId=adminclient-24] Node -1 disconnected.
[kafka-admin-client-thread | adminclient-12] INFO org.apache.kafka.clients.NetworkClient - [AdminClient clientId=adminclient-12] Node -1 disconnected.
[kafka-admin-client-thread | adminclient-24] WARN org.apache.kafka.clients.NetworkClient - [AdminClient clientId=adminclient-24] Connection to node -1 (localhost/127.0.0.1:9092) could not be established. Broker may not be available.
[kafka-admin-client-thread | adminclient-12] WARN org.apache.kafka.clients.NetworkClient - [AdminClient clientId=adminclient-12] Connection to node -1 (localhost/127.0.0.1:9092) could not be established. Broker may not be available.
[kafka-admin-client-thread | adminclient-15] INFO org.apache.kafka.clients.NetworkClient - [AdminClient clientId=adminclient-15] Node -1 disconnected.
[kafka-admin-client-thread | adminclient-15] WARN org.apache.kafka.clients.NetworkClient - [AdminClient clientId=adminclient-15] Connection to node -1 (localhost/127.0.0.1:9092) could not be established. Broker may not be available.
[kafka-admin-client-thread | adminclient-18] INFO org.apache.kafka.clients.NetworkClient - [AdminClient clientId=adminclient-18] Node -1 disconnected.
[kafka-admin-client-thread | adminclient-18] WARN org.apache.kafka.clients.NetworkClient - [AdminClient clientId=adminclient-18] Connection to node -1 (localhost/127.0.0.1:9092) could not be established. Broker may not be available.
[kafka-admin-client-thread | adminclient-7] INFO org.apache.kafka.clients.NetworkClient - [AdminClient clientId=adminclient-7] Node -1 disconnected.
[kafka-admin-client-thread | adminclient-7] WARN org.apache.kafka.clients.NetworkClient - [AdminClient clientId=adminclient-7] Connection to node -1 (localhost/127.0.0.1:9092) could not be established. Broker may not be available.
[kafka-admin-client-thread | adminclient-10] INFO org.apache.kafka.clients.NetworkClient - [AdminClient clientId=adminclient-10] Node -1 disconnected.
[kafka-admin-client-thread | adminclient-11] INFO org.apache.kafka.clients.NetworkClient - [AdminClient clientId=adminclient-11] Node -1 disconnected.
[kafka-admin-client-thread | adminclient-10] WARN org.apache.kafka.clients.NetworkClient - [AdminClient clientId=adminclient-10] Connection to node -1 (localhost/127.0.0.1:9092) could not be established. Broker may not be available.
[kafka-admin-client-thread | adminclient-11] WARN org.apache.kafka.clients.NetworkClient - [AdminClient clientId=adminclient-11] Connection to node -1 (localhost/127.0.0.1:9092) could not be established. Broker may not be available.
[kafka-admin-client-thread | adminclient-20] INFO org.apache.kafka.clients.NetworkClient - [AdminClient clientId=adminclient-20] Node -1 disconnected.
[kafka-admin-client-thread | adminclient-13] INFO org.apache.kafka.clients.NetworkClient - [AdminClient clientId=adminclient-13] Node -1 disconnected.
[kafka-admin-client-thread | adminclient-20] WARN org.apache.kafka.clients.NetworkClient - [AdminClient clientId=adminclient-20] Connection to node -1 (localhost/127.0.0.1:9092) could not be established. Broker may not be available.
[kafka-admin-client-thread | adminclient-13] WARN org.apache.kafka.clients.NetworkClient - [AdminClient clientId=adminclient-13] Connection to node -1 (localhost/127.0.0.1:9092) could not be established. Broker may not be available.
[kafka-admin-client-thread | adminclient-27] INFO org.apache.kafka.clients.NetworkClient - [AdminClient clientId=adminclient-27] Node -1 disconnected.
[kafka-admin-client-thread | adminclient-27] WARN org.apache.kafka.clients.NetworkClient - [AdminClient clientId=adminclient-27] Connection to node -1 (localhost/127.0.0.1:9092) could not be established. Broker may not be available.
[kafka-admin-client-thread | adminclient-21] INFO org.apache.kafka.clients.NetworkClient - [AdminClient clientId=adminclient-21] Node -1 disconnected.
[kafka-admin-client-thread | adminclient-23] INFO org.apache.kafka.clients.NetworkClient - [AdminClient clientId=adminclient-23] Node -1 disconnected.
[kafka-admin-client-thread | adminclient-23] WARN org.apache.kafka.clients.NetworkClient - [AdminClient clientId=adminclient-23] Connection to node -1 (localhost/127.0.0.1:9092) could not be established. Broker may not be available.
[kafka-admin-client-thread | adminclient-21] WARN org.apache.kafka.clients.NetworkClient - [AdminClient clientId=adminclient-21] Connection to node -1 (localhost/127.0.0.1:9092) could not be established. Broker may not be available.
[kafka-admin-client-thread | adminclient-14] INFO org.apache.kafka.clients.NetworkClient - [AdminClient clientId=adminclient-14] Node -1 disconnected.
[kafka-admin-client-thread | adminclient-14] WARN org.apache.kafka.clients.NetworkClient - [AdminClient clientId=adminclient-14] Connection to node -1 (localhost/127.0.0.1:9092) could not be established. Broker may not be available.
[kafka-admin-client-thread | adminclient-8] INFO org.apache.kafka.clients.NetworkClient - [AdminClient clientId=adminclient-8] Node -1 disconnected.
[kafka-admin-client-thread | adminclient-8] WARN org.apache.kafka.clients.NetworkClient - [AdminClient clientId=adminclient-8] Connection to node -1 (localhost/127.0.0.1:9092) could not be established. Broker may not be available.
[kafka-admin-client-thread | adminclient-17] INFO org.apache.kafka.clients.NetworkClient - [AdminClient clientId=adminclient-17] Node -1 disconnected.
[kafka-admin-client-thread | adminclient-19] INFO org.apache.kafka.clients.NetworkClient - [AdminClient clientId=adminclient-19] Node -1 disconnected.
[kafka-admin-client-thread | adminclient-17] WARN org.apache.kafka.clients.NetworkClient - [AdminClient clientId=adminclient-17] Connection to node -1 (localhost/127.0.0.1:9092) could not be established. Broker may not be available.
[kafka-admin-client-thread | adminclient-9] INFO org.apache.kafka.clients.NetworkClient - [AdminClient clientId=adminclient-9] Node -1 disconnected.
[kafka-admin-client-thread | adminclient-19] WARN org.apache.kafka.clients.NetworkClient - [AdminClient clientId=adminclient-19] Connection to node -1 (localhost/127.0.0.1:9092) could not be established. Broker may not be available.
[kafka-admin-client-thread | adminclient-9] WARN org.apache.kafka.clients.NetworkClient - [AdminClient clientId=adminclient-9] Connection to node -1 (localhost/127.0.0.1:9092) could not be established. Broker may not be available.
[kafka-admin-client-thread | adminclient-26] INFO org.apache.kafka.clients.NetworkClient - [AdminClient clientId=adminclient-26] Node -1 disconnected.
[kafka-admin-client-thread | adminclient-26] WARN org.apache.kafka.clients.NetworkClient - [AdminClient clientId=adminclient-26] Connection to node -1 (localhost/127.0.0.1:9092) could not be established. Broker may not be available.
[kafka-admin-client-thread | adminclient-22] INFO org.apache.kafka.clients.NetworkClient - [AdminClient clientId=adminclient-22] Node -1 disconnected.
[kafka-admin-client-thread | adminclient-22] WARN org.apache.kafka.clients.NetworkClient - [AdminClient clientId=adminclient-22] Connection to node -1 (localhost/127.0.0.1:9092) could not be established. Broker may not be available.
[kafka-admin-client-thread | adminclient-2] INFO org.apache.kafka.clients.NetworkClient - [AdminClient clientId=adminclient-2] Node -1 disconnected.
[kafka-admin-client-thread | adminclient-2] WARN org.apache.kafka.clients.NetworkClient - [AdminClient clientId=adminclient-2] Connection to node -1 (localhost/127.0.0.1:9092) could not be established. Broker may not be available.
[kafka-admin-client-thread | adminclient-25] INFO org.apache.kafka.clients.NetworkClient - [AdminClient clientId=adminclient-25] Node -1 disconnected.
[kafka-admin-client-thread | adminclient-25] WARN org.apache.kafka.clients.NetworkClient - [AdminClient clientId=adminclient-25] Connection to node -1 (localhost/127.0.0.1:9092) could not be established. Broker may not be available.
[kafka-admin-client-thread | adminclient-3] INFO org.apache.kafka.clients.NetworkClient - [AdminClient clientId=adminclient-3] Node -1 disconnected.
[kafka-admin-client-thread | adminclient-3] WARN org.apache.kafka.clients.NetworkClient - [AdminClient clientId=adminclient-3] Connection to node -1 (localhost/127.0.0.1:9092) could not be established. Broker may not be available.
[kafka-admin-client-thread | adminclient-4] INFO org.apache.kafka.clients.NetworkClient - [AdminClient clientId=adminclient-4] Node -1 disconnected.
[kafka-admin-client-thread | adminclient-4] WARN org.apache.kafka.clients.NetworkClient - [AdminClient clientId=adminclient-4] Connection to node -1 (localhost/127.0.0.1:9092) could not be established. Broker may not be available.
[kafka-admin-client-thread | adminclient-16] INFO org.apache.kafka.clients.NetworkClient - [AdminClient clientId=adminclient-16] Node -1 disconnected.
[kafka-admin-client-thread | adminclient-16] WARN org.apache.kafka.clients.NetworkClient - [AdminClient clientId=adminclient-16] Connection to node -1 (localhost/127.0.0.1:9092) could not be established. Broker may not be available.
[kafka-admin-client-thread | adminclient-28] INFO org.apache.kafka.clients.NetworkClient - [AdminClient clientId=adminclient-28] Node -1 disconnected.
[kafka-admin-client-thread | adminclient-28] WARN org.apache.kafka.clients.NetworkClient - [AdminClient clientId=adminclient-28] Connection to node -1 (localhost/127.0.0.1:9092) could not be established. Broker may not be available.
[kafka-admin-client-thread | adminclient-1] INFO org.apache.kafka.clients.NetworkClient - [AdminClient clientId=adminclient-1] Node -1 disconnected.
[kafka-admin-client-thread | adminclient-1] WARN org.apache.kafka.clients.NetworkClient - [AdminClient clientId=adminclient-1] Connection to node -1 (localhost/127.0.0.1:9092) could not be established. Broker may not be available.
[kafka-admin-client-thread | adminclient-12] INFO org.apache.kafka.clients.NetworkClient - [AdminClient clientId=adminclient-12] Node -1 disconnected.
[kafka-admin-client-thread | adminclient-24] INFO org.apache.kafka.clients.NetworkClient - [AdminClient clientId=adminclient-24] Node -1 disconnected.
[kafka-admin-client-thread | adminclient-12] WARN org.apache.kafka.clients.NetworkClient - [AdminClient clientId=adminclient-12] Connection to node -1 (localhost/127.0.0.1:9092) could not be established. Broker may not be available.
[kafka-admin-client-thread | adminclient-24] WARN org.apache.kafka.clients.NetworkClient - [AdminClient clientId=adminclient-24] Connection to node -1 (localhost/127.0.0.1:9092) could not be established. Broker may not be available.
[kafka-admin-client-thread | adminclient-7] INFO org.apache.kafka.clients.NetworkClient - [AdminClient clientId=adminclient-7] Node -1 disconnected.
[kafka-admin-client-thread | adminclient-7] WARN org.apache.kafka.clients.NetworkClient - [AdminClient clientId=adminclient-7] Connection to node -1 (localhost/127.0.0.1:9092) could not be established. Broker may not be available.
[kafka-admin-client-thread | adminclient-11] INFO org.apache.kafka.clients.NetworkClient - [AdminClient clientId=adminclient-11] Node -1 disconnected.
[kafka-admin-client-thread | adminclient-11] WARN org.apache.kafka.clients.NetworkClient - [AdminClient clientId=adminclient-11] Connection to node -1 (localhost/127.0.0.1:9092) could not be established. Broker may not be available.
[kafka-admin-client-thread | adminclient-15] INFO org.apache.kafka.clients.NetworkClient - [AdminClient clientId=adminclient-15] Node -1 disconnected.
[kafka-admin-client-thread | adminclient-15] WARN org.apache.kafka.clients.NetworkClient - [AdminClient clientId=adminclient-15] Connection to node -1 (localhost/127.0.0.1:9092) could not be established. Broker may not be available.
[kafka-admin-client-thread | adminclient-27] INFO org.apache.kafka.clients.NetworkClient - [AdminClient clientId=adminclient-27] Node -1 disconnected.
[kafka-admin-client-thread | adminclient-27] WARN org.apache.kafka.clients.NetworkClient - [AdminClient clientId=adminclient-27] Connection to node -1 (localhost/127.0.0.1:9092) could not be established. Broker may not be available.
[kafka-admin-client-thread | adminclient-10] INFO org.apache.kafka.clients.NetworkClient - [AdminClient clientId=adminclient-10] Node -1 disconnected.
[kafka-admin-client-thread | adminclient-20] INFO org.apache.kafka.clients.NetworkClient - [AdminClient clientId=adminclient-20] Node -1 disconnected.
[kafka-admin-client-thread | adminclient-10] WARN org.apache.kafka.clients.NetworkClient - [AdminClient clientId=adminclient-10] Connection to node -1 (localhost/127.0.0.1:9092) could not be established. Broker may not be available.
[kafka-admin-client-thread | adminclient-20] WARN org.apache.kafka.clients.NetworkClient - [AdminClient clientId=adminclient-20] Connection to node -1 (localhost/127.0.0.1:9092) could not be established. Broker may not be available.
[kafka-admin-client-thread | adminclient-18] INFO org.apache.kafka.clients.NetworkClient - [AdminClient clientId=adminclient-18] Node -1 disconnected.
[kafka-admin-client-thread | adminclient-18] WARN org.apache.kafka.clients.NetworkClient - [AdminClient clientId=adminclient-18] Connection to node -1 (localhost/127.0.0.1:9092) could not be established. Broker may not be available.
[kafka-admin-client-thread | adminclient-14] INFO org.apache.kafka.clients.NetworkClient - [AdminClient clientId=adminclient-14] Node -1 disconnected.
[kafka-admin-client-thread | adminclient-14] WARN org.apache.kafka.clients.NetworkClient - [AdminClient clientId=adminclient-14] Connection to node -1 (localhost/127.0.0.1:9092) could not be established. Broker may not be available.
[kafka-admin-client-thread | adminclient-23] INFO org.apache.kafka.clients.NetworkClient - [AdminClient clientId=adminclient-23] Node -1 disconnected.
[kafka-admin-client-thread | adminclient-13] INFO org.apache.kafka.clients.NetworkClient - [AdminClient clientId=adminclient-13] Node -1 disconnected.
[kafka-admin-client-thread | adminclient-19] INFO org.apache.kafka.clients.NetworkClient - [AdminClient clientId=adminclient-19] Node -1 disconnected.
[kafka-admin-client-thread | adminclient-23] WARN org.apache.kafka.clients.NetworkClient - [AdminClient clientId=adminclient-23] Connection to node -1 (localhost/127.0.0.1:9092) could not be established. Broker may not be available.
[kafka-admin-client-thread | adminclient-19] WARN org.apache.kafka.clients.NetworkClient - [AdminClient clientId=adminclient-19] Connection to node -1 (localhost/127.0.0.1:9092) could not be established. Broker may not be available.
[kafka-admin-client-thread | adminclient-13] WARN org.apache.kafka.clients.NetworkClient - [AdminClient clientId=adminclient-13] Connection to node -1 (localhost/127.0.0.1:9092) could not be established. Broker may not be available.
[kafka-admin-client-thread | adminclient-21] INFO org.apache.kafka.clients.NetworkClient - [AdminClient clientId=adminclient-21] Node -1 disconnected.
[kafka-admin-client-thread | adminclient-17] INFO org.apache.kafka.clients.NetworkClient - [AdminClient clientId=adminclient-17] Node -1 disconnected.
[kafka-admin-client-thread | adminclient-21] WARN org.apache.kafka.clients.NetworkClient - [AdminClient clientId=adminclient-21] Connection to node -1 (localhost/127.0.0.1:9092) could not be established. Broker may not be available.
[kafka-admin-client-thread | adminclient-17] WARN org.apache.kafka.clients.NetworkClient - [AdminClient clientId=adminclient-17] Connection to node -1 (localhost/127.0.0.1:9092) could not be established. Broker may not be available.
[kafka-admin-client-thread | adminclient-22] INFO org.apache.kafka.clients.NetworkClient - [AdminClient clientId=adminclient-22] Node -1 disconnected.
[kafka-admin-client-thread | adminclient-26] INFO org.apache.kafka.clients.NetworkClient - [AdminClient clientId=adminclient-26] Node -1 disconnected.
[kafka-admin-client-thread | adminclient-22] WARN org.apache.kafka.clients.NetworkClient - [AdminClient clientId=adminclient-22] Connection to node -1 (localhost/127.0.0.1:9092) could not be established. Broker may not be available.
[kafka-admin-client-thread | adminclient-26] WARN org.apache.kafka.clients.NetworkClient - [AdminClient clientId=adminclient-26] Connection to node -1 (localhost/127.0.0.1:9092) could not be established. Broker may not be available.
[kafka-admin-client-thread | adminclient-8] INFO org.apache.kafka.clients.NetworkClient - [AdminClient clientId=adminclient-8] Node -1 disconnected.
[kafka-admin-client-thread | adminclient-8] WARN org.apache.kafka.clients.NetworkClient - [AdminClient clientId=adminclient-8] Connection to node -1 (localhost/127.0.0.1:9092) could not be established. Broker may not be available.
[kafka-admin-client-thread | adminclient-2] INFO org.apache.kafka.clients.NetworkClient - [AdminClient clientId=adminclient-2] Node -1 disconnected.
[kafka-admin-client-thread | adminclient-2] WARN org.apache.kafka.clients.NetworkClient - [AdminClient clientId=adminclient-2] Connection to node -1 (localhost/127.0.0.1:9092) could not be established. Broker may not be available.
[kafka-admin-client-thread | adminclient-4] INFO org.apache.kafka.clients.NetworkClient - [AdminClient clientId=adminclient-4] Node -1 disconnected.
[kafka-admin-client-thread | adminclient-25] INFO org.apache.kafka.clients.NetworkClient - [AdminClient clientId=adminclient-25] Node -1 disconnected.
[kafka-admin-client-thread | adminclient-4] WARN org.apache.kafka.clients.NetworkClient - [AdminClient clientId=adminclient-4] Connection to node -1 (localhost/127.0.0.1:9092) could not be established. Broker may not be available.
[kafka-admin-client-thread | adminclient-25] WARN org.apache.kafka.clients.NetworkClient - [AdminClient clientId=adminclient-25] Connection to node -1 (localhost/127.0.0.1:9092) could not be established. Broker may not be available.
[kafka-admin-client-thread | adminclient-9] INFO org.apache.kafka.clients.NetworkClient - [AdminClient clientId=adminclient-9] Node -1 disconnected.
[kafka-admin-client-thread | adminclient-9] WARN org.apache.kafka.clients.NetworkClient - [AdminClient clientId=adminclient-9] Connection to node -1 (localhost/127.0.0.1:9092) could not be established. Broker may not be available.
[kafka-admin-client-thread | adminclient-28] INFO org.apache.kafka.clients.NetworkClient - [AdminClient clientId=adminclient-28] Node -1 disconnected.
[kafka-admin-client-thread | adminclient-28] WARN org.apache.kafka.clients.NetworkClient - [AdminClient clientId=adminclient-28] Connection to node -1 (localhost/127.0.0.1:9092) could not be established. Broker may not be available.
[kafka-admin-client-thread | adminclient-11] INFO org.apache.kafka.clients.NetworkClient - [AdminClient clientId=adminclient-11] Node -1 disconnected.
[kafka-admin-client-thread | adminclient-16] INFO org.apache.kafka.clients.NetworkClient - [AdminClient clientId=adminclient-16] Node -1 disconnected.
[kafka-admin-client-thread | adminclient-11] WARN org.apache.kafka.clients.NetworkClient - [AdminClient clientId=adminclient-11] Connection to node -1 (localhost/127.0.0.1:9092) could not be established. Broker may not be available.
[kafka-admin-client-thread | adminclient-16] WARN org.apache.kafka.clients.NetworkClient - [AdminClient clientId=adminclient-16] Connection to node -1 (localhost/127.0.0.1:9092) could not be established. Broker may not be available.
[kafka-admin-client-thread | adminclient-1] INFO org.apache.kafka.clients.NetworkClient - [AdminClient clientId=adminclient-1] Node -1 disconnected.
[kafka-admin-client-thread | adminclient-1] WARN org.apache.kafka.clients.NetworkClient - [AdminClient clientId=adminclient-1] Connection to node -1 (localhost/127.0.0.1:9092) could not be established. Broker may not be available.
[kafka-admin-client-thread | adminclient-24] INFO org.apache.kafka.clients.NetworkClient - [AdminClient clientId=adminclient-24] Node -1 disconnected.
[kafka-admin-client-thread | adminclient-3] INFO org.apache.kafka.clients.NetworkClient - [AdminClient clientId=adminclient-3] Node -1 disconnected.
[kafka-admin-client-thread | adminclient-24] WARN org.apache.kafka.clients.NetworkClient - [AdminClient clientId=adminclient-24] Connection to node -1 (localhost/127.0.0.1:9092) could not be established. Broker may not be available.
[kafka-admin-client-thread | adminclient-3] WARN org.apache.kafka.clients.NetworkClient - [AdminClient clientId=adminclient-3] Connection to node -1 (localhost/127.0.0.1:9092) could not be established. Broker may not be available.
[kafka-admin-client-thread | adminclient-15] INFO org.apache.kafka.clients.NetworkClient - [AdminClient clientId=adminclient-15] Node -1 disconnected.
[kafka-admin-client-thread | adminclient-15] WARN org.apache.kafka.clients.NetworkClient - [AdminClient clientId=adminclient-15] Connection to node -1 (localhost/127.0.0.1:9092) could not be established. Broker may not be available.
[kafka-admin-client-thread | adminclient-18] INFO org.apache.kafka.clients.NetworkClient - [AdminClient clientId=adminclient-18] Node -1 disconnected.
[kafka-admin-client-thread | adminclient-18] WARN org.apache.kafka.clients.NetworkClient - [AdminClient clientId=adminclient-18] Connection to node -1 (localhost/127.0.0.1:9092) could not be established. Broker may not be available.
[kafka-admin-client-thread | adminclient-27] INFO org.apache.kafka.clients.NetworkClient - [AdminClient clientId=adminclient-27] Node -1 disconnected.
[kafka-admin-client-thread | adminclient-27] WARN org.apache.kafka.clients.NetworkClient - [AdminClient clientId=adminclient-27] Connection to node -1 (localhost/127.0.0.1:9092) could not be established. Broker may not be available.
[kafka-admin-client-thread | adminclient-10] INFO org.apache.kafka.clients.NetworkClient - [AdminClient clientId=adminclient-10] Node -1 disconnected.
[kafka-admin-client-thread | adminclient-12] INFO org.apache.kafka.clients.NetworkClient - [AdminClient clientId=adminclient-12] Node -1 disconnected.
[kafka-admin-client-thread | adminclient-10] WARN org.apache.kafka.clients.NetworkClient - [AdminClient clientId=adminclient-10] Connection to node -1 (localhost/127.0.0.1:9092) could not be established. Broker may not be available.
[kafka-admin-client-thread | adminclient-12] WARN org.apache.kafka.clients.NetworkClient - [AdminClient clientId=adminclient-12] Connection to node -1 (localhost/127.0.0.1:9092) could not be established. Broker may not be available.
[kafka-admin-client-thread | adminclient-7] INFO org.apache.kafka.clients.NetworkClient - [AdminClient clientId=adminclient-7] Node -1 disconnected.
[kafka-admin-client-thread | adminclient-7] WARN org.apache.kafka.clients.NetworkClient - [AdminClient clientId=adminclient-7] Connection to node -1 (localhost/127.0.0.1:9092) could not be established. Broker may not be available.
[kafka-admin-client-thread | adminclient-20] INFO org.apache.kafka.clients.NetworkClient - [AdminClient clientId=adminclient-20] Node -1 disconnected.
[kafka-admin-client-thread | adminclient-20] WARN org.apache.kafka.clients.NetworkClient - [AdminClient clientId=adminclient-20] Connection to node -1 (localhost/127.0.0.1:9092) could not be established. Broker may not be available.
[kafka-admin-client-thread | adminclient-13] INFO org.apache.kafka.clients.NetworkClient - [AdminClient clientId=adminclient-13] Node -1 disconnected.
[kafka-admin-client-thread | adminclient-23] INFO org.apache.kafka.clients.NetworkClient - [AdminClient clientId=adminclient-23] Node -1 disconnected.
[kafka-admin-client-thread | adminclient-13] WARN org.apache.kafka.clients.NetworkClient - [AdminClient clientId=adminclient-13] Connection to node -1 (localhost/127.0.0.1:9092) could not be established. Broker may not be available.
[kafka-admin-client-thread | adminclient-23] WARN org.apache.kafka.clients.NetworkClient - [AdminClient clientId=adminclient-23] Connection to node -1 (localhost/127.0.0.1:9092) could not be established. Broker may not be available.
[kafka-admin-client-thread | adminclient-14] INFO org.apache.kafka.clients.NetworkClient - [AdminClient clientId=adminclient-14] Node -1 disconnected.
[kafka-admin-client-thread | adminclient-14] WARN org.apache.kafka.clients.NetworkClient - [AdminClient clientId=adminclient-14] Connection to node -1 (localhost/127.0.0.1:9092) could not be established. Broker may not be available.
[kafka-admin-client-thread | adminclient-19] INFO org.apache.kafka.clients.NetworkClient - [AdminClient clientId=adminclient-19] Node -1 disconnected.
[kafka-admin-client-thread | adminclient-19] WARN org.apache.kafka.clients.NetworkClient - [AdminClient clientId=adminclient-19] Connection to node -1 (localhost/127.0.0.1:9092) could not be established. Broker may not be available.
[kafka-admin-client-thread | adminclient-21] INFO org.apache.kafka.clients.NetworkClient - [AdminClient clientId=adminclient-21] Node -1 disconnected.
[kafka-admin-client-thread | adminclient-22] INFO org.apache.kafka.clients.NetworkClient - [AdminClient clientId=adminclient-22] Node -1 disconnected.
[kafka-admin-client-thread | adminclient-21] WARN org.apache.kafka.clients.NetworkClient - [AdminClient clientId=adminclient-21] Connection to node -1 (localhost/127.0.0.1:9092) could not be established. Broker may not be available.
[kafka-admin-client-thread | adminclient-22] WARN org.apache.kafka.clients.NetworkClient - [AdminClient clientId=adminclient-22] Connection to node -1 (localhost/127.0.0.1:9092) could not be established. Broker may not be available.
[kafka-admin-client-thread | adminclient-2] INFO org.apache.kafka.clients.NetworkClient - [AdminClient clientId=adminclient-2] Node -1 disconnected.
[kafka-admin-client-thread | adminclient-2] WARN org.apache.kafka.clients.NetworkClient - [AdminClient clientId=adminclient-2] Connection to node -1 (localhost/127.0.0.1:9092) could not be established. Broker may not be available.
[kafka-admin-client-thread | adminclient-17] INFO org.apache.kafka.clients.NetworkClient - [AdminClient clientId=adminclient-17] Node -1 disconnected.
[kafka-admin-client-thread | adminclient-17] WARN org.apache.kafka.clients.NetworkClient - [AdminClient clientId=adminclient-17] Connection to node -1 (localhost/127.0.0.1:9092) could not be established. Broker may not be available.
[kafka-admin-client-thread | adminclient-8] INFO org.apache.kafka.clients.NetworkClient - [AdminClient clientId=adminclient-8] Node -1 disconnected.
[kafka-admin-client-thread | adminclient-8] WARN org.apache.kafka.clients.NetworkClient - [AdminClient clientId=adminclient-8] Connection to node -1 (localhost/127.0.0.1:9092) could not be established. Broker may not be available.
[kafka-admin-client-thread | adminclient-25] INFO org.apache.kafka.clients.NetworkClient - [AdminClient clientId=adminclient-25] Node -1 disconnected.
[kafka-admin-client-thread | adminclient-25] WARN org.apache.kafka.clients.NetworkClient - [AdminClient clientId=adminclient-25] Connection to node -1 (localhost/127.0.0.1:9092) could not be established. Broker may not be available.
[kafka-admin-client-thread | adminclient-4] INFO org.apache.kafka.clients.NetworkClient - [AdminClient clientId=adminclient-4] Node -1 disconnected.
[kafka-admin-client-thread | adminclient-26] INFO org.apache.kafka.clients.NetworkClient - [AdminClient clientId=adminclient-26] Node -1 disconnected.
[kafka-admin-client-thread | adminclient-4] WARN org.apache.kafka.clients.NetworkClient - [AdminClient clientId=adminclient-4] Connection to node -1 (localhost/127.0.0.1:9092) could not be established. Broker may not be available.
[kafka-admin-client-thread | adminclient-26] WARN org.apache.kafka.clients.NetworkClient - [AdminClient clientId=adminclient-26] Connection to node -1 (localhost/127.0.0.1:9092) could not be established. Broker may not be available.
[kafka-admin-client-thread | adminclient-28] INFO org.apache.kafka.clients.NetworkClient - [AdminClient clientId=adminclient-28] Node -1 disconnected.
[kafka-admin-client-thread | adminclient-28] WARN org.apache.kafka.clients.NetworkClient - [AdminClient clientId=adminclient-28] Connection to node -1 (localhost/127.0.0.1:9092) could not be established. Broker may not be available.
[kafka-admin-client-thread | adminclient-11] INFO org.apache.kafka.clients.NetworkClient - [AdminClient clientId=adminclient-11] Node -1 disconnected.
[kafka-admin-client-thread | adminclient-9] INFO org.apache.kafka.clients.NetworkClient - [AdminClient clientId=adminclient-9] Node -1 disconnected.
[kafka-admin-client-thread | adminclient-11] WARN org.apache.kafka.clients.NetworkClient - [AdminClient clientId=adminclient-11] Connection to node -1 (localhost/127.0.0.1:9092) could not be established. Broker may not be available.
[kafka-admin-client-thread | adminclient-9] WARN org.apache.kafka.clients.NetworkClient - [AdminClient clientId=adminclient-9] Connection to node -1 (localhost/127.0.0.1:9092) could not be established. Broker may not be available.
[kafka-admin-client-thread | adminclient-27] INFO org.apache.kafka.clients.NetworkClient - [AdminClient clientId=adminclient-27] Node -1 disconnected.
[kafka-admin-client-thread | adminclient-27] WARN org.apache.kafka.clients.NetworkClient - [AdminClient clientId=adminclient-27] Connection to node -1 (localhost/127.0.0.1:9092) could not be established. Broker may not be available.
[kafka-admin-client-thread | adminclient-3] INFO org.apache.kafka.clients.NetworkClient - [AdminClient clientId=adminclient-3] Node -1 disconnected.
[kafka-admin-client-thread | adminclient-24] INFO org.apache.kafka.clients.NetworkClient - [AdminClient clientId=adminclient-24] Node -1 disconnected.
[kafka-admin-client-thread | adminclient-16] INFO org.apache.kafka.clients.NetworkClient - [AdminClient clientId=adminclient-16] Node -1 disconnected.
[kafka-admin-client-thread | adminclient-3] WARN org.apache.kafka.clients.NetworkClient - [AdminClient clientId=adminclient-3] Connection to node -1 (localhost/127.0.0.1:9092) could not be established. Broker may not be available.
[kafka-admin-client-thread | adminclient-24] WARN org.apache.kafka.clients.NetworkClient - [AdminClient clientId=adminclient-24] Connection to node -1 (localhost/127.0.0.1:9092) could not be established. Broker may not be available.
[kafka-admin-client-thread | adminclient-16] WARN org.apache.kafka.clients.NetworkClient - [AdminClient clientId=adminclient-16] Connection to node -1 (localhost/127.0.0.1:9092) could not be established. Broker may not be available.
[kafka-admin-client-thread | adminclient-1] INFO org.apache.kafka.clients.NetworkClient - [AdminClient clientId=adminclient-1] Node -1 disconnected.
[kafka-admin-client-thread | adminclient-1] WARN org.apache.kafka.clients.NetworkClient - [AdminClient clientId=adminclient-1] Connection to node -1 (localhost/127.0.0.1:9092) could not be established. Broker may not be available.
[kafka-admin-client-thread | adminclient-18] INFO org.apache.kafka.clients.NetworkClient - [AdminClient clientId=adminclient-18] Node -1 disconnected.
[kafka-admin-client-thread | adminclient-18] WARN org.apache.kafka.clients.NetworkClient - [AdminClient clientId=adminclient-18] Connection to node -1 (localhost/127.0.0.1:9092) could not be established. Broker may not be available.
[kafka-admin-client-thread | adminclient-10] INFO org.apache.kafka.clients.NetworkClient - [AdminClient clientId=adminclient-10] Node -1 disconnected.
[kafka-admin-client-thread | adminclient-10] WARN org.apache.kafka.clients.NetworkClient - [AdminClient clientId=adminclient-10] Connection to node -1 (localhost/127.0.0.1:9092) could not be established. Broker may not be available.
[kafka-admin-client-thread | adminclient-12] INFO org.apache.kafka.clients.NetworkClient - [AdminClient clientId=adminclient-12] Node -1 disconnected.
[kafka-admin-client-thread | adminclient-13] INFO org.apache.kafka.clients.NetworkClient - [AdminClient clientId=adminclient-13] Node -1 disconnected.
[kafka-admin-client-thread | adminclient-12] WARN org.apache.kafka.clients.NetworkClient - [AdminClient clientId=adminclient-12] Connection to node -1 (localhost/127.0.0.1:9092) could not be established. Broker may not be available.
[kafka-admin-client-thread | adminclient-13] WARN org.apache.kafka.clients.NetworkClient - [AdminClient clientId=adminclient-13] Connection to node -1 (localhost/127.0.0.1:9092) could not be established. Broker may not be available.
[kafka-admin-client-thread | adminclient-15] INFO org.apache.kafka.clients.NetworkClient - [AdminClient clientId=adminclient-15] Node -1 disconnected.
[kafka-admin-client-thread | adminclient-15] WARN org.apache.kafka.clients.NetworkClient - [AdminClient clientId=adminclient-15] Connection to node -1 (localhost/127.0.0.1:9092) could not be established. Broker may not be available.
[kafka-admin-client-thread | adminclient-20] INFO org.apache.kafka.clients.NetworkClient - [AdminClient clientId=adminclient-20] Node -1 disconnected.
[kafka-admin-client-thread | adminclient-19] INFO org.apache.kafka.clients.NetworkClient - [AdminClient clientId=adminclient-19] Node -1 disconnected.
[kafka-admin-client-thread | adminclient-20] WARN org.apache.kafka.clients.NetworkClient - [AdminClient clientId=adminclient-20] Connection to node -1 (localhost/127.0.0.1:9092) could not be established. Broker may not be available.
[kafka-admin-client-thread | adminclient-19] WARN org.apache.kafka.clients.NetworkClient - [AdminClient clientId=adminclient-19] Connection to node -1 (localhost/127.0.0.1:9092) could not be established. Broker may not be available.
[kafka-admin-client-thread | adminclient-7] INFO org.apache.kafka.clients.NetworkClient - [AdminClient clientId=adminclient-7] Node -1 disconnected.
[kafka-admin-client-thread | adminclient-7] WARN org.apache.kafka.clients.NetworkClient - [AdminClient clientId=adminclient-7] Connection to node -1 (localhost/127.0.0.1:9092) could not be established. Broker may not be available.
[kafka-admin-client-thread | adminclient-22] INFO org.apache.kafka.clients.NetworkClient - [AdminClient clientId=adminclient-22] Node -1 disconnected.
[kafka-admin-client-thread | adminclient-23] INFO org.apache.kafka.clients.NetworkClient - [AdminClient clientId=adminclient-23] Node -1 disconnected.
[kafka-admin-client-thread | adminclient-22] WARN org.apache.kafka.clients.NetworkClient - [AdminClient clientId=adminclient-22] Connection to node -1 (localhost/127.0.0.1:9092) could not be established. Broker may not be available.
[kafka-admin-client-thread | adminclient-23] WARN org.apache.kafka.clients.NetworkClient - [AdminClient clientId=adminclient-23] Connection to node -1 (localhost/127.0.0.1:9092) could not be established. Broker may not be available.
[kafka-admin-client-thread | adminclient-14] INFO org.apache.kafka.clients.NetworkClient - [AdminClient clientId=adminclient-14] Node -1 disconnected.
[kafka-admin-client-thread | adminclient-14] WARN org.apache.kafka.clients.NetworkClient - [AdminClient clientId=adminclient-14] Connection to node -1 (localhost/127.0.0.1:9092) could not be established. Broker may not be available.
[kafka-admin-client-thread | adminclient-25] INFO org.apache.kafka.clients.NetworkClient - [AdminClient clientId=adminclient-25] Node -1 disconnected.
[kafka-admin-client-thread | adminclient-25] WARN org.apache.kafka.clients.NetworkClient - [AdminClient clientId=adminclient-25] Connection to node -1 (localhost/127.0.0.1:9092) could not be established. Broker may not be available.
[kafka-admin-client-thread | adminclient-21] INFO org.apache.kafka.clients.NetworkClient - [AdminClient clientId=adminclient-21] Node -1 disconnected.
[kafka-admin-client-thread | adminclient-17] INFO org.apache.kafka.clients.NetworkClient - [AdminClient clientId=adminclient-17] Node -1 disconnected.
[kafka-admin-client-thread | adminclient-21] WARN org.apache.kafka.clients.NetworkClient - [AdminClient clientId=adminclient-21] Connection to node -1 (localhost/127.0.0.1:9092) could not be established. Broker may not be available.
[kafka-admin-client-thread | adminclient-17] WARN org.apache.kafka.clients.NetworkClient - [AdminClient clientId=adminclient-17] Connection to node -1 (localhost/127.0.0.1:9092) could not be established. Broker may not be available.
[kafka-admin-client-thread | adminclient-8] INFO org.apache.kafka.clients.NetworkClient - [AdminClient clientId=adminclient-8] Node -1 disconnected.
[kafka-admin-client-thread | adminclient-8] WARN org.apache.kafka.clients.NetworkClient - [AdminClient clientId=adminclient-8] Connection to node -1 (localhost/127.0.0.1:9092) could not be established. Broker may not be available.
[kafka-admin-client-thread | adminclient-2] INFO org.apache.kafka.clients.NetworkClient - [AdminClient clientId=adminclient-2] Node -1 disconnected.
[kafka-admin-client-thread | adminclient-2] WARN org.apache.kafka.clients.NetworkClient - [AdminClient clientId=adminclient-2] Connection to node -1 (localhost/127.0.0.1:9092) could not be established. Broker may not be available.
[kafka-admin-client-thread | adminclient-4] INFO org.apache.kafka.clients.NetworkClient - [AdminClient clientId=adminclient-4] Node -1 disconnected.
[kafka-admin-client-thread | adminclient-4] WARN org.apache.kafka.clients.NetworkClient - [AdminClient clientId=adminclient-4] Connection to node -1 (localhost/127.0.0.1:9092) could not be established. Broker may not be available.
[kafka-admin-client-thread | adminclient-26] INFO org.apache.kafka.clients.NetworkClient - [AdminClient clientId=adminclient-26] Node -1 disconnected.
[kafka-admin-client-thread | adminclient-26] WARN org.apache.kafka.clients.NetworkClient - [AdminClient clientId=adminclient-26] Connection to node -1 (localhost/127.0.0.1:9092) could not be established. Broker may not be available.
[kafka-admin-client-thread | adminclient-28] INFO org.apache.kafka.clients.NetworkClient - [AdminClient clientId=adminclient-28] Node -1 disconnected.
[kafka-admin-client-thread | adminclient-28] WARN org.apache.kafka.clients.NetworkClient - [AdminClient clientId=adminclient-28] Connection to node -1 (localhost/127.0.0.1:9092) could not be established. Broker may not be available.
[kafka-admin-client-thread | adminclient-11] INFO org.apache.kafka.clients.NetworkClient - [AdminClient clientId=adminclient-11] Node -1 disconnected.
[kafka-admin-client-thread | adminclient-11] WARN org.apache.kafka.clients.NetworkClient - [AdminClient clientId=adminclient-11] Connection to node -1 (localhost/127.0.0.1:9092) could not be established. Broker may not be available.
[kafka-admin-client-thread | adminclient-27] INFO org.apache.kafka.clients.NetworkClient - [AdminClient clientId=adminclient-27] Node -1 disconnected.
[kafka-admin-client-thread | adminclient-27] WARN org.apache.kafka.clients.NetworkClient - [AdminClient clientId=adminclient-27] Connection to node -1 (localhost/127.0.0.1:9092) could not be established. Broker may not be available.
[kafka-admin-client-thread | adminclient-9] INFO org.apache.kafka.clients.NetworkClient - [AdminClient clientId=adminclient-9] Node -1 disconnected.
[kafka-admin-client-thread | adminclient-24] INFO org.apache.kafka.clients.NetworkClient - [AdminClient clientId=adminclient-24] Node -1 disconnected.
[kafka-admin-client-thread | adminclient-9] WARN org.apache.kafka.clients.NetworkClient - [AdminClient clientId=adminclient-9] Connection to node -1 (localhost/127.0.0.1:9092) could not be established. Broker may not be available.
[kafka-admin-client-thread | adminclient-24] WARN org.apache.kafka.clients.NetworkClient - [AdminClient clientId=adminclient-24] Connection to node -1 (localhost/127.0.0.1:9092) could not be established. Broker may not be available.
[kafka-admin-client-thread | adminclient-19] INFO org.apache.kafka.clients.NetworkClient - [AdminClient clientId=adminclient-19] Node -1 disconnected.
[kafka-admin-client-thread | adminclient-19] WARN org.apache.kafka.clients.NetworkClient - [AdminClient clientId=adminclient-19] Connection to node -1 (localhost/127.0.0.1:9092) could not be established. Broker may not be available.
[kafka-admin-client-thread | adminclient-15] INFO org.apache.kafka.clients.NetworkClient - [AdminClient clientId=adminclient-15] Node -1 disconnected.
[kafka-admin-client-thread | adminclient-15] WARN org.apache.kafka.clients.NetworkClient - [AdminClient clientId=adminclient-15] Connection to node -1 (localhost/127.0.0.1:9092) could not be established. Broker may not be available.
[kafka-admin-client-thread | adminclient-1] INFO org.apache.kafka.clients.NetworkClient - [AdminClient clientId=adminclient-1] Node -1 disconnected.
[kafka-admin-client-thread | adminclient-1] WARN org.apache.kafka.clients.NetworkClient - [AdminClient clientId=adminclient-1] Connection to node -1 (localhost/127.0.0.1:9092) could not be established. Broker may not be available.
[kafka-admin-client-thread | adminclient-18] INFO org.apache.kafka.clients.NetworkClient - [AdminClient clientId=adminclient-18] Node -1 disconnected.
[kafka-admin-client-thread | adminclient-18] WARN org.apache.kafka.clients.NetworkClient - [AdminClient clientId=adminclient-18] Connection to node -1 (localhost/127.0.0.1:9092) could not be established. Broker may not be available.
[kafka-admin-client-thread | adminclient-16] INFO org.apache.kafka.clients.NetworkClient - [AdminClient clientId=adminclient-16] Node -1 disconnected.
[kafka-admin-client-thread | adminclient-3] INFO org.apache.kafka.clients.NetworkClient - [AdminClient clientId=adminclient-3] Node -1 disconnected.
[kafka-admin-client-thread | adminclient-16] WARN org.apache.kafka.clients.NetworkClient - [AdminClient clientId=adminclient-16] Connection to node -1 (localhost/127.0.0.1:9092) could not be established. Broker may not be available.
[kafka-admin-client-thread | adminclient-10] INFO org.apache.kafka.clients.NetworkClient - [AdminClient clientId=adminclient-10] Node -1 disconnected.
[kafka-admin-client-thread | adminclient-23] INFO org.apache.kafka.clients.NetworkClient - [AdminClient clientId=adminclient-23] Node -1 disconnected.
[kafka-admin-client-thread | adminclient-3] WARN org.apache.kafka.clients.NetworkClient - [AdminClient clientId=adminclient-3] Connection to node -1 (localhost/127.0.0.1:9092) could not be established. Broker may not be available.
[kafka-admin-client-thread | adminclient-10] WARN org.apache.kafka.clients.NetworkClient - [AdminClient clientId=adminclient-10] Connection to node -1 (localhost/127.0.0.1:9092) could not be established. Broker may not be available.
[kafka-admin-client-thread | adminclient-23] WARN org.apache.kafka.clients.NetworkClient - [AdminClient clientId=adminclient-23] Connection to node -1 (localhost/127.0.0.1:9092) could not be established. Broker may not be available.
[kafka-admin-client-thread | adminclient-13] INFO org.apache.kafka.clients.NetworkClient - [AdminClient clientId=adminclient-13] Node -1 disconnected.
[kafka-admin-client-thread | adminclient-13] WARN org.apache.kafka.clients.NetworkClient - [AdminClient clientId=adminclient-13] Connection to node -1 (localhost/127.0.0.1:9092) could not be established. Broker may not be available.
[kafka-admin-client-thread | adminclient-12] INFO org.apache.kafka.clients.NetworkClient - [AdminClient clientId=adminclient-12] Node -1 disconnected.
[kafka-admin-client-thread | adminclient-12] WARN org.apache.kafka.clients.NetworkClient - [AdminClient clientId=adminclient-12] Connection to node -1 (localhost/127.0.0.1:9092) could not be established. Broker may not be available.
[kafka-admin-client-thread | adminclient-20] INFO org.apache.kafka.clients.NetworkClient - [AdminClient clientId=adminclient-20] Node -1 disconnected.
[kafka-admin-client-thread | adminclient-22] INFO org.apache.kafka.clients.NetworkClient - [AdminClient clientId=adminclient-22] Node -1 disconnected.
[kafka-admin-client-thread | adminclient-20] WARN org.apache.kafka.clients.NetworkClient - [AdminClient clientId=adminclient-20] Connection to node -1 (localhost/127.0.0.1:9092) could not be established. Broker may not be available.
[kafka-admin-client-thread | adminclient-22] WARN org.apache.kafka.clients.NetworkClient - [AdminClient clientId=adminclient-22] Connection to node -1 (localhost/127.0.0.1:9092) could not be established. Broker may not be available.
[kafka-admin-client-thread | adminclient-7] INFO org.apache.kafka.clients.NetworkClient - [AdminClient clientId=adminclient-7] Node -1 disconnected.
[kafka-admin-client-thread | adminclient-7] WARN org.apache.kafka.clients.NetworkClient - [AdminClient clientId=adminclient-7] Connection to node -1 (localhost/127.0.0.1:9092) could not be established. Broker may not be available.
[kafka-admin-client-thread | adminclient-2] INFO org.apache.kafka.clients.NetworkClient - [AdminClient clientId=adminclient-2] Node -1 disconnected.
[kafka-admin-client-thread | adminclient-2] WARN org.apache.kafka.clients.NetworkClient - [AdminClient clientId=adminclient-2] Connection to node -1 (localhost/127.0.0.1:9092) could not be established. Broker may not be available.
[kafka-admin-client-thread | adminclient-21] INFO org.apache.kafka.clients.NetworkClient - [AdminClient clientId=adminclient-21] Node -1 disconnected.
[kafka-admin-client-thread | adminclient-21] WARN org.apache.kafka.clients.NetworkClient - [AdminClient clientId=adminclient-21] Connection to node -1 (localhost/127.0.0.1:9092) could not be established. Broker may not be available.
[kafka-admin-client-thread | adminclient-14] INFO org.apache.kafka.clients.NetworkClient - [AdminClient clientId=adminclient-14] Node -1 disconnected.
[kafka-admin-client-thread | adminclient-14] WARN org.apache.kafka.clients.NetworkClient - [AdminClient clientId=adminclient-14] Connection to node -1 (localhost/127.0.0.1:9092) could not be established. Broker may not be available.
[kafka-admin-client-thread | adminclient-28] INFO org.apache.kafka.clients.NetworkClient - [AdminClient clientId=adminclient-28] Node -1 disconnected.
[kafka-admin-client-thread | adminclient-28] WARN org.apache.kafka.clients.NetworkClient - [AdminClient clientId=adminclient-28] Connection to node -1 (localhost/127.0.0.1:9092) could not be established. Broker may not be available.
[kafka-admin-client-thread | adminclient-25] INFO org.apache.kafka.clients.NetworkClient - [AdminClient clientId=adminclient-25] Node -1 disconnected.
[kafka-admin-client-thread | adminclient-25] WARN org.apache.kafka.clients.NetworkClient - [AdminClient clientId=adminclient-25] Connection to node -1 (localhost/127.0.0.1:9092) could not be established. Broker may not be available.
[kafka-admin-client-thread | adminclient-11] INFO org.apache.kafka.clients.NetworkClient - [AdminClient clientId=adminclient-11] Node -1 disconnected.
[kafka-admin-client-thread | adminclient-24] INFO org.apache.kafka.clients.NetworkClient - [AdminClient clientId=adminclient-24] Node -1 disconnected.
[kafka-admin-client-thread | adminclient-11] WARN org.apache.kafka.clients.NetworkClient - [AdminClient clientId=adminclient-11] Connection to node -1 (localhost/127.0.0.1:9092) could not be established. Broker may not be available.
[kafka-admin-client-thread | adminclient-24] WARN org.apache.kafka.clients.NetworkClient - [AdminClient clientId=adminclient-24] Connection to node -1 (localhost/127.0.0.1:9092) could not be established. Broker may not be available.
[kafka-admin-client-thread | adminclient-17] INFO org.apache.kafka.clients.NetworkClient - [AdminClient clientId=adminclient-17] Node -1 disconnected.
[kafka-admin-client-thread | adminclient-17] WARN org.apache.kafka.clients.NetworkClient - [AdminClient clientId=adminclient-17] Connection to node -1 (localhost/127.0.0.1:9092) could not be established. Broker may not be available.
[kafka-admin-client-thread | adminclient-8] INFO org.apache.kafka.clients.NetworkClient - [AdminClient clientId=adminclient-8] Node -1 disconnected.
[kafka-admin-client-thread | adminclient-8] WARN org.apache.kafka.clients.NetworkClient - [AdminClient clientId=adminclient-8] Connection to node -1 (localhost/127.0.0.1:9092) could not be established. Broker may not be available.
[kafka-admin-client-thread | adminclient-4] INFO org.apache.kafka.clients.NetworkClient - [AdminClient clientId=adminclient-4] Node -1 disconnected.
[kafka-admin-client-thread | adminclient-26] INFO org.apache.kafka.clients.NetworkClient - [AdminClient clientId=adminclient-26] Node -1 disconnected.
[kafka-admin-client-thread | adminclient-4] WARN org.apache.kafka.clients.NetworkClient - [AdminClient clientId=adminclient-4] Connection to node -1 (localhost/127.0.0.1:9092) could not be established. Broker may not be available.
[kafka-admin-client-thread | adminclient-9] INFO org.apache.kafka.clients.NetworkClient - [AdminClient clientId=adminclient-9] Node -1 disconnected.
[kafka-admin-client-thread | adminclient-26] WARN org.apache.kafka.clients.NetworkClient - [AdminClient clientId=adminclient-26] Connection to node -1 (localhost/127.0.0.1:9092) could not be established. Broker may not be available.
[kafka-admin-client-thread | adminclient-9] WARN org.apache.kafka.clients.NetworkClient - [AdminClient clientId=adminclient-9] Connection to node -1 (localhost/127.0.0.1:9092) could not be established. Broker may not be available.
[kafka-admin-client-thread | adminclient-27] INFO org.apache.kafka.clients.NetworkClient - [AdminClient clientId=adminclient-27] Node -1 disconnected.
[kafka-admin-client-thread | adminclient-27] WARN org.apache.kafka.clients.NetworkClient - [AdminClient clientId=adminclient-27] Connection to node -1 (localhost/127.0.0.1:9092) could not be established. Broker may not be available.
[kafka-admin-client-thread | adminclient-19] INFO org.apache.kafka.clients.NetworkClient - [AdminClient clientId=adminclient-19] Node -1 disconnected.
[kafka-admin-client-thread | adminclient-3] INFO org.apache.kafka.clients.NetworkClient - [AdminClient clientId=adminclient-3] Node -1 disconnected.
[kafka-admin-client-thread | adminclient-19] WARN org.apache.kafka.clients.NetworkClient - [AdminClient clientId=adminclient-19] Connection to node -1 (localhost/127.0.0.1:9092) could not be established. Broker may not be available.
[kafka-admin-client-thread | adminclient-3] WARN org.apache.kafka.clients.NetworkClient - [AdminClient clientId=adminclient-3] Connection to node -1 (localhost/127.0.0.1:9092) could not be established. Broker may not be available.
[kafka-admin-client-thread | adminclient-15] INFO org.apache.kafka.clients.NetworkClient - [AdminClient clientId=adminclient-15] Node -1 disconnected.
[kafka-admin-client-thread | adminclient-15] WARN org.apache.kafka.clients.NetworkClient - [AdminClient clientId=adminclient-15] Connection to node -1 (localhost/127.0.0.1:9092) could not be established. Broker may not be available.
[kafka-admin-client-thread | adminclient-18] INFO org.apache.kafka.clients.NetworkClient - [AdminClient clientId=adminclient-18] Node -1 disconnected.
[kafka-admin-client-thread | adminclient-18] WARN org.apache.kafka.clients.NetworkClient - [AdminClient clientId=adminclient-18] Connection to node -1 (localhost/127.0.0.1:9092) could not be established. Broker may not be available.
[kafka-admin-client-thread | adminclient-20] INFO org.apache.kafka.clients.NetworkClient - [AdminClient clientId=adminclient-20] Node -1 disconnected.
[kafka-admin-client-thread | adminclient-23] INFO org.apache.kafka.clients.NetworkClient - [AdminClient clientId=adminclient-23] Node -1 disconnected.
[kafka-admin-client-thread | adminclient-20] WARN org.apache.kafka.clients.NetworkClient - [AdminClient clientId=adminclient-20] Connection to node -1 (localhost/127.0.0.1:9092) could not be established. Broker may not be available.
[kafka-admin-client-thread | adminclient-23] WARN org.apache.kafka.clients.NetworkClient - [AdminClient clientId=adminclient-23] Connection to node -1 (localhost/127.0.0.1:9092) could not be established. Broker may not be available.
[kafka-admin-client-thread | adminclient-1] INFO org.apache.kafka.clients.NetworkClient - [AdminClient clientId=adminclient-1] Node -1 disconnected.
[kafka-admin-client-thread | adminclient-1] WARN org.apache.kafka.clients.NetworkClient - [AdminClient clientId=adminclient-1] Connection to node -1 (localhost/127.0.0.1:9092) could not be established. Broker may not be available.
[kafka-admin-client-thread | adminclient-22] INFO org.apache.kafka.clients.NetworkClient - [AdminClient clientId=adminclient-22] Node -1 disconnected.
[kafka-admin-client-thread | adminclient-10] INFO org.apache.kafka.clients.NetworkClient - [AdminClient clientId=adminclient-10] Node -1 disconnected.
[kafka-admin-client-thread | adminclient-22] WARN org.apache.kafka.clients.NetworkClient - [AdminClient clientId=adminclient-22] Connection to node -1 (localhost/127.0.0.1:9092) could not be established. Broker may not be available.
[kafka-admin-client-thread | adminclient-10] WARN org.apache.kafka.clients.NetworkClient - [AdminClient clientId=adminclient-10] Connection to node -1 (localhost/127.0.0.1:9092) could not be established. Broker may not be available.
[kafka-admin-client-thread | adminclient-13] INFO org.apache.kafka.clients.NetworkClient - [AdminClient clientId=adminclient-13] Node -1 disconnected.
[kafka-admin-client-thread | adminclient-16] INFO org.apache.kafka.clients.NetworkClient - [AdminClient clientId=adminclient-16] Node -1 disconnected.
[kafka-admin-client-thread | adminclient-13] WARN org.apache.kafka.clients.NetworkClient - [AdminClient clientId=adminclient-13] Connection to node -1 (localhost/127.0.0.1:9092) could not be established. Broker may not be available.
[kafka-admin-client-thread | adminclient-16] WARN org.apache.kafka.clients.NetworkClient - [AdminClient clientId=adminclient-16] Connection to node -1 (localhost/127.0.0.1:9092) could not be established. Broker may not be available.
[kafka-admin-client-thread | adminclient-12] INFO org.apache.kafka.clients.NetworkClient - [AdminClient clientId=adminclient-12] Node -1 disconnected.
[kafka-admin-client-thread | adminclient-12] WARN org.apache.kafka.clients.NetworkClient - [AdminClient clientId=adminclient-12] Connection to node -1 (localhost/127.0.0.1:9092) could not be established. Broker may not be available.
[kafka-admin-client-thread | adminclient-28] INFO org.apache.kafka.clients.NetworkClient - [AdminClient clientId=adminclient-28] Node -1 disconnected.
[kafka-admin-client-thread | adminclient-28] WARN org.apache.kafka.clients.NetworkClient - [AdminClient clientId=adminclient-28] Connection to node -1 (localhost/127.0.0.1:9092) could not be established. Broker may not be available.
[kafka-admin-client-thread | adminclient-25] INFO org.apache.kafka.clients.NetworkClient - [AdminClient clientId=adminclient-25] Node -1 disconnected.
[kafka-admin-client-thread | adminclient-25] WARN org.apache.kafka.clients.NetworkClient - [AdminClient clientId=adminclient-25] Connection to node -1 (localhost/127.0.0.1:9092) could not be established. Broker may not be available.
[kafka-admin-client-thread | adminclient-14] INFO org.apache.kafka.clients.NetworkClient - [AdminClient clientId=adminclient-14] Node -1 disconnected.
[kafka-admin-client-thread | adminclient-14] WARN org.apache.kafka.clients.NetworkClient - [AdminClient clientId=adminclient-14] Connection to node -1 (localhost/127.0.0.1:9092) could not be established. Broker may not be available.
[kafka-admin-client-thread | adminclient-7] INFO org.apache.kafka.clients.NetworkClient - [AdminClient clientId=adminclient-7] Node -1 disconnected.
[kafka-admin-client-thread | adminclient-7] WARN org.apache.kafka.clients.NetworkClient - [AdminClient clientId=adminclient-7] Connection to node -1 (localhost/127.0.0.1:9092) could not be established. Broker may not be available.
[kafka-admin-client-thread | adminclient-17] INFO org.apache.kafka.clients.NetworkClient - [AdminClient clientId=adminclient-17] Node -1 disconnected.
[kafka-admin-client-thread | adminclient-17] WARN org.apache.kafka.clients.NetworkClient - [AdminClient clientId=adminclient-17] Connection to node -1 (localhost/127.0.0.1:9092) could not be established. Broker may not be available.
[kafka-admin-client-thread | adminclient-8] INFO org.apache.kafka.clients.NetworkClient - [AdminClient clientId=adminclient-8] Node -1 disconnected.
[kafka-admin-client-thread | adminclient-8] WARN org.apache.kafka.clients.NetworkClient - [AdminClient clientId=adminclient-8] Connection to node -1 (localhost/127.0.0.1:9092) could not be established. Broker may not be available.
[kafka-admin-client-thread | adminclient-2] INFO org.apache.kafka.clients.NetworkClient - [AdminClient clientId=adminclient-2] Node -1 disconnected.
[kafka-admin-client-thread | adminclient-2] WARN org.apache.kafka.clients.NetworkClient - [AdminClient clientId=adminclient-2] Connection to node -1 (localhost/127.0.0.1:9092) could not be established. Broker may not be available.
[kafka-admin-client-thread | adminclient-21] INFO org.apache.kafka.clients.NetworkClient - [AdminClient clientId=adminclient-21] Node -1 disconnected.
[kafka-admin-client-thread | adminclient-11] INFO org.apache.kafka.clients.NetworkClient - [AdminClient clientId=adminclient-11] Node -1 disconnected.
[kafka-admin-client-thread | adminclient-21] WARN org.apache.kafka.clients.NetworkClient - [AdminClient clientId=adminclient-21] Connection to node -1 (localhost/127.0.0.1:9092) could not be established. Broker may not be available.
[kafka-admin-client-thread | adminclient-11] WARN org.apache.kafka.clients.NetworkClient - [AdminClient clientId=adminclient-11] Connection to node -1 (localhost/127.0.0.1:9092) could not be established. Broker may not be available.
[kafka-admin-client-thread | adminclient-27] INFO org.apache.kafka.clients.NetworkClient - [AdminClient clientId=adminclient-27] Node -1 disconnected.
[kafka-admin-client-thread | adminclient-27] WARN org.apache.kafka.clients.NetworkClient - [AdminClient clientId=adminclient-27] Connection to node -1 (localhost/127.0.0.1:9092) could not be established. Broker may not be available.
[kafka-admin-client-thread | adminclient-9] INFO org.apache.kafka.clients.NetworkClient - [AdminClient clientId=adminclient-9] Node -1 disconnected.
[kafka-admin-client-thread | adminclient-9] WARN org.apache.kafka.clients.NetworkClient - [AdminClient clientId=adminclient-9] Connection to node -1 (localhost/127.0.0.1:9092) could not be established. Broker may not be available.
[kafka-admin-client-thread | adminclient-4] INFO org.apache.kafka.clients.NetworkClient - [AdminClient clientId=adminclient-4] Node -1 disconnected.
[kafka-admin-client-thread | adminclient-4] WARN org.apache.kafka.clients.NetworkClient - [AdminClient clientId=adminclient-4] Connection to node -1 (localhost/127.0.0.1:9092) could not be established. Broker may not be available.
[kafka-admin-client-thread | adminclient-24] INFO org.apache.kafka.clients.NetworkClient - [AdminClient clientId=adminclient-24] Node -1 disconnected.
[kafka-admin-client-thread | adminclient-24] WARN org.apache.kafka.clients.NetworkClient - [AdminClient clientId=adminclient-24] Connection to node -1 (localhost/127.0.0.1:9092) could not be established. Broker may not be available.
[kafka-admin-client-thread | adminclient-26] INFO org.apache.kafka.clients.NetworkClient - [AdminClient clientId=adminclient-26] Node -1 disconnected.
[kafka-admin-client-thread | adminclient-26] WARN org.apache.kafka.clients.NetworkClient - [AdminClient clientId=adminclient-26] Connection to node -1 (localhost/127.0.0.1:9092) could not be established. Broker may not be available.
[kafka-admin-client-thread | adminclient-18] INFO org.apache.kafka.clients.NetworkClient - [AdminClient clientId=adminclient-18] Node -1 disconnected.
[kafka-admin-client-thread | adminclient-18] WARN org.apache.kafka.clients.NetworkClient - [AdminClient clientId=adminclient-18] Connection to node -1 (localhost/127.0.0.1:9092) could not be established. Broker may not be available.
[kafka-admin-client-thread | adminclient-19] INFO org.apache.kafka.clients.NetworkClient - [AdminClient clientId=adminclient-19] Node -1 disconnected.
[kafka-admin-client-thread | adminclient-19] WARN org.apache.kafka.clients.NetworkClient - [AdminClient clientId=adminclient-19] Connection to node -1 (localhost/127.0.0.1:9092) could not be established. Broker may not be available.
[kafka-admin-client-thread | adminclient-3] INFO org.apache.kafka.clients.NetworkClient - [AdminClient clientId=adminclient-3] Node -1 disconnected.
[kafka-admin-client-thread | adminclient-3] WARN org.apache.kafka.clients.NetworkClient - [AdminClient clientId=adminclient-3] Connection to node -1 (localhost/127.0.0.1:9092) could not be established. Broker may not be available.
[kafka-admin-client-thread | adminclient-10] INFO org.apache.kafka.clients.NetworkClient - [AdminClient clientId=adminclient-10] Node -1 disconnected.
[kafka-admin-client-thread | adminclient-10] WARN org.apache.kafka.clients.NetworkClient - [AdminClient clientId=adminclient-10] Connection to node -1 (localhost/127.0.0.1:9092) could not be established. Broker may not be available.
[kafka-admin-client-thread | adminclient-1] INFO org.apache.kafka.clients.NetworkClient - [AdminClient clientId=adminclient-1] Node -1 disconnected.
[kafka-admin-client-thread | adminclient-1] WARN org.apache.kafka.clients.NetworkClient - [AdminClient clientId=adminclient-1] Connection to node -1 (localhost/127.0.0.1:9092) could not be established. Broker may not be available.
[kafka-admin-client-thread | adminclient-23] INFO org.apache.kafka.clients.NetworkClient - [AdminClient clientId=adminclient-23] Node -1 disconnected.
[kafka-admin-client-thread | adminclient-23] WARN org.apache.kafka.clients.NetworkClient - [AdminClient clientId=adminclient-23] Connection to node -1 (localhost/127.0.0.1:9092) could not be established. Broker may not be available.
[kafka-admin-client-thread | adminclient-13] INFO org.apache.kafka.clients.NetworkClient - [AdminClient clientId=adminclient-13] Node -1 disconnected.
[kafka-admin-client-thread | adminclient-13] WARN org.apache.kafka.clients.NetworkClient - [AdminClient clientId=adminclient-13] Connection to node -1 (localhost/127.0.0.1:9092) could not be established. Broker may not be available.
[kafka-admin-client-thread | adminclient-15] INFO org.apache.kafka.clients.NetworkClient - [AdminClient clientId=adminclient-15] Node -1 disconnected.
[kafka-admin-client-thread | adminclient-15] WARN org.apache.kafka.clients.NetworkClient - [AdminClient clientId=adminclient-15] Connection to node -1 (localhost/127.0.0.1:9092) could not be established. Broker may not be available.
[kafka-admin-client-thread | adminclient-20] INFO org.apache.kafka.clients.NetworkClient - [AdminClient clientId=adminclient-20] Node -1 disconnected.
[kafka-admin-client-thread | adminclient-20] WARN org.apache.kafka.clients.NetworkClient - [AdminClient clientId=adminclient-20] Connection to node -1 (localhost/127.0.0.1:9092) could not be established. Broker may not be available.
[kafka-admin-client-thread | adminclient-28] INFO org.apache.kafka.clients.NetworkClient - [AdminClient clientId=adminclient-28] Node -1 disconnected.
[kafka-admin-client-thread | adminclient-28] WARN org.apache.kafka.clients.NetworkClient - [AdminClient clientId=adminclient-28] Connection to node -1 (localhost/127.0.0.1:9092) could not be established. Broker may not be available.
[kafka-admin-client-thread | adminclient-25] INFO org.apache.kafka.clients.NetworkClient - [AdminClient clientId=adminclient-25] Node -1 disconnected.
[kafka-admin-client-thread | adminclient-25] WARN org.apache.kafka.clients.NetworkClient - [AdminClient clientId=adminclient-25] Connection to node -1 (localhost/127.0.0.1:9092) could not be established. Broker may not be available.
[kafka-admin-client-thread | adminclient-22] INFO org.apache.kafka.clients.NetworkClient - [AdminClient clientId=adminclient-22] Node -1 disconnected.
[kafka-admin-client-thread | adminclient-22] WARN org.apache.kafka.clients.NetworkClient - [AdminClient clientId=adminclient-22] Connection to node -1 (localhost/127.0.0.1:9092) could not be established. Broker may not be available.
[kafka-admin-client-thread | adminclient-7] INFO org.apache.kafka.clients.NetworkClient - [AdminClient clientId=adminclient-7] Node -1 disconnected.
[kafka-admin-client-thread | adminclient-7] WARN org.apache.kafka.clients.NetworkClient - [AdminClient clientId=adminclient-7] Connection to node -1 (localhost/127.0.0.1:9092) could not be established. Broker may not be available.
[kafka-admin-client-thread | adminclient-16] INFO org.apache.kafka.clients.NetworkClient - [AdminClient clientId=adminclient-16] Node -1 disconnected.
[kafka-admin-client-thread | adminclient-16] WARN org.apache.kafka.clients.NetworkClient - [AdminClient clientId=adminclient-16] Connection to node -1 (localhost/127.0.0.1:9092) could not be established. Broker may not be available.
[kafka-admin-client-thread | adminclient-11] INFO org.apache.kafka.clients.NetworkClient - [AdminClient clientId=adminclient-11] Node -1 disconnected.
[kafka-admin-client-thread | adminclient-12] INFO org.apache.kafka.clients.NetworkClient - [AdminClient clientId=adminclient-12] Node -1 disconnected.
[kafka-admin-client-thread | adminclient-11] WARN org.apache.kafka.clients.NetworkClient - [AdminClient clientId=adminclient-11] Connection to node -1 (localhost/127.0.0.1:9092) could not be established. Broker may not be available.
[kafka-admin-client-thread | adminclient-12] WARN org.apache.kafka.clients.NetworkClient - [AdminClient clientId=adminclient-12] Connection to node -1 (localhost/127.0.0.1:9092) could not be established. Broker may not be available.
[kafka-admin-client-thread | adminclient-14] INFO org.apache.kafka.clients.NetworkClient - [AdminClient clientId=adminclient-14] Node -1 disconnected.
[kafka-admin-client-thread | adminclient-14] WARN org.apache.kafka.clients.NetworkClient - [AdminClient clientId=adminclient-14] Connection to node -1 (localhost/127.0.0.1:9092) could not be established. Broker may not be available.
[kafka-admin-client-thread | adminclient-2] INFO org.apache.kafka.clients.NetworkClient - [AdminClient clientId=adminclient-2] Node -1 disconnected.
[kafka-admin-client-thread | adminclient-2] WARN org.apache.kafka.clients.NetworkClient - [AdminClient clientId=adminclient-2] Connection to node -1 (localhost/127.0.0.1:9092) could not be established. Broker may not be available.
[kafka-admin-client-thread | adminclient-17] INFO org.apache.kafka.clients.NetworkClient - [AdminClient clientId=adminclient-17] Node -1 disconnected.
[kafka-admin-client-thread | adminclient-17] WARN org.apache.kafka.clients.NetworkClient - [AdminClient clientId=adminclient-17] Connection to node -1 (localhost/127.0.0.1:9092) could not be established. Broker may not be available.
[kafka-admin-client-thread | adminclient-21] INFO org.apache.kafka.clients.NetworkClient - [AdminClient clientId=adminclient-21] Node -1 disconnected.
[kafka-admin-client-thread | adminclient-21] WARN org.apache.kafka.clients.NetworkClient - [AdminClient clientId=adminclient-21] Connection to node -1 (localhost/127.0.0.1:9092) could not be established. Broker may not be available.
[kafka-admin-client-thread | adminclient-9] INFO org.apache.kafka.clients.NetworkClient - [AdminClient clientId=adminclient-9] Node -1 disconnected.
[kafka-admin-client-thread | adminclient-9] WARN org.apache.kafka.clients.NetworkClient - [AdminClient clientId=adminclient-9] Connection to node -1 (localhost/127.0.0.1:9092) could not be established. Broker may not be available.
[kafka-admin-client-thread | adminclient-8] INFO org.apache.kafka.clients.NetworkClient - [AdminClient clientId=adminclient-8] Node -1 disconnected.
[kafka-admin-client-thread | adminclient-8] WARN org.apache.kafka.clients.NetworkClient - [AdminClient clientId=adminclient-8] Connection to node -1 (localhost/127.0.0.1:9092) could not be established. Broker may not be available.
[kafka-admin-client-thread | adminclient-27] INFO org.apache.kafka.clients.NetworkClient - [AdminClient clientId=adminclient-27] Node -1 disconnected.
[kafka-admin-client-thread | adminclient-27] WARN org.apache.kafka.clients.NetworkClient - [AdminClient clientId=adminclient-27] Connection to node -1 (localhost/127.0.0.1:9092) could not be established. Broker may not be available.
[kafka-admin-client-thread | adminclient-24] INFO org.apache.kafka.clients.NetworkClient - [AdminClient clientId=adminclient-24] Node -1 disconnected.
[kafka-admin-client-thread | adminclient-24] WARN org.apache.kafka.clients.NetworkClient - [AdminClient clientId=adminclient-24] Connection to node -1 (localhost/127.0.0.1:9092) could not be established. Broker may not be available.
[kafka-admin-client-thread | adminclient-18] INFO org.apache.kafka.clients.NetworkClient - [AdminClient clientId=adminclient-18] Node -1 disconnected.
[kafka-admin-client-thread | adminclient-18] WARN org.apache.kafka.clients.NetworkClient - [AdminClient clientId=adminclient-18] Connection to node -1 (localhost/127.0.0.1:9092) could not be established. Broker may not be available.
[kafka-admin-client-thread | adminclient-26] INFO org.apache.kafka.clients.NetworkClient - [AdminClient clientId=adminclient-26] Node -1 disconnected.
[kafka-admin-client-thread | adminclient-26] WARN org.apache.kafka.clients.NetworkClient - [AdminClient clientId=adminclient-26] Connection to node -1 (localhost/127.0.0.1:9092) could not be established. Broker may not be available.
[kafka-admin-client-thread | adminclient-4] INFO org.apache.kafka.clients.NetworkClient - [AdminClient clientId=adminclient-4] Node -1 disconnected.
[kafka-admin-client-thread | adminclient-4] WARN org.apache.kafka.clients.NetworkClient - [AdminClient clientId=adminclient-4] Connection to node -1 (localhost/127.0.0.1:9092) could not be established. Broker may not be available.
[kafka-admin-client-thread | adminclient-3] INFO org.apache.kafka.clients.NetworkClient - [AdminClient clientId=adminclient-3] Node -1 disconnected.
[kafka-admin-client-thread | adminclient-3] WARN org.apache.kafka.clients.NetworkClient - [AdminClient clientId=adminclient-3] Connection to node -1 (localhost/127.0.0.1:9092) could not be established. Broker may not be available.
[kafka-admin-client-thread | adminclient-13] INFO org.apache.kafka.clients.NetworkClient - [AdminClient clientId=adminclient-13] Node -1 disconnected.
[kafka-admin-client-thread | adminclient-13] WARN org.apache.kafka.clients.NetworkClient - [AdminClient clientId=adminclient-13] Connection to node -1 (localhost/127.0.0.1:9092) could not be established. Broker may not be available.
[kafka-admin-client-thread | adminclient-1] INFO org.apache.kafka.clients.NetworkClient - [AdminClient clientId=adminclient-1] Node -1 disconnected.
[kafka-admin-client-thread | adminclient-1] WARN org.apache.kafka.clients.NetworkClient - [AdminClient clientId=adminclient-1] Connection to node -1 (localhost/127.0.0.1:9092) could not be established. Broker may not be available.
[kafka-admin-client-thread | adminclient-19] INFO org.apache.kafka.clients.NetworkClient - [AdminClient clientId=adminclient-19] Node -1 disconnected.
[kafka-admin-client-thread | adminclient-19] WARN org.apache.kafka.clients.NetworkClient - [AdminClient clientId=adminclient-19] Connection to node -1 (localhost/127.0.0.1:9092) could not be established. Broker may not be available.
[kafka-admin-client-thread | adminclient-10] INFO org.apache.kafka.clients.NetworkClient - [AdminClient clientId=adminclient-10] Node -1 disconnected.
[kafka-admin-client-thread | adminclient-10] WARN org.apache.kafka.clients.NetworkClient - [AdminClient clientId=adminclient-10] Connection to node -1 (localhost/127.0.0.1:9092) could not be established. Broker may not be available.
[kafka-admin-client-thread | adminclient-28] INFO org.apache.kafka.clients.NetworkClient - [AdminClient clientId=adminclient-28] Node -1 disconnected.
[kafka-admin-client-thread | adminclient-28] WARN org.apache.kafka.clients.NetworkClient - [AdminClient clientId=adminclient-28] Connection to node -1 (localhost/127.0.0.1:9092) could not be established. Broker may not be available.
[kafka-admin-client-thread | adminclient-7] INFO org.apache.kafka.clients.NetworkClient - [AdminClient clientId=adminclient-7] Node -1 disconnected.
[kafka-admin-client-thread | adminclient-7] WARN org.apache.kafka.clients.NetworkClient - [AdminClient clientId=adminclient-7] Connection to node -1 (localhost/127.0.0.1:9092) could not be established. Broker may not be available.
[kafka-admin-client-thread | adminclient-23] INFO org.apache.kafka.clients.NetworkClient - [AdminClient clientId=adminclient-23] Node -1 disconnected.
[kafka-admin-client-thread | adminclient-16] INFO org.apache.kafka.clients.NetworkClient - [AdminClient clientId=adminclient-16] Node -1 disconnected.
[kafka-admin-client-thread | adminclient-20] INFO org.apache.kafka.clients.NetworkClient - [AdminClient clientId=adminclient-20] Node -1 disconnected.
[kafka-admin-client-thread | adminclient-23] WARN org.apache.kafka.clients.NetworkClient - [AdminClient clientId=adminclient-23] Connection to node -1 (localhost/127.0.0.1:9092) could not be established. Broker may not be available.
[kafka-admin-client-thread | adminclient-16] WARN org.apache.kafka.clients.NetworkClient - [AdminClient clientId=adminclient-16] Connection to node -1 (localhost/127.0.0.1:9092) could not be established. Broker may not be available.
[kafka-admin-client-thread | adminclient-20] WARN org.apache.kafka.clients.NetworkClient - [AdminClient clientId=adminclient-20] Connection to node -1 (localhost/127.0.0.1:9092) could not be established. Broker may not be available.
[kafka-admin-client-thread | adminclient-22] INFO org.apache.kafka.clients.NetworkClient - [AdminClient clientId=adminclient-22] Node -1 disconnected.
[kafka-admin-client-thread | adminclient-22] WARN org.apache.kafka.clients.NetworkClient - [AdminClient clientId=adminclient-22] Connection to node -1 (localhost/127.0.0.1:9092) could not be established. Broker may not be available.
[kafka-admin-client-thread | adminclient-15] INFO org.apache.kafka.clients.NetworkClient - [AdminClient clientId=adminclient-15] Node -1 disconnected.
[kafka-admin-client-thread | adminclient-15] WARN org.apache.kafka.clients.NetworkClient - [AdminClient clientId=adminclient-15] Connection to node -1 (localhost/127.0.0.1:9092) could not be established. Broker may not be available.
[kafka-admin-client-thread | adminclient-14] INFO org.apache.kafka.clients.NetworkClient - [AdminClient clientId=adminclient-14] Node -1 disconnected.
[kafka-admin-client-thread | adminclient-14] WARN org.apache.kafka.clients.NetworkClient - [AdminClient clientId=adminclient-14] Connection to node -1 (localhost/127.0.0.1:9092) could not be established. Broker may not be available.
[kafka-admin-client-thread | adminclient-25] INFO org.apache.kafka.clients.NetworkClient - [AdminClient clientId=adminclient-25] Node -1 disconnected.
[kafka-admin-client-thread | adminclient-25] WARN org.apache.kafka.clients.NetworkClient - [AdminClient clientId=adminclient-25] Connection to node -1 (localhost/127.0.0.1:9092) could not be established. Broker may not be available.
[kafka-admin-client-thread | adminclient-11] INFO org.apache.kafka.clients.NetworkClient - [AdminClient clientId=adminclient-11] Node -1 disconnected.
[kafka-admin-client-thread | adminclient-17] INFO org.apache.kafka.clients.NetworkClient - [AdminClient clientId=adminclient-17] Node -1 disconnected.
[kafka-admin-client-thread | adminclient-11] WARN org.apache.kafka.clients.NetworkClient - [AdminClient clientId=adminclient-11] Connection to node -1 (localhost/127.0.0.1:9092) could not be established. Broker may not be available.
[kafka-admin-client-thread | adminclient-17] WARN org.apache.kafka.clients.NetworkClient - [AdminClient clientId=adminclient-17] Connection to node -1 (localhost/127.0.0.1:9092) could not be established. Broker may not be available.
[kafka-admin-client-thread | adminclient-2] INFO org.apache.kafka.clients.NetworkClient - [AdminClient clientId=adminclient-2] Node -1 disconnected.
[kafka-admin-client-thread | adminclient-2] WARN org.apache.kafka.clients.NetworkClient - [AdminClient clientId=adminclient-2] Connection to node -1 (localhost/127.0.0.1:9092) could not be established. Broker may not be available.
[kafka-admin-client-thread | adminclient-12] INFO org.apache.kafka.clients.NetworkClient - [AdminClient clientId=adminclient-12] Node -1 disconnected.
[kafka-admin-client-thread | adminclient-12] WARN org.apache.kafka.clients.NetworkClient - [AdminClient clientId=adminclient-12] Connection to node -1 (localhost/127.0.0.1:9092) could not be established. Broker may not be available.
[kafka-admin-client-thread | adminclient-9] INFO org.apache.kafka.clients.NetworkClient - [AdminClient clientId=adminclient-9] Node -1 disconnected.
[kafka-admin-client-thread | adminclient-9] WARN org.apache.kafka.clients.NetworkClient - [AdminClient clientId=adminclient-9] Connection to node -1 (localhost/127.0.0.1:9092) could not be established. Broker may not be available.
[kafka-admin-client-thread | adminclient-27] INFO org.apache.kafka.clients.NetworkClient - [AdminClient clientId=adminclient-27] Node -1 disconnected.
[kafka-admin-client-thread | adminclient-27] WARN org.apache.kafka.clients.NetworkClient - [AdminClient clientId=adminclient-27] Connection to node -1 (localhost/127.0.0.1:9092) could not be established. Broker may not be available.
[kafka-admin-client-thread | adminclient-24] INFO org.apache.kafka.clients.NetworkClient - [AdminClient clientId=adminclient-24] Node -1 disconnected.
[kafka-admin-client-thread | adminclient-21] INFO org.apache.kafka.clients.NetworkClient - [AdminClient clientId=adminclient-21] Node -1 disconnected.
[kafka-admin-client-thread | adminclient-24] WARN org.apache.kafka.clients.NetworkClient - [AdminClient clientId=adminclient-24] Connection to node -1 (localhost/127.0.0.1:9092) could not be established. Broker may not be available.
[kafka-admin-client-thread | adminclient-21] WARN org.apache.kafka.clients.NetworkClient - [AdminClient clientId=adminclient-21] Connection to node -1 (localhost/127.0.0.1:9092) could not be established. Broker may not be available.
[kafka-admin-client-thread | adminclient-8] INFO org.apache.kafka.clients.NetworkClient - [AdminClient clientId=adminclient-8] Node -1 disconnected.
[kafka-admin-client-thread | adminclient-8] WARN org.apache.kafka.clients.NetworkClient - [AdminClient clientId=adminclient-8] Connection to node -1 (localhost/127.0.0.1:9092) could not be established. Broker may not be available.
[kafka-admin-client-thread | adminclient-4] INFO org.apache.kafka.clients.NetworkClient - [AdminClient clientId=adminclient-4] Node -1 disconnected.
[kafka-admin-client-thread | adminclient-4] WARN org.apache.kafka.clients.NetworkClient - [AdminClient clientId=adminclient-4] Connection to node -1 (localhost/127.0.0.1:9092) could not be established. Broker may not be available.
[kafka-admin-client-thread | adminclient-3] INFO org.apache.kafka.clients.NetworkClient - [AdminClient clientId=adminclient-3] Node -1 disconnected.
[kafka-admin-client-thread | adminclient-3] WARN org.apache.kafka.clients.NetworkClient - [AdminClient clientId=adminclient-3] Connection to node -1 (localhost/127.0.0.1:9092) could not be established. Broker may not be available.
[kafka-admin-client-thread | adminclient-13] INFO org.apache.kafka.clients.NetworkClient - [AdminClient clientId=adminclient-13] Node -1 disconnected.
[kafka-admin-client-thread | adminclient-13] WARN org.apache.kafka.clients.NetworkClient - [AdminClient clientId=adminclient-13] Connection to node -1 (localhost/127.0.0.1:9092) could not be established. Broker may not be available.
[kafka-admin-client-thread | adminclient-18] INFO org.apache.kafka.clients.NetworkClient - [AdminClient clientId=adminclient-18] Node -1 disconnected.
[kafka-admin-client-thread | adminclient-18] WARN org.apache.kafka.clients.NetworkClient - [AdminClient clientId=adminclient-18] Connection to node -1 (localhost/127.0.0.1:9092) could not be established. Broker may not be available.
[kafka-admin-client-thread | adminclient-26] INFO org.apache.kafka.clients.NetworkClient - [AdminClient clientId=adminclient-26] Node -1 disconnected.
[kafka-admin-client-thread | adminclient-26] WARN org.apache.kafka.clients.NetworkClient - [AdminClient clientId=adminclient-26] Connection to node -1 (localhost/127.0.0.1:9092) could not be established. Broker may not be available.
[kafka-admin-client-thread | adminclient-19] INFO org.apache.kafka.clients.NetworkClient - [AdminClient clientId=adminclient-19] Node -1 disconnected.
[kafka-admin-client-thread | adminclient-19] WARN org.apache.kafka.clients.NetworkClient - [AdminClient clientId=adminclient-19] Connection to node -1 (localhost/127.0.0.1:9092) could not be established. Broker may not be available.
[kafka-admin-client-thread | adminclient-20] INFO org.apache.kafka.clients.NetworkClient - [AdminClient clientId=adminclient-20] Node -1 disconnected.
[kafka-admin-client-thread | adminclient-20] WARN org.apache.kafka.clients.NetworkClient - [AdminClient clientId=adminclient-20] Connection to node -1 (localhost/127.0.0.1:9092) could not be established. Broker may not be available.
[kafka-admin-client-thread | adminclient-28] INFO org.apache.kafka.clients.NetworkClient - [AdminClient clientId=adminclient-28] Node -1 disconnected.
[kafka-admin-client-thread | adminclient-28] WARN org.apache.kafka.clients.NetworkClient - [AdminClient clientId=adminclient-28] Connection to node -1 (localhost/127.0.0.1:9092) could not be established. Broker may not be available.
[kafka-admin-client-thread | adminclient-1] INFO org.apache.kafka.clients.NetworkClient - [AdminClient clientId=adminclient-1] Node -1 disconnected.
[kafka-admin-client-thread | adminclient-1] WARN org.apache.kafka.clients.NetworkClient - [AdminClient clientId=adminclient-1] Connection to node -1 (localhost/127.0.0.1:9092) could not be established. Broker may not be available.
[kafka-admin-client-thread | adminclient-10] INFO org.apache.kafka.clients.NetworkClient - [AdminClient clientId=adminclient-10] Node -1 disconnected.
[kafka-admin-client-thread | adminclient-16] INFO org.apache.kafka.clients.NetworkClient - [AdminClient clientId=adminclient-16] Node -1 disconnected.
[kafka-admin-client-thread | adminclient-22] INFO org.apache.kafka.clients.NetworkClient - [AdminClient clientId=adminclient-22] Node -1 disconnected.
[kafka-admin-client-thread | adminclient-23] INFO org.apache.kafka.clients.NetworkClient - [AdminClient clientId=adminclient-23] Node -1 disconnected.
[kafka-admin-client-thread | adminclient-16] WARN org.apache.kafka.clients.NetworkClient - [AdminClient clientId=adminclient-16] Connection to node -1 (localhost/127.0.0.1:9092) could not be established. Broker may not be available.
[kafka-admin-client-thread | adminclient-22] WARN org.apache.kafka.clients.NetworkClient - [AdminClient clientId=adminclient-22] Connection to node -1 (localhost/127.0.0.1:9092) could not be established. Broker may not be available.
[kafka-admin-client-thread | adminclient-23] WARN org.apache.kafka.clients.NetworkClient - [AdminClient clientId=adminclient-23] Connection to node -1 (localhost/127.0.0.1:9092) could not be established. Broker may not be available.
[kafka-admin-client-thread | adminclient-10] WARN org.apache.kafka.clients.NetworkClient - [AdminClient clientId=adminclient-10] Connection to node -1 (localhost/127.0.0.1:9092) could not be established. Broker may not be available.
[kafka-admin-client-thread | adminclient-14] INFO org.apache.kafka.clients.NetworkClient - [AdminClient clientId=adminclient-14] Node -1 disconnected.
[kafka-admin-client-thread | adminclient-14] WARN org.apache.kafka.clients.NetworkClient - [AdminClient clientId=adminclient-14] Connection to node -1 (localhost/127.0.0.1:9092) could not be established. Broker may not be available.
[kafka-admin-client-thread | adminclient-15] INFO org.apache.kafka.clients.NetworkClient - [AdminClient clientId=adminclient-15] Node -1 disconnected.
[kafka-admin-client-thread | adminclient-7] INFO org.apache.kafka.clients.NetworkClient - [AdminClient clientId=adminclient-7] Node -1 disconnected.
[kafka-admin-client-thread | adminclient-15] WARN org.apache.kafka.clients.NetworkClient - [AdminClient clientId=adminclient-15] Connection to node -1 (localhost/127.0.0.1:9092) could not be established. Broker may not be available.
[kafka-admin-client-thread | adminclient-7] WARN org.apache.kafka.clients.NetworkClient - [AdminClient clientId=adminclient-7] Connection to node -1 (localhost/127.0.0.1:9092) could not be established. Broker may not be available.
[kafka-admin-client-thread | adminclient-27] INFO org.apache.kafka.clients.NetworkClient - [AdminClient clientId=adminclient-27] Node -1 disconnected.
[kafka-admin-client-thread | adminclient-27] WARN org.apache.kafka.clients.NetworkClient - [AdminClient clientId=adminclient-27] Connection to node -1 (localhost/127.0.0.1:9092) could not be established. Broker may not be available.
[kafka-admin-client-thread | adminclient-11] INFO org.apache.kafka.clients.NetworkClient - [AdminClient clientId=adminclient-11] Node -1 disconnected.
[kafka-admin-client-thread | adminclient-11] WARN org.apache.kafka.clients.NetworkClient - [AdminClient clientId=adminclient-11] Connection to node -1 (localhost/127.0.0.1:9092) could not be established. Broker may not be available.
[kafka-admin-client-thread | adminclient-2] INFO org.apache.kafka.clients.NetworkClient - [AdminClient clientId=adminclient-2] Node -1 disconnected.
[kafka-admin-client-thread | adminclient-2] WARN org.apache.kafka.clients.NetworkClient - [AdminClient clientId=adminclient-2] Connection to node -1 (localhost/127.0.0.1:9092) could not be established. Broker may not be available.
[kafka-admin-client-thread | adminclient-17] INFO org.apache.kafka.clients.NetworkClient - [AdminClient clientId=adminclient-17] Node -1 disconnected.
[kafka-admin-client-thread | adminclient-25] INFO org.apache.kafka.clients.NetworkClient - [AdminClient clientId=adminclient-25] Node -1 disconnected.
[kafka-admin-client-thread | adminclient-17] WARN org.apache.kafka.clients.NetworkClient - [AdminClient clientId=adminclient-17] Connection to node -1 (localhost/127.0.0.1:9092) could not be established. Broker may not be available.
[kafka-admin-client-thread | adminclient-25] WARN org.apache.kafka.clients.NetworkClient - [AdminClient clientId=adminclient-25] Connection to node -1 (localhost/127.0.0.1:9092) could not be established. Broker may not be available.
[kafka-admin-client-thread | adminclient-4] INFO org.apache.kafka.clients.NetworkClient - [AdminClient clientId=adminclient-4] Node -1 disconnected.
[kafka-admin-client-thread | adminclient-4] WARN org.apache.kafka.clients.NetworkClient - [AdminClient clientId=adminclient-4] Connection to node -1 (localhost/127.0.0.1:9092) could not be established. Broker may not be available.
[kafka-admin-client-thread | adminclient-21] INFO org.apache.kafka.clients.NetworkClient - [AdminClient clientId=adminclient-21] Node -1 disconnected.
[kafka-admin-client-thread | adminclient-24] INFO org.apache.kafka.clients.NetworkClient - [AdminClient clientId=adminclient-24] Node -1 disconnected.
[kafka-admin-client-thread | adminclient-12] INFO org.apache.kafka.clients.NetworkClient - [AdminClient clientId=adminclient-12] Node -1 disconnected.
[kafka-admin-client-thread | adminclient-21] WARN org.apache.kafka.clients.NetworkClient - [AdminClient clientId=adminclient-21] Connection to node -1 (localhost/127.0.0.1:9092) could not be established. Broker may not be available.
[kafka-admin-client-thread | adminclient-24] WARN org.apache.kafka.clients.NetworkClient - [AdminClient clientId=adminclient-24] Connection to node -1 (localhost/127.0.0.1:9092) could not be established. Broker may not be available.
[kafka-admin-client-thread | adminclient-12] WARN org.apache.kafka.clients.NetworkClient - [AdminClient clientId=adminclient-12] Connection to node -1 (localhost/127.0.0.1:9092) could not be established. Broker may not be available.
[kafka-admin-client-thread | adminclient-8] INFO org.apache.kafka.clients.NetworkClient - [AdminClient clientId=adminclient-8] Node -1 disconnected.
[kafka-admin-client-thread | adminclient-8] WARN org.apache.kafka.clients.NetworkClient - [AdminClient clientId=adminclient-8] Connection to node -1 (localhost/127.0.0.1:9092) could not be established. Broker may not be available.
[kafka-admin-client-thread | adminclient-9] INFO org.apache.kafka.clients.NetworkClient - [AdminClient clientId=adminclient-9] Node -1 disconnected.
[kafka-admin-client-thread | adminclient-9] WARN org.apache.kafka.clients.NetworkClient - [AdminClient clientId=adminclient-9] Connection to node -1 (localhost/127.0.0.1:9092) could not be established. Broker may not be available.
[kafka-admin-client-thread | adminclient-26] INFO org.apache.kafka.clients.NetworkClient - [AdminClient clientId=adminclient-26] Node -1 disconnected.
[kafka-admin-client-thread | adminclient-26] WARN org.apache.kafka.clients.NetworkClient - [AdminClient clientId=adminclient-26] Connection to node -1 (localhost/127.0.0.1:9092) could not be established. Broker may not be available.
[kafka-admin-client-thread | adminclient-19] INFO org.apache.kafka.clients.NetworkClient - [AdminClient clientId=adminclient-19] Node -1 disconnected.
[kafka-admin-client-thread | adminclient-19] WARN org.apache.kafka.clients.NetworkClient - [AdminClient clientId=adminclient-19] Connection to node -1 (localhost/127.0.0.1:9092) could not be established. Broker may not be available.
[kafka-admin-client-thread | adminclient-3] INFO org.apache.kafka.clients.NetworkClient - [AdminClient clientId=adminclient-3] Node -1 disconnected.
[kafka-admin-client-thread | adminclient-3] WARN org.apache.kafka.clients.NetworkClient - [AdminClient clientId=adminclient-3] Connection to node -1 (localhost/127.0.0.1:9092) could not be established. Broker may not be available.
[kafka-admin-client-thread | adminclient-13] INFO org.apache.kafka.clients.NetworkClient - [AdminClient clientId=adminclient-13] Node -1 disconnected.
[kafka-admin-client-thread | adminclient-13] WARN org.apache.kafka.clients.NetworkClient - [AdminClient clientId=adminclient-13] Connection to node -1 (localhost/127.0.0.1:9092) could not be established. Broker may not be available.
[kafka-admin-client-thread | adminclient-18] INFO org.apache.kafka.clients.NetworkClient - [AdminClient clientId=adminclient-18] Node -1 disconnected.
[kafka-admin-client-thread | adminclient-18] WARN org.apache.kafka.clients.NetworkClient - [AdminClient clientId=adminclient-18] Connection to node -1 (localhost/127.0.0.1:9092) could not be established. Broker may not be available.
[kafka-admin-client-thread | adminclient-23] INFO org.apache.kafka.clients.NetworkClient - [AdminClient clientId=adminclient-23] Node -1 disconnected.
[kafka-admin-client-thread | adminclient-23] WARN org.apache.kafka.clients.NetworkClient - [AdminClient clientId=adminclient-23] Connection to node -1 (localhost/127.0.0.1:9092) could not be established. Broker may not be available.
[kafka-admin-client-thread | adminclient-20] INFO org.apache.kafka.clients.NetworkClient - [AdminClient clientId=adminclient-20] Node -1 disconnected.
[kafka-admin-client-thread | adminclient-20] WARN org.apache.kafka.clients.NetworkClient - [AdminClient clientId=adminclient-20] Connection to node -1 (localhost/127.0.0.1:9092) could not be established. Broker may not be available.
[kafka-admin-client-thread | adminclient-22] INFO org.apache.kafka.clients.NetworkClient - [AdminClient clientId=adminclient-22] Node -1 disconnected.
[kafka-admin-client-thread | adminclient-22] WARN org.apache.kafka.clients.NetworkClient - [AdminClient clientId=adminclient-22] Connection to node -1 (localhost/127.0.0.1:9092) could not be established. Broker may not be available.
[kafka-admin-client-thread | adminclient-14] INFO org.apache.kafka.clients.NetworkClient - [AdminClient clientId=adminclient-14] Node -1 disconnected.
[kafka-admin-client-thread | adminclient-14] WARN org.apache.kafka.clients.NetworkClient - [AdminClient clientId=adminclient-14] Connection to node -1 (localhost/127.0.0.1:9092) could not be established. Broker may not be available.
[kafka-admin-client-thread | adminclient-15] INFO org.apache.kafka.clients.NetworkClient - [AdminClient clientId=adminclient-15] Node -1 disconnected.
[kafka-admin-client-thread | adminclient-10] INFO org.apache.kafka.clients.NetworkClient - [AdminClient clientId=adminclient-10] Node -1 disconnected.
[kafka-admin-client-thread | adminclient-28] INFO org.apache.kafka.clients.NetworkClient - [AdminClient clientId=adminclient-28] Node -1 disconnected.
[kafka-admin-client-thread | adminclient-10] WARN org.apache.kafka.clients.NetworkClient - [AdminClient clientId=adminclient-10] Connection to node -1 (localhost/127.0.0.1:9092) could not be established. Broker may not be available.
[kafka-admin-client-thread | adminclient-15] WARN org.apache.kafka.clients.NetworkClient - [AdminClient clientId=adminclient-15] Connection to node -1 (localhost/127.0.0.1:9092) could not be established. Broker may not be available.
[kafka-admin-client-thread | adminclient-28] WARN org.apache.kafka.clients.NetworkClient - [AdminClient clientId=adminclient-28] Connection to node -1 (localhost/127.0.0.1:9092) could not be established. Broker may not be available.
[kafka-admin-client-thread | adminclient-7] INFO org.apache.kafka.clients.NetworkClient - [AdminClient clientId=adminclient-7] Node -1 disconnected.
[kafka-admin-client-thread | adminclient-16] INFO org.apache.kafka.clients.NetworkClient - [AdminClient clientId=adminclient-16] Node -1 disconnected.
[kafka-admin-client-thread | adminclient-16] WARN org.apache.kafka.clients.NetworkClient - [AdminClient clientId=adminclient-16] Connection to node -1 (localhost/127.0.0.1:9092) could not be established. Broker may not be available.
[kafka-admin-client-thread | adminclient-7] WARN org.apache.kafka.clients.NetworkClient - [AdminClient clientId=adminclient-7] Connection to node -1 (localhost/127.0.0.1:9092) could not be established. Broker may not be available.
[kafka-admin-client-thread | adminclient-1] INFO org.apache.kafka.clients.NetworkClient - [AdminClient clientId=adminclient-1] Node -1 disconnected.
[kafka-admin-client-thread | adminclient-1] WARN org.apache.kafka.clients.NetworkClient - [AdminClient clientId=adminclient-1] Connection to node -1 (localhost/127.0.0.1:9092) could not be established. Broker may not be available.
[kafka-admin-client-thread | adminclient-11] INFO org.apache.kafka.clients.NetworkClient - [AdminClient clientId=adminclient-11] Node -1 disconnected.
[kafka-admin-client-thread | adminclient-11] WARN org.apache.kafka.clients.NetworkClient - [AdminClient clientId=adminclient-11] Connection to node -1 (localhost/127.0.0.1:9092) could not be established. Broker may not be available.
[kafka-admin-client-thread | adminclient-27] INFO org.apache.kafka.clients.NetworkClient - [AdminClient clientId=adminclient-27] Node -1 disconnected.
[kafka-admin-client-thread | adminclient-27] WARN org.apache.kafka.clients.NetworkClient - [AdminClient clientId=adminclient-27] Connection to node -1 (localhost/127.0.0.1:9092) could not be established. Broker may not be available.
[kafka-admin-client-thread | adminclient-2] INFO org.apache.kafka.clients.NetworkClient - [AdminClient clientId=adminclient-2] Node -1 disconnected.
[kafka-admin-client-thread | adminclient-2] WARN org.apache.kafka.clients.NetworkClient - [AdminClient clientId=adminclient-2] Connection to node -1 (localhost/127.0.0.1:9092) could not be established. Broker may not be available.
[kafka-admin-client-thread | adminclient-21] INFO org.apache.kafka.clients.NetworkClient - [AdminClient clientId=adminclient-21] Node -1 disconnected.
[kafka-admin-client-thread | adminclient-21] WARN org.apache.kafka.clients.NetworkClient - [AdminClient clientId=adminclient-21] Connection to node -1 (localhost/127.0.0.1:9092) could not be established. Broker may not be available.
[kafka-admin-client-thread | adminclient-25] INFO org.apache.kafka.clients.NetworkClient - [AdminClient clientId=adminclient-25] Node -1 disconnected.
[kafka-admin-client-thread | adminclient-25] WARN org.apache.kafka.clients.NetworkClient - [AdminClient clientId=adminclient-25] Connection to node -1 (localhost/127.0.0.1:9092) could not be established. Broker may not be available.
[kafka-admin-client-thread | adminclient-4] INFO org.apache.kafka.clients.NetworkClient - [AdminClient clientId=adminclient-4] Node -1 disconnected.
[kafka-admin-client-thread | adminclient-4] WARN org.apache.kafka.clients.NetworkClient - [AdminClient clientId=adminclient-4] Connection to node -1 (localhost/127.0.0.1:9092) could not be established. Broker may not be available.
[kafka-admin-client-thread | adminclient-17] INFO org.apache.kafka.clients.NetworkClient - [AdminClient clientId=adminclient-17] Node -1 disconnected.
[kafka-admin-client-thread | adminclient-17] WARN org.apache.kafka.clients.NetworkClient - [AdminClient clientId=adminclient-17] Connection to node -1 (localhost/127.0.0.1:9092) could not be established. Broker may not be available.
[kafka-admin-client-thread | adminclient-9] INFO org.apache.kafka.clients.NetworkClient - [AdminClient clientId=adminclient-9] Node -1 disconnected.
[kafka-admin-client-thread | adminclient-24] INFO org.apache.kafka.clients.NetworkClient - [AdminClient clientId=adminclient-24] Node -1 disconnected.
[kafka-admin-client-thread | adminclient-9] WARN org.apache.kafka.clients.NetworkClient - [AdminClient clientId=adminclient-9] Connection to node -1 (localhost/127.0.0.1:9092) could not be established. Broker may not be available.
[kafka-admin-client-thread | adminclient-24] WARN org.apache.kafka.clients.NetworkClient - [AdminClient clientId=adminclient-24] Connection to node -1 (localhost/127.0.0.1:9092) could not be established. Broker may not be available.
[kafka-admin-client-thread | adminclient-13] INFO org.apache.kafka.clients.NetworkClient - [AdminClient clientId=adminclient-13] Node -1 disconnected.
[kafka-admin-client-thread | adminclient-12] INFO org.apache.kafka.clients.NetworkClient - [AdminClient clientId=adminclient-12] Node -1 disconnected.
[kafka-admin-client-thread | adminclient-13] WARN org.apache.kafka.clients.NetworkClient - [AdminClient clientId=adminclient-13] Connection to node -1 (localhost/127.0.0.1:9092) could not be established. Broker may not be available.
[kafka-admin-client-thread | adminclient-8] INFO org.apache.kafka.clients.NetworkClient - [AdminClient clientId=adminclient-8] Node -1 disconnected.
[kafka-admin-client-thread | adminclient-12] WARN org.apache.kafka.clients.NetworkClient - [AdminClient clientId=adminclient-12] Connection to node -1 (localhost/127.0.0.1:9092) could not be established. Broker may not be available.
[kafka-admin-client-thread | adminclient-8] WARN org.apache.kafka.clients.NetworkClient - [AdminClient clientId=adminclient-8] Connection to node -1 (localhost/127.0.0.1:9092) could not be established. Broker may not be available.
[kafka-admin-client-thread | adminclient-18] INFO org.apache.kafka.clients.NetworkClient - [AdminClient clientId=adminclient-18] Node -1 disconnected.
[kafka-admin-client-thread | adminclient-18] WARN org.apache.kafka.clients.NetworkClient - [AdminClient clientId=adminclient-18] Connection to node -1 (localhost/127.0.0.1:9092) could not be established. Broker may not be available.
[kafka-admin-client-thread | adminclient-19] INFO org.apache.kafka.clients.NetworkClient - [AdminClient clientId=adminclient-19] Node -1 disconnected.
[kafka-admin-client-thread | adminclient-19] WARN org.apache.kafka.clients.NetworkClient - [AdminClient clientId=adminclient-19] Connection to node -1 (localhost/127.0.0.1:9092) could not be established. Broker may not be available.
[kafka-admin-client-thread | adminclient-26] INFO org.apache.kafka.clients.NetworkClient - [AdminClient clientId=adminclient-26] Node -1 disconnected.
[kafka-admin-client-thread | adminclient-3] INFO org.apache.kafka.clients.NetworkClient - [AdminClient clientId=adminclient-3] Node -1 disconnected.
[kafka-admin-client-thread | adminclient-3] WARN org.apache.kafka.clients.NetworkClient - [AdminClient clientId=adminclient-3] Connection to node -1 (localhost/127.0.0.1:9092) could not be established. Broker may not be available.
[kafka-admin-client-thread | adminclient-26] WARN org.apache.kafka.clients.NetworkClient - [AdminClient clientId=adminclient-26] Connection to node -1 (localhost/127.0.0.1:9092) could not be established. Broker may not be available.
[kafka-admin-client-thread | adminclient-20] INFO org.apache.kafka.clients.NetworkClient - [AdminClient clientId=adminclient-20] Node -1 disconnected.
[kafka-admin-client-thread | adminclient-20] WARN org.apache.kafka.clients.NetworkClient - [AdminClient clientId=adminclient-20] Connection to node -1 (localhost/127.0.0.1:9092) could not be established. Broker may not be available.
[kafka-admin-client-thread | adminclient-22] INFO org.apache.kafka.clients.NetworkClient - [AdminClient clientId=adminclient-22] Node -1 disconnected.
[kafka-admin-client-thread | adminclient-22] WARN org.apache.kafka.clients.NetworkClient - [AdminClient clientId=adminclient-22] Connection to node -1 (localhost/127.0.0.1:9092) could not be established. Broker may not be available.
[kafka-admin-client-thread | adminclient-10] INFO org.apache.kafka.clients.NetworkClient - [AdminClient clientId=adminclient-10] Node -1 disconnected.
[kafka-admin-client-thread | adminclient-10] WARN org.apache.kafka.clients.NetworkClient - [AdminClient clientId=adminclient-10] Connection to node -1 (localhost/127.0.0.1:9092) could not be established. Broker may not be available.
[kafka-admin-client-thread | adminclient-23] INFO org.apache.kafka.clients.NetworkClient - [AdminClient clientId=adminclient-23] Node -1 disconnected.
[kafka-admin-client-thread | adminclient-23] WARN org.apache.kafka.clients.NetworkClient - [AdminClient clientId=adminclient-23] Connection to node -1 (localhost/127.0.0.1:9092) could not be established. Broker may not be available.
[kafka-admin-client-thread | adminclient-7] INFO org.apache.kafka.clients.NetworkClient - [AdminClient clientId=adminclient-7] Node -1 disconnected.
[kafka-admin-client-thread | adminclient-7] WARN org.apache.kafka.clients.NetworkClient - [AdminClient clientId=adminclient-7] Connection to node -1 (localhost/127.0.0.1:9092) could not be established. Broker may not be available.
[kafka-admin-client-thread | adminclient-14] INFO org.apache.kafka.clients.NetworkClient - [AdminClient clientId=adminclient-14] Node -1 disconnected.
[kafka-admin-client-thread | adminclient-28] INFO org.apache.kafka.clients.NetworkClient - [AdminClient clientId=adminclient-28] Node -1 disconnected.
[kafka-admin-client-thread | adminclient-14] WARN org.apache.kafka.clients.NetworkClient - [AdminClient clientId=adminclient-14] Connection to node -1 (localhost/127.0.0.1:9092) could not be established. Broker may not be available.
[kafka-admin-client-thread | adminclient-28] WARN org.apache.kafka.clients.NetworkClient - [AdminClient clientId=adminclient-28] Connection to node -1 (localhost/127.0.0.1:9092) could not be established. Broker may not be available.
[kafka-admin-client-thread | adminclient-16] INFO org.apache.kafka.clients.NetworkClient - [AdminClient clientId=adminclient-16] Node -1 disconnected.
[kafka-admin-client-thread | adminclient-16] WARN org.apache.kafka.clients.NetworkClient - [AdminClient clientId=adminclient-16] Connection to node -1 (localhost/127.0.0.1:9092) could not be established. Broker may not be available.
[kafka-admin-client-thread | adminclient-11] INFO org.apache.kafka.clients.NetworkClient - [AdminClient clientId=adminclient-11] Node -1 disconnected.
[kafka-admin-client-thread | adminclient-11] WARN org.apache.kafka.clients.NetworkClient - [AdminClient clientId=adminclient-11] Connection to node -1 (localhost/127.0.0.1:9092) could not be established. Broker may not be available.
[kafka-admin-client-thread | adminclient-27] INFO org.apache.kafka.clients.NetworkClient - [AdminClient clientId=adminclient-27] Node -1 disconnected.
[kafka-admin-client-thread | adminclient-27] WARN org.apache.kafka.clients.NetworkClient - [AdminClient clientId=adminclient-27] Connection to node -1 (localhost/127.0.0.1:9092) could not be established. Broker may not be available.
[kafka-admin-client-thread | adminclient-15] INFO org.apache.kafka.clients.NetworkClient - [AdminClient clientId=adminclient-15] Node -1 disconnected.
[kafka-admin-client-thread | adminclient-15] WARN org.apache.kafka.clients.NetworkClient - [AdminClient clientId=adminclient-15] Connection to node -1 (localhost/127.0.0.1:9092) could not be established. Broker may not be available.
[kafka-admin-client-thread | adminclient-21] INFO org.apache.kafka.clients.NetworkClient - [AdminClient clientId=adminclient-21] Node -1 disconnected.
[kafka-admin-client-thread | adminclient-1] INFO org.apache.kafka.clients.NetworkClient - [AdminClient clientId=adminclient-1] Node -1 disconnected.
[kafka-admin-client-thread | adminclient-21] WARN org.apache.kafka.clients.NetworkClient - [AdminClient clientId=adminclient-21] Connection to node -1 (localhost/127.0.0.1:9092) could not be established. Broker may not be available.
[kafka-admin-client-thread | adminclient-1] WARN org.apache.kafka.clients.NetworkClient - [AdminClient clientId=adminclient-1] Connection to node -1 (localhost/127.0.0.1:9092) could not be established. Broker may not be available.
[kafka-admin-client-thread | adminclient-8] INFO org.apache.kafka.clients.NetworkClient - [AdminClient clientId=adminclient-8] Node -1 disconnected.
[kafka-admin-client-thread | adminclient-8] WARN org.apache.kafka.clients.NetworkClient - [AdminClient clientId=adminclient-8] Connection to node -1 (localhost/127.0.0.1:9092) could not be established. Broker may not be available.
[kafka-admin-client-thread | adminclient-4] INFO org.apache.kafka.clients.NetworkClient - [AdminClient clientId=adminclient-4] Node -1 disconnected.
[kafka-admin-client-thread | adminclient-4] WARN org.apache.kafka.clients.NetworkClient - [AdminClient clientId=adminclient-4] Connection to node -1 (localhost/127.0.0.1:9092) could not be established. Broker may not be available.
[kafka-admin-client-thread | adminclient-25] INFO org.apache.kafka.clients.NetworkClient - [AdminClient clientId=adminclient-25] Node -1 disconnected.
[kafka-admin-client-thread | adminclient-25] WARN org.apache.kafka.clients.NetworkClient - [AdminClient clientId=adminclient-25] Connection to node -1 (localhost/127.0.0.1:9092) could not be established. Broker may not be available.
[kafka-admin-client-thread | adminclient-24] INFO org.apache.kafka.clients.NetworkClient - [AdminClient clientId=adminclient-24] Node -1 disconnected.
[kafka-admin-client-thread | adminclient-24] WARN org.apache.kafka.clients.NetworkClient - [AdminClient clientId=adminclient-24] Connection to node -1 (localhost/127.0.0.1:9092) could not be established. Broker may not be available.
[kafka-admin-client-thread | adminclient-2] INFO org.apache.kafka.clients.NetworkClient - [AdminClient clientId=adminclient-2] Node -1 disconnected.
[kafka-admin-client-thread | adminclient-2] WARN org.apache.kafka.clients.NetworkClient - [AdminClient clientId=adminclient-2] Connection to node -1 (localhost/127.0.0.1:9092) could not be established. Broker may not be available.
[kafka-admin-client-thread | adminclient-18] INFO org.apache.kafka.clients.NetworkClient - [AdminClient clientId=adminclient-18] Node -1 disconnected.
[kafka-admin-client-thread | adminclient-18] WARN org.apache.kafka.clients.NetworkClient - [AdminClient clientId=adminclient-18] Connection to node -1 (localhost/127.0.0.1:9092) could not be established. Broker may not be available.
[kafka-admin-client-thread | adminclient-17] INFO org.apache.kafka.clients.NetworkClient - [AdminClient clientId=adminclient-17] Node -1 disconnected.
[kafka-admin-client-thread | adminclient-17] WARN org.apache.kafka.clients.NetworkClient - [AdminClient clientId=adminclient-17] Connection to node -1 (localhost/127.0.0.1:9092) could not be established. Broker may not be available.
[kafka-admin-client-thread | adminclient-12] INFO org.apache.kafka.clients.NetworkClient - [AdminClient clientId=adminclient-12] Node -1 disconnected.
[kafka-admin-client-thread | adminclient-12] WARN org.apache.kafka.clients.NetworkClient - [AdminClient clientId=adminclient-12] Connection to node -1 (localhost/127.0.0.1:9092) could not be established. Broker may not be available.
[kafka-admin-client-thread | adminclient-9] INFO org.apache.kafka.clients.NetworkClient - [AdminClient clientId=adminclient-9] Node -1 disconnected.
[kafka-admin-client-thread | adminclient-9] WARN org.apache.kafka.clients.NetworkClient - [AdminClient clientId=adminclient-9] Connection to node -1 (localhost/127.0.0.1:9092) could not be established. Broker may not be available.
[kafka-admin-client-thread | adminclient-13] INFO org.apache.kafka.clients.NetworkClient - [AdminClient clientId=adminclient-13] Node -1 disconnected.
[kafka-admin-client-thread | adminclient-13] WARN org.apache.kafka.clients.NetworkClient - [AdminClient clientId=adminclient-13] Connection to node -1 (localhost/127.0.0.1:9092) could not be established. Broker may not be available.
[kafka-admin-client-thread | adminclient-19] INFO org.apache.kafka.clients.NetworkClient - [AdminClient clientId=adminclient-19] Node -1 disconnected.
[kafka-admin-client-thread | adminclient-19] WARN org.apache.kafka.clients.NetworkClient - [AdminClient clientId=adminclient-19] Connection to node -1 (localhost/127.0.0.1:9092) could not be established. Broker may not be available.
[kafka-admin-client-thread | adminclient-22] INFO org.apache.kafka.clients.NetworkClient - [AdminClient clientId=adminclient-22] Node -1 disconnected.
[kafka-admin-client-thread | adminclient-22] WARN org.apache.kafka.clients.NetworkClient - [AdminClient clientId=adminclient-22] Connection to node -1 (localhost/127.0.0.1:9092) could not be established. Broker may not be available.
[kafka-admin-client-thread | adminclient-26] INFO org.apache.kafka.clients.NetworkClient - [AdminClient clientId=adminclient-26] Node -1 disconnected.
[kafka-admin-client-thread | adminclient-26] WARN org.apache.kafka.clients.NetworkClient - [AdminClient clientId=adminclient-26] Connection to node -1 (localhost/127.0.0.1:9092) could not be established. Broker may not be available.
[kafka-admin-client-thread | adminclient-10] INFO org.apache.kafka.clients.NetworkClient - [AdminClient clientId=adminclient-10] Node -1 disconnected.
[kafka-admin-client-thread | adminclient-10] WARN org.apache.kafka.clients.NetworkClient - [AdminClient clientId=adminclient-10] Connection to node -1 (localhost/127.0.0.1:9092) could not be established. Broker may not be available.
[kafka-admin-client-thread | adminclient-14] INFO org.apache.kafka.clients.NetworkClient - [AdminClient clientId=adminclient-14] Node -1 disconnected.
[kafka-admin-client-thread | adminclient-14] WARN org.apache.kafka.clients.NetworkClient - [AdminClient clientId=adminclient-14] Connection to node -1 (localhost/127.0.0.1:9092) could not be established. Broker may not be available.
[kafka-admin-client-thread | adminclient-3] INFO org.apache.kafka.clients.NetworkClient - [AdminClient clientId=adminclient-3] Node -1 disconnected.
[kafka-admin-client-thread | adminclient-3] WARN org.apache.kafka.clients.NetworkClient - [AdminClient clientId=adminclient-3] Connection to node -1 (localhost/127.0.0.1:9092) could not be established. Broker may not be available.
[kafka-admin-client-thread | adminclient-20] INFO org.apache.kafka.clients.NetworkClient - [AdminClient clientId=adminclient-20] Node -1 disconnected.
[kafka-admin-client-thread | adminclient-20] WARN org.apache.kafka.clients.NetworkClient - [AdminClient clientId=adminclient-20] Connection to node -1 (localhost/127.0.0.1:9092) could not be established. Broker may not be available.
[kafka-admin-client-thread | adminclient-23] INFO org.apache.kafka.clients.NetworkClient - [AdminClient clientId=adminclient-23] Node -1 disconnected.
[kafka-admin-client-thread | adminclient-23] WARN org.apache.kafka.clients.NetworkClient - [AdminClient clientId=adminclient-23] Connection to node -1 (localhost/127.0.0.1:9092) could not be established. Broker may not be available.
[kafka-admin-client-thread | adminclient-7] INFO org.apache.kafka.clients.NetworkClient - [AdminClient clientId=adminclient-7] Node -1 disconnected.
[kafka-admin-client-thread | adminclient-7] WARN org.apache.kafka.clients.NetworkClient - [AdminClient clientId=adminclient-7] Connection to node -1 (localhost/127.0.0.1:9092) could not be established. Broker may not be available.
[kafka-admin-client-thread | adminclient-28] INFO org.apache.kafka.clients.NetworkClient - [AdminClient clientId=adminclient-28] Node -1 disconnected.
[kafka-admin-client-thread | adminclient-28] WARN org.apache.kafka.clients.NetworkClient - [AdminClient clientId=adminclient-28] Connection to node -1 (localhost/127.0.0.1:9092) could not be established. Broker may not be available.
[kafka-admin-client-thread | adminclient-16] INFO org.apache.kafka.clients.NetworkClient - [AdminClient clientId=adminclient-16] Node -1 disconnected.
[kafka-admin-client-thread | adminclient-16] WARN org.apache.kafka.clients.NetworkClient - [AdminClient clientId=adminclient-16] Connection to node -1 (localhost/127.0.0.1:9092) could not be established. Broker may not be available.
[kafka-admin-client-thread | adminclient-8] INFO org.apache.kafka.clients.NetworkClient - [AdminClient clientId=adminclient-8] Node -1 disconnected.
[kafka-admin-client-thread | adminclient-11] INFO org.apache.kafka.clients.NetworkClient - [AdminClient clientId=adminclient-11] Node -1 disconnected.
[kafka-admin-client-thread | adminclient-8] WARN org.apache.kafka.clients.NetworkClient - [AdminClient clientId=adminclient-8] Connection to node -1 (localhost/127.0.0.1:9092) could not be established. Broker may not be available.
[kafka-admin-client-thread | adminclient-11] WARN org.apache.kafka.clients.NetworkClient - [AdminClient clientId=adminclient-11] Connection to node -1 (localhost/127.0.0.1:9092) could not be established. Broker may not be available.
[kafka-admin-client-thread | adminclient-15] INFO org.apache.kafka.clients.NetworkClient - [AdminClient clientId=adminclient-15] Node -1 disconnected.
[kafka-admin-client-thread | adminclient-15] WARN org.apache.kafka.clients.NetworkClient - [AdminClient clientId=adminclient-15] Connection to node -1 (localhost/127.0.0.1:9092) could not be established. Broker may not be available.
[kafka-admin-client-thread | adminclient-21] INFO org.apache.kafka.clients.NetworkClient - [AdminClient clientId=adminclient-21] Node -1 disconnected.
[kafka-admin-client-thread | adminclient-21] WARN org.apache.kafka.clients.NetworkClient - [AdminClient clientId=adminclient-21] Connection to node -1 (localhost/127.0.0.1:9092) could not be established. Broker may not be available.
[kafka-admin-client-thread | adminclient-18] INFO org.apache.kafka.clients.NetworkClient - [AdminClient clientId=adminclient-18] Node -1 disconnected.
[kafka-admin-client-thread | adminclient-18] WARN org.apache.kafka.clients.NetworkClient - [AdminClient clientId=adminclient-18] Connection to node -1 (localhost/127.0.0.1:9092) could not be established. Broker may not be available.
[kafka-admin-client-thread | adminclient-27] INFO org.apache.kafka.clients.NetworkClient - [AdminClient clientId=adminclient-27] Node -1 disconnected.
[kafka-admin-client-thread | adminclient-4] INFO org.apache.kafka.clients.NetworkClient - [AdminClient clientId=adminclient-4] Node -1 disconnected.
[kafka-admin-client-thread | adminclient-27] WARN org.apache.kafka.clients.NetworkClient - [AdminClient clientId=adminclient-27] Connection to node -1 (localhost/127.0.0.1:9092) could not be established. Broker may not be available.
[kafka-admin-client-thread | adminclient-4] WARN org.apache.kafka.clients.NetworkClient - [AdminClient clientId=adminclient-4] Connection to node -1 (localhost/127.0.0.1:9092) could not be established. Broker may not be available.
[kafka-admin-client-thread | adminclient-13] INFO org.apache.kafka.clients.NetworkClient - [AdminClient clientId=adminclient-13] Node -1 disconnected.
[kafka-admin-client-thread | adminclient-13] WARN org.apache.kafka.clients.NetworkClient - [AdminClient clientId=adminclient-13] Connection to node -1 (localhost/127.0.0.1:9092) could not be established. Broker may not be available.
[kafka-admin-client-thread | adminclient-12] INFO org.apache.kafka.clients.NetworkClient - [AdminClient clientId=adminclient-12] Node -1 disconnected.
[kafka-admin-client-thread | adminclient-12] WARN org.apache.kafka.clients.NetworkClient - [AdminClient clientId=adminclient-12] Connection to node -1 (localhost/127.0.0.1:9092) could not be established. Broker may not be available.
[kafka-admin-client-thread | adminclient-1] INFO org.apache.kafka.clients.NetworkClient - [AdminClient clientId=adminclient-1] Node -1 disconnected.
[kafka-admin-client-thread | adminclient-1] WARN org.apache.kafka.clients.NetworkClient - [AdminClient clientId=adminclient-1] Connection to node -1 (localhost/127.0.0.1:9092) could not be established. Broker may not be available.
[kafka-admin-client-thread | adminclient-24] INFO org.apache.kafka.clients.NetworkClient - [AdminClient clientId=adminclient-24] Node -1 disconnected.
[kafka-admin-client-thread | adminclient-24] WARN org.apache.kafka.clients.NetworkClient - [AdminClient clientId=adminclient-24] Connection to node -1 (localhost/127.0.0.1:9092) could not be established. Broker may not be available.
[kafka-admin-client-thread | adminclient-2] INFO org.apache.kafka.clients.NetworkClient - [AdminClient clientId=adminclient-2] Node -1 disconnected.
[kafka-admin-client-thread | adminclient-2] WARN org.apache.kafka.clients.NetworkClient - [AdminClient clientId=adminclient-2] Connection to node -1 (localhost/127.0.0.1:9092) could not be established. Broker may not be available.
[kafka-admin-client-thread | adminclient-25] INFO org.apache.kafka.clients.NetworkClient - [AdminClient clientId=adminclient-25] Node -1 disconnected.
[kafka-admin-client-thread | adminclient-25] WARN org.apache.kafka.clients.NetworkClient - [AdminClient clientId=adminclient-25] Connection to node -1 (localhost/127.0.0.1:9092) could not be established. Broker may not be available.
[kafka-admin-client-thread | adminclient-19] INFO org.apache.kafka.clients.NetworkClient - [AdminClient clientId=adminclient-19] Node -1 disconnected.
[kafka-admin-client-thread | adminclient-19] WARN org.apache.kafka.clients.NetworkClient - [AdminClient clientId=adminclient-19] Connection to node -1 (localhost/127.0.0.1:9092) could not be established. Broker may not be available.
[kafka-admin-client-thread | adminclient-17] INFO org.apache.kafka.clients.NetworkClient - [AdminClient clientId=adminclient-17] Node -1 disconnected.
[kafka-admin-client-thread | adminclient-17] WARN org.apache.kafka.clients.NetworkClient - [AdminClient clientId=adminclient-17] Connection to node -1 (localhost/127.0.0.1:9092) could not be established. Broker may not be available.
[kafka-admin-client-thread | adminclient-3] INFO org.apache.kafka.clients.NetworkClient - [AdminClient clientId=adminclient-3] Node -1 disconnected.
[kafka-admin-client-thread | adminclient-3] WARN org.apache.kafka.clients.NetworkClient - [AdminClient clientId=adminclient-3] Connection to node -1 (localhost/127.0.0.1:9092) could not be established. Broker may not be available.
[kafka-admin-client-thread | adminclient-10] INFO org.apache.kafka.clients.NetworkClient - [AdminClient clientId=adminclient-10] Node -1 disconnected.
[kafka-admin-client-thread | adminclient-10] WARN org.apache.kafka.clients.NetworkClient - [AdminClient clientId=adminclient-10] Connection to node -1 (localhost/127.0.0.1:9092) could not be established. Broker may not be available.
[kafka-admin-client-thread | adminclient-22] INFO org.apache.kafka.clients.NetworkClient - [AdminClient clientId=adminclient-22] Node -1 disconnected.
[kafka-admin-client-thread | adminclient-22] WARN org.apache.kafka.clients.NetworkClient - [AdminClient clientId=adminclient-22] Connection to node -1 (localhost/127.0.0.1:9092) could not be established. Broker may not be available.
[kafka-admin-client-thread | adminclient-9] INFO org.apache.kafka.clients.NetworkClient - [AdminClient clientId=adminclient-9] Node -1 disconnected.
[kafka-admin-client-thread | adminclient-9] WARN org.apache.kafka.clients.NetworkClient - [AdminClient clientId=adminclient-9] Connection to node -1 (localhost/127.0.0.1:9092) could not be established. Broker may not be available.
[kafka-admin-client-thread | adminclient-26] INFO org.apache.kafka.clients.NetworkClient - [AdminClient clientId=adminclient-26] Node -1 disconnected.
[kafka-admin-client-thread | adminclient-26] WARN org.apache.kafka.clients.NetworkClient - [AdminClient clientId=adminclient-26] Connection to node -1 (localhost/127.0.0.1:9092) could not be established. Broker may not be available.
[kafka-admin-client-thread | adminclient-14] INFO org.apache.kafka.clients.NetworkClient - [AdminClient clientId=adminclient-14] Node -1 disconnected.
[kafka-admin-client-thread | adminclient-14] WARN org.apache.kafka.clients.NetworkClient - [AdminClient clientId=adminclient-14] Connection to node -1 (localhost/127.0.0.1:9092) could not be established. Broker may not be available.
[kafka-admin-client-thread | adminclient-7] INFO org.apache.kafka.clients.NetworkClient - [AdminClient clientId=adminclient-7] Node -1 disconnected.
[kafka-admin-client-thread | adminclient-7] WARN org.apache.kafka.clients.NetworkClient - [AdminClient clientId=adminclient-7] Connection to node -1 (localhost/127.0.0.1:9092) could not be established. Broker may not be available.
[kafka-admin-client-thread | adminclient-23] INFO org.apache.kafka.clients.NetworkClient - [AdminClient clientId=adminclient-23] Node -1 disconnected.
[kafka-admin-client-thread | adminclient-23] WARN org.apache.kafka.clients.NetworkClient - [AdminClient clientId=adminclient-23] Connection to node -1 (localhost/127.0.0.1:9092) could not be established. Broker may not be available.
[kafka-admin-client-thread | adminclient-16] INFO org.apache.kafka.clients.NetworkClient - [AdminClient clientId=adminclient-16] Node -1 disconnected.
[kafka-admin-client-thread | adminclient-16] WARN org.apache.kafka.clients.NetworkClient - [AdminClient clientId=adminclient-16] Connection to node -1 (localhost/127.0.0.1:9092) could not be established. Broker may not be available.
[kafka-admin-client-thread | adminclient-11] INFO org.apache.kafka.clients.NetworkClient - [AdminClient clientId=adminclient-11] Node -1 disconnected.
[kafka-admin-client-thread | adminclient-11] WARN org.apache.kafka.clients.NetworkClient - [AdminClient clientId=adminclient-11] Connection to node -1 (localhost/127.0.0.1:9092) could not be established. Broker may not be available.
[kafka-admin-client-thread | adminclient-28] INFO org.apache.kafka.clients.NetworkClient - [AdminClient clientId=adminclient-28] Node -1 disconnected.
[kafka-admin-client-thread | adminclient-28] WARN org.apache.kafka.clients.NetworkClient - [AdminClient clientId=adminclient-28] Connection to node -1 (localhost/127.0.0.1:9092) could not be established. Broker may not be available.
[kafka-admin-client-thread | adminclient-8] INFO org.apache.kafka.clients.NetworkClient - [AdminClient clientId=adminclient-8] Node -1 disconnected.
[kafka-admin-client-thread | adminclient-8] WARN org.apache.kafka.clients.NetworkClient - [AdminClient clientId=adminclient-8] Connection to node -1 (localhost/127.0.0.1:9092) could not be established. Broker may not be available.
[kafka-admin-client-thread | adminclient-20] INFO org.apache.kafka.clients.NetworkClient - [AdminClient clientId=adminclient-20] Node -1 disconnected.
[kafka-admin-client-thread | adminclient-20] WARN org.apache.kafka.clients.NetworkClient - [AdminClient clientId=adminclient-20] Connection to node -1 (localhost/127.0.0.1:9092) could not be established. Broker may not be available.
[kafka-admin-client-thread | adminclient-4] INFO org.apache.kafka.clients.NetworkClient - [AdminClient clientId=adminclient-4] Node -1 disconnected.
[kafka-admin-client-thread | adminclient-4] WARN org.apache.kafka.clients.NetworkClient - [AdminClient clientId=adminclient-4] Connection to node -1 (localhost/127.0.0.1:9092) could not be established. Broker may not be available.
[kafka-admin-client-thread | adminclient-15] INFO org.apache.kafka.clients.NetworkClient - [AdminClient clientId=adminclient-15] Node -1 disconnected.
[kafka-admin-client-thread | adminclient-15] WARN org.apache.kafka.clients.NetworkClient - [AdminClient clientId=adminclient-15] Connection to node -1 (localhost/127.0.0.1:9092) could not be established. Broker may not be available.
[kafka-admin-client-thread | adminclient-12] INFO org.apache.kafka.clients.NetworkClient - [AdminClient clientId=adminclient-12] Node -1 disconnected.
[kafka-admin-client-thread | adminclient-12] WARN org.apache.kafka.clients.NetworkClient - [AdminClient clientId=adminclient-12] Connection to node -1 (localhost/127.0.0.1:9092) could not be established. Broker may not be available.
[kafka-admin-client-thread | adminclient-1] INFO org.apache.kafka.clients.NetworkClient - [AdminClient clientId=adminclient-1] Node -1 disconnected.
[kafka-admin-client-thread | adminclient-1] WARN org.apache.kafka.clients.NetworkClient - [AdminClient clientId=adminclient-1] Connection to node -1 (localhost/127.0.0.1:9092) could not be established. Broker may not be available.
[kafka-admin-client-thread | adminclient-27] INFO org.apache.kafka.clients.NetworkClient - [AdminClient clientId=adminclient-27] Node -1 disconnected.
[kafka-admin-client-thread | adminclient-27] WARN org.apache.kafka.clients.NetworkClient - [AdminClient clientId=adminclient-27] Connection to node -1 (localhost/127.0.0.1:9092) could not be established. Broker may not be available.
[kafka-admin-client-thread | adminclient-24] INFO org.apache.kafka.clients.NetworkClient - [AdminClient clientId=adminclient-24] Node -1 disconnected.
[kafka-admin-client-thread | adminclient-24] WARN org.apache.kafka.clients.NetworkClient - [AdminClient clientId=adminclient-24] Connection to node -1 (localhost/127.0.0.1:9092) could not be established. Broker may not be available.
[kafka-admin-client-thread | adminclient-21] INFO org.apache.kafka.clients.NetworkClient - [AdminClient clientId=adminclient-21] Node -1 disconnected.
[kafka-admin-client-thread | adminclient-21] WARN org.apache.kafka.clients.NetworkClient - [AdminClient clientId=adminclient-21] Connection to node -1 (localhost/127.0.0.1:9092) could not be established. Broker may not be available.
[kafka-admin-client-thread | adminclient-18] INFO org.apache.kafka.clients.NetworkClient - [AdminClient clientId=adminclient-18] Node -1 disconnected.
[kafka-admin-client-thread | adminclient-18] WARN org.apache.kafka.clients.NetworkClient - [AdminClient clientId=adminclient-18] Connection to node -1 (localhost/127.0.0.1:9092) could not be established. Broker may not be available.
[kafka-admin-client-thread | adminclient-2] INFO org.apache.kafka.clients.NetworkClient - [AdminClient clientId=adminclient-2] Node -1 disconnected.
[kafka-admin-client-thread | adminclient-2] WARN org.apache.kafka.clients.NetworkClient - [AdminClient clientId=adminclient-2] Connection to node -1 (localhost/127.0.0.1:9092) could not be established. Broker may not be available.
[kafka-admin-client-thread | adminclient-25] INFO org.apache.kafka.clients.NetworkClient - [AdminClient clientId=adminclient-25] Node -1 disconnected.
[kafka-admin-client-thread | adminclient-25] WARN org.apache.kafka.clients.NetworkClient - [AdminClient clientId=adminclient-25] Connection to node -1 (localhost/127.0.0.1:9092) could not be established. Broker may not be available.
[kafka-admin-client-thread | adminclient-13] INFO org.apache.kafka.clients.NetworkClient - [AdminClient clientId=adminclient-13] Node -1 disconnected.
[kafka-admin-client-thread | adminclient-13] WARN org.apache.kafka.clients.NetworkClient - [AdminClient clientId=adminclient-13] Connection to node -1 (localhost/127.0.0.1:9092) could not be established. Broker may not be available.
[kafka-admin-client-thread | adminclient-3] INFO org.apache.kafka.clients.NetworkClient - [AdminClient clientId=adminclient-3] Node -1 disconnected.
[kafka-admin-client-thread | adminclient-3] WARN org.apache.kafka.clients.NetworkClient - [AdminClient clientId=adminclient-3] Connection to node -1 (localhost/127.0.0.1:9092) could not be established. Broker may not be available.
[kafka-admin-client-thread | adminclient-9] INFO org.apache.kafka.clients.NetworkClient - [AdminClient clientId=adminclient-9] Node -1 disconnected.
[kafka-admin-client-thread | adminclient-9] WARN org.apache.kafka.clients.NetworkClient - [AdminClient clientId=adminclient-9] Connection to node -1 (localhost/127.0.0.1:9092) could not be established. Broker may not be available.
[kafka-admin-client-thread | adminclient-19] INFO org.apache.kafka.clients.NetworkClient - [AdminClient clientId=adminclient-19] Node -1 disconnected.
[kafka-admin-client-thread | adminclient-17] INFO org.apache.kafka.clients.NetworkClient - [AdminClient clientId=adminclient-17] Node -1 disconnected.
[kafka-admin-client-thread | adminclient-19] WARN org.apache.kafka.clients.NetworkClient - [AdminClient clientId=adminclient-19] Connection to node -1 (localhost/127.0.0.1:9092) could not be established. Broker may not be available.
[kafka-admin-client-thread | adminclient-17] WARN org.apache.kafka.clients.NetworkClient - [AdminClient clientId=adminclient-17] Connection to node -1 (localhost/127.0.0.1:9092) could not be established. Broker may not be available.
[kafka-admin-client-thread | adminclient-26] INFO org.apache.kafka.clients.NetworkClient - [AdminClient clientId=adminclient-26] Node -1 disconnected.
[kafka-admin-client-thread | adminclient-26] WARN org.apache.kafka.clients.NetworkClient - [AdminClient clientId=adminclient-26] Connection to node -1 (localhost/127.0.0.1:9092) could not be established. Broker may not be available.
[kafka-admin-client-thread | adminclient-7] INFO org.apache.kafka.clients.NetworkClient - [AdminClient clientId=adminclient-7] Node -1 disconnected.
[kafka-admin-client-thread | adminclient-7] WARN org.apache.kafka.clients.NetworkClient - [AdminClient clientId=adminclient-7] Connection to node -1 (localhost/127.0.0.1:9092) could not be established. Broker may not be available.
[kafka-admin-client-thread | adminclient-10] INFO org.apache.kafka.clients.NetworkClient - [AdminClient clientId=adminclient-10] Node -1 disconnected.
[kafka-admin-client-thread | adminclient-10] WARN org.apache.kafka.clients.NetworkClient - [AdminClient clientId=adminclient-10] Connection to node -1 (localhost/127.0.0.1:9092) could not be established. Broker may not be available.
[kafka-admin-client-thread | adminclient-23] INFO org.apache.kafka.clients.NetworkClient - [AdminClient clientId=adminclient-23] Node -1 disconnected.
[kafka-admin-client-thread | adminclient-23] WARN org.apache.kafka.clients.NetworkClient - [AdminClient clientId=adminclient-23] Connection to node -1 (localhost/127.0.0.1:9092) could not be established. Broker may not be available.
[kafka-admin-client-thread | adminclient-14] INFO org.apache.kafka.clients.NetworkClient - [AdminClient clientId=adminclient-14] Node -1 disconnected.
[kafka-admin-client-thread | adminclient-14] WARN org.apache.kafka.clients.NetworkClient - [AdminClient clientId=adminclient-14] Connection to node -1 (localhost/127.0.0.1:9092) could not be established. Broker may not be available.
[kafka-admin-client-thread | adminclient-11] INFO org.apache.kafka.clients.NetworkClient - [AdminClient clientId=adminclient-11] Node -1 disconnected.
[kafka-admin-client-thread | adminclient-11] WARN org.apache.kafka.clients.NetworkClient - [AdminClient clientId=adminclient-11] Connection to node -1 (localhost/127.0.0.1:9092) could not be established. Broker may not be available.
[kafka-admin-client-thread | adminclient-22] INFO org.apache.kafka.clients.NetworkClient - [AdminClient clientId=adminclient-22] Node -1 disconnected.
[kafka-admin-client-thread | adminclient-22] WARN org.apache.kafka.clients.NetworkClient - [AdminClient clientId=adminclient-22] Connection to node -1 (localhost/127.0.0.1:9092) could not be established. Broker may not be available.
[kafka-admin-client-thread | adminclient-8] INFO org.apache.kafka.clients.NetworkClient - [AdminClient clientId=adminclient-8] Node -1 disconnected.
[kafka-admin-client-thread | adminclient-8] WARN org.apache.kafka.clients.NetworkClient - [AdminClient clientId=adminclient-8] Connection to node -1 (localhost/127.0.0.1:9092) could not be established. Broker may not be available.
[kafka-admin-client-thread | adminclient-16] INFO org.apache.kafka.clients.NetworkClient - [AdminClient clientId=adminclient-16] Node -1 disconnected.
[kafka-admin-client-thread | adminclient-16] WARN org.apache.kafka.clients.NetworkClient - [AdminClient clientId=adminclient-16] Connection to node -1 (localhost/127.0.0.1:9092) could not be established. Broker may not be available.
[kafka-admin-client-thread | adminclient-24] INFO org.apache.kafka.clients.NetworkClient - [AdminClient clientId=adminclient-24] Node -1 disconnected.
[kafka-admin-client-thread | adminclient-24] WARN org.apache.kafka.clients.NetworkClient - [AdminClient clientId=adminclient-24] Connection to node -1 (localhost/127.0.0.1:9092) could not be established. Broker may not be available.
[kafka-admin-client-thread | adminclient-20] INFO org.apache.kafka.clients.NetworkClient - [AdminClient clientId=adminclient-20] Node -1 disconnected.
[kafka-admin-client-thread | adminclient-28] INFO org.apache.kafka.clients.NetworkClient - [AdminClient clientId=adminclient-28] Node -1 disconnected.
[kafka-admin-client-thread | adminclient-20] WARN org.apache.kafka.clients.NetworkClient - [AdminClient clientId=adminclient-20] Connection to node -1 (localhost/127.0.0.1:9092) could not be established. Broker may not be available.
[kafka-admin-client-thread | adminclient-28] WARN org.apache.kafka.clients.NetworkClient - [AdminClient clientId=adminclient-28] Connection to node -1 (localhost/127.0.0.1:9092) could not be established. Broker may not be available.
[kafka-admin-client-thread | adminclient-4] INFO org.apache.kafka.clients.NetworkClient - [AdminClient clientId=adminclient-4] Node -1 disconnected.
[kafka-admin-client-thread | adminclient-1] INFO org.apache.kafka.clients.NetworkClient - [AdminClient clientId=adminclient-1] Node -1 disconnected.
[kafka-admin-client-thread | adminclient-4] WARN org.apache.kafka.clients.NetworkClient - [AdminClient clientId=adminclient-4] Connection to node -1 (localhost/127.0.0.1:9092) could not be established. Broker may not be available.
[kafka-admin-client-thread | adminclient-1] WARN org.apache.kafka.clients.NetworkClient - [AdminClient clientId=adminclient-1] Connection to node -1 (localhost/127.0.0.1:9092) could not be established. Broker may not be available.
[kafka-admin-client-thread | adminclient-21] INFO org.apache.kafka.clients.NetworkClient - [AdminClient clientId=adminclient-21] Node -1 disconnected.
[kafka-admin-client-thread | adminclient-12] INFO org.apache.kafka.clients.NetworkClient - [AdminClient clientId=adminclient-12] Node -1 disconnected.
[kafka-admin-client-thread | adminclient-21] WARN org.apache.kafka.clients.NetworkClient - [AdminClient clientId=adminclient-21] Connection to node -1 (localhost/127.0.0.1:9092) could not be established. Broker may not be available.
[kafka-admin-client-thread | adminclient-12] WARN org.apache.kafka.clients.NetworkClient - [AdminClient clientId=adminclient-12] Connection to node -1 (localhost/127.0.0.1:9092) could not be established. Broker may not be available.
[kafka-admin-client-thread | adminclient-3] INFO org.apache.kafka.clients.NetworkClient - [AdminClient clientId=adminclient-3] Node -1 disconnected.
[kafka-admin-client-thread | adminclient-3] WARN org.apache.kafka.clients.NetworkClient - [AdminClient clientId=adminclient-3] Connection to node -1 (localhost/127.0.0.1:9092) could not be established. Broker may not be available.
[kafka-admin-client-thread | adminclient-27] INFO org.apache.kafka.clients.NetworkClient - [AdminClient clientId=adminclient-27] Node -1 disconnected.
[kafka-admin-client-thread | adminclient-27] WARN org.apache.kafka.clients.NetworkClient - [AdminClient clientId=adminclient-27] Connection to node -1 (localhost/127.0.0.1:9092) could not be established. Broker may not be available.
[kafka-admin-client-thread | adminclient-25] INFO org.apache.kafka.clients.NetworkClient - [AdminClient clientId=adminclient-25] Node -1 disconnected.
[kafka-admin-client-thread | adminclient-25] WARN org.apache.kafka.clients.NetworkClient - [AdminClient clientId=adminclient-25] Connection to node -1 (localhost/127.0.0.1:9092) could not be established. Broker may not be available.
[kafka-admin-client-thread | adminclient-15] INFO org.apache.kafka.clients.NetworkClient - [AdminClient clientId=adminclient-15] Node -1 disconnected.
[kafka-admin-client-thread | adminclient-15] WARN org.apache.kafka.clients.NetworkClient - [AdminClient clientId=adminclient-15] Connection to node -1 (localhost/127.0.0.1:9092) could not be established. Broker may not be available.
[kafka-admin-client-thread | adminclient-18] INFO org.apache.kafka.clients.NetworkClient - [AdminClient clientId=adminclient-18] Node -1 disconnected.
[kafka-admin-client-thread | adminclient-18] WARN org.apache.kafka.clients.NetworkClient - [AdminClient clientId=adminclient-18] Connection to node -1 (localhost/127.0.0.1:9092) could not be established. Broker may not be available.
[kafka-admin-client-thread | adminclient-13] INFO org.apache.kafka.clients.NetworkClient - [AdminClient clientId=adminclient-13] Node -1 disconnected.
[kafka-admin-client-thread | adminclient-13] WARN org.apache.kafka.clients.NetworkClient - [AdminClient clientId=adminclient-13] Connection to node -1 (localhost/127.0.0.1:9092) could not be established. Broker may not be available.
[kafka-admin-client-thread | adminclient-9] INFO org.apache.kafka.clients.NetworkClient - [AdminClient clientId=adminclient-9] Node -1 disconnected.
[kafka-admin-client-thread | adminclient-9] WARN org.apache.kafka.clients.NetworkClient - [AdminClient clientId=adminclient-9] Connection to node -1 (localhost/127.0.0.1:9092) could not be established. Broker may not be available.
[kafka-admin-client-thread | adminclient-19] INFO org.apache.kafka.clients.NetworkClient - [AdminClient clientId=adminclient-19] Node -1 disconnected.
[kafka-admin-client-thread | adminclient-19] WARN org.apache.kafka.clients.NetworkClient - [AdminClient clientId=adminclient-19] Connection to node -1 (localhost/127.0.0.1:9092) could not be established. Broker may not be available.
[kafka-admin-client-thread | adminclient-2] INFO org.apache.kafka.clients.NetworkClient - [AdminClient clientId=adminclient-2] Node -1 disconnected.
[kafka-admin-client-thread | adminclient-2] WARN org.apache.kafka.clients.NetworkClient - [AdminClient clientId=adminclient-2] Connection to node -1 (localhost/127.0.0.1:9092) could not be established. Broker may not be available.
[kafka-admin-client-thread | adminclient-17] INFO org.apache.kafka.clients.NetworkClient - [AdminClient clientId=adminclient-17] Node -1 disconnected.
[kafka-admin-client-thread | adminclient-17] WARN org.apache.kafka.clients.NetworkClient - [AdminClient clientId=adminclient-17] Connection to node -1 (localhost/127.0.0.1:9092) could not be established. Broker may not be available.
[kafka-admin-client-thread | adminclient-23] INFO org.apache.kafka.clients.NetworkClient - [AdminClient clientId=adminclient-23] Node -1 disconnected.
[kafka-admin-client-thread | adminclient-23] WARN org.apache.kafka.clients.NetworkClient - [AdminClient clientId=adminclient-23] Connection to node -1 (localhost/127.0.0.1:9092) could not be established. Broker may not be available.
[kafka-admin-client-thread | adminclient-14] INFO org.apache.kafka.clients.NetworkClient - [AdminClient clientId=adminclient-14] Node -1 disconnected.
[kafka-admin-client-thread | adminclient-14] WARN org.apache.kafka.clients.NetworkClient - [AdminClient clientId=adminclient-14] Connection to node -1 (localhost/127.0.0.1:9092) could not be established. Broker may not be available.
[kafka-admin-client-thread | adminclient-10] INFO org.apache.kafka.clients.NetworkClient - [AdminClient clientId=adminclient-10] Node -1 disconnected.
[kafka-admin-client-thread | adminclient-10] WARN org.apache.kafka.clients.NetworkClient - [AdminClient clientId=adminclient-10] Connection to node -1 (localhost/127.0.0.1:9092) could not be established. Broker may not be available.
[kafka-admin-client-thread | adminclient-26] INFO org.apache.kafka.clients.NetworkClient - [AdminClient clientId=adminclient-26] Node -1 disconnected.
[kafka-admin-client-thread | adminclient-26] WARN org.apache.kafka.clients.NetworkClient - [AdminClient clientId=adminclient-26] Connection to node -1 (localhost/127.0.0.1:9092) could not be established. Broker may not be available.
[kafka-admin-client-thread | adminclient-7] INFO org.apache.kafka.clients.NetworkClient - [AdminClient clientId=adminclient-7] Node -1 disconnected.
[kafka-admin-client-thread | adminclient-7] WARN org.apache.kafka.clients.NetworkClient - [AdminClient clientId=adminclient-7] Connection to node -1 (localhost/127.0.0.1:9092) could not be established. Broker may not be available.
[kafka-admin-client-thread | adminclient-22] INFO org.apache.kafka.clients.NetworkClient - [AdminClient clientId=adminclient-22] Node -1 disconnected.
[kafka-admin-client-thread | adminclient-22] WARN org.apache.kafka.clients.NetworkClient - [AdminClient clientId=adminclient-22] Connection to node -1 (localhost/127.0.0.1:9092) could not be established. Broker may not be available.
[kafka-admin-client-thread | adminclient-11] INFO org.apache.kafka.clients.NetworkClient - [AdminClient clientId=adminclient-11] Node -1 disconnected.
[kafka-admin-client-thread | adminclient-11] WARN org.apache.kafka.clients.NetworkClient - [AdminClient clientId=adminclient-11] Connection to node -1 (localhost/127.0.0.1:9092) could not be established. Broker may not be available.
[kafka-admin-client-thread | adminclient-8] INFO org.apache.kafka.clients.NetworkClient - [AdminClient clientId=adminclient-8] Node -1 disconnected.
[kafka-admin-client-thread | adminclient-8] WARN org.apache.kafka.clients.NetworkClient - [AdminClient clientId=adminclient-8] Connection to node -1 (localhost/127.0.0.1:9092) could not be established. Broker may not be available.
[kafka-admin-client-thread | adminclient-16] INFO org.apache.kafka.clients.NetworkClient - [AdminClient clientId=adminclient-16] Node -1 disconnected.
[kafka-admin-client-thread | adminclient-16] WARN org.apache.kafka.clients.NetworkClient - [AdminClient clientId=adminclient-16] Connection to node -1 (localhost/127.0.0.1:9092) could not be established. Broker may not be available.
[kafka-admin-client-thread | adminclient-28] INFO org.apache.kafka.clients.NetworkClient - [AdminClient clientId=adminclient-28] Node -1 disconnected.
[kafka-admin-client-thread | adminclient-28] WARN org.apache.kafka.clients.NetworkClient - [AdminClient clientId=adminclient-28] Connection to node -1 (localhost/127.0.0.1:9092) could not be established. Broker may not be available.
[kafka-admin-client-thread | adminclient-4] INFO org.apache.kafka.clients.NetworkClient - [AdminClient clientId=adminclient-4] Node -1 disconnected.
[kafka-admin-client-thread | adminclient-4] WARN org.apache.kafka.clients.NetworkClient - [AdminClient clientId=adminclient-4] Connection to node -1 (localhost/127.0.0.1:9092) could not be established. Broker may not be available.
[kafka-admin-client-thread | adminclient-12] INFO org.apache.kafka.clients.NetworkClient - [AdminClient clientId=adminclient-12] Node -1 disconnected.
[kafka-admin-client-thread | adminclient-12] WARN org.apache.kafka.clients.NetworkClient - [AdminClient clientId=adminclient-12] Connection to node -1 (localhost/127.0.0.1:9092) could not be established. Broker may not be available.
[kafka-admin-client-thread | adminclient-1] INFO org.apache.kafka.clients.NetworkClient - [AdminClient clientId=adminclient-1] Node -1 disconnected.
[kafka-admin-client-thread | adminclient-1] WARN org.apache.kafka.clients.NetworkClient - [AdminClient clientId=adminclient-1] Connection to node -1 (localhost/127.0.0.1:9092) could not be established. Broker may not be available.
[kafka-admin-client-thread | adminclient-27] INFO org.apache.kafka.clients.NetworkClient - [AdminClient clientId=adminclient-27] Node -1 disconnected.
[kafka-admin-client-thread | adminclient-27] WARN org.apache.kafka.clients.NetworkClient - [AdminClient clientId=adminclient-27] Connection to node -1 (localhost/127.0.0.1:9092) could not be established. Broker may not be available.
[kafka-admin-client-thread | adminclient-25] INFO org.apache.kafka.clients.NetworkClient - [AdminClient clientId=adminclient-25] Node -1 disconnected.
[kafka-admin-client-thread | adminclient-25] WARN org.apache.kafka.clients.NetworkClient - [AdminClient clientId=adminclient-25] Connection to node -1 (localhost/127.0.0.1:9092) could not be established. Broker may not be available.
[kafka-admin-client-thread | adminclient-24] INFO org.apache.kafka.clients.NetworkClient - [AdminClient clientId=adminclient-24] Node -1 disconnected.
[kafka-admin-client-thread | adminclient-24] WARN org.apache.kafka.clients.NetworkClient - [AdminClient clientId=adminclient-24] Connection to node -1 (localhost/127.0.0.1:9092) could not be established. Broker may not be available.
[kafka-admin-client-thread | adminclient-21] INFO org.apache.kafka.clients.NetworkClient - [AdminClient clientId=adminclient-21] Node -1 disconnected.
[kafka-admin-client-thread | adminclient-21] WARN org.apache.kafka.clients.NetworkClient - [AdminClient clientId=adminclient-21] Connection to node -1 (localhost/127.0.0.1:9092) could not be established. Broker may not be available.
[kafka-admin-client-thread | adminclient-20] INFO org.apache.kafka.clients.NetworkClient - [AdminClient clientId=adminclient-20] Node -1 disconnected.
[kafka-admin-client-thread | adminclient-20] WARN org.apache.kafka.clients.NetworkClient - [AdminClient clientId=adminclient-20] Connection to node -1 (localhost/127.0.0.1:9092) could not be established. Broker may not be available.
[kafka-admin-client-thread | adminclient-9] INFO org.apache.kafka.clients.NetworkClient - [AdminClient clientId=adminclient-9] Node -1 disconnected.
[kafka-admin-client-thread | adminclient-9] WARN org.apache.kafka.clients.NetworkClient - [AdminClient clientId=adminclient-9] Connection to node -1 (localhost/127.0.0.1:9092) could not be established. Broker may not be available.
[kafka-admin-client-thread | adminclient-15] INFO org.apache.kafka.clients.NetworkClient - [AdminClient clientId=adminclient-15] Node -1 disconnected.
[kafka-admin-client-thread | adminclient-15] WARN org.apache.kafka.clients.NetworkClient - [AdminClient clientId=adminclient-15] Connection to node -1 (localhost/127.0.0.1:9092) could not be established. Broker may not be available.
[kafka-admin-client-thread | adminclient-3] INFO org.apache.kafka.clients.NetworkClient - [AdminClient clientId=adminclient-3] Node -1 disconnected.
[kafka-admin-client-thread | adminclient-3] WARN org.apache.kafka.clients.NetworkClient - [AdminClient clientId=adminclient-3] Connection to node -1 (localhost/127.0.0.1:9092) could not be established. Broker may not be available.
[kafka-admin-client-thread | adminclient-19] INFO org.apache.kafka.clients.NetworkClient - [AdminClient clientId=adminclient-19] Node -1 disconnected.
[kafka-admin-client-thread | adminclient-19] WARN org.apache.kafka.clients.NetworkClient - [AdminClient clientId=adminclient-19] Connection to node -1 (localhost/127.0.0.1:9092) could not be established. Broker may not be available.
[kafka-admin-client-thread | adminclient-17] INFO org.apache.kafka.clients.NetworkClient - [AdminClient clientId=adminclient-17] Node -1 disconnected.
[kafka-admin-client-thread | adminclient-17] WARN org.apache.kafka.clients.NetworkClient - [AdminClient clientId=adminclient-17] Connection to node -1 (localhost/127.0.0.1:9092) could not be established. Broker may not be available.
[kafka-admin-client-thread | adminclient-18] INFO org.apache.kafka.clients.NetworkClient - [AdminClient clientId=adminclient-18] Node -1 disconnected.
[kafka-admin-client-thread | adminclient-18] WARN org.apache.kafka.clients.NetworkClient - [AdminClient clientId=adminclient-18] Connection to node -1 (localhost/127.0.0.1:9092) could not be established. Broker may not be available.
[kafka-admin-client-thread | adminclient-2] INFO org.apache.kafka.clients.NetworkClient - [AdminClient clientId=adminclient-2] Node -1 disconnected.
[kafka-admin-client-thread | adminclient-2] WARN org.apache.kafka.clients.NetworkClient - [AdminClient clientId=adminclient-2] Connection to node -1 (localhost/127.0.0.1:9092) could not be established. Broker may not be available.
[kafka-admin-client-thread | adminclient-13] INFO org.apache.kafka.clients.NetworkClient - [AdminClient clientId=adminclient-13] Node -1 disconnected.
[kafka-admin-client-thread | adminclient-13] WARN org.apache.kafka.clients.NetworkClient - [AdminClient clientId=adminclient-13] Connection to node -1 (localhost/127.0.0.1:9092) could not be established. Broker may not be available.
[kafka-admin-client-thread | adminclient-14] INFO org.apache.kafka.clients.NetworkClient - [AdminClient clientId=adminclient-14] Node -1 disconnected.
[kafka-admin-client-thread | adminclient-14] WARN org.apache.kafka.clients.NetworkClient - [AdminClient clientId=adminclient-14] Connection to node -1 (localhost/127.0.0.1:9092) could not be established. Broker may not be available.
[kafka-admin-client-thread | adminclient-10] INFO org.apache.kafka.clients.NetworkClient - [AdminClient clientId=adminclient-10] Node -1 disconnected.
[kafka-admin-client-thread | adminclient-10] WARN org.apache.kafka.clients.NetworkClient - [AdminClient clientId=adminclient-10] Connection to node -1 (localhost/127.0.0.1:9092) could not be established. Broker may not be available.
[kafka-admin-client-thread | adminclient-23] INFO org.apache.kafka.clients.NetworkClient - [AdminClient clientId=adminclient-23] Node -1 disconnected.
[kafka-admin-client-thread | adminclient-26] INFO org.apache.kafka.clients.NetworkClient - [AdminClient clientId=adminclient-26] Node -1 disconnected.
[kafka-admin-client-thread | adminclient-23] WARN org.apache.kafka.clients.NetworkClient - [AdminClient clientId=adminclient-23] Connection to node -1 (localhost/127.0.0.1:9092) could not be established. Broker may not be available.
[kafka-admin-client-thread | adminclient-26] WARN org.apache.kafka.clients.NetworkClient - [AdminClient clientId=adminclient-26] Connection to node -1 (localhost/127.0.0.1:9092) could not be established. Broker may not be available.
[kafka-admin-client-thread | adminclient-7] INFO org.apache.kafka.clients.NetworkClient - [AdminClient clientId=adminclient-7] Node -1 disconnected.
[kafka-admin-client-thread | adminclient-7] WARN org.apache.kafka.clients.NetworkClient - [AdminClient clientId=adminclient-7] Connection to node -1 (localhost/127.0.0.1:9092) could not be established. Broker may not be available.
[kafka-admin-client-thread | adminclient-11] INFO org.apache.kafka.clients.NetworkClient - [AdminClient clientId=adminclient-11] Node -1 disconnected.
[kafka-admin-client-thread | adminclient-11] WARN org.apache.kafka.clients.NetworkClient - [AdminClient clientId=adminclient-11] Connection to node -1 (localhost/127.0.0.1:9092) could not be established. Broker may not be available.
[kafka-admin-client-thread | adminclient-28] INFO org.apache.kafka.clients.NetworkClient - [AdminClient clientId=adminclient-28] Node -1 disconnected.
[kafka-admin-client-thread | adminclient-28] WARN org.apache.kafka.clients.NetworkClient - [AdminClient clientId=adminclient-28] Connection to node -1 (localhost/127.0.0.1:9092) could not be established. Broker may not be available.
[kafka-admin-client-thread | adminclient-22] INFO org.apache.kafka.clients.NetworkClient - [AdminClient clientId=adminclient-22] Node -1 disconnected.
[kafka-admin-client-thread | adminclient-22] WARN org.apache.kafka.clients.NetworkClient - [AdminClient clientId=adminclient-22] Connection to node -1 (localhost/127.0.0.1:9092) could not be established. Broker may not be available.
[kafka-admin-client-thread | adminclient-27] INFO org.apache.kafka.clients.NetworkClient - [AdminClient clientId=adminclient-27] Node -1 disconnected.
[kafka-admin-client-thread | adminclient-27] WARN org.apache.kafka.clients.NetworkClient - [AdminClient clientId=adminclient-27] Connection to node -1 (localhost/127.0.0.1:9092) could not be established. Broker may not be available.
[kafka-admin-client-thread | adminclient-16] INFO org.apache.kafka.clients.NetworkClient - [AdminClient clientId=adminclient-16] Node -1 disconnected.
[kafka-admin-client-thread | adminclient-16] WARN org.apache.kafka.clients.NetworkClient - [AdminClient clientId=adminclient-16] Connection to node -1 (localhost/127.0.0.1:9092) could not be established. Broker may not be available.
[kafka-admin-client-thread | adminclient-24] INFO org.apache.kafka.clients.NetworkClient - [AdminClient clientId=adminclient-24] Node -1 disconnected.
[kafka-admin-client-thread | adminclient-24] WARN org.apache.kafka.clients.NetworkClient - [AdminClient clientId=adminclient-24] Connection to node -1 (localhost/127.0.0.1:9092) could not be established. Broker may not be available.
[kafka-admin-client-thread | adminclient-21] INFO org.apache.kafka.clients.NetworkClient - [AdminClient clientId=adminclient-21] Node -1 disconnected.
[kafka-admin-client-thread | adminclient-21] WARN org.apache.kafka.clients.NetworkClient - [AdminClient clientId=adminclient-21] Connection to node -1 (localhost/127.0.0.1:9092) could not be established. Broker may not be available.
[kafka-admin-client-thread | adminclient-8] INFO org.apache.kafka.clients.NetworkClient - [AdminClient clientId=adminclient-8] Node -1 disconnected.
[kafka-admin-client-thread | adminclient-8] WARN org.apache.kafka.clients.NetworkClient - [AdminClient clientId=adminclient-8] Connection to node -1 (localhost/127.0.0.1:9092) could not be established. Broker may not be available.
[kafka-admin-client-thread | adminclient-4] INFO org.apache.kafka.clients.NetworkClient - [AdminClient clientId=adminclient-4] Node -1 disconnected.
[kafka-admin-client-thread | adminclient-4] WARN org.apache.kafka.clients.NetworkClient - [AdminClient clientId=adminclient-4] Connection to node -1 (localhost/127.0.0.1:9092) could not be established. Broker may not be available.
[kafka-admin-client-thread | adminclient-12] INFO org.apache.kafka.clients.NetworkClient - [AdminClient clientId=adminclient-12] Node -1 disconnected.
[kafka-admin-client-thread | adminclient-12] WARN org.apache.kafka.clients.NetworkClient - [AdminClient clientId=adminclient-12] Connection to node -1 (localhost/127.0.0.1:9092) could not be established. Broker may not be available.
[kafka-admin-client-thread | adminclient-1] INFO org.apache.kafka.clients.NetworkClient - [AdminClient clientId=adminclient-1] Node -1 disconnected.
[kafka-admin-client-thread | adminclient-1] WARN org.apache.kafka.clients.NetworkClient - [AdminClient clientId=adminclient-1] Connection to node -1 (localhost/127.0.0.1:9092) could not be established. Broker may not be available.
[kafka-admin-client-thread | adminclient-20] INFO org.apache.kafka.clients.NetworkClient - [AdminClient clientId=adminclient-20] Node -1 disconnected.
[kafka-admin-client-thread | adminclient-20] WARN org.apache.kafka.clients.NetworkClient - [AdminClient clientId=adminclient-20] Connection to node -1 (localhost/127.0.0.1:9092) could not be established. Broker may not be available.
[kafka-admin-client-thread | adminclient-2] INFO org.apache.kafka.clients.NetworkClient - [AdminClient clientId=adminclient-2] Node -1 disconnected.
[kafka-admin-client-thread | adminclient-2] WARN org.apache.kafka.clients.NetworkClient - [AdminClient clientId=adminclient-2] Connection to node -1 (localhost/127.0.0.1:9092) could not be established. Broker may not be available.
[kafka-admin-client-thread | adminclient-13] INFO org.apache.kafka.clients.NetworkClient - [AdminClient clientId=adminclient-13] Node -1 disconnected.
[kafka-admin-client-thread | adminclient-13] WARN org.apache.kafka.clients.NetworkClient - [AdminClient clientId=adminclient-13] Connection to node -1 (localhost/127.0.0.1:9092) could not be established. Broker may not be available.
[kafka-admin-client-thread | adminclient-25] INFO org.apache.kafka.clients.NetworkClient - [AdminClient clientId=adminclient-25] Node -1 disconnected.
[kafka-admin-client-thread | adminclient-25] WARN org.apache.kafka.clients.NetworkClient - [AdminClient clientId=adminclient-25] Connection to node -1 (localhost/127.0.0.1:9092) could not be established. Broker may not be available.
[kafka-admin-client-thread | adminclient-15] INFO org.apache.kafka.clients.NetworkClient - [AdminClient clientId=adminclient-15] Node -1 disconnected.
[kafka-admin-client-thread | adminclient-15] WARN org.apache.kafka.clients.NetworkClient - [AdminClient clientId=adminclient-15] Connection to node -1 (localhost/127.0.0.1:9092) could not be established. Broker may not be available.
[kafka-admin-client-thread | adminclient-14] INFO org.apache.kafka.clients.NetworkClient - [AdminClient clientId=adminclient-14] Node -1 disconnected.
[kafka-admin-client-thread | adminclient-14] WARN org.apache.kafka.clients.NetworkClient - [AdminClient clientId=adminclient-14] Connection to node -1 (localhost/127.0.0.1:9092) could not be established. Broker may not be available.
[kafka-admin-client-thread | adminclient-9] INFO org.apache.kafka.clients.NetworkClient - [AdminClient clientId=adminclient-9] Node -1 disconnected.
[kafka-admin-client-thread | adminclient-9] WARN org.apache.kafka.clients.NetworkClient - [AdminClient clientId=adminclient-9] Connection to node -1 (localhost/127.0.0.1:9092) could not be established. Broker may not be available.
[kafka-admin-client-thread | adminclient-3] INFO org.apache.kafka.clients.NetworkClient - [AdminClient clientId=adminclient-3] Node -1 disconnected.
[kafka-admin-client-thread | adminclient-3] WARN org.apache.kafka.clients.NetworkClient - [AdminClient clientId=adminclient-3] Connection to node -1 (localhost/127.0.0.1:9092) could not be established. Broker may not be available.
[kafka-admin-client-thread | adminclient-17] INFO org.apache.kafka.clients.NetworkClient - [AdminClient clientId=adminclient-17] Node -1 disconnected.
[kafka-admin-client-thread | adminclient-17] WARN org.apache.kafka.clients.NetworkClient - [AdminClient clientId=adminclient-17] Connection to node -1 (localhost/127.0.0.1:9092) could not be established. Broker may not be available.
[kafka-admin-client-thread | adminclient-18] INFO org.apache.kafka.clients.NetworkClient - [AdminClient clientId=adminclient-18] Node -1 disconnected.
[kafka-admin-client-thread | adminclient-18] WARN org.apache.kafka.clients.NetworkClient - [AdminClient clientId=adminclient-18] Connection to node -1 (localhost/127.0.0.1:9092) could not be established. Broker may not be available.
[kafka-admin-client-thread | adminclient-23] INFO org.apache.kafka.clients.NetworkClient - [AdminClient clientId=adminclient-23] Node -1 disconnected.
[kafka-admin-client-thread | adminclient-23] WARN org.apache.kafka.clients.NetworkClient - [AdminClient clientId=adminclient-23] Connection to node -1 (localhost/127.0.0.1:9092) could not be established. Broker may not be available.
[kafka-admin-client-thread | adminclient-19] INFO org.apache.kafka.clients.NetworkClient - [AdminClient clientId=adminclient-19] Node -1 disconnected.
[kafka-admin-client-thread | adminclient-19] WARN org.apache.kafka.clients.NetworkClient - [AdminClient clientId=adminclient-19] Connection to node -1 (localhost/127.0.0.1:9092) could not be established. Broker may not be available.
[kafka-admin-client-thread | adminclient-7] INFO org.apache.kafka.clients.NetworkClient - [AdminClient clientId=adminclient-7] Node -1 disconnected.
[kafka-admin-client-thread | adminclient-7] WARN org.apache.kafka.clients.NetworkClient - [AdminClient clientId=adminclient-7] Connection to node -1 (localhost/127.0.0.1:9092) could not be established. Broker may not be available.
[kafka-admin-client-thread | adminclient-10] INFO org.apache.kafka.clients.NetworkClient - [AdminClient clientId=adminclient-10] Node -1 disconnected.
[kafka-admin-client-thread | adminclient-10] WARN org.apache.kafka.clients.NetworkClient - [AdminClient clientId=adminclient-10] Connection to node -1 (localhost/127.0.0.1:9092) could not be established. Broker may not be available.
[kafka-admin-client-thread | adminclient-11] INFO org.apache.kafka.clients.NetworkClient - [AdminClient clientId=adminclient-11] Node -1 disconnected.
[kafka-admin-client-thread | adminclient-11] WARN org.apache.kafka.clients.NetworkClient - [AdminClient clientId=adminclient-11] Connection to node -1 (localhost/127.0.0.1:9092) could not be established. Broker may not be available.
[kafka-admin-client-thread | adminclient-26] INFO org.apache.kafka.clients.NetworkClient - [AdminClient clientId=adminclient-26] Node -1 disconnected.
[kafka-admin-client-thread | adminclient-26] WARN org.apache.kafka.clients.NetworkClient - [AdminClient clientId=adminclient-26] Connection to node -1 (localhost/127.0.0.1:9092) could not be established. Broker may not be available.
[kafka-admin-client-thread | adminclient-28] INFO org.apache.kafka.clients.NetworkClient - [AdminClient clientId=adminclient-28] Node -1 disconnected.
[kafka-admin-client-thread | adminclient-28] WARN org.apache.kafka.clients.NetworkClient - [AdminClient clientId=adminclient-28] Connection to node -1 (localhost/127.0.0.1:9092) could not be established. Broker may not be available.
[kafka-admin-client-thread | adminclient-22] INFO org.apache.kafka.clients.NetworkClient - [AdminClient clientId=adminclient-22] Node -1 disconnected.
[kafka-admin-client-thread | adminclient-22] WARN org.apache.kafka.clients.NetworkClient - [AdminClient clientId=adminclient-22] Connection to node -1 (localhost/127.0.0.1:9092) could not be established. Broker may not be available.
[kafka-admin-client-thread | adminclient-1] INFO org.apache.kafka.clients.NetworkClient - [AdminClient clientId=adminclient-1] Node -1 disconnected.
[kafka-admin-client-thread | adminclient-1] WARN org.apache.kafka.clients.NetworkClient - [AdminClient clientId=adminclient-1] Connection to node -1 (localhost/127.0.0.1:9092) could not be established. Broker may not be available.
[kafka-admin-client-thread | adminclient-16] INFO org.apache.kafka.clients.NetworkClient - [AdminClient clientId=adminclient-16] Node -1 disconnected.
[kafka-admin-client-thread | adminclient-24] INFO org.apache.kafka.clients.NetworkClient - [AdminClient clientId=adminclient-24] Node -1 disconnected.
[kafka-admin-client-thread | adminclient-24] WARN org.apache.kafka.clients.NetworkClient - [AdminClient clientId=adminclient-24] Connection to node -1 (localhost/127.0.0.1:9092) could not be established. Broker may not be available.
[kafka-admin-client-thread | adminclient-16] WARN org.apache.kafka.clients.NetworkClient - [AdminClient clientId=adminclient-16] Connection to node -1 (localhost/127.0.0.1:9092) could not be established. Broker may not be available.
[kafka-admin-client-thread | adminclient-21] INFO org.apache.kafka.clients.NetworkClient - [AdminClient clientId=adminclient-21] Node -1 disconnected.
[kafka-admin-client-thread | adminclient-21] WARN org.apache.kafka.clients.NetworkClient - [AdminClient clientId=adminclient-21] Connection to node -1 (localhost/127.0.0.1:9092) could not be established. Broker may not be available.
[kafka-admin-client-thread | adminclient-8] INFO org.apache.kafka.clients.NetworkClient - [AdminClient clientId=adminclient-8] Node -1 disconnected.
[kafka-admin-client-thread | adminclient-8] WARN org.apache.kafka.clients.NetworkClient - [AdminClient clientId=adminclient-8] Connection to node -1 (localhost/127.0.0.1:9092) could not be established. Broker may not be available.
[kafka-admin-client-thread | adminclient-20] INFO org.apache.kafka.clients.NetworkClient - [AdminClient clientId=adminclient-20] Node -1 disconnected.
[kafka-admin-client-thread | adminclient-20] WARN org.apache.kafka.clients.NetworkClient - [AdminClient clientId=adminclient-20] Connection to node -1 (localhost/127.0.0.1:9092) could not be established. Broker may not be available.
[kafka-admin-client-thread | adminclient-4] INFO org.apache.kafka.clients.NetworkClient - [AdminClient clientId=adminclient-4] Node -1 disconnected.
[kafka-admin-client-thread | adminclient-4] WARN org.apache.kafka.clients.NetworkClient - [AdminClient clientId=adminclient-4] Connection to node -1 (localhost/127.0.0.1:9092) could not be established. Broker may not be available.
[kafka-admin-client-thread | adminclient-27] INFO org.apache.kafka.clients.NetworkClient - [AdminClient clientId=adminclient-27] Node -1 disconnected.
[kafka-admin-client-thread | adminclient-27] WARN org.apache.kafka.clients.NetworkClient - [AdminClient clientId=adminclient-27] Connection to node -1 (localhost/127.0.0.1:9092) could not be established. Broker may not be available.
[kafka-admin-client-thread | adminclient-25] INFO org.apache.kafka.clients.NetworkClient - [AdminClient clientId=adminclient-25] Node -1 disconnected.
[kafka-admin-client-thread | adminclient-25] WARN org.apache.kafka.clients.NetworkClient - [AdminClient clientId=adminclient-25] Connection to node -1 (localhost/127.0.0.1:9092) could not be established. Broker may not be available.
[kafka-admin-client-thread | adminclient-12] INFO org.apache.kafka.clients.NetworkClient - [AdminClient clientId=adminclient-12] Node -1 disconnected.
[kafka-admin-client-thread | adminclient-12] WARN org.apache.kafka.clients.NetworkClient - [AdminClient clientId=adminclient-12] Connection to node -1 (localhost/127.0.0.1:9092) could not be established. Broker may not be available.
[kafka-admin-client-thread | adminclient-3] INFO org.apache.kafka.clients.NetworkClient - [AdminClient clientId=adminclient-3] Node -1 disconnected.
[kafka-admin-client-thread | adminclient-3] WARN org.apache.kafka.clients.NetworkClient - [AdminClient clientId=adminclient-3] Connection to node -1 (localhost/127.0.0.1:9092) could not be established. Broker may not be available.
[kafka-admin-client-thread | adminclient-2] INFO org.apache.kafka.clients.NetworkClient - [AdminClient clientId=adminclient-2] Node -1 disconnected.
[kafka-admin-client-thread | adminclient-2] WARN org.apache.kafka.clients.NetworkClient - [AdminClient clientId=adminclient-2] Connection to node -1 (localhost/127.0.0.1:9092) could not be established. Broker may not be available.
[kafka-admin-client-thread | adminclient-14] INFO org.apache.kafka.clients.NetworkClient - [AdminClient clientId=adminclient-14] Node -1 disconnected.
[kafka-admin-client-thread | adminclient-14] WARN org.apache.kafka.clients.NetworkClient - [AdminClient clientId=adminclient-14] Connection to node -1 (localhost/127.0.0.1:9092) could not be established. Broker may not be available.
[kafka-admin-client-thread | adminclient-15] INFO org.apache.kafka.clients.NetworkClient - [AdminClient clientId=adminclient-15] Node -1 disconnected.
[kafka-admin-client-thread | adminclient-9] INFO org.apache.kafka.clients.NetworkClient - [AdminClient clientId=adminclient-9] Node -1 disconnected.
[kafka-admin-client-thread | adminclient-15] WARN org.apache.kafka.clients.NetworkClient - [AdminClient clientId=adminclient-15] Connection to node -1 (localhost/127.0.0.1:9092) could not be established. Broker may not be available.
[kafka-admin-client-thread | adminclient-9] WARN org.apache.kafka.clients.NetworkClient - [AdminClient clientId=adminclient-9] Connection to node -1 (localhost/127.0.0.1:9092) could not be established. Broker may not be available.
[kafka-admin-client-thread | adminclient-13] INFO org.apache.kafka.clients.NetworkClient - [AdminClient clientId=adminclient-13] Node -1 disconnected.
[kafka-admin-client-thread | adminclient-13] WARN org.apache.kafka.clients.NetworkClient - [AdminClient clientId=adminclient-13] Connection to node -1 (localhost/127.0.0.1:9092) could not be established. Broker may not be available.
[kafka-admin-client-thread | adminclient-7] INFO org.apache.kafka.clients.NetworkClient - [AdminClient clientId=adminclient-7] Node -1 disconnected.
[kafka-admin-client-thread | adminclient-7] WARN org.apache.kafka.clients.NetworkClient - [AdminClient clientId=adminclient-7] Connection to node -1 (localhost/127.0.0.1:9092) could not be established. Broker may not be available.
[kafka-admin-client-thread | adminclient-19] INFO org.apache.kafka.clients.NetworkClient - [AdminClient clientId=adminclient-19] Node -1 disconnected.
[kafka-admin-client-thread | adminclient-17] INFO org.apache.kafka.clients.NetworkClient - [AdminClient clientId=adminclient-17] Node -1 disconnected.
[kafka-admin-client-thread | adminclient-17] WARN org.apache.kafka.clients.NetworkClient - [AdminClient clientId=adminclient-17] Connection to node -1 (localhost/127.0.0.1:9092) could not be established. Broker may not be available.
[kafka-admin-client-thread | adminclient-19] WARN org.apache.kafka.clients.NetworkClient - [AdminClient clientId=adminclient-19] Connection to node -1 (localhost/127.0.0.1:9092) could not be established. Broker may not be available.
[kafka-admin-client-thread | adminclient-23] INFO org.apache.kafka.clients.NetworkClient - [AdminClient clientId=adminclient-23] Node -1 disconnected.
[kafka-admin-client-thread | adminclient-23] WARN org.apache.kafka.clients.NetworkClient - [AdminClient clientId=adminclient-23] Connection to node -1 (localhost/127.0.0.1:9092) could not be established. Broker may not be available.
[kafka-admin-client-thread | adminclient-11] INFO org.apache.kafka.clients.NetworkClient - [AdminClient clientId=adminclient-11] Node -1 disconnected.
[kafka-admin-client-thread | adminclient-11] WARN org.apache.kafka.clients.NetworkClient - [AdminClient clientId=adminclient-11] Connection to node -1 (localhost/127.0.0.1:9092) could not be established. Broker may not be available.
[kafka-admin-client-thread | adminclient-18] INFO org.apache.kafka.clients.NetworkClient - [AdminClient clientId=adminclient-18] Node -1 disconnected.
[kafka-admin-client-thread | adminclient-18] WARN org.apache.kafka.clients.NetworkClient - [AdminClient clientId=adminclient-18] Connection to node -1 (localhost/127.0.0.1:9092) could not be established. Broker may not be available.
[kafka-admin-client-thread | adminclient-10] INFO org.apache.kafka.clients.NetworkClient - [AdminClient clientId=adminclient-10] Node -1 disconnected.
[kafka-admin-client-thread | adminclient-10] WARN org.apache.kafka.clients.NetworkClient - [AdminClient clientId=adminclient-10] Connection to node -1 (localhost/127.0.0.1:9092) could not be established. Broker may not be available.
[kafka-admin-client-thread | adminclient-28] INFO org.apache.kafka.clients.NetworkClient - [AdminClient clientId=adminclient-28] Node -1 disconnected.
[kafka-admin-client-thread | adminclient-28] WARN org.apache.kafka.clients.NetworkClient - [AdminClient clientId=adminclient-28] Connection to node -1 (localhost/127.0.0.1:9092) could not be established. Broker may not be available.
[kafka-admin-client-thread | adminclient-26] INFO org.apache.kafka.clients.NetworkClient - [AdminClient clientId=adminclient-26] Node -1 disconnected.
[kafka-admin-client-thread | adminclient-26] WARN org.apache.kafka.clients.NetworkClient - [AdminClient clientId=adminclient-26] Connection to node -1 (localhost/127.0.0.1:9092) could not be established. Broker may not be available.
[kafka-admin-client-thread | adminclient-24] INFO org.apache.kafka.clients.NetworkClient - [AdminClient clientId=adminclient-24] Node -1 disconnected.
[kafka-admin-client-thread | adminclient-24] WARN org.apache.kafka.clients.NetworkClient - [AdminClient clientId=adminclient-24] Connection to node -1 (localhost/127.0.0.1:9092) could not be established. Broker may not be available.
[kafka-admin-client-thread | adminclient-22] INFO org.apache.kafka.clients.NetworkClient - [AdminClient clientId=adminclient-22] Node -1 disconnected.
[kafka-admin-client-thread | adminclient-1] INFO org.apache.kafka.clients.NetworkClient - [AdminClient clientId=adminclient-1] Node -1 disconnected.
[kafka-admin-client-thread | adminclient-22] WARN org.apache.kafka.clients.NetworkClient - [AdminClient clientId=adminclient-22] Connection to node -1 (localhost/127.0.0.1:9092) could not be established. Broker may not be available.
[kafka-admin-client-thread | adminclient-1] WARN org.apache.kafka.clients.NetworkClient - [AdminClient clientId=adminclient-1] Connection to node -1 (localhost/127.0.0.1:9092) could not be established. Broker may not be available.
[kafka-admin-client-thread | adminclient-27] INFO org.apache.kafka.clients.NetworkClient - [AdminClient clientId=adminclient-27] Node -1 disconnected.
[kafka-admin-client-thread | adminclient-27] WARN org.apache.kafka.clients.NetworkClient - [AdminClient clientId=adminclient-27] Connection to node -1 (localhost/127.0.0.1:9092) could not be established. Broker may not be available.
[kafka-admin-client-thread | adminclient-21] INFO org.apache.kafka.clients.NetworkClient - [AdminClient clientId=adminclient-21] Node -1 disconnected.
[kafka-admin-client-thread | adminclient-21] WARN org.apache.kafka.clients.NetworkClient - [AdminClient clientId=adminclient-21] Connection to node -1 (localhost/127.0.0.1:9092) could not be established. Broker may not be available.
[kafka-admin-client-thread | adminclient-8] INFO org.apache.kafka.clients.NetworkClient - [AdminClient clientId=adminclient-8] Node -1 disconnected.
[kafka-admin-client-thread | adminclient-8] WARN org.apache.kafka.clients.NetworkClient - [AdminClient clientId=adminclient-8] Connection to node -1 (localhost/127.0.0.1:9092) could not be established. Broker may not be available.
[kafka-admin-client-thread | adminclient-20] INFO org.apache.kafka.clients.NetworkClient - [AdminClient clientId=adminclient-20] Node -1 disconnected.
[kafka-admin-client-thread | adminclient-20] WARN org.apache.kafka.clients.NetworkClient - [AdminClient clientId=adminclient-20] Connection to node -1 (localhost/127.0.0.1:9092) could not be established. Broker may not be available.
[kafka-admin-client-thread | adminclient-4] INFO org.apache.kafka.clients.NetworkClient - [AdminClient clientId=adminclient-4] Node -1 disconnected.
[kafka-admin-client-thread | adminclient-4] WARN org.apache.kafka.clients.NetworkClient - [AdminClient clientId=adminclient-4] Connection to node -1 (localhost/127.0.0.1:9092) could not be established. Broker may not be available.
[kafka-admin-client-thread | adminclient-16] INFO org.apache.kafka.clients.NetworkClient - [AdminClient clientId=adminclient-16] Node -1 disconnected.
[kafka-admin-client-thread | adminclient-16] WARN org.apache.kafka.clients.NetworkClient - [AdminClient clientId=adminclient-16] Connection to node -1 (localhost/127.0.0.1:9092) could not be established. Broker may not be available.
[kafka-admin-client-thread | adminclient-9] INFO org.apache.kafka.clients.NetworkClient - [AdminClient clientId=adminclient-9] Node -1 disconnected.
[kafka-admin-client-thread | adminclient-9] WARN org.apache.kafka.clients.NetworkClient - [AdminClient clientId=adminclient-9] Connection to node -1 (localhost/127.0.0.1:9092) could not be established. Broker may not be available.
[kafka-admin-client-thread | adminclient-2] INFO org.apache.kafka.clients.NetworkClient - [AdminClient clientId=adminclient-2] Node -1 disconnected.
[kafka-admin-client-thread | adminclient-2] WARN org.apache.kafka.clients.NetworkClient - [AdminClient clientId=adminclient-2] Connection to node -1 (localhost/127.0.0.1:9092) could not be established. Broker may not be available.
[kafka-admin-client-thread | adminclient-25] INFO org.apache.kafka.clients.NetworkClient - [AdminClient clientId=adminclient-25] Node -1 disconnected.
[kafka-admin-client-thread | adminclient-25] WARN org.apache.kafka.clients.NetworkClient - [AdminClient clientId=adminclient-25] Connection to node -1 (localhost/127.0.0.1:9092) could not be established. Broker may not be available.
[kafka-admin-client-thread | adminclient-13] INFO org.apache.kafka.clients.NetworkClient - [AdminClient clientId=adminclient-13] Node -1 disconnected.
[kafka-admin-client-thread | adminclient-13] WARN org.apache.kafka.clients.NetworkClient - [AdminClient clientId=adminclient-13] Connection to node -1 (localhost/127.0.0.1:9092) could not be established. Broker may not be available.
[kafka-admin-client-thread | adminclient-15] INFO org.apache.kafka.clients.NetworkClient - [AdminClient clientId=adminclient-15] Node -1 disconnected.
[kafka-admin-client-thread | adminclient-15] WARN org.apache.kafka.clients.NetworkClient - [AdminClient clientId=adminclient-15] Connection to node -1 (localhost/127.0.0.1:9092) could not be established. Broker may not be available.
[kafka-admin-client-thread | adminclient-7] INFO org.apache.kafka.clients.NetworkClient - [AdminClient clientId=adminclient-7] Node -1 disconnected.
[kafka-admin-client-thread | adminclient-12] INFO org.apache.kafka.clients.NetworkClient - [AdminClient clientId=adminclient-12] Node -1 disconnected.
[kafka-admin-client-thread | adminclient-7] WARN org.apache.kafka.clients.NetworkClient - [AdminClient clientId=adminclient-7] Connection to node -1 (localhost/127.0.0.1:9092) could not be established. Broker may not be available.
[kafka-admin-client-thread | adminclient-12] WARN org.apache.kafka.clients.NetworkClient - [AdminClient clientId=adminclient-12] Connection to node -1 (localhost/127.0.0.1:9092) could not be established. Broker may not be available.
[kafka-admin-client-thread | adminclient-3] INFO org.apache.kafka.clients.NetworkClient - [AdminClient clientId=adminclient-3] Node -1 disconnected.
[kafka-admin-client-thread | adminclient-3] WARN org.apache.kafka.clients.NetworkClient - [AdminClient clientId=adminclient-3] Connection to node -1 (localhost/127.0.0.1:9092) could not be established. Broker may not be available.
[kafka-admin-client-thread | adminclient-14] INFO org.apache.kafka.clients.NetworkClient - [AdminClient clientId=adminclient-14] Node -1 disconnected.
[kafka-admin-client-thread | adminclient-14] WARN org.apache.kafka.clients.NetworkClient - [AdminClient clientId=adminclient-14] Connection to node -1 (localhost/127.0.0.1:9092) could not be established. Broker may not be available.
[kafka-admin-client-thread | adminclient-11] INFO org.apache.kafka.clients.NetworkClient - [AdminClient clientId=adminclient-11] Node -1 disconnected.
[kafka-admin-client-thread | adminclient-11] WARN org.apache.kafka.clients.NetworkClient - [AdminClient clientId=adminclient-11] Connection to node -1 (localhost/127.0.0.1:9092) could not be established. Broker may not be available.
[kafka-admin-client-thread | adminclient-17] INFO org.apache.kafka.clients.NetworkClient - [AdminClient clientId=adminclient-17] Node -1 disconnected.
[kafka-admin-client-thread | adminclient-19] INFO org.apache.kafka.clients.NetworkClient - [AdminClient clientId=adminclient-19] Node -1 disconnected.
[kafka-admin-client-thread | adminclient-17] WARN org.apache.kafka.clients.NetworkClient - [AdminClient clientId=adminclient-17] Connection to node -1 (localhost/127.0.0.1:9092) could not be established. Broker may not be available.
[kafka-admin-client-thread | adminclient-19] WARN org.apache.kafka.clients.NetworkClient - [AdminClient clientId=adminclient-19] Connection to node -1 (localhost/127.0.0.1:9092) could not be established. Broker may not be available.
[kafka-admin-client-thread | adminclient-1] INFO org.apache.kafka.clients.admin.internals.AdminMetadataManager - [AdminClient clientId=adminclient-1] Metadata update failed
org.apache.kafka.common.errors.TimeoutException: Timed out waiting for a node assignment. Call: fetchMetadata
[kafka-admin-client-thread | adminclient-2] INFO org.apache.kafka.clients.admin.internals.AdminMetadataManager - [AdminClient clientId=adminclient-2] Metadata update failed
org.apache.kafka.common.errors.TimeoutException: Timed out waiting for a node assignment. Call: fetchMetadata
[kafka-admin-client-thread | adminclient-18] INFO org.apache.kafka.clients.NetworkClient - [AdminClient clientId=adminclient-18] Node -1 disconnected.
[kafka-admin-client-thread | adminclient-18] WARN org.apache.kafka.clients.NetworkClient - [AdminClient clientId=adminclient-18] Connection to node -1 (localhost/127.0.0.1:9092) could not be established. Broker may not be available.
[kafka-admin-client-thread | adminclient-23] INFO org.apache.kafka.clients.NetworkClient - [AdminClient clientId=adminclient-23] Node -1 disconnected.
[kafka-admin-client-thread | adminclient-23] WARN org.apache.kafka.clients.NetworkClient - [AdminClient clientId=adminclient-23] Connection to node -1 (localhost/127.0.0.1:9092) could not be established. Broker may not be available.
[kafka-admin-client-thread | adminclient-28] INFO org.apache.kafka.clients.NetworkClient - [AdminClient clientId=adminclient-28] Node -1 disconnected.
[kafka-admin-client-thread | adminclient-28] WARN org.apache.kafka.clients.NetworkClient - [AdminClient clientId=adminclient-28] Connection to node -1 (localhost/127.0.0.1:9092) could not be established. Broker may not be available.
[kafka-admin-client-thread | adminclient-24] INFO org.apache.kafka.clients.NetworkClient - [AdminClient clientId=adminclient-24] Node -1 disconnected.
[kafka-admin-client-thread | adminclient-24] WARN org.apache.kafka.clients.NetworkClient - [AdminClient clientId=adminclient-24] Connection to node -1 (localhost/127.0.0.1:9092) could not be established. Broker may not be available.
[kafka-admin-client-thread | adminclient-3] INFO org.apache.kafka.clients.admin.internals.AdminMetadataManager - [AdminClient clientId=adminclient-3] Metadata update failed
org.apache.kafka.common.errors.TimeoutException: Timed out waiting for a node assignment. Call: fetchMetadata
[kafka-admin-client-thread | adminclient-4] INFO org.apache.kafka.clients.admin.internals.AdminMetadataManager - [AdminClient clientId=adminclient-4] Metadata update failed
org.apache.kafka.common.errors.TimeoutException: Timed out waiting for a node assignment. Call: fetchMetadata
[kafka-admin-client-thread | adminclient-10] INFO org.apache.kafka.clients.NetworkClient - [AdminClient clientId=adminclient-10] Node -1 disconnected.
[kafka-admin-client-thread | adminclient-10] WARN org.apache.kafka.clients.NetworkClient - [AdminClient clientId=adminclient-10] Connection to node -1 (localhost/127.0.0.1:9092) could not be established. Broker may not be available.
[kafka-admin-client-thread | adminclient-26] INFO org.apache.kafka.clients.NetworkClient - [AdminClient clientId=adminclient-26] Node -1 disconnected.
[kafka-admin-client-thread | adminclient-26] WARN org.apache.kafka.clients.NetworkClient - [AdminClient clientId=adminclient-26] Connection to node -1 (localhost/127.0.0.1:9092) could not be established. Broker may not be available.
[kafka-admin-client-thread | adminclient-7] INFO org.apache.kafka.clients.admin.internals.AdminMetadataManager - [AdminClient clientId=adminclient-7] Metadata update failed
org.apache.kafka.common.errors.TimeoutException: Timed out waiting for a node assignment. Call: fetchMetadata
[kafka-admin-client-thread | adminclient-8] INFO org.apache.kafka.clients.admin.internals.AdminMetadataManager - [AdminClient clientId=adminclient-8] Metadata update failed
org.apache.kafka.common.errors.TimeoutException: Timed out waiting for a node assignment. Call: fetchMetadata
[kafka-admin-client-thread | adminclient-9] INFO org.apache.kafka.clients.admin.internals.AdminMetadataManager - [AdminClient clientId=adminclient-9] Metadata update failed
org.apache.kafka.common.errors.TimeoutException: Timed out waiting for a node assignment. Call: fetchMetadata
[kafka-admin-client-thread | adminclient-10] INFO org.apache.kafka.clients.admin.internals.AdminMetadataManager - [AdminClient clientId=adminclient-10] Metadata update failed
org.apache.kafka.common.errors.TimeoutException: Timed out waiting for a node assignment. Call: fetchMetadata
[kafka-admin-client-thread | adminclient-11] INFO org.apache.kafka.clients.admin.internals.AdminMetadataManager - [AdminClient clientId=adminclient-11] Metadata update failed
org.apache.kafka.common.errors.TimeoutException: Timed out waiting for a node assignment. Call: fetchMetadata
[kafka-admin-client-thread | adminclient-12] INFO org.apache.kafka.clients.admin.internals.AdminMetadataManager - [AdminClient clientId=adminclient-12] Metadata update failed
org.apache.kafka.common.errors.TimeoutException: Timed out waiting for a node assignment. Call: fetchMetadata
[kafka-admin-client-thread | adminclient-13] INFO org.apache.kafka.clients.admin.internals.AdminMetadataManager - [AdminClient clientId=adminclient-13] Metadata update failed
org.apache.kafka.common.errors.TimeoutException: Timed out waiting for a node assignment. Call: fetchMetadata
[kafka-admin-client-thread | adminclient-14] INFO org.apache.kafka.clients.admin.internals.AdminMetadataManager - [AdminClient clientId=adminclient-14] Metadata update failed
org.apache.kafka.common.errors.TimeoutException: Timed out waiting for a node assignment. Call: fetchMetadata
[kafka-admin-client-thread | adminclient-15] INFO org.apache.kafka.clients.admin.internals.AdminMetadataManager - [AdminClient clientId=adminclient-15] Metadata update failed
org.apache.kafka.common.errors.TimeoutException: Timed out waiting for a node assignment. Call: fetchMetadata
[kafka-admin-client-thread | adminclient-16] INFO org.apache.kafka.clients.admin.internals.AdminMetadataManager - [AdminClient clientId=adminclient-16] Metadata update failed
org.apache.kafka.common.errors.TimeoutException: Timed out waiting for a node assignment. Call: fetchMetadata
[kafka-admin-client-thread | adminclient-17] INFO org.apache.kafka.clients.admin.internals.AdminMetadataManager - [AdminClient clientId=adminclient-17] Metadata update failed
org.apache.kafka.common.errors.TimeoutException: Timed out waiting for a node assignment. Call: fetchMetadata
[kafka-admin-client-thread | adminclient-18] INFO org.apache.kafka.clients.admin.internals.AdminMetadataManager - [AdminClient clientId=adminclient-18] Metadata update failed
org.apache.kafka.common.errors.TimeoutException: Timed out waiting for a node assignment. Call: fetchMetadata
[kafka-admin-client-thread | adminclient-19] INFO org.apache.kafka.clients.admin.internals.AdminMetadataManager - [AdminClient clientId=adminclient-19] Metadata update failed
org.apache.kafka.common.errors.TimeoutException: Timed out waiting for a node assignment. Call: fetchMetadata
[kafka-admin-client-thread | adminclient-20] INFO org.apache.kafka.clients.admin.internals.AdminMetadataManager - [AdminClient clientId=adminclient-20] Metadata update failed
org.apache.kafka.common.errors.TimeoutException: Timed out waiting for a node assignment. Call: fetchMetadata
[kafka-admin-client-thread | adminclient-21] INFO org.apache.kafka.clients.admin.internals.AdminMetadataManager - [AdminClient clientId=adminclient-21] Metadata update failed
org.apache.kafka.common.errors.TimeoutException: Timed out waiting for a node assignment. Call: fetchMetadata
[kafka-admin-client-thread | adminclient-21] INFO org.apache.kafka.clients.NetworkClient - [AdminClient clientId=adminclient-21] Node -1 disconnected.
[kafka-admin-client-thread | adminclient-21] WARN org.apache.kafka.clients.NetworkClient - [AdminClient clientId=adminclient-21] Connection to node -1 (localhost/127.0.0.1:9092) could not be established. Broker may not be available.
[kafka-admin-client-thread | adminclient-22] INFO org.apache.kafka.clients.admin.internals.AdminMetadataManager - [AdminClient clientId=adminclient-22] Metadata update failed
org.apache.kafka.common.errors.TimeoutException: Timed out waiting for a node assignment. Call: fetchMetadata
[kafka-admin-client-thread | adminclient-23] INFO org.apache.kafka.clients.admin.internals.AdminMetadataManager - [AdminClient clientId=adminclient-23] Metadata update failed
org.apache.kafka.common.errors.TimeoutException: Timed out waiting for a node assignment. Call: fetchMetadata
[kafka-admin-client-thread | adminclient-24] INFO org.apache.kafka.clients.admin.internals.AdminMetadataManager - [AdminClient clientId=adminclient-24] Metadata update failed
org.apache.kafka.common.errors.TimeoutException: Timed out waiting for a node assignment. Call: fetchMetadata
[kafka-admin-client-thread | adminclient-25] INFO org.apache.kafka.clients.admin.internals.AdminMetadataManager - [AdminClient clientId=adminclient-25] Metadata update failed
org.apache.kafka.common.errors.TimeoutException: Timed out waiting for a node assignment. Call: fetchMetadata
[kafka-admin-client-thread | adminclient-26] INFO org.apache.kafka.clients.admin.internals.AdminMetadataManager - [AdminClient clientId=adminclient-26] Metadata update failed
org.apache.kafka.common.errors.TimeoutException: Timed out waiting for a node assignment. Call: fetchMetadata
[kafka-admin-client-thread | adminclient-27] INFO org.apache.kafka.clients.NetworkClient - [AdminClient clientId=adminclient-27] Node -1 disconnected.
[kafka-admin-client-thread | adminclient-27] WARN org.apache.kafka.clients.NetworkClient - [AdminClient clientId=adminclient-27] Connection to node -1 (localhost/127.0.0.1:9092) could not be established. Broker may not be available.
[kafka-admin-client-thread | adminclient-27] INFO org.apache.kafka.clients.admin.internals.AdminMetadataManager - [AdminClient clientId=adminclient-27] Metadata update failed
org.apache.kafka.common.errors.TimeoutException: Timed out waiting for a node assignment. Call: fetchMetadata
[kafka-admin-client-thread | adminclient-28] INFO org.apache.kafka.clients.admin.internals.AdminMetadataManager - [AdminClient clientId=adminclient-28] Metadata update failed
org.apache.kafka.common.errors.TimeoutException: Timed out waiting for a node assignment. Call: fetchMetadata
[kafka-admin-client-thread | adminclient-16] INFO org.apache.kafka.clients.NetworkClient - [AdminClient clientId=adminclient-16] Node -1 disconnected.
[kafka-admin-client-thread | adminclient-16] WARN org.apache.kafka.clients.NetworkClient - [AdminClient clientId=adminclient-16] Connection to node -1 (localhost/127.0.0.1:9092) could not be established. Broker may not be available.
[kafka-admin-client-thread | adminclient-20] INFO org.apache.kafka.clients.NetworkClient - [AdminClient clientId=adminclient-20] Node -1 disconnected.
[kafka-admin-client-thread | adminclient-20] WARN org.apache.kafka.clients.NetworkClient - [AdminClient clientId=adminclient-20] Connection to node -1 (localhost/127.0.0.1:9092) could not be established. Broker may not be available.
[kafka-admin-client-thread | adminclient-22] INFO org.apache.kafka.clients.NetworkClient - [AdminClient clientId=adminclient-22] Node -1 disconnected.
[kafka-admin-client-thread | adminclient-22] WARN org.apache.kafka.clients.NetworkClient - [AdminClient clientId=adminclient-22] Connection to node -1 (localhost/127.0.0.1:9092) could not be established. Broker may not be available.
[kafka-admin-client-thread | adminclient-1] INFO org.apache.kafka.clients.NetworkClient - [AdminClient clientId=adminclient-1] Node -1 disconnected.
[kafka-admin-client-thread | adminclient-8] INFO org.apache.kafka.clients.NetworkClient - [AdminClient clientId=adminclient-8] Node -1 disconnected.
[kafka-admin-client-thread | adminclient-1] WARN org.apache.kafka.clients.NetworkClient - [AdminClient clientId=adminclient-1] Connection to node -1 (localhost/127.0.0.1:9092) could not be established. Broker may not be available.
[kafka-admin-client-thread | adminclient-8] WARN org.apache.kafka.clients.NetworkClient - [AdminClient clientId=adminclient-8] Connection to node -1 (localhost/127.0.0.1:9092) could not be established. Broker may not be available.
[kafka-admin-client-thread | adminclient-25] INFO org.apache.kafka.clients.NetworkClient - [AdminClient clientId=adminclient-25] Node -1 disconnected.
[kafka-admin-client-thread | adminclient-25] WARN org.apache.kafka.clients.NetworkClient - [AdminClient clientId=adminclient-25] Connection to node -1 (localhost/127.0.0.1:9092) could not be established. Broker may not be available.
[kafka-admin-client-thread | adminclient-4] INFO org.apache.kafka.clients.NetworkClient - [AdminClient clientId=adminclient-4] Node -1 disconnected.
[kafka-admin-client-thread | adminclient-4] WARN org.apache.kafka.clients.NetworkClient - [AdminClient clientId=adminclient-4] Connection to node -1 (localhost/127.0.0.1:9092) could not be established. Broker may not be available.
[kafka-admin-client-thread | adminclient-12] INFO org.apache.kafka.clients.NetworkClient - [AdminClient clientId=adminclient-12] Node -1 disconnected.
[kafka-admin-client-thread | adminclient-12] WARN org.apache.kafka.clients.NetworkClient - [AdminClient clientId=adminclient-12] Connection to node -1 (localhost/127.0.0.1:9092) could not be established. Broker may not be available.
[kafka-admin-client-thread | adminclient-13] INFO org.apache.kafka.clients.NetworkClient - [AdminClient clientId=adminclient-13] Node -1 disconnected.
[kafka-admin-client-thread | adminclient-13] WARN org.apache.kafka.clients.NetworkClient - [AdminClient clientId=adminclient-13] Connection to node -1 (localhost/127.0.0.1:9092) could not be established. Broker may not be available.
[kafka-admin-client-thread | adminclient-7] INFO org.apache.kafka.clients.NetworkClient - [AdminClient clientId=adminclient-7] Node -1 disconnected.
[kafka-admin-client-thread | adminclient-7] WARN org.apache.kafka.clients.NetworkClient - [AdminClient clientId=adminclient-7] Connection to node -1 (localhost/127.0.0.1:9092) could not be established. Broker may not be available.
[kafka-admin-client-thread | adminclient-2] INFO org.apache.kafka.clients.NetworkClient - [AdminClient clientId=adminclient-2] Node -1 disconnected.
[kafka-admin-client-thread | adminclient-2] WARN org.apache.kafka.clients.NetworkClient - [AdminClient clientId=adminclient-2] Connection to node -1 (localhost/127.0.0.1:9092) could not be established. Broker may not be available.
[kafka-admin-client-thread | adminclient-9] INFO org.apache.kafka.clients.NetworkClient - [AdminClient clientId=adminclient-9] Node -1 disconnected.
[kafka-admin-client-thread | adminclient-9] WARN org.apache.kafka.clients.NetworkClient - [AdminClient clientId=adminclient-9] Connection to node -1 (localhost/127.0.0.1:9092) could not be established. Broker may not be available.
[kafka-admin-client-thread | adminclient-3] INFO org.apache.kafka.clients.NetworkClient - [AdminClient clientId=adminclient-3] Node -1 disconnected.
[kafka-admin-client-thread | adminclient-3] WARN org.apache.kafka.clients.NetworkClient - [AdminClient clientId=adminclient-3] Connection to node -1 (localhost/127.0.0.1:9092) could not be established. Broker may not be available.
[kafka-admin-client-thread | adminclient-15] INFO org.apache.kafka.clients.NetworkClient - [AdminClient clientId=adminclient-15] Node -1 disconnected.
[kafka-admin-client-thread | adminclient-15] WARN org.apache.kafka.clients.NetworkClient - [AdminClient clientId=adminclient-15] Connection to node -1 (localhost/127.0.0.1:9092) could not be established. Broker may not be available.
[kafka-admin-client-thread | adminclient-17] INFO org.apache.kafka.clients.NetworkClient - [AdminClient clientId=adminclient-17] Node -1 disconnected.
[kafka-admin-client-thread | adminclient-17] WARN org.apache.kafka.clients.NetworkClient - [AdminClient clientId=adminclient-17] Connection to node -1 (localhost/127.0.0.1:9092) could not be established. Broker may not be available.
[kafka-admin-client-thread | adminclient-14] INFO org.apache.kafka.clients.NetworkClient - [AdminClient clientId=adminclient-14] Node -1 disconnected.
[kafka-admin-client-thread | adminclient-14] WARN org.apache.kafka.clients.NetworkClient - [AdminClient clientId=adminclient-14] Connection to node -1 (localhost/127.0.0.1:9092) could not be established. Broker may not be available.
[kafka-admin-client-thread | adminclient-18] INFO org.apache.kafka.clients.NetworkClient - [AdminClient clientId=adminclient-18] Node -1 disconnected.
[kafka-admin-client-thread | adminclient-18] WARN org.apache.kafka.clients.NetworkClient - [AdminClient clientId=adminclient-18] Connection to node -1 (localhost/127.0.0.1:9092) could not be established. Broker may not be available.
[kafka-admin-client-thread | adminclient-11] INFO org.apache.kafka.clients.NetworkClient - [AdminClient clientId=adminclient-11] Node -1 disconnected.
[kafka-admin-client-thread | adminclient-11] WARN org.apache.kafka.clients.NetworkClient - [AdminClient clientId=adminclient-11] Connection to node -1 (localhost/127.0.0.1:9092) could not be established. Broker may not be available.
[kafka-admin-client-thread | adminclient-10] INFO org.apache.kafka.clients.NetworkClient - [AdminClient clientId=adminclient-10] Node -1 disconnected.
[kafka-admin-client-thread | adminclient-10] WARN org.apache.kafka.clients.NetworkClient - [AdminClient clientId=adminclient-10] Connection to node -1 (localhost/127.0.0.1:9092) could not be established. Broker may not be available.
[kafka-admin-client-thread | adminclient-28] INFO org.apache.kafka.clients.NetworkClient - [AdminClient clientId=adminclient-28] Node -1 disconnected.
[kafka-admin-client-thread | adminclient-28] WARN org.apache.kafka.clients.NetworkClient - [AdminClient clientId=adminclient-28] Connection to node -1 (localhost/127.0.0.1:9092) could not be established. Broker may not be available.
[kafka-admin-client-thread | adminclient-19] INFO org.apache.kafka.clients.NetworkClient - [AdminClient clientId=adminclient-19] Node -1 disconnected.
[kafka-admin-client-thread | adminclient-19] WARN org.apache.kafka.clients.NetworkClient - [AdminClient clientId=adminclient-19] Connection to node -1 (localhost/127.0.0.1:9092) could not be established. Broker may not be available.
[kafka-admin-client-thread | adminclient-23] INFO org.apache.kafka.clients.NetworkClient - [AdminClient clientId=adminclient-23] Node -1 disconnected.
[kafka-admin-client-thread | adminclient-23] WARN org.apache.kafka.clients.NetworkClient - [AdminClient clientId=adminclient-23] Connection to node -1 (localhost/127.0.0.1:9092) could not be established. Broker may not be available.
[kafka-admin-client-thread | adminclient-24] INFO org.apache.kafka.clients.NetworkClient - [AdminClient clientId=adminclient-24] Node -1 disconnected.
[kafka-admin-client-thread | adminclient-24] WARN org.apache.kafka.clients.NetworkClient - [AdminClient clientId=adminclient-24] Connection to node -1 (localhost/127.0.0.1:9092) could not be established. Broker may not be available.
[kafka-admin-client-thread | adminclient-26] INFO org.apache.kafka.clients.NetworkClient - [AdminClient clientId=adminclient-26] Node -1 disconnected.
[kafka-admin-client-thread | adminclient-26] WARN org.apache.kafka.clients.NetworkClient - [AdminClient clientId=adminclient-26] Connection to node -1 (localhost/127.0.0.1:9092) could not be established. Broker may not be available.
[kafka-admin-client-thread | adminclient-27] INFO org.apache.kafka.clients.NetworkClient - [AdminClient clientId=adminclient-27] Node -1 disconnected.
[kafka-admin-client-thread | adminclient-27] WARN org.apache.kafka.clients.NetworkClient - [AdminClient clientId=adminclient-27] Connection to node -1 (localhost/127.0.0.1:9092) could not be established. Broker may not be available.
[kafka-admin-client-thread | adminclient-8] INFO org.apache.kafka.clients.NetworkClient - [AdminClient clientId=adminclient-8] Node -1 disconnected.
[kafka-admin-client-thread | adminclient-8] WARN org.apache.kafka.clients.NetworkClient - [AdminClient clientId=adminclient-8] Connection to node -1 (localhost/127.0.0.1:9092) could not be established. Broker may not be available.
[kafka-admin-client-thread | adminclient-21] INFO org.apache.kafka.clients.NetworkClient - [AdminClient clientId=adminclient-21] Node -1 disconnected.
[kafka-admin-client-thread | adminclient-22] INFO org.apache.kafka.clients.NetworkClient - [AdminClient clientId=adminclient-22] Node -1 disconnected.
[kafka-admin-client-thread | adminclient-21] WARN org.apache.kafka.clients.NetworkClient - [AdminClient clientId=adminclient-21] Connection to node -1 (localhost/127.0.0.1:9092) could not be established. Broker may not be available.
[kafka-admin-client-thread | adminclient-22] WARN org.apache.kafka.clients.NetworkClient - [AdminClient clientId=adminclient-22] Connection to node -1 (localhost/127.0.0.1:9092) could not be established. Broker may not be available.
[kafka-admin-client-thread | adminclient-4] INFO org.apache.kafka.clients.NetworkClient - [AdminClient clientId=adminclient-4] Node -1 disconnected.
[kafka-admin-client-thread | adminclient-4] WARN org.apache.kafka.clients.NetworkClient - [AdminClient clientId=adminclient-4] Connection to node -1 (localhost/127.0.0.1:9092) could not be established. Broker may not be available.
[kafka-admin-client-thread | adminclient-1] INFO org.apache.kafka.clients.NetworkClient - [AdminClient clientId=adminclient-1] Node -1 disconnected.
[kafka-admin-client-thread | adminclient-1] WARN org.apache.kafka.clients.NetworkClient - [AdminClient clientId=adminclient-1] Connection to node -1 (localhost/127.0.0.1:9092) could not be established. Broker may not be available.
[kafka-admin-client-thread | adminclient-16] INFO org.apache.kafka.clients.NetworkClient - [AdminClient clientId=adminclient-16] Node -1 disconnected.
[kafka-admin-client-thread | adminclient-16] WARN org.apache.kafka.clients.NetworkClient - [AdminClient clientId=adminclient-16] Connection to node -1 (localhost/127.0.0.1:9092) could not be established. Broker may not be available.
[kafka-admin-client-thread | adminclient-20] INFO org.apache.kafka.clients.NetworkClient - [AdminClient clientId=adminclient-20] Node -1 disconnected.
[kafka-admin-client-thread | adminclient-20] WARN org.apache.kafka.clients.NetworkClient - [AdminClient clientId=adminclient-20] Connection to node -1 (localhost/127.0.0.1:9092) could not be established. Broker may not be available.
[kafka-admin-client-thread | adminclient-2] INFO org.apache.kafka.clients.NetworkClient - [AdminClient clientId=adminclient-2] Node -1 disconnected.
[kafka-admin-client-thread | adminclient-2] WARN org.apache.kafka.clients.NetworkClient - [AdminClient clientId=adminclient-2] Connection to node -1 (localhost/127.0.0.1:9092) could not be established. Broker may not be available.
[kafka-admin-client-thread | adminclient-25] INFO org.apache.kafka.clients.NetworkClient - [AdminClient clientId=adminclient-25] Node -1 disconnected.
[kafka-admin-client-thread | adminclient-25] WARN org.apache.kafka.clients.NetworkClient - [AdminClient clientId=adminclient-25] Connection to node -1 (localhost/127.0.0.1:9092) could not be established. Broker may not be available.
[kafka-admin-client-thread | adminclient-12] INFO org.apache.kafka.clients.NetworkClient - [AdminClient clientId=adminclient-12] Node -1 disconnected.
[kafka-admin-client-thread | adminclient-12] WARN org.apache.kafka.clients.NetworkClient - [AdminClient clientId=adminclient-12] Connection to node -1 (localhost/127.0.0.1:9092) could not be established. Broker may not be available.
[kafka-admin-client-thread | adminclient-13] INFO org.apache.kafka.clients.NetworkClient - [AdminClient clientId=adminclient-13] Node -1 disconnected.
[kafka-admin-client-thread | adminclient-13] WARN org.apache.kafka.clients.NetworkClient - [AdminClient clientId=adminclient-13] Connection to node -1 (localhost/127.0.0.1:9092) could not be established. Broker may not be available.
[kafka-admin-client-thread | adminclient-17] INFO org.apache.kafka.clients.NetworkClient - [AdminClient clientId=adminclient-17] Node -1 disconnected.
[kafka-admin-client-thread | adminclient-17] WARN org.apache.kafka.clients.NetworkClient - [AdminClient clientId=adminclient-17] Connection to node -1 (localhost/127.0.0.1:9092) could not be established. Broker may not be available.
[kafka-admin-client-thread | adminclient-9] INFO org.apache.kafka.clients.NetworkClient - [AdminClient clientId=adminclient-9] Node -1 disconnected.
[kafka-admin-client-thread | adminclient-9] WARN org.apache.kafka.clients.NetworkClient - [AdminClient clientId=adminclient-9] Connection to node -1 (localhost/127.0.0.1:9092) could not be established. Broker may not be available.
[kafka-admin-client-thread | adminclient-14] INFO org.apache.kafka.clients.NetworkClient - [AdminClient clientId=adminclient-14] Node -1 disconnected.
[kafka-admin-client-thread | adminclient-14] WARN org.apache.kafka.clients.NetworkClient - [AdminClient clientId=adminclient-14] Connection to node -1 (localhost/127.0.0.1:9092) could not be established. Broker may not be available.
[kafka-admin-client-thread | adminclient-15] INFO org.apache.kafka.clients.NetworkClient - [AdminClient clientId=adminclient-15] Node -1 disconnected.
[kafka-admin-client-thread | adminclient-15] WARN org.apache.kafka.clients.NetworkClient - [AdminClient clientId=adminclient-15] Connection to node -1 (localhost/127.0.0.1:9092) could not be established. Broker may not be available.
[kafka-admin-client-thread | adminclient-3] INFO org.apache.kafka.clients.NetworkClient - [AdminClient clientId=adminclient-3] Node -1 disconnected.
[kafka-admin-client-thread | adminclient-3] WARN org.apache.kafka.clients.NetworkClient - [AdminClient clientId=adminclient-3] Connection to node -1 (localhost/127.0.0.1:9092) could not be established. Broker may not be available.
[kafka-admin-client-thread | adminclient-7] INFO org.apache.kafka.clients.NetworkClient - [AdminClient clientId=adminclient-7] Node -1 disconnected.
[kafka-admin-client-thread | adminclient-7] WARN org.apache.kafka.clients.NetworkClient - [AdminClient clientId=adminclient-7] Connection to node -1 (localhost/127.0.0.1:9092) could not be established. Broker may not be available.
[kafka-admin-client-thread | adminclient-18] INFO org.apache.kafka.clients.NetworkClient - [AdminClient clientId=adminclient-18] Node -1 disconnected.
[kafka-admin-client-thread | adminclient-18] WARN org.apache.kafka.clients.NetworkClient - [AdminClient clientId=adminclient-18] Connection to node -1 (localhost/127.0.0.1:9092) could not be established. Broker may not be available.
[kafka-admin-client-thread | adminclient-10] INFO org.apache.kafka.clients.NetworkClient - [AdminClient clientId=adminclient-10] Node -1 disconnected.
[kafka-admin-client-thread | adminclient-10] WARN org.apache.kafka.clients.NetworkClient - [AdminClient clientId=adminclient-10] Connection to node -1 (localhost/127.0.0.1:9092) could not be established. Broker may not be available.
[kafka-admin-client-thread | adminclient-11] INFO org.apache.kafka.clients.NetworkClient - [AdminClient clientId=adminclient-11] Node -1 disconnected.
[kafka-admin-client-thread | adminclient-11] WARN org.apache.kafka.clients.NetworkClient - [AdminClient clientId=adminclient-11] Connection to node -1 (localhost/127.0.0.1:9092) could not be established. Broker may not be available.
[kafka-admin-client-thread | adminclient-19] INFO org.apache.kafka.clients.NetworkClient - [AdminClient clientId=adminclient-19] Node -1 disconnected.
[kafka-admin-client-thread | adminclient-19] WARN org.apache.kafka.clients.NetworkClient - [AdminClient clientId=adminclient-19] Connection to node -1 (localhost/127.0.0.1:9092) could not be established. Broker may not be available.
[kafka-admin-client-thread | adminclient-28] INFO org.apache.kafka.clients.NetworkClient - [AdminClient clientId=adminclient-28] Node -1 disconnected.
[kafka-admin-client-thread | adminclient-28] WARN org.apache.kafka.clients.NetworkClient - [AdminClient clientId=adminclient-28] Connection to node -1 (localhost/127.0.0.1:9092) could not be established. Broker may not be available.
[kafka-admin-client-thread | adminclient-23] INFO org.apache.kafka.clients.NetworkClient - [AdminClient clientId=adminclient-23] Node -1 disconnected.
[kafka-admin-client-thread | adminclient-23] WARN org.apache.kafka.clients.NetworkClient - [AdminClient clientId=adminclient-23] Connection to node -1 (localhost/127.0.0.1:9092) could not be established. Broker may not be available.
[kafka-admin-client-thread | adminclient-26] INFO org.apache.kafka.clients.NetworkClient - [AdminClient clientId=adminclient-26] Node -1 disconnected.
[kafka-admin-client-thread | adminclient-26] WARN org.apache.kafka.clients.NetworkClient - [AdminClient clientId=adminclient-26] Connection to node -1 (localhost/127.0.0.1:9092) could not be established. Broker may not be available.
[kafka-admin-client-thread | adminclient-27] INFO org.apache.kafka.clients.NetworkClient - [AdminClient clientId=adminclient-27] Node -1 disconnected.
[kafka-admin-client-thread | adminclient-27] WARN org.apache.kafka.clients.NetworkClient - [AdminClient clientId=adminclient-27] Connection to node -1 (localhost/127.0.0.1:9092) could not be established. Broker may not be available.
[kafka-admin-client-thread | adminclient-20] INFO org.apache.kafka.clients.NetworkClient - [AdminClient clientId=adminclient-20] Node -1 disconnected.
[kafka-admin-client-thread | adminclient-20] WARN org.apache.kafka.clients.NetworkClient - [AdminClient clientId=adminclient-20] Connection to node -1 (localhost/127.0.0.1:9092) could not be established. Broker may not be available.
[kafka-admin-client-thread | adminclient-24] INFO org.apache.kafka.clients.NetworkClient - [AdminClient clientId=adminclient-24] Node -1 disconnected.
[kafka-admin-client-thread | adminclient-24] WARN org.apache.kafka.clients.NetworkClient - [AdminClient clientId=adminclient-24] Connection to node -1 (localhost/127.0.0.1:9092) could not be established. Broker may not be available.
[kafka-admin-client-thread | adminclient-8] INFO org.apache.kafka.clients.NetworkClient - [AdminClient clientId=adminclient-8] Node -1 disconnected.
[kafka-admin-client-thread | adminclient-8] WARN org.apache.kafka.clients.NetworkClient - [AdminClient clientId=adminclient-8] Connection to node -1 (localhost/127.0.0.1:9092) could not be established. Broker may not be available.
[kafka-admin-client-thread | adminclient-25] INFO org.apache.kafka.clients.NetworkClient - [AdminClient clientId=adminclient-25] Node -1 disconnected.
[kafka-admin-client-thread | adminclient-25] WARN org.apache.kafka.clients.NetworkClient - [AdminClient clientId=adminclient-25] Connection to node -1 (localhost/127.0.0.1:9092) could not be established. Broker may not be available.
[kafka-admin-client-thread | adminclient-4] INFO org.apache.kafka.clients.NetworkClient - [AdminClient clientId=adminclient-4] Node -1 disconnected.
[kafka-admin-client-thread | adminclient-4] WARN org.apache.kafka.clients.NetworkClient - [AdminClient clientId=adminclient-4] Connection to node -1 (localhost/127.0.0.1:9092) could not be established. Broker may not be available.
[kafka-admin-client-thread | adminclient-15] INFO org.apache.kafka.clients.NetworkClient - [AdminClient clientId=adminclient-15] Node -1 disconnected.
[kafka-admin-client-thread | adminclient-15] WARN org.apache.kafka.clients.NetworkClient - [AdminClient clientId=adminclient-15] Connection to node -1 (localhost/127.0.0.1:9092) could not be established. Broker may not be available.
[kafka-admin-client-thread | adminclient-17] INFO org.apache.kafka.clients.NetworkClient - [AdminClient clientId=adminclient-17] Node -1 disconnected.
[kafka-admin-client-thread | adminclient-2] INFO org.apache.kafka.clients.NetworkClient - [AdminClient clientId=adminclient-2] Node -1 disconnected.
[kafka-admin-client-thread | adminclient-2] WARN org.apache.kafka.clients.NetworkClient - [AdminClient clientId=adminclient-2] Connection to node -1 (localhost/127.0.0.1:9092) could not be established. Broker may not be available.
[kafka-admin-client-thread | adminclient-17] WARN org.apache.kafka.clients.NetworkClient - [AdminClient clientId=adminclient-17] Connection to node -1 (localhost/127.0.0.1:9092) could not be established. Broker may not be available.
[kafka-admin-client-thread | adminclient-22] INFO org.apache.kafka.clients.NetworkClient - [AdminClient clientId=adminclient-22] Node -1 disconnected.
[kafka-admin-client-thread | adminclient-22] WARN org.apache.kafka.clients.NetworkClient - [AdminClient clientId=adminclient-22] Connection to node -1 (localhost/127.0.0.1:9092) could not be established. Broker may not be available.
[kafka-admin-client-thread | adminclient-21] INFO org.apache.kafka.clients.NetworkClient - [AdminClient clientId=adminclient-21] Node -1 disconnected.
[kafka-admin-client-thread | adminclient-21] WARN org.apache.kafka.clients.NetworkClient - [AdminClient clientId=adminclient-21] Connection to node -1 (localhost/127.0.0.1:9092) could not be established. Broker may not be available.
[kafka-admin-client-thread | adminclient-14] INFO org.apache.kafka.clients.NetworkClient - [AdminClient clientId=adminclient-14] Node -1 disconnected.
[kafka-admin-client-thread | adminclient-14] WARN org.apache.kafka.clients.NetworkClient - [AdminClient clientId=adminclient-14] Connection to node -1 (localhost/127.0.0.1:9092) could not be established. Broker may not be available.
[kafka-admin-client-thread | adminclient-1] INFO org.apache.kafka.clients.NetworkClient - [AdminClient clientId=adminclient-1] Node -1 disconnected.
[kafka-admin-client-thread | adminclient-1] WARN org.apache.kafka.clients.NetworkClient - [AdminClient clientId=adminclient-1] Connection to node -1 (localhost/127.0.0.1:9092) could not be established. Broker may not be available.
[kafka-admin-client-thread | adminclient-16] INFO org.apache.kafka.clients.NetworkClient - [AdminClient clientId=adminclient-16] Node -1 disconnected.
[kafka-admin-client-thread | adminclient-16] WARN org.apache.kafka.clients.NetworkClient - [AdminClient clientId=adminclient-16] Connection to node -1 (localhost/127.0.0.1:9092) could not be established. Broker may not be available.
[kafka-admin-client-thread | adminclient-9] INFO org.apache.kafka.clients.NetworkClient - [AdminClient clientId=adminclient-9] Node -1 disconnected.
[kafka-admin-client-thread | adminclient-9] WARN org.apache.kafka.clients.NetworkClient - [AdminClient clientId=adminclient-9] Connection to node -1 (localhost/127.0.0.1:9092) could not be established. Broker may not be available.
[kafka-admin-client-thread | adminclient-3] INFO org.apache.kafka.clients.NetworkClient - [AdminClient clientId=adminclient-3] Node -1 disconnected.
[kafka-admin-client-thread | adminclient-3] WARN org.apache.kafka.clients.NetworkClient - [AdminClient clientId=adminclient-3] Connection to node -1 (localhost/127.0.0.1:9092) could not be established. Broker may not be available.
[kafka-admin-client-thread | adminclient-12] INFO org.apache.kafka.clients.NetworkClient - [AdminClient clientId=adminclient-12] Node -1 disconnected.
[kafka-admin-client-thread | adminclient-12] WARN org.apache.kafka.clients.NetworkClient - [AdminClient clientId=adminclient-12] Connection to node -1 (localhost/127.0.0.1:9092) could not be established. Broker may not be available.
[kafka-admin-client-thread | adminclient-13] INFO org.apache.kafka.clients.NetworkClient - [AdminClient clientId=adminclient-13] Node -1 disconnected.
[kafka-admin-client-thread | adminclient-13] WARN org.apache.kafka.clients.NetworkClient - [AdminClient clientId=adminclient-13] Connection to node -1 (localhost/127.0.0.1:9092) could not be established. Broker may not be available.
[kafka-admin-client-thread | adminclient-18] INFO org.apache.kafka.clients.NetworkClient - [AdminClient clientId=adminclient-18] Node -1 disconnected.
[kafka-admin-client-thread | adminclient-18] WARN org.apache.kafka.clients.NetworkClient - [AdminClient clientId=adminclient-18] Connection to node -1 (localhost/127.0.0.1:9092) could not be established. Broker may not be available.
[kafka-admin-client-thread | adminclient-28] INFO org.apache.kafka.clients.NetworkClient - [AdminClient clientId=adminclient-28] Node -1 disconnected.
[kafka-admin-client-thread | adminclient-28] WARN org.apache.kafka.clients.NetworkClient - [AdminClient clientId=adminclient-28] Connection to node -1 (localhost/127.0.0.1:9092) could not be established. Broker may not be available.
[kafka-admin-client-thread | adminclient-7] INFO org.apache.kafka.clients.NetworkClient - [AdminClient clientId=adminclient-7] Node -1 disconnected.
[kafka-admin-client-thread | adminclient-7] WARN org.apache.kafka.clients.NetworkClient - [AdminClient clientId=adminclient-7] Connection to node -1 (localhost/127.0.0.1:9092) could not be established. Broker may not be available.
[kafka-admin-client-thread | adminclient-10] INFO org.apache.kafka.clients.NetworkClient - [AdminClient clientId=adminclient-10] Node -1 disconnected.
[kafka-admin-client-thread | adminclient-10] WARN org.apache.kafka.clients.NetworkClient - [AdminClient clientId=adminclient-10] Connection to node -1 (localhost/127.0.0.1:9092) could not be established. Broker may not be available.
[kafka-admin-client-thread | adminclient-23] INFO org.apache.kafka.clients.NetworkClient - [AdminClient clientId=adminclient-23] Node -1 disconnected.
[kafka-admin-client-thread | adminclient-23] WARN org.apache.kafka.clients.NetworkClient - [AdminClient clientId=adminclient-23] Connection to node -1 (localhost/127.0.0.1:9092) could not be established. Broker may not be available.
[kafka-admin-client-thread | adminclient-26] INFO org.apache.kafka.clients.NetworkClient - [AdminClient clientId=adminclient-26] Node -1 disconnected.
[kafka-admin-client-thread | adminclient-26] WARN org.apache.kafka.clients.NetworkClient - [AdminClient clientId=adminclient-26] Connection to node -1 (localhost/127.0.0.1:9092) could not be established. Broker may not be available.
[kafka-admin-client-thread | adminclient-11] INFO org.apache.kafka.clients.NetworkClient - [AdminClient clientId=adminclient-11] Node -1 disconnected.
[kafka-admin-client-thread | adminclient-11] WARN org.apache.kafka.clients.NetworkClient - [AdminClient clientId=adminclient-11] Connection to node -1 (localhost/127.0.0.1:9092) could not be established. Broker may not be available.
[kafka-admin-client-thread | adminclient-19] INFO org.apache.kafka.clients.NetworkClient - [AdminClient clientId=adminclient-19] Node -1 disconnected.
[kafka-admin-client-thread | adminclient-19] WARN org.apache.kafka.clients.NetworkClient - [AdminClient clientId=adminclient-19] Connection to node -1 (localhost/127.0.0.1:9092) could not be established. Broker may not be available.
[kafka-admin-client-thread | adminclient-20] INFO org.apache.kafka.clients.NetworkClient - [AdminClient clientId=adminclient-20] Node -1 disconnected.
[kafka-admin-client-thread | adminclient-20] WARN org.apache.kafka.clients.NetworkClient - [AdminClient clientId=adminclient-20] Connection to node -1 (localhost/127.0.0.1:9092) could not be established. Broker may not be available.
[kafka-admin-client-thread | adminclient-24] INFO org.apache.kafka.clients.NetworkClient - [AdminClient clientId=adminclient-24] Node -1 disconnected.
[kafka-admin-client-thread | adminclient-24] WARN org.apache.kafka.clients.NetworkClient - [AdminClient clientId=adminclient-24] Connection to node -1 (localhost/127.0.0.1:9092) could not be established. Broker may not be available.
[kafka-admin-client-thread | adminclient-27] INFO org.apache.kafka.clients.NetworkClient - [AdminClient clientId=adminclient-27] Node -1 disconnected.
[kafka-admin-client-thread | adminclient-8] INFO org.apache.kafka.clients.NetworkClient - [AdminClient clientId=adminclient-8] Node -1 disconnected.
[kafka-admin-client-thread | adminclient-27] WARN org.apache.kafka.clients.NetworkClient - [AdminClient clientId=adminclient-27] Connection to node -1 (localhost/127.0.0.1:9092) could not be established. Broker may not be available.
[kafka-admin-client-thread | adminclient-8] WARN org.apache.kafka.clients.NetworkClient - [AdminClient clientId=adminclient-8] Connection to node -1 (localhost/127.0.0.1:9092) could not be established. Broker may not be available.
[kafka-admin-client-thread | adminclient-1] INFO org.apache.kafka.clients.NetworkClient - [AdminClient clientId=adminclient-1] Node -1 disconnected.
[kafka-admin-client-thread | adminclient-1] WARN org.apache.kafka.clients.NetworkClient - [AdminClient clientId=adminclient-1] Connection to node -1 (localhost/127.0.0.1:9092) could not be established. Broker may not be available.
[kafka-admin-client-thread | adminclient-2] INFO org.apache.kafka.clients.NetworkClient - [AdminClient clientId=adminclient-2] Node -1 disconnected.
[kafka-admin-client-thread | adminclient-2] WARN org.apache.kafka.clients.NetworkClient - [AdminClient clientId=adminclient-2] Connection to node -1 (localhost/127.0.0.1:9092) could not be established. Broker may not be available.
[kafka-admin-client-thread | adminclient-21] INFO org.apache.kafka.clients.NetworkClient - [AdminClient clientId=adminclient-21] Node -1 disconnected.
[kafka-admin-client-thread | adminclient-22] INFO org.apache.kafka.clients.NetworkClient - [AdminClient clientId=adminclient-22] Node -1 disconnected.
[kafka-admin-client-thread | adminclient-21] WARN org.apache.kafka.clients.NetworkClient - [AdminClient clientId=adminclient-21] Connection to node -1 (localhost/127.0.0.1:9092) could not be established. Broker may not be available.
[kafka-admin-client-thread | adminclient-22] WARN org.apache.kafka.clients.NetworkClient - [AdminClient clientId=adminclient-22] Connection to node -1 (localhost/127.0.0.1:9092) could not be established. Broker may not be available.
[kafka-admin-client-thread | adminclient-9] INFO org.apache.kafka.clients.NetworkClient - [AdminClient clientId=adminclient-9] Node -1 disconnected.
[kafka-admin-client-thread | adminclient-9] WARN org.apache.kafka.clients.NetworkClient - [AdminClient clientId=adminclient-9] Connection to node -1 (localhost/127.0.0.1:9092) could not be established. Broker may not be available.
[kafka-admin-client-thread | adminclient-3] INFO org.apache.kafka.clients.NetworkClient - [AdminClient clientId=adminclient-3] Node -1 disconnected.
[kafka-admin-client-thread | adminclient-3] WARN org.apache.kafka.clients.NetworkClient - [AdminClient clientId=adminclient-3] Connection to node -1 (localhost/127.0.0.1:9092) could not be established. Broker may not be available.
[kafka-admin-client-thread | adminclient-4] INFO org.apache.kafka.clients.NetworkClient - [AdminClient clientId=adminclient-4] Node -1 disconnected.
[kafka-admin-client-thread | adminclient-4] WARN org.apache.kafka.clients.NetworkClient - [AdminClient clientId=adminclient-4] Connection to node -1 (localhost/127.0.0.1:9092) could not be established. Broker may not be available.
[kafka-admin-client-thread | adminclient-14] INFO org.apache.kafka.clients.NetworkClient - [AdminClient clientId=adminclient-14] Node -1 disconnected.
[kafka-admin-client-thread | adminclient-14] WARN org.apache.kafka.clients.NetworkClient - [AdminClient clientId=adminclient-14] Connection to node -1 (localhost/127.0.0.1:9092) could not be established. Broker may not be available.
[kafka-admin-client-thread | adminclient-25] INFO org.apache.kafka.clients.NetworkClient - [AdminClient clientId=adminclient-25] Node -1 disconnected.
[kafka-admin-client-thread | adminclient-25] WARN org.apache.kafka.clients.NetworkClient - [AdminClient clientId=adminclient-25] Connection to node -1 (localhost/127.0.0.1:9092) could not be established. Broker may not be available.
[kafka-admin-client-thread | adminclient-15] INFO org.apache.kafka.clients.NetworkClient - [AdminClient clientId=adminclient-15] Node -1 disconnected.
[kafka-admin-client-thread | adminclient-15] WARN org.apache.kafka.clients.NetworkClient - [AdminClient clientId=adminclient-15] Connection to node -1 (localhost/127.0.0.1:9092) could not be established. Broker may not be available.
[kafka-admin-client-thread | adminclient-17] INFO org.apache.kafka.clients.NetworkClient - [AdminClient clientId=adminclient-17] Node -1 disconnected.
[kafka-admin-client-thread | adminclient-18] INFO org.apache.kafka.clients.NetworkClient - [AdminClient clientId=adminclient-18] Node -1 disconnected.
[kafka-admin-client-thread | adminclient-17] WARN org.apache.kafka.clients.NetworkClient - [AdminClient clientId=adminclient-17] Connection to node -1 (localhost/127.0.0.1:9092) could not be established. Broker may not be available.
[kafka-admin-client-thread | adminclient-18] WARN org.apache.kafka.clients.NetworkClient - [AdminClient clientId=adminclient-18] Connection to node -1 (localhost/127.0.0.1:9092) could not be established. Broker may not be available.
[kafka-admin-client-thread | adminclient-12] INFO org.apache.kafka.clients.NetworkClient - [AdminClient clientId=adminclient-12] Node -1 disconnected.
[kafka-admin-client-thread | adminclient-12] WARN org.apache.kafka.clients.NetworkClient - [AdminClient clientId=adminclient-12] Connection to node -1 (localhost/127.0.0.1:9092) could not be established. Broker may not be available.
[kafka-admin-client-thread | adminclient-13] INFO org.apache.kafka.clients.NetworkClient - [AdminClient clientId=adminclient-13] Node -1 disconnected.
[kafka-admin-client-thread | adminclient-13] WARN org.apache.kafka.clients.NetworkClient - [AdminClient clientId=adminclient-13] Connection to node -1 (localhost/127.0.0.1:9092) could not be established. Broker may not be available.
[kafka-admin-client-thread | adminclient-16] INFO org.apache.kafka.clients.NetworkClient - [AdminClient clientId=adminclient-16] Node -1 disconnected.
[kafka-admin-client-thread | adminclient-16] WARN org.apache.kafka.clients.NetworkClient - [AdminClient clientId=adminclient-16] Connection to node -1 (localhost/127.0.0.1:9092) could not be established. Broker may not be available.
[kafka-admin-client-thread | adminclient-10] INFO org.apache.kafka.clients.NetworkClient - [AdminClient clientId=adminclient-10] Node -1 disconnected.
[kafka-admin-client-thread | adminclient-10] WARN org.apache.kafka.clients.NetworkClient - [AdminClient clientId=adminclient-10] Connection to node -1 (localhost/127.0.0.1:9092) could not be established. Broker may not be available.
[kafka-admin-client-thread | adminclient-7] INFO org.apache.kafka.clients.NetworkClient - [AdminClient clientId=adminclient-7] Node -1 disconnected.
[kafka-admin-client-thread | adminclient-7] WARN org.apache.kafka.clients.NetworkClient - [AdminClient clientId=adminclient-7] Connection to node -1 (localhost/127.0.0.1:9092) could not be established. Broker may not be available.
[kafka-admin-client-thread | adminclient-28] INFO org.apache.kafka.clients.NetworkClient - [AdminClient clientId=adminclient-28] Node -1 disconnected.
[kafka-admin-client-thread | adminclient-28] WARN org.apache.kafka.clients.NetworkClient - [AdminClient clientId=adminclient-28] Connection to node -1 (localhost/127.0.0.1:9092) could not be established. Broker may not be available.
[kafka-admin-client-thread | adminclient-19] INFO org.apache.kafka.clients.NetworkClient - [AdminClient clientId=adminclient-19] Node -1 disconnected.
[kafka-admin-client-thread | adminclient-19] WARN org.apache.kafka.clients.NetworkClient - [AdminClient clientId=adminclient-19] Connection to node -1 (localhost/127.0.0.1:9092) could not be established. Broker may not be available.
[kafka-admin-client-thread | adminclient-24] INFO org.apache.kafka.clients.NetworkClient - [AdminClient clientId=adminclient-24] Node -1 disconnected.
[kafka-admin-client-thread | adminclient-24] WARN org.apache.kafka.clients.NetworkClient - [AdminClient clientId=adminclient-24] Connection to node -1 (localhost/127.0.0.1:9092) could not be established. Broker may not be available.
[kafka-admin-client-thread | adminclient-23] INFO org.apache.kafka.clients.NetworkClient - [AdminClient clientId=adminclient-23] Node -1 disconnected.
[kafka-admin-client-thread | adminclient-23] WARN org.apache.kafka.clients.NetworkClient - [AdminClient clientId=adminclient-23] Connection to node -1 (localhost/127.0.0.1:9092) could not be established. Broker may not be available.
[kafka-admin-client-thread | adminclient-11] INFO org.apache.kafka.clients.NetworkClient - [AdminClient clientId=adminclient-11] Node -1 disconnected.
[kafka-admin-client-thread | adminclient-11] WARN org.apache.kafka.clients.NetworkClient - [AdminClient clientId=adminclient-11] Connection to node -1 (localhost/127.0.0.1:9092) could not be established. Broker may not be available.
[kafka-admin-client-thread | adminclient-8] INFO org.apache.kafka.clients.NetworkClient - [AdminClient clientId=adminclient-8] Node -1 disconnected.
[kafka-admin-client-thread | adminclient-8] WARN org.apache.kafka.clients.NetworkClient - [AdminClient clientId=adminclient-8] Connection to node -1 (localhost/127.0.0.1:9092) could not be established. Broker may not be available.
[kafka-admin-client-thread | adminclient-26] INFO org.apache.kafka.clients.NetworkClient - [AdminClient clientId=adminclient-26] Node -1 disconnected.
[kafka-admin-client-thread | adminclient-26] WARN org.apache.kafka.clients.NetworkClient - [AdminClient clientId=adminclient-26] Connection to node -1 (localhost/127.0.0.1:9092) could not be established. Broker may not be available.
[kafka-admin-client-thread | adminclient-27] INFO org.apache.kafka.clients.NetworkClient - [AdminClient clientId=adminclient-27] Node -1 disconnected.
[kafka-admin-client-thread | adminclient-27] WARN org.apache.kafka.clients.NetworkClient - [AdminClient clientId=adminclient-27] Connection to node -1 (localhost/127.0.0.1:9092) could not be established. Broker may not be available.
[kafka-admin-client-thread | adminclient-2] INFO org.apache.kafka.clients.NetworkClient - [AdminClient clientId=adminclient-2] Node -1 disconnected.
[kafka-admin-client-thread | adminclient-2] WARN org.apache.kafka.clients.NetworkClient - [AdminClient clientId=adminclient-2] Connection to node -1 (localhost/127.0.0.1:9092) could not be established. Broker may not be available.
[kafka-admin-client-thread | adminclient-1] INFO org.apache.kafka.clients.NetworkClient - [AdminClient clientId=adminclient-1] Node -1 disconnected.
[kafka-admin-client-thread | adminclient-1] WARN org.apache.kafka.clients.NetworkClient - [AdminClient clientId=adminclient-1] Connection to node -1 (localhost/127.0.0.1:9092) could not be established. Broker may not be available.
[kafka-admin-client-thread | adminclient-20] INFO org.apache.kafka.clients.NetworkClient - [AdminClient clientId=adminclient-20] Node -1 disconnected.
[kafka-admin-client-thread | adminclient-20] WARN org.apache.kafka.clients.NetworkClient - [AdminClient clientId=adminclient-20] Connection to node -1 (localhost/127.0.0.1:9092) could not be established. Broker may not be available.
[kafka-admin-client-thread | adminclient-9] INFO org.apache.kafka.clients.NetworkClient - [AdminClient clientId=adminclient-9] Node -1 disconnected.
[kafka-admin-client-thread | adminclient-9] WARN org.apache.kafka.clients.NetworkClient - [AdminClient clientId=adminclient-9] Connection to node -1 (localhost/127.0.0.1:9092) could not be established. Broker may not be available.
[kafka-admin-client-thread | adminclient-18] INFO org.apache.kafka.clients.NetworkClient - [AdminClient clientId=adminclient-18] Node -1 disconnected.
[kafka-admin-client-thread | adminclient-17] INFO org.apache.kafka.clients.NetworkClient - [AdminClient clientId=adminclient-17] Node -1 disconnected.
[kafka-admin-client-thread | adminclient-18] WARN org.apache.kafka.clients.NetworkClient - [AdminClient clientId=adminclient-18] Connection to node -1 (localhost/127.0.0.1:9092) could not be established. Broker may not be available.
[kafka-admin-client-thread | adminclient-17] WARN org.apache.kafka.clients.NetworkClient - [AdminClient clientId=adminclient-17] Connection to node -1 (localhost/127.0.0.1:9092) could not be established. Broker may not be available.
[kafka-admin-client-thread | adminclient-25] INFO org.apache.kafka.clients.NetworkClient - [AdminClient clientId=adminclient-25] Node -1 disconnected.
[kafka-admin-client-thread | adminclient-25] WARN org.apache.kafka.clients.NetworkClient - [AdminClient clientId=adminclient-25] Connection to node -1 (localhost/127.0.0.1:9092) could not be established. Broker may not be available.
[kafka-admin-client-thread | adminclient-16] INFO org.apache.kafka.clients.NetworkClient - [AdminClient clientId=adminclient-16] Node -1 disconnected.
[kafka-admin-client-thread | adminclient-16] WARN org.apache.kafka.clients.NetworkClient - [AdminClient clientId=adminclient-16] Connection to node -1 (localhost/127.0.0.1:9092) could not be established. Broker may not be available.
[kafka-admin-client-thread | adminclient-22] INFO org.apache.kafka.clients.NetworkClient - [AdminClient clientId=adminclient-22] Node -1 disconnected.
[kafka-admin-client-thread | adminclient-22] WARN org.apache.kafka.clients.NetworkClient - [AdminClient clientId=adminclient-22] Connection to node -1 (localhost/127.0.0.1:9092) could not be established. Broker may not be available.
[kafka-admin-client-thread | adminclient-21] INFO org.apache.kafka.clients.NetworkClient - [AdminClient clientId=adminclient-21] Node -1 disconnected.
[kafka-admin-client-thread | adminclient-21] WARN org.apache.kafka.clients.NetworkClient - [AdminClient clientId=adminclient-21] Connection to node -1 (localhost/127.0.0.1:9092) could not be established. Broker may not be available.
[kafka-admin-client-thread | adminclient-3] INFO org.apache.kafka.clients.NetworkClient - [AdminClient clientId=adminclient-3] Node -1 disconnected.
[kafka-admin-client-thread | adminclient-3] WARN org.apache.kafka.clients.NetworkClient - [AdminClient clientId=adminclient-3] Connection to node -1 (localhost/127.0.0.1:9092) could not be established. Broker may not be available.
[kafka-admin-client-thread | adminclient-12] INFO org.apache.kafka.clients.NetworkClient - [AdminClient clientId=adminclient-12] Node -1 disconnected.
[kafka-admin-client-thread | adminclient-4] INFO org.apache.kafka.clients.NetworkClient - [AdminClient clientId=adminclient-4] Node -1 disconnected.
[kafka-admin-client-thread | adminclient-4] WARN org.apache.kafka.clients.NetworkClient - [AdminClient clientId=adminclient-4] Connection to node -1 (localhost/127.0.0.1:9092) could not be established. Broker may not be available.
[kafka-admin-client-thread | adminclient-12] WARN org.apache.kafka.clients.NetworkClient - [AdminClient clientId=adminclient-12] Connection to node -1 (localhost/127.0.0.1:9092) could not be established. Broker may not be available.
[kafka-admin-client-thread | adminclient-14] INFO org.apache.kafka.clients.NetworkClient - [AdminClient clientId=adminclient-14] Node -1 disconnected.
[kafka-admin-client-thread | adminclient-14] WARN org.apache.kafka.clients.NetworkClient - [AdminClient clientId=adminclient-14] Connection to node -1 (localhost/127.0.0.1:9092) could not be established. Broker may not be available.
[kafka-admin-client-thread | adminclient-13] INFO org.apache.kafka.clients.NetworkClient - [AdminClient clientId=adminclient-13] Node -1 disconnected.
[kafka-admin-client-thread | adminclient-13] WARN org.apache.kafka.clients.NetworkClient - [AdminClient clientId=adminclient-13] Connection to node -1 (localhost/127.0.0.1:9092) could not be established. Broker may not be available.
[kafka-admin-client-thread | adminclient-15] INFO org.apache.kafka.clients.NetworkClient - [AdminClient clientId=adminclient-15] Node -1 disconnected.
[kafka-admin-client-thread | adminclient-15] WARN org.apache.kafka.clients.NetworkClient - [AdminClient clientId=adminclient-15] Connection to node -1 (localhost/127.0.0.1:9092) could not be established. Broker may not be available.
[kafka-admin-client-thread | adminclient-10] INFO org.apache.kafka.clients.NetworkClient - [AdminClient clientId=adminclient-10] Node -1 disconnected.
[kafka-admin-client-thread | adminclient-10] WARN org.apache.kafka.clients.NetworkClient - [AdminClient clientId=adminclient-10] Connection to node -1 (localhost/127.0.0.1:9092) could not be established. Broker may not be available.
[kafka-admin-client-thread | adminclient-7] INFO org.apache.kafka.clients.NetworkClient - [AdminClient clientId=adminclient-7] Node -1 disconnected.
[kafka-admin-client-thread | adminclient-7] WARN org.apache.kafka.clients.NetworkClient - [AdminClient clientId=adminclient-7] Connection to node -1 (localhost/127.0.0.1:9092) could not be established. Broker may not be available.
[kafka-admin-client-thread | adminclient-24] INFO org.apache.kafka.clients.NetworkClient - [AdminClient clientId=adminclient-24] Node -1 disconnected.
[kafka-admin-client-thread | adminclient-24] WARN org.apache.kafka.clients.NetworkClient - [AdminClient clientId=adminclient-24] Connection to node -1 (localhost/127.0.0.1:9092) could not be established. Broker may not be available.
[kafka-admin-client-thread | adminclient-23] INFO org.apache.kafka.clients.NetworkClient - [AdminClient clientId=adminclient-23] Node -1 disconnected.
[kafka-admin-client-thread | adminclient-23] WARN org.apache.kafka.clients.NetworkClient - [AdminClient clientId=adminclient-23] Connection to node -1 (localhost/127.0.0.1:9092) could not be established. Broker may not be available.
[kafka-admin-client-thread | adminclient-28] INFO org.apache.kafka.clients.NetworkClient - [AdminClient clientId=adminclient-28] Node -1 disconnected.
[kafka-admin-client-thread | adminclient-28] WARN org.apache.kafka.clients.NetworkClient - [AdminClient clientId=adminclient-28] Connection to node -1 (localhost/127.0.0.1:9092) could not be established. Broker may not be available.
[kafka-admin-client-thread | adminclient-27] INFO org.apache.kafka.clients.NetworkClient - [AdminClient clientId=adminclient-27] Node -1 disconnected.
[kafka-admin-client-thread | adminclient-27] WARN org.apache.kafka.clients.NetworkClient - [AdminClient clientId=adminclient-27] Connection to node -1 (localhost/127.0.0.1:9092) could not be established. Broker may not be available.
[kafka-admin-client-thread | adminclient-2] INFO org.apache.kafka.clients.NetworkClient - [AdminClient clientId=adminclient-2] Node -1 disconnected.
[kafka-admin-client-thread | adminclient-2] WARN org.apache.kafka.clients.NetworkClient - [AdminClient clientId=adminclient-2] Connection to node -1 (localhost/127.0.0.1:9092) could not be established. Broker may not be available.
[kafka-admin-client-thread | adminclient-19] INFO org.apache.kafka.clients.NetworkClient - [AdminClient clientId=adminclient-19] Node -1 disconnected.
[kafka-admin-client-thread | adminclient-19] WARN org.apache.kafka.clients.NetworkClient - [AdminClient clientId=adminclient-19] Connection to node -1 (localhost/127.0.0.1:9092) could not be established. Broker may not be available.
[kafka-admin-client-thread | adminclient-11] INFO org.apache.kafka.clients.NetworkClient - [AdminClient clientId=adminclient-11] Node -1 disconnected.
[kafka-admin-client-thread | adminclient-11] WARN org.apache.kafka.clients.NetworkClient - [AdminClient clientId=adminclient-11] Connection to node -1 (localhost/127.0.0.1:9092) could not be established. Broker may not be available.
[kafka-admin-client-thread | adminclient-8] INFO org.apache.kafka.clients.NetworkClient - [AdminClient clientId=adminclient-8] Node -1 disconnected.
[kafka-admin-client-thread | adminclient-8] WARN org.apache.kafka.clients.NetworkClient - [AdminClient clientId=adminclient-8] Connection to node -1 (localhost/127.0.0.1:9092) could not be established. Broker may not be available.
[kafka-admin-client-thread | adminclient-1] INFO org.apache.kafka.clients.NetworkClient - [AdminClient clientId=adminclient-1] Node -1 disconnected.
[kafka-admin-client-thread | adminclient-1] WARN org.apache.kafka.clients.NetworkClient - [AdminClient clientId=adminclient-1] Connection to node -1 (localhost/127.0.0.1:9092) could not be established. Broker may not be available.
[kafka-admin-client-thread | adminclient-26] INFO org.apache.kafka.clients.NetworkClient - [AdminClient clientId=adminclient-26] Node -1 disconnected.
[kafka-admin-client-thread | adminclient-26] WARN org.apache.kafka.clients.NetworkClient - [AdminClient clientId=adminclient-26] Connection to node -1 (localhost/127.0.0.1:9092) could not be established. Broker may not be available.
[kafka-admin-client-thread | adminclient-18] INFO org.apache.kafka.clients.NetworkClient - [AdminClient clientId=adminclient-18] Node -1 disconnected.
[kafka-admin-client-thread | adminclient-18] WARN org.apache.kafka.clients.NetworkClient - [AdminClient clientId=adminclient-18] Connection to node -1 (localhost/127.0.0.1:9092) could not be established. Broker may not be available.
[kafka-admin-client-thread | adminclient-25] INFO org.apache.kafka.clients.NetworkClient - [AdminClient clientId=adminclient-25] Node -1 disconnected.
[kafka-admin-client-thread | adminclient-25] WARN org.apache.kafka.clients.NetworkClient - [AdminClient clientId=adminclient-25] Connection to node -1 (localhost/127.0.0.1:9092) could not be established. Broker may not be available.
[kafka-admin-client-thread | adminclient-16] INFO org.apache.kafka.clients.NetworkClient - [AdminClient clientId=adminclient-16] Node -1 disconnected.
[kafka-admin-client-thread | adminclient-16] WARN org.apache.kafka.clients.NetworkClient - [AdminClient clientId=adminclient-16] Connection to node -1 (localhost/127.0.0.1:9092) could not be established. Broker may not be available.
[kafka-admin-client-thread | adminclient-12] INFO org.apache.kafka.clients.NetworkClient - [AdminClient clientId=adminclient-12] Node -1 disconnected.
[kafka-admin-client-thread | adminclient-4] INFO org.apache.kafka.clients.NetworkClient - [AdminClient clientId=adminclient-4] Node -1 disconnected.
[kafka-admin-client-thread | adminclient-12] WARN org.apache.kafka.clients.NetworkClient - [AdminClient clientId=adminclient-12] Connection to node -1 (localhost/127.0.0.1:9092) could not be established. Broker may not be available.
[kafka-admin-client-thread | adminclient-4] WARN org.apache.kafka.clients.NetworkClient - [AdminClient clientId=adminclient-4] Connection to node -1 (localhost/127.0.0.1:9092) could not be established. Broker may not be available.
[kafka-admin-client-thread | adminclient-20] INFO org.apache.kafka.clients.NetworkClient - [AdminClient clientId=adminclient-20] Node -1 disconnected.
[kafka-admin-client-thread | adminclient-20] WARN org.apache.kafka.clients.NetworkClient - [AdminClient clientId=adminclient-20] Connection to node -1 (localhost/127.0.0.1:9092) could not be established. Broker may not be available.
[kafka-admin-client-thread | adminclient-21] INFO org.apache.kafka.clients.NetworkClient - [AdminClient clientId=adminclient-21] Node -1 disconnected.
[kafka-admin-client-thread | adminclient-22] INFO org.apache.kafka.clients.NetworkClient - [AdminClient clientId=adminclient-22] Node -1 disconnected.
[kafka-admin-client-thread | adminclient-21] WARN org.apache.kafka.clients.NetworkClient - [AdminClient clientId=adminclient-21] Connection to node -1 (localhost/127.0.0.1:9092) could not be established. Broker may not be available.
[kafka-admin-client-thread | adminclient-22] WARN org.apache.kafka.clients.NetworkClient - [AdminClient clientId=adminclient-22] Connection to node -1 (localhost/127.0.0.1:9092) could not be established. Broker may not be available.
[kafka-admin-client-thread | adminclient-9] INFO org.apache.kafka.clients.NetworkClient - [AdminClient clientId=adminclient-9] Node -1 disconnected.
[kafka-admin-client-thread | adminclient-9] WARN org.apache.kafka.clients.NetworkClient - [AdminClient clientId=adminclient-9] Connection to node -1 (localhost/127.0.0.1:9092) could not be established. Broker may not be available.
[kafka-admin-client-thread | adminclient-3] INFO org.apache.kafka.clients.NetworkClient - [AdminClient clientId=adminclient-3] Node -1 disconnected.
[kafka-admin-client-thread | adminclient-3] WARN org.apache.kafka.clients.NetworkClient - [AdminClient clientId=adminclient-3] Connection to node -1 (localhost/127.0.0.1:9092) could not be established. Broker may not be available.
[kafka-admin-client-thread | adminclient-17] INFO org.apache.kafka.clients.NetworkClient - [AdminClient clientId=adminclient-17] Node -1 disconnected.
[kafka-admin-client-thread | adminclient-17] WARN org.apache.kafka.clients.NetworkClient - [AdminClient clientId=adminclient-17] Connection to node -1 (localhost/127.0.0.1:9092) could not be established. Broker may not be available.
[kafka-admin-client-thread | adminclient-13] INFO org.apache.kafka.clients.NetworkClient - [AdminClient clientId=adminclient-13] Node -1 disconnected.
[kafka-admin-client-thread | adminclient-13] WARN org.apache.kafka.clients.NetworkClient - [AdminClient clientId=adminclient-13] Connection to node -1 (localhost/127.0.0.1:9092) could not be established. Broker may not be available.
[kafka-admin-client-thread | adminclient-14] INFO org.apache.kafka.clients.NetworkClient - [AdminClient clientId=adminclient-14] Node -1 disconnected.
[kafka-admin-client-thread | adminclient-14] WARN org.apache.kafka.clients.NetworkClient - [AdminClient clientId=adminclient-14] Connection to node -1 (localhost/127.0.0.1:9092) could not be established. Broker may not be available.
[kafka-admin-client-thread | adminclient-7] INFO org.apache.kafka.clients.NetworkClient - [AdminClient clientId=adminclient-7] Node -1 disconnected.
[kafka-admin-client-thread | adminclient-7] WARN org.apache.kafka.clients.NetworkClient - [AdminClient clientId=adminclient-7] Connection to node -1 (localhost/127.0.0.1:9092) could not be established. Broker may not be available.
[kafka-admin-client-thread | adminclient-28] INFO org.apache.kafka.clients.NetworkClient - [AdminClient clientId=adminclient-28] Node -1 disconnected.
[kafka-admin-client-thread | adminclient-28] WARN org.apache.kafka.clients.NetworkClient - [AdminClient clientId=adminclient-28] Connection to node -1 (localhost/127.0.0.1:9092) could not be established. Broker may not be available.
[kafka-admin-client-thread | adminclient-15] INFO org.apache.kafka.clients.NetworkClient - [AdminClient clientId=adminclient-15] Node -1 disconnected.
[kafka-admin-client-thread | adminclient-15] WARN org.apache.kafka.clients.NetworkClient - [AdminClient clientId=adminclient-15] Connection to node -1 (localhost/127.0.0.1:9092) could not be established. Broker may not be available.
[kafka-admin-client-thread | adminclient-23] INFO org.apache.kafka.clients.NetworkClient - [AdminClient clientId=adminclient-23] Node -1 disconnected.
[kafka-admin-client-thread | adminclient-23] WARN org.apache.kafka.clients.NetworkClient - [AdminClient clientId=adminclient-23] Connection to node -1 (localhost/127.0.0.1:9092) could not be established. Broker may not be available.
[kafka-admin-client-thread | adminclient-10] INFO org.apache.kafka.clients.NetworkClient - [AdminClient clientId=adminclient-10] Node -1 disconnected.
[kafka-admin-client-thread | adminclient-10] WARN org.apache.kafka.clients.NetworkClient - [AdminClient clientId=adminclient-10] Connection to node -1 (localhost/127.0.0.1:9092) could not be established. Broker may not be available.
[kafka-admin-client-thread | adminclient-19] INFO org.apache.kafka.clients.NetworkClient - [AdminClient clientId=adminclient-19] Node -1 disconnected.
[kafka-admin-client-thread | adminclient-19] WARN org.apache.kafka.clients.NetworkClient - [AdminClient clientId=adminclient-19] Connection to node -1 (localhost/127.0.0.1:9092) could not be established. Broker may not be available.
[kafka-admin-client-thread | adminclient-24] INFO org.apache.kafka.clients.NetworkClient - [AdminClient clientId=adminclient-24] Node -1 disconnected.
[kafka-admin-client-thread | adminclient-24] WARN org.apache.kafka.clients.NetworkClient - [AdminClient clientId=adminclient-24] Connection to node -1 (localhost/127.0.0.1:9092) could not be established. Broker may not be available.
[kafka-admin-client-thread | adminclient-26] INFO org.apache.kafka.clients.NetworkClient - [AdminClient clientId=adminclient-26] Node -1 disconnected.
[kafka-admin-client-thread | adminclient-26] WARN org.apache.kafka.clients.NetworkClient - [AdminClient clientId=adminclient-26] Connection to node -1 (localhost/127.0.0.1:9092) could not be established. Broker may not be available.
[kafka-admin-client-thread | adminclient-8] INFO org.apache.kafka.clients.NetworkClient - [AdminClient clientId=adminclient-8] Node -1 disconnected.
[kafka-admin-client-thread | adminclient-27] INFO org.apache.kafka.clients.NetworkClient - [AdminClient clientId=adminclient-27] Node -1 disconnected.
[kafka-admin-client-thread | adminclient-8] WARN org.apache.kafka.clients.NetworkClient - [AdminClient clientId=adminclient-8] Connection to node -1 (localhost/127.0.0.1:9092) could not be established. Broker may not be available.
[kafka-admin-client-thread | adminclient-27] WARN org.apache.kafka.clients.NetworkClient - [AdminClient clientId=adminclient-27] Connection to node -1 (localhost/127.0.0.1:9092) could not be established. Broker may not be available.
[kafka-admin-client-thread | adminclient-2] INFO org.apache.kafka.clients.NetworkClient - [AdminClient clientId=adminclient-2] Node -1 disconnected.
[kafka-admin-client-thread | adminclient-2] WARN org.apache.kafka.clients.NetworkClient - [AdminClient clientId=adminclient-2] Connection to node -1 (localhost/127.0.0.1:9092) could not be established. Broker may not be available.
[kafka-admin-client-thread | adminclient-11] INFO org.apache.kafka.clients.NetworkClient - [AdminClient clientId=adminclient-11] Node -1 disconnected.
[kafka-admin-client-thread | adminclient-11] WARN org.apache.kafka.clients.NetworkClient - [AdminClient clientId=adminclient-11] Connection to node -1 (localhost/127.0.0.1:9092) could not be established. Broker may not be available.
[kafka-admin-client-thread | adminclient-1] INFO org.apache.kafka.clients.NetworkClient - [AdminClient clientId=adminclient-1] Node -1 disconnected.
[kafka-admin-client-thread | adminclient-1] WARN org.apache.kafka.clients.NetworkClient - [AdminClient clientId=adminclient-1] Connection to node -1 (localhost/127.0.0.1:9092) could not be established. Broker may not be available.
[kafka-admin-client-thread | adminclient-9] INFO org.apache.kafka.clients.NetworkClient - [AdminClient clientId=adminclient-9] Node -1 disconnected.
[kafka-admin-client-thread | adminclient-9] WARN org.apache.kafka.clients.NetworkClient - [AdminClient clientId=adminclient-9] Connection to node -1 (localhost/127.0.0.1:9092) could not be established. Broker may not be available.
[kafka-admin-client-thread | adminclient-16] INFO org.apache.kafka.clients.NetworkClient - [AdminClient clientId=adminclient-16] Node -1 disconnected.
[kafka-admin-client-thread | adminclient-16] WARN org.apache.kafka.clients.NetworkClient - [AdminClient clientId=adminclient-16] Connection to node -1 (localhost/127.0.0.1:9092) could not be established. Broker may not be available.
[kafka-admin-client-thread | adminclient-18] INFO org.apache.kafka.clients.NetworkClient - [AdminClient clientId=adminclient-18] Node -1 disconnected.
[kafka-admin-client-thread | adminclient-18] WARN org.apache.kafka.clients.NetworkClient - [AdminClient clientId=adminclient-18] Connection to node -1 (localhost/127.0.0.1:9092) could not be established. Broker may not be available.
[kafka-admin-client-thread | adminclient-21] INFO org.apache.kafka.clients.NetworkClient - [AdminClient clientId=adminclient-21] Node -1 disconnected.
[kafka-admin-client-thread | adminclient-21] WARN org.apache.kafka.clients.NetworkClient - [AdminClient clientId=adminclient-21] Connection to node -1 (localhost/127.0.0.1:9092) could not be established. Broker may not be available.
[kafka-admin-client-thread | adminclient-25] INFO org.apache.kafka.clients.NetworkClient - [AdminClient clientId=adminclient-25] Node -1 disconnected.
[kafka-admin-client-thread | adminclient-25] WARN org.apache.kafka.clients.NetworkClient - [AdminClient clientId=adminclient-25] Connection to node -1 (localhost/127.0.0.1:9092) could not be established. Broker may not be available.
[kafka-admin-client-thread | adminclient-12] INFO org.apache.kafka.clients.NetworkClient - [AdminClient clientId=adminclient-12] Node -1 disconnected.
[kafka-admin-client-thread | adminclient-4] INFO org.apache.kafka.clients.NetworkClient - [AdminClient clientId=adminclient-4] Node -1 disconnected.
[kafka-admin-client-thread | adminclient-4] WARN org.apache.kafka.clients.NetworkClient - [AdminClient clientId=adminclient-4] Connection to node -1 (localhost/127.0.0.1:9092) could not be established. Broker may not be available.
[kafka-admin-client-thread | adminclient-12] WARN org.apache.kafka.clients.NetworkClient - [AdminClient clientId=adminclient-12] Connection to node -1 (localhost/127.0.0.1:9092) could not be established. Broker may not be available.
[kafka-admin-client-thread | adminclient-20] INFO org.apache.kafka.clients.NetworkClient - [AdminClient clientId=adminclient-20] Node -1 disconnected.
[kafka-admin-client-thread | adminclient-20] WARN org.apache.kafka.clients.NetworkClient - [AdminClient clientId=adminclient-20] Connection to node -1 (localhost/127.0.0.1:9092) could not be established. Broker may not be available.
[kafka-admin-client-thread | adminclient-22] INFO org.apache.kafka.clients.NetworkClient - [AdminClient clientId=adminclient-22] Node -1 disconnected.
[kafka-admin-client-thread | adminclient-22] WARN org.apache.kafka.clients.NetworkClient - [AdminClient clientId=adminclient-22] Connection to node -1 (localhost/127.0.0.1:9092) could not be established. Broker may not be available.
[kafka-admin-client-thread | adminclient-3] INFO org.apache.kafka.clients.NetworkClient - [AdminClient clientId=adminclient-3] Node -1 disconnected.
[kafka-admin-client-thread | adminclient-3] WARN org.apache.kafka.clients.NetworkClient - [AdminClient clientId=adminclient-3] Connection to node -1 (localhost/127.0.0.1:9092) could not be established. Broker may not be available.
[kafka-admin-client-thread | adminclient-7] INFO org.apache.kafka.clients.NetworkClient - [AdminClient clientId=adminclient-7] Node -1 disconnected.
[kafka-admin-client-thread | adminclient-7] WARN org.apache.kafka.clients.NetworkClient - [AdminClient clientId=adminclient-7] Connection to node -1 (localhost/127.0.0.1:9092) could not be established. Broker may not be available.
[kafka-admin-client-thread | adminclient-15] INFO org.apache.kafka.clients.NetworkClient - [AdminClient clientId=adminclient-15] Node -1 disconnected.
[kafka-admin-client-thread | adminclient-15] WARN org.apache.kafka.clients.NetworkClient - [AdminClient clientId=adminclient-15] Connection to node -1 (localhost/127.0.0.1:9092) could not be established. Broker may not be available.
[kafka-admin-client-thread | adminclient-17] INFO org.apache.kafka.clients.NetworkClient - [AdminClient clientId=adminclient-17] Node -1 disconnected.
[kafka-admin-client-thread | adminclient-17] WARN org.apache.kafka.clients.NetworkClient - [AdminClient clientId=adminclient-17] Connection to node -1 (localhost/127.0.0.1:9092) could not be established. Broker may not be available.
[kafka-admin-client-thread | adminclient-23] INFO org.apache.kafka.clients.NetworkClient - [AdminClient clientId=adminclient-23] Node -1 disconnected.
[kafka-admin-client-thread | adminclient-23] WARN org.apache.kafka.clients.NetworkClient - [AdminClient clientId=adminclient-23] Connection to node -1 (localhost/127.0.0.1:9092) could not be established. Broker may not be available.
[kafka-admin-client-thread | adminclient-13] INFO org.apache.kafka.clients.NetworkClient - [AdminClient clientId=adminclient-13] Node -1 disconnected.
[kafka-admin-client-thread | adminclient-13] WARN org.apache.kafka.clients.NetworkClient - [AdminClient clientId=adminclient-13] Connection to node -1 (localhost/127.0.0.1:9092) could not be established. Broker may not be available.
[kafka-admin-client-thread | adminclient-28] INFO org.apache.kafka.clients.NetworkClient - [AdminClient clientId=adminclient-28] Node -1 disconnected.
[kafka-admin-client-thread | adminclient-28] WARN org.apache.kafka.clients.NetworkClient - [AdminClient clientId=adminclient-28] Connection to node -1 (localhost/127.0.0.1:9092) could not be established. Broker may not be available.
[kafka-admin-client-thread | adminclient-14] INFO org.apache.kafka.clients.NetworkClient - [AdminClient clientId=adminclient-14] Node -1 disconnected.
[kafka-admin-client-thread | adminclient-14] WARN org.apache.kafka.clients.NetworkClient - [AdminClient clientId=adminclient-14] Connection to node -1 (localhost/127.0.0.1:9092) could not be established. Broker may not be available.
[kafka-admin-client-thread | adminclient-19] INFO org.apache.kafka.clients.NetworkClient - [AdminClient clientId=adminclient-19] Node -1 disconnected.
[kafka-admin-client-thread | adminclient-19] WARN org.apache.kafka.clients.NetworkClient - [AdminClient clientId=adminclient-19] Connection to node -1 (localhost/127.0.0.1:9092) could not be established. Broker may not be available.
[kafka-admin-client-thread | adminclient-24] INFO org.apache.kafka.clients.NetworkClient - [AdminClient clientId=adminclient-24] Node -1 disconnected.
[kafka-admin-client-thread | adminclient-24] WARN org.apache.kafka.clients.NetworkClient - [AdminClient clientId=adminclient-24] Connection to node -1 (localhost/127.0.0.1:9092) could not be established. Broker may not be available.
[kafka-admin-client-thread | adminclient-26] INFO org.apache.kafka.clients.NetworkClient - [AdminClient clientId=adminclient-26] Node -1 disconnected.
[kafka-admin-client-thread | adminclient-26] WARN org.apache.kafka.clients.NetworkClient - [AdminClient clientId=adminclient-26] Connection to node -1 (localhost/127.0.0.1:9092) could not be established. Broker may not be available.
[kafka-admin-client-thread | adminclient-10] INFO org.apache.kafka.clients.NetworkClient - [AdminClient clientId=adminclient-10] Node -1 disconnected.
[kafka-admin-client-thread | adminclient-10] WARN org.apache.kafka.clients.NetworkClient - [AdminClient clientId=adminclient-10] Connection to node -1 (localhost/127.0.0.1:9092) could not be established. Broker may not be available.
[kafka-admin-client-thread | adminclient-27] INFO org.apache.kafka.clients.NetworkClient - [AdminClient clientId=adminclient-27] Node -1 disconnected.
[kafka-admin-client-thread | adminclient-27] WARN org.apache.kafka.clients.NetworkClient - [AdminClient clientId=adminclient-27] Connection to node -1 (localhost/127.0.0.1:9092) could not be established. Broker may not be available.
[kafka-admin-client-thread | adminclient-11] INFO org.apache.kafka.clients.NetworkClient - [AdminClient clientId=adminclient-11] Node -1 disconnected.
[kafka-admin-client-thread | adminclient-11] WARN org.apache.kafka.clients.NetworkClient - [AdminClient clientId=adminclient-11] Connection to node -1 (localhost/127.0.0.1:9092) could not be established. Broker may not be available.
[kafka-admin-client-thread | adminclient-8] INFO org.apache.kafka.clients.NetworkClient - [AdminClient clientId=adminclient-8] Node -1 disconnected.
[kafka-admin-client-thread | adminclient-8] WARN org.apache.kafka.clients.NetworkClient - [AdminClient clientId=adminclient-8] Connection to node -1 (localhost/127.0.0.1:9092) could not be established. Broker may not be available.
[kafka-admin-client-thread | adminclient-2] INFO org.apache.kafka.clients.NetworkClient - [AdminClient clientId=adminclient-2] Node -1 disconnected.
[kafka-admin-client-thread | adminclient-2] WARN org.apache.kafka.clients.NetworkClient - [AdminClient clientId=adminclient-2] Connection to node -1 (localhost/127.0.0.1:9092) could not be established. Broker may not be available.
[kafka-admin-client-thread | adminclient-1] INFO org.apache.kafka.clients.NetworkClient - [AdminClient clientId=adminclient-1] Node -1 disconnected.
[kafka-admin-client-thread | adminclient-1] WARN org.apache.kafka.clients.NetworkClient - [AdminClient clientId=adminclient-1] Connection to node -1 (localhost/127.0.0.1:9092) could not be established. Broker may not be available.
[kafka-admin-client-thread | adminclient-18] INFO org.apache.kafka.clients.NetworkClient - [AdminClient clientId=adminclient-18] Node -1 disconnected.
[kafka-admin-client-thread | adminclient-18] WARN org.apache.kafka.clients.NetworkClient - [AdminClient clientId=adminclient-18] Connection to node -1 (localhost/127.0.0.1:9092) could not be established. Broker may not be available.
[kafka-admin-client-thread | adminclient-21] INFO org.apache.kafka.clients.NetworkClient - [AdminClient clientId=adminclient-21] Node -1 disconnected.
[kafka-admin-client-thread | adminclient-21] WARN org.apache.kafka.clients.NetworkClient - [AdminClient clientId=adminclient-21] Connection to node -1 (localhost/127.0.0.1:9092) could not be established. Broker may not be available.
[kafka-admin-client-thread | adminclient-9] INFO org.apache.kafka.clients.NetworkClient - [AdminClient clientId=adminclient-9] Node -1 disconnected.
[kafka-admin-client-thread | adminclient-9] WARN org.apache.kafka.clients.NetworkClient - [AdminClient clientId=adminclient-9] Connection to node -1 (localhost/127.0.0.1:9092) could not be established. Broker may not be available.
[kafka-admin-client-thread | adminclient-3] INFO org.apache.kafka.clients.NetworkClient - [AdminClient clientId=adminclient-3] Node -1 disconnected.
[kafka-admin-client-thread | adminclient-3] WARN org.apache.kafka.clients.NetworkClient - [AdminClient clientId=adminclient-3] Connection to node -1 (localhost/127.0.0.1:9092) could not be established. Broker may not be available.
[kafka-admin-client-thread | adminclient-15] INFO org.apache.kafka.clients.NetworkClient - [AdminClient clientId=adminclient-15] Node -1 disconnected.
[kafka-admin-client-thread | adminclient-15] WARN org.apache.kafka.clients.NetworkClient - [AdminClient clientId=adminclient-15] Connection to node -1 (localhost/127.0.0.1:9092) could not be established. Broker may not be available.
[kafka-admin-client-thread | adminclient-22] INFO org.apache.kafka.clients.NetworkClient - [AdminClient clientId=adminclient-22] Node -1 disconnected.
[kafka-admin-client-thread | adminclient-22] WARN org.apache.kafka.clients.NetworkClient - [AdminClient clientId=adminclient-22] Connection to node -1 (localhost/127.0.0.1:9092) could not be established. Broker may not be available.
[kafka-admin-client-thread | adminclient-4] INFO org.apache.kafka.clients.NetworkClient - [AdminClient clientId=adminclient-4] Node -1 disconnected.
[kafka-admin-client-thread | adminclient-4] WARN org.apache.kafka.clients.NetworkClient - [AdminClient clientId=adminclient-4] Connection to node -1 (localhost/127.0.0.1:9092) could not be established. Broker may not be available.
[kafka-admin-client-thread | adminclient-16] INFO org.apache.kafka.clients.NetworkClient - [AdminClient clientId=adminclient-16] Node -1 disconnected.
[kafka-admin-client-thread | adminclient-16] WARN org.apache.kafka.clients.NetworkClient - [AdminClient clientId=adminclient-16] Connection to node -1 (localhost/127.0.0.1:9092) could not be established. Broker may not be available.
[kafka-admin-client-thread | adminclient-25] INFO org.apache.kafka.clients.NetworkClient - [AdminClient clientId=adminclient-25] Node -1 disconnected.
[kafka-admin-client-thread | adminclient-25] WARN org.apache.kafka.clients.NetworkClient - [AdminClient clientId=adminclient-25] Connection to node -1 (localhost/127.0.0.1:9092) could not be established. Broker may not be available.
[kafka-admin-client-thread | adminclient-12] INFO org.apache.kafka.clients.NetworkClient - [AdminClient clientId=adminclient-12] Node -1 disconnected.
[kafka-admin-client-thread | adminclient-12] WARN org.apache.kafka.clients.NetworkClient - [AdminClient clientId=adminclient-12] Connection to node -1 (localhost/127.0.0.1:9092) could not be established. Broker may not be available.
[kafka-admin-client-thread | adminclient-7] INFO org.apache.kafka.clients.NetworkClient - [AdminClient clientId=adminclient-7] Node -1 disconnected.
[kafka-admin-client-thread | adminclient-28] INFO org.apache.kafka.clients.NetworkClient - [AdminClient clientId=adminclient-28] Node -1 disconnected.
[kafka-admin-client-thread | adminclient-7] WARN org.apache.kafka.clients.NetworkClient - [AdminClient clientId=adminclient-7] Connection to node -1 (localhost/127.0.0.1:9092) could not be established. Broker may not be available.
[kafka-admin-client-thread | adminclient-28] WARN org.apache.kafka.clients.NetworkClient - [AdminClient clientId=adminclient-28] Connection to node -1 (localhost/127.0.0.1:9092) could not be established. Broker may not be available.
[kafka-admin-client-thread | adminclient-20] INFO org.apache.kafka.clients.NetworkClient - [AdminClient clientId=adminclient-20] Node -1 disconnected.
[kafka-admin-client-thread | adminclient-20] WARN org.apache.kafka.clients.NetworkClient - [AdminClient clientId=adminclient-20] Connection to node -1 (localhost/127.0.0.1:9092) could not be established. Broker may not be available.
[kafka-admin-client-thread | adminclient-24] INFO org.apache.kafka.clients.NetworkClient - [AdminClient clientId=adminclient-24] Node -1 disconnected.
[kafka-admin-client-thread | adminclient-24] WARN org.apache.kafka.clients.NetworkClient - [AdminClient clientId=adminclient-24] Connection to node -1 (localhost/127.0.0.1:9092) could not be established. Broker may not be available.
[kafka-admin-client-thread | adminclient-23] INFO org.apache.kafka.clients.NetworkClient - [AdminClient clientId=adminclient-23] Node -1 disconnected.
[kafka-admin-client-thread | adminclient-23] WARN org.apache.kafka.clients.NetworkClient - [AdminClient clientId=adminclient-23] Connection to node -1 (localhost/127.0.0.1:9092) could not be established. Broker may not be available.
[kafka-admin-client-thread | adminclient-13] INFO org.apache.kafka.clients.NetworkClient - [AdminClient clientId=adminclient-13] Node -1 disconnected.
[kafka-admin-client-thread | adminclient-13] WARN org.apache.kafka.clients.NetworkClient - [AdminClient clientId=adminclient-13] Connection to node -1 (localhost/127.0.0.1:9092) could not be established. Broker may not be available.
[kafka-admin-client-thread | adminclient-17] INFO org.apache.kafka.clients.NetworkClient - [AdminClient clientId=adminclient-17] Node -1 disconnected.
[kafka-admin-client-thread | adminclient-17] WARN org.apache.kafka.clients.NetworkClient - [AdminClient clientId=adminclient-17] Connection to node -1 (localhost/127.0.0.1:9092) could not be established. Broker may not be available.
[kafka-admin-client-thread | adminclient-19] INFO org.apache.kafka.clients.NetworkClient - [AdminClient clientId=adminclient-19] Node -1 disconnected.
[kafka-admin-client-thread | adminclient-19] WARN org.apache.kafka.clients.NetworkClient - [AdminClient clientId=adminclient-19] Connection to node -1 (localhost/127.0.0.1:9092) could not be established. Broker may not be available.
[kafka-admin-client-thread | adminclient-10] INFO org.apache.kafka.clients.NetworkClient - [AdminClient clientId=adminclient-10] Node -1 disconnected.
[kafka-admin-client-thread | adminclient-10] WARN org.apache.kafka.clients.NetworkClient - [AdminClient clientId=adminclient-10] Connection to node -1 (localhost/127.0.0.1:9092) could not be established. Broker may not be available.
[kafka-admin-client-thread | adminclient-11] INFO org.apache.kafka.clients.NetworkClient - [AdminClient clientId=adminclient-11] Node -1 disconnected.
[kafka-admin-client-thread | adminclient-11] WARN org.apache.kafka.clients.NetworkClient - [AdminClient clientId=adminclient-11] Connection to node -1 (localhost/127.0.0.1:9092) could not be established. Broker may not be available.
[kafka-admin-client-thread | adminclient-14] INFO org.apache.kafka.clients.NetworkClient - [AdminClient clientId=adminclient-14] Node -1 disconnected.
[kafka-admin-client-thread | adminclient-14] WARN org.apache.kafka.clients.NetworkClient - [AdminClient clientId=adminclient-14] Connection to node -1 (localhost/127.0.0.1:9092) could not be established. Broker may not be available.
[kafka-admin-client-thread | adminclient-26] INFO org.apache.kafka.clients.NetworkClient - [AdminClient clientId=adminclient-26] Node -1 disconnected.
[kafka-admin-client-thread | adminclient-26] WARN org.apache.kafka.clients.NetworkClient - [AdminClient clientId=adminclient-26] Connection to node -1 (localhost/127.0.0.1:9092) could not be established. Broker may not be available.
[kafka-admin-client-thread | adminclient-8] INFO org.apache.kafka.clients.NetworkClient - [AdminClient clientId=adminclient-8] Node -1 disconnected.
[kafka-admin-client-thread | adminclient-27] INFO org.apache.kafka.clients.NetworkClient - [AdminClient clientId=adminclient-27] Node -1 disconnected.
[kafka-admin-client-thread | adminclient-27] WARN org.apache.kafka.clients.NetworkClient - [AdminClient clientId=adminclient-27] Connection to node -1 (localhost/127.0.0.1:9092) could not be established. Broker may not be available.
[kafka-admin-client-thread | adminclient-8] WARN org.apache.kafka.clients.NetworkClient - [AdminClient clientId=adminclient-8] Connection to node -1 (localhost/127.0.0.1:9092) could not be established. Broker may not be available.
[kafka-admin-client-thread | adminclient-2] INFO org.apache.kafka.clients.NetworkClient - [AdminClient clientId=adminclient-2] Node -1 disconnected.
[kafka-admin-client-thread | adminclient-2] WARN org.apache.kafka.clients.NetworkClient - [AdminClient clientId=adminclient-2] Connection to node -1 (localhost/127.0.0.1:9092) could not be established. Broker may not be available.
[kafka-admin-client-thread | adminclient-21] INFO org.apache.kafka.clients.NetworkClient - [AdminClient clientId=adminclient-21] Node -1 disconnected.
[kafka-admin-client-thread | adminclient-21] WARN org.apache.kafka.clients.NetworkClient - [AdminClient clientId=adminclient-21] Connection to node -1 (localhost/127.0.0.1:9092) could not be established. Broker may not be available.
[kafka-admin-client-thread | adminclient-9] INFO org.apache.kafka.clients.NetworkClient - [AdminClient clientId=adminclient-9] Node -1 disconnected.
[kafka-admin-client-thread | adminclient-9] WARN org.apache.kafka.clients.NetworkClient - [AdminClient clientId=adminclient-9] Connection to node -1 (localhost/127.0.0.1:9092) could not be established. Broker may not be available.
[kafka-admin-client-thread | adminclient-3] INFO org.apache.kafka.clients.NetworkClient - [AdminClient clientId=adminclient-3] Node -1 disconnected.
[kafka-admin-client-thread | adminclient-3] WARN org.apache.kafka.clients.NetworkClient - [AdminClient clientId=adminclient-3] Connection to node -1 (localhost/127.0.0.1:9092) could not be established. Broker may not be available.
[kafka-admin-client-thread | adminclient-1] INFO org.apache.kafka.clients.NetworkClient - [AdminClient clientId=adminclient-1] Node -1 disconnected.
[kafka-admin-client-thread | adminclient-1] WARN org.apache.kafka.clients.NetworkClient - [AdminClient clientId=adminclient-1] Connection to node -1 (localhost/127.0.0.1:9092) could not be established. Broker may not be available.
[kafka-admin-client-thread | adminclient-18] INFO org.apache.kafka.clients.NetworkClient - [AdminClient clientId=adminclient-18] Node -1 disconnected.
[kafka-admin-client-thread | adminclient-18] WARN org.apache.kafka.clients.NetworkClient - [AdminClient clientId=adminclient-18] Connection to node -1 (localhost/127.0.0.1:9092) could not be established. Broker may not be available.
[kafka-admin-client-thread | adminclient-4] INFO org.apache.kafka.clients.NetworkClient - [AdminClient clientId=adminclient-4] Node -1 disconnected.
[kafka-admin-client-thread | adminclient-4] WARN org.apache.kafka.clients.NetworkClient - [AdminClient clientId=adminclient-4] Connection to node -1 (localhost/127.0.0.1:9092) could not be established. Broker may not be available.
[kafka-admin-client-thread | adminclient-15] INFO org.apache.kafka.clients.NetworkClient - [AdminClient clientId=adminclient-15] Node -1 disconnected.
[kafka-admin-client-thread | adminclient-15] WARN org.apache.kafka.clients.NetworkClient - [AdminClient clientId=adminclient-15] Connection to node -1 (localhost/127.0.0.1:9092) could not be established. Broker may not be available.
[kafka-admin-client-thread | adminclient-25] INFO org.apache.kafka.clients.NetworkClient - [AdminClient clientId=adminclient-25] Node -1 disconnected.
[kafka-admin-client-thread | adminclient-25] WARN org.apache.kafka.clients.NetworkClient - [AdminClient clientId=adminclient-25] Connection to node -1 (localhost/127.0.0.1:9092) could not be established. Broker may not be available.
[kafka-admin-client-thread | adminclient-28] INFO org.apache.kafka.clients.NetworkClient - [AdminClient clientId=adminclient-28] Node -1 disconnected.
[kafka-admin-client-thread | adminclient-28] WARN org.apache.kafka.clients.NetworkClient - [AdminClient clientId=adminclient-28] Connection to node -1 (localhost/127.0.0.1:9092) could not be established. Broker may not be available.
[kafka-admin-client-thread | adminclient-7] INFO org.apache.kafka.clients.NetworkClient - [AdminClient clientId=adminclient-7] Node -1 disconnected.
[kafka-admin-client-thread | adminclient-7] WARN org.apache.kafka.clients.NetworkClient - [AdminClient clientId=adminclient-7] Connection to node -1 (localhost/127.0.0.1:9092) could not be established. Broker may not be available.
[kafka-admin-client-thread | adminclient-16] INFO org.apache.kafka.clients.NetworkClient - [AdminClient clientId=adminclient-16] Node -1 disconnected.
[kafka-admin-client-thread | adminclient-16] WARN org.apache.kafka.clients.NetworkClient - [AdminClient clientId=adminclient-16] Connection to node -1 (localhost/127.0.0.1:9092) could not be established. Broker may not be available.
[kafka-admin-client-thread | adminclient-22] INFO org.apache.kafka.clients.NetworkClient - [AdminClient clientId=adminclient-22] Node -1 disconnected.
[kafka-admin-client-thread | adminclient-22] WARN org.apache.kafka.clients.NetworkClient - [AdminClient clientId=adminclient-22] Connection to node -1 (localhost/127.0.0.1:9092) could not be established. Broker may not be available.
[kafka-admin-client-thread | adminclient-24] INFO org.apache.kafka.clients.NetworkClient - [AdminClient clientId=adminclient-24] Node -1 disconnected.
[kafka-admin-client-thread | adminclient-24] WARN org.apache.kafka.clients.NetworkClient - [AdminClient clientId=adminclient-24] Connection to node -1 (localhost/127.0.0.1:9092) could not be established. Broker may not be available.
[kafka-admin-client-thread | adminclient-13] INFO org.apache.kafka.clients.NetworkClient - [AdminClient clientId=adminclient-13] Node -1 disconnected.
[kafka-admin-client-thread | adminclient-13] WARN org.apache.kafka.clients.NetworkClient - [AdminClient clientId=adminclient-13] Connection to node -1 (localhost/127.0.0.1:9092) could not be established. Broker may not be available.
[kafka-admin-client-thread | adminclient-20] INFO org.apache.kafka.clients.NetworkClient - [AdminClient clientId=adminclient-20] Node -1 disconnected.
[kafka-admin-client-thread | adminclient-20] WARN org.apache.kafka.clients.NetworkClient - [AdminClient clientId=adminclient-20] Connection to node -1 (localhost/127.0.0.1:9092) could not be established. Broker may not be available.
[kafka-admin-client-thread | adminclient-12] INFO org.apache.kafka.clients.NetworkClient - [AdminClient clientId=adminclient-12] Node -1 disconnected.
[kafka-admin-client-thread | adminclient-12] WARN org.apache.kafka.clients.NetworkClient - [AdminClient clientId=adminclient-12] Connection to node -1 (localhost/127.0.0.1:9092) could not be established. Broker may not be available.
[kafka-admin-client-thread | adminclient-17] INFO org.apache.kafka.clients.NetworkClient - [AdminClient clientId=adminclient-17] Node -1 disconnected.
[kafka-admin-client-thread | adminclient-17] WARN org.apache.kafka.clients.NetworkClient - [AdminClient clientId=adminclient-17] Connection to node -1 (localhost/127.0.0.1:9092) could not be established. Broker may not be available.
[kafka-admin-client-thread | adminclient-23] INFO org.apache.kafka.clients.NetworkClient - [AdminClient clientId=adminclient-23] Node -1 disconnected.
[kafka-admin-client-thread | adminclient-23] WARN org.apache.kafka.clients.NetworkClient - [AdminClient clientId=adminclient-23] Connection to node -1 (localhost/127.0.0.1:9092) could not be established. Broker may not be available.
[kafka-admin-client-thread | adminclient-19] INFO org.apache.kafka.clients.NetworkClient - [AdminClient clientId=adminclient-19] Node -1 disconnected.
[kafka-admin-client-thread | adminclient-19] WARN org.apache.kafka.clients.NetworkClient - [AdminClient clientId=adminclient-19] Connection to node -1 (localhost/127.0.0.1:9092) could not be established. Broker may not be available.
[kafka-admin-client-thread | adminclient-10] INFO org.apache.kafka.clients.NetworkClient - [AdminClient clientId=adminclient-10] Node -1 disconnected.
[kafka-admin-client-thread | adminclient-10] WARN org.apache.kafka.clients.NetworkClient - [AdminClient clientId=adminclient-10] Connection to node -1 (localhost/127.0.0.1:9092) could not be established. Broker may not be available.
[kafka-admin-client-thread | adminclient-11] INFO org.apache.kafka.clients.NetworkClient - [AdminClient clientId=adminclient-11] Node -1 disconnected.
[kafka-admin-client-thread | adminclient-11] WARN org.apache.kafka.clients.NetworkClient - [AdminClient clientId=adminclient-11] Connection to node -1 (localhost/127.0.0.1:9092) could not be established. Broker may not be available.
[kafka-admin-client-thread | adminclient-14] INFO org.apache.kafka.clients.NetworkClient - [AdminClient clientId=adminclient-14] Node -1 disconnected.
[kafka-admin-client-thread | adminclient-14] WARN org.apache.kafka.clients.NetworkClient - [AdminClient clientId=adminclient-14] Connection to node -1 (localhost/127.0.0.1:9092) could not be established. Broker may not be available.
[kafka-admin-client-thread | adminclient-27] INFO org.apache.kafka.clients.NetworkClient - [AdminClient clientId=adminclient-27] Node -1 disconnected.
[kafka-admin-client-thread | adminclient-8] INFO org.apache.kafka.clients.NetworkClient - [AdminClient clientId=adminclient-8] Node -1 disconnected.
[kafka-admin-client-thread | adminclient-27] WARN org.apache.kafka.clients.NetworkClient - [AdminClient clientId=adminclient-27] Connection to node -1 (localhost/127.0.0.1:9092) could not be established. Broker may not be available.
[kafka-admin-client-thread | adminclient-8] WARN org.apache.kafka.clients.NetworkClient - [AdminClient clientId=adminclient-8] Connection to node -1 (localhost/127.0.0.1:9092) could not be established. Broker may not be available.
[kafka-admin-client-thread | adminclient-2] INFO org.apache.kafka.clients.NetworkClient - [AdminClient clientId=adminclient-2] Node -1 disconnected.
[kafka-admin-client-thread | adminclient-2] WARN org.apache.kafka.clients.NetworkClient - [AdminClient clientId=adminclient-2] Connection to node -1 (localhost/127.0.0.1:9092) could not be established. Broker may not be available.
[kafka-admin-client-thread | adminclient-18] INFO org.apache.kafka.clients.NetworkClient - [AdminClient clientId=adminclient-18] Node -1 disconnected.
[kafka-admin-client-thread | adminclient-18] WARN org.apache.kafka.clients.NetworkClient - [AdminClient clientId=adminclient-18] Connection to node -1 (localhost/127.0.0.1:9092) could not be established. Broker may not be available.
[kafka-admin-client-thread | adminclient-21] INFO org.apache.kafka.clients.NetworkClient - [AdminClient clientId=adminclient-21] Node -1 disconnected.
[kafka-admin-client-thread | adminclient-21] WARN org.apache.kafka.clients.NetworkClient - [AdminClient clientId=adminclient-21] Connection to node -1 (localhost/127.0.0.1:9092) could not be established. Broker may not be available.
[kafka-admin-client-thread | adminclient-3] INFO org.apache.kafka.clients.NetworkClient - [AdminClient clientId=adminclient-3] Node -1 disconnected.
[kafka-admin-client-thread | adminclient-3] WARN org.apache.kafka.clients.NetworkClient - [AdminClient clientId=adminclient-3] Connection to node -1 (localhost/127.0.0.1:9092) could not be established. Broker may not be available.
[kafka-admin-client-thread | adminclient-9] INFO org.apache.kafka.clients.NetworkClient - [AdminClient clientId=adminclient-9] Node -1 disconnected.
[kafka-admin-client-thread | adminclient-26] INFO org.apache.kafka.clients.NetworkClient - [AdminClient clientId=adminclient-26] Node -1 disconnected.
[kafka-admin-client-thread | adminclient-9] WARN org.apache.kafka.clients.NetworkClient - [AdminClient clientId=adminclient-9] Connection to node -1 (localhost/127.0.0.1:9092) could not be established. Broker may not be available.
[kafka-admin-client-thread | adminclient-26] WARN org.apache.kafka.clients.NetworkClient - [AdminClient clientId=adminclient-26] Connection to node -1 (localhost/127.0.0.1:9092) could not be established. Broker may not be available.
[kafka-admin-client-thread | adminclient-1] INFO org.apache.kafka.clients.NetworkClient - [AdminClient clientId=adminclient-1] Node -1 disconnected.
[kafka-admin-client-thread | adminclient-1] WARN org.apache.kafka.clients.NetworkClient - [AdminClient clientId=adminclient-1] Connection to node -1 (localhost/127.0.0.1:9092) could not be established. Broker may not be available.
[kafka-admin-client-thread | adminclient-4] INFO org.apache.kafka.clients.NetworkClient - [AdminClient clientId=adminclient-4] Node -1 disconnected.
[kafka-admin-client-thread | adminclient-4] WARN org.apache.kafka.clients.NetworkClient - [AdminClient clientId=adminclient-4] Connection to node -1 (localhost/127.0.0.1:9092) could not be established. Broker may not be available.
[kafka-admin-client-thread | adminclient-28] INFO org.apache.kafka.clients.NetworkClient - [AdminClient clientId=adminclient-28] Node -1 disconnected.
[kafka-admin-client-thread | adminclient-28] WARN org.apache.kafka.clients.NetworkClient - [AdminClient clientId=adminclient-28] Connection to node -1 (localhost/127.0.0.1:9092) could not be established. Broker may not be available.
[kafka-admin-client-thread | adminclient-15] INFO org.apache.kafka.clients.NetworkClient - [AdminClient clientId=adminclient-15] Node -1 disconnected.
[kafka-admin-client-thread | adminclient-15] WARN org.apache.kafka.clients.NetworkClient - [AdminClient clientId=adminclient-15] Connection to node -1 (localhost/127.0.0.1:9092) could not be established. Broker may not be available.
[kafka-admin-client-thread | adminclient-16] INFO org.apache.kafka.clients.NetworkClient - [AdminClient clientId=adminclient-16] Node -1 disconnected.
[kafka-admin-client-thread | adminclient-16] WARN org.apache.kafka.clients.NetworkClient - [AdminClient clientId=adminclient-16] Connection to node -1 (localhost/127.0.0.1:9092) could not be established. Broker may not be available.
[kafka-admin-client-thread | adminclient-25] INFO org.apache.kafka.clients.NetworkClient - [AdminClient clientId=adminclient-25] Node -1 disconnected.
[kafka-admin-client-thread | adminclient-25] WARN org.apache.kafka.clients.NetworkClient - [AdminClient clientId=adminclient-25] Connection to node -1 (localhost/127.0.0.1:9092) could not be established. Broker may not be available.
[kafka-admin-client-thread | adminclient-13] INFO org.apache.kafka.clients.NetworkClient - [AdminClient clientId=adminclient-13] Node -1 disconnected.
[kafka-admin-client-thread | adminclient-13] WARN org.apache.kafka.clients.NetworkClient - [AdminClient clientId=adminclient-13] Connection to node -1 (localhost/127.0.0.1:9092) could not be established. Broker may not be available.
[kafka-admin-client-thread | adminclient-17] INFO org.apache.kafka.clients.NetworkClient - [AdminClient clientId=adminclient-17] Node -1 disconnected.
[kafka-admin-client-thread | adminclient-17] WARN org.apache.kafka.clients.NetworkClient - [AdminClient clientId=adminclient-17] Connection to node -1 (localhost/127.0.0.1:9092) could not be established. Broker may not be available.
[kafka-admin-client-thread | adminclient-24] INFO org.apache.kafka.clients.NetworkClient - [AdminClient clientId=adminclient-24] Node -1 disconnected.
[kafka-admin-client-thread | adminclient-24] WARN org.apache.kafka.clients.NetworkClient - [AdminClient clientId=adminclient-24] Connection to node -1 (localhost/127.0.0.1:9092) could not be established. Broker may not be available.
[kafka-admin-client-thread | adminclient-12] INFO org.apache.kafka.clients.NetworkClient - [AdminClient clientId=adminclient-12] Node -1 disconnected.
[kafka-admin-client-thread | adminclient-12] WARN org.apache.kafka.clients.NetworkClient - [AdminClient clientId=adminclient-12] Connection to node -1 (localhost/127.0.0.1:9092) could not be established. Broker may not be available.
[kafka-admin-client-thread | adminclient-7] INFO org.apache.kafka.clients.NetworkClient - [AdminClient clientId=adminclient-7] Node -1 disconnected.
[kafka-admin-client-thread | adminclient-7] WARN org.apache.kafka.clients.NetworkClient - [AdminClient clientId=adminclient-7] Connection to node -1 (localhost/127.0.0.1:9092) could not be established. Broker may not be available.
[kafka-admin-client-thread | adminclient-20] INFO org.apache.kafka.clients.NetworkClient - [AdminClient clientId=adminclient-20] Node -1 disconnected.
[kafka-admin-client-thread | adminclient-20] WARN org.apache.kafka.clients.NetworkClient - [AdminClient clientId=adminclient-20] Connection to node -1 (localhost/127.0.0.1:9092) could not be established. Broker may not be available.
[kafka-admin-client-thread | adminclient-22] INFO org.apache.kafka.clients.NetworkClient - [AdminClient clientId=adminclient-22] Node -1 disconnected.
[kafka-admin-client-thread | adminclient-22] WARN org.apache.kafka.clients.NetworkClient - [AdminClient clientId=adminclient-22] Connection to node -1 (localhost/127.0.0.1:9092) could not be established. Broker may not be available.
[kafka-admin-client-thread | adminclient-19] INFO org.apache.kafka.clients.NetworkClient - [AdminClient clientId=adminclient-19] Node -1 disconnected.
[kafka-admin-client-thread | adminclient-19] WARN org.apache.kafka.clients.NetworkClient - [AdminClient clientId=adminclient-19] Connection to node -1 (localhost/127.0.0.1:9092) could not be established. Broker may not be available.
[kafka-admin-client-thread | adminclient-14] INFO org.apache.kafka.clients.NetworkClient - [AdminClient clientId=adminclient-14] Node -1 disconnected.
[kafka-admin-client-thread | adminclient-14] WARN org.apache.kafka.clients.NetworkClient - [AdminClient clientId=adminclient-14] Connection to node -1 (localhost/127.0.0.1:9092) could not be established. Broker may not be available.
[kafka-admin-client-thread | adminclient-8] INFO org.apache.kafka.clients.NetworkClient - [AdminClient clientId=adminclient-8] Node -1 disconnected.
[kafka-admin-client-thread | adminclient-27] INFO org.apache.kafka.clients.NetworkClient - [AdminClient clientId=adminclient-27] Node -1 disconnected.
[kafka-admin-client-thread | adminclient-8] WARN org.apache.kafka.clients.NetworkClient - [AdminClient clientId=adminclient-8] Connection to node -1 (localhost/127.0.0.1:9092) could not be established. Broker may not be available.
[kafka-admin-client-thread | adminclient-27] WARN org.apache.kafka.clients.NetworkClient - [AdminClient clientId=adminclient-27] Connection to node -1 (localhost/127.0.0.1:9092) could not be established. Broker may not be available.
[kafka-admin-client-thread | adminclient-18] INFO org.apache.kafka.clients.NetworkClient - [AdminClient clientId=adminclient-18] Node -1 disconnected.
[kafka-admin-client-thread | adminclient-18] WARN org.apache.kafka.clients.NetworkClient - [AdminClient clientId=adminclient-18] Connection to node -1 (localhost/127.0.0.1:9092) could not be established. Broker may not be available.
[kafka-admin-client-thread | adminclient-23] INFO org.apache.kafka.clients.NetworkClient - [AdminClient clientId=adminclient-23] Node -1 disconnected.
[kafka-admin-client-thread | adminclient-23] WARN org.apache.kafka.clients.NetworkClient - [AdminClient clientId=adminclient-23] Connection to node -1 (localhost/127.0.0.1:9092) could not be established. Broker may not be available.
[kafka-admin-client-thread | adminclient-10] INFO org.apache.kafka.clients.NetworkClient - [AdminClient clientId=adminclient-10] Node -1 disconnected.
[kafka-admin-client-thread | adminclient-10] WARN org.apache.kafka.clients.NetworkClient - [AdminClient clientId=adminclient-10] Connection to node -1 (localhost/127.0.0.1:9092) could not be established. Broker may not be available.
[kafka-admin-client-thread | adminclient-11] INFO org.apache.kafka.clients.NetworkClient - [AdminClient clientId=adminclient-11] Node -1 disconnected.
[kafka-admin-client-thread | adminclient-11] WARN org.apache.kafka.clients.NetworkClient - [AdminClient clientId=adminclient-11] Connection to node -1 (localhost/127.0.0.1:9092) could not be established. Broker may not be available.
[kafka-admin-client-thread | adminclient-2] INFO org.apache.kafka.clients.NetworkClient - [AdminClient clientId=adminclient-2] Node -1 disconnected.
[kafka-admin-client-thread | adminclient-2] WARN org.apache.kafka.clients.NetworkClient - [AdminClient clientId=adminclient-2] Connection to node -1 (localhost/127.0.0.1:9092) could not be established. Broker may not be available.
[kafka-admin-client-thread | adminclient-3] INFO org.apache.kafka.clients.NetworkClient - [AdminClient clientId=adminclient-3] Node -1 disconnected.
[kafka-admin-client-thread | adminclient-3] WARN org.apache.kafka.clients.NetworkClient - [AdminClient clientId=adminclient-3] Connection to node -1 (localhost/127.0.0.1:9092) could not be established. Broker may not be available.
[kafka-admin-client-thread | adminclient-21] INFO org.apache.kafka.clients.NetworkClient - [AdminClient clientId=adminclient-21] Node -1 disconnected.
[kafka-admin-client-thread | adminclient-21] WARN org.apache.kafka.clients.NetworkClient - [AdminClient clientId=adminclient-21] Connection to node -1 (localhost/127.0.0.1:9092) could not be established. Broker may not be available.
[kafka-admin-client-thread | adminclient-9] INFO org.apache.kafka.clients.NetworkClient - [AdminClient clientId=adminclient-9] Node -1 disconnected.
[kafka-admin-client-thread | adminclient-9] WARN org.apache.kafka.clients.NetworkClient - [AdminClient clientId=adminclient-9] Connection to node -1 (localhost/127.0.0.1:9092) could not be established. Broker may not be available.
[kafka-admin-client-thread | adminclient-13] INFO org.apache.kafka.clients.NetworkClient - [AdminClient clientId=adminclient-13] Node -1 disconnected.
[kafka-admin-client-thread | adminclient-13] WARN org.apache.kafka.clients.NetworkClient - [AdminClient clientId=adminclient-13] Connection to node -1 (localhost/127.0.0.1:9092) could not be established. Broker may not be available.
[kafka-admin-client-thread | adminclient-1] INFO org.apache.kafka.clients.NetworkClient - [AdminClient clientId=adminclient-1] Node -1 disconnected.
[kafka-admin-client-thread | adminclient-1] WARN org.apache.kafka.clients.NetworkClient - [AdminClient clientId=adminclient-1] Connection to node -1 (localhost/127.0.0.1:9092) could not be established. Broker may not be available.
[kafka-admin-client-thread | adminclient-26] INFO org.apache.kafka.clients.NetworkClient - [AdminClient clientId=adminclient-26] Node -1 disconnected.
[kafka-admin-client-thread | adminclient-26] WARN org.apache.kafka.clients.NetworkClient - [AdminClient clientId=adminclient-26] Connection to node -1 (localhost/127.0.0.1:9092) could not be established. Broker may not be available.
[kafka-admin-client-thread | adminclient-28] INFO org.apache.kafka.clients.NetworkClient - [AdminClient clientId=adminclient-28] Node -1 disconnected.
[kafka-admin-client-thread | adminclient-28] WARN org.apache.kafka.clients.NetworkClient - [AdminClient clientId=adminclient-28] Connection to node -1 (localhost/127.0.0.1:9092) could not be established. Broker may not be available.
[kafka-admin-client-thread | adminclient-25] INFO org.apache.kafka.clients.NetworkClient - [AdminClient clientId=adminclient-25] Node -1 disconnected.
[kafka-admin-client-thread | adminclient-25] WARN org.apache.kafka.clients.NetworkClient - [AdminClient clientId=adminclient-25] Connection to node -1 (localhost/127.0.0.1:9092) could not be established. Broker may not be available.
[kafka-admin-client-thread | adminclient-12] INFO org.apache.kafka.clients.NetworkClient - [AdminClient clientId=adminclient-12] Node -1 disconnected.
[kafka-admin-client-thread | adminclient-12] WARN org.apache.kafka.clients.NetworkClient - [AdminClient clientId=adminclient-12] Connection to node -1 (localhost/127.0.0.1:9092) could not be established. Broker may not be available.
[kafka-admin-client-thread | adminclient-16] INFO org.apache.kafka.clients.NetworkClient - [AdminClient clientId=adminclient-16] Node -1 disconnected.
[kafka-admin-client-thread | adminclient-20] INFO org.apache.kafka.clients.NetworkClient - [AdminClient clientId=adminclient-20] Node -1 disconnected.
[kafka-admin-client-thread | adminclient-16] WARN org.apache.kafka.clients.NetworkClient - [AdminClient clientId=adminclient-16] Connection to node -1 (localhost/127.0.0.1:9092) could not be established. Broker may not be available.
[kafka-admin-client-thread | adminclient-20] WARN org.apache.kafka.clients.NetworkClient - [AdminClient clientId=adminclient-20] Connection to node -1 (localhost/127.0.0.1:9092) could not be established. Broker may not be available.
[kafka-admin-client-thread | adminclient-22] INFO org.apache.kafka.clients.NetworkClient - [AdminClient clientId=adminclient-22] Node -1 disconnected.
[kafka-admin-client-thread | adminclient-22] WARN org.apache.kafka.clients.NetworkClient - [AdminClient clientId=adminclient-22] Connection to node -1 (localhost/127.0.0.1:9092) could not be established. Broker may not be available.
[kafka-admin-client-thread | adminclient-4] INFO org.apache.kafka.clients.NetworkClient - [AdminClient clientId=adminclient-4] Node -1 disconnected.
[kafka-admin-client-thread | adminclient-4] WARN org.apache.kafka.clients.NetworkClient - [AdminClient clientId=adminclient-4] Connection to node -1 (localhost/127.0.0.1:9092) could not be established. Broker may not be available.
[kafka-admin-client-thread | adminclient-15] INFO org.apache.kafka.clients.NetworkClient - [AdminClient clientId=adminclient-15] Node -1 disconnected.
[kafka-admin-client-thread | adminclient-15] WARN org.apache.kafka.clients.NetworkClient - [AdminClient clientId=adminclient-15] Connection to node -1 (localhost/127.0.0.1:9092) could not be established. Broker may not be available.
[kafka-admin-client-thread | adminclient-23] INFO org.apache.kafka.clients.NetworkClient - [AdminClient clientId=adminclient-23] Node -1 disconnected.
[kafka-admin-client-thread | adminclient-23] WARN org.apache.kafka.clients.NetworkClient - [AdminClient clientId=adminclient-23] Connection to node -1 (localhost/127.0.0.1:9092) could not be established. Broker may not be available.
[kafka-admin-client-thread | adminclient-24] INFO org.apache.kafka.clients.NetworkClient - [AdminClient clientId=adminclient-24] Node -1 disconnected.
[kafka-admin-client-thread | adminclient-24] WARN org.apache.kafka.clients.NetworkClient - [AdminClient clientId=adminclient-24] Connection to node -1 (localhost/127.0.0.1:9092) could not be established. Broker may not be available.
[kafka-admin-client-thread | adminclient-27] INFO org.apache.kafka.clients.NetworkClient - [AdminClient clientId=adminclient-27] Node -1 disconnected.
[kafka-admin-client-thread | adminclient-27] WARN org.apache.kafka.clients.NetworkClient - [AdminClient clientId=adminclient-27] Connection to node -1 (localhost/127.0.0.1:9092) could not be established. Broker may not be available.
[kafka-admin-client-thread | adminclient-8] INFO org.apache.kafka.clients.NetworkClient - [AdminClient clientId=adminclient-8] Node -1 disconnected.
[kafka-admin-client-thread | adminclient-8] WARN org.apache.kafka.clients.NetworkClient - [AdminClient clientId=adminclient-8] Connection to node -1 (localhost/127.0.0.1:9092) could not be established. Broker may not be available.
[kafka-admin-client-thread | adminclient-18] INFO org.apache.kafka.clients.NetworkClient - [AdminClient clientId=adminclient-18] Node -1 disconnected.
[kafka-admin-client-thread | adminclient-17] INFO org.apache.kafka.clients.NetworkClient - [AdminClient clientId=adminclient-17] Node -1 disconnected.
[kafka-admin-client-thread | adminclient-17] WARN org.apache.kafka.clients.NetworkClient - [AdminClient clientId=adminclient-17] Connection to node -1 (localhost/127.0.0.1:9092) could not be established. Broker may not be available.
[kafka-admin-client-thread | adminclient-18] WARN org.apache.kafka.clients.NetworkClient - [AdminClient clientId=adminclient-18] Connection to node -1 (localhost/127.0.0.1:9092) could not be established. Broker may not be available.
[kafka-admin-client-thread | adminclient-7] INFO org.apache.kafka.clients.NetworkClient - [AdminClient clientId=adminclient-7] Node -1 disconnected.
[kafka-admin-client-thread | adminclient-7] WARN org.apache.kafka.clients.NetworkClient - [AdminClient clientId=adminclient-7] Connection to node -1 (localhost/127.0.0.1:9092) could not be established. Broker may not be available.
[kafka-admin-client-thread | adminclient-19] INFO org.apache.kafka.clients.NetworkClient - [AdminClient clientId=adminclient-19] Node -1 disconnected.
[kafka-admin-client-thread | adminclient-19] WARN org.apache.kafka.clients.NetworkClient - [AdminClient clientId=adminclient-19] Connection to node -1 (localhost/127.0.0.1:9092) could not be established. Broker may not be available.
[kafka-admin-client-thread | adminclient-3] INFO org.apache.kafka.clients.NetworkClient - [AdminClient clientId=adminclient-3] Node -1 disconnected.
[kafka-admin-client-thread | adminclient-10] INFO org.apache.kafka.clients.NetworkClient - [AdminClient clientId=adminclient-10] Node -1 disconnected.
[kafka-admin-client-thread | adminclient-10] WARN org.apache.kafka.clients.NetworkClient - [AdminClient clientId=adminclient-10] Connection to node -1 (localhost/127.0.0.1:9092) could not be established. Broker may not be available.
[kafka-admin-client-thread | adminclient-3] WARN org.apache.kafka.clients.NetworkClient - [AdminClient clientId=adminclient-3] Connection to node -1 (localhost/127.0.0.1:9092) could not be established. Broker may not be available.
[kafka-admin-client-thread | adminclient-14] INFO org.apache.kafka.clients.NetworkClient - [AdminClient clientId=adminclient-14] Node -1 disconnected.
[kafka-admin-client-thread | adminclient-14] WARN org.apache.kafka.clients.NetworkClient - [AdminClient clientId=adminclient-14] Connection to node -1 (localhost/127.0.0.1:9092) could not be established. Broker may not be available.
[kafka-admin-client-thread | adminclient-2] INFO org.apache.kafka.clients.NetworkClient - [AdminClient clientId=adminclient-2] Node -1 disconnected.
[kafka-admin-client-thread | adminclient-2] WARN org.apache.kafka.clients.NetworkClient - [AdminClient clientId=adminclient-2] Connection to node -1 (localhost/127.0.0.1:9092) could not be established. Broker may not be available.
[kafka-admin-client-thread | adminclient-21] INFO org.apache.kafka.clients.NetworkClient - [AdminClient clientId=adminclient-21] Node -1 disconnected.
[kafka-admin-client-thread | adminclient-21] WARN org.apache.kafka.clients.NetworkClient - [AdminClient clientId=adminclient-21] Connection to node -1 (localhost/127.0.0.1:9092) could not be established. Broker may not be available.
[kafka-admin-client-thread | adminclient-26] INFO org.apache.kafka.clients.NetworkClient - [AdminClient clientId=adminclient-26] Node -1 disconnected.
[kafka-admin-client-thread | adminclient-26] WARN org.apache.kafka.clients.NetworkClient - [AdminClient clientId=adminclient-26] Connection to node -1 (localhost/127.0.0.1:9092) could not be established. Broker may not be available.
[kafka-admin-client-thread | adminclient-11] INFO org.apache.kafka.clients.NetworkClient - [AdminClient clientId=adminclient-11] Node -1 disconnected.
[kafka-admin-client-thread | adminclient-11] WARN org.apache.kafka.clients.NetworkClient - [AdminClient clientId=adminclient-11] Connection to node -1 (localhost/127.0.0.1:9092) could not be established. Broker may not be available.
[kafka-admin-client-thread | adminclient-1] INFO org.apache.kafka.clients.NetworkClient - [AdminClient clientId=adminclient-1] Node -1 disconnected.
[kafka-admin-client-thread | adminclient-1] WARN org.apache.kafka.clients.NetworkClient - [AdminClient clientId=adminclient-1] Connection to node -1 (localhost/127.0.0.1:9092) could not be established. Broker may not be available.
[kafka-admin-client-thread | adminclient-25] INFO org.apache.kafka.clients.NetworkClient - [AdminClient clientId=adminclient-25] Node -1 disconnected.
[kafka-admin-client-thread | adminclient-25] WARN org.apache.kafka.clients.NetworkClient - [AdminClient clientId=adminclient-25] Connection to node -1 (localhost/127.0.0.1:9092) could not be established. Broker may not be available.
[kafka-admin-client-thread | adminclient-9] INFO org.apache.kafka.clients.NetworkClient - [AdminClient clientId=adminclient-9] Node -1 disconnected.
[kafka-admin-client-thread | adminclient-9] WARN org.apache.kafka.clients.NetworkClient - [AdminClient clientId=adminclient-9] Connection to node -1 (localhost/127.0.0.1:9092) could not be established. Broker may not be available.
[kafka-admin-client-thread | adminclient-13] INFO org.apache.kafka.clients.NetworkClient - [AdminClient clientId=adminclient-13] Node -1 disconnected.
[kafka-admin-client-thread | adminclient-13] WARN org.apache.kafka.clients.NetworkClient - [AdminClient clientId=adminclient-13] Connection to node -1 (localhost/127.0.0.1:9092) could not be established. Broker may not be available.
[kafka-admin-client-thread | adminclient-28] INFO org.apache.kafka.clients.NetworkClient - [AdminClient clientId=adminclient-28] Node -1 disconnected.
[kafka-admin-client-thread | adminclient-28] WARN org.apache.kafka.clients.NetworkClient - [AdminClient clientId=adminclient-28] Connection to node -1 (localhost/127.0.0.1:9092) could not be established. Broker may not be available.
[kafka-admin-client-thread | adminclient-20] INFO org.apache.kafka.clients.NetworkClient - [AdminClient clientId=adminclient-20] Node -1 disconnected.
[kafka-admin-client-thread | adminclient-16] INFO org.apache.kafka.clients.NetworkClient - [AdminClient clientId=adminclient-16] Node -1 disconnected.
[kafka-admin-client-thread | adminclient-16] WARN org.apache.kafka.clients.NetworkClient - [AdminClient clientId=adminclient-16] Connection to node -1 (localhost/127.0.0.1:9092) could not be established. Broker may not be available.
[kafka-admin-client-thread | adminclient-20] WARN org.apache.kafka.clients.NetworkClient - [AdminClient clientId=adminclient-20] Connection to node -1 (localhost/127.0.0.1:9092) could not be established. Broker may not be available.
[kafka-admin-client-thread | adminclient-12] INFO org.apache.kafka.clients.NetworkClient - [AdminClient clientId=adminclient-12] Node -1 disconnected.
[kafka-admin-client-thread | adminclient-12] WARN org.apache.kafka.clients.NetworkClient - [AdminClient clientId=adminclient-12] Connection to node -1 (localhost/127.0.0.1:9092) could not be established. Broker may not be available.
[kafka-admin-client-thread | adminclient-22] INFO org.apache.kafka.clients.NetworkClient - [AdminClient clientId=adminclient-22] Node -1 disconnected.
[kafka-admin-client-thread | adminclient-22] WARN org.apache.kafka.clients.NetworkClient - [AdminClient clientId=adminclient-22] Connection to node -1 (localhost/127.0.0.1:9092) could not be established. Broker may not be available.
[kafka-admin-client-thread | adminclient-23] INFO org.apache.kafka.clients.NetworkClient - [AdminClient clientId=adminclient-23] Node -1 disconnected.
[kafka-admin-client-thread | adminclient-18] INFO org.apache.kafka.clients.NetworkClient - [AdminClient clientId=adminclient-18] Node -1 disconnected.
[kafka-admin-client-thread | adminclient-18] WARN org.apache.kafka.clients.NetworkClient - [AdminClient clientId=adminclient-18] Connection to node -1 (localhost/127.0.0.1:9092) could not be established. Broker may not be available.
[kafka-admin-client-thread | adminclient-23] WARN org.apache.kafka.clients.NetworkClient - [AdminClient clientId=adminclient-23] Connection to node -1 (localhost/127.0.0.1:9092) could not be established. Broker may not be available.
[kafka-admin-client-thread | adminclient-24] INFO org.apache.kafka.clients.NetworkClient - [AdminClient clientId=adminclient-24] Node -1 disconnected.
[kafka-admin-client-thread | adminclient-24] WARN org.apache.kafka.clients.NetworkClient - [AdminClient clientId=adminclient-24] Connection to node -1 (localhost/127.0.0.1:9092) could not be established. Broker may not be available.
[kafka-admin-client-thread | adminclient-4] INFO org.apache.kafka.clients.NetworkClient - [AdminClient clientId=adminclient-4] Node -1 disconnected.
[kafka-admin-client-thread | adminclient-4] WARN org.apache.kafka.clients.NetworkClient - [AdminClient clientId=adminclient-4] Connection to node -1 (localhost/127.0.0.1:9092) could not be established. Broker may not be available.
[kafka-admin-client-thread | adminclient-8] INFO org.apache.kafka.clients.NetworkClient - [AdminClient clientId=adminclient-8] Node -1 disconnected.
[kafka-admin-client-thread | adminclient-8] WARN org.apache.kafka.clients.NetworkClient - [AdminClient clientId=adminclient-8] Connection to node -1 (localhost/127.0.0.1:9092) could not be established. Broker may not be available.
[kafka-admin-client-thread | adminclient-17] INFO org.apache.kafka.clients.NetworkClient - [AdminClient clientId=adminclient-17] Node -1 disconnected.
[kafka-admin-client-thread | adminclient-17] WARN org.apache.kafka.clients.NetworkClient - [AdminClient clientId=adminclient-17] Connection to node -1 (localhost/127.0.0.1:9092) could not be established. Broker may not be available.
[kafka-admin-client-thread | adminclient-7] INFO org.apache.kafka.clients.NetworkClient - [AdminClient clientId=adminclient-7] Node -1 disconnected.
[kafka-admin-client-thread | adminclient-15] INFO org.apache.kafka.clients.NetworkClient - [AdminClient clientId=adminclient-15] Node -1 disconnected.
[kafka-admin-client-thread | adminclient-7] WARN org.apache.kafka.clients.NetworkClient - [AdminClient clientId=adminclient-7] Connection to node -1 (localhost/127.0.0.1:9092) could not be established. Broker may not be available.
[kafka-admin-client-thread | adminclient-15] WARN org.apache.kafka.clients.NetworkClient - [AdminClient clientId=adminclient-15] Connection to node -1 (localhost/127.0.0.1:9092) could not be established. Broker may not be available.
[kafka-admin-client-thread | adminclient-14] INFO org.apache.kafka.clients.NetworkClient - [AdminClient clientId=adminclient-14] Node -1 disconnected.
[kafka-admin-client-thread | adminclient-14] WARN org.apache.kafka.clients.NetworkClient - [AdminClient clientId=adminclient-14] Connection to node -1 (localhost/127.0.0.1:9092) could not be established. Broker may not be available.
[kafka-admin-client-thread | adminclient-27] INFO org.apache.kafka.clients.NetworkClient - [AdminClient clientId=adminclient-27] Node -1 disconnected.
[kafka-admin-client-thread | adminclient-27] WARN org.apache.kafka.clients.NetworkClient - [AdminClient clientId=adminclient-27] Connection to node -1 (localhost/127.0.0.1:9092) could not be established. Broker may not be available.
[kafka-admin-client-thread | adminclient-19] INFO org.apache.kafka.clients.NetworkClient - [AdminClient clientId=adminclient-19] Node -1 disconnected.
[kafka-admin-client-thread | adminclient-19] WARN org.apache.kafka.clients.NetworkClient - [AdminClient clientId=adminclient-19] Connection to node -1 (localhost/127.0.0.1:9092) could not be established. Broker may not be available.
[kafka-admin-client-thread | adminclient-3] INFO org.apache.kafka.clients.NetworkClient - [AdminClient clientId=adminclient-3] Node -1 disconnected.
[kafka-admin-client-thread | adminclient-3] WARN org.apache.kafka.clients.NetworkClient - [AdminClient clientId=adminclient-3] Connection to node -1 (localhost/127.0.0.1:9092) could not be established. Broker may not be available.
[kafka-admin-client-thread | adminclient-21] INFO org.apache.kafka.clients.NetworkClient - [AdminClient clientId=adminclient-21] Node -1 disconnected.
[kafka-admin-client-thread | adminclient-21] WARN org.apache.kafka.clients.NetworkClient - [AdminClient clientId=adminclient-21] Connection to node -1 (localhost/127.0.0.1:9092) could not be established. Broker may not be available.
[kafka-admin-client-thread | adminclient-10] INFO org.apache.kafka.clients.NetworkClient - [AdminClient clientId=adminclient-10] Node -1 disconnected.
[kafka-admin-client-thread | adminclient-10] WARN org.apache.kafka.clients.NetworkClient - [AdminClient clientId=adminclient-10] Connection to node -1 (localhost/127.0.0.1:9092) could not be established. Broker may not be available.
[kafka-admin-client-thread | adminclient-26] INFO org.apache.kafka.clients.NetworkClient - [AdminClient clientId=adminclient-26] Node -1 disconnected.
[kafka-admin-client-thread | adminclient-2] INFO org.apache.kafka.clients.NetworkClient - [AdminClient clientId=adminclient-2] Node -1 disconnected.
[kafka-admin-client-thread | adminclient-2] WARN org.apache.kafka.clients.NetworkClient - [AdminClient clientId=adminclient-2] Connection to node -1 (localhost/127.0.0.1:9092) could not be established. Broker may not be available.
[kafka-admin-client-thread | adminclient-26] WARN org.apache.kafka.clients.NetworkClient - [AdminClient clientId=adminclient-26] Connection to node -1 (localhost/127.0.0.1:9092) could not be established. Broker may not be available.
[kafka-admin-client-thread | adminclient-11] INFO org.apache.kafka.clients.NetworkClient - [AdminClient clientId=adminclient-11] Node -1 disconnected.
[kafka-admin-client-thread | adminclient-11] WARN org.apache.kafka.clients.NetworkClient - [AdminClient clientId=adminclient-11] Connection to node -1 (localhost/127.0.0.1:9092) could not be established. Broker may not be available.
[kafka-admin-client-thread | adminclient-16] INFO org.apache.kafka.clients.NetworkClient - [AdminClient clientId=adminclient-16] Node -1 disconnected.
[kafka-admin-client-thread | adminclient-25] INFO org.apache.kafka.clients.NetworkClient - [AdminClient clientId=adminclient-25] Node -1 disconnected.
[kafka-admin-client-thread | adminclient-16] WARN org.apache.kafka.clients.NetworkClient - [AdminClient clientId=adminclient-16] Connection to node -1 (localhost/127.0.0.1:9092) could not be established. Broker may not be available.
[kafka-admin-client-thread | adminclient-25] WARN org.apache.kafka.clients.NetworkClient - [AdminClient clientId=adminclient-25] Connection to node -1 (localhost/127.0.0.1:9092) could not be established. Broker may not be available.
[kafka-admin-client-thread | adminclient-12] INFO org.apache.kafka.clients.NetworkClient - [AdminClient clientId=adminclient-12] Node -1 disconnected.
[kafka-admin-client-thread | adminclient-12] WARN org.apache.kafka.clients.NetworkClient - [AdminClient clientId=adminclient-12] Connection to node -1 (localhost/127.0.0.1:9092) could not be established. Broker may not be available.
[kafka-admin-client-thread | adminclient-1] INFO org.apache.kafka.clients.NetworkClient - [AdminClient clientId=adminclient-1] Node -1 disconnected.
[kafka-admin-client-thread | adminclient-1] WARN org.apache.kafka.clients.NetworkClient - [AdminClient clientId=adminclient-1] Connection to node -1 (localhost/127.0.0.1:9092) could not be established. Broker may not be available.
[kafka-admin-client-thread | adminclient-24] INFO org.apache.kafka.clients.NetworkClient - [AdminClient clientId=adminclient-24] Node -1 disconnected.
[kafka-admin-client-thread | adminclient-24] WARN org.apache.kafka.clients.NetworkClient - [AdminClient clientId=adminclient-24] Connection to node -1 (localhost/127.0.0.1:9092) could not be established. Broker may not be available.
[kafka-admin-client-thread | adminclient-4] INFO org.apache.kafka.clients.NetworkClient - [AdminClient clientId=adminclient-4] Node -1 disconnected.
[kafka-admin-client-thread | adminclient-4] WARN org.apache.kafka.clients.NetworkClient - [AdminClient clientId=adminclient-4] Connection to node -1 (localhost/127.0.0.1:9092) could not be established. Broker may not be available.
[kafka-admin-client-thread | adminclient-23] INFO org.apache.kafka.clients.NetworkClient - [AdminClient clientId=adminclient-23] Node -1 disconnected.
[kafka-admin-client-thread | adminclient-9] INFO org.apache.kafka.clients.NetworkClient - [AdminClient clientId=adminclient-9] Node -1 disconnected.
[kafka-admin-client-thread | adminclient-23] WARN org.apache.kafka.clients.NetworkClient - [AdminClient clientId=adminclient-23] Connection to node -1 (localhost/127.0.0.1:9092) could not be established. Broker may not be available.
[kafka-admin-client-thread | adminclient-9] WARN org.apache.kafka.clients.NetworkClient - [AdminClient clientId=adminclient-9] Connection to node -1 (localhost/127.0.0.1:9092) could not be established. Broker may not be available.
[kafka-admin-client-thread | adminclient-20] INFO org.apache.kafka.clients.NetworkClient - [AdminClient clientId=adminclient-20] Node -1 disconnected.
[kafka-admin-client-thread | adminclient-20] WARN org.apache.kafka.clients.NetworkClient - [AdminClient clientId=adminclient-20] Connection to node -1 (localhost/127.0.0.1:9092) could not be established. Broker may not be available.
[kafka-admin-client-thread | adminclient-18] INFO org.apache.kafka.clients.NetworkClient - [AdminClient clientId=adminclient-18] Node -1 disconnected.
[kafka-admin-client-thread | adminclient-18] WARN org.apache.kafka.clients.NetworkClient - [AdminClient clientId=adminclient-18] Connection to node -1 (localhost/127.0.0.1:9092) could not be established. Broker may not be available.
[kafka-admin-client-thread | adminclient-13] INFO org.apache.kafka.clients.NetworkClient - [AdminClient clientId=adminclient-13] Node -1 disconnected.
[kafka-admin-client-thread | adminclient-13] WARN org.apache.kafka.clients.NetworkClient - [AdminClient clientId=adminclient-13] Connection to node -1 (localhost/127.0.0.1:9092) could not be established. Broker may not be available.
[kafka-admin-client-thread | adminclient-28] INFO org.apache.kafka.clients.NetworkClient - [AdminClient clientId=adminclient-28] Node -1 disconnected.
[kafka-admin-client-thread | adminclient-28] WARN org.apache.kafka.clients.NetworkClient - [AdminClient clientId=adminclient-28] Connection to node -1 (localhost/127.0.0.1:9092) could not be established. Broker may not be available.
[kafka-admin-client-thread | adminclient-15] INFO org.apache.kafka.clients.NetworkClient - [AdminClient clientId=adminclient-15] Node -1 disconnected.
[kafka-admin-client-thread | adminclient-15] WARN org.apache.kafka.clients.NetworkClient - [AdminClient clientId=adminclient-15] Connection to node -1 (localhost/127.0.0.1:9092) could not be established. Broker may not be available.
[kafka-admin-client-thread | adminclient-22] INFO org.apache.kafka.clients.NetworkClient - [AdminClient clientId=adminclient-22] Node -1 disconnected.
[kafka-admin-client-thread | adminclient-22] WARN org.apache.kafka.clients.NetworkClient - [AdminClient clientId=adminclient-22] Connection to node -1 (localhost/127.0.0.1:9092) could not be established. Broker may not be available.
[kafka-admin-client-thread | adminclient-14] INFO org.apache.kafka.clients.NetworkClient - [AdminClient clientId=adminclient-14] Node -1 disconnected.
[kafka-admin-client-thread | adminclient-14] WARN org.apache.kafka.clients.NetworkClient - [AdminClient clientId=adminclient-14] Connection to node -1 (localhost/127.0.0.1:9092) could not be established. Broker may not be available.
[kafka-admin-client-thread | adminclient-7] INFO org.apache.kafka.clients.NetworkClient - [AdminClient clientId=adminclient-7] Node -1 disconnected.
[kafka-admin-client-thread | adminclient-8] INFO org.apache.kafka.clients.NetworkClient - [AdminClient clientId=adminclient-8] Node -1 disconnected.
[kafka-admin-client-thread | adminclient-7] WARN org.apache.kafka.clients.NetworkClient - [AdminClient clientId=adminclient-7] Connection to node -1 (localhost/127.0.0.1:9092) could not be established. Broker may not be available.
[kafka-admin-client-thread | adminclient-8] WARN org.apache.kafka.clients.NetworkClient - [AdminClient clientId=adminclient-8] Connection to node -1 (localhost/127.0.0.1:9092) could not be established. Broker may not be available.
[kafka-admin-client-thread | adminclient-17] INFO org.apache.kafka.clients.NetworkClient - [AdminClient clientId=adminclient-17] Node -1 disconnected.
[kafka-admin-client-thread | adminclient-17] WARN org.apache.kafka.clients.NetworkClient - [AdminClient clientId=adminclient-17] Connection to node -1 (localhost/127.0.0.1:9092) could not be established. Broker may not be available.
[kafka-admin-client-thread | adminclient-21] INFO org.apache.kafka.clients.NetworkClient - [AdminClient clientId=adminclient-21] Node -1 disconnected.
[kafka-admin-client-thread | adminclient-19] INFO org.apache.kafka.clients.NetworkClient - [AdminClient clientId=adminclient-19] Node -1 disconnected.
[kafka-admin-client-thread | adminclient-21] WARN org.apache.kafka.clients.NetworkClient - [AdminClient clientId=adminclient-21] Connection to node -1 (localhost/127.0.0.1:9092) could not be established. Broker may not be available.
[kafka-admin-client-thread | adminclient-19] WARN org.apache.kafka.clients.NetworkClient - [AdminClient clientId=adminclient-19] Connection to node -1 (localhost/127.0.0.1:9092) could not be established. Broker may not be available.
[kafka-admin-client-thread | adminclient-3] INFO org.apache.kafka.clients.NetworkClient - [AdminClient clientId=adminclient-3] Node -1 disconnected.
[kafka-admin-client-thread | adminclient-3] WARN org.apache.kafka.clients.NetworkClient - [AdminClient clientId=adminclient-3] Connection to node -1 (localhost/127.0.0.1:9092) could not be established. Broker may not be available.
[kafka-admin-client-thread | adminclient-27] INFO org.apache.kafka.clients.NetworkClient - [AdminClient clientId=adminclient-27] Node -1 disconnected.
[kafka-admin-client-thread | adminclient-27] WARN org.apache.kafka.clients.NetworkClient - [AdminClient clientId=adminclient-27] Connection to node -1 (localhost/127.0.0.1:9092) could not be established. Broker may not be available.
[kafka-admin-client-thread | adminclient-26] INFO org.apache.kafka.clients.NetworkClient - [AdminClient clientId=adminclient-26] Node -1 disconnected.
[kafka-admin-client-thread | adminclient-2] INFO org.apache.kafka.clients.NetworkClient - [AdminClient clientId=adminclient-2] Node -1 disconnected.
[kafka-admin-client-thread | adminclient-26] WARN org.apache.kafka.clients.NetworkClient - [AdminClient clientId=adminclient-26] Connection to node -1 (localhost/127.0.0.1:9092) could not be established. Broker may not be available.
[kafka-admin-client-thread | adminclient-2] WARN org.apache.kafka.clients.NetworkClient - [AdminClient clientId=adminclient-2] Connection to node -1 (localhost/127.0.0.1:9092) could not be established. Broker may not be available.
[kafka-admin-client-thread | adminclient-10] INFO org.apache.kafka.clients.NetworkClient - [AdminClient clientId=adminclient-10] Node -1 disconnected.
[kafka-admin-client-thread | adminclient-10] WARN org.apache.kafka.clients.NetworkClient - [AdminClient clientId=adminclient-10] Connection to node -1 (localhost/127.0.0.1:9092) could not be established. Broker may not be available.
[kafka-admin-client-thread | adminclient-1] INFO org.apache.kafka.clients.NetworkClient - [AdminClient clientId=adminclient-1] Node -1 disconnected.
[kafka-admin-client-thread | adminclient-1] WARN org.apache.kafka.clients.NetworkClient - [AdminClient clientId=adminclient-1] Connection to node -1 (localhost/127.0.0.1:9092) could not be established. Broker may not be available.
[kafka-admin-client-thread | adminclient-18] INFO org.apache.kafka.clients.NetworkClient - [AdminClient clientId=adminclient-18] Node -1 disconnected.
[kafka-admin-client-thread | adminclient-24] INFO org.apache.kafka.clients.NetworkClient - [AdminClient clientId=adminclient-24] Node -1 disconnected.
[kafka-admin-client-thread | adminclient-18] WARN org.apache.kafka.clients.NetworkClient - [AdminClient clientId=adminclient-18] Connection to node -1 (localhost/127.0.0.1:9092) could not be established. Broker may not be available.
[kafka-admin-client-thread | adminclient-24] WARN org.apache.kafka.clients.NetworkClient - [AdminClient clientId=adminclient-24] Connection to node -1 (localhost/127.0.0.1:9092) could not be established. Broker may not be available.
[kafka-admin-client-thread | adminclient-11] INFO org.apache.kafka.clients.NetworkClient - [AdminClient clientId=adminclient-11] Node -1 disconnected.
[kafka-admin-client-thread | adminclient-12] INFO org.apache.kafka.clients.NetworkClient - [AdminClient clientId=adminclient-12] Node -1 disconnected.
[kafka-admin-client-thread | adminclient-11] WARN org.apache.kafka.clients.NetworkClient - [AdminClient clientId=adminclient-11] Connection to node -1 (localhost/127.0.0.1:9092) could not be established. Broker may not be available.
[kafka-admin-client-thread | adminclient-12] WARN org.apache.kafka.clients.NetworkClient - [AdminClient clientId=adminclient-12] Connection to node -1 (localhost/127.0.0.1:9092) could not be established. Broker may not be available.
[kafka-admin-client-thread | adminclient-4] INFO org.apache.kafka.clients.NetworkClient - [AdminClient clientId=adminclient-4] Node -1 disconnected.
[kafka-admin-client-thread | adminclient-4] WARN org.apache.kafka.clients.NetworkClient - [AdminClient clientId=adminclient-4] Connection to node -1 (localhost/127.0.0.1:9092) could not be established. Broker may not be available.
[kafka-admin-client-thread | adminclient-20] INFO org.apache.kafka.clients.NetworkClient - [AdminClient clientId=adminclient-20] Node -1 disconnected.
[kafka-admin-client-thread | adminclient-20] WARN org.apache.kafka.clients.NetworkClient - [AdminClient clientId=adminclient-20] Connection to node -1 (localhost/127.0.0.1:9092) could not be established. Broker may not be available.
[kafka-admin-client-thread | adminclient-28] INFO org.apache.kafka.clients.NetworkClient - [AdminClient clientId=adminclient-28] Node -1 disconnected.
[kafka-admin-client-thread | adminclient-28] WARN org.apache.kafka.clients.NetworkClient - [AdminClient clientId=adminclient-28] Connection to node -1 (localhost/127.0.0.1:9092) could not be established. Broker may not be available.
[kafka-admin-client-thread | adminclient-23] INFO org.apache.kafka.clients.NetworkClient - [AdminClient clientId=adminclient-23] Node -1 disconnected.
[kafka-admin-client-thread | adminclient-25] INFO org.apache.kafka.clients.NetworkClient - [AdminClient clientId=adminclient-25] Node -1 disconnected.
[kafka-admin-client-thread | adminclient-16] INFO org.apache.kafka.clients.NetworkClient - [AdminClient clientId=adminclient-16] Node -1 disconnected.
[kafka-admin-client-thread | adminclient-23] WARN org.apache.kafka.clients.NetworkClient - [AdminClient clientId=adminclient-23] Connection to node -1 (localhost/127.0.0.1:9092) could not be established. Broker may not be available.
[kafka-admin-client-thread | adminclient-25] WARN org.apache.kafka.clients.NetworkClient - [AdminClient clientId=adminclient-25] Connection to node -1 (localhost/127.0.0.1:9092) could not be established. Broker may not be available.
[kafka-admin-client-thread | adminclient-16] WARN org.apache.kafka.clients.NetworkClient - [AdminClient clientId=adminclient-16] Connection to node -1 (localhost/127.0.0.1:9092) could not be established. Broker may not be available.
[kafka-admin-client-thread | adminclient-9] INFO org.apache.kafka.clients.NetworkClient - [AdminClient clientId=adminclient-9] Node -1 disconnected.
[kafka-admin-client-thread | adminclient-9] WARN org.apache.kafka.clients.NetworkClient - [AdminClient clientId=adminclient-9] Connection to node -1 (localhost/127.0.0.1:9092) could not be established. Broker may not be available.
[kafka-admin-client-thread | adminclient-13] INFO org.apache.kafka.clients.NetworkClient - [AdminClient clientId=adminclient-13] Node -1 disconnected.
[kafka-admin-client-thread | adminclient-13] WARN org.apache.kafka.clients.NetworkClient - [AdminClient clientId=adminclient-13] Connection to node -1 (localhost/127.0.0.1:9092) could not be established. Broker may not be available.
[kafka-admin-client-thread | adminclient-8] INFO org.apache.kafka.clients.NetworkClient - [AdminClient clientId=adminclient-8] Node -1 disconnected.
[kafka-admin-client-thread | adminclient-7] INFO org.apache.kafka.clients.NetworkClient - [AdminClient clientId=adminclient-7] Node -1 disconnected.
[kafka-admin-client-thread | adminclient-15] INFO org.apache.kafka.clients.NetworkClient - [AdminClient clientId=adminclient-15] Node -1 disconnected.
[kafka-admin-client-thread | adminclient-8] WARN org.apache.kafka.clients.NetworkClient - [AdminClient clientId=adminclient-8] Connection to node -1 (localhost/127.0.0.1:9092) could not be established. Broker may not be available.
[kafka-admin-client-thread | adminclient-7] WARN org.apache.kafka.clients.NetworkClient - [AdminClient clientId=adminclient-7] Connection to node -1 (localhost/127.0.0.1:9092) could not be established. Broker may not be available.
[kafka-admin-client-thread | adminclient-15] WARN org.apache.kafka.clients.NetworkClient - [AdminClient clientId=adminclient-15] Connection to node -1 (localhost/127.0.0.1:9092) could not be established. Broker may not be available.
[kafka-admin-client-thread | adminclient-27] INFO org.apache.kafka.clients.NetworkClient - [AdminClient clientId=adminclient-27] Node -1 disconnected.
[kafka-admin-client-thread | adminclient-27] WARN org.apache.kafka.clients.NetworkClient - [AdminClient clientId=adminclient-27] Connection to node -1 (localhost/127.0.0.1:9092) could not be established. Broker may not be available.
[kafka-admin-client-thread | adminclient-17] INFO org.apache.kafka.clients.NetworkClient - [AdminClient clientId=adminclient-17] Node -1 disconnected.
[kafka-admin-client-thread | adminclient-17] WARN org.apache.kafka.clients.NetworkClient - [AdminClient clientId=adminclient-17] Connection to node -1 (localhost/127.0.0.1:9092) could not be established. Broker may not be available.
[kafka-admin-client-thread | adminclient-21] INFO org.apache.kafka.clients.NetworkClient - [AdminClient clientId=adminclient-21] Node -1 disconnected.
[kafka-admin-client-thread | adminclient-22] INFO org.apache.kafka.clients.NetworkClient - [AdminClient clientId=adminclient-22] Node -1 disconnected.
[kafka-admin-client-thread | adminclient-21] WARN org.apache.kafka.clients.NetworkClient - [AdminClient clientId=adminclient-21] Connection to node -1 (localhost/127.0.0.1:9092) could not be established. Broker may not be available.
[kafka-admin-client-thread | adminclient-22] WARN org.apache.kafka.clients.NetworkClient - [AdminClient clientId=adminclient-22] Connection to node -1 (localhost/127.0.0.1:9092) could not be established. Broker may not be available.
[kafka-admin-client-thread | adminclient-3] INFO org.apache.kafka.clients.NetworkClient - [AdminClient clientId=adminclient-3] Node -1 disconnected.
[kafka-admin-client-thread | adminclient-3] WARN org.apache.kafka.clients.NetworkClient - [AdminClient clientId=adminclient-3] Connection to node -1 (localhost/127.0.0.1:9092) could not be established. Broker may not be available.
[kafka-admin-client-thread | adminclient-14] INFO org.apache.kafka.clients.NetworkClient - [AdminClient clientId=adminclient-14] Node -1 disconnected.
[kafka-admin-client-thread | adminclient-14] WARN org.apache.kafka.clients.NetworkClient - [AdminClient clientId=adminclient-14] Connection to node -1 (localhost/127.0.0.1:9092) could not be established. Broker may not be available.
[kafka-admin-client-thread | adminclient-26] INFO org.apache.kafka.clients.NetworkClient - [AdminClient clientId=adminclient-26] Node -1 disconnected.
[kafka-admin-client-thread | adminclient-26] WARN org.apache.kafka.clients.NetworkClient - [AdminClient clientId=adminclient-26] Connection to node -1 (localhost/127.0.0.1:9092) could not be established. Broker may not be available.
[kafka-admin-client-thread | adminclient-19] INFO org.apache.kafka.clients.NetworkClient - [AdminClient clientId=adminclient-19] Node -1 disconnected.
[kafka-admin-client-thread | adminclient-2] INFO org.apache.kafka.clients.NetworkClient - [AdminClient clientId=adminclient-2] Node -1 disconnected.
[kafka-admin-client-thread | adminclient-19] WARN org.apache.kafka.clients.NetworkClient - [AdminClient clientId=adminclient-19] Connection to node -1 (localhost/127.0.0.1:9092) could not be established. Broker may not be available.
[kafka-admin-client-thread | adminclient-2] WARN org.apache.kafka.clients.NetworkClient - [AdminClient clientId=adminclient-2] Connection to node -1 (localhost/127.0.0.1:9092) could not be established. Broker may not be available.
[kafka-admin-client-thread | adminclient-10] INFO org.apache.kafka.clients.NetworkClient - [AdminClient clientId=adminclient-10] Node -1 disconnected.
[kafka-admin-client-thread | adminclient-10] WARN org.apache.kafka.clients.NetworkClient - [AdminClient clientId=adminclient-10] Connection to node -1 (localhost/127.0.0.1:9092) could not be established. Broker may not be available.
[kafka-admin-client-thread | adminclient-20] INFO org.apache.kafka.clients.NetworkClient - [AdminClient clientId=adminclient-20] Node -1 disconnected.
[kafka-admin-client-thread | adminclient-24] INFO org.apache.kafka.clients.NetworkClient - [AdminClient clientId=adminclient-24] Node -1 disconnected.
[kafka-admin-client-thread | adminclient-20] WARN org.apache.kafka.clients.NetworkClient - [AdminClient clientId=adminclient-20] Connection to node -1 (localhost/127.0.0.1:9092) could not be established. Broker may not be available.
[kafka-admin-client-thread | adminclient-24] WARN org.apache.kafka.clients.NetworkClient - [AdminClient clientId=adminclient-24] Connection to node -1 (localhost/127.0.0.1:9092) could not be established. Broker may not be available.
[kafka-admin-client-thread | adminclient-12] INFO org.apache.kafka.clients.NetworkClient - [AdminClient clientId=adminclient-12] Node -1 disconnected.
[kafka-admin-client-thread | adminclient-12] WARN org.apache.kafka.clients.NetworkClient - [AdminClient clientId=adminclient-12] Connection to node -1 (localhost/127.0.0.1:9092) could not be established. Broker may not be available.
[kafka-admin-client-thread | adminclient-25] INFO org.apache.kafka.clients.NetworkClient - [AdminClient clientId=adminclient-25] Node -1 disconnected.
[kafka-admin-client-thread | adminclient-25] WARN org.apache.kafka.clients.NetworkClient - [AdminClient clientId=adminclient-25] Connection to node -1 (localhost/127.0.0.1:9092) could not be established. Broker may not be available.
[kafka-admin-client-thread | adminclient-4] INFO org.apache.kafka.clients.NetworkClient - [AdminClient clientId=adminclient-4] Node -1 disconnected.
[kafka-admin-client-thread | adminclient-4] WARN org.apache.kafka.clients.NetworkClient - [AdminClient clientId=adminclient-4] Connection to node -1 (localhost/127.0.0.1:9092) could not be established. Broker may not be available.
[kafka-admin-client-thread | adminclient-28] INFO org.apache.kafka.clients.NetworkClient - [AdminClient clientId=adminclient-28] Node -1 disconnected.
[kafka-admin-client-thread | adminclient-1] INFO org.apache.kafka.clients.NetworkClient - [AdminClient clientId=adminclient-1] Node -1 disconnected.
[kafka-admin-client-thread | adminclient-28] WARN org.apache.kafka.clients.NetworkClient - [AdminClient clientId=adminclient-28] Connection to node -1 (localhost/127.0.0.1:9092) could not be established. Broker may not be available.
[kafka-admin-client-thread | adminclient-1] WARN org.apache.kafka.clients.NetworkClient - [AdminClient clientId=adminclient-1] Connection to node -1 (localhost/127.0.0.1:9092) could not be established. Broker may not be available.
[kafka-admin-client-thread | adminclient-18] INFO org.apache.kafka.clients.NetworkClient - [AdminClient clientId=adminclient-18] Node -1 disconnected.
[kafka-admin-client-thread | adminclient-18] WARN org.apache.kafka.clients.NetworkClient - [AdminClient clientId=adminclient-18] Connection to node -1 (localhost/127.0.0.1:9092) could not be established. Broker may not be available.
[kafka-admin-client-thread | adminclient-16] INFO org.apache.kafka.clients.NetworkClient - [AdminClient clientId=adminclient-16] Node -1 disconnected.
[kafka-admin-client-thread | adminclient-16] WARN org.apache.kafka.clients.NetworkClient - [AdminClient clientId=adminclient-16] Connection to node -1 (localhost/127.0.0.1:9092) could not be established. Broker may not be available.
[kafka-admin-client-thread | adminclient-11] INFO org.apache.kafka.clients.NetworkClient - [AdminClient clientId=adminclient-11] Node -1 disconnected.
[kafka-admin-client-thread | adminclient-11] WARN org.apache.kafka.clients.NetworkClient - [AdminClient clientId=adminclient-11] Connection to node -1 (localhost/127.0.0.1:9092) could not be established. Broker may not be available.
[kafka-admin-client-thread | adminclient-23] INFO org.apache.kafka.clients.NetworkClient - [AdminClient clientId=adminclient-23] Node -1 disconnected.
[kafka-admin-client-thread | adminclient-23] WARN org.apache.kafka.clients.NetworkClient - [AdminClient clientId=adminclient-23] Connection to node -1 (localhost/127.0.0.1:9092) could not be established. Broker may not be available.
[kafka-admin-client-thread | adminclient-17] INFO org.apache.kafka.clients.NetworkClient - [AdminClient clientId=adminclient-17] Node -1 disconnected.
[kafka-admin-client-thread | adminclient-22] INFO org.apache.kafka.clients.NetworkClient - [AdminClient clientId=adminclient-22] Node -1 disconnected.
[kafka-admin-client-thread | adminclient-22] WARN org.apache.kafka.clients.NetworkClient - [AdminClient clientId=adminclient-22] Connection to node -1 (localhost/127.0.0.1:9092) could not be established. Broker may not be available.
[kafka-admin-client-thread | adminclient-17] WARN org.apache.kafka.clients.NetworkClient - [AdminClient clientId=adminclient-17] Connection to node -1 (localhost/127.0.0.1:9092) could not be established. Broker may not be available.
[kafka-admin-client-thread | adminclient-9] INFO org.apache.kafka.clients.NetworkClient - [AdminClient clientId=adminclient-9] Node -1 disconnected.
[kafka-admin-client-thread | adminclient-9] WARN org.apache.kafka.clients.NetworkClient - [AdminClient clientId=adminclient-9] Connection to node -1 (localhost/127.0.0.1:9092) could not be established. Broker may not be available.
[kafka-admin-client-thread | adminclient-13] INFO org.apache.kafka.clients.NetworkClient - [AdminClient clientId=adminclient-13] Node -1 disconnected.
[kafka-admin-client-thread | adminclient-13] WARN org.apache.kafka.clients.NetworkClient - [AdminClient clientId=adminclient-13] Connection to node -1 (localhost/127.0.0.1:9092) could not be established. Broker may not be available.
[kafka-admin-client-thread | adminclient-27] INFO org.apache.kafka.clients.NetworkClient - [AdminClient clientId=adminclient-27] Node -1 disconnected.
[kafka-admin-client-thread | adminclient-8] INFO org.apache.kafka.clients.NetworkClient - [AdminClient clientId=adminclient-8] Node -1 disconnected.
[kafka-admin-client-thread | adminclient-8] WARN org.apache.kafka.clients.NetworkClient - [AdminClient clientId=adminclient-8] Connection to node -1 (localhost/127.0.0.1:9092) could not be established. Broker may not be available.
[kafka-admin-client-thread | adminclient-27] WARN org.apache.kafka.clients.NetworkClient - [AdminClient clientId=adminclient-27] Connection to node -1 (localhost/127.0.0.1:9092) could not be established. Broker may not be available.
[kafka-admin-client-thread | adminclient-15] INFO org.apache.kafka.clients.NetworkClient - [AdminClient clientId=adminclient-15] Node -1 disconnected.
[kafka-admin-client-thread | adminclient-15] WARN org.apache.kafka.clients.NetworkClient - [AdminClient clientId=adminclient-15] Connection to node -1 (localhost/127.0.0.1:9092) could not be established. Broker may not be available.
[kafka-admin-client-thread | adminclient-21] INFO org.apache.kafka.clients.NetworkClient - [AdminClient clientId=adminclient-21] Node -1 disconnected.
[kafka-admin-client-thread | adminclient-21] WARN org.apache.kafka.clients.NetworkClient - [AdminClient clientId=adminclient-21] Connection to node -1 (localhost/127.0.0.1:9092) could not be established. Broker may not be available.
[kafka-admin-client-thread | adminclient-3] INFO org.apache.kafka.clients.NetworkClient - [AdminClient clientId=adminclient-3] Node -1 disconnected.
[kafka-admin-client-thread | adminclient-3] WARN org.apache.kafka.clients.NetworkClient - [AdminClient clientId=adminclient-3] Connection to node -1 (localhost/127.0.0.1:9092) could not be established. Broker may not be available.
[kafka-admin-client-thread | adminclient-14] INFO org.apache.kafka.clients.NetworkClient - [AdminClient clientId=adminclient-14] Node -1 disconnected.
[kafka-admin-client-thread | adminclient-14] WARN org.apache.kafka.clients.NetworkClient - [AdminClient clientId=adminclient-14] Connection to node -1 (localhost/127.0.0.1:9092) could not be established. Broker may not be available.
[kafka-admin-client-thread | adminclient-7] INFO org.apache.kafka.clients.NetworkClient - [AdminClient clientId=adminclient-7] Node -1 disconnected.
[kafka-admin-client-thread | adminclient-7] WARN org.apache.kafka.clients.NetworkClient - [AdminClient clientId=adminclient-7] Connection to node -1 (localhost/127.0.0.1:9092) could not be established. Broker may not be available.
[kafka-admin-client-thread | adminclient-20] INFO org.apache.kafka.clients.NetworkClient - [AdminClient clientId=adminclient-20] Node -1 disconnected.
[kafka-admin-client-thread | adminclient-20] WARN org.apache.kafka.clients.NetworkClient - [AdminClient clientId=adminclient-20] Connection to node -1 (localhost/127.0.0.1:9092) could not be established. Broker may not be available.
[kafka-admin-client-thread | adminclient-26] INFO org.apache.kafka.clients.NetworkClient - [AdminClient clientId=adminclient-26] Node -1 disconnected.
[kafka-admin-client-thread | adminclient-2] INFO org.apache.kafka.clients.NetworkClient - [AdminClient clientId=adminclient-2] Node -1 disconnected.
[kafka-admin-client-thread | adminclient-26] WARN org.apache.kafka.clients.NetworkClient - [AdminClient clientId=adminclient-26] Connection to node -1 (localhost/127.0.0.1:9092) could not be established. Broker may not be available.
[kafka-admin-client-thread | adminclient-2] WARN org.apache.kafka.clients.NetworkClient - [AdminClient clientId=adminclient-2] Connection to node -1 (localhost/127.0.0.1:9092) could not be established. Broker may not be available.
[kafka-admin-client-thread | adminclient-10] INFO org.apache.kafka.clients.NetworkClient - [AdminClient clientId=adminclient-10] Node -1 disconnected.
[kafka-admin-client-thread | adminclient-10] WARN org.apache.kafka.clients.NetworkClient - [AdminClient clientId=adminclient-10] Connection to node -1 (localhost/127.0.0.1:9092) could not be established. Broker may not be available.
[kafka-admin-client-thread | adminclient-19] INFO org.apache.kafka.clients.NetworkClient - [AdminClient clientId=adminclient-19] Node -1 disconnected.
[kafka-admin-client-thread | adminclient-19] WARN org.apache.kafka.clients.NetworkClient - [AdminClient clientId=adminclient-19] Connection to node -1 (localhost/127.0.0.1:9092) could not be established. Broker may not be available.
[kafka-admin-client-thread | adminclient-12] INFO org.apache.kafka.clients.NetworkClient - [AdminClient clientId=adminclient-12] Node -1 disconnected.
[kafka-admin-client-thread | adminclient-12] WARN org.apache.kafka.clients.NetworkClient - [AdminClient clientId=adminclient-12] Connection to node -1 (localhost/127.0.0.1:9092) could not be established. Broker may not be available.
[kafka-admin-client-thread | adminclient-28] INFO org.apache.kafka.clients.NetworkClient - [AdminClient clientId=adminclient-28] Node -1 disconnected.
[kafka-admin-client-thread | adminclient-28] WARN org.apache.kafka.clients.NetworkClient - [AdminClient clientId=adminclient-28] Connection to node -1 (localhost/127.0.0.1:9092) could not be established. Broker may not be available.
[kafka-admin-client-thread | adminclient-24] INFO org.apache.kafka.clients.NetworkClient - [AdminClient clientId=adminclient-24] Node -1 disconnected.
[kafka-admin-client-thread | adminclient-24] WARN org.apache.kafka.clients.NetworkClient - [AdminClient clientId=adminclient-24] Connection to node -1 (localhost/127.0.0.1:9092) could not be established. Broker may not be available.
[kafka-admin-client-thread | adminclient-4] INFO org.apache.kafka.clients.NetworkClient - [AdminClient clientId=adminclient-4] Node -1 disconnected.
[kafka-admin-client-thread | adminclient-4] WARN org.apache.kafka.clients.NetworkClient - [AdminClient clientId=adminclient-4] Connection to node -1 (localhost/127.0.0.1:9092) could not be established. Broker may not be available.
[kafka-admin-client-thread | adminclient-1] INFO org.apache.kafka.clients.NetworkClient - [AdminClient clientId=adminclient-1] Node -1 disconnected.
[kafka-admin-client-thread | adminclient-1] WARN org.apache.kafka.clients.NetworkClient - [AdminClient clientId=adminclient-1] Connection to node -1 (localhost/127.0.0.1:9092) could not be established. Broker may not be available.
[kafka-admin-client-thread | adminclient-25] INFO org.apache.kafka.clients.NetworkClient - [AdminClient clientId=adminclient-25] Node -1 disconnected.
[kafka-admin-client-thread | adminclient-25] WARN org.apache.kafka.clients.NetworkClient - [AdminClient clientId=adminclient-25] Connection to node -1 (localhost/127.0.0.1:9092) could not be established. Broker may not be available.
[kafka-admin-client-thread | adminclient-18] INFO org.apache.kafka.clients.NetworkClient - [AdminClient clientId=adminclient-18] Node -1 disconnected.
[kafka-admin-client-thread | adminclient-18] WARN org.apache.kafka.clients.NetworkClient - [AdminClient clientId=adminclient-18] Connection to node -1 (localhost/127.0.0.1:9092) could not be established. Broker may not be available.
[kafka-admin-client-thread | adminclient-11] INFO org.apache.kafka.clients.NetworkClient - [AdminClient clientId=adminclient-11] Node -1 disconnected.
[kafka-admin-client-thread | adminclient-11] WARN org.apache.kafka.clients.NetworkClient - [AdminClient clientId=adminclient-11] Connection to node -1 (localhost/127.0.0.1:9092) could not be established. Broker may not be available.
[kafka-admin-client-thread | adminclient-27] INFO org.apache.kafka.clients.NetworkClient - [AdminClient clientId=adminclient-27] Node -1 disconnected.
[kafka-admin-client-thread | adminclient-15] INFO org.apache.kafka.clients.NetworkClient - [AdminClient clientId=adminclient-15] Node -1 disconnected.
[kafka-admin-client-thread | adminclient-27] WARN org.apache.kafka.clients.NetworkClient - [AdminClient clientId=adminclient-27] Connection to node -1 (localhost/127.0.0.1:9092) could not be established. Broker may not be available.
[kafka-admin-client-thread | adminclient-15] WARN org.apache.kafka.clients.NetworkClient - [AdminClient clientId=adminclient-15] Connection to node -1 (localhost/127.0.0.1:9092) could not be established. Broker may not be available.
[kafka-admin-client-thread | adminclient-9] INFO org.apache.kafka.clients.NetworkClient - [AdminClient clientId=adminclient-9] Node -1 disconnected.
[kafka-admin-client-thread | adminclient-9] WARN org.apache.kafka.clients.NetworkClient - [AdminClient clientId=adminclient-9] Connection to node -1 (localhost/127.0.0.1:9092) could not be established. Broker may not be available.
[kafka-admin-client-thread | adminclient-22] INFO org.apache.kafka.clients.NetworkClient - [AdminClient clientId=adminclient-22] Node -1 disconnected.
[kafka-admin-client-thread | adminclient-22] WARN org.apache.kafka.clients.NetworkClient - [AdminClient clientId=adminclient-22] Connection to node -1 (localhost/127.0.0.1:9092) could not be established. Broker may not be available.
[kafka-admin-client-thread | adminclient-17] INFO org.apache.kafka.clients.NetworkClient - [AdminClient clientId=adminclient-17] Node -1 disconnected.
[kafka-admin-client-thread | adminclient-17] WARN org.apache.kafka.clients.NetworkClient - [AdminClient clientId=adminclient-17] Connection to node -1 (localhost/127.0.0.1:9092) could not be established. Broker may not be available.
[kafka-admin-client-thread | adminclient-16] INFO org.apache.kafka.clients.NetworkClient - [AdminClient clientId=adminclient-16] Node -1 disconnected.
[kafka-admin-client-thread | adminclient-16] WARN org.apache.kafka.clients.NetworkClient - [AdminClient clientId=adminclient-16] Connection to node -1 (localhost/127.0.0.1:9092) could not be established. Broker may not be available.
[kafka-admin-client-thread | adminclient-23] INFO org.apache.kafka.clients.NetworkClient - [AdminClient clientId=adminclient-23] Node -1 disconnected.
[kafka-admin-client-thread | adminclient-23] WARN org.apache.kafka.clients.NetworkClient - [AdminClient clientId=adminclient-23] Connection to node -1 (localhost/127.0.0.1:9092) could not be established. Broker may not be available.
[kafka-admin-client-thread | adminclient-3] INFO org.apache.kafka.clients.NetworkClient - [AdminClient clientId=adminclient-3] Node -1 disconnected.
[kafka-admin-client-thread | adminclient-3] WARN org.apache.kafka.clients.NetworkClient - [AdminClient clientId=adminclient-3] Connection to node -1 (localhost/127.0.0.1:9092) could not be established. Broker may not be available.
[kafka-admin-client-thread | adminclient-14] INFO org.apache.kafka.clients.NetworkClient - [AdminClient clientId=adminclient-14] Node -1 disconnected.
[kafka-admin-client-thread | adminclient-14] WARN org.apache.kafka.clients.NetworkClient - [AdminClient clientId=adminclient-14] Connection to node -1 (localhost/127.0.0.1:9092) could not be established. Broker may not be available.
[kafka-admin-client-thread | adminclient-21] INFO org.apache.kafka.clients.NetworkClient - [AdminClient clientId=adminclient-21] Node -1 disconnected.
[kafka-admin-client-thread | adminclient-21] WARN org.apache.kafka.clients.NetworkClient - [AdminClient clientId=adminclient-21] Connection to node -1 (localhost/127.0.0.1:9092) could not be established. Broker may not be available.
[kafka-admin-client-thread | adminclient-13] INFO org.apache.kafka.clients.NetworkClient - [AdminClient clientId=adminclient-13] Node -1 disconnected.
[kafka-admin-client-thread | adminclient-13] WARN org.apache.kafka.clients.NetworkClient - [AdminClient clientId=adminclient-13] Connection to node -1 (localhost/127.0.0.1:9092) could not be established. Broker may not be available.
[kafka-admin-client-thread | adminclient-8] INFO org.apache.kafka.clients.NetworkClient - [AdminClient clientId=adminclient-8] Node -1 disconnected.
[kafka-admin-client-thread | adminclient-8] WARN org.apache.kafka.clients.NetworkClient - [AdminClient clientId=adminclient-8] Connection to node -1 (localhost/127.0.0.1:9092) could not be established. Broker may not be available.
[kafka-admin-client-thread | adminclient-7] INFO org.apache.kafka.clients.NetworkClient - [AdminClient clientId=adminclient-7] Node -1 disconnected.
[kafka-admin-client-thread | adminclient-7] WARN org.apache.kafka.clients.NetworkClient - [AdminClient clientId=adminclient-7] Connection to node -1 (localhost/127.0.0.1:9092) could not be established. Broker may not be available.
[kafka-admin-client-thread | adminclient-20] INFO org.apache.kafka.clients.NetworkClient - [AdminClient clientId=adminclient-20] Node -1 disconnected.
[kafka-admin-client-thread | adminclient-26] INFO org.apache.kafka.clients.NetworkClient - [AdminClient clientId=adminclient-26] Node -1 disconnected.
[kafka-admin-client-thread | adminclient-20] WARN org.apache.kafka.clients.NetworkClient - [AdminClient clientId=adminclient-20] Connection to node -1 (localhost/127.0.0.1:9092) could not be established. Broker may not be available.
[kafka-admin-client-thread | adminclient-26] WARN org.apache.kafka.clients.NetworkClient - [AdminClient clientId=adminclient-26] Connection to node -1 (localhost/127.0.0.1:9092) could not be established. Broker may not be available.
[kafka-admin-client-thread | adminclient-10] INFO org.apache.kafka.clients.NetworkClient - [AdminClient clientId=adminclient-10] Node -1 disconnected.
[kafka-admin-client-thread | adminclient-10] WARN org.apache.kafka.clients.NetworkClient - [AdminClient clientId=adminclient-10] Connection to node -1 (localhost/127.0.0.1:9092) could not be established. Broker may not be available.
[kafka-admin-client-thread | adminclient-2] INFO org.apache.kafka.clients.NetworkClient - [AdminClient clientId=adminclient-2] Node -1 disconnected.
[kafka-admin-client-thread | adminclient-2] WARN org.apache.kafka.clients.NetworkClient - [AdminClient clientId=adminclient-2] Connection to node -1 (localhost/127.0.0.1:9092) could not be established. Broker may not be available.
[kafka-admin-client-thread | adminclient-19] INFO org.apache.kafka.clients.NetworkClient - [AdminClient clientId=adminclient-19] Node -1 disconnected.
[kafka-admin-client-thread | adminclient-19] WARN org.apache.kafka.clients.NetworkClient - [AdminClient clientId=adminclient-19] Connection to node -1 (localhost/127.0.0.1:9092) could not be established. Broker may not be available.
[kafka-admin-client-thread | adminclient-12] INFO org.apache.kafka.clients.NetworkClient - [AdminClient clientId=adminclient-12] Node -1 disconnected.
[kafka-admin-client-thread | adminclient-12] WARN org.apache.kafka.clients.NetworkClient - [AdminClient clientId=adminclient-12] Connection to node -1 (localhost/127.0.0.1:9092) could not be established. Broker may not be available.
[kafka-admin-client-thread | adminclient-28] INFO org.apache.kafka.clients.NetworkClient - [AdminClient clientId=adminclient-28] Node -1 disconnected.
[kafka-admin-client-thread | adminclient-28] WARN org.apache.kafka.clients.NetworkClient - [AdminClient clientId=adminclient-28] Connection to node -1 (localhost/127.0.0.1:9092) could not be established. Broker may not be available.
[kafka-admin-client-thread | adminclient-25] INFO org.apache.kafka.clients.NetworkClient - [AdminClient clientId=adminclient-25] Node -1 disconnected.
[kafka-admin-client-thread | adminclient-25] WARN org.apache.kafka.clients.NetworkClient - [AdminClient clientId=adminclient-25] Connection to node -1 (localhost/127.0.0.1:9092) could not be established. Broker may not be available.
[kafka-admin-client-thread | adminclient-24] INFO org.apache.kafka.clients.NetworkClient - [AdminClient clientId=adminclient-24] Node -1 disconnected.
[kafka-admin-client-thread | adminclient-24] WARN org.apache.kafka.clients.NetworkClient - [AdminClient clientId=adminclient-24] Connection to node -1 (localhost/127.0.0.1:9092) could not be established. Broker may not be available.
[kafka-admin-client-thread | adminclient-4] INFO org.apache.kafka.clients.NetworkClient - [AdminClient clientId=adminclient-4] Node -1 disconnected.
[kafka-admin-client-thread | adminclient-4] WARN org.apache.kafka.clients.NetworkClient - [AdminClient clientId=adminclient-4] Connection to node -1 (localhost/127.0.0.1:9092) could not be established. Broker may not be available.
[kafka-admin-client-thread | adminclient-27] INFO org.apache.kafka.clients.NetworkClient - [AdminClient clientId=adminclient-27] Node -1 disconnected.
[kafka-admin-client-thread | adminclient-1] INFO org.apache.kafka.clients.NetworkClient - [AdminClient clientId=adminclient-1] Node -1 disconnected.
[kafka-admin-client-thread | adminclient-27] WARN org.apache.kafka.clients.NetworkClient - [AdminClient clientId=adminclient-27] Connection to node -1 (localhost/127.0.0.1:9092) could not be established. Broker may not be available.
[kafka-admin-client-thread | adminclient-1] WARN org.apache.kafka.clients.NetworkClient - [AdminClient clientId=adminclient-1] Connection to node -1 (localhost/127.0.0.1:9092) could not be established. Broker may not be available.
[kafka-admin-client-thread | adminclient-22] INFO org.apache.kafka.clients.NetworkClient - [AdminClient clientId=adminclient-22] Node -1 disconnected.
[kafka-admin-client-thread | adminclient-22] WARN org.apache.kafka.clients.NetworkClient - [AdminClient clientId=adminclient-22] Connection to node -1 (localhost/127.0.0.1:9092) could not be established. Broker may not be available.
[kafka-admin-client-thread | adminclient-17] INFO org.apache.kafka.clients.NetworkClient - [AdminClient clientId=adminclient-17] Node -1 disconnected.
[kafka-admin-client-thread | adminclient-17] WARN org.apache.kafka.clients.NetworkClient - [AdminClient clientId=adminclient-17] Connection to node -1 (localhost/127.0.0.1:9092) could not be established. Broker may not be available.
[kafka-admin-client-thread | adminclient-14] INFO org.apache.kafka.clients.NetworkClient - [AdminClient clientId=adminclient-14] Node -1 disconnected.
[kafka-admin-client-thread | adminclient-14] WARN org.apache.kafka.clients.NetworkClient - [AdminClient clientId=adminclient-14] Connection to node -1 (localhost/127.0.0.1:9092) could not be established. Broker may not be available.
[kafka-admin-client-thread | adminclient-9] INFO org.apache.kafka.clients.NetworkClient - [AdminClient clientId=adminclient-9] Node -1 disconnected.
[kafka-admin-client-thread | adminclient-18] INFO org.apache.kafka.clients.NetworkClient - [AdminClient clientId=adminclient-18] Node -1 disconnected.
[kafka-admin-client-thread | adminclient-9] WARN org.apache.kafka.clients.NetworkClient - [AdminClient clientId=adminclient-9] Connection to node -1 (localhost/127.0.0.1:9092) could not be established. Broker may not be available.
[kafka-admin-client-thread | adminclient-18] WARN org.apache.kafka.clients.NetworkClient - [AdminClient clientId=adminclient-18] Connection to node -1 (localhost/127.0.0.1:9092) could not be established. Broker may not be available.
[kafka-admin-client-thread | adminclient-23] INFO org.apache.kafka.clients.NetworkClient - [AdminClient clientId=adminclient-23] Node -1 disconnected.
[kafka-admin-client-thread | adminclient-23] WARN org.apache.kafka.clients.NetworkClient - [AdminClient clientId=adminclient-23] Connection to node -1 (localhost/127.0.0.1:9092) could not be established. Broker may not be available.
[kafka-admin-client-thread | adminclient-11] INFO org.apache.kafka.clients.NetworkClient - [AdminClient clientId=adminclient-11] Node -1 disconnected.
[kafka-admin-client-thread | adminclient-11] WARN org.apache.kafka.clients.NetworkClient - [AdminClient clientId=adminclient-11] Connection to node -1 (localhost/127.0.0.1:9092) could not be established. Broker may not be available.
[kafka-admin-client-thread | adminclient-13] INFO org.apache.kafka.clients.NetworkClient - [AdminClient clientId=adminclient-13] Node -1 disconnected.
[kafka-admin-client-thread | adminclient-13] WARN org.apache.kafka.clients.NetworkClient - [AdminClient clientId=adminclient-13] Connection to node -1 (localhost/127.0.0.1:9092) could not be established. Broker may not be available.
[kafka-admin-client-thread | adminclient-15] INFO org.apache.kafka.clients.NetworkClient - [AdminClient clientId=adminclient-15] Node -1 disconnected.
[kafka-admin-client-thread | adminclient-15] WARN org.apache.kafka.clients.NetworkClient - [AdminClient clientId=adminclient-15] Connection to node -1 (localhost/127.0.0.1:9092) could not be established. Broker may not be available.
[kafka-admin-client-thread | adminclient-16] INFO org.apache.kafka.clients.NetworkClient - [AdminClient clientId=adminclient-16] Node -1 disconnected.
[kafka-admin-client-thread | adminclient-16] WARN org.apache.kafka.clients.NetworkClient - [AdminClient clientId=adminclient-16] Connection to node -1 (localhost/127.0.0.1:9092) could not be established. Broker may not be available.
[kafka-admin-client-thread | adminclient-7] INFO org.apache.kafka.clients.NetworkClient - [AdminClient clientId=adminclient-7] Node -1 disconnected.
[kafka-admin-client-thread | adminclient-7] WARN org.apache.kafka.clients.NetworkClient - [AdminClient clientId=adminclient-7] Connection to node -1 (localhost/127.0.0.1:9092) could not be established. Broker may not be available.
[kafka-admin-client-thread | adminclient-3] INFO org.apache.kafka.clients.NetworkClient - [AdminClient clientId=adminclient-3] Node -1 disconnected.
[kafka-admin-client-thread | adminclient-3] WARN org.apache.kafka.clients.NetworkClient - [AdminClient clientId=adminclient-3] Connection to node -1 (localhost/127.0.0.1:9092) could not be established. Broker may not be available.
[kafka-admin-client-thread | adminclient-8] INFO org.apache.kafka.clients.NetworkClient - [AdminClient clientId=adminclient-8] Node -1 disconnected.
[kafka-admin-client-thread | adminclient-8] WARN org.apache.kafka.clients.NetworkClient - [AdminClient clientId=adminclient-8] Connection to node -1 (localhost/127.0.0.1:9092) could not be established. Broker may not be available.
[kafka-admin-client-thread | adminclient-10] INFO org.apache.kafka.clients.NetworkClient - [AdminClient clientId=adminclient-10] Node -1 disconnected.
[kafka-admin-client-thread | adminclient-26] INFO org.apache.kafka.clients.NetworkClient - [AdminClient clientId=adminclient-26] Node -1 disconnected.
[kafka-admin-client-thread | adminclient-21] INFO org.apache.kafka.clients.NetworkClient - [AdminClient clientId=adminclient-21] Node -1 disconnected.
[kafka-admin-client-thread | adminclient-26] WARN org.apache.kafka.clients.NetworkClient - [AdminClient clientId=adminclient-26] Connection to node -1 (localhost/127.0.0.1:9092) could not be established. Broker may not be available.
[kafka-admin-client-thread | adminclient-21] WARN org.apache.kafka.clients.NetworkClient - [AdminClient clientId=adminclient-21] Connection to node -1 (localhost/127.0.0.1:9092) could not be established. Broker may not be available.
[kafka-admin-client-thread | adminclient-10] WARN org.apache.kafka.clients.NetworkClient - [AdminClient clientId=adminclient-10] Connection to node -1 (localhost/127.0.0.1:9092) could not be established. Broker may not be available.
[kafka-admin-client-thread | adminclient-20] INFO org.apache.kafka.clients.NetworkClient - [AdminClient clientId=adminclient-20] Node -1 disconnected.
[kafka-admin-client-thread | adminclient-20] WARN org.apache.kafka.clients.NetworkClient - [AdminClient clientId=adminclient-20] Connection to node -1 (localhost/127.0.0.1:9092) could not be established. Broker may not be available.
[kafka-admin-client-thread | adminclient-12] INFO org.apache.kafka.clients.NetworkClient - [AdminClient clientId=adminclient-12] Node -1 disconnected.
[kafka-admin-client-thread | adminclient-12] WARN org.apache.kafka.clients.NetworkClient - [AdminClient clientId=adminclient-12] Connection to node -1 (localhost/127.0.0.1:9092) could not be established. Broker may not be available.
[kafka-admin-client-thread | adminclient-25] INFO org.apache.kafka.clients.NetworkClient - [AdminClient clientId=adminclient-25] Node -1 disconnected.
[kafka-admin-client-thread | adminclient-25] WARN org.apache.kafka.clients.NetworkClient - [AdminClient clientId=adminclient-25] Connection to node -1 (localhost/127.0.0.1:9092) could not be established. Broker may not be available.
[kafka-admin-client-thread | adminclient-28] INFO org.apache.kafka.clients.NetworkClient - [AdminClient clientId=adminclient-28] Node -1 disconnected.
[kafka-admin-client-thread | adminclient-28] WARN org.apache.kafka.clients.NetworkClient - [AdminClient clientId=adminclient-28] Connection to node -1 (localhost/127.0.0.1:9092) could not be established. Broker may not be available.
[kafka-admin-client-thread | adminclient-2] INFO org.apache.kafka.clients.NetworkClient - [AdminClient clientId=adminclient-2] Node -1 disconnected.
[kafka-admin-client-thread | adminclient-19] INFO org.apache.kafka.clients.NetworkClient - [AdminClient clientId=adminclient-19] Node -1 disconnected.
[kafka-admin-client-thread | adminclient-2] WARN org.apache.kafka.clients.NetworkClient - [AdminClient clientId=adminclient-2] Connection to node -1 (localhost/127.0.0.1:9092) could not be established. Broker may not be available.
[kafka-admin-client-thread | adminclient-19] WARN org.apache.kafka.clients.NetworkClient - [AdminClient clientId=adminclient-19] Connection to node -1 (localhost/127.0.0.1:9092) could not be established. Broker may not be available.
[kafka-admin-client-thread | adminclient-24] INFO org.apache.kafka.clients.NetworkClient - [AdminClient clientId=adminclient-24] Node -1 disconnected.
[kafka-admin-client-thread | adminclient-24] WARN org.apache.kafka.clients.NetworkClient - [AdminClient clientId=adminclient-24] Connection to node -1 (localhost/127.0.0.1:9092) could not be established. Broker may not be available.
[kafka-admin-client-thread | adminclient-22] INFO org.apache.kafka.clients.NetworkClient - [AdminClient clientId=adminclient-22] Node -1 disconnected.
[kafka-admin-client-thread | adminclient-22] WARN org.apache.kafka.clients.NetworkClient - [AdminClient clientId=adminclient-22] Connection to node -1 (localhost/127.0.0.1:9092) could not be established. Broker may not be available.
[kafka-admin-client-thread | adminclient-4] INFO org.apache.kafka.clients.NetworkClient - [AdminClient clientId=adminclient-4] Node -1 disconnected.
[kafka-admin-client-thread | adminclient-4] WARN org.apache.kafka.clients.NetworkClient - [AdminClient clientId=adminclient-4] Connection to node -1 (localhost/127.0.0.1:9092) could not be established. Broker may not be available.
[kafka-admin-client-thread | adminclient-14] INFO org.apache.kafka.clients.NetworkClient - [AdminClient clientId=adminclient-14] Node -1 disconnected.
[kafka-admin-client-thread | adminclient-14] WARN org.apache.kafka.clients.NetworkClient - [AdminClient clientId=adminclient-14] Connection to node -1 (localhost/127.0.0.1:9092) could not be established. Broker may not be available.
[kafka-admin-client-thread | adminclient-1] INFO org.apache.kafka.clients.NetworkClient - [AdminClient clientId=adminclient-1] Node -1 disconnected.
[kafka-admin-client-thread | adminclient-1] WARN org.apache.kafka.clients.NetworkClient - [AdminClient clientId=adminclient-1] Connection to node -1 (localhost/127.0.0.1:9092) could not be established. Broker may not be available.
[kafka-admin-client-thread | adminclient-18] INFO org.apache.kafka.clients.NetworkClient - [AdminClient clientId=adminclient-18] Node -1 disconnected.
[kafka-admin-client-thread | adminclient-17] INFO org.apache.kafka.clients.NetworkClient - [AdminClient clientId=adminclient-17] Node -1 disconnected.
[kafka-admin-client-thread | adminclient-18] WARN org.apache.kafka.clients.NetworkClient - [AdminClient clientId=adminclient-18] Connection to node -1 (localhost/127.0.0.1:9092) could not be established. Broker may not be available.
[kafka-admin-client-thread | adminclient-17] WARN org.apache.kafka.clients.NetworkClient - [AdminClient clientId=adminclient-17] Connection to node -1 (localhost/127.0.0.1:9092) could not be established. Broker may not be available.
[kafka-admin-client-thread | adminclient-27] INFO org.apache.kafka.clients.NetworkClient - [AdminClient clientId=adminclient-27] Node -1 disconnected.
[kafka-admin-client-thread | adminclient-27] WARN org.apache.kafka.clients.NetworkClient - [AdminClient clientId=adminclient-27] Connection to node -1 (localhost/127.0.0.1:9092) could not be established. Broker may not be available.
[kafka-admin-client-thread | adminclient-16] INFO org.apache.kafka.clients.NetworkClient - [AdminClient clientId=adminclient-16] Node -1 disconnected.
[kafka-admin-client-thread | adminclient-23] INFO org.apache.kafka.clients.NetworkClient - [AdminClient clientId=adminclient-23] Node -1 disconnected.
[kafka-admin-client-thread | adminclient-16] WARN org.apache.kafka.clients.NetworkClient - [AdminClient clientId=adminclient-16] Connection to node -1 (localhost/127.0.0.1:9092) could not be established. Broker may not be available.
[kafka-admin-client-thread | adminclient-23] WARN org.apache.kafka.clients.NetworkClient - [AdminClient clientId=adminclient-23] Connection to node -1 (localhost/127.0.0.1:9092) could not be established. Broker may not be available.
[kafka-admin-client-thread | adminclient-11] INFO org.apache.kafka.clients.NetworkClient - [AdminClient clientId=adminclient-11] Node -1 disconnected.
[kafka-admin-client-thread | adminclient-11] WARN org.apache.kafka.clients.NetworkClient - [AdminClient clientId=adminclient-11] Connection to node -1 (localhost/127.0.0.1:9092) could not be established. Broker may not be available.
[kafka-admin-client-thread | adminclient-15] INFO org.apache.kafka.clients.NetworkClient - [AdminClient clientId=adminclient-15] Node -1 disconnected.
[kafka-admin-client-thread | adminclient-8] INFO org.apache.kafka.clients.NetworkClient - [AdminClient clientId=adminclient-8] Node -1 disconnected.
[kafka-admin-client-thread | adminclient-15] WARN org.apache.kafka.clients.NetworkClient - [AdminClient clientId=adminclient-15] Connection to node -1 (localhost/127.0.0.1:9092) could not be established. Broker may not be available.
[kafka-admin-client-thread | adminclient-8] WARN org.apache.kafka.clients.NetworkClient - [AdminClient clientId=adminclient-8] Connection to node -1 (localhost/127.0.0.1:9092) could not be established. Broker may not be available.
[kafka-admin-client-thread | adminclient-26] INFO org.apache.kafka.clients.NetworkClient - [AdminClient clientId=adminclient-26] Node -1 disconnected.
[kafka-admin-client-thread | adminclient-9] INFO org.apache.kafka.clients.NetworkClient - [AdminClient clientId=adminclient-9] Node -1 disconnected.
[kafka-admin-client-thread | adminclient-26] WARN org.apache.kafka.clients.NetworkClient - [AdminClient clientId=adminclient-26] Connection to node -1 (localhost/127.0.0.1:9092) could not be established. Broker may not be available.
[kafka-admin-client-thread | adminclient-9] WARN org.apache.kafka.clients.NetworkClient - [AdminClient clientId=adminclient-9] Connection to node -1 (localhost/127.0.0.1:9092) could not be established. Broker may not be available.
[kafka-admin-client-thread | adminclient-13] INFO org.apache.kafka.clients.NetworkClient - [AdminClient clientId=adminclient-13] Node -1 disconnected.
[kafka-admin-client-thread | adminclient-13] WARN org.apache.kafka.clients.NetworkClient - [AdminClient clientId=adminclient-13] Connection to node -1 (localhost/127.0.0.1:9092) could not be established. Broker may not be available.
[kafka-admin-client-thread | adminclient-7] INFO org.apache.kafka.clients.NetworkClient - [AdminClient clientId=adminclient-7] Node -1 disconnected.
[kafka-admin-client-thread | adminclient-7] WARN org.apache.kafka.clients.NetworkClient - [AdminClient clientId=adminclient-7] Connection to node -1 (localhost/127.0.0.1:9092) could not be established. Broker may not be available.
[kafka-admin-client-thread | adminclient-21] INFO org.apache.kafka.clients.NetworkClient - [AdminClient clientId=adminclient-21] Node -1 disconnected.
[kafka-admin-client-thread | adminclient-10] INFO org.apache.kafka.clients.NetworkClient - [AdminClient clientId=adminclient-10] Node -1 disconnected.
[kafka-admin-client-thread | adminclient-21] WARN org.apache.kafka.clients.NetworkClient - [AdminClient clientId=adminclient-21] Connection to node -1 (localhost/127.0.0.1:9092) could not be established. Broker may not be available.
[kafka-admin-client-thread | adminclient-10] WARN org.apache.kafka.clients.NetworkClient - [AdminClient clientId=adminclient-10] Connection to node -1 (localhost/127.0.0.1:9092) could not be established. Broker may not be available.
[kafka-admin-client-thread | adminclient-12] INFO org.apache.kafka.clients.NetworkClient - [AdminClient clientId=adminclient-12] Node -1 disconnected.
[kafka-admin-client-thread | adminclient-12] WARN org.apache.kafka.clients.NetworkClient - [AdminClient clientId=adminclient-12] Connection to node -1 (localhost/127.0.0.1:9092) could not be established. Broker may not be available.
[kafka-admin-client-thread | adminclient-3] INFO org.apache.kafka.clients.NetworkClient - [AdminClient clientId=adminclient-3] Node -1 disconnected.
[kafka-admin-client-thread | adminclient-3] WARN org.apache.kafka.clients.NetworkClient - [AdminClient clientId=adminclient-3] Connection to node -1 (localhost/127.0.0.1:9092) could not be established. Broker may not be available.
[kafka-admin-client-thread | adminclient-20] INFO org.apache.kafka.clients.NetworkClient - [AdminClient clientId=adminclient-20] Node -1 disconnected.
[kafka-admin-client-thread | adminclient-20] WARN org.apache.kafka.clients.NetworkClient - [AdminClient clientId=adminclient-20] Connection to node -1 (localhost/127.0.0.1:9092) could not be established. Broker may not be available.
[kafka-admin-client-thread | adminclient-25] INFO org.apache.kafka.clients.NetworkClient - [AdminClient clientId=adminclient-25] Node -1 disconnected.
[kafka-admin-client-thread | adminclient-25] WARN org.apache.kafka.clients.NetworkClient - [AdminClient clientId=adminclient-25] Connection to node -1 (localhost/127.0.0.1:9092) could not be established. Broker may not be available.
[kafka-admin-client-thread | adminclient-2] INFO org.apache.kafka.clients.NetworkClient - [AdminClient clientId=adminclient-2] Node -1 disconnected.
[kafka-admin-client-thread | adminclient-19] INFO org.apache.kafka.clients.NetworkClient - [AdminClient clientId=adminclient-19] Node -1 disconnected.
[kafka-admin-client-thread | adminclient-19] WARN org.apache.kafka.clients.NetworkClient - [AdminClient clientId=adminclient-19] Connection to node -1 (localhost/127.0.0.1:9092) could not be established. Broker may not be available.
[kafka-admin-client-thread | adminclient-2] WARN org.apache.kafka.clients.NetworkClient - [AdminClient clientId=adminclient-2] Connection to node -1 (localhost/127.0.0.1:9092) could not be established. Broker may not be available.
[kafka-admin-client-thread | adminclient-28] INFO org.apache.kafka.clients.NetworkClient - [AdminClient clientId=adminclient-28] Node -1 disconnected.
[kafka-admin-client-thread | adminclient-28] WARN org.apache.kafka.clients.NetworkClient - [AdminClient clientId=adminclient-28] Connection to node -1 (localhost/127.0.0.1:9092) could not be established. Broker may not be available.
[kafka-admin-client-thread | adminclient-18] INFO org.apache.kafka.clients.NetworkClient - [AdminClient clientId=adminclient-18] Node -1 disconnected.
[kafka-admin-client-thread | adminclient-24] INFO org.apache.kafka.clients.NetworkClient - [AdminClient clientId=adminclient-24] Node -1 disconnected.
[kafka-admin-client-thread | adminclient-18] WARN org.apache.kafka.clients.NetworkClient - [AdminClient clientId=adminclient-18] Connection to node -1 (localhost/127.0.0.1:9092) could not be established. Broker may not be available.
[kafka-admin-client-thread | adminclient-24] WARN org.apache.kafka.clients.NetworkClient - [AdminClient clientId=adminclient-24] Connection to node -1 (localhost/127.0.0.1:9092) could not be established. Broker may not be available.
[kafka-admin-client-thread | adminclient-4] INFO org.apache.kafka.clients.NetworkClient - [AdminClient clientId=adminclient-4] Node -1 disconnected.
[kafka-admin-client-thread | adminclient-4] WARN org.apache.kafka.clients.NetworkClient - [AdminClient clientId=adminclient-4] Connection to node -1 (localhost/127.0.0.1:9092) could not be established. Broker may not be available.
[kafka-admin-client-thread | adminclient-1] INFO org.apache.kafka.clients.NetworkClient - [AdminClient clientId=adminclient-1] Node -1 disconnected.
[kafka-admin-client-thread | adminclient-1] WARN org.apache.kafka.clients.NetworkClient - [AdminClient clientId=adminclient-1] Connection to node -1 (localhost/127.0.0.1:9092) could not be established. Broker may not be available.
[kafka-admin-client-thread | adminclient-14] INFO org.apache.kafka.clients.NetworkClient - [AdminClient clientId=adminclient-14] Node -1 disconnected.
[kafka-admin-client-thread | adminclient-14] WARN org.apache.kafka.clients.NetworkClient - [AdminClient clientId=adminclient-14] Connection to node -1 (localhost/127.0.0.1:9092) could not be established. Broker may not be available.
[kafka-admin-client-thread | adminclient-22] INFO org.apache.kafka.clients.NetworkClient - [AdminClient clientId=adminclient-22] Node -1 disconnected.
[kafka-admin-client-thread | adminclient-22] WARN org.apache.kafka.clients.NetworkClient - [AdminClient clientId=adminclient-22] Connection to node -1 (localhost/127.0.0.1:9092) could not be established. Broker may not be available.
[kafka-admin-client-thread | adminclient-27] INFO org.apache.kafka.clients.NetworkClient - [AdminClient clientId=adminclient-27] Node -1 disconnected.
[kafka-admin-client-thread | adminclient-27] WARN org.apache.kafka.clients.NetworkClient - [AdminClient clientId=adminclient-27] Connection to node -1 (localhost/127.0.0.1:9092) could not be established. Broker may not be available.
[kafka-admin-client-thread | adminclient-16] INFO org.apache.kafka.clients.NetworkClient - [AdminClient clientId=adminclient-16] Node -1 disconnected.
[kafka-admin-client-thread | adminclient-17] INFO org.apache.kafka.clients.NetworkClient - [AdminClient clientId=adminclient-17] Node -1 disconnected.
[kafka-admin-client-thread | adminclient-16] WARN org.apache.kafka.clients.NetworkClient - [AdminClient clientId=adminclient-16] Connection to node -1 (localhost/127.0.0.1:9092) could not be established. Broker may not be available.
[kafka-admin-client-thread | adminclient-17] WARN org.apache.kafka.clients.NetworkClient - [AdminClient clientId=adminclient-17] Connection to node -1 (localhost/127.0.0.1:9092) could not be established. Broker may not be available.
[kafka-admin-client-thread | adminclient-9] INFO org.apache.kafka.clients.NetworkClient - [AdminClient clientId=adminclient-9] Node -1 disconnected.
[kafka-admin-client-thread | adminclient-26] INFO org.apache.kafka.clients.NetworkClient - [AdminClient clientId=adminclient-26] Node -1 disconnected.
[kafka-admin-client-thread | adminclient-9] WARN org.apache.kafka.clients.NetworkClient - [AdminClient clientId=adminclient-9] Connection to node -1 (localhost/127.0.0.1:9092) could not be established. Broker may not be available.
[kafka-admin-client-thread | adminclient-26] WARN org.apache.kafka.clients.NetworkClient - [AdminClient clientId=adminclient-26] Connection to node -1 (localhost/127.0.0.1:9092) could not be established. Broker may not be available.
[kafka-admin-client-thread | adminclient-7] INFO org.apache.kafka.clients.NetworkClient - [AdminClient clientId=adminclient-7] Node -1 disconnected.
[kafka-admin-client-thread | adminclient-7] WARN org.apache.kafka.clients.NetworkClient - [AdminClient clientId=adminclient-7] Connection to node -1 (localhost/127.0.0.1:9092) could not be established. Broker may not be available.
[kafka-admin-client-thread | adminclient-21] INFO org.apache.kafka.clients.NetworkClient - [AdminClient clientId=adminclient-21] Node -1 disconnected.
[kafka-admin-client-thread | adminclient-21] WARN org.apache.kafka.clients.NetworkClient - [AdminClient clientId=adminclient-21] Connection to node -1 (localhost/127.0.0.1:9092) could not be established. Broker may not be available.
[kafka-admin-client-thread | adminclient-15] INFO org.apache.kafka.clients.NetworkClient - [AdminClient clientId=adminclient-15] Node -1 disconnected.
[kafka-admin-client-thread | adminclient-15] WARN org.apache.kafka.clients.NetworkClient - [AdminClient clientId=adminclient-15] Connection to node -1 (localhost/127.0.0.1:9092) could not be established. Broker may not be available.
[kafka-admin-client-thread | adminclient-10] INFO org.apache.kafka.clients.NetworkClient - [AdminClient clientId=adminclient-10] Node -1 disconnected.
[kafka-admin-client-thread | adminclient-20] INFO org.apache.kafka.clients.NetworkClient - [AdminClient clientId=adminclient-20] Node -1 disconnected.
[kafka-admin-client-thread | adminclient-10] WARN org.apache.kafka.clients.NetworkClient - [AdminClient clientId=adminclient-10] Connection to node -1 (localhost/127.0.0.1:9092) could not be established. Broker may not be available.
[kafka-admin-client-thread | adminclient-20] WARN org.apache.kafka.clients.NetworkClient - [AdminClient clientId=adminclient-20] Connection to node -1 (localhost/127.0.0.1:9092) could not be established. Broker may not be available.
[kafka-admin-client-thread | adminclient-23] INFO org.apache.kafka.clients.NetworkClient - [AdminClient clientId=adminclient-23] Node -1 disconnected.
[kafka-admin-client-thread | adminclient-23] WARN org.apache.kafka.clients.NetworkClient - [AdminClient clientId=adminclient-23] Connection to node -1 (localhost/127.0.0.1:9092) could not be established. Broker may not be available.
[kafka-admin-client-thread | adminclient-11] INFO org.apache.kafka.clients.NetworkClient - [AdminClient clientId=adminclient-11] Node -1 disconnected.
[kafka-admin-client-thread | adminclient-12] INFO org.apache.kafka.clients.NetworkClient - [AdminClient clientId=adminclient-12] Node -1 disconnected.
[kafka-admin-client-thread | adminclient-11] WARN org.apache.kafka.clients.NetworkClient - [AdminClient clientId=adminclient-11] Connection to node -1 (localhost/127.0.0.1:9092) could not be established. Broker may not be available.
[kafka-admin-client-thread | adminclient-12] WARN org.apache.kafka.clients.NetworkClient - [AdminClient clientId=adminclient-12] Connection to node -1 (localhost/127.0.0.1:9092) could not be established. Broker may not be available.
[kafka-admin-client-thread | adminclient-8] INFO org.apache.kafka.clients.NetworkClient - [AdminClient clientId=adminclient-8] Node -1 disconnected.
[kafka-admin-client-thread | adminclient-8] WARN org.apache.kafka.clients.NetworkClient - [AdminClient clientId=adminclient-8] Connection to node -1 (localhost/127.0.0.1:9092) could not be established. Broker may not be available.
[kafka-admin-client-thread | adminclient-13] INFO org.apache.kafka.clients.NetworkClient - [AdminClient clientId=adminclient-13] Node -1 disconnected.
[kafka-admin-client-thread | adminclient-13] WARN org.apache.kafka.clients.NetworkClient - [AdminClient clientId=adminclient-13] Connection to node -1 (localhost/127.0.0.1:9092) could not be established. Broker may not be available.
[kafka-admin-client-thread | adminclient-28] INFO org.apache.kafka.clients.NetworkClient - [AdminClient clientId=adminclient-28] Node -1 disconnected.
[kafka-admin-client-thread | adminclient-28] WARN org.apache.kafka.clients.NetworkClient - [AdminClient clientId=adminclient-28] Connection to node -1 (localhost/127.0.0.1:9092) could not be established. Broker may not be available.
[kafka-admin-client-thread | adminclient-2] INFO org.apache.kafka.clients.NetworkClient - [AdminClient clientId=adminclient-2] Node -1 disconnected.
[kafka-admin-client-thread | adminclient-25] INFO org.apache.kafka.clients.NetworkClient - [AdminClient clientId=adminclient-25] Node -1 disconnected.
[kafka-admin-client-thread | adminclient-2] WARN org.apache.kafka.clients.NetworkClient - [AdminClient clientId=adminclient-2] Connection to node -1 (localhost/127.0.0.1:9092) could not be established. Broker may not be available.
[kafka-admin-client-thread | adminclient-25] WARN org.apache.kafka.clients.NetworkClient - [AdminClient clientId=adminclient-25] Connection to node -1 (localhost/127.0.0.1:9092) could not be established. Broker may not be available.
[kafka-admin-client-thread | adminclient-19] INFO org.apache.kafka.clients.NetworkClient - [AdminClient clientId=adminclient-19] Node -1 disconnected.
[kafka-admin-client-thread | adminclient-3] INFO org.apache.kafka.clients.NetworkClient - [AdminClient clientId=adminclient-3] Node -1 disconnected.
[kafka-admin-client-thread | adminclient-19] WARN org.apache.kafka.clients.NetworkClient - [AdminClient clientId=adminclient-19] Connection to node -1 (localhost/127.0.0.1:9092) could not be established. Broker may not be available.
[kafka-admin-client-thread | adminclient-3] WARN org.apache.kafka.clients.NetworkClient - [AdminClient clientId=adminclient-3] Connection to node -1 (localhost/127.0.0.1:9092) could not be established. Broker may not be available.
[kafka-admin-client-thread | adminclient-1] INFO org.apache.kafka.clients.NetworkClient - [AdminClient clientId=adminclient-1] Node -1 disconnected.
[kafka-admin-client-thread | adminclient-1] WARN org.apache.kafka.clients.NetworkClient - [AdminClient clientId=adminclient-1] Connection to node -1 (localhost/127.0.0.1:9092) could not be established. Broker may not be available.
[kafka-admin-client-thread | adminclient-18] INFO org.apache.kafka.clients.NetworkClient - [AdminClient clientId=adminclient-18] Node -1 disconnected.
[kafka-admin-client-thread | adminclient-18] WARN org.apache.kafka.clients.NetworkClient - [AdminClient clientId=adminclient-18] Connection to node -1 (localhost/127.0.0.1:9092) could not be established. Broker may not be available.
[kafka-admin-client-thread | adminclient-4] INFO org.apache.kafka.clients.NetworkClient - [AdminClient clientId=adminclient-4] Node -1 disconnected.
[kafka-admin-client-thread | adminclient-4] WARN org.apache.kafka.clients.NetworkClient - [AdminClient clientId=adminclient-4] Connection to node -1 (localhost/127.0.0.1:9092) could not be established. Broker may not be available.
[kafka-admin-client-thread | adminclient-22] INFO org.apache.kafka.clients.NetworkClient - [AdminClient clientId=adminclient-22] Node -1 disconnected.
[kafka-admin-client-thread | adminclient-24] INFO org.apache.kafka.clients.NetworkClient - [AdminClient clientId=adminclient-24] Node -1 disconnected.
[kafka-admin-client-thread | adminclient-22] WARN org.apache.kafka.clients.NetworkClient - [AdminClient clientId=adminclient-22] Connection to node -1 (localhost/127.0.0.1:9092) could not be established. Broker may not be available.
[kafka-admin-client-thread | adminclient-24] WARN org.apache.kafka.clients.NetworkClient - [AdminClient clientId=adminclient-24] Connection to node -1 (localhost/127.0.0.1:9092) could not be established. Broker may not be available.
[kafka-admin-client-thread | adminclient-14] INFO org.apache.kafka.clients.NetworkClient - [AdminClient clientId=adminclient-14] Node -1 disconnected.
[kafka-admin-client-thread | adminclient-14] WARN org.apache.kafka.clients.NetworkClient - [AdminClient clientId=adminclient-14] Connection to node -1 (localhost/127.0.0.1:9092) could not be established. Broker may not be available.
[kafka-admin-client-thread | adminclient-16] INFO org.apache.kafka.clients.NetworkClient - [AdminClient clientId=adminclient-16] Node -1 disconnected.
[kafka-admin-client-thread | adminclient-17] INFO org.apache.kafka.clients.NetworkClient - [AdminClient clientId=adminclient-17] Node -1 disconnected.
[kafka-admin-client-thread | adminclient-16] WARN org.apache.kafka.clients.NetworkClient - [AdminClient clientId=adminclient-16] Connection to node -1 (localhost/127.0.0.1:9092) could not be established. Broker may not be available.
[kafka-admin-client-thread | adminclient-17] WARN org.apache.kafka.clients.NetworkClient - [AdminClient clientId=adminclient-17] Connection to node -1 (localhost/127.0.0.1:9092) could not be established. Broker may not be available.
[kafka-admin-client-thread | adminclient-26] INFO org.apache.kafka.clients.NetworkClient - [AdminClient clientId=adminclient-26] Node -1 disconnected.
[kafka-admin-client-thread | adminclient-26] WARN org.apache.kafka.clients.NetworkClient - [AdminClient clientId=adminclient-26] Connection to node -1 (localhost/127.0.0.1:9092) could not be established. Broker may not be available.
[kafka-admin-client-thread | adminclient-27] INFO org.apache.kafka.clients.NetworkClient - [AdminClient clientId=adminclient-27] Node -1 disconnected.
[kafka-admin-client-thread | adminclient-27] WARN org.apache.kafka.clients.NetworkClient - [AdminClient clientId=adminclient-27] Connection to node -1 (localhost/127.0.0.1:9092) could not be established. Broker may not be available.
[kafka-admin-client-thread | adminclient-21] INFO org.apache.kafka.clients.NetworkClient - [AdminClient clientId=adminclient-21] Node -1 disconnected.
[kafka-admin-client-thread | adminclient-21] WARN org.apache.kafka.clients.NetworkClient - [AdminClient clientId=adminclient-21] Connection to node -1 (localhost/127.0.0.1:9092) could not be established. Broker may not be available.
[kafka-admin-client-thread | adminclient-7] INFO org.apache.kafka.clients.NetworkClient - [AdminClient clientId=adminclient-7] Node -1 disconnected.
[kafka-admin-client-thread | adminclient-7] WARN org.apache.kafka.clients.NetworkClient - [AdminClient clientId=adminclient-7] Connection to node -1 (localhost/127.0.0.1:9092) could not be established. Broker may not be available.
[kafka-admin-client-thread | adminclient-20] INFO org.apache.kafka.clients.NetworkClient - [AdminClient clientId=adminclient-20] Node -1 disconnected.
[kafka-admin-client-thread | adminclient-20] WARN org.apache.kafka.clients.NetworkClient - [AdminClient clientId=adminclient-20] Connection to node -1 (localhost/127.0.0.1:9092) could not be established. Broker may not be available.
[kafka-admin-client-thread | adminclient-15] INFO org.apache.kafka.clients.NetworkClient - [AdminClient clientId=adminclient-15] Node -1 disconnected.
[kafka-admin-client-thread | adminclient-15] WARN org.apache.kafka.clients.NetworkClient - [AdminClient clientId=adminclient-15] Connection to node -1 (localhost/127.0.0.1:9092) could not be established. Broker may not be available.
[kafka-admin-client-thread | adminclient-9] INFO org.apache.kafka.clients.NetworkClient - [AdminClient clientId=adminclient-9] Node -1 disconnected.
[kafka-admin-client-thread | adminclient-9] WARN org.apache.kafka.clients.NetworkClient - [AdminClient clientId=adminclient-9] Connection to node -1 (localhost/127.0.0.1:9092) could not be established. Broker may not be available.
[kafka-admin-client-thread | adminclient-12] INFO org.apache.kafka.clients.NetworkClient - [AdminClient clientId=adminclient-12] Node -1 disconnected.
[kafka-admin-client-thread | adminclient-11] INFO org.apache.kafka.clients.NetworkClient - [AdminClient clientId=adminclient-11] Node -1 disconnected.
[kafka-admin-client-thread | adminclient-11] WARN org.apache.kafka.clients.NetworkClient - [AdminClient clientId=adminclient-11] Connection to node -1 (localhost/127.0.0.1:9092) could not be established. Broker may not be available.
[kafka-admin-client-thread | adminclient-12] WARN org.apache.kafka.clients.NetworkClient - [AdminClient clientId=adminclient-12] Connection to node -1 (localhost/127.0.0.1:9092) could not be established. Broker may not be available.
[kafka-admin-client-thread | adminclient-13] INFO org.apache.kafka.clients.NetworkClient - [AdminClient clientId=adminclient-13] Node -1 disconnected.
[kafka-admin-client-thread | adminclient-13] WARN org.apache.kafka.clients.NetworkClient - [AdminClient clientId=adminclient-13] Connection to node -1 (localhost/127.0.0.1:9092) could not be established. Broker may not be available.
[kafka-admin-client-thread | adminclient-23] INFO org.apache.kafka.clients.NetworkClient - [AdminClient clientId=adminclient-23] Node -1 disconnected.
[kafka-admin-client-thread | adminclient-10] INFO org.apache.kafka.clients.NetworkClient - [AdminClient clientId=adminclient-10] Node -1 disconnected.
[kafka-admin-client-thread | adminclient-23] WARN org.apache.kafka.clients.NetworkClient - [AdminClient clientId=adminclient-23] Connection to node -1 (localhost/127.0.0.1:9092) could not be established. Broker may not be available.
[kafka-admin-client-thread | adminclient-10] WARN org.apache.kafka.clients.NetworkClient - [AdminClient clientId=adminclient-10] Connection to node -1 (localhost/127.0.0.1:9092) could not be established. Broker may not be available.
[kafka-admin-client-thread | adminclient-2] INFO org.apache.kafka.clients.NetworkClient - [AdminClient clientId=adminclient-2] Node -1 disconnected.
[kafka-admin-client-thread | adminclient-2] WARN org.apache.kafka.clients.NetworkClient - [AdminClient clientId=adminclient-2] Connection to node -1 (localhost/127.0.0.1:9092) could not be established. Broker may not be available.
[kafka-admin-client-thread | adminclient-25] INFO org.apache.kafka.clients.NetworkClient - [AdminClient clientId=adminclient-25] Node -1 disconnected.
[kafka-admin-client-thread | adminclient-25] WARN org.apache.kafka.clients.NetworkClient - [AdminClient clientId=adminclient-25] Connection to node -1 (localhost/127.0.0.1:9092) could not be established. Broker may not be available.
[kafka-admin-client-thread | adminclient-8] INFO org.apache.kafka.clients.NetworkClient - [AdminClient clientId=adminclient-8] Node -1 disconnected.
[kafka-admin-client-thread | adminclient-28] INFO org.apache.kafka.clients.NetworkClient - [AdminClient clientId=adminclient-28] Node -1 disconnected.
[kafka-admin-client-thread | adminclient-8] WARN org.apache.kafka.clients.NetworkClient - [AdminClient clientId=adminclient-8] Connection to node -1 (localhost/127.0.0.1:9092) could not be established. Broker may not be available.
[kafka-admin-client-thread | adminclient-28] WARN org.apache.kafka.clients.NetworkClient - [AdminClient clientId=adminclient-28] Connection to node -1 (localhost/127.0.0.1:9092) could not be established. Broker may not be available.
[kafka-admin-client-thread | adminclient-19] INFO org.apache.kafka.clients.NetworkClient - [AdminClient clientId=adminclient-19] Node -1 disconnected.
[kafka-admin-client-thread | adminclient-19] WARN org.apache.kafka.clients.NetworkClient - [AdminClient clientId=adminclient-19] Connection to node -1 (localhost/127.0.0.1:9092) could not be established. Broker may not be available.
[kafka-admin-client-thread | adminclient-22] INFO org.apache.kafka.clients.NetworkClient - [AdminClient clientId=adminclient-22] Node -1 disconnected.
[kafka-admin-client-thread | adminclient-22] WARN org.apache.kafka.clients.NetworkClient - [AdminClient clientId=adminclient-22] Connection to node -1 (localhost/127.0.0.1:9092) could not be established. Broker may not be available.
[kafka-admin-client-thread | adminclient-3] INFO org.apache.kafka.clients.NetworkClient - [AdminClient clientId=adminclient-3] Node -1 disconnected.
[kafka-admin-client-thread | adminclient-3] WARN org.apache.kafka.clients.NetworkClient - [AdminClient clientId=adminclient-3] Connection to node -1 (localhost/127.0.0.1:9092) could not be established. Broker may not be available.
[kafka-admin-client-thread | adminclient-1] INFO org.apache.kafka.clients.NetworkClient - [AdminClient clientId=adminclient-1] Node -1 disconnected.
[kafka-admin-client-thread | adminclient-1] WARN org.apache.kafka.clients.NetworkClient - [AdminClient clientId=adminclient-1] Connection to node -1 (localhost/127.0.0.1:9092) could not be established. Broker may not be available.
[kafka-admin-client-thread | adminclient-24] INFO org.apache.kafka.clients.NetworkClient - [AdminClient clientId=adminclient-24] Node -1 disconnected.
[kafka-admin-client-thread | adminclient-16] INFO org.apache.kafka.clients.NetworkClient - [AdminClient clientId=adminclient-16] Node -1 disconnected.
[kafka-admin-client-thread | adminclient-24] WARN org.apache.kafka.clients.NetworkClient - [AdminClient clientId=adminclient-24] Connection to node -1 (localhost/127.0.0.1:9092) could not be established. Broker may not be available.
[kafka-admin-client-thread | adminclient-16] WARN org.apache.kafka.clients.NetworkClient - [AdminClient clientId=adminclient-16] Connection to node -1 (localhost/127.0.0.1:9092) could not be established. Broker may not be available.
[kafka-admin-client-thread | adminclient-18] INFO org.apache.kafka.clients.NetworkClient - [AdminClient clientId=adminclient-18] Node -1 disconnected.
[kafka-admin-client-thread | adminclient-18] WARN org.apache.kafka.clients.NetworkClient - [AdminClient clientId=adminclient-18] Connection to node -1 (localhost/127.0.0.1:9092) could not be established. Broker may not be available.
[kafka-admin-client-thread | adminclient-4] INFO org.apache.kafka.clients.NetworkClient - [AdminClient clientId=adminclient-4] Node -1 disconnected.
[kafka-admin-client-thread | adminclient-4] WARN org.apache.kafka.clients.NetworkClient - [AdminClient clientId=adminclient-4] Connection to node -1 (localhost/127.0.0.1:9092) could not be established. Broker may not be available.
[kafka-admin-client-thread | adminclient-7] INFO org.apache.kafka.clients.NetworkClient - [AdminClient clientId=adminclient-7] Node -1 disconnected.
[kafka-admin-client-thread | adminclient-7] WARN org.apache.kafka.clients.NetworkClient - [AdminClient clientId=adminclient-7] Connection to node -1 (localhost/127.0.0.1:9092) could not be established. Broker may not be available.
[kafka-admin-client-thread | adminclient-20] INFO org.apache.kafka.clients.NetworkClient - [AdminClient clientId=adminclient-20] Node -1 disconnected.
[kafka-admin-client-thread | adminclient-26] INFO org.apache.kafka.clients.NetworkClient - [AdminClient clientId=adminclient-26] Node -1 disconnected.
[kafka-admin-client-thread | adminclient-20] WARN org.apache.kafka.clients.NetworkClient - [AdminClient clientId=adminclient-20] Connection to node -1 (localhost/127.0.0.1:9092) could not be established. Broker may not be available.
[kafka-admin-client-thread | adminclient-26] WARN org.apache.kafka.clients.NetworkClient - [AdminClient clientId=adminclient-26] Connection to node -1 (localhost/127.0.0.1:9092) could not be established. Broker may not be available.
[kafka-admin-client-thread | adminclient-21] INFO org.apache.kafka.clients.NetworkClient - [AdminClient clientId=adminclient-21] Node -1 disconnected.
[kafka-admin-client-thread | adminclient-21] WARN org.apache.kafka.clients.NetworkClient - [AdminClient clientId=adminclient-21] Connection to node -1 (localhost/127.0.0.1:9092) could not be established. Broker may not be available.
[kafka-admin-client-thread | adminclient-14] INFO org.apache.kafka.clients.NetworkClient - [AdminClient clientId=adminclient-14] Node -1 disconnected.
[kafka-admin-client-thread | adminclient-14] WARN org.apache.kafka.clients.NetworkClient - [AdminClient clientId=adminclient-14] Connection to node -1 (localhost/127.0.0.1:9092) could not be established. Broker may not be available.
[kafka-admin-client-thread | adminclient-17] INFO org.apache.kafka.clients.NetworkClient - [AdminClient clientId=adminclient-17] Node -1 disconnected.
[kafka-admin-client-thread | adminclient-17] WARN org.apache.kafka.clients.NetworkClient - [AdminClient clientId=adminclient-17] Connection to node -1 (localhost/127.0.0.1:9092) could not be established. Broker may not be available.
[kafka-admin-client-thread | adminclient-9] INFO org.apache.kafka.clients.NetworkClient - [AdminClient clientId=adminclient-9] Node -1 disconnected.
[kafka-admin-client-thread | adminclient-9] WARN org.apache.kafka.clients.NetworkClient - [AdminClient clientId=adminclient-9] Connection to node -1 (localhost/127.0.0.1:9092) could not be established. Broker may not be available.
[kafka-admin-client-thread | adminclient-12] INFO org.apache.kafka.clients.NetworkClient - [AdminClient clientId=adminclient-12] Node -1 disconnected.
[kafka-admin-client-thread | adminclient-12] WARN org.apache.kafka.clients.NetworkClient - [AdminClient clientId=adminclient-12] Connection to node -1 (localhost/127.0.0.1:9092) could not be established. Broker may not be available.
[kafka-admin-client-thread | adminclient-13] INFO org.apache.kafka.clients.NetworkClient - [AdminClient clientId=adminclient-13] Node -1 disconnected.
[kafka-admin-client-thread | adminclient-13] WARN org.apache.kafka.clients.NetworkClient - [AdminClient clientId=adminclient-13] Connection to node -1 (localhost/127.0.0.1:9092) could not be established. Broker may not be available.
[kafka-admin-client-thread | adminclient-27] INFO org.apache.kafka.clients.NetworkClient - [AdminClient clientId=adminclient-27] Node -1 disconnected.
[kafka-admin-client-thread | adminclient-15] INFO org.apache.kafka.clients.NetworkClient - [AdminClient clientId=adminclient-15] Node -1 disconnected.
[kafka-admin-client-thread | adminclient-27] WARN org.apache.kafka.clients.NetworkClient - [AdminClient clientId=adminclient-27] Connection to node -1 (localhost/127.0.0.1:9092) could not be established. Broker may not be available.
[kafka-admin-client-thread | adminclient-15] WARN org.apache.kafka.clients.NetworkClient - [AdminClient clientId=adminclient-15] Connection to node -1 (localhost/127.0.0.1:9092) could not be established. Broker may not be available.
[kafka-admin-client-thread | adminclient-23] INFO org.apache.kafka.clients.NetworkClient - [AdminClient clientId=adminclient-23] Node -1 disconnected.
[kafka-admin-client-thread | adminclient-23] WARN org.apache.kafka.clients.NetworkClient - [AdminClient clientId=adminclient-23] Connection to node -1 (localhost/127.0.0.1:9092) could not be established. Broker may not be available.
[kafka-admin-client-thread | adminclient-10] INFO org.apache.kafka.clients.NetworkClient - [AdminClient clientId=adminclient-10] Node -1 disconnected.
[kafka-admin-client-thread | adminclient-10] WARN org.apache.kafka.clients.NetworkClient - [AdminClient clientId=adminclient-10] Connection to node -1 (localhost/127.0.0.1:9092) could not be established. Broker may not be available.
[kafka-admin-client-thread | adminclient-11] INFO org.apache.kafka.clients.NetworkClient - [AdminClient clientId=adminclient-11] Node -1 disconnected.
[kafka-admin-client-thread | adminclient-11] WARN org.apache.kafka.clients.NetworkClient - [AdminClient clientId=adminclient-11] Connection to node -1 (localhost/127.0.0.1:9092) could not be established. Broker may not be available.
[kafka-admin-client-thread | adminclient-8] INFO org.apache.kafka.clients.NetworkClient - [AdminClient clientId=adminclient-8] Node -1 disconnected.
[kafka-admin-client-thread | adminclient-8] WARN org.apache.kafka.clients.NetworkClient - [AdminClient clientId=adminclient-8] Connection to node -1 (localhost/127.0.0.1:9092) could not be established. Broker may not be available.
[kafka-admin-client-thread | adminclient-25] INFO org.apache.kafka.clients.NetworkClient - [AdminClient clientId=adminclient-25] Node -1 disconnected.
[kafka-admin-client-thread | adminclient-25] WARN org.apache.kafka.clients.NetworkClient - [AdminClient clientId=adminclient-25] Connection to node -1 (localhost/127.0.0.1:9092) could not be established. Broker may not be available.
[kafka-admin-client-thread | adminclient-2] INFO org.apache.kafka.clients.NetworkClient - [AdminClient clientId=adminclient-2] Node -1 disconnected.
[kafka-admin-client-thread | adminclient-2] WARN org.apache.kafka.clients.NetworkClient - [AdminClient clientId=adminclient-2] Connection to node -1 (localhost/127.0.0.1:9092) could not be established. Broker may not be available.
[kafka-admin-client-thread | adminclient-28] INFO org.apache.kafka.clients.NetworkClient - [AdminClient clientId=adminclient-28] Node -1 disconnected.
[kafka-admin-client-thread | adminclient-28] WARN org.apache.kafka.clients.NetworkClient - [AdminClient clientId=adminclient-28] Connection to node -1 (localhost/127.0.0.1:9092) could not be established. Broker may not be available.
[kafka-admin-client-thread | adminclient-19] INFO org.apache.kafka.clients.NetworkClient - [AdminClient clientId=adminclient-19] Node -1 disconnected.
[kafka-admin-client-thread | adminclient-19] WARN org.apache.kafka.clients.NetworkClient - [AdminClient clientId=adminclient-19] Connection to node -1 (localhost/127.0.0.1:9092) could not be established. Broker may not be available.
[kafka-admin-client-thread | adminclient-22] INFO org.apache.kafka.clients.NetworkClient - [AdminClient clientId=adminclient-22] Node -1 disconnected.
[kafka-admin-client-thread | adminclient-24] INFO org.apache.kafka.clients.NetworkClient - [AdminClient clientId=adminclient-24] Node -1 disconnected.
[kafka-admin-client-thread | adminclient-22] WARN org.apache.kafka.clients.NetworkClient - [AdminClient clientId=adminclient-22] Connection to node -1 (localhost/127.0.0.1:9092) could not be established. Broker may not be available.
[kafka-admin-client-thread | adminclient-24] WARN org.apache.kafka.clients.NetworkClient - [AdminClient clientId=adminclient-24] Connection to node -1 (localhost/127.0.0.1:9092) could not be established. Broker may not be available.
[kafka-admin-client-thread | adminclient-3] INFO org.apache.kafka.clients.NetworkClient - [AdminClient clientId=adminclient-3] Node -1 disconnected.
[kafka-admin-client-thread | adminclient-3] WARN org.apache.kafka.clients.NetworkClient - [AdminClient clientId=adminclient-3] Connection to node -1 (localhost/127.0.0.1:9092) could not be established. Broker may not be available.
[kafka-admin-client-thread | adminclient-1] INFO org.apache.kafka.clients.NetworkClient - [AdminClient clientId=adminclient-1] Node -1 disconnected.
[kafka-admin-client-thread | adminclient-1] WARN org.apache.kafka.clients.NetworkClient - [AdminClient clientId=adminclient-1] Connection to node -1 (localhost/127.0.0.1:9092) could not be established. Broker may not be available.
[kafka-admin-client-thread | adminclient-18] INFO org.apache.kafka.clients.NetworkClient - [AdminClient clientId=adminclient-18] Node -1 disconnected.
[kafka-admin-client-thread | adminclient-18] WARN org.apache.kafka.clients.NetworkClient - [AdminClient clientId=adminclient-18] Connection to node -1 (localhost/127.0.0.1:9092) could not be established. Broker may not be available.
[kafka-admin-client-thread | adminclient-7] INFO org.apache.kafka.clients.NetworkClient - [AdminClient clientId=adminclient-7] Node -1 disconnected.
[kafka-admin-client-thread | adminclient-7] WARN org.apache.kafka.clients.NetworkClient - [AdminClient clientId=adminclient-7] Connection to node -1 (localhost/127.0.0.1:9092) could not be established. Broker may not be available.
[kafka-admin-client-thread | adminclient-16] INFO org.apache.kafka.clients.NetworkClient - [AdminClient clientId=adminclient-16] Node -1 disconnected.
[kafka-admin-client-thread | adminclient-16] WARN org.apache.kafka.clients.NetworkClient - [AdminClient clientId=adminclient-16] Connection to node -1 (localhost/127.0.0.1:9092) could not be established. Broker may not be available.
[kafka-admin-client-thread | adminclient-26] INFO org.apache.kafka.clients.NetworkClient - [AdminClient clientId=adminclient-26] Node -1 disconnected.
[kafka-admin-client-thread | adminclient-26] WARN org.apache.kafka.clients.NetworkClient - [AdminClient clientId=adminclient-26] Connection to node -1 (localhost/127.0.0.1:9092) could not be established. Broker may not be available.
[kafka-admin-client-thread | adminclient-4] INFO org.apache.kafka.clients.NetworkClient - [AdminClient clientId=adminclient-4] Node -1 disconnected.
[kafka-admin-client-thread | adminclient-4] WARN org.apache.kafka.clients.NetworkClient - [AdminClient clientId=adminclient-4] Connection to node -1 (localhost/127.0.0.1:9092) could not be established. Broker may not be available.
[kafka-admin-client-thread | adminclient-14] INFO org.apache.kafka.clients.NetworkClient - [AdminClient clientId=adminclient-14] Node -1 disconnected.
[kafka-admin-client-thread | adminclient-14] WARN org.apache.kafka.clients.NetworkClient - [AdminClient clientId=adminclient-14] Connection to node -1 (localhost/127.0.0.1:9092) could not be established. Broker may not be available.
[kafka-admin-client-thread | adminclient-17] INFO org.apache.kafka.clients.NetworkClient - [AdminClient clientId=adminclient-17] Node -1 disconnected.
[kafka-admin-client-thread | adminclient-17] WARN org.apache.kafka.clients.NetworkClient - [AdminClient clientId=adminclient-17] Connection to node -1 (localhost/127.0.0.1:9092) could not be established. Broker may not be available.
[kafka-admin-client-thread | adminclient-21] INFO org.apache.kafka.clients.NetworkClient - [AdminClient clientId=adminclient-21] Node -1 disconnected.
[kafka-admin-client-thread | adminclient-23] INFO org.apache.kafka.clients.NetworkClient - [AdminClient clientId=adminclient-23] Node -1 disconnected.
[kafka-admin-client-thread | adminclient-23] WARN org.apache.kafka.clients.NetworkClient - [AdminClient clientId=adminclient-23] Connection to node -1 (localhost/127.0.0.1:9092) could not be established. Broker may not be available.
[kafka-admin-client-thread | adminclient-21] WARN org.apache.kafka.clients.NetworkClient - [AdminClient clientId=adminclient-21] Connection to node -1 (localhost/127.0.0.1:9092) could not be established. Broker may not be available.
[kafka-admin-client-thread | adminclient-20] INFO org.apache.kafka.clients.NetworkClient - [AdminClient clientId=adminclient-20] Node -1 disconnected.
[kafka-admin-client-thread | adminclient-20] WARN org.apache.kafka.clients.NetworkClient - [AdminClient clientId=adminclient-20] Connection to node -1 (localhost/127.0.0.1:9092) could not be established. Broker may not be available.
[kafka-admin-client-thread | adminclient-13] INFO org.apache.kafka.clients.NetworkClient - [AdminClient clientId=adminclient-13] Node -1 disconnected.
[kafka-admin-client-thread | adminclient-13] WARN org.apache.kafka.clients.NetworkClient - [AdminClient clientId=adminclient-13] Connection to node -1 (localhost/127.0.0.1:9092) could not be established. Broker may not be available.
[kafka-admin-client-thread | adminclient-15] INFO org.apache.kafka.clients.NetworkClient - [AdminClient clientId=adminclient-15] Node -1 disconnected.
[kafka-admin-client-thread | adminclient-15] WARN org.apache.kafka.clients.NetworkClient - [AdminClient clientId=adminclient-15] Connection to node -1 (localhost/127.0.0.1:9092) could not be established. Broker may not be available.
[kafka-admin-client-thread | adminclient-9] INFO org.apache.kafka.clients.NetworkClient - [AdminClient clientId=adminclient-9] Node -1 disconnected.
[kafka-admin-client-thread | adminclient-9] WARN org.apache.kafka.clients.NetworkClient - [AdminClient clientId=adminclient-9] Connection to node -1 (localhost/127.0.0.1:9092) could not be established. Broker may not be available.
[kafka-admin-client-thread | adminclient-12] INFO org.apache.kafka.clients.NetworkClient - [AdminClient clientId=adminclient-12] Node -1 disconnected.
[kafka-admin-client-thread | adminclient-12] WARN org.apache.kafka.clients.NetworkClient - [AdminClient clientId=adminclient-12] Connection to node -1 (localhost/127.0.0.1:9092) could not be established. Broker may not be available.
[kafka-admin-client-thread | adminclient-27] INFO org.apache.kafka.clients.NetworkClient - [AdminClient clientId=adminclient-27] Node -1 disconnected.
[kafka-admin-client-thread | adminclient-27] WARN org.apache.kafka.clients.NetworkClient - [AdminClient clientId=adminclient-27] Connection to node -1 (localhost/127.0.0.1:9092) could not be established. Broker may not be available.
[kafka-admin-client-thread | adminclient-2] INFO org.apache.kafka.clients.NetworkClient - [AdminClient clientId=adminclient-2] Node -1 disconnected.
[kafka-admin-client-thread | adminclient-2] WARN org.apache.kafka.clients.NetworkClient - [AdminClient clientId=adminclient-2] Connection to node -1 (localhost/127.0.0.1:9092) could not be established. Broker may not be available.
[kafka-admin-client-thread | adminclient-10] INFO org.apache.kafka.clients.NetworkClient - [AdminClient clientId=adminclient-10] Node -1 disconnected.
[kafka-admin-client-thread | adminclient-10] WARN org.apache.kafka.clients.NetworkClient - [AdminClient clientId=adminclient-10] Connection to node -1 (localhost/127.0.0.1:9092) could not be established. Broker may not be available.
[kafka-admin-client-thread | adminclient-11] INFO org.apache.kafka.clients.NetworkClient - [AdminClient clientId=adminclient-11] Node -1 disconnected.
[kafka-admin-client-thread | adminclient-11] WARN org.apache.kafka.clients.NetworkClient - [AdminClient clientId=adminclient-11] Connection to node -1 (localhost/127.0.0.1:9092) could not be established. Broker may not be available.
[kafka-admin-client-thread | adminclient-8] INFO org.apache.kafka.clients.NetworkClient - [AdminClient clientId=adminclient-8] Node -1 disconnected.
[kafka-admin-client-thread | adminclient-8] WARN org.apache.kafka.clients.NetworkClient - [AdminClient clientId=adminclient-8] Connection to node -1 (localhost/127.0.0.1:9092) could not be established. Broker may not be available.
[kafka-admin-client-thread | adminclient-3] INFO org.apache.kafka.clients.NetworkClient - [AdminClient clientId=adminclient-3] Node -1 disconnected.
[kafka-admin-client-thread | adminclient-25] INFO org.apache.kafka.clients.NetworkClient - [AdminClient clientId=adminclient-25] Node -1 disconnected.
[kafka-admin-client-thread | adminclient-3] WARN org.apache.kafka.clients.NetworkClient - [AdminClient clientId=adminclient-3] Connection to node -1 (localhost/127.0.0.1:9092) could not be established. Broker may not be available.
[kafka-admin-client-thread | adminclient-25] WARN org.apache.kafka.clients.NetworkClient - [AdminClient clientId=adminclient-25] Connection to node -1 (localhost/127.0.0.1:9092) could not be established. Broker may not be available.
[kafka-admin-client-thread | adminclient-28] INFO org.apache.kafka.clients.NetworkClient - [AdminClient clientId=adminclient-28] Node -1 disconnected.
[kafka-admin-client-thread | adminclient-28] WARN org.apache.kafka.clients.NetworkClient - [AdminClient clientId=adminclient-28] Connection to node -1 (localhost/127.0.0.1:9092) could not be established. Broker may not be available.
[kafka-admin-client-thread | adminclient-22] INFO org.apache.kafka.clients.NetworkClient - [AdminClient clientId=adminclient-22] Node -1 disconnected.
[kafka-admin-client-thread | adminclient-24] INFO org.apache.kafka.clients.NetworkClient - [AdminClient clientId=adminclient-24] Node -1 disconnected.
[kafka-admin-client-thread | adminclient-24] WARN org.apache.kafka.clients.NetworkClient - [AdminClient clientId=adminclient-24] Connection to node -1 (localhost/127.0.0.1:9092) could not be established. Broker may not be available.
[kafka-admin-client-thread | adminclient-22] WARN org.apache.kafka.clients.NetworkClient - [AdminClient clientId=adminclient-22] Connection to node -1 (localhost/127.0.0.1:9092) could not be established. Broker may not be available.
[kafka-admin-client-thread | adminclient-19] INFO org.apache.kafka.clients.NetworkClient - [AdminClient clientId=adminclient-19] Node -1 disconnected.
[kafka-admin-client-thread | adminclient-19] WARN org.apache.kafka.clients.NetworkClient - [AdminClient clientId=adminclient-19] Connection to node -1 (localhost/127.0.0.1:9092) could not be established. Broker may not be available.
[kafka-admin-client-thread | adminclient-1] INFO org.apache.kafka.clients.NetworkClient - [AdminClient clientId=adminclient-1] Node -1 disconnected.
[kafka-admin-client-thread | adminclient-1] WARN org.apache.kafka.clients.NetworkClient - [AdminClient clientId=adminclient-1] Connection to node -1 (localhost/127.0.0.1:9092) could not be established. Broker may not be available.
[kafka-admin-client-thread | adminclient-18] INFO org.apache.kafka.clients.NetworkClient - [AdminClient clientId=adminclient-18] Node -1 disconnected.
[kafka-admin-client-thread | adminclient-18] WARN org.apache.kafka.clients.NetworkClient - [AdminClient clientId=adminclient-18] Connection to node -1 (localhost/127.0.0.1:9092) could not be established. Broker may not be available.
[kafka-admin-client-thread | adminclient-16] INFO org.apache.kafka.clients.NetworkClient - [AdminClient clientId=adminclient-16] Node -1 disconnected.
[kafka-admin-client-thread | adminclient-16] WARN org.apache.kafka.clients.NetworkClient - [AdminClient clientId=adminclient-16] Connection to node -1 (localhost/127.0.0.1:9092) could not be established. Broker may not be available.
[kafka-admin-client-thread | adminclient-21] INFO org.apache.kafka.clients.NetworkClient - [AdminClient clientId=adminclient-21] Node -1 disconnected.
[kafka-admin-client-thread | adminclient-26] INFO org.apache.kafka.clients.NetworkClient - [AdminClient clientId=adminclient-26] Node -1 disconnected.
[kafka-admin-client-thread | adminclient-21] WARN org.apache.kafka.clients.NetworkClient - [AdminClient clientId=adminclient-21] Connection to node -1 (localhost/127.0.0.1:9092) could not be established. Broker may not be available.
[kafka-admin-client-thread | adminclient-26] WARN org.apache.kafka.clients.NetworkClient - [AdminClient clientId=adminclient-26] Connection to node -1 (localhost/127.0.0.1:9092) could not be established. Broker may not be available.
[kafka-admin-client-thread | adminclient-20] INFO org.apache.kafka.clients.NetworkClient - [AdminClient clientId=adminclient-20] Node -1 disconnected.
[kafka-admin-client-thread | adminclient-20] WARN org.apache.kafka.clients.NetworkClient - [AdminClient clientId=adminclient-20] Connection to node -1 (localhost/127.0.0.1:9092) could not be established. Broker may not be available.
[kafka-admin-client-thread | adminclient-7] INFO org.apache.kafka.clients.NetworkClient - [AdminClient clientId=adminclient-7] Node -1 disconnected.
[kafka-admin-client-thread | adminclient-7] WARN org.apache.kafka.clients.NetworkClient - [AdminClient clientId=adminclient-7] Connection to node -1 (localhost/127.0.0.1:9092) could not be established. Broker may not be available.
[kafka-admin-client-thread | adminclient-4] INFO org.apache.kafka.clients.NetworkClient - [AdminClient clientId=adminclient-4] Node -1 disconnected.
[kafka-admin-client-thread | adminclient-4] WARN org.apache.kafka.clients.NetworkClient - [AdminClient clientId=adminclient-4] Connection to node -1 (localhost/127.0.0.1:9092) could not be established. Broker may not be available.
[kafka-admin-client-thread | adminclient-14] INFO org.apache.kafka.clients.NetworkClient - [AdminClient clientId=adminclient-14] Node -1 disconnected.
[kafka-admin-client-thread | adminclient-13] INFO org.apache.kafka.clients.NetworkClient - [AdminClient clientId=adminclient-13] Node -1 disconnected.
[kafka-admin-client-thread | adminclient-14] WARN org.apache.kafka.clients.NetworkClient - [AdminClient clientId=adminclient-14] Connection to node -1 (localhost/127.0.0.1:9092) could not be established. Broker may not be available.
[kafka-admin-client-thread | adminclient-13] WARN org.apache.kafka.clients.NetworkClient - [AdminClient clientId=adminclient-13] Connection to node -1 (localhost/127.0.0.1:9092) could not be established. Broker may not be available.
[kafka-admin-client-thread | adminclient-17] INFO org.apache.kafka.clients.NetworkClient - [AdminClient clientId=adminclient-17] Node -1 disconnected.
[kafka-admin-client-thread | adminclient-17] WARN org.apache.kafka.clients.NetworkClient - [AdminClient clientId=adminclient-17] Connection to node -1 (localhost/127.0.0.1:9092) could not be established. Broker may not be available.
[kafka-admin-client-thread | adminclient-23] INFO org.apache.kafka.clients.NetworkClient - [AdminClient clientId=adminclient-23] Node -1 disconnected.
[kafka-admin-client-thread | adminclient-23] WARN org.apache.kafka.clients.NetworkClient - [AdminClient clientId=adminclient-23] Connection to node -1 (localhost/127.0.0.1:9092) could not be established. Broker may not be available.
[kafka-admin-client-thread | adminclient-15] INFO org.apache.kafka.clients.NetworkClient - [AdminClient clientId=adminclient-15] Node -1 disconnected.
[kafka-admin-client-thread | adminclient-15] WARN org.apache.kafka.clients.NetworkClient - [AdminClient clientId=adminclient-15] Connection to node -1 (localhost/127.0.0.1:9092) could not be established. Broker may not be available.
[kafka-admin-client-thread | adminclient-2] INFO org.apache.kafka.clients.NetworkClient - [AdminClient clientId=adminclient-2] Node -1 disconnected.
[kafka-admin-client-thread | adminclient-2] WARN org.apache.kafka.clients.NetworkClient - [AdminClient clientId=adminclient-2] Connection to node -1 (localhost/127.0.0.1:9092) could not be established. Broker may not be available.
[kafka-admin-client-thread | adminclient-11] INFO org.apache.kafka.clients.NetworkClient - [AdminClient clientId=adminclient-11] Node -1 disconnected.
[kafka-admin-client-thread | adminclient-12] INFO org.apache.kafka.clients.NetworkClient - [AdminClient clientId=adminclient-12] Node -1 disconnected.
[kafka-admin-client-thread | adminclient-12] WARN org.apache.kafka.clients.NetworkClient - [AdminClient clientId=adminclient-12] Connection to node -1 (localhost/127.0.0.1:9092) could not be established. Broker may not be available.
[kafka-admin-client-thread | adminclient-11] WARN org.apache.kafka.clients.NetworkClient - [AdminClient clientId=adminclient-11] Connection to node -1 (localhost/127.0.0.1:9092) could not be established. Broker may not be available.
[kafka-admin-client-thread | adminclient-8] INFO org.apache.kafka.clients.NetworkClient - [AdminClient clientId=adminclient-8] Node -1 disconnected.
[kafka-admin-client-thread | adminclient-8] WARN org.apache.kafka.clients.NetworkClient - [AdminClient clientId=adminclient-8] Connection to node -1 (localhost/127.0.0.1:9092) could not be established. Broker may not be available.
[kafka-admin-client-thread | adminclient-9] INFO org.apache.kafka.clients.NetworkClient - [AdminClient clientId=adminclient-9] Node -1 disconnected.
[kafka-admin-client-thread | adminclient-9] WARN org.apache.kafka.clients.NetworkClient - [AdminClient clientId=adminclient-9] Connection to node -1 (localhost/127.0.0.1:9092) could not be established. Broker may not be available.
[kafka-admin-client-thread | adminclient-3] INFO org.apache.kafka.clients.NetworkClient - [AdminClient clientId=adminclient-3] Node -1 disconnected.
[kafka-admin-client-thread | adminclient-25] INFO org.apache.kafka.clients.NetworkClient - [AdminClient clientId=adminclient-25] Node -1 disconnected.
[kafka-admin-client-thread | adminclient-25] WARN org.apache.kafka.clients.NetworkClient - [AdminClient clientId=adminclient-25] Connection to node -1 (localhost/127.0.0.1:9092) could not be established. Broker may not be available.
[kafka-admin-client-thread | adminclient-3] WARN org.apache.kafka.clients.NetworkClient - [AdminClient clientId=adminclient-3] Connection to node -1 (localhost/127.0.0.1:9092) could not be established. Broker may not be available.
[kafka-admin-client-thread | adminclient-27] INFO org.apache.kafka.clients.NetworkClient - [AdminClient clientId=adminclient-27] Node -1 disconnected.
[kafka-admin-client-thread | adminclient-27] WARN org.apache.kafka.clients.NetworkClient - [AdminClient clientId=adminclient-27] Connection to node -1 (localhost/127.0.0.1:9092) could not be established. Broker may not be available.
[kafka-admin-client-thread | adminclient-28] INFO org.apache.kafka.clients.NetworkClient - [AdminClient clientId=adminclient-28] Node -1 disconnected.
[kafka-admin-client-thread | adminclient-28] WARN org.apache.kafka.clients.NetworkClient - [AdminClient clientId=adminclient-28] Connection to node -1 (localhost/127.0.0.1:9092) could not be established. Broker may not be available.
[kafka-admin-client-thread | adminclient-22] INFO org.apache.kafka.clients.NetworkClient - [AdminClient clientId=adminclient-22] Node -1 disconnected.
[kafka-admin-client-thread | adminclient-22] WARN org.apache.kafka.clients.NetworkClient - [AdminClient clientId=adminclient-22] Connection to node -1 (localhost/127.0.0.1:9092) could not be established. Broker may not be available.
[kafka-admin-client-thread | adminclient-10] INFO org.apache.kafka.clients.NetworkClient - [AdminClient clientId=adminclient-10] Node -1 disconnected.
[kafka-admin-client-thread | adminclient-10] WARN org.apache.kafka.clients.NetworkClient - [AdminClient clientId=adminclient-10] Connection to node -1 (localhost/127.0.0.1:9092) could not be established. Broker may not be available.
[kafka-admin-client-thread | adminclient-1] INFO org.apache.kafka.clients.NetworkClient - [AdminClient clientId=adminclient-1] Node -1 disconnected.
[kafka-admin-client-thread | adminclient-1] WARN org.apache.kafka.clients.NetworkClient - [AdminClient clientId=adminclient-1] Connection to node -1 (localhost/127.0.0.1:9092) could not be established. Broker may not be available.
[kafka-admin-client-thread | adminclient-24] INFO org.apache.kafka.clients.NetworkClient - [AdminClient clientId=adminclient-24] Node -1 disconnected.
[kafka-admin-client-thread | adminclient-24] WARN org.apache.kafka.clients.NetworkClient - [AdminClient clientId=adminclient-24] Connection to node -1 (localhost/127.0.0.1:9092) could not be established. Broker may not be available.
[kafka-admin-client-thread | adminclient-26] INFO org.apache.kafka.clients.NetworkClient - [AdminClient clientId=adminclient-26] Node -1 disconnected.
[kafka-admin-client-thread | adminclient-26] WARN org.apache.kafka.clients.NetworkClient - [AdminClient clientId=adminclient-26] Connection to node -1 (localhost/127.0.0.1:9092) could not be established. Broker may not be available.
[kafka-admin-client-thread | adminclient-18] INFO org.apache.kafka.clients.NetworkClient - [AdminClient clientId=adminclient-18] Node -1 disconnected.
[kafka-admin-client-thread | adminclient-18] WARN org.apache.kafka.clients.NetworkClient - [AdminClient clientId=adminclient-18] Connection to node -1 (localhost/127.0.0.1:9092) could not be established. Broker may not be available.
[kafka-admin-client-thread | adminclient-19] INFO org.apache.kafka.clients.NetworkClient - [AdminClient clientId=adminclient-19] Node -1 disconnected.
[kafka-admin-client-thread | adminclient-20] INFO org.apache.kafka.clients.NetworkClient - [AdminClient clientId=adminclient-20] Node -1 disconnected.
[kafka-admin-client-thread | adminclient-19] WARN org.apache.kafka.clients.NetworkClient - [AdminClient clientId=adminclient-19] Connection to node -1 (localhost/127.0.0.1:9092) could not be established. Broker may not be available.
[kafka-admin-client-thread | adminclient-20] WARN org.apache.kafka.clients.NetworkClient - [AdminClient clientId=adminclient-20] Connection to node -1 (localhost/127.0.0.1:9092) could not be established. Broker may not be available.
[kafka-admin-client-thread | adminclient-21] INFO org.apache.kafka.clients.NetworkClient - [AdminClient clientId=adminclient-21] Node -1 disconnected.
[kafka-admin-client-thread | adminclient-21] WARN org.apache.kafka.clients.NetworkClient - [AdminClient clientId=adminclient-21] Connection to node -1 (localhost/127.0.0.1:9092) could not be established. Broker may not be available.
[kafka-admin-client-thread | adminclient-4] INFO org.apache.kafka.clients.NetworkClient - [AdminClient clientId=adminclient-4] Node -1 disconnected.
[kafka-admin-client-thread | adminclient-4] WARN org.apache.kafka.clients.NetworkClient - [AdminClient clientId=adminclient-4] Connection to node -1 (localhost/127.0.0.1:9092) could not be established. Broker may not be available.
[kafka-admin-client-thread | adminclient-16] INFO org.apache.kafka.clients.NetworkClient - [AdminClient clientId=adminclient-16] Node -1 disconnected.
[kafka-admin-client-thread | adminclient-16] WARN org.apache.kafka.clients.NetworkClient - [AdminClient clientId=adminclient-16] Connection to node -1 (localhost/127.0.0.1:9092) could not be established. Broker may not be available.
[kafka-admin-client-thread | adminclient-7] INFO org.apache.kafka.clients.NetworkClient - [AdminClient clientId=adminclient-7] Node -1 disconnected.
[kafka-admin-client-thread | adminclient-7] WARN org.apache.kafka.clients.NetworkClient - [AdminClient clientId=adminclient-7] Connection to node -1 (localhost/127.0.0.1:9092) could not be established. Broker may not be available.
[kafka-admin-client-thread | adminclient-12] INFO org.apache.kafka.clients.NetworkClient - [AdminClient clientId=adminclient-12] Node -1 disconnected.
[kafka-admin-client-thread | adminclient-12] WARN org.apache.kafka.clients.NetworkClient - [AdminClient clientId=adminclient-12] Connection to node -1 (localhost/127.0.0.1:9092) could not be established. Broker may not be available.
[kafka-admin-client-thread | adminclient-13] INFO org.apache.kafka.clients.NetworkClient - [AdminClient clientId=adminclient-13] Node -1 disconnected.
[kafka-admin-client-thread | adminclient-13] WARN org.apache.kafka.clients.NetworkClient - [AdminClient clientId=adminclient-13] Connection to node -1 (localhost/127.0.0.1:9092) could not be established. Broker may not be available.
[kafka-admin-client-thread | adminclient-15] INFO org.apache.kafka.clients.NetworkClient - [AdminClient clientId=adminclient-15] Node -1 disconnected.
[kafka-admin-client-thread | adminclient-15] WARN org.apache.kafka.clients.NetworkClient - [AdminClient clientId=adminclient-15] Connection to node -1 (localhost/127.0.0.1:9092) could not be established. Broker may not be available.
[kafka-admin-client-thread | adminclient-2] INFO org.apache.kafka.clients.NetworkClient - [AdminClient clientId=adminclient-2] Node -1 disconnected.
[kafka-admin-client-thread | adminclient-2] WARN org.apache.kafka.clients.NetworkClient - [AdminClient clientId=adminclient-2] Connection to node -1 (localhost/127.0.0.1:9092) could not be established. Broker may not be available.
[kafka-admin-client-thread | adminclient-23] INFO org.apache.kafka.clients.NetworkClient - [AdminClient clientId=adminclient-23] Node -1 disconnected.
[kafka-admin-client-thread | adminclient-23] WARN org.apache.kafka.clients.NetworkClient - [AdminClient clientId=adminclient-23] Connection to node -1 (localhost/127.0.0.1:9092) could not be established. Broker may not be available.
[kafka-admin-client-thread | adminclient-25] INFO org.apache.kafka.clients.NetworkClient - [AdminClient clientId=adminclient-25] Node -1 disconnected.
[kafka-admin-client-thread | adminclient-25] WARN org.apache.kafka.clients.NetworkClient - [AdminClient clientId=adminclient-25] Connection to node -1 (localhost/127.0.0.1:9092) could not be established. Broker may not be available.
[kafka-admin-client-thread | adminclient-14] INFO org.apache.kafka.clients.NetworkClient - [AdminClient clientId=adminclient-14] Node -1 disconnected.
[kafka-admin-client-thread | adminclient-14] WARN org.apache.kafka.clients.NetworkClient - [AdminClient clientId=adminclient-14] Connection to node -1 (localhost/127.0.0.1:9092) could not be established. Broker may not be available.
[kafka-admin-client-thread | adminclient-27] INFO org.apache.kafka.clients.NetworkClient - [AdminClient clientId=adminclient-27] Node -1 disconnected.
[kafka-admin-client-thread | adminclient-8] INFO org.apache.kafka.clients.NetworkClient - [AdminClient clientId=adminclient-8] Node -1 disconnected.
[kafka-admin-client-thread | adminclient-27] WARN org.apache.kafka.clients.NetworkClient - [AdminClient clientId=adminclient-27] Connection to node -1 (localhost/127.0.0.1:9092) could not be established. Broker may not be available.
[kafka-admin-client-thread | adminclient-8] WARN org.apache.kafka.clients.NetworkClient - [AdminClient clientId=adminclient-8] Connection to node -1 (localhost/127.0.0.1:9092) could not be established. Broker may not be available.
[kafka-admin-client-thread | adminclient-17] INFO org.apache.kafka.clients.NetworkClient - [AdminClient clientId=adminclient-17] Node -1 disconnected.
[kafka-admin-client-thread | adminclient-17] WARN org.apache.kafka.clients.NetworkClient - [AdminClient clientId=adminclient-17] Connection to node -1 (localhost/127.0.0.1:9092) could not be established. Broker may not be available.
[kafka-admin-client-thread | adminclient-9] INFO org.apache.kafka.clients.NetworkClient - [AdminClient clientId=adminclient-9] Node -1 disconnected.
[kafka-admin-client-thread | adminclient-9] WARN org.apache.kafka.clients.NetworkClient - [AdminClient clientId=adminclient-9] Connection to node -1 (localhost/127.0.0.1:9092) could not be established. Broker may not be available.
[kafka-admin-client-thread | adminclient-11] INFO org.apache.kafka.clients.NetworkClient - [AdminClient clientId=adminclient-11] Node -1 disconnected.
[kafka-admin-client-thread | adminclient-11] WARN org.apache.kafka.clients.NetworkClient - [AdminClient clientId=adminclient-11] Connection to node -1 (localhost/127.0.0.1:9092) could not be established. Broker may not be available.
[kafka-admin-client-thread | adminclient-3] INFO org.apache.kafka.clients.NetworkClient - [AdminClient clientId=adminclient-3] Node -1 disconnected.
[kafka-admin-client-thread | adminclient-3] WARN org.apache.kafka.clients.NetworkClient - [AdminClient clientId=adminclient-3] Connection to node -1 (localhost/127.0.0.1:9092) could not be established. Broker may not be available.
[kafka-admin-client-thread | adminclient-28] INFO org.apache.kafka.clients.NetworkClient - [AdminClient clientId=adminclient-28] Node -1 disconnected.
[kafka-admin-client-thread | adminclient-28] WARN org.apache.kafka.clients.NetworkClient - [AdminClient clientId=adminclient-28] Connection to node -1 (localhost/127.0.0.1:9092) could not be established. Broker may not be available.
[kafka-admin-client-thread | adminclient-1] INFO org.apache.kafka.clients.NetworkClient - [AdminClient clientId=adminclient-1] Node -1 disconnected.
[kafka-admin-client-thread | adminclient-1] WARN org.apache.kafka.clients.NetworkClient - [AdminClient clientId=adminclient-1] Connection to node -1 (localhost/127.0.0.1:9092) could not be established. Broker may not be available.
[kafka-admin-client-thread | adminclient-22] INFO org.apache.kafka.clients.NetworkClient - [AdminClient clientId=adminclient-22] Node -1 disconnected.
[kafka-admin-client-thread | adminclient-24] INFO org.apache.kafka.clients.NetworkClient - [AdminClient clientId=adminclient-24] Node -1 disconnected.
[kafka-admin-client-thread | adminclient-22] WARN org.apache.kafka.clients.NetworkClient - [AdminClient clientId=adminclient-22] Connection to node -1 (localhost/127.0.0.1:9092) could not be established. Broker may not be available.
[kafka-admin-client-thread | adminclient-24] WARN org.apache.kafka.clients.NetworkClient - [AdminClient clientId=adminclient-24] Connection to node -1 (localhost/127.0.0.1:9092) could not be established. Broker may not be available.
[kafka-admin-client-thread | adminclient-10] INFO org.apache.kafka.clients.NetworkClient - [AdminClient clientId=adminclient-10] Node -1 disconnected.
[kafka-admin-client-thread | adminclient-10] WARN org.apache.kafka.clients.NetworkClient - [AdminClient clientId=adminclient-10] Connection to node -1 (localhost/127.0.0.1:9092) could not be established. Broker may not be available.
[kafka-admin-client-thread | adminclient-26] INFO org.apache.kafka.clients.NetworkClient - [AdminClient clientId=adminclient-26] Node -1 disconnected.
[kafka-admin-client-thread | adminclient-26] WARN org.apache.kafka.clients.NetworkClient - [AdminClient clientId=adminclient-26] Connection to node -1 (localhost/127.0.0.1:9092) could not be established. Broker may not be available.
[kafka-admin-client-thread | adminclient-21] INFO org.apache.kafka.clients.NetworkClient - [AdminClient clientId=adminclient-21] Node -1 disconnected.
[kafka-admin-client-thread | adminclient-18] INFO org.apache.kafka.clients.NetworkClient - [AdminClient clientId=adminclient-18] Node -1 disconnected.
[kafka-admin-client-thread | adminclient-21] WARN org.apache.kafka.clients.NetworkClient - [AdminClient clientId=adminclient-21] Connection to node -1 (localhost/127.0.0.1:9092) could not be established. Broker may not be available.
[kafka-admin-client-thread | adminclient-18] WARN org.apache.kafka.clients.NetworkClient - [AdminClient clientId=adminclient-18] Connection to node -1 (localhost/127.0.0.1:9092) could not be established. Broker may not be available.
[kafka-admin-client-thread | adminclient-20] INFO org.apache.kafka.clients.NetworkClient - [AdminClient clientId=adminclient-20] Node -1 disconnected.
[kafka-admin-client-thread | adminclient-20] WARN org.apache.kafka.clients.NetworkClient - [AdminClient clientId=adminclient-20] Connection to node -1 (localhost/127.0.0.1:9092) could not be established. Broker may not be available.
[kafka-admin-client-thread | adminclient-4] INFO org.apache.kafka.clients.NetworkClient - [AdminClient clientId=adminclient-4] Node -1 disconnected.
[kafka-admin-client-thread | adminclient-4] WARN org.apache.kafka.clients.NetworkClient - [AdminClient clientId=adminclient-4] Connection to node -1 (localhost/127.0.0.1:9092) could not be established. Broker may not be available.
[kafka-admin-client-thread | adminclient-16] INFO org.apache.kafka.clients.NetworkClient - [AdminClient clientId=adminclient-16] Node -1 disconnected.
[kafka-admin-client-thread | adminclient-16] WARN org.apache.kafka.clients.NetworkClient - [AdminClient clientId=adminclient-16] Connection to node -1 (localhost/127.0.0.1:9092) could not be established. Broker may not be available.
[kafka-admin-client-thread | adminclient-19] INFO org.apache.kafka.clients.NetworkClient - [AdminClient clientId=adminclient-19] Node -1 disconnected.
[kafka-admin-client-thread | adminclient-19] WARN org.apache.kafka.clients.NetworkClient - [AdminClient clientId=adminclient-19] Connection to node -1 (localhost/127.0.0.1:9092) could not be established. Broker may not be available.
[kafka-admin-client-thread | adminclient-25] INFO org.apache.kafka.clients.NetworkClient - [AdminClient clientId=adminclient-25] Node -1 disconnected.
[kafka-admin-client-thread | adminclient-25] WARN org.apache.kafka.clients.NetworkClient - [AdminClient clientId=adminclient-25] Connection to node -1 (localhost/127.0.0.1:9092) could not be established. Broker may not be available.
[kafka-admin-client-thread | adminclient-12] INFO org.apache.kafka.clients.NetworkClient - [AdminClient clientId=adminclient-12] Node -1 disconnected.
[kafka-admin-client-thread | adminclient-12] WARN org.apache.kafka.clients.NetworkClient - [AdminClient clientId=adminclient-12] Connection to node -1 (localhost/127.0.0.1:9092) could not be established. Broker may not be available.
[kafka-admin-client-thread | adminclient-13] INFO org.apache.kafka.clients.NetworkClient - [AdminClient clientId=adminclient-13] Node -1 disconnected.
[kafka-admin-client-thread | adminclient-13] WARN org.apache.kafka.clients.NetworkClient - [AdminClient clientId=adminclient-13] Connection to node -1 (localhost/127.0.0.1:9092) could not be established. Broker may not be available.
[kafka-admin-client-thread | adminclient-8] INFO org.apache.kafka.clients.NetworkClient - [AdminClient clientId=adminclient-8] Node -1 disconnected.
[kafka-admin-client-thread | adminclient-7] INFO org.apache.kafka.clients.NetworkClient - [AdminClient clientId=adminclient-7] Node -1 disconnected.
[kafka-admin-client-thread | adminclient-7] WARN org.apache.kafka.clients.NetworkClient - [AdminClient clientId=adminclient-7] Connection to node -1 (localhost/127.0.0.1:9092) could not be established. Broker may not be available.
[kafka-admin-client-thread | adminclient-8] WARN org.apache.kafka.clients.NetworkClient - [AdminClient clientId=adminclient-8] Connection to node -1 (localhost/127.0.0.1:9092) could not be established. Broker may not be available.
[kafka-admin-client-thread | adminclient-17] INFO org.apache.kafka.clients.NetworkClient - [AdminClient clientId=adminclient-17] Node -1 disconnected.
[kafka-admin-client-thread | adminclient-17] WARN org.apache.kafka.clients.NetworkClient - [AdminClient clientId=adminclient-17] Connection to node -1 (localhost/127.0.0.1:9092) could not be established. Broker may not be available.
[kafka-admin-client-thread | adminclient-2] INFO org.apache.kafka.clients.NetworkClient - [AdminClient clientId=adminclient-2] Node -1 disconnected.
[kafka-admin-client-thread | adminclient-23] INFO org.apache.kafka.clients.NetworkClient - [AdminClient clientId=adminclient-23] Node -1 disconnected.
[kafka-admin-client-thread | adminclient-2] WARN org.apache.kafka.clients.NetworkClient - [AdminClient clientId=adminclient-2] Connection to node -1 (localhost/127.0.0.1:9092) could not be established. Broker may not be available.
[kafka-admin-client-thread | adminclient-23] WARN org.apache.kafka.clients.NetworkClient - [AdminClient clientId=adminclient-23] Connection to node -1 (localhost/127.0.0.1:9092) could not be established. Broker may not be available.
[kafka-admin-client-thread | adminclient-14] INFO org.apache.kafka.clients.NetworkClient - [AdminClient clientId=adminclient-14] Node -1 disconnected.
[kafka-admin-client-thread | adminclient-14] WARN org.apache.kafka.clients.NetworkClient - [AdminClient clientId=adminclient-14] Connection to node -1 (localhost/127.0.0.1:9092) could not be established. Broker may not be available.
[kafka-admin-client-thread | adminclient-27] INFO org.apache.kafka.clients.NetworkClient - [AdminClient clientId=adminclient-27] Node -1 disconnected.
[kafka-admin-client-thread | adminclient-27] WARN org.apache.kafka.clients.NetworkClient - [AdminClient clientId=adminclient-27] Connection to node -1 (localhost/127.0.0.1:9092) could not be established. Broker may not be available.
[kafka-admin-client-thread | adminclient-9] INFO org.apache.kafka.clients.NetworkClient - [AdminClient clientId=adminclient-9] Node -1 disconnected.
[kafka-admin-client-thread | adminclient-9] WARN org.apache.kafka.clients.NetworkClient - [AdminClient clientId=adminclient-9] Connection to node -1 (localhost/127.0.0.1:9092) could not be established. Broker may not be available.
[kafka-admin-client-thread | adminclient-11] INFO org.apache.kafka.clients.NetworkClient - [AdminClient clientId=adminclient-11] Node -1 disconnected.
[kafka-admin-client-thread | adminclient-11] WARN org.apache.kafka.clients.NetworkClient - [AdminClient clientId=adminclient-11] Connection to node -1 (localhost/127.0.0.1:9092) could not be established. Broker may not be available.
[kafka-admin-client-thread | adminclient-15] INFO org.apache.kafka.clients.NetworkClient - [AdminClient clientId=adminclient-15] Node -1 disconnected.
[kafka-admin-client-thread | adminclient-15] WARN org.apache.kafka.clients.NetworkClient - [AdminClient clientId=adminclient-15] Connection to node -1 (localhost/127.0.0.1:9092) could not be established. Broker may not be available.
[kafka-admin-client-thread | adminclient-3] INFO org.apache.kafka.clients.NetworkClient - [AdminClient clientId=adminclient-3] Node -1 disconnected.
[kafka-admin-client-thread | adminclient-3] WARN org.apache.kafka.clients.NetworkClient - [AdminClient clientId=adminclient-3] Connection to node -1 (localhost/127.0.0.1:9092) could not be established. Broker may not be available.
[kafka-admin-client-thread | adminclient-28] INFO org.apache.kafka.clients.NetworkClient - [AdminClient clientId=adminclient-28] Node -1 disconnected.
[kafka-admin-client-thread | adminclient-28] WARN org.apache.kafka.clients.NetworkClient - [AdminClient clientId=adminclient-28] Connection to node -1 (localhost/127.0.0.1:9092) could not be established. Broker may not be available.
[kafka-admin-client-thread | adminclient-24] INFO org.apache.kafka.clients.NetworkClient - [AdminClient clientId=adminclient-24] Node -1 disconnected.
[kafka-admin-client-thread | adminclient-24] WARN org.apache.kafka.clients.NetworkClient - [AdminClient clientId=adminclient-24] Connection to node -1 (localhost/127.0.0.1:9092) could not be established. Broker may not be available.
[kafka-admin-client-thread | adminclient-22] INFO org.apache.kafka.clients.NetworkClient - [AdminClient clientId=adminclient-22] Node -1 disconnected.
[kafka-admin-client-thread | adminclient-22] WARN org.apache.kafka.clients.NetworkClient - [AdminClient clientId=adminclient-22] Connection to node -1 (localhost/127.0.0.1:9092) could not be established. Broker may not be available.
[kafka-admin-client-thread | adminclient-10] INFO org.apache.kafka.clients.NetworkClient - [AdminClient clientId=adminclient-10] Node -1 disconnected.
[kafka-admin-client-thread | adminclient-10] WARN org.apache.kafka.clients.NetworkClient - [AdminClient clientId=adminclient-10] Connection to node -1 (localhost/127.0.0.1:9092) could not be established. Broker may not be available.
[kafka-admin-client-thread | adminclient-26] INFO org.apache.kafka.clients.NetworkClient - [AdminClient clientId=adminclient-26] Node -1 disconnected.
[kafka-admin-client-thread | adminclient-21] INFO org.apache.kafka.clients.NetworkClient - [AdminClient clientId=adminclient-21] Node -1 disconnected.
[kafka-admin-client-thread | adminclient-26] WARN org.apache.kafka.clients.NetworkClient - [AdminClient clientId=adminclient-26] Connection to node -1 (localhost/127.0.0.1:9092) could not be established. Broker may not be available.
[kafka-admin-client-thread | adminclient-21] WARN org.apache.kafka.clients.NetworkClient - [AdminClient clientId=adminclient-21] Connection to node -1 (localhost/127.0.0.1:9092) could not be established. Broker may not be available.
[kafka-admin-client-thread | adminclient-20] INFO org.apache.kafka.clients.NetworkClient - [AdminClient clientId=adminclient-20] Node -1 disconnected.
[kafka-admin-client-thread | adminclient-20] WARN org.apache.kafka.clients.NetworkClient - [AdminClient clientId=adminclient-20] Connection to node -1 (localhost/127.0.0.1:9092) could not be established. Broker may not be available.
[kafka-admin-client-thread | adminclient-1] INFO org.apache.kafka.clients.NetworkClient - [AdminClient clientId=adminclient-1] Node -1 disconnected.
[kafka-admin-client-thread | adminclient-1] WARN org.apache.kafka.clients.NetworkClient - [AdminClient clientId=adminclient-1] Connection to node -1 (localhost/127.0.0.1:9092) could not be established. Broker may not be available.
[kafka-admin-client-thread | adminclient-19] INFO org.apache.kafka.clients.NetworkClient - [AdminClient clientId=adminclient-19] Node -1 disconnected.
[kafka-admin-client-thread | adminclient-19] WARN org.apache.kafka.clients.NetworkClient - [AdminClient clientId=adminclient-19] Connection to node -1 (localhost/127.0.0.1:9092) could not be established. Broker may not be available.
[kafka-admin-client-thread | adminclient-18] INFO org.apache.kafka.clients.NetworkClient - [AdminClient clientId=adminclient-18] Node -1 disconnected.
[kafka-admin-client-thread | adminclient-18] WARN org.apache.kafka.clients.NetworkClient - [AdminClient clientId=adminclient-18] Connection to node -1 (localhost/127.0.0.1:9092) could not be established. Broker may not be available.
[kafka-admin-client-thread | adminclient-4] INFO org.apache.kafka.clients.NetworkClient - [AdminClient clientId=adminclient-4] Node -1 disconnected.
[kafka-admin-client-thread | adminclient-4] WARN org.apache.kafka.clients.NetworkClient - [AdminClient clientId=adminclient-4] Connection to node -1 (localhost/127.0.0.1:9092) could not be established. Broker may not be available.
[kafka-admin-client-thread | adminclient-8] INFO org.apache.kafka.clients.NetworkClient - [AdminClient clientId=adminclient-8] Node -1 disconnected.
[kafka-admin-client-thread | adminclient-8] WARN org.apache.kafka.clients.NetworkClient - [AdminClient clientId=adminclient-8] Connection to node -1 (localhost/127.0.0.1:9092) could not be established. Broker may not be available.
[kafka-admin-client-thread | adminclient-16] INFO org.apache.kafka.clients.NetworkClient - [AdminClient clientId=adminclient-16] Node -1 disconnected.
[kafka-admin-client-thread | adminclient-16] WARN org.apache.kafka.clients.NetworkClient - [AdminClient clientId=adminclient-16] Connection to node -1 (localhost/127.0.0.1:9092) could not be established. Broker may not be available.
[kafka-admin-client-thread | adminclient-2] INFO org.apache.kafka.clients.NetworkClient - [AdminClient clientId=adminclient-2] Node -1 disconnected.
[kafka-admin-client-thread | adminclient-2] WARN org.apache.kafka.clients.NetworkClient - [AdminClient clientId=adminclient-2] Connection to node -1 (localhost/127.0.0.1:9092) could not be established. Broker may not be available.
[kafka-admin-client-thread | adminclient-13] INFO org.apache.kafka.clients.NetworkClient - [AdminClient clientId=adminclient-13] Node -1 disconnected.
[kafka-admin-client-thread | adminclient-13] WARN org.apache.kafka.clients.NetworkClient - [AdminClient clientId=adminclient-13] Connection to node -1 (localhost/127.0.0.1:9092) could not be established. Broker may not be available.
[kafka-admin-client-thread | adminclient-7] INFO org.apache.kafka.clients.NetworkClient - [AdminClient clientId=adminclient-7] Node -1 disconnected.
[kafka-admin-client-thread | adminclient-7] WARN org.apache.kafka.clients.NetworkClient - [AdminClient clientId=adminclient-7] Connection to node -1 (localhost/127.0.0.1:9092) could not be established. Broker may not be available.
[kafka-admin-client-thread | adminclient-25] INFO org.apache.kafka.clients.NetworkClient - [AdminClient clientId=adminclient-25] Node -1 disconnected.
[kafka-admin-client-thread | adminclient-25] WARN org.apache.kafka.clients.NetworkClient - [AdminClient clientId=adminclient-25] Connection to node -1 (localhost/127.0.0.1:9092) could not be established. Broker may not be available.
[kafka-admin-client-thread | adminclient-12] INFO org.apache.kafka.clients.NetworkClient - [AdminClient clientId=adminclient-12] Node -1 disconnected.
[kafka-admin-client-thread | adminclient-12] WARN org.apache.kafka.clients.NetworkClient - [AdminClient clientId=adminclient-12] Connection to node -1 (localhost/127.0.0.1:9092) could not be established. Broker may not be available.
[kafka-admin-client-thread | adminclient-27] INFO org.apache.kafka.clients.NetworkClient - [AdminClient clientId=adminclient-27] Node -1 disconnected.
[kafka-admin-client-thread | adminclient-27] WARN org.apache.kafka.clients.NetworkClient - [AdminClient clientId=adminclient-27] Connection to node -1 (localhost/127.0.0.1:9092) could not be established. Broker may not be available.
[kafka-admin-client-thread | adminclient-17] INFO org.apache.kafka.clients.NetworkClient - [AdminClient clientId=adminclient-17] Node -1 disconnected.
[kafka-admin-client-thread | adminclient-17] WARN org.apache.kafka.clients.NetworkClient - [AdminClient clientId=adminclient-17] Connection to node -1 (localhost/127.0.0.1:9092) could not be established. Broker may not be available.
[kafka-admin-client-thread | adminclient-3] INFO org.apache.kafka.clients.NetworkClient - [AdminClient clientId=adminclient-3] Node -1 disconnected.
[kafka-admin-client-thread | adminclient-3] WARN org.apache.kafka.clients.NetworkClient - [AdminClient clientId=adminclient-3] Connection to node -1 (localhost/127.0.0.1:9092) could not be established. Broker may not be available.
[kafka-admin-client-thread | adminclient-11] INFO org.apache.kafka.clients.NetworkClient - [AdminClient clientId=adminclient-11] Node -1 disconnected.
[kafka-admin-client-thread | adminclient-11] WARN org.apache.kafka.clients.NetworkClient - [AdminClient clientId=adminclient-11] Connection to node -1 (localhost/127.0.0.1:9092) could not be established. Broker may not be available.
[kafka-admin-client-thread | adminclient-24] INFO org.apache.kafka.clients.NetworkClient - [AdminClient clientId=adminclient-24] Node -1 disconnected.
[kafka-admin-client-thread | adminclient-24] WARN org.apache.kafka.clients.NetworkClient - [AdminClient clientId=adminclient-24] Connection to node -1 (localhost/127.0.0.1:9092) could not be established. Broker may not be available.
[kafka-admin-client-thread | adminclient-23] INFO org.apache.kafka.clients.NetworkClient - [AdminClient clientId=adminclient-23] Node -1 disconnected.
[kafka-admin-client-thread | adminclient-23] WARN org.apache.kafka.clients.NetworkClient - [AdminClient clientId=adminclient-23] Connection to node -1 (localhost/127.0.0.1:9092) could not be established. Broker may not be available.
[kafka-admin-client-thread | adminclient-14] INFO org.apache.kafka.clients.NetworkClient - [AdminClient clientId=adminclient-14] Node -1 disconnected.
[kafka-admin-client-thread | adminclient-14] WARN org.apache.kafka.clients.NetworkClient - [AdminClient clientId=adminclient-14] Connection to node -1 (localhost/127.0.0.1:9092) could not be established. Broker may not be available.
[kafka-admin-client-thread | adminclient-28] INFO org.apache.kafka.clients.NetworkClient - [AdminClient clientId=adminclient-28] Node -1 disconnected.
[kafka-admin-client-thread | adminclient-28] WARN org.apache.kafka.clients.NetworkClient - [AdminClient clientId=adminclient-28] Connection to node -1 (localhost/127.0.0.1:9092) could not be established. Broker may not be available.
[kafka-admin-client-thread | adminclient-9] INFO org.apache.kafka.clients.NetworkClient - [AdminClient clientId=adminclient-9] Node -1 disconnected.
[kafka-admin-client-thread | adminclient-9] WARN org.apache.kafka.clients.NetworkClient - [AdminClient clientId=adminclient-9] Connection to node -1 (localhost/127.0.0.1:9092) could not be established. Broker may not be available.
[kafka-admin-client-thread | adminclient-15] INFO org.apache.kafka.clients.NetworkClient - [AdminClient clientId=adminclient-15] Node -1 disconnected.
[kafka-admin-client-thread | adminclient-15] WARN org.apache.kafka.clients.NetworkClient - [AdminClient clientId=adminclient-15] Connection to node -1 (localhost/127.0.0.1:9092) could not be established. Broker may not be available.
[kafka-admin-client-thread | adminclient-26] INFO org.apache.kafka.clients.NetworkClient - [AdminClient clientId=adminclient-26] Node -1 disconnected.
[kafka-admin-client-thread | adminclient-26] WARN org.apache.kafka.clients.NetworkClient - [AdminClient clientId=adminclient-26] Connection to node -1 (localhost/127.0.0.1:9092) could not be established. Broker may not be available.
[kafka-admin-client-thread | adminclient-22] INFO org.apache.kafka.clients.NetworkClient - [AdminClient clientId=adminclient-22] Node -1 disconnected.
[kafka-admin-client-thread | adminclient-22] WARN org.apache.kafka.clients.NetworkClient - [AdminClient clientId=adminclient-22] Connection to node -1 (localhost/127.0.0.1:9092) could not be established. Broker may not be available.
[kafka-admin-client-thread | adminclient-1] INFO org.apache.kafka.clients.NetworkClient - [AdminClient clientId=adminclient-1] Node -1 disconnected.
[kafka-admin-client-thread | adminclient-1] WARN org.apache.kafka.clients.NetworkClient - [AdminClient clientId=adminclient-1] Connection to node -1 (localhost/127.0.0.1:9092) could not be established. Broker may not be available.
[kafka-admin-client-thread | adminclient-10] INFO org.apache.kafka.clients.NetworkClient - [AdminClient clientId=adminclient-10] Node -1 disconnected.
[kafka-admin-client-thread | adminclient-18] INFO org.apache.kafka.clients.NetworkClient - [AdminClient clientId=adminclient-18] Node -1 disconnected.
[kafka-admin-client-thread | adminclient-10] WARN org.apache.kafka.clients.NetworkClient - [AdminClient clientId=adminclient-10] Connection to node -1 (localhost/127.0.0.1:9092) could not be established. Broker may not be available.
[kafka-admin-client-thread | adminclient-18] WARN org.apache.kafka.clients.NetworkClient - [AdminClient clientId=adminclient-18] Connection to node -1 (localhost/127.0.0.1:9092) could not be established. Broker may not be available.
[kafka-admin-client-thread | adminclient-21] INFO org.apache.kafka.clients.NetworkClient - [AdminClient clientId=adminclient-21] Node -1 disconnected.
[kafka-admin-client-thread | adminclient-20] INFO org.apache.kafka.clients.NetworkClient - [AdminClient clientId=adminclient-20] Node -1 disconnected.
[kafka-admin-client-thread | adminclient-21] WARN org.apache.kafka.clients.NetworkClient - [AdminClient clientId=adminclient-21] Connection to node -1 (localhost/127.0.0.1:9092) could not be established. Broker may not be available.
[kafka-admin-client-thread | adminclient-20] WARN org.apache.kafka.clients.NetworkClient - [AdminClient clientId=adminclient-20] Connection to node -1 (localhost/127.0.0.1:9092) could not be established. Broker may not be available.
[kafka-admin-client-thread | adminclient-19] INFO org.apache.kafka.clients.NetworkClient - [AdminClient clientId=adminclient-19] Node -1 disconnected.
[kafka-admin-client-thread | adminclient-19] WARN org.apache.kafka.clients.NetworkClient - [AdminClient clientId=adminclient-19] Connection to node -1 (localhost/127.0.0.1:9092) could not be established. Broker may not be available.
[kafka-admin-client-thread | adminclient-4] INFO org.apache.kafka.clients.NetworkClient - [AdminClient clientId=adminclient-4] Node -1 disconnected.
[kafka-admin-client-thread | adminclient-4] WARN org.apache.kafka.clients.NetworkClient - [AdminClient clientId=adminclient-4] Connection to node -1 (localhost/127.0.0.1:9092) could not be established. Broker may not be available.
[kafka-admin-client-thread | adminclient-2] INFO org.apache.kafka.clients.NetworkClient - [AdminClient clientId=adminclient-2] Node -1 disconnected.
[kafka-admin-client-thread | adminclient-2] WARN org.apache.kafka.clients.NetworkClient - [AdminClient clientId=adminclient-2] Connection to node -1 (localhost/127.0.0.1:9092) could not be established. Broker may not be available.
[kafka-admin-client-thread | adminclient-8] INFO org.apache.kafka.clients.NetworkClient - [AdminClient clientId=adminclient-8] Node -1 disconnected.
[kafka-admin-client-thread | adminclient-8] WARN org.apache.kafka.clients.NetworkClient - [AdminClient clientId=adminclient-8] Connection to node -1 (localhost/127.0.0.1:9092) could not be established. Broker may not be available.
[kafka-admin-client-thread | adminclient-12] INFO org.apache.kafka.clients.NetworkClient - [AdminClient clientId=adminclient-12] Node -1 disconnected.
[kafka-admin-client-thread | adminclient-12] WARN org.apache.kafka.clients.NetworkClient - [AdminClient clientId=adminclient-12] Connection to node -1 (localhost/127.0.0.1:9092) could not be established. Broker may not be available.
[kafka-admin-client-thread | adminclient-25] INFO org.apache.kafka.clients.NetworkClient - [AdminClient clientId=adminclient-25] Node -1 disconnected.
[kafka-admin-client-thread | adminclient-25] WARN org.apache.kafka.clients.NetworkClient - [AdminClient clientId=adminclient-25] Connection to node -1 (localhost/127.0.0.1:9092) could not be established. Broker may not be available.
[kafka-admin-client-thread | adminclient-16] INFO org.apache.kafka.clients.NetworkClient - [AdminClient clientId=adminclient-16] Node -1 disconnected.
[kafka-admin-client-thread | adminclient-24] INFO org.apache.kafka.clients.NetworkClient - [AdminClient clientId=adminclient-24] Node -1 disconnected.
[kafka-admin-client-thread | adminclient-16] WARN org.apache.kafka.clients.NetworkClient - [AdminClient clientId=adminclient-16] Connection to node -1 (localhost/127.0.0.1:9092) could not be established. Broker may not be available.
[kafka-admin-client-thread | adminclient-24] WARN org.apache.kafka.clients.NetworkClient - [AdminClient clientId=adminclient-24] Connection to node -1 (localhost/127.0.0.1:9092) could not be established. Broker may not be available.
[kafka-admin-client-thread | adminclient-3] INFO org.apache.kafka.clients.NetworkClient - [AdminClient clientId=adminclient-3] Node -1 disconnected.
[kafka-admin-client-thread | adminclient-3] WARN org.apache.kafka.clients.NetworkClient - [AdminClient clientId=adminclient-3] Connection to node -1 (localhost/127.0.0.1:9092) could not be established. Broker may not be available.
[kafka-admin-client-thread | adminclient-13] INFO org.apache.kafka.clients.NetworkClient - [AdminClient clientId=adminclient-13] Node -1 disconnected.
[kafka-admin-client-thread | adminclient-13] WARN org.apache.kafka.clients.NetworkClient - [AdminClient clientId=adminclient-13] Connection to node -1 (localhost/127.0.0.1:9092) could not be established. Broker may not be available.
[kafka-admin-client-thread | adminclient-27] INFO org.apache.kafka.clients.NetworkClient - [AdminClient clientId=adminclient-27] Node -1 disconnected.
[kafka-admin-client-thread | adminclient-28] INFO org.apache.kafka.clients.NetworkClient - [AdminClient clientId=adminclient-28] Node -1 disconnected.
[kafka-admin-client-thread | adminclient-7] INFO org.apache.kafka.clients.NetworkClient - [AdminClient clientId=adminclient-7] Node -1 disconnected.
[kafka-admin-client-thread | adminclient-27] WARN org.apache.kafka.clients.NetworkClient - [AdminClient clientId=adminclient-27] Connection to node -1 (localhost/127.0.0.1:9092) could not be established. Broker may not be available.
[kafka-admin-client-thread | adminclient-7] WARN org.apache.kafka.clients.NetworkClient - [AdminClient clientId=adminclient-7] Connection to node -1 (localhost/127.0.0.1:9092) could not be established. Broker may not be available.
[kafka-admin-client-thread | adminclient-28] WARN org.apache.kafka.clients.NetworkClient - [AdminClient clientId=adminclient-28] Connection to node -1 (localhost/127.0.0.1:9092) could not be established. Broker may not be available.
[kafka-admin-client-thread | adminclient-17] INFO org.apache.kafka.clients.NetworkClient - [AdminClient clientId=adminclient-17] Node -1 disconnected.
[kafka-admin-client-thread | adminclient-17] WARN org.apache.kafka.clients.NetworkClient - [AdminClient clientId=adminclient-17] Connection to node -1 (localhost/127.0.0.1:9092) could not be established. Broker may not be available.
[kafka-admin-client-thread | adminclient-23] INFO org.apache.kafka.clients.NetworkClient - [AdminClient clientId=adminclient-23] Node -1 disconnected.
[kafka-admin-client-thread | adminclient-23] WARN org.apache.kafka.clients.NetworkClient - [AdminClient clientId=adminclient-23] Connection to node -1 (localhost/127.0.0.1:9092) could not be established. Broker may not be available.
[kafka-admin-client-thread | adminclient-11] INFO org.apache.kafka.clients.NetworkClient - [AdminClient clientId=adminclient-11] Node -1 disconnected.
[kafka-admin-client-thread | adminclient-11] WARN org.apache.kafka.clients.NetworkClient - [AdminClient clientId=adminclient-11] Connection to node -1 (localhost/127.0.0.1:9092) could not be established. Broker may not be available.
[kafka-admin-client-thread | adminclient-9] INFO org.apache.kafka.clients.NetworkClient - [AdminClient clientId=adminclient-9] Node -1 disconnected.
[kafka-admin-client-thread | adminclient-9] WARN org.apache.kafka.clients.NetworkClient - [AdminClient clientId=adminclient-9] Connection to node -1 (localhost/127.0.0.1:9092) could not be established. Broker may not be available.
[kafka-admin-client-thread | adminclient-14] INFO org.apache.kafka.clients.NetworkClient - [AdminClient clientId=adminclient-14] Node -1 disconnected.
[kafka-admin-client-thread | adminclient-14] WARN org.apache.kafka.clients.NetworkClient - [AdminClient clientId=adminclient-14] Connection to node -1 (localhost/127.0.0.1:9092) could not be established. Broker may not be available.
[kafka-admin-client-thread | adminclient-15] INFO org.apache.kafka.clients.NetworkClient - [AdminClient clientId=adminclient-15] Node -1 disconnected.
[kafka-admin-client-thread | adminclient-15] WARN org.apache.kafka.clients.NetworkClient - [AdminClient clientId=adminclient-15] Connection to node -1 (localhost/127.0.0.1:9092) could not be established. Broker may not be available.
[kafka-admin-client-thread | adminclient-1] INFO org.apache.kafka.clients.NetworkClient - [AdminClient clientId=adminclient-1] Node -1 disconnected.
[kafka-admin-client-thread | adminclient-1] WARN org.apache.kafka.clients.NetworkClient - [AdminClient clientId=adminclient-1] Connection to node -1 (localhost/127.0.0.1:9092) could not be established. Broker may not be available.
[kafka-admin-client-thread | adminclient-22] INFO org.apache.kafka.clients.NetworkClient - [AdminClient clientId=adminclient-22] Node -1 disconnected.
[kafka-admin-client-thread | adminclient-22] WARN org.apache.kafka.clients.NetworkClient - [AdminClient clientId=adminclient-22] Connection to node -1 (localhost/127.0.0.1:9092) could not be established. Broker may not be available.
[kafka-admin-client-thread | adminclient-26] INFO org.apache.kafka.clients.NetworkClient - [AdminClient clientId=adminclient-26] Node -1 disconnected.
[kafka-admin-client-thread | adminclient-26] WARN org.apache.kafka.clients.NetworkClient - [AdminClient clientId=adminclient-26] Connection to node -1 (localhost/127.0.0.1:9092) could not be established. Broker may not be available.
[kafka-admin-client-thread | adminclient-10] INFO org.apache.kafka.clients.NetworkClient - [AdminClient clientId=adminclient-10] Node -1 disconnected.
[kafka-admin-client-thread | adminclient-18] INFO org.apache.kafka.clients.NetworkClient - [AdminClient clientId=adminclient-18] Node -1 disconnected.
[kafka-admin-client-thread | adminclient-10] WARN org.apache.kafka.clients.NetworkClient - [AdminClient clientId=adminclient-10] Connection to node -1 (localhost/127.0.0.1:9092) could not be established. Broker may not be available.
[kafka-admin-client-thread | adminclient-18] WARN org.apache.kafka.clients.NetworkClient - [AdminClient clientId=adminclient-18] Connection to node -1 (localhost/127.0.0.1:9092) could not be established. Broker may not be available.
[kafka-admin-client-thread | adminclient-19] INFO org.apache.kafka.clients.NetworkClient - [AdminClient clientId=adminclient-19] Node -1 disconnected.
[kafka-admin-client-thread | adminclient-19] WARN org.apache.kafka.clients.NetworkClient - [AdminClient clientId=adminclient-19] Connection to node -1 (localhost/127.0.0.1:9092) could not be established. Broker may not be available.
[kafka-admin-client-thread | adminclient-4] INFO org.apache.kafka.clients.NetworkClient - [AdminClient clientId=adminclient-4] Node -1 disconnected.
[kafka-admin-client-thread | adminclient-4] WARN org.apache.kafka.clients.NetworkClient - [AdminClient clientId=adminclient-4] Connection to node -1 (localhost/127.0.0.1:9092) could not be established. Broker may not be available.
[kafka-admin-client-thread | adminclient-21] INFO org.apache.kafka.clients.NetworkClient - [AdminClient clientId=adminclient-21] Node -1 disconnected.
[kafka-admin-client-thread | adminclient-20] INFO org.apache.kafka.clients.NetworkClient - [AdminClient clientId=adminclient-20] Node -1 disconnected.
[kafka-admin-client-thread | adminclient-21] WARN org.apache.kafka.clients.NetworkClient - [AdminClient clientId=adminclient-21] Connection to node -1 (localhost/127.0.0.1:9092) could not be established. Broker may not be available.
[kafka-admin-client-thread | adminclient-20] WARN org.apache.kafka.clients.NetworkClient - [AdminClient clientId=adminclient-20] Connection to node -1 (localhost/127.0.0.1:9092) could not be established. Broker may not be available.
[kafka-admin-client-thread | adminclient-8] INFO org.apache.kafka.clients.NetworkClient - [AdminClient clientId=adminclient-8] Node -1 disconnected.
[kafka-admin-client-thread | adminclient-8] WARN org.apache.kafka.clients.NetworkClient - [AdminClient clientId=adminclient-8] Connection to node -1 (localhost/127.0.0.1:9092) could not be established. Broker may not be available.
[kafka-admin-client-thread | adminclient-24] INFO org.apache.kafka.clients.NetworkClient - [AdminClient clientId=adminclient-24] Node -1 disconnected.
[kafka-admin-client-thread | adminclient-24] WARN org.apache.kafka.clients.NetworkClient - [AdminClient clientId=adminclient-24] Connection to node -1 (localhost/127.0.0.1:9092) could not be established. Broker may not be available.
[kafka-admin-client-thread | adminclient-2] INFO org.apache.kafka.clients.NetworkClient - [AdminClient clientId=adminclient-2] Node -1 disconnected.
[kafka-admin-client-thread | adminclient-2] WARN org.apache.kafka.clients.NetworkClient - [AdminClient clientId=adminclient-2] Connection to node -1 (localhost/127.0.0.1:9092) could not be established. Broker may not be available.
[kafka-admin-client-thread | adminclient-12] INFO org.apache.kafka.clients.NetworkClient - [AdminClient clientId=adminclient-12] Node -1 disconnected.
[kafka-admin-client-thread | adminclient-12] WARN org.apache.kafka.clients.NetworkClient - [AdminClient clientId=adminclient-12] Connection to node -1 (localhost/127.0.0.1:9092) could not be established. Broker may not be available.
[kafka-admin-client-thread | adminclient-16] INFO org.apache.kafka.clients.NetworkClient - [AdminClient clientId=adminclient-16] Node -1 disconnected.
[kafka-admin-client-thread | adminclient-16] WARN org.apache.kafka.clients.NetworkClient - [AdminClient clientId=adminclient-16] Connection to node -1 (localhost/127.0.0.1:9092) could not be established. Broker may not be available.
[kafka-admin-client-thread | adminclient-25] INFO org.apache.kafka.clients.NetworkClient - [AdminClient clientId=adminclient-25] Node -1 disconnected.
[kafka-admin-client-thread | adminclient-3] INFO org.apache.kafka.clients.NetworkClient - [AdminClient clientId=adminclient-3] Node -1 disconnected.
[kafka-admin-client-thread | adminclient-25] WARN org.apache.kafka.clients.NetworkClient - [AdminClient clientId=adminclient-25] Connection to node -1 (localhost/127.0.0.1:9092) could not be established. Broker may not be available.
[kafka-admin-client-thread | adminclient-3] WARN org.apache.kafka.clients.NetworkClient - [AdminClient clientId=adminclient-3] Connection to node -1 (localhost/127.0.0.1:9092) could not be established. Broker may not be available.
[kafka-admin-client-thread | adminclient-17] INFO org.apache.kafka.clients.NetworkClient - [AdminClient clientId=adminclient-17] Node -1 disconnected.
[kafka-admin-client-thread | adminclient-17] WARN org.apache.kafka.clients.NetworkClient - [AdminClient clientId=adminclient-17] Connection to node -1 (localhost/127.0.0.1:9092) could not be established. Broker may not be available.
[kafka-admin-client-thread | adminclient-13] INFO org.apache.kafka.clients.NetworkClient - [AdminClient clientId=adminclient-13] Node -1 disconnected.
[kafka-admin-client-thread | adminclient-13] WARN org.apache.kafka.clients.NetworkClient - [AdminClient clientId=adminclient-13] Connection to node -1 (localhost/127.0.0.1:9092) could not be established. Broker may not be available.
[kafka-admin-client-thread | adminclient-7] INFO org.apache.kafka.clients.NetworkClient - [AdminClient clientId=adminclient-7] Node -1 disconnected.
[kafka-admin-client-thread | adminclient-28] INFO org.apache.kafka.clients.NetworkClient - [AdminClient clientId=adminclient-28] Node -1 disconnected.
[kafka-admin-client-thread | adminclient-7] WARN org.apache.kafka.clients.NetworkClient - [AdminClient clientId=adminclient-7] Connection to node -1 (localhost/127.0.0.1:9092) could not be established. Broker may not be available.
[kafka-admin-client-thread | adminclient-28] WARN org.apache.kafka.clients.NetworkClient - [AdminClient clientId=adminclient-28] Connection to node -1 (localhost/127.0.0.1:9092) could not be established. Broker may not be available.
[kafka-admin-client-thread | adminclient-9] INFO org.apache.kafka.clients.NetworkClient - [AdminClient clientId=adminclient-9] Node -1 disconnected.
[kafka-admin-client-thread | adminclient-9] WARN org.apache.kafka.clients.NetworkClient - [AdminClient clientId=adminclient-9] Connection to node -1 (localhost/127.0.0.1:9092) could not be established. Broker may not be available.
[kafka-admin-client-thread | adminclient-14] INFO org.apache.kafka.clients.NetworkClient - [AdminClient clientId=adminclient-14] Node -1 disconnected.
[kafka-admin-client-thread | adminclient-14] WARN org.apache.kafka.clients.NetworkClient - [AdminClient clientId=adminclient-14] Connection to node -1 (localhost/127.0.0.1:9092) could not be established. Broker may not be available.
[kafka-admin-client-thread | adminclient-15] INFO org.apache.kafka.clients.NetworkClient - [AdminClient clientId=adminclient-15] Node -1 disconnected.
[kafka-admin-client-thread | adminclient-27] INFO org.apache.kafka.clients.NetworkClient - [AdminClient clientId=adminclient-27] Node -1 disconnected.
[kafka-admin-client-thread | adminclient-15] WARN org.apache.kafka.clients.NetworkClient - [AdminClient clientId=adminclient-15] Connection to node -1 (localhost/127.0.0.1:9092) could not be established. Broker may not be available.
[kafka-admin-client-thread | adminclient-27] WARN org.apache.kafka.clients.NetworkClient - [AdminClient clientId=adminclient-27] Connection to node -1 (localhost/127.0.0.1:9092) could not be established. Broker may not be available.
[kafka-admin-client-thread | adminclient-23] INFO org.apache.kafka.clients.NetworkClient - [AdminClient clientId=adminclient-23] Node -1 disconnected.
[kafka-admin-client-thread | adminclient-23] WARN org.apache.kafka.clients.NetworkClient - [AdminClient clientId=adminclient-23] Connection to node -1 (localhost/127.0.0.1:9092) could not be established. Broker may not be available.
[kafka-admin-client-thread | adminclient-11] INFO org.apache.kafka.clients.NetworkClient - [AdminClient clientId=adminclient-11] Node -1 disconnected.
[kafka-admin-client-thread | adminclient-11] WARN org.apache.kafka.clients.NetworkClient - [AdminClient clientId=adminclient-11] Connection to node -1 (localhost/127.0.0.1:9092) could not be established. Broker may not be available.
[kafka-admin-client-thread | adminclient-26] INFO org.apache.kafka.clients.NetworkClient - [AdminClient clientId=adminclient-26] Node -1 disconnected.
[kafka-admin-client-thread | adminclient-26] WARN org.apache.kafka.clients.NetworkClient - [AdminClient clientId=adminclient-26] Connection to node -1 (localhost/127.0.0.1:9092) could not be established. Broker may not be available.
[kafka-admin-client-thread | adminclient-1] INFO org.apache.kafka.clients.admin.internals.AdminMetadataManager - [AdminClient clientId=adminclient-1] Metadata update failed
org.apache.kafka.common.errors.TimeoutException: Timed out waiting for a node assignment. Call: fetchMetadata
[kafka-admin-client-thread | adminclient-2] INFO org.apache.kafka.clients.admin.internals.AdminMetadataManager - [AdminClient clientId=adminclient-2] Metadata update failed
org.apache.kafka.common.errors.TimeoutException: Timed out waiting for a node assignment. Call: fetchMetadata
[kafka-admin-client-thread | adminclient-22] INFO org.apache.kafka.clients.NetworkClient - [AdminClient clientId=adminclient-22] Node -1 disconnected.
[kafka-admin-client-thread | adminclient-22] WARN org.apache.kafka.clients.NetworkClient - [AdminClient clientId=adminclient-22] Connection to node -1 (localhost/127.0.0.1:9092) could not be established. Broker may not be available.
[kafka-admin-client-thread | adminclient-18] INFO org.apache.kafka.clients.NetworkClient - [AdminClient clientId=adminclient-18] Node -1 disconnected.
[kafka-admin-client-thread | adminclient-18] WARN org.apache.kafka.clients.NetworkClient - [AdminClient clientId=adminclient-18] Connection to node -1 (localhost/127.0.0.1:9092) could not be established. Broker may not be available.
[kafka-admin-client-thread | adminclient-1] INFO org.apache.kafka.clients.NetworkClient - [AdminClient clientId=adminclient-1] Node -1 disconnected.
[kafka-admin-client-thread | adminclient-1] WARN org.apache.kafka.clients.NetworkClient - [AdminClient clientId=adminclient-1] Connection to node -1 (localhost/127.0.0.1:9092) could not be established. Broker may not be available.
[kafka-admin-client-thread | adminclient-10] INFO org.apache.kafka.clients.NetworkClient - [AdminClient clientId=adminclient-10] Node -1 disconnected.
[kafka-admin-client-thread | adminclient-10] WARN org.apache.kafka.clients.NetworkClient - [AdminClient clientId=adminclient-10] Connection to node -1 (localhost/127.0.0.1:9092) could not be established. Broker may not be available.
[kafka-admin-client-thread | adminclient-3] INFO org.apache.kafka.clients.admin.internals.AdminMetadataManager - [AdminClient clientId=adminclient-3] Metadata update failed
org.apache.kafka.common.errors.TimeoutException: Timed out waiting for a node assignment. Call: fetchMetadata
[kafka-admin-client-thread | adminclient-4] INFO org.apache.kafka.clients.admin.internals.AdminMetadataManager - [AdminClient clientId=adminclient-4] Metadata update failed
org.apache.kafka.common.errors.TimeoutException: Timed out waiting for a node assignment. Call: fetchMetadata
[kafka-admin-client-thread | adminclient-21] INFO org.apache.kafka.clients.NetworkClient - [AdminClient clientId=adminclient-21] Node -1 disconnected.
[kafka-admin-client-thread | adminclient-20] INFO org.apache.kafka.clients.NetworkClient - [AdminClient clientId=adminclient-20] Node -1 disconnected.
[kafka-admin-client-thread | adminclient-19] INFO org.apache.kafka.clients.NetworkClient - [AdminClient clientId=adminclient-19] Node -1 disconnected.
[kafka-admin-client-thread | adminclient-20] WARN org.apache.kafka.clients.NetworkClient - [AdminClient clientId=adminclient-20] Connection to node -1 (localhost/127.0.0.1:9092) could not be established. Broker may not be available.
[kafka-admin-client-thread | adminclient-21] WARN org.apache.kafka.clients.NetworkClient - [AdminClient clientId=adminclient-21] Connection to node -1 (localhost/127.0.0.1:9092) could not be established. Broker may not be available.
[kafka-admin-client-thread | adminclient-19] WARN org.apache.kafka.clients.NetworkClient - [AdminClient clientId=adminclient-19] Connection to node -1 (localhost/127.0.0.1:9092) could not be established. Broker may not be available.
[kafka-admin-client-thread | adminclient-7] INFO org.apache.kafka.clients.admin.internals.AdminMetadataManager - [AdminClient clientId=adminclient-7] Metadata update failed
org.apache.kafka.common.errors.TimeoutException: Timed out waiting for a node assignment. Call: fetchMetadata
[kafka-admin-client-thread | adminclient-8] INFO org.apache.kafka.clients.admin.internals.AdminMetadataManager - [AdminClient clientId=adminclient-8] Metadata update failed
org.apache.kafka.common.errors.TimeoutException: Timed out waiting for a node assignment. Call: fetchMetadata
[kafka-admin-client-thread | adminclient-9] INFO org.apache.kafka.clients.admin.internals.AdminMetadataManager - [AdminClient clientId=adminclient-9] Metadata update failed
org.apache.kafka.common.errors.TimeoutException: Timed out waiting for a node assignment. Call: fetchMetadata
[kafka-admin-client-thread | adminclient-10] INFO org.apache.kafka.clients.admin.internals.AdminMetadataManager - [AdminClient clientId=adminclient-10] Metadata update failed
org.apache.kafka.common.errors.TimeoutException: Timed out waiting for a node assignment. Call: fetchMetadata
[kafka-admin-client-thread | adminclient-4] INFO org.apache.kafka.clients.NetworkClient - [AdminClient clientId=adminclient-4] Node -1 disconnected.
[kafka-admin-client-thread | adminclient-4] WARN org.apache.kafka.clients.NetworkClient - [AdminClient clientId=adminclient-4] Connection to node -1 (localhost/127.0.0.1:9092) could not be established. Broker may not be available.
[kafka-admin-client-thread | adminclient-11] INFO org.apache.kafka.clients.admin.internals.AdminMetadataManager - [AdminClient clientId=adminclient-11] Metadata update failed
org.apache.kafka.common.errors.TimeoutException: Timed out waiting for a node assignment. Call: fetchMetadata
[kafka-admin-client-thread | adminclient-12] INFO org.apache.kafka.clients.admin.internals.AdminMetadataManager - [AdminClient clientId=adminclient-12] Metadata update failed
org.apache.kafka.common.errors.TimeoutException: Timed out waiting for a node assignment. Call: fetchMetadata
[kafka-admin-client-thread | adminclient-13] INFO org.apache.kafka.clients.admin.internals.AdminMetadataManager - [AdminClient clientId=adminclient-13] Metadata update failed
org.apache.kafka.common.errors.TimeoutException: Timed out waiting for a node assignment. Call: fetchMetadata
[kafka-admin-client-thread | adminclient-14] INFO org.apache.kafka.clients.admin.internals.AdminMetadataManager - [AdminClient clientId=adminclient-14] Metadata update failed
org.apache.kafka.common.errors.TimeoutException: Timed out waiting for a node assignment. Call: fetchMetadata
[kafka-admin-client-thread | adminclient-15] INFO org.apache.kafka.clients.admin.internals.AdminMetadataManager - [AdminClient clientId=adminclient-15] Metadata update failed
org.apache.kafka.common.errors.TimeoutException: Timed out waiting for a node assignment. Call: fetchMetadata
[kafka-admin-client-thread | adminclient-16] INFO org.apache.kafka.clients.admin.internals.AdminMetadataManager - [AdminClient clientId=adminclient-16] Metadata update failed
org.apache.kafka.common.errors.TimeoutException: Timed out waiting for a node assignment. Call: fetchMetadata
[kafka-admin-client-thread | adminclient-17] INFO org.apache.kafka.clients.admin.internals.AdminMetadataManager - [AdminClient clientId=adminclient-17] Metadata update failed
org.apache.kafka.common.errors.TimeoutException: Timed out waiting for a node assignment. Call: fetchMetadata
[kafka-admin-client-thread | adminclient-18] INFO org.apache.kafka.clients.admin.internals.AdminMetadataManager - [AdminClient clientId=adminclient-18] Metadata update failed
org.apache.kafka.common.errors.TimeoutException: Timed out waiting for a node assignment. Call: fetchMetadata
[kafka-admin-client-thread | adminclient-19] INFO org.apache.kafka.clients.admin.internals.AdminMetadataManager - [AdminClient clientId=adminclient-19] Metadata update failed
org.apache.kafka.common.errors.TimeoutException: Timed out waiting for a node assignment. Call: fetchMetadata
[kafka-admin-client-thread | adminclient-20] INFO org.apache.kafka.clients.admin.internals.AdminMetadataManager - [AdminClient clientId=adminclient-20] Metadata update failed
org.apache.kafka.common.errors.TimeoutException: Timed out waiting for a node assignment. Call: fetchMetadata
[kafka-admin-client-thread | adminclient-21] INFO org.apache.kafka.clients.admin.internals.AdminMetadataManager - [AdminClient clientId=adminclient-21] Metadata update failed
org.apache.kafka.common.errors.TimeoutException: Timed out waiting for a node assignment. Call: fetchMetadata
[kafka-admin-client-thread | adminclient-22] INFO org.apache.kafka.clients.admin.internals.AdminMetadataManager - [AdminClient clientId=adminclient-22] Metadata update failed
org.apache.kafka.common.errors.TimeoutException: Timed out waiting for a node assignment. Call: fetchMetadata
[kafka-admin-client-thread | adminclient-23] INFO org.apache.kafka.clients.admin.internals.AdminMetadataManager - [AdminClient clientId=adminclient-23] Metadata update failed
org.apache.kafka.common.errors.TimeoutException: Timed out waiting for a node assignment. Call: fetchMetadata
[kafka-admin-client-thread | adminclient-24] INFO org.apache.kafka.clients.admin.internals.AdminMetadataManager - [AdminClient clientId=adminclient-24] Metadata update failed
org.apache.kafka.common.errors.TimeoutException: Timed out waiting for a node assignment. Call: fetchMetadata
[kafka-admin-client-thread | adminclient-25] INFO org.apache.kafka.clients.admin.internals.AdminMetadataManager - [AdminClient clientId=adminclient-25] Metadata update failed
org.apache.kafka.common.errors.TimeoutException: Timed out waiting for a node assignment. Call: fetchMetadata
[kafka-admin-client-thread | adminclient-25] INFO org.apache.kafka.clients.NetworkClient - [AdminClient clientId=adminclient-25] Node -1 disconnected.
[kafka-admin-client-thread | adminclient-25] WARN org.apache.kafka.clients.NetworkClient - [AdminClient clientId=adminclient-25] Connection to node -1 (localhost/127.0.0.1:9092) could not be established. Broker may not be available.
[kafka-admin-client-thread | adminclient-26] INFO org.apache.kafka.clients.admin.internals.AdminMetadataManager - [AdminClient clientId=adminclient-26] Metadata update failed
org.apache.kafka.common.errors.TimeoutException: Timed out waiting for a node assignment. Call: fetchMetadata
[kafka-admin-client-thread | adminclient-27] INFO org.apache.kafka.clients.admin.internals.AdminMetadataManager - [AdminClient clientId=adminclient-27] Metadata update failed
org.apache.kafka.common.errors.TimeoutException: Timed out waiting for a node assignment. Call: fetchMetadata
[kafka-admin-client-thread | adminclient-28] INFO org.apache.kafka.clients.admin.internals.AdminMetadataManager - [AdminClient clientId=adminclient-28] Metadata update failed
org.apache.kafka.common.errors.TimeoutException: Timed out waiting for a node assignment. Call: fetchMetadata
[main] ERROR com.mycompany.kafka.manager.TopicOperations - Failed to create topic test-topic: org.apache.kafka.common.errors.TimeoutException: Timed out waiting for a node assignment. Call: createTopics
java.util.concurrent.ExecutionException: org.apache.kafka.common.errors.TimeoutException: Timed out waiting for a node assignment. Call: createTopics
	at java.base/java.util.concurrent.CompletableFuture.reportGet(CompletableFuture.java:395)
	at java.base/java.util.concurrent.CompletableFuture.get(CompletableFuture.java:2070)
	at org.apache.kafka.common.internals.KafkaFutureImpl.get(KafkaFutureImpl.java:165)
	at com.mycompany.kafka.manager.TopicOperations.createTopic(TopicOperations.java:46)
	at com.mycompany.kafka.manager.TopicOperations.createTopic(TopicOperations.java:70)
	at com.mycompany.kafka.manager.TopicManager.createTopic(TopicManager.java:51)
	at com.mycompany.kafka.KafkaManagementLibrary.createTopic(KafkaManagementLibrary.java:65)
	at com.mycompany.kafka.KafkaManagementLibraryTest.testCreateTopic_WithConfigs(KafkaManagementLibraryTest.java:70)
	at java.base/jdk.internal.reflect.NativeMethodAccessorImpl.invoke0(Native Method)
	at java.base/jdk.internal.reflect.NativeMethodAccessorImpl.invoke(NativeMethodAccessorImpl.java:62)
	at java.base/jdk.internal.reflect.DelegatingMethodAccessorImpl.invoke(DelegatingMethodAccessorImpl.java:43)
	at java.base/java.lang.reflect.Method.invoke(Method.java:567)
	at org.junit.platform.commons.util.ReflectionUtils.invokeMethod(ReflectionUtils.java:727)
	at org.junit.jupiter.engine.execution.MethodInvocation.proceed(MethodInvocation.java:60)
	at org.junit.jupiter.engine.execution.InvocationInterceptorChain$ValidatingInvocation.proceed(InvocationInterceptorChain.java:131)
	at org.junit.jupiter.engine.extension.TimeoutExtension.intercept(TimeoutExtension.java:156)
	at org.junit.jupiter.engine.extension.TimeoutExtension.interceptTestableMethod(TimeoutExtension.java:147)
	at org.junit.jupiter.engine.extension.TimeoutExtension.interceptTestMethod(TimeoutExtension.java:86)
	at org.junit.jupiter.engine.execution.InterceptingExecutableInvoker$ReflectiveInterceptorCall.lambda$ofVoidMethod$0(InterceptingExecutableInvoker.java:103)
	at org.junit.jupiter.engine.execution.InterceptingExecutableInvoker.lambda$invoke$0(InterceptingExecutableInvoker.java:93)
	at org.junit.jupiter.engine.execution.InvocationInterceptorChain$InterceptedInvocation.proceed(InvocationInterceptorChain.java:106)
	at org.junit.jupiter.engine.execution.InvocationInterceptorChain.proceed(InvocationInterceptorChain.java:64)
	at org.junit.jupiter.engine.execution.InvocationInterceptorChain.chainAndInvoke(InvocationInterceptorChain.java:45)
	at org.junit.jupiter.engine.execution.InvocationInterceptorChain.invoke(InvocationInterceptorChain.java:37)
	at org.junit.jupiter.engine.execution.InterceptingExecutableInvoker.invoke(InterceptingExecutableInvoker.java:92)
	at org.junit.jupiter.engine.execution.InterceptingExecutableInvoker.invoke(InterceptingExecutableInvoker.java:86)
	at org.junit.jupiter.engine.descriptor.TestMethodTestDescriptor.lambda$invokeTestMethod$7(TestMethodTestDescriptor.java:217)
	at org.junit.platform.engine.support.hierarchical.ThrowableCollector.execute(ThrowableCollector.java:73)
	at org.junit.jupiter.engine.descriptor.TestMethodTestDescriptor.invokeTestMethod(TestMethodTestDescriptor.java:213)
	at org.junit.jupiter.engine.descriptor.TestMethodTestDescriptor.execute(TestMethodTestDescriptor.java:138)
	at org.junit.jupiter.engine.descriptor.TestMethodTestDescriptor.execute(TestMethodTestDescriptor.java:68)
	at org.junit.platform.engine.support.hierarchical.NodeTestTask.lambda$executeRecursively$6(NodeTestTask.java:151)
	at org.junit.platform.engine.support.hierarchical.ThrowableCollector.execute(ThrowableCollector.java:73)
	at org.junit.platform.engine.support.hierarchical.NodeTestTask.lambda$executeRecursively$8(NodeTestTask.java:141)
	at org.junit.platform.engine.support.hierarchical.Node.around(Node.java:137)
	at org.junit.platform.engine.support.hierarchical.NodeTestTask.lambda$executeRecursively$9(NodeTestTask.java:139)
	at org.junit.platform.engine.support.hierarchical.ThrowableCollector.execute(ThrowableCollector.java:73)
	at org.junit.platform.engine.support.hierarchical.NodeTestTask.executeRecursively(NodeTestTask.java:138)
	at org.junit.platform.engine.support.hierarchical.NodeTestTask.execute(NodeTestTask.java:95)
	at java.base/java.util.ArrayList.forEach(ArrayList.java:1507)
	at org.junit.platform.engine.support.hierarchical.SameThreadHierarchicalTestExecutorService.invokeAll(SameThreadHierarchicalTestExecutorService.java:41)
	at org.junit.platform.engine.support.hierarchical.NodeTestTask.lambda$executeRecursively$6(NodeTestTask.java:155)
	at org.junit.platform.engine.support.hierarchical.ThrowableCollector.execute(ThrowableCollector.java:73)
	at org.junit.platform.engine.support.hierarchical.NodeTestTask.lambda$executeRecursively$8(NodeTestTask.java:141)
	at org.junit.platform.engine.support.hierarchical.Node.around(Node.java:137)
	at org.junit.platform.engine.support.hierarchical.NodeTestTask.lambda$executeRecursively$9(NodeTestTask.java:139)
	at org.junit.platform.engine.support.hierarchical.ThrowableCollector.execute(ThrowableCollector.java:73)
	at org.junit.platform.engine.support.hierarchical.NodeTestTask.executeRecursively(NodeTestTask.java:138)
	at org.junit.platform.engine.support.hierarchical.NodeTestTask.execute(NodeTestTask.java:95)
	at java.base/java.util.ArrayList.forEach(ArrayList.java:1507)
	at org.junit.platform.engine.support.hierarchical.SameThreadHierarchicalTestExecutorService.invokeAll(SameThreadHierarchicalTestExecutorService.java:41)
	at org.junit.platform.engine.support.hierarchical.NodeTestTask.lambda$executeRecursively$6(NodeTestTask.java:155)
	at org.junit.platform.engine.support.hierarchical.ThrowableCollector.execute(ThrowableCollector.java:73)
	at org.junit.platform.engine.support.hierarchical.NodeTestTask.lambda$executeRecursively$8(NodeTestTask.java:141)
	at org.junit.platform.engine.support.hierarchical.Node.around(Node.java:137)
	at org.junit.platform.engine.support.hierarchical.NodeTestTask.lambda$executeRecursively$9(NodeTestTask.java:139)
	at org.junit.platform.engine.support.hierarchical.ThrowableCollector.execute(ThrowableCollector.java:73)
	at org.junit.platform.engine.support.hierarchical.NodeTestTask.executeRecursively(NodeTestTask.java:138)
	at org.junit.platform.engine.support.hierarchical.NodeTestTask.execute(NodeTestTask.java:95)
	at org.junit.platform.engine.support.hierarchical.SameThreadHierarchicalTestExecutorService.submit(SameThreadHierarchicalTestExecutorService.java:35)
	at org.junit.platform.engine.support.hierarchical.HierarchicalTestExecutor.execute(HierarchicalTestExecutor.java:57)
	at org.junit.platform.engine.support.hierarchical.HierarchicalTestEngine.execute(HierarchicalTestEngine.java:54)
	at org.junit.platform.launcher.core.EngineExecutionOrchestrator.execute(EngineExecutionOrchestrator.java:147)
	at org.junit.platform.launcher.core.EngineExecutionOrchestrator.execute(EngineExecutionOrchestrator.java:127)
	at org.junit.platform.launcher.core.EngineExecutionOrchestrator.execute(EngineExecutionOrchestrator.java:90)
	at org.junit.platform.launcher.core.EngineExecutionOrchestrator.lambda$execute$0(EngineExecutionOrchestrator.java:55)
	at org.junit.platform.launcher.core.EngineExecutionOrchestrator.withInterceptedStreams(EngineExecutionOrchestrator.java:102)
	at org.junit.platform.launcher.core.EngineExecutionOrchestrator.execute(EngineExecutionOrchestrator.java:54)
	at org.junit.platform.launcher.core.DefaultLauncher.execute(DefaultLauncher.java:114)
	at org.junit.platform.launcher.core.DefaultLauncher.execute(DefaultLauncher.java:86)
	at org.junit.platform.launcher.core.DefaultLauncherSession$DelegatingLauncher.execute(DefaultLauncherSession.java:86)
	at org.apache.maven.surefire.junitplatform.LazyLauncher.execute(LazyLauncher.java:50)
	at org.apache.maven.surefire.junitplatform.JUnitPlatformProvider.execute(JUnitPlatformProvider.java:184)
	at org.apache.maven.surefire.junitplatform.JUnitPlatformProvider.invokeAllTests(JUnitPlatformProvider.java:148)
	at org.apache.maven.surefire.junitplatform.JUnitPlatformProvider.invoke(JUnitPlatformProvider.java:122)
	at org.apache.maven.surefire.booter.ForkedBooter.runSuitesInProcess(ForkedBooter.java:385)
	at org.apache.maven.surefire.booter.ForkedBooter.execute(ForkedBooter.java:162)
	at org.apache.maven.surefire.booter.ForkedBooter.run(ForkedBooter.java:507)
	at org.apache.maven.surefire.booter.ForkedBooter.main(ForkedBooter.java:495)
Caused by: org.apache.kafka.common.errors.TimeoutException: Timed out waiting for a node assignment. Call: createTopics
]]></system-err>
  </testcase>
  <testcase name="testListConsumerGroups" classname="com.mycompany.kafka.KafkaManagementLibraryTest" time="60.01">
    <error message="Failed to list consumer groups" type="java.lang.RuntimeException"><![CDATA[java.lang.RuntimeException: Failed to list consumer groups
	at com.mycompany.kafka.manager.ConsumerManager.listConsumerGroups(ConsumerManager.java:55)
	at com.mycompany.kafka.KafkaManagementLibrary.listConsumerGroups(KafkaManagementLibrary.java:220)
	at com.mycompany.kafka.KafkaManagementLibraryTest.testListConsumerGroups(KafkaManagementLibraryTest.java:146)
	at java.base/jdk.internal.reflect.NativeMethodAccessorImpl.invoke0(Native Method)
	at java.base/jdk.internal.reflect.NativeMethodAccessorImpl.invoke(NativeMethodAccessorImpl.java:62)
	at java.base/jdk.internal.reflect.DelegatingMethodAccessorImpl.invoke(DelegatingMethodAccessorImpl.java:43)
	at java.base/java.lang.reflect.Method.invoke(Method.java:567)
	at org.junit.platform.commons.util.ReflectionUtils.invokeMethod(ReflectionUtils.java:727)
	at org.junit.jupiter.engine.execution.MethodInvocation.proceed(MethodInvocation.java:60)
	at org.junit.jupiter.engine.execution.InvocationInterceptorChain$ValidatingInvocation.proceed(InvocationInterceptorChain.java:131)
	at org.junit.jupiter.engine.extension.TimeoutExtension.intercept(TimeoutExtension.java:156)
	at org.junit.jupiter.engine.extension.TimeoutExtension.interceptTestableMethod(TimeoutExtension.java:147)
	at org.junit.jupiter.engine.extension.TimeoutExtension.interceptTestMethod(TimeoutExtension.java:86)
	at org.junit.jupiter.engine.execution.InterceptingExecutableInvoker$ReflectiveInterceptorCall.lambda$ofVoidMethod$0(InterceptingExecutableInvoker.java:103)
	at org.junit.jupiter.engine.execution.InterceptingExecutableInvoker.lambda$invoke$0(InterceptingExecutableInvoker.java:93)
	at org.junit.jupiter.engine.execution.InvocationInterceptorChain$InterceptedInvocation.proceed(InvocationInterceptorChain.java:106)
	at org.junit.jupiter.engine.execution.InvocationInterceptorChain.proceed(InvocationInterceptorChain.java:64)
	at org.junit.jupiter.engine.execution.InvocationInterceptorChain.chainAndInvoke(InvocationInterceptorChain.java:45)
	at org.junit.jupiter.engine.execution.InvocationInterceptorChain.invoke(InvocationInterceptorChain.java:37)
	at org.junit.jupiter.engine.execution.InterceptingExecutableInvoker.invoke(InterceptingExecutableInvoker.java:92)
	at org.junit.jupiter.engine.execution.InterceptingExecutableInvoker.invoke(InterceptingExecutableInvoker.java:86)
	at org.junit.jupiter.engine.descriptor.TestMethodTestDescriptor.lambda$invokeTestMethod$7(TestMethodTestDescriptor.java:217)
	at org.junit.platform.engine.support.hierarchical.ThrowableCollector.execute(ThrowableCollector.java:73)
	at org.junit.jupiter.engine.descriptor.TestMethodTestDescriptor.invokeTestMethod(TestMethodTestDescriptor.java:213)
	at org.junit.jupiter.engine.descriptor.TestMethodTestDescriptor.execute(TestMethodTestDescriptor.java:138)
	at org.junit.jupiter.engine.descriptor.TestMethodTestDescriptor.execute(TestMethodTestDescriptor.java:68)
	at org.junit.platform.engine.support.hierarchical.NodeTestTask.lambda$executeRecursively$6(NodeTestTask.java:151)
	at org.junit.platform.engine.support.hierarchical.ThrowableCollector.execute(ThrowableCollector.java:73)
	at org.junit.platform.engine.support.hierarchical.NodeTestTask.lambda$executeRecursively$8(NodeTestTask.java:141)
	at org.junit.platform.engine.support.hierarchical.Node.around(Node.java:137)
	at org.junit.platform.engine.support.hierarchical.NodeTestTask.lambda$executeRecursively$9(NodeTestTask.java:139)
	at org.junit.platform.engine.support.hierarchical.ThrowableCollector.execute(ThrowableCollector.java:73)
	at org.junit.platform.engine.support.hierarchical.NodeTestTask.executeRecursively(NodeTestTask.java:138)
	at org.junit.platform.engine.support.hierarchical.NodeTestTask.execute(NodeTestTask.java:95)
	at java.base/java.util.ArrayList.forEach(ArrayList.java:1507)
	at org.junit.platform.engine.support.hierarchical.SameThreadHierarchicalTestExecutorService.invokeAll(SameThreadHierarchicalTestExecutorService.java:41)
	at org.junit.platform.engine.support.hierarchical.NodeTestTask.lambda$executeRecursively$6(NodeTestTask.java:155)
	at org.junit.platform.engine.support.hierarchical.ThrowableCollector.execute(ThrowableCollector.java:73)
	at org.junit.platform.engine.support.hierarchical.NodeTestTask.lambda$executeRecursively$8(NodeTestTask.java:141)
	at org.junit.platform.engine.support.hierarchical.Node.around(Node.java:137)
	at org.junit.platform.engine.support.hierarchical.NodeTestTask.lambda$executeRecursively$9(NodeTestTask.java:139)
	at org.junit.platform.engine.support.hierarchical.ThrowableCollector.execute(ThrowableCollector.java:73)
	at org.junit.platform.engine.support.hierarchical.NodeTestTask.executeRecursively(NodeTestTask.java:138)
	at org.junit.platform.engine.support.hierarchical.NodeTestTask.execute(NodeTestTask.java:95)
	at java.base/java.util.ArrayList.forEach(ArrayList.java:1507)
	at org.junit.platform.engine.support.hierarchical.SameThreadHierarchicalTestExecutorService.invokeAll(SameThreadHierarchicalTestExecutorService.java:41)
	at org.junit.platform.engine.support.hierarchical.NodeTestTask.lambda$executeRecursively$6(NodeTestTask.java:155)
	at org.junit.platform.engine.support.hierarchical.ThrowableCollector.execute(ThrowableCollector.java:73)
	at org.junit.platform.engine.support.hierarchical.NodeTestTask.lambda$executeRecursively$8(NodeTestTask.java:141)
	at org.junit.platform.engine.support.hierarchical.Node.around(Node.java:137)
	at org.junit.platform.engine.support.hierarchical.NodeTestTask.lambda$executeRecursively$9(NodeTestTask.java:139)
	at org.junit.platform.engine.support.hierarchical.ThrowableCollector.execute(ThrowableCollector.java:73)
	at org.junit.platform.engine.support.hierarchical.NodeTestTask.executeRecursively(NodeTestTask.java:138)
	at org.junit.platform.engine.support.hierarchical.NodeTestTask.execute(NodeTestTask.java:95)
	at org.junit.platform.engine.support.hierarchical.SameThreadHierarchicalTestExecutorService.submit(SameThreadHierarchicalTestExecutorService.java:35)
	at org.junit.platform.engine.support.hierarchical.HierarchicalTestExecutor.execute(HierarchicalTestExecutor.java:57)
	at org.junit.platform.engine.support.hierarchical.HierarchicalTestEngine.execute(HierarchicalTestEngine.java:54)
	at org.junit.platform.launcher.core.EngineExecutionOrchestrator.execute(EngineExecutionOrchestrator.java:147)
	at org.junit.platform.launcher.core.EngineExecutionOrchestrator.execute(EngineExecutionOrchestrator.java:127)
	at org.junit.platform.launcher.core.EngineExecutionOrchestrator.execute(EngineExecutionOrchestrator.java:90)
	at org.junit.platform.launcher.core.EngineExecutionOrchestrator.lambda$execute$0(EngineExecutionOrchestrator.java:55)
	at org.junit.platform.launcher.core.EngineExecutionOrchestrator.withInterceptedStreams(EngineExecutionOrchestrator.java:102)
	at org.junit.platform.launcher.core.EngineExecutionOrchestrator.execute(EngineExecutionOrchestrator.java:54)
	at org.junit.platform.launcher.core.DefaultLauncher.execute(DefaultLauncher.java:114)
	at org.junit.platform.launcher.core.DefaultLauncher.execute(DefaultLauncher.java:86)
	at org.junit.platform.launcher.core.DefaultLauncherSession$DelegatingLauncher.execute(DefaultLauncherSession.java:86)
	at org.apache.maven.surefire.junitplatform.LazyLauncher.execute(LazyLauncher.java:50)
	at org.apache.maven.surefire.junitplatform.JUnitPlatformProvider.execute(JUnitPlatformProvider.java:184)
	at org.apache.maven.surefire.junitplatform.JUnitPlatformProvider.invokeAllTests(JUnitPlatformProvider.java:148)
	at org.apache.maven.surefire.junitplatform.JUnitPlatformProvider.invoke(JUnitPlatformProvider.java:122)
	at org.apache.maven.surefire.booter.ForkedBooter.runSuitesInProcess(ForkedBooter.java:385)
	at org.apache.maven.surefire.booter.ForkedBooter.execute(ForkedBooter.java:162)
	at org.apache.maven.surefire.booter.ForkedBooter.run(ForkedBooter.java:507)
	at org.apache.maven.surefire.booter.ForkedBooter.main(ForkedBooter.java:495)
Caused by: java.util.concurrent.ExecutionException: org.apache.kafka.common.KafkaException: Failed to find brokers to send ListGroups
	at java.base/java.util.concurrent.CompletableFuture.reportGet(CompletableFuture.java:395)
	at java.base/java.util.concurrent.CompletableFuture.get(CompletableFuture.java:2070)
	at org.apache.kafka.common.internals.KafkaFutureImpl.get(KafkaFutureImpl.java:165)
	at com.mycompany.kafka.manager.ConsumerManager.listConsumerGroups(ConsumerManager.java:46)
	... 73 more
Caused by: org.apache.kafka.common.KafkaException: Failed to find brokers to send ListGroups
	at org.apache.kafka.clients.admin.KafkaAdminClient$24.handleFailure(KafkaAdminClient.java:3393)
	at org.apache.kafka.clients.admin.KafkaAdminClient$Call.handleTimeoutFailure(KafkaAdminClient.java:851)
	at org.apache.kafka.clients.admin.KafkaAdminClient$Call.fail(KafkaAdminClient.java:817)
	at org.apache.kafka.clients.admin.KafkaAdminClient$TimeoutProcessor.handleTimeouts(KafkaAdminClient.java:947)
	at org.apache.kafka.clients.admin.KafkaAdminClient$AdminClientRunnable.timeoutPendingCalls(KafkaAdminClient.java:1026)
	at org.apache.kafka.clients.admin.KafkaAdminClient$AdminClientRunnable.processRequests(KafkaAdminClient.java:1380)
	at org.apache.kafka.clients.admin.KafkaAdminClient$AdminClientRunnable.run(KafkaAdminClient.java:1344)
	at java.base/java.lang.Thread.run(Thread.java:830)
Caused by: org.apache.kafka.common.errors.TimeoutException: Timed out waiting for a node assignment. Call: findAllBrokers
]]></error>
    <system-err><![CDATA[[main] INFO com.mycompany.kafka.KafkaManagementLibrary - Initializing KafkaManagementLibrary
[main] INFO com.mycompany.kafka.factory.ConnectionFactory - Creating Kafka AdminClient with bootstrap servers: localhost:9092
[main] INFO org.apache.kafka.clients.admin.AdminClientConfig - AdminClientConfig values: 
	auto.include.jmx.reporter = true
	bootstrap.servers = [localhost:9092]
	client.dns.lookup = use_all_dns_ips
	client.id = 
	connections.max.idle.ms = 300000
	default.api.timeout.ms = 60000
	metadata.max.age.ms = 300000
	metric.reporters = []
	metrics.num.samples = 2
	metrics.recording.level = INFO
	metrics.sample.window.ms = 30000
	receive.buffer.bytes = 65536
	reconnect.backoff.max.ms = 1000
	reconnect.backoff.ms = 50
	request.timeout.ms = 30000
	retries = 2147483647
	retry.backoff.ms = 100
	sasl.client.callback.handler.class = null
	sasl.jaas.config = null
	sasl.kerberos.kinit.cmd = /usr/bin/kinit
	sasl.kerberos.min.time.before.relogin = 60000
	sasl.kerberos.service.name = null
	sasl.kerberos.ticket.renew.jitter = 0.05
	sasl.kerberos.ticket.renew.window.factor = 0.8
	sasl.login.callback.handler.class = null
	sasl.login.class = null
	sasl.login.connect.timeout.ms = null
	sasl.login.read.timeout.ms = null
	sasl.login.refresh.buffer.seconds = 300
	sasl.login.refresh.min.period.seconds = 60
	sasl.login.refresh.window.factor = 0.8
	sasl.login.refresh.window.jitter = 0.05
	sasl.login.retry.backoff.max.ms = 10000
	sasl.login.retry.backoff.ms = 100
	sasl.mechanism = GSSAPI
	sasl.oauthbearer.clock.skew.seconds = 30
	sasl.oauthbearer.expected.audience = null
	sasl.oauthbearer.expected.issuer = null
	sasl.oauthbearer.jwks.endpoint.refresh.ms = 3600000
	sasl.oauthbearer.jwks.endpoint.retry.backoff.max.ms = 10000
	sasl.oauthbearer.jwks.endpoint.retry.backoff.ms = 100
	sasl.oauthbearer.jwks.endpoint.url = null
	sasl.oauthbearer.scope.claim.name = scope
	sasl.oauthbearer.sub.claim.name = sub
	sasl.oauthbearer.token.endpoint.url = null
	security.protocol = PLAINTEXT
	security.providers = null
	send.buffer.bytes = 131072
	socket.connection.setup.timeout.max.ms = 30000
	socket.connection.setup.timeout.ms = 10000
	ssl.cipher.suites = null
	ssl.enabled.protocols = [TLSv1.2, TLSv1.3]
	ssl.endpoint.identification.algorithm = https
	ssl.engine.factory.class = null
	ssl.key.password = null
	ssl.keymanager.algorithm = SunX509
	ssl.keystore.certificate.chain = null
	ssl.keystore.key = null
	ssl.keystore.location = null
	ssl.keystore.password = null
	ssl.keystore.type = JKS
	ssl.protocol = TLSv1.3
	ssl.provider = null
	ssl.secure.random.implementation = null
	ssl.trustmanager.algorithm = PKIX
	ssl.truststore.certificates = null
	ssl.truststore.location = null
	ssl.truststore.password = null
	ssl.truststore.type = JKS

[main] INFO org.apache.kafka.common.utils.AppInfoParser - Kafka version: 3.5.1
[main] INFO org.apache.kafka.common.utils.AppInfoParser - Kafka commitId: 2c6fb6c54472e90a
[main] INFO org.apache.kafka.common.utils.AppInfoParser - Kafka startTimeMs: 1761089097799
[main] INFO com.mycompany.kafka.factory.ConnectionFactory - Kafka AdminClient created successfully
[main] INFO com.mycompany.kafka.factory.ConnectionFactory - Creating Kafka AdminClient with bootstrap servers: localhost:9092
[main] INFO org.apache.kafka.clients.admin.AdminClientConfig - AdminClientConfig values: 
	auto.include.jmx.reporter = true
	bootstrap.servers = [localhost:9092]
	client.dns.lookup = use_all_dns_ips
	client.id = 
	connections.max.idle.ms = 300000
	default.api.timeout.ms = 60000
	metadata.max.age.ms = 300000
	metric.reporters = []
	metrics.num.samples = 2
	metrics.recording.level = INFO
	metrics.sample.window.ms = 30000
	receive.buffer.bytes = 65536
	reconnect.backoff.max.ms = 1000
	reconnect.backoff.ms = 50
	request.timeout.ms = 30000
	retries = 2147483647
	retry.backoff.ms = 100
	sasl.client.callback.handler.class = null
	sasl.jaas.config = null
	sasl.kerberos.kinit.cmd = /usr/bin/kinit
	sasl.kerberos.min.time.before.relogin = 60000
	sasl.kerberos.service.name = null
	sasl.kerberos.ticket.renew.jitter = 0.05
	sasl.kerberos.ticket.renew.window.factor = 0.8
	sasl.login.callback.handler.class = null
	sasl.login.class = null
	sasl.login.connect.timeout.ms = null
	sasl.login.read.timeout.ms = null
	sasl.login.refresh.buffer.seconds = 300
	sasl.login.refresh.min.period.seconds = 60
	sasl.login.refresh.window.factor = 0.8
	sasl.login.refresh.window.jitter = 0.05
	sasl.login.retry.backoff.max.ms = 10000
	sasl.login.retry.backoff.ms = 100
	sasl.mechanism = GSSAPI
	sasl.oauthbearer.clock.skew.seconds = 30
	sasl.oauthbearer.expected.audience = null
	sasl.oauthbearer.expected.issuer = null
	sasl.oauthbearer.jwks.endpoint.refresh.ms = 3600000
	sasl.oauthbearer.jwks.endpoint.retry.backoff.max.ms = 10000
	sasl.oauthbearer.jwks.endpoint.retry.backoff.ms = 100
	sasl.oauthbearer.jwks.endpoint.url = null
	sasl.oauthbearer.scope.claim.name = scope
	sasl.oauthbearer.sub.claim.name = sub
	sasl.oauthbearer.token.endpoint.url = null
	security.protocol = PLAINTEXT
	security.providers = null
	send.buffer.bytes = 131072
	socket.connection.setup.timeout.max.ms = 30000
	socket.connection.setup.timeout.ms = 10000
	ssl.cipher.suites = null
	ssl.enabled.protocols = [TLSv1.2, TLSv1.3]
	ssl.endpoint.identification.algorithm = https
	ssl.engine.factory.class = null
	ssl.key.password = null
	ssl.keymanager.algorithm = SunX509
	ssl.keystore.certificate.chain = null
	ssl.keystore.key = null
	ssl.keystore.location = null
	ssl.keystore.password = null
	ssl.keystore.type = JKS
	ssl.protocol = TLSv1.3
	ssl.provider = null
	ssl.secure.random.implementation = null
	ssl.trustmanager.algorithm = PKIX
	ssl.truststore.certificates = null
	ssl.truststore.location = null
	ssl.truststore.password = null
	ssl.truststore.type = JKS

[kafka-admin-client-thread | adminclient-29] INFO org.apache.kafka.clients.NetworkClient - [AdminClient clientId=adminclient-29] Node -1 disconnected.
[kafka-admin-client-thread | adminclient-29] WARN org.apache.kafka.clients.NetworkClient - [AdminClient clientId=adminclient-29] Connection to node -1 (localhost/127.0.0.1:9092) could not be established. Broker may not be available.
[main] INFO org.apache.kafka.common.utils.AppInfoParser - Kafka version: 3.5.1
[main] INFO org.apache.kafka.common.utils.AppInfoParser - Kafka commitId: 2c6fb6c54472e90a
[main] INFO org.apache.kafka.common.utils.AppInfoParser - Kafka startTimeMs: 1761089097801
[kafka-admin-client-thread | adminclient-2] INFO org.apache.kafka.clients.NetworkClient - [AdminClient clientId=adminclient-2] Node -1 disconnected.
[kafka-admin-client-thread | adminclient-2] WARN org.apache.kafka.clients.NetworkClient - [AdminClient clientId=adminclient-2] Connection to node -1 (localhost/127.0.0.1:9092) could not be established. Broker may not be available.
[main] INFO com.mycompany.kafka.factory.ConnectionFactory - Kafka AdminClient created successfully
[main] INFO com.mycompany.kafka.factory.ConnectionFactory - Creating Schema Registry Client with URL: http://localhost:8081
[main] INFO com.mycompany.kafka.factory.ConnectionFactory - Schema Registry Client created successfully
[main] INFO com.mycompany.kafka.KafkaManagementLibrary - KafkaManagementLibrary initialized successfully
[kafka-admin-client-thread | adminclient-30] INFO org.apache.kafka.clients.NetworkClient - [AdminClient clientId=adminclient-30] Node -1 disconnected.
[kafka-admin-client-thread | adminclient-30] WARN org.apache.kafka.clients.NetworkClient - [AdminClient clientId=adminclient-30] Connection to node -1 (localhost/127.0.0.1:9092) could not be established. Broker may not be available.
[main] INFO com.mycompany.kafka.manager.ConsumerManager - Listing all consumer groups
[kafka-admin-client-thread | adminclient-29] INFO org.apache.kafka.clients.NetworkClient - [AdminClient clientId=adminclient-29] Node -1 disconnected.
[kafka-admin-client-thread | adminclient-29] WARN org.apache.kafka.clients.NetworkClient - [AdminClient clientId=adminclient-29] Connection to node -1 (localhost/127.0.0.1:9092) could not be established. Broker may not be available.
[kafka-admin-client-thread | adminclient-30] INFO org.apache.kafka.clients.NetworkClient - [AdminClient clientId=adminclient-30] Node -1 disconnected.
[kafka-admin-client-thread | adminclient-30] WARN org.apache.kafka.clients.NetworkClient - [AdminClient clientId=adminclient-30] Connection to node -1 (localhost/127.0.0.1:9092) could not be established. Broker may not be available.
[kafka-admin-client-thread | adminclient-24] INFO org.apache.kafka.clients.NetworkClient - [AdminClient clientId=adminclient-24] Node -1 disconnected.
[kafka-admin-client-thread | adminclient-24] WARN org.apache.kafka.clients.NetworkClient - [AdminClient clientId=adminclient-24] Connection to node -1 (localhost/127.0.0.1:9092) could not be established. Broker may not be available.
[kafka-admin-client-thread | adminclient-3] INFO org.apache.kafka.clients.NetworkClient - [AdminClient clientId=adminclient-3] Node -1 disconnected.
[kafka-admin-client-thread | adminclient-3] WARN org.apache.kafka.clients.NetworkClient - [AdminClient clientId=adminclient-3] Connection to node -1 (localhost/127.0.0.1:9092) could not be established. Broker may not be available.
[kafka-admin-client-thread | adminclient-14] INFO org.apache.kafka.clients.NetworkClient - [AdminClient clientId=adminclient-14] Node -1 disconnected.
[kafka-admin-client-thread | adminclient-14] WARN org.apache.kafka.clients.NetworkClient - [AdminClient clientId=adminclient-14] Connection to node -1 (localhost/127.0.0.1:9092) could not be established. Broker may not be available.
[kafka-admin-client-thread | adminclient-7] INFO org.apache.kafka.clients.NetworkClient - [AdminClient clientId=adminclient-7] Node -1 disconnected.
[kafka-admin-client-thread | adminclient-7] WARN org.apache.kafka.clients.NetworkClient - [AdminClient clientId=adminclient-7] Connection to node -1 (localhost/127.0.0.1:9092) could not be established. Broker may not be available.
[kafka-admin-client-thread | adminclient-8] INFO org.apache.kafka.clients.NetworkClient - [AdminClient clientId=adminclient-8] Node -1 disconnected.
[kafka-admin-client-thread | adminclient-8] WARN org.apache.kafka.clients.NetworkClient - [AdminClient clientId=adminclient-8] Connection to node -1 (localhost/127.0.0.1:9092) could not be established. Broker may not be available.
[kafka-admin-client-thread | adminclient-16] INFO org.apache.kafka.clients.NetworkClient - [AdminClient clientId=adminclient-16] Node -1 disconnected.
[kafka-admin-client-thread | adminclient-16] WARN org.apache.kafka.clients.NetworkClient - [AdminClient clientId=adminclient-16] Connection to node -1 (localhost/127.0.0.1:9092) could not be established. Broker may not be available.
[kafka-admin-client-thread | adminclient-29] INFO org.apache.kafka.clients.NetworkClient - [AdminClient clientId=adminclient-29] Node -1 disconnected.
[kafka-admin-client-thread | adminclient-29] WARN org.apache.kafka.clients.NetworkClient - [AdminClient clientId=adminclient-29] Connection to node -1 (localhost/127.0.0.1:9092) could not be established. Broker may not be available.
[kafka-admin-client-thread | adminclient-9] INFO org.apache.kafka.clients.NetworkClient - [AdminClient clientId=adminclient-9] Node -1 disconnected.
[kafka-admin-client-thread | adminclient-9] WARN org.apache.kafka.clients.NetworkClient - [AdminClient clientId=adminclient-9] Connection to node -1 (localhost/127.0.0.1:9092) could not be established. Broker may not be available.
[kafka-admin-client-thread | adminclient-12] INFO org.apache.kafka.clients.NetworkClient - [AdminClient clientId=adminclient-12] Node -1 disconnected.
[kafka-admin-client-thread | adminclient-12] WARN org.apache.kafka.clients.NetworkClient - [AdminClient clientId=adminclient-12] Connection to node -1 (localhost/127.0.0.1:9092) could not be established. Broker may not be available.
[kafka-admin-client-thread | adminclient-27] INFO org.apache.kafka.clients.NetworkClient - [AdminClient clientId=adminclient-27] Node -1 disconnected.
[kafka-admin-client-thread | adminclient-27] WARN org.apache.kafka.clients.NetworkClient - [AdminClient clientId=adminclient-27] Connection to node -1 (localhost/127.0.0.1:9092) could not be established. Broker may not be available.
[kafka-admin-client-thread | adminclient-30] INFO org.apache.kafka.clients.NetworkClient - [AdminClient clientId=adminclient-30] Node -1 disconnected.
[kafka-admin-client-thread | adminclient-30] WARN org.apache.kafka.clients.NetworkClient - [AdminClient clientId=adminclient-30] Connection to node -1 (localhost/127.0.0.1:9092) could not be established. Broker may not be available.
[kafka-admin-client-thread | adminclient-23] INFO org.apache.kafka.clients.NetworkClient - [AdminClient clientId=adminclient-23] Node -1 disconnected.
[kafka-admin-client-thread | adminclient-23] WARN org.apache.kafka.clients.NetworkClient - [AdminClient clientId=adminclient-23] Connection to node -1 (localhost/127.0.0.1:9092) could not be established. Broker may not be available.
[kafka-admin-client-thread | adminclient-13] INFO org.apache.kafka.clients.NetworkClient - [AdminClient clientId=adminclient-13] Node -1 disconnected.
[kafka-admin-client-thread | adminclient-13] WARN org.apache.kafka.clients.NetworkClient - [AdminClient clientId=adminclient-13] Connection to node -1 (localhost/127.0.0.1:9092) could not be established. Broker may not be available.
[kafka-admin-client-thread | adminclient-17] INFO org.apache.kafka.clients.NetworkClient - [AdminClient clientId=adminclient-17] Node -1 disconnected.
[kafka-admin-client-thread | adminclient-17] WARN org.apache.kafka.clients.NetworkClient - [AdminClient clientId=adminclient-17] Connection to node -1 (localhost/127.0.0.1:9092) could not be established. Broker may not be available.
[kafka-admin-client-thread | adminclient-22] INFO org.apache.kafka.clients.NetworkClient - [AdminClient clientId=adminclient-22] Node -1 disconnected.
[kafka-admin-client-thread | adminclient-22] WARN org.apache.kafka.clients.NetworkClient - [AdminClient clientId=adminclient-22] Connection to node -1 (localhost/127.0.0.1:9092) could not be established. Broker may not be available.
[kafka-admin-client-thread | adminclient-26] INFO org.apache.kafka.clients.NetworkClient - [AdminClient clientId=adminclient-26] Node -1 disconnected.
[kafka-admin-client-thread | adminclient-26] WARN org.apache.kafka.clients.NetworkClient - [AdminClient clientId=adminclient-26] Connection to node -1 (localhost/127.0.0.1:9092) could not be established. Broker may not be available.
[kafka-admin-client-thread | adminclient-28] INFO org.apache.kafka.clients.NetworkClient - [AdminClient clientId=adminclient-28] Node -1 disconnected.
[kafka-admin-client-thread | adminclient-28] WARN org.apache.kafka.clients.NetworkClient - [AdminClient clientId=adminclient-28] Connection to node -1 (localhost/127.0.0.1:9092) could not be established. Broker may not be available.
[kafka-admin-client-thread | adminclient-1] INFO org.apache.kafka.clients.NetworkClient - [AdminClient clientId=adminclient-1] Node -1 disconnected.
[kafka-admin-client-thread | adminclient-1] WARN org.apache.kafka.clients.NetworkClient - [AdminClient clientId=adminclient-1] Connection to node -1 (localhost/127.0.0.1:9092) could not be established. Broker may not be available.
[kafka-admin-client-thread | adminclient-18] INFO org.apache.kafka.clients.NetworkClient - [AdminClient clientId=adminclient-18] Node -1 disconnected.
[kafka-admin-client-thread | adminclient-18] WARN org.apache.kafka.clients.NetworkClient - [AdminClient clientId=adminclient-18] Connection to node -1 (localhost/127.0.0.1:9092) could not be established. Broker may not be available.
[kafka-admin-client-thread | adminclient-29] INFO org.apache.kafka.clients.NetworkClient - [AdminClient clientId=adminclient-29] Node -1 disconnected.
[kafka-admin-client-thread | adminclient-29] WARN org.apache.kafka.clients.NetworkClient - [AdminClient clientId=adminclient-29] Connection to node -1 (localhost/127.0.0.1:9092) could not be established. Broker may not be available.
[kafka-admin-client-thread | adminclient-15] INFO org.apache.kafka.clients.NetworkClient - [AdminClient clientId=adminclient-15] Node -1 disconnected.
[kafka-admin-client-thread | adminclient-15] WARN org.apache.kafka.clients.NetworkClient - [AdminClient clientId=adminclient-15] Connection to node -1 (localhost/127.0.0.1:9092) could not be established. Broker may not be available.
[kafka-admin-client-thread | adminclient-30] INFO org.apache.kafka.clients.NetworkClient - [AdminClient clientId=adminclient-30] Node -1 disconnected.
[kafka-admin-client-thread | adminclient-30] WARN org.apache.kafka.clients.NetworkClient - [AdminClient clientId=adminclient-30] Connection to node -1 (localhost/127.0.0.1:9092) could not be established. Broker may not be available.
[kafka-admin-client-thread | adminclient-11] INFO org.apache.kafka.clients.NetworkClient - [AdminClient clientId=adminclient-11] Node -1 disconnected.
[kafka-admin-client-thread | adminclient-11] WARN org.apache.kafka.clients.NetworkClient - [AdminClient clientId=adminclient-11] Connection to node -1 (localhost/127.0.0.1:9092) could not be established. Broker may not be available.
[kafka-admin-client-thread | adminclient-21] INFO org.apache.kafka.clients.NetworkClient - [AdminClient clientId=adminclient-21] Node -1 disconnected.
[kafka-admin-client-thread | adminclient-21] WARN org.apache.kafka.clients.NetworkClient - [AdminClient clientId=adminclient-21] Connection to node -1 (localhost/127.0.0.1:9092) could not be established. Broker may not be available.
[kafka-admin-client-thread | adminclient-25] INFO org.apache.kafka.clients.NetworkClient - [AdminClient clientId=adminclient-25] Node -1 disconnected.
[kafka-admin-client-thread | adminclient-25] WARN org.apache.kafka.clients.NetworkClient - [AdminClient clientId=adminclient-25] Connection to node -1 (localhost/127.0.0.1:9092) could not be established. Broker may not be available.
[kafka-admin-client-thread | adminclient-10] INFO org.apache.kafka.clients.NetworkClient - [AdminClient clientId=adminclient-10] Node -1 disconnected.
[kafka-admin-client-thread | adminclient-10] WARN org.apache.kafka.clients.NetworkClient - [AdminClient clientId=adminclient-10] Connection to node -1 (localhost/127.0.0.1:9092) could not be established. Broker may not be available.
[kafka-admin-client-thread | adminclient-4] INFO org.apache.kafka.clients.NetworkClient - [AdminClient clientId=adminclient-4] Node -1 disconnected.
[kafka-admin-client-thread | adminclient-4] WARN org.apache.kafka.clients.NetworkClient - [AdminClient clientId=adminclient-4] Connection to node -1 (localhost/127.0.0.1:9092) could not be established. Broker may not be available.
[kafka-admin-client-thread | adminclient-29] INFO org.apache.kafka.clients.NetworkClient - [AdminClient clientId=adminclient-29] Node -1 disconnected.
[kafka-admin-client-thread | adminclient-29] WARN org.apache.kafka.clients.NetworkClient - [AdminClient clientId=adminclient-29] Connection to node -1 (localhost/127.0.0.1:9092) could not be established. Broker may not be available.
[kafka-admin-client-thread | adminclient-19] INFO org.apache.kafka.clients.NetworkClient - [AdminClient clientId=adminclient-19] Node -1 disconnected.
[kafka-admin-client-thread | adminclient-20] INFO org.apache.kafka.clients.NetworkClient - [AdminClient clientId=adminclient-20] Node -1 disconnected.
[kafka-admin-client-thread | adminclient-19] WARN org.apache.kafka.clients.NetworkClient - [AdminClient clientId=adminclient-19] Connection to node -1 (localhost/127.0.0.1:9092) could not be established. Broker may not be available.
[kafka-admin-client-thread | adminclient-20] WARN org.apache.kafka.clients.NetworkClient - [AdminClient clientId=adminclient-20] Connection to node -1 (localhost/127.0.0.1:9092) could not be established. Broker may not be available.
[kafka-admin-client-thread | adminclient-8] INFO org.apache.kafka.clients.NetworkClient - [AdminClient clientId=adminclient-8] Node -1 disconnected.
[kafka-admin-client-thread | adminclient-8] WARN org.apache.kafka.clients.NetworkClient - [AdminClient clientId=adminclient-8] Connection to node -1 (localhost/127.0.0.1:9092) could not be established. Broker may not be available.
[kafka-admin-client-thread | adminclient-2] INFO org.apache.kafka.clients.NetworkClient - [AdminClient clientId=adminclient-2] Node -1 disconnected.
[kafka-admin-client-thread | adminclient-2] WARN org.apache.kafka.clients.NetworkClient - [AdminClient clientId=adminclient-2] Connection to node -1 (localhost/127.0.0.1:9092) could not be established. Broker may not be available.
[kafka-admin-client-thread | adminclient-30] INFO org.apache.kafka.clients.NetworkClient - [AdminClient clientId=adminclient-30] Node -1 disconnected.
[kafka-admin-client-thread | adminclient-30] WARN org.apache.kafka.clients.NetworkClient - [AdminClient clientId=adminclient-30] Connection to node -1 (localhost/127.0.0.1:9092) could not be established. Broker may not be available.
[kafka-admin-client-thread | adminclient-3] INFO org.apache.kafka.clients.NetworkClient - [AdminClient clientId=adminclient-3] Node -1 disconnected.
[kafka-admin-client-thread | adminclient-3] WARN org.apache.kafka.clients.NetworkClient - [AdminClient clientId=adminclient-3] Connection to node -1 (localhost/127.0.0.1:9092) could not be established. Broker may not be available.
[kafka-admin-client-thread | adminclient-7] INFO org.apache.kafka.clients.NetworkClient - [AdminClient clientId=adminclient-7] Node -1 disconnected.
[kafka-admin-client-thread | adminclient-7] WARN org.apache.kafka.clients.NetworkClient - [AdminClient clientId=adminclient-7] Connection to node -1 (localhost/127.0.0.1:9092) could not be established. Broker may not be available.
[kafka-admin-client-thread | adminclient-17] INFO org.apache.kafka.clients.NetworkClient - [AdminClient clientId=adminclient-17] Node -1 disconnected.
[kafka-admin-client-thread | adminclient-17] WARN org.apache.kafka.clients.NetworkClient - [AdminClient clientId=adminclient-17] Connection to node -1 (localhost/127.0.0.1:9092) could not be established. Broker may not be available.
[kafka-admin-client-thread | adminclient-24] INFO org.apache.kafka.clients.NetworkClient - [AdminClient clientId=adminclient-24] Node -1 disconnected.
[kafka-admin-client-thread | adminclient-23] INFO org.apache.kafka.clients.NetworkClient - [AdminClient clientId=adminclient-23] Node -1 disconnected.
[kafka-admin-client-thread | adminclient-24] WARN org.apache.kafka.clients.NetworkClient - [AdminClient clientId=adminclient-24] Connection to node -1 (localhost/127.0.0.1:9092) could not be established. Broker may not be available.
[kafka-admin-client-thread | adminclient-23] WARN org.apache.kafka.clients.NetworkClient - [AdminClient clientId=adminclient-23] Connection to node -1 (localhost/127.0.0.1:9092) could not be established. Broker may not be available.
[kafka-admin-client-thread | adminclient-12] INFO org.apache.kafka.clients.NetworkClient - [AdminClient clientId=adminclient-12] Node -1 disconnected.
[kafka-admin-client-thread | adminclient-12] WARN org.apache.kafka.clients.NetworkClient - [AdminClient clientId=adminclient-12] Connection to node -1 (localhost/127.0.0.1:9092) could not be established. Broker may not be available.
[kafka-admin-client-thread | adminclient-14] INFO org.apache.kafka.clients.NetworkClient - [AdminClient clientId=adminclient-14] Node -1 disconnected.
[kafka-admin-client-thread | adminclient-14] WARN org.apache.kafka.clients.NetworkClient - [AdminClient clientId=adminclient-14] Connection to node -1 (localhost/127.0.0.1:9092) could not be established. Broker may not be available.
[kafka-admin-client-thread | adminclient-28] INFO org.apache.kafka.clients.NetworkClient - [AdminClient clientId=adminclient-28] Node -1 disconnected.
[kafka-admin-client-thread | adminclient-28] WARN org.apache.kafka.clients.NetworkClient - [AdminClient clientId=adminclient-28] Connection to node -1 (localhost/127.0.0.1:9092) could not be established. Broker may not be available.
[kafka-admin-client-thread | adminclient-16] INFO org.apache.kafka.clients.NetworkClient - [AdminClient clientId=adminclient-16] Node -1 disconnected.
[kafka-admin-client-thread | adminclient-16] WARN org.apache.kafka.clients.NetworkClient - [AdminClient clientId=adminclient-16] Connection to node -1 (localhost/127.0.0.1:9092) could not be established. Broker may not be available.
[kafka-admin-client-thread | adminclient-27] INFO org.apache.kafka.clients.NetworkClient - [AdminClient clientId=adminclient-27] Node -1 disconnected.
[kafka-admin-client-thread | adminclient-27] WARN org.apache.kafka.clients.NetworkClient - [AdminClient clientId=adminclient-27] Connection to node -1 (localhost/127.0.0.1:9092) could not be established. Broker may not be available.
[kafka-admin-client-thread | adminclient-9] INFO org.apache.kafka.clients.NetworkClient - [AdminClient clientId=adminclient-9] Node -1 disconnected.
[kafka-admin-client-thread | adminclient-9] WARN org.apache.kafka.clients.NetworkClient - [AdminClient clientId=adminclient-9] Connection to node -1 (localhost/127.0.0.1:9092) could not be established. Broker may not be available.
[kafka-admin-client-thread | adminclient-13] INFO org.apache.kafka.clients.NetworkClient - [AdminClient clientId=adminclient-13] Node -1 disconnected.
[kafka-admin-client-thread | adminclient-13] WARN org.apache.kafka.clients.NetworkClient - [AdminClient clientId=adminclient-13] Connection to node -1 (localhost/127.0.0.1:9092) could not be established. Broker may not be available.
[kafka-admin-client-thread | adminclient-22] INFO org.apache.kafka.clients.NetworkClient - [AdminClient clientId=adminclient-22] Node -1 disconnected.
[kafka-admin-client-thread | adminclient-22] WARN org.apache.kafka.clients.NetworkClient - [AdminClient clientId=adminclient-22] Connection to node -1 (localhost/127.0.0.1:9092) could not be established. Broker may not be available.
[kafka-admin-client-thread | adminclient-26] INFO org.apache.kafka.clients.NetworkClient - [AdminClient clientId=adminclient-26] Node -1 disconnected.
[kafka-admin-client-thread | adminclient-26] WARN org.apache.kafka.clients.NetworkClient - [AdminClient clientId=adminclient-26] Connection to node -1 (localhost/127.0.0.1:9092) could not be established. Broker may not be available.
[kafka-admin-client-thread | adminclient-1] INFO org.apache.kafka.clients.NetworkClient - [AdminClient clientId=adminclient-1] Node -1 disconnected.
[kafka-admin-client-thread | adminclient-1] WARN org.apache.kafka.clients.NetworkClient - [AdminClient clientId=adminclient-1] Connection to node -1 (localhost/127.0.0.1:9092) could not be established. Broker may not be available.
[kafka-admin-client-thread | adminclient-11] INFO org.apache.kafka.clients.NetworkClient - [AdminClient clientId=adminclient-11] Node -1 disconnected.
[kafka-admin-client-thread | adminclient-11] WARN org.apache.kafka.clients.NetworkClient - [AdminClient clientId=adminclient-11] Connection to node -1 (localhost/127.0.0.1:9092) could not be established. Broker may not be available.
[kafka-admin-client-thread | adminclient-29] INFO org.apache.kafka.clients.NetworkClient - [AdminClient clientId=adminclient-29] Node -1 disconnected.
[kafka-admin-client-thread | adminclient-18] INFO org.apache.kafka.clients.NetworkClient - [AdminClient clientId=adminclient-18] Node -1 disconnected.
[kafka-admin-client-thread | adminclient-29] WARN org.apache.kafka.clients.NetworkClient - [AdminClient clientId=adminclient-29] Connection to node -1 (localhost/127.0.0.1:9092) could not be established. Broker may not be available.
[kafka-admin-client-thread | adminclient-18] WARN org.apache.kafka.clients.NetworkClient - [AdminClient clientId=adminclient-18] Connection to node -1 (localhost/127.0.0.1:9092) could not be established. Broker may not be available.
[kafka-admin-client-thread | adminclient-25] INFO org.apache.kafka.clients.NetworkClient - [AdminClient clientId=adminclient-25] Node -1 disconnected.
[kafka-admin-client-thread | adminclient-25] WARN org.apache.kafka.clients.NetworkClient - [AdminClient clientId=adminclient-25] Connection to node -1 (localhost/127.0.0.1:9092) could not be established. Broker may not be available.
[kafka-admin-client-thread | adminclient-15] INFO org.apache.kafka.clients.NetworkClient - [AdminClient clientId=adminclient-15] Node -1 disconnected.
[kafka-admin-client-thread | adminclient-15] WARN org.apache.kafka.clients.NetworkClient - [AdminClient clientId=adminclient-15] Connection to node -1 (localhost/127.0.0.1:9092) could not be established. Broker may not be available.
[kafka-admin-client-thread | adminclient-10] INFO org.apache.kafka.clients.NetworkClient - [AdminClient clientId=adminclient-10] Node -1 disconnected.
[kafka-admin-client-thread | adminclient-10] WARN org.apache.kafka.clients.NetworkClient - [AdminClient clientId=adminclient-10] Connection to node -1 (localhost/127.0.0.1:9092) could not be established. Broker may not be available.
[kafka-admin-client-thread | adminclient-21] INFO org.apache.kafka.clients.NetworkClient - [AdminClient clientId=adminclient-21] Node -1 disconnected.
[kafka-admin-client-thread | adminclient-21] WARN org.apache.kafka.clients.NetworkClient - [AdminClient clientId=adminclient-21] Connection to node -1 (localhost/127.0.0.1:9092) could not be established. Broker may not be available.
[kafka-admin-client-thread | adminclient-20] INFO org.apache.kafka.clients.NetworkClient - [AdminClient clientId=adminclient-20] Node -1 disconnected.
[kafka-admin-client-thread | adminclient-30] INFO org.apache.kafka.clients.NetworkClient - [AdminClient clientId=adminclient-30] Node -1 disconnected.
[kafka-admin-client-thread | adminclient-20] WARN org.apache.kafka.clients.NetworkClient - [AdminClient clientId=adminclient-20] Connection to node -1 (localhost/127.0.0.1:9092) could not be established. Broker may not be available.
[kafka-admin-client-thread | adminclient-30] WARN org.apache.kafka.clients.NetworkClient - [AdminClient clientId=adminclient-30] Connection to node -1 (localhost/127.0.0.1:9092) could not be established. Broker may not be available.
[kafka-admin-client-thread | adminclient-4] INFO org.apache.kafka.clients.NetworkClient - [AdminClient clientId=adminclient-4] Node -1 disconnected.
[kafka-admin-client-thread | adminclient-4] WARN org.apache.kafka.clients.NetworkClient - [AdminClient clientId=adminclient-4] Connection to node -1 (localhost/127.0.0.1:9092) could not be established. Broker may not be available.
[kafka-admin-client-thread | adminclient-8] INFO org.apache.kafka.clients.NetworkClient - [AdminClient clientId=adminclient-8] Node -1 disconnected.
[kafka-admin-client-thread | adminclient-8] WARN org.apache.kafka.clients.NetworkClient - [AdminClient clientId=adminclient-8] Connection to node -1 (localhost/127.0.0.1:9092) could not be established. Broker may not be available.
[kafka-admin-client-thread | adminclient-2] INFO org.apache.kafka.clients.NetworkClient - [AdminClient clientId=adminclient-2] Node -1 disconnected.
[kafka-admin-client-thread | adminclient-2] WARN org.apache.kafka.clients.NetworkClient - [AdminClient clientId=adminclient-2] Connection to node -1 (localhost/127.0.0.1:9092) could not be established. Broker may not be available.
[kafka-admin-client-thread | adminclient-19] INFO org.apache.kafka.clients.NetworkClient - [AdminClient clientId=adminclient-19] Node -1 disconnected.
[kafka-admin-client-thread | adminclient-19] WARN org.apache.kafka.clients.NetworkClient - [AdminClient clientId=adminclient-19] Connection to node -1 (localhost/127.0.0.1:9092) could not be established. Broker may not be available.
[kafka-admin-client-thread | adminclient-17] INFO org.apache.kafka.clients.NetworkClient - [AdminClient clientId=adminclient-17] Node -1 disconnected.
[kafka-admin-client-thread | adminclient-17] WARN org.apache.kafka.clients.NetworkClient - [AdminClient clientId=adminclient-17] Connection to node -1 (localhost/127.0.0.1:9092) could not be established. Broker may not be available.
[kafka-admin-client-thread | adminclient-24] INFO org.apache.kafka.clients.NetworkClient - [AdminClient clientId=adminclient-24] Node -1 disconnected.
[kafka-admin-client-thread | adminclient-24] WARN org.apache.kafka.clients.NetworkClient - [AdminClient clientId=adminclient-24] Connection to node -1 (localhost/127.0.0.1:9092) could not be established. Broker may not be available.
[kafka-admin-client-thread | adminclient-12] INFO org.apache.kafka.clients.NetworkClient - [AdminClient clientId=adminclient-12] Node -1 disconnected.
[kafka-admin-client-thread | adminclient-12] WARN org.apache.kafka.clients.NetworkClient - [AdminClient clientId=adminclient-12] Connection to node -1 (localhost/127.0.0.1:9092) could not be established. Broker may not be available.
[kafka-admin-client-thread | adminclient-13] INFO org.apache.kafka.clients.NetworkClient - [AdminClient clientId=adminclient-13] Node -1 disconnected.
[kafka-admin-client-thread | adminclient-14] INFO org.apache.kafka.clients.NetworkClient - [AdminClient clientId=adminclient-14] Node -1 disconnected.
[kafka-admin-client-thread | adminclient-13] WARN org.apache.kafka.clients.NetworkClient - [AdminClient clientId=adminclient-13] Connection to node -1 (localhost/127.0.0.1:9092) could not be established. Broker may not be available.
[kafka-admin-client-thread | adminclient-14] WARN org.apache.kafka.clients.NetworkClient - [AdminClient clientId=adminclient-14] Connection to node -1 (localhost/127.0.0.1:9092) could not be established. Broker may not be available.
[kafka-admin-client-thread | adminclient-23] INFO org.apache.kafka.clients.NetworkClient - [AdminClient clientId=adminclient-23] Node -1 disconnected.
[kafka-admin-client-thread | adminclient-23] WARN org.apache.kafka.clients.NetworkClient - [AdminClient clientId=adminclient-23] Connection to node -1 (localhost/127.0.0.1:9092) could not be established. Broker may not be available.
[kafka-admin-client-thread | adminclient-26] INFO org.apache.kafka.clients.NetworkClient - [AdminClient clientId=adminclient-26] Node -1 disconnected.
[kafka-admin-client-thread | adminclient-26] WARN org.apache.kafka.clients.NetworkClient - [AdminClient clientId=adminclient-26] Connection to node -1 (localhost/127.0.0.1:9092) could not be established. Broker may not be available.
[kafka-admin-client-thread | adminclient-3] INFO org.apache.kafka.clients.NetworkClient - [AdminClient clientId=adminclient-3] Node -1 disconnected.
[kafka-admin-client-thread | adminclient-3] WARN org.apache.kafka.clients.NetworkClient - [AdminClient clientId=adminclient-3] Connection to node -1 (localhost/127.0.0.1:9092) could not be established. Broker may not be available.
[kafka-admin-client-thread | adminclient-7] INFO org.apache.kafka.clients.NetworkClient - [AdminClient clientId=adminclient-7] Node -1 disconnected.
[kafka-admin-client-thread | adminclient-7] WARN org.apache.kafka.clients.NetworkClient - [AdminClient clientId=adminclient-7] Connection to node -1 (localhost/127.0.0.1:9092) could not be established. Broker may not be available.
[kafka-admin-client-thread | adminclient-16] INFO org.apache.kafka.clients.NetworkClient - [AdminClient clientId=adminclient-16] Node -1 disconnected.
[kafka-admin-client-thread | adminclient-1] INFO org.apache.kafka.clients.NetworkClient - [AdminClient clientId=adminclient-1] Node -1 disconnected.
[kafka-admin-client-thread | adminclient-1] WARN org.apache.kafka.clients.NetworkClient - [AdminClient clientId=adminclient-1] Connection to node -1 (localhost/127.0.0.1:9092) could not be established. Broker may not be available.
[kafka-admin-client-thread | adminclient-27] INFO org.apache.kafka.clients.NetworkClient - [AdminClient clientId=adminclient-27] Node -1 disconnected.
[kafka-admin-client-thread | adminclient-16] WARN org.apache.kafka.clients.NetworkClient - [AdminClient clientId=adminclient-16] Connection to node -1 (localhost/127.0.0.1:9092) could not be established. Broker may not be available.
[kafka-admin-client-thread | adminclient-27] WARN org.apache.kafka.clients.NetworkClient - [AdminClient clientId=adminclient-27] Connection to node -1 (localhost/127.0.0.1:9092) could not be established. Broker may not be available.
[kafka-admin-client-thread | adminclient-11] INFO org.apache.kafka.clients.NetworkClient - [AdminClient clientId=adminclient-11] Node -1 disconnected.
[kafka-admin-client-thread | adminclient-11] WARN org.apache.kafka.clients.NetworkClient - [AdminClient clientId=adminclient-11] Connection to node -1 (localhost/127.0.0.1:9092) could not be established. Broker may not be available.
[kafka-admin-client-thread | adminclient-28] INFO org.apache.kafka.clients.NetworkClient - [AdminClient clientId=adminclient-28] Node -1 disconnected.
[kafka-admin-client-thread | adminclient-28] WARN org.apache.kafka.clients.NetworkClient - [AdminClient clientId=adminclient-28] Connection to node -1 (localhost/127.0.0.1:9092) could not be established. Broker may not be available.
[kafka-admin-client-thread | adminclient-22] INFO org.apache.kafka.clients.NetworkClient - [AdminClient clientId=adminclient-22] Node -1 disconnected.
[kafka-admin-client-thread | adminclient-22] WARN org.apache.kafka.clients.NetworkClient - [AdminClient clientId=adminclient-22] Connection to node -1 (localhost/127.0.0.1:9092) could not be established. Broker may not be available.
[kafka-admin-client-thread | adminclient-25] INFO org.apache.kafka.clients.NetworkClient - [AdminClient clientId=adminclient-25] Node -1 disconnected.
[kafka-admin-client-thread | adminclient-25] WARN org.apache.kafka.clients.NetworkClient - [AdminClient clientId=adminclient-25] Connection to node -1 (localhost/127.0.0.1:9092) could not be established. Broker may not be available.
[kafka-admin-client-thread | adminclient-9] INFO org.apache.kafka.clients.NetworkClient - [AdminClient clientId=adminclient-9] Node -1 disconnected.
[kafka-admin-client-thread | adminclient-9] WARN org.apache.kafka.clients.NetworkClient - [AdminClient clientId=adminclient-9] Connection to node -1 (localhost/127.0.0.1:9092) could not be established. Broker may not be available.
[kafka-admin-client-thread | adminclient-18] INFO org.apache.kafka.clients.NetworkClient - [AdminClient clientId=adminclient-18] Node -1 disconnected.
[kafka-admin-client-thread | adminclient-18] WARN org.apache.kafka.clients.NetworkClient - [AdminClient clientId=adminclient-18] Connection to node -1 (localhost/127.0.0.1:9092) could not be established. Broker may not be available.
[kafka-admin-client-thread | adminclient-29] INFO org.apache.kafka.clients.NetworkClient - [AdminClient clientId=adminclient-29] Node -1 disconnected.
[kafka-admin-client-thread | adminclient-29] WARN org.apache.kafka.clients.NetworkClient - [AdminClient clientId=adminclient-29] Connection to node -1 (localhost/127.0.0.1:9092) could not be established. Broker may not be available.
[kafka-admin-client-thread | adminclient-10] INFO org.apache.kafka.clients.NetworkClient - [AdminClient clientId=adminclient-10] Node -1 disconnected.
[kafka-admin-client-thread | adminclient-10] WARN org.apache.kafka.clients.NetworkClient - [AdminClient clientId=adminclient-10] Connection to node -1 (localhost/127.0.0.1:9092) could not be established. Broker may not be available.
[kafka-admin-client-thread | adminclient-21] INFO org.apache.kafka.clients.NetworkClient - [AdminClient clientId=adminclient-21] Node -1 disconnected.
[kafka-admin-client-thread | adminclient-21] WARN org.apache.kafka.clients.NetworkClient - [AdminClient clientId=adminclient-21] Connection to node -1 (localhost/127.0.0.1:9092) could not be established. Broker may not be available.
[kafka-admin-client-thread | adminclient-4] INFO org.apache.kafka.clients.NetworkClient - [AdminClient clientId=adminclient-4] Node -1 disconnected.
[kafka-admin-client-thread | adminclient-4] WARN org.apache.kafka.clients.NetworkClient - [AdminClient clientId=adminclient-4] Connection to node -1 (localhost/127.0.0.1:9092) could not be established. Broker may not be available.
[kafka-admin-client-thread | adminclient-15] INFO org.apache.kafka.clients.NetworkClient - [AdminClient clientId=adminclient-15] Node -1 disconnected.
[kafka-admin-client-thread | adminclient-15] WARN org.apache.kafka.clients.NetworkClient - [AdminClient clientId=adminclient-15] Connection to node -1 (localhost/127.0.0.1:9092) could not be established. Broker may not be available.
[kafka-admin-client-thread | adminclient-20] INFO org.apache.kafka.clients.NetworkClient - [AdminClient clientId=adminclient-20] Node -1 disconnected.
[kafka-admin-client-thread | adminclient-30] INFO org.apache.kafka.clients.NetworkClient - [AdminClient clientId=adminclient-30] Node -1 disconnected.
[kafka-admin-client-thread | adminclient-30] WARN org.apache.kafka.clients.NetworkClient - [AdminClient clientId=adminclient-30] Connection to node -1 (localhost/127.0.0.1:9092) could not be established. Broker may not be available.
[kafka-admin-client-thread | adminclient-20] WARN org.apache.kafka.clients.NetworkClient - [AdminClient clientId=adminclient-20] Connection to node -1 (localhost/127.0.0.1:9092) could not be established. Broker may not be available.
[kafka-admin-client-thread | adminclient-24] INFO org.apache.kafka.clients.NetworkClient - [AdminClient clientId=adminclient-24] Node -1 disconnected.
[kafka-admin-client-thread | adminclient-24] WARN org.apache.kafka.clients.NetworkClient - [AdminClient clientId=adminclient-24] Connection to node -1 (localhost/127.0.0.1:9092) could not be established. Broker may not be available.
[kafka-admin-client-thread | adminclient-8] INFO org.apache.kafka.clients.NetworkClient - [AdminClient clientId=adminclient-8] Node -1 disconnected.
[kafka-admin-client-thread | adminclient-8] WARN org.apache.kafka.clients.NetworkClient - [AdminClient clientId=adminclient-8] Connection to node -1 (localhost/127.0.0.1:9092) could not be established. Broker may not be available.
[kafka-admin-client-thread | adminclient-19] INFO org.apache.kafka.clients.NetworkClient - [AdminClient clientId=adminclient-19] Node -1 disconnected.
[kafka-admin-client-thread | adminclient-19] WARN org.apache.kafka.clients.NetworkClient - [AdminClient clientId=adminclient-19] Connection to node -1 (localhost/127.0.0.1:9092) could not be established. Broker may not be available.
[kafka-admin-client-thread | adminclient-13] INFO org.apache.kafka.clients.NetworkClient - [AdminClient clientId=adminclient-13] Node -1 disconnected.
[kafka-admin-client-thread | adminclient-13] WARN org.apache.kafka.clients.NetworkClient - [AdminClient clientId=adminclient-13] Connection to node -1 (localhost/127.0.0.1:9092) could not be established. Broker may not be available.
[kafka-admin-client-thread | adminclient-17] INFO org.apache.kafka.clients.NetworkClient - [AdminClient clientId=adminclient-17] Node -1 disconnected.
[kafka-admin-client-thread | adminclient-17] WARN org.apache.kafka.clients.NetworkClient - [AdminClient clientId=adminclient-17] Connection to node -1 (localhost/127.0.0.1:9092) could not be established. Broker may not be available.
[kafka-admin-client-thread | adminclient-2] INFO org.apache.kafka.clients.NetworkClient - [AdminClient clientId=adminclient-2] Node -1 disconnected.
[kafka-admin-client-thread | adminclient-2] WARN org.apache.kafka.clients.NetworkClient - [AdminClient clientId=adminclient-2] Connection to node -1 (localhost/127.0.0.1:9092) could not be established. Broker may not be available.
[kafka-admin-client-thread | adminclient-1] INFO org.apache.kafka.clients.NetworkClient - [AdminClient clientId=adminclient-1] Node -1 disconnected.
[kafka-admin-client-thread | adminclient-1] WARN org.apache.kafka.clients.NetworkClient - [AdminClient clientId=adminclient-1] Connection to node -1 (localhost/127.0.0.1:9092) could not be established. Broker may not be available.
[kafka-admin-client-thread | adminclient-23] INFO org.apache.kafka.clients.NetworkClient - [AdminClient clientId=adminclient-23] Node -1 disconnected.
[kafka-admin-client-thread | adminclient-23] WARN org.apache.kafka.clients.NetworkClient - [AdminClient clientId=adminclient-23] Connection to node -1 (localhost/127.0.0.1:9092) could not be established. Broker may not be available.
[kafka-admin-client-thread | adminclient-12] INFO org.apache.kafka.clients.NetworkClient - [AdminClient clientId=adminclient-12] Node -1 disconnected.
[kafka-admin-client-thread | adminclient-12] WARN org.apache.kafka.clients.NetworkClient - [AdminClient clientId=adminclient-12] Connection to node -1 (localhost/127.0.0.1:9092) could not be established. Broker may not be available.
[kafka-admin-client-thread | adminclient-14] INFO org.apache.kafka.clients.NetworkClient - [AdminClient clientId=adminclient-14] Node -1 disconnected.
[kafka-admin-client-thread | adminclient-14] WARN org.apache.kafka.clients.NetworkClient - [AdminClient clientId=adminclient-14] Connection to node -1 (localhost/127.0.0.1:9092) could not be established. Broker may not be available.
[kafka-admin-client-thread | adminclient-7] INFO org.apache.kafka.clients.NetworkClient - [AdminClient clientId=adminclient-7] Node -1 disconnected.
[kafka-admin-client-thread | adminclient-7] WARN org.apache.kafka.clients.NetworkClient - [AdminClient clientId=adminclient-7] Connection to node -1 (localhost/127.0.0.1:9092) could not be established. Broker may not be available.
[kafka-admin-client-thread | adminclient-27] INFO org.apache.kafka.clients.NetworkClient - [AdminClient clientId=adminclient-27] Node -1 disconnected.
[kafka-admin-client-thread | adminclient-27] WARN org.apache.kafka.clients.NetworkClient - [AdminClient clientId=adminclient-27] Connection to node -1 (localhost/127.0.0.1:9092) could not be established. Broker may not be available.
[kafka-admin-client-thread | adminclient-28] INFO org.apache.kafka.clients.NetworkClient - [AdminClient clientId=adminclient-28] Node -1 disconnected.
[kafka-admin-client-thread | adminclient-28] WARN org.apache.kafka.clients.NetworkClient - [AdminClient clientId=adminclient-28] Connection to node -1 (localhost/127.0.0.1:9092) could not be established. Broker may not be available.
[kafka-admin-client-thread | adminclient-18] INFO org.apache.kafka.clients.NetworkClient - [AdminClient clientId=adminclient-18] Node -1 disconnected.
[kafka-admin-client-thread | adminclient-18] WARN org.apache.kafka.clients.NetworkClient - [AdminClient clientId=adminclient-18] Connection to node -1 (localhost/127.0.0.1:9092) could not be established. Broker may not be available.
[kafka-admin-client-thread | adminclient-22] INFO org.apache.kafka.clients.NetworkClient - [AdminClient clientId=adminclient-22] Node -1 disconnected.
[kafka-admin-client-thread | adminclient-22] WARN org.apache.kafka.clients.NetworkClient - [AdminClient clientId=adminclient-22] Connection to node -1 (localhost/127.0.0.1:9092) could not be established. Broker may not be available.
[kafka-admin-client-thread | adminclient-25] INFO org.apache.kafka.clients.NetworkClient - [AdminClient clientId=adminclient-25] Node -1 disconnected.
[kafka-admin-client-thread | adminclient-26] INFO org.apache.kafka.clients.NetworkClient - [AdminClient clientId=adminclient-26] Node -1 disconnected.
[kafka-admin-client-thread | adminclient-25] WARN org.apache.kafka.clients.NetworkClient - [AdminClient clientId=adminclient-25] Connection to node -1 (localhost/127.0.0.1:9092) could not be established. Broker may not be available.
[kafka-admin-client-thread | adminclient-26] WARN org.apache.kafka.clients.NetworkClient - [AdminClient clientId=adminclient-26] Connection to node -1 (localhost/127.0.0.1:9092) could not be established. Broker may not be available.
[kafka-admin-client-thread | adminclient-3] INFO org.apache.kafka.clients.NetworkClient - [AdminClient clientId=adminclient-3] Node -1 disconnected.
[kafka-admin-client-thread | adminclient-3] WARN org.apache.kafka.clients.NetworkClient - [AdminClient clientId=adminclient-3] Connection to node -1 (localhost/127.0.0.1:9092) could not be established. Broker may not be available.
[kafka-admin-client-thread | adminclient-11] INFO org.apache.kafka.clients.NetworkClient - [AdminClient clientId=adminclient-11] Node -1 disconnected.
[kafka-admin-client-thread | adminclient-11] WARN org.apache.kafka.clients.NetworkClient - [AdminClient clientId=adminclient-11] Connection to node -1 (localhost/127.0.0.1:9092) could not be established. Broker may not be available.
[kafka-admin-client-thread | adminclient-16] INFO org.apache.kafka.clients.NetworkClient - [AdminClient clientId=adminclient-16] Node -1 disconnected.
[kafka-admin-client-thread | adminclient-16] WARN org.apache.kafka.clients.NetworkClient - [AdminClient clientId=adminclient-16] Connection to node -1 (localhost/127.0.0.1:9092) could not be established. Broker may not be available.
[kafka-admin-client-thread | adminclient-29] INFO org.apache.kafka.clients.NetworkClient - [AdminClient clientId=adminclient-29] Node -1 disconnected.
[kafka-admin-client-thread | adminclient-29] WARN org.apache.kafka.clients.NetworkClient - [AdminClient clientId=adminclient-29] Connection to node -1 (localhost/127.0.0.1:9092) could not be established. Broker may not be available.
[kafka-admin-client-thread | adminclient-21] INFO org.apache.kafka.clients.NetworkClient - [AdminClient clientId=adminclient-21] Node -1 disconnected.
[kafka-admin-client-thread | adminclient-21] WARN org.apache.kafka.clients.NetworkClient - [AdminClient clientId=adminclient-21] Connection to node -1 (localhost/127.0.0.1:9092) could not be established. Broker may not be available.
[kafka-admin-client-thread | adminclient-10] INFO org.apache.kafka.clients.NetworkClient - [AdminClient clientId=adminclient-10] Node -1 disconnected.
[kafka-admin-client-thread | adminclient-9] INFO org.apache.kafka.clients.NetworkClient - [AdminClient clientId=adminclient-9] Node -1 disconnected.
[kafka-admin-client-thread | adminclient-10] WARN org.apache.kafka.clients.NetworkClient - [AdminClient clientId=adminclient-10] Connection to node -1 (localhost/127.0.0.1:9092) could not be established. Broker may not be available.
[kafka-admin-client-thread | adminclient-9] WARN org.apache.kafka.clients.NetworkClient - [AdminClient clientId=adminclient-9] Connection to node -1 (localhost/127.0.0.1:9092) could not be established. Broker may not be available.
[kafka-admin-client-thread | adminclient-4] INFO org.apache.kafka.clients.NetworkClient - [AdminClient clientId=adminclient-4] Node -1 disconnected.
[kafka-admin-client-thread | adminclient-4] WARN org.apache.kafka.clients.NetworkClient - [AdminClient clientId=adminclient-4] Connection to node -1 (localhost/127.0.0.1:9092) could not be established. Broker may not be available.
[kafka-admin-client-thread | adminclient-24] INFO org.apache.kafka.clients.NetworkClient - [AdminClient clientId=adminclient-24] Node -1 disconnected.
[kafka-admin-client-thread | adminclient-24] WARN org.apache.kafka.clients.NetworkClient - [AdminClient clientId=adminclient-24] Connection to node -1 (localhost/127.0.0.1:9092) could not be established. Broker may not be available.
[kafka-admin-client-thread | adminclient-15] INFO org.apache.kafka.clients.NetworkClient - [AdminClient clientId=adminclient-15] Node -1 disconnected.
[kafka-admin-client-thread | adminclient-15] WARN org.apache.kafka.clients.NetworkClient - [AdminClient clientId=adminclient-15] Connection to node -1 (localhost/127.0.0.1:9092) could not be established. Broker may not be available.
[kafka-admin-client-thread | adminclient-20] INFO org.apache.kafka.clients.NetworkClient - [AdminClient clientId=adminclient-20] Node -1 disconnected.
[kafka-admin-client-thread | adminclient-20] WARN org.apache.kafka.clients.NetworkClient - [AdminClient clientId=adminclient-20] Connection to node -1 (localhost/127.0.0.1:9092) could not be established. Broker may not be available.
[kafka-admin-client-thread | adminclient-17] INFO org.apache.kafka.clients.NetworkClient - [AdminClient clientId=adminclient-17] Node -1 disconnected.
[kafka-admin-client-thread | adminclient-17] WARN org.apache.kafka.clients.NetworkClient - [AdminClient clientId=adminclient-17] Connection to node -1 (localhost/127.0.0.1:9092) could not be established. Broker may not be available.
[kafka-admin-client-thread | adminclient-19] INFO org.apache.kafka.clients.NetworkClient - [AdminClient clientId=adminclient-19] Node -1 disconnected.
[kafka-admin-client-thread | adminclient-30] INFO org.apache.kafka.clients.NetworkClient - [AdminClient clientId=adminclient-30] Node -1 disconnected.
[kafka-admin-client-thread | adminclient-19] WARN org.apache.kafka.clients.NetworkClient - [AdminClient clientId=adminclient-19] Connection to node -1 (localhost/127.0.0.1:9092) could not be established. Broker may not be available.
[kafka-admin-client-thread | adminclient-30] WARN org.apache.kafka.clients.NetworkClient - [AdminClient clientId=adminclient-30] Connection to node -1 (localhost/127.0.0.1:9092) could not be established. Broker may not be available.
[kafka-admin-client-thread | adminclient-13] INFO org.apache.kafka.clients.NetworkClient - [AdminClient clientId=adminclient-13] Node -1 disconnected.
[kafka-admin-client-thread | adminclient-13] WARN org.apache.kafka.clients.NetworkClient - [AdminClient clientId=adminclient-13] Connection to node -1 (localhost/127.0.0.1:9092) could not be established. Broker may not be available.
[kafka-admin-client-thread | adminclient-8] INFO org.apache.kafka.clients.NetworkClient - [AdminClient clientId=adminclient-8] Node -1 disconnected.
[kafka-admin-client-thread | adminclient-8] WARN org.apache.kafka.clients.NetworkClient - [AdminClient clientId=adminclient-8] Connection to node -1 (localhost/127.0.0.1:9092) could not be established. Broker may not be available.
[kafka-admin-client-thread | adminclient-2] INFO org.apache.kafka.clients.NetworkClient - [AdminClient clientId=adminclient-2] Node -1 disconnected.
[kafka-admin-client-thread | adminclient-2] WARN org.apache.kafka.clients.NetworkClient - [AdminClient clientId=adminclient-2] Connection to node -1 (localhost/127.0.0.1:9092) could not be established. Broker may not be available.
[kafka-admin-client-thread | adminclient-23] INFO org.apache.kafka.clients.NetworkClient - [AdminClient clientId=adminclient-23] Node -1 disconnected.
[kafka-admin-client-thread | adminclient-23] WARN org.apache.kafka.clients.NetworkClient - [AdminClient clientId=adminclient-23] Connection to node -1 (localhost/127.0.0.1:9092) could not be established. Broker may not be available.
[kafka-admin-client-thread | adminclient-14] INFO org.apache.kafka.clients.NetworkClient - [AdminClient clientId=adminclient-14] Node -1 disconnected.
[kafka-admin-client-thread | adminclient-14] WARN org.apache.kafka.clients.NetworkClient - [AdminClient clientId=adminclient-14] Connection to node -1 (localhost/127.0.0.1:9092) could not be established. Broker may not be available.
[kafka-admin-client-thread | adminclient-27] INFO org.apache.kafka.clients.NetworkClient - [AdminClient clientId=adminclient-27] Node -1 disconnected.
[kafka-admin-client-thread | adminclient-27] WARN org.apache.kafka.clients.NetworkClient - [AdminClient clientId=adminclient-27] Connection to node -1 (localhost/127.0.0.1:9092) could not be established. Broker may not be available.
[kafka-admin-client-thread | adminclient-18] INFO org.apache.kafka.clients.NetworkClient - [AdminClient clientId=adminclient-18] Node -1 disconnected.
[kafka-admin-client-thread | adminclient-18] WARN org.apache.kafka.clients.NetworkClient - [AdminClient clientId=adminclient-18] Connection to node -1 (localhost/127.0.0.1:9092) could not be established. Broker may not be available.
[kafka-admin-client-thread | adminclient-26] INFO org.apache.kafka.clients.NetworkClient - [AdminClient clientId=adminclient-26] Node -1 disconnected.
[kafka-admin-client-thread | adminclient-26] WARN org.apache.kafka.clients.NetworkClient - [AdminClient clientId=adminclient-26] Connection to node -1 (localhost/127.0.0.1:9092) could not be established. Broker may not be available.
[kafka-admin-client-thread | adminclient-1] INFO org.apache.kafka.clients.NetworkClient - [AdminClient clientId=adminclient-1] Node -1 disconnected.
[kafka-admin-client-thread | adminclient-1] WARN org.apache.kafka.clients.NetworkClient - [AdminClient clientId=adminclient-1] Connection to node -1 (localhost/127.0.0.1:9092) could not be established. Broker may not be available.
[kafka-admin-client-thread | adminclient-12] INFO org.apache.kafka.clients.NetworkClient - [AdminClient clientId=adminclient-12] Node -1 disconnected.
[kafka-admin-client-thread | adminclient-11] INFO org.apache.kafka.clients.NetworkClient - [AdminClient clientId=adminclient-11] Node -1 disconnected.
[kafka-admin-client-thread | adminclient-12] WARN org.apache.kafka.clients.NetworkClient - [AdminClient clientId=adminclient-12] Connection to node -1 (localhost/127.0.0.1:9092) could not be established. Broker may not be available.
[kafka-admin-client-thread | adminclient-11] WARN org.apache.kafka.clients.NetworkClient - [AdminClient clientId=adminclient-11] Connection to node -1 (localhost/127.0.0.1:9092) could not be established. Broker may not be available.
[kafka-admin-client-thread | adminclient-7] INFO org.apache.kafka.clients.NetworkClient - [AdminClient clientId=adminclient-7] Node -1 disconnected.
[kafka-admin-client-thread | adminclient-28] INFO org.apache.kafka.clients.NetworkClient - [AdminClient clientId=adminclient-28] Node -1 disconnected.
[kafka-admin-client-thread | adminclient-28] WARN org.apache.kafka.clients.NetworkClient - [AdminClient clientId=adminclient-28] Connection to node -1 (localhost/127.0.0.1:9092) could not be established. Broker may not be available.
[kafka-admin-client-thread | adminclient-7] WARN org.apache.kafka.clients.NetworkClient - [AdminClient clientId=adminclient-7] Connection to node -1 (localhost/127.0.0.1:9092) could not be established. Broker may not be available.
[kafka-admin-client-thread | adminclient-16] INFO org.apache.kafka.clients.NetworkClient - [AdminClient clientId=adminclient-16] Node -1 disconnected.
[kafka-admin-client-thread | adminclient-16] WARN org.apache.kafka.clients.NetworkClient - [AdminClient clientId=adminclient-16] Connection to node -1 (localhost/127.0.0.1:9092) could not be established. Broker may not be available.
[kafka-admin-client-thread | adminclient-29] INFO org.apache.kafka.clients.NetworkClient - [AdminClient clientId=adminclient-29] Node -1 disconnected.
[kafka-admin-client-thread | adminclient-29] WARN org.apache.kafka.clients.NetworkClient - [AdminClient clientId=adminclient-29] Connection to node -1 (localhost/127.0.0.1:9092) could not be established. Broker may not be available.
[kafka-admin-client-thread | adminclient-21] INFO org.apache.kafka.clients.NetworkClient - [AdminClient clientId=adminclient-21] Node -1 disconnected.
[kafka-admin-client-thread | adminclient-21] WARN org.apache.kafka.clients.NetworkClient - [AdminClient clientId=adminclient-21] Connection to node -1 (localhost/127.0.0.1:9092) could not be established. Broker may not be available.
[kafka-admin-client-thread | adminclient-9] INFO org.apache.kafka.clients.NetworkClient - [AdminClient clientId=adminclient-9] Node -1 disconnected.
[kafka-admin-client-thread | adminclient-10] INFO org.apache.kafka.clients.NetworkClient - [AdminClient clientId=adminclient-10] Node -1 disconnected.
[kafka-admin-client-thread | adminclient-4] INFO org.apache.kafka.clients.NetworkClient - [AdminClient clientId=adminclient-4] Node -1 disconnected.
[kafka-admin-client-thread | adminclient-9] WARN org.apache.kafka.clients.NetworkClient - [AdminClient clientId=adminclient-9] Connection to node -1 (localhost/127.0.0.1:9092) could not be established. Broker may not be available.
[kafka-admin-client-thread | adminclient-10] WARN org.apache.kafka.clients.NetworkClient - [AdminClient clientId=adminclient-10] Connection to node -1 (localhost/127.0.0.1:9092) could not be established. Broker may not be available.
[kafka-admin-client-thread | adminclient-4] WARN org.apache.kafka.clients.NetworkClient - [AdminClient clientId=adminclient-4] Connection to node -1 (localhost/127.0.0.1:9092) could not be established. Broker may not be available.
[kafka-admin-client-thread | adminclient-22] INFO org.apache.kafka.clients.NetworkClient - [AdminClient clientId=adminclient-22] Node -1 disconnected.
[kafka-admin-client-thread | adminclient-22] WARN org.apache.kafka.clients.NetworkClient - [AdminClient clientId=adminclient-22] Connection to node -1 (localhost/127.0.0.1:9092) could not be established. Broker may not be available.
[kafka-admin-client-thread | adminclient-25] INFO org.apache.kafka.clients.NetworkClient - [AdminClient clientId=adminclient-25] Node -1 disconnected.
[kafka-admin-client-thread | adminclient-25] WARN org.apache.kafka.clients.NetworkClient - [AdminClient clientId=adminclient-25] Connection to node -1 (localhost/127.0.0.1:9092) could not be established. Broker may not be available.
[kafka-admin-client-thread | adminclient-3] INFO org.apache.kafka.clients.NetworkClient - [AdminClient clientId=adminclient-3] Node -1 disconnected.
[kafka-admin-client-thread | adminclient-3] WARN org.apache.kafka.clients.NetworkClient - [AdminClient clientId=adminclient-3] Connection to node -1 (localhost/127.0.0.1:9092) could not be established. Broker may not be available.
[kafka-admin-client-thread | adminclient-24] INFO org.apache.kafka.clients.NetworkClient - [AdminClient clientId=adminclient-24] Node -1 disconnected.
[kafka-admin-client-thread | adminclient-24] WARN org.apache.kafka.clients.NetworkClient - [AdminClient clientId=adminclient-24] Connection to node -1 (localhost/127.0.0.1:9092) could not be established. Broker may not be available.
[kafka-admin-client-thread | adminclient-15] INFO org.apache.kafka.clients.NetworkClient - [AdminClient clientId=adminclient-15] Node -1 disconnected.
[kafka-admin-client-thread | adminclient-15] WARN org.apache.kafka.clients.NetworkClient - [AdminClient clientId=adminclient-15] Connection to node -1 (localhost/127.0.0.1:9092) could not be established. Broker may not be available.
[kafka-admin-client-thread | adminclient-20] INFO org.apache.kafka.clients.NetworkClient - [AdminClient clientId=adminclient-20] Node -1 disconnected.
[kafka-admin-client-thread | adminclient-20] WARN org.apache.kafka.clients.NetworkClient - [AdminClient clientId=adminclient-20] Connection to node -1 (localhost/127.0.0.1:9092) could not be established. Broker may not be available.
[kafka-admin-client-thread | adminclient-19] INFO org.apache.kafka.clients.NetworkClient - [AdminClient clientId=adminclient-19] Node -1 disconnected.
[kafka-admin-client-thread | adminclient-30] INFO org.apache.kafka.clients.NetworkClient - [AdminClient clientId=adminclient-30] Node -1 disconnected.
[kafka-admin-client-thread | adminclient-19] WARN org.apache.kafka.clients.NetworkClient - [AdminClient clientId=adminclient-19] Connection to node -1 (localhost/127.0.0.1:9092) could not be established. Broker may not be available.
[kafka-admin-client-thread | adminclient-30] WARN org.apache.kafka.clients.NetworkClient - [AdminClient clientId=adminclient-30] Connection to node -1 (localhost/127.0.0.1:9092) could not be established. Broker may not be available.
[kafka-admin-client-thread | adminclient-8] INFO org.apache.kafka.clients.NetworkClient - [AdminClient clientId=adminclient-8] Node -1 disconnected.
[kafka-admin-client-thread | adminclient-8] WARN org.apache.kafka.clients.NetworkClient - [AdminClient clientId=adminclient-8] Connection to node -1 (localhost/127.0.0.1:9092) could not be established. Broker may not be available.
[kafka-admin-client-thread | adminclient-17] INFO org.apache.kafka.clients.NetworkClient - [AdminClient clientId=adminclient-17] Node -1 disconnected.
[kafka-admin-client-thread | adminclient-17] WARN org.apache.kafka.clients.NetworkClient - [AdminClient clientId=adminclient-17] Connection to node -1 (localhost/127.0.0.1:9092) could not be established. Broker may not be available.
[kafka-admin-client-thread | adminclient-12] INFO org.apache.kafka.clients.NetworkClient - [AdminClient clientId=adminclient-12] Node -1 disconnected.
[kafka-admin-client-thread | adminclient-12] WARN org.apache.kafka.clients.NetworkClient - [AdminClient clientId=adminclient-12] Connection to node -1 (localhost/127.0.0.1:9092) could not be established. Broker may not be available.
[kafka-admin-client-thread | adminclient-14] INFO org.apache.kafka.clients.NetworkClient - [AdminClient clientId=adminclient-14] Node -1 disconnected.
[kafka-admin-client-thread | adminclient-13] INFO org.apache.kafka.clients.NetworkClient - [AdminClient clientId=adminclient-13] Node -1 disconnected.
[kafka-admin-client-thread | adminclient-14] WARN org.apache.kafka.clients.NetworkClient - [AdminClient clientId=adminclient-14] Connection to node -1 (localhost/127.0.0.1:9092) could not be established. Broker may not be available.
[kafka-admin-client-thread | adminclient-13] WARN org.apache.kafka.clients.NetworkClient - [AdminClient clientId=adminclient-13] Connection to node -1 (localhost/127.0.0.1:9092) could not be established. Broker may not be available.
[kafka-admin-client-thread | adminclient-2] INFO org.apache.kafka.clients.NetworkClient - [AdminClient clientId=adminclient-2] Node -1 disconnected.
[kafka-admin-client-thread | adminclient-2] WARN org.apache.kafka.clients.NetworkClient - [AdminClient clientId=adminclient-2] Connection to node -1 (localhost/127.0.0.1:9092) could not be established. Broker may not be available.
[kafka-admin-client-thread | adminclient-26] INFO org.apache.kafka.clients.NetworkClient - [AdminClient clientId=adminclient-26] Node -1 disconnected.
[kafka-admin-client-thread | adminclient-26] WARN org.apache.kafka.clients.NetworkClient - [AdminClient clientId=adminclient-26] Connection to node -1 (localhost/127.0.0.1:9092) could not be established. Broker may not be available.
[kafka-admin-client-thread | adminclient-1] INFO org.apache.kafka.clients.NetworkClient - [AdminClient clientId=adminclient-1] Node -1 disconnected.
[kafka-admin-client-thread | adminclient-27] INFO org.apache.kafka.clients.NetworkClient - [AdminClient clientId=adminclient-27] Node -1 disconnected.
[kafka-admin-client-thread | adminclient-1] WARN org.apache.kafka.clients.NetworkClient - [AdminClient clientId=adminclient-1] Connection to node -1 (localhost/127.0.0.1:9092) could not be established. Broker may not be available.
[kafka-admin-client-thread | adminclient-27] WARN org.apache.kafka.clients.NetworkClient - [AdminClient clientId=adminclient-27] Connection to node -1 (localhost/127.0.0.1:9092) could not be established. Broker may not be available.
[kafka-admin-client-thread | adminclient-16] INFO org.apache.kafka.clients.NetworkClient - [AdminClient clientId=adminclient-16] Node -1 disconnected.
[kafka-admin-client-thread | adminclient-16] WARN org.apache.kafka.clients.NetworkClient - [AdminClient clientId=adminclient-16] Connection to node -1 (localhost/127.0.0.1:9092) could not be established. Broker may not be available.
[kafka-admin-client-thread | adminclient-18] INFO org.apache.kafka.clients.NetworkClient - [AdminClient clientId=adminclient-18] Node -1 disconnected.
[kafka-admin-client-thread | adminclient-18] WARN org.apache.kafka.clients.NetworkClient - [AdminClient clientId=adminclient-18] Connection to node -1 (localhost/127.0.0.1:9092) could not be established. Broker may not be available.
[kafka-admin-client-thread | adminclient-23] INFO org.apache.kafka.clients.NetworkClient - [AdminClient clientId=adminclient-23] Node -1 disconnected.
[kafka-admin-client-thread | adminclient-23] WARN org.apache.kafka.clients.NetworkClient - [AdminClient clientId=adminclient-23] Connection to node -1 (localhost/127.0.0.1:9092) could not be established. Broker may not be available.
[kafka-admin-client-thread | adminclient-4] INFO org.apache.kafka.clients.NetworkClient - [AdminClient clientId=adminclient-4] Node -1 disconnected.
[kafka-admin-client-thread | adminclient-4] WARN org.apache.kafka.clients.NetworkClient - [AdminClient clientId=adminclient-4] Connection to node -1 (localhost/127.0.0.1:9092) could not be established. Broker may not be available.
[kafka-admin-client-thread | adminclient-7] INFO org.apache.kafka.clients.NetworkClient - [AdminClient clientId=adminclient-7] Node -1 disconnected.
[kafka-admin-client-thread | adminclient-28] INFO org.apache.kafka.clients.NetworkClient - [AdminClient clientId=adminclient-28] Node -1 disconnected.
[kafka-admin-client-thread | adminclient-7] WARN org.apache.kafka.clients.NetworkClient - [AdminClient clientId=adminclient-7] Connection to node -1 (localhost/127.0.0.1:9092) could not be established. Broker may not be available.
[kafka-admin-client-thread | adminclient-28] WARN org.apache.kafka.clients.NetworkClient - [AdminClient clientId=adminclient-28] Connection to node -1 (localhost/127.0.0.1:9092) could not be established. Broker may not be available.
[kafka-admin-client-thread | adminclient-22] INFO org.apache.kafka.clients.NetworkClient - [AdminClient clientId=adminclient-22] Node -1 disconnected.
[kafka-admin-client-thread | adminclient-22] WARN org.apache.kafka.clients.NetworkClient - [AdminClient clientId=adminclient-22] Connection to node -1 (localhost/127.0.0.1:9092) could not be established. Broker may not be available.
[kafka-admin-client-thread | adminclient-9] INFO org.apache.kafka.clients.NetworkClient - [AdminClient clientId=adminclient-9] Node -1 disconnected.
[kafka-admin-client-thread | adminclient-3] INFO org.apache.kafka.clients.NetworkClient - [AdminClient clientId=adminclient-3] Node -1 disconnected.
[kafka-admin-client-thread | adminclient-9] WARN org.apache.kafka.clients.NetworkClient - [AdminClient clientId=adminclient-9] Connection to node -1 (localhost/127.0.0.1:9092) could not be established. Broker may not be available.
[kafka-admin-client-thread | adminclient-3] WARN org.apache.kafka.clients.NetworkClient - [AdminClient clientId=adminclient-3] Connection to node -1 (localhost/127.0.0.1:9092) could not be established. Broker may not be available.
[kafka-admin-client-thread | adminclient-11] INFO org.apache.kafka.clients.NetworkClient - [AdminClient clientId=adminclient-11] Node -1 disconnected.
[kafka-admin-client-thread | adminclient-11] WARN org.apache.kafka.clients.NetworkClient - [AdminClient clientId=adminclient-11] Connection to node -1 (localhost/127.0.0.1:9092) could not be established. Broker may not be available.
[kafka-admin-client-thread | adminclient-29] INFO org.apache.kafka.clients.NetworkClient - [AdminClient clientId=adminclient-29] Node -1 disconnected.
[kafka-admin-client-thread | adminclient-29] WARN org.apache.kafka.clients.NetworkClient - [AdminClient clientId=adminclient-29] Connection to node -1 (localhost/127.0.0.1:9092) could not be established. Broker may not be available.
[kafka-admin-client-thread | adminclient-21] INFO org.apache.kafka.clients.NetworkClient - [AdminClient clientId=adminclient-21] Node -1 disconnected.
[kafka-admin-client-thread | adminclient-21] WARN org.apache.kafka.clients.NetworkClient - [AdminClient clientId=adminclient-21] Connection to node -1 (localhost/127.0.0.1:9092) could not be established. Broker may not be available.
[kafka-admin-client-thread | adminclient-25] INFO org.apache.kafka.clients.NetworkClient - [AdminClient clientId=adminclient-25] Node -1 disconnected.
[kafka-admin-client-thread | adminclient-25] WARN org.apache.kafka.clients.NetworkClient - [AdminClient clientId=adminclient-25] Connection to node -1 (localhost/127.0.0.1:9092) could not be established. Broker may not be available.
[kafka-admin-client-thread | adminclient-10] INFO org.apache.kafka.clients.NetworkClient - [AdminClient clientId=adminclient-10] Node -1 disconnected.
[kafka-admin-client-thread | adminclient-10] WARN org.apache.kafka.clients.NetworkClient - [AdminClient clientId=adminclient-10] Connection to node -1 (localhost/127.0.0.1:9092) could not be established. Broker may not be available.
[kafka-admin-client-thread | adminclient-15] INFO org.apache.kafka.clients.NetworkClient - [AdminClient clientId=adminclient-15] Node -1 disconnected.
[kafka-admin-client-thread | adminclient-15] WARN org.apache.kafka.clients.NetworkClient - [AdminClient clientId=adminclient-15] Connection to node -1 (localhost/127.0.0.1:9092) could not be established. Broker may not be available.
[kafka-admin-client-thread | adminclient-20] INFO org.apache.kafka.clients.NetworkClient - [AdminClient clientId=adminclient-20] Node -1 disconnected.
[kafka-admin-client-thread | adminclient-20] WARN org.apache.kafka.clients.NetworkClient - [AdminClient clientId=adminclient-20] Connection to node -1 (localhost/127.0.0.1:9092) could not be established. Broker may not be available.
[kafka-admin-client-thread | adminclient-30] INFO org.apache.kafka.clients.NetworkClient - [AdminClient clientId=adminclient-30] Node -1 disconnected.
[kafka-admin-client-thread | adminclient-30] WARN org.apache.kafka.clients.NetworkClient - [AdminClient clientId=adminclient-30] Connection to node -1 (localhost/127.0.0.1:9092) could not be established. Broker may not be available.
[kafka-admin-client-thread | adminclient-24] INFO org.apache.kafka.clients.NetworkClient - [AdminClient clientId=adminclient-24] Node -1 disconnected.
[kafka-admin-client-thread | adminclient-24] WARN org.apache.kafka.clients.NetworkClient - [AdminClient clientId=adminclient-24] Connection to node -1 (localhost/127.0.0.1:9092) could not be established. Broker may not be available.
[kafka-admin-client-thread | adminclient-8] INFO org.apache.kafka.clients.NetworkClient - [AdminClient clientId=adminclient-8] Node -1 disconnected.
[kafka-admin-client-thread | adminclient-8] WARN org.apache.kafka.clients.NetworkClient - [AdminClient clientId=adminclient-8] Connection to node -1 (localhost/127.0.0.1:9092) could not be established. Broker may not be available.
[kafka-admin-client-thread | adminclient-13] INFO org.apache.kafka.clients.NetworkClient - [AdminClient clientId=adminclient-13] Node -1 disconnected.
[kafka-admin-client-thread | adminclient-13] WARN org.apache.kafka.clients.NetworkClient - [AdminClient clientId=adminclient-13] Connection to node -1 (localhost/127.0.0.1:9092) could not be established. Broker may not be available.
[kafka-admin-client-thread | adminclient-19] INFO org.apache.kafka.clients.NetworkClient - [AdminClient clientId=adminclient-19] Node -1 disconnected.
[kafka-admin-client-thread | adminclient-2] INFO org.apache.kafka.clients.NetworkClient - [AdminClient clientId=adminclient-2] Node -1 disconnected.
[kafka-admin-client-thread | adminclient-19] WARN org.apache.kafka.clients.NetworkClient - [AdminClient clientId=adminclient-19] Connection to node -1 (localhost/127.0.0.1:9092) could not be established. Broker may not be available.
[kafka-admin-client-thread | adminclient-2] WARN org.apache.kafka.clients.NetworkClient - [AdminClient clientId=adminclient-2] Connection to node -1 (localhost/127.0.0.1:9092) could not be established. Broker may not be available.
[kafka-admin-client-thread | adminclient-27] INFO org.apache.kafka.clients.NetworkClient - [AdminClient clientId=adminclient-27] Node -1 disconnected.
[kafka-admin-client-thread | adminclient-27] WARN org.apache.kafka.clients.NetworkClient - [AdminClient clientId=adminclient-27] Connection to node -1 (localhost/127.0.0.1:9092) could not be established. Broker may not be available.
[kafka-admin-client-thread | adminclient-18] INFO org.apache.kafka.clients.NetworkClient - [AdminClient clientId=adminclient-18] Node -1 disconnected.
[kafka-admin-client-thread | adminclient-18] WARN org.apache.kafka.clients.NetworkClient - [AdminClient clientId=adminclient-18] Connection to node -1 (localhost/127.0.0.1:9092) could not be established. Broker may not be available.
[kafka-admin-client-thread | adminclient-17] INFO org.apache.kafka.clients.NetworkClient - [AdminClient clientId=adminclient-17] Node -1 disconnected.
[kafka-admin-client-thread | adminclient-17] WARN org.apache.kafka.clients.NetworkClient - [AdminClient clientId=adminclient-17] Connection to node -1 (localhost/127.0.0.1:9092) could not be established. Broker may not be available.
[kafka-admin-client-thread | adminclient-26] INFO org.apache.kafka.clients.NetworkClient - [AdminClient clientId=adminclient-26] Node -1 disconnected.
[kafka-admin-client-thread | adminclient-4] INFO org.apache.kafka.clients.NetworkClient - [AdminClient clientId=adminclient-4] Node -1 disconnected.
[kafka-admin-client-thread | adminclient-26] WARN org.apache.kafka.clients.NetworkClient - [AdminClient clientId=adminclient-26] Connection to node -1 (localhost/127.0.0.1:9092) could not be established. Broker may not be available.
[kafka-admin-client-thread | adminclient-4] WARN org.apache.kafka.clients.NetworkClient - [AdminClient clientId=adminclient-4] Connection to node -1 (localhost/127.0.0.1:9092) could not be established. Broker may not be available.
[kafka-admin-client-thread | adminclient-12] INFO org.apache.kafka.clients.NetworkClient - [AdminClient clientId=adminclient-12] Node -1 disconnected.
[kafka-admin-client-thread | adminclient-12] WARN org.apache.kafka.clients.NetworkClient - [AdminClient clientId=adminclient-12] Connection to node -1 (localhost/127.0.0.1:9092) could not be established. Broker may not be available.
[kafka-admin-client-thread | adminclient-14] INFO org.apache.kafka.clients.NetworkClient - [AdminClient clientId=adminclient-14] Node -1 disconnected.
[kafka-admin-client-thread | adminclient-14] WARN org.apache.kafka.clients.NetworkClient - [AdminClient clientId=adminclient-14] Connection to node -1 (localhost/127.0.0.1:9092) could not be established. Broker may not be available.
[kafka-admin-client-thread | adminclient-16] INFO org.apache.kafka.clients.NetworkClient - [AdminClient clientId=adminclient-16] Node -1 disconnected.
[kafka-admin-client-thread | adminclient-16] WARN org.apache.kafka.clients.NetworkClient - [AdminClient clientId=adminclient-16] Connection to node -1 (localhost/127.0.0.1:9092) could not be established. Broker may not be available.
[kafka-admin-client-thread | adminclient-1] INFO org.apache.kafka.clients.NetworkClient - [AdminClient clientId=adminclient-1] Node -1 disconnected.
[kafka-admin-client-thread | adminclient-1] WARN org.apache.kafka.clients.NetworkClient - [AdminClient clientId=adminclient-1] Connection to node -1 (localhost/127.0.0.1:9092) could not be established. Broker may not be available.
[kafka-admin-client-thread | adminclient-3] INFO org.apache.kafka.clients.NetworkClient - [AdminClient clientId=adminclient-3] Node -1 disconnected.
[kafka-admin-client-thread | adminclient-3] WARN org.apache.kafka.clients.NetworkClient - [AdminClient clientId=adminclient-3] Connection to node -1 (localhost/127.0.0.1:9092) could not be established. Broker may not be available.
[kafka-admin-client-thread | adminclient-28] INFO org.apache.kafka.clients.NetworkClient - [AdminClient clientId=adminclient-28] Node -1 disconnected.
[kafka-admin-client-thread | adminclient-28] WARN org.apache.kafka.clients.NetworkClient - [AdminClient clientId=adminclient-28] Connection to node -1 (localhost/127.0.0.1:9092) could not be established. Broker may not be available.
[kafka-admin-client-thread | adminclient-29] INFO org.apache.kafka.clients.NetworkClient - [AdminClient clientId=adminclient-29] Node -1 disconnected.
[kafka-admin-client-thread | adminclient-29] WARN org.apache.kafka.clients.NetworkClient - [AdminClient clientId=adminclient-29] Connection to node -1 (localhost/127.0.0.1:9092) could not be established. Broker may not be available.
[kafka-admin-client-thread | adminclient-21] INFO org.apache.kafka.clients.NetworkClient - [AdminClient clientId=adminclient-21] Node -1 disconnected.
[kafka-admin-client-thread | adminclient-21] WARN org.apache.kafka.clients.NetworkClient - [AdminClient clientId=adminclient-21] Connection to node -1 (localhost/127.0.0.1:9092) could not be established. Broker may not be available.
[kafka-admin-client-thread | adminclient-22] INFO org.apache.kafka.clients.NetworkClient - [AdminClient clientId=adminclient-22] Node -1 disconnected.
[kafka-admin-client-thread | adminclient-22] WARN org.apache.kafka.clients.NetworkClient - [AdminClient clientId=adminclient-22] Connection to node -1 (localhost/127.0.0.1:9092) could not be established. Broker may not be available.
[kafka-admin-client-thread | adminclient-23] INFO org.apache.kafka.clients.NetworkClient - [AdminClient clientId=adminclient-23] Node -1 disconnected.
[kafka-admin-client-thread | adminclient-23] WARN org.apache.kafka.clients.NetworkClient - [AdminClient clientId=adminclient-23] Connection to node -1 (localhost/127.0.0.1:9092) could not be established. Broker may not be available.
[kafka-admin-client-thread | adminclient-25] INFO org.apache.kafka.clients.NetworkClient - [AdminClient clientId=adminclient-25] Node -1 disconnected.
[kafka-admin-client-thread | adminclient-25] WARN org.apache.kafka.clients.NetworkClient - [AdminClient clientId=adminclient-25] Connection to node -1 (localhost/127.0.0.1:9092) could not be established. Broker may not be available.
[kafka-admin-client-thread | adminclient-10] INFO org.apache.kafka.clients.NetworkClient - [AdminClient clientId=adminclient-10] Node -1 disconnected.
[kafka-admin-client-thread | adminclient-10] WARN org.apache.kafka.clients.NetworkClient - [AdminClient clientId=adminclient-10] Connection to node -1 (localhost/127.0.0.1:9092) could not be established. Broker may not be available.
[kafka-admin-client-thread | adminclient-9] INFO org.apache.kafka.clients.NetworkClient - [AdminClient clientId=adminclient-9] Node -1 disconnected.
[kafka-admin-client-thread | adminclient-9] WARN org.apache.kafka.clients.NetworkClient - [AdminClient clientId=adminclient-9] Connection to node -1 (localhost/127.0.0.1:9092) could not be established. Broker may not be available.
[kafka-admin-client-thread | adminclient-11] INFO org.apache.kafka.clients.NetworkClient - [AdminClient clientId=adminclient-11] Node -1 disconnected.
[kafka-admin-client-thread | adminclient-11] WARN org.apache.kafka.clients.NetworkClient - [AdminClient clientId=adminclient-11] Connection to node -1 (localhost/127.0.0.1:9092) could not be established. Broker may not be available.
[kafka-admin-client-thread | adminclient-7] INFO org.apache.kafka.clients.NetworkClient - [AdminClient clientId=adminclient-7] Node -1 disconnected.
[kafka-admin-client-thread | adminclient-7] WARN org.apache.kafka.clients.NetworkClient - [AdminClient clientId=adminclient-7] Connection to node -1 (localhost/127.0.0.1:9092) could not be established. Broker may not be available.
[kafka-admin-client-thread | adminclient-30] INFO org.apache.kafka.clients.NetworkClient - [AdminClient clientId=adminclient-30] Node -1 disconnected.
[kafka-admin-client-thread | adminclient-30] WARN org.apache.kafka.clients.NetworkClient - [AdminClient clientId=adminclient-30] Connection to node -1 (localhost/127.0.0.1:9092) could not be established. Broker may not be available.
[kafka-admin-client-thread | adminclient-24] INFO org.apache.kafka.clients.NetworkClient - [AdminClient clientId=adminclient-24] Node -1 disconnected.
[kafka-admin-client-thread | adminclient-24] WARN org.apache.kafka.clients.NetworkClient - [AdminClient clientId=adminclient-24] Connection to node -1 (localhost/127.0.0.1:9092) could not be established. Broker may not be available.
[kafka-admin-client-thread | adminclient-15] INFO org.apache.kafka.clients.NetworkClient - [AdminClient clientId=adminclient-15] Node -1 disconnected.
[kafka-admin-client-thread | adminclient-8] INFO org.apache.kafka.clients.NetworkClient - [AdminClient clientId=adminclient-8] Node -1 disconnected.
[kafka-admin-client-thread | adminclient-15] WARN org.apache.kafka.clients.NetworkClient - [AdminClient clientId=adminclient-15] Connection to node -1 (localhost/127.0.0.1:9092) could not be established. Broker may not be available.
[kafka-admin-client-thread | adminclient-8] WARN org.apache.kafka.clients.NetworkClient - [AdminClient clientId=adminclient-8] Connection to node -1 (localhost/127.0.0.1:9092) could not be established. Broker may not be available.
[kafka-admin-client-thread | adminclient-20] INFO org.apache.kafka.clients.NetworkClient - [AdminClient clientId=adminclient-20] Node -1 disconnected.
[kafka-admin-client-thread | adminclient-20] WARN org.apache.kafka.clients.NetworkClient - [AdminClient clientId=adminclient-20] Connection to node -1 (localhost/127.0.0.1:9092) could not be established. Broker may not be available.
[kafka-admin-client-thread | adminclient-19] INFO org.apache.kafka.clients.NetworkClient - [AdminClient clientId=adminclient-19] Node -1 disconnected.
[kafka-admin-client-thread | adminclient-2] INFO org.apache.kafka.clients.NetworkClient - [AdminClient clientId=adminclient-2] Node -1 disconnected.
[kafka-admin-client-thread | adminclient-19] WARN org.apache.kafka.clients.NetworkClient - [AdminClient clientId=adminclient-19] Connection to node -1 (localhost/127.0.0.1:9092) could not be established. Broker may not be available.
[kafka-admin-client-thread | adminclient-2] WARN org.apache.kafka.clients.NetworkClient - [AdminClient clientId=adminclient-2] Connection to node -1 (localhost/127.0.0.1:9092) could not be established. Broker may not be available.
[kafka-admin-client-thread | adminclient-26] INFO org.apache.kafka.clients.NetworkClient - [AdminClient clientId=adminclient-26] Node -1 disconnected.
[kafka-admin-client-thread | adminclient-4] INFO org.apache.kafka.clients.NetworkClient - [AdminClient clientId=adminclient-4] Node -1 disconnected.
[kafka-admin-client-thread | adminclient-26] WARN org.apache.kafka.clients.NetworkClient - [AdminClient clientId=adminclient-26] Connection to node -1 (localhost/127.0.0.1:9092) could not be established. Broker may not be available.
[kafka-admin-client-thread | adminclient-4] WARN org.apache.kafka.clients.NetworkClient - [AdminClient clientId=adminclient-4] Connection to node -1 (localhost/127.0.0.1:9092) could not be established. Broker may not be available.
[kafka-admin-client-thread | adminclient-12] INFO org.apache.kafka.clients.NetworkClient - [AdminClient clientId=adminclient-12] Node -1 disconnected.
[kafka-admin-client-thread | adminclient-12] WARN org.apache.kafka.clients.NetworkClient - [AdminClient clientId=adminclient-12] Connection to node -1 (localhost/127.0.0.1:9092) could not be established. Broker may not be available.
[kafka-admin-client-thread | adminclient-16] INFO org.apache.kafka.clients.NetworkClient - [AdminClient clientId=adminclient-16] Node -1 disconnected.
[kafka-admin-client-thread | adminclient-27] INFO org.apache.kafka.clients.NetworkClient - [AdminClient clientId=adminclient-27] Node -1 disconnected.
[kafka-admin-client-thread | adminclient-27] WARN org.apache.kafka.clients.NetworkClient - [AdminClient clientId=adminclient-27] Connection to node -1 (localhost/127.0.0.1:9092) could not be established. Broker may not be available.
[kafka-admin-client-thread | adminclient-16] WARN org.apache.kafka.clients.NetworkClient - [AdminClient clientId=adminclient-16] Connection to node -1 (localhost/127.0.0.1:9092) could not be established. Broker may not be available.
[kafka-admin-client-thread | adminclient-18] INFO org.apache.kafka.clients.NetworkClient - [AdminClient clientId=adminclient-18] Node -1 disconnected.
[kafka-admin-client-thread | adminclient-18] WARN org.apache.kafka.clients.NetworkClient - [AdminClient clientId=adminclient-18] Connection to node -1 (localhost/127.0.0.1:9092) could not be established. Broker may not be available.
[kafka-admin-client-thread | adminclient-14] INFO org.apache.kafka.clients.NetworkClient - [AdminClient clientId=adminclient-14] Node -1 disconnected.
[kafka-admin-client-thread | adminclient-13] INFO org.apache.kafka.clients.NetworkClient - [AdminClient clientId=adminclient-13] Node -1 disconnected.
[kafka-admin-client-thread | adminclient-14] WARN org.apache.kafka.clients.NetworkClient - [AdminClient clientId=adminclient-14] Connection to node -1 (localhost/127.0.0.1:9092) could not be established. Broker may not be available.
[kafka-admin-client-thread | adminclient-13] WARN org.apache.kafka.clients.NetworkClient - [AdminClient clientId=adminclient-13] Connection to node -1 (localhost/127.0.0.1:9092) could not be established. Broker may not be available.
[kafka-admin-client-thread | adminclient-3] INFO org.apache.kafka.clients.NetworkClient - [AdminClient clientId=adminclient-3] Node -1 disconnected.
[kafka-admin-client-thread | adminclient-3] WARN org.apache.kafka.clients.NetworkClient - [AdminClient clientId=adminclient-3] Connection to node -1 (localhost/127.0.0.1:9092) could not be established. Broker may not be available.
[kafka-admin-client-thread | adminclient-28] INFO org.apache.kafka.clients.NetworkClient - [AdminClient clientId=adminclient-28] Node -1 disconnected.
[kafka-admin-client-thread | adminclient-28] WARN org.apache.kafka.clients.NetworkClient - [AdminClient clientId=adminclient-28] Connection to node -1 (localhost/127.0.0.1:9092) could not be established. Broker may not be available.
[kafka-admin-client-thread | adminclient-17] INFO org.apache.kafka.clients.NetworkClient - [AdminClient clientId=adminclient-17] Node -1 disconnected.
[kafka-admin-client-thread | adminclient-17] WARN org.apache.kafka.clients.NetworkClient - [AdminClient clientId=adminclient-17] Connection to node -1 (localhost/127.0.0.1:9092) could not be established. Broker may not be available.
[kafka-admin-client-thread | adminclient-21] INFO org.apache.kafka.clients.NetworkClient - [AdminClient clientId=adminclient-21] Node -1 disconnected.
[kafka-admin-client-thread | adminclient-21] WARN org.apache.kafka.clients.NetworkClient - [AdminClient clientId=adminclient-21] Connection to node -1 (localhost/127.0.0.1:9092) could not be established. Broker may not be available.
[kafka-admin-client-thread | adminclient-23] INFO org.apache.kafka.clients.NetworkClient - [AdminClient clientId=adminclient-23] Node -1 disconnected.
[kafka-admin-client-thread | adminclient-23] WARN org.apache.kafka.clients.NetworkClient - [AdminClient clientId=adminclient-23] Connection to node -1 (localhost/127.0.0.1:9092) could not be established. Broker may not be available.
[kafka-admin-client-thread | adminclient-1] INFO org.apache.kafka.clients.NetworkClient - [AdminClient clientId=adminclient-1] Node -1 disconnected.
[kafka-admin-client-thread | adminclient-1] WARN org.apache.kafka.clients.NetworkClient - [AdminClient clientId=adminclient-1] Connection to node -1 (localhost/127.0.0.1:9092) could not be established. Broker may not be available.
[kafka-admin-client-thread | adminclient-29] INFO org.apache.kafka.clients.NetworkClient - [AdminClient clientId=adminclient-29] Node -1 disconnected.
[kafka-admin-client-thread | adminclient-29] WARN org.apache.kafka.clients.NetworkClient - [AdminClient clientId=adminclient-29] Connection to node -1 (localhost/127.0.0.1:9092) could not be established. Broker may not be available.
[kafka-admin-client-thread | adminclient-22] INFO org.apache.kafka.clients.NetworkClient - [AdminClient clientId=adminclient-22] Node -1 disconnected.
[kafka-admin-client-thread | adminclient-22] WARN org.apache.kafka.clients.NetworkClient - [AdminClient clientId=adminclient-22] Connection to node -1 (localhost/127.0.0.1:9092) could not be established. Broker may not be available.
[kafka-admin-client-thread | adminclient-25] INFO org.apache.kafka.clients.NetworkClient - [AdminClient clientId=adminclient-25] Node -1 disconnected.
[kafka-admin-client-thread | adminclient-25] WARN org.apache.kafka.clients.NetworkClient - [AdminClient clientId=adminclient-25] Connection to node -1 (localhost/127.0.0.1:9092) could not be established. Broker may not be available.
[kafka-admin-client-thread | adminclient-10] INFO org.apache.kafka.clients.NetworkClient - [AdminClient clientId=adminclient-10] Node -1 disconnected.
[kafka-admin-client-thread | adminclient-10] WARN org.apache.kafka.clients.NetworkClient - [AdminClient clientId=adminclient-10] Connection to node -1 (localhost/127.0.0.1:9092) could not be established. Broker may not be available.
[kafka-admin-client-thread | adminclient-11] INFO org.apache.kafka.clients.NetworkClient - [AdminClient clientId=adminclient-11] Node -1 disconnected.
[kafka-admin-client-thread | adminclient-11] WARN org.apache.kafka.clients.NetworkClient - [AdminClient clientId=adminclient-11] Connection to node -1 (localhost/127.0.0.1:9092) could not be established. Broker may not be available.
[kafka-admin-client-thread | adminclient-7] INFO org.apache.kafka.clients.NetworkClient - [AdminClient clientId=adminclient-7] Node -1 disconnected.
[kafka-admin-client-thread | adminclient-7] WARN org.apache.kafka.clients.NetworkClient - [AdminClient clientId=adminclient-7] Connection to node -1 (localhost/127.0.0.1:9092) could not be established. Broker may not be available.
[kafka-admin-client-thread | adminclient-9] INFO org.apache.kafka.clients.NetworkClient - [AdminClient clientId=adminclient-9] Node -1 disconnected.
[kafka-admin-client-thread | adminclient-9] WARN org.apache.kafka.clients.NetworkClient - [AdminClient clientId=adminclient-9] Connection to node -1 (localhost/127.0.0.1:9092) could not be established. Broker may not be available.
[kafka-admin-client-thread | adminclient-24] INFO org.apache.kafka.clients.NetworkClient - [AdminClient clientId=adminclient-24] Node -1 disconnected.
[kafka-admin-client-thread | adminclient-24] WARN org.apache.kafka.clients.NetworkClient - [AdminClient clientId=adminclient-24] Connection to node -1 (localhost/127.0.0.1:9092) could not be established. Broker may not be available.
[kafka-admin-client-thread | adminclient-15] INFO org.apache.kafka.clients.NetworkClient - [AdminClient clientId=adminclient-15] Node -1 disconnected.
[kafka-admin-client-thread | adminclient-15] WARN org.apache.kafka.clients.NetworkClient - [AdminClient clientId=adminclient-15] Connection to node -1 (localhost/127.0.0.1:9092) could not be established. Broker may not be available.
[kafka-admin-client-thread | adminclient-30] INFO org.apache.kafka.clients.NetworkClient - [AdminClient clientId=adminclient-30] Node -1 disconnected.
[kafka-admin-client-thread | adminclient-30] WARN org.apache.kafka.clients.NetworkClient - [AdminClient clientId=adminclient-30] Connection to node -1 (localhost/127.0.0.1:9092) could not be established. Broker may not be available.
[kafka-admin-client-thread | adminclient-19] INFO org.apache.kafka.clients.NetworkClient - [AdminClient clientId=adminclient-19] Node -1 disconnected.
[kafka-admin-client-thread | adminclient-19] WARN org.apache.kafka.clients.NetworkClient - [AdminClient clientId=adminclient-19] Connection to node -1 (localhost/127.0.0.1:9092) could not be established. Broker may not be available.
[kafka-admin-client-thread | adminclient-20] INFO org.apache.kafka.clients.NetworkClient - [AdminClient clientId=adminclient-20] Node -1 disconnected.
[kafka-admin-client-thread | adminclient-20] WARN org.apache.kafka.clients.NetworkClient - [AdminClient clientId=adminclient-20] Connection to node -1 (localhost/127.0.0.1:9092) could not be established. Broker may not be available.
[kafka-admin-client-thread | adminclient-26] INFO org.apache.kafka.clients.NetworkClient - [AdminClient clientId=adminclient-26] Node -1 disconnected.
[kafka-admin-client-thread | adminclient-26] WARN org.apache.kafka.clients.NetworkClient - [AdminClient clientId=adminclient-26] Connection to node -1 (localhost/127.0.0.1:9092) could not be established. Broker may not be available.
[kafka-admin-client-thread | adminclient-8] INFO org.apache.kafka.clients.NetworkClient - [AdminClient clientId=adminclient-8] Node -1 disconnected.
[kafka-admin-client-thread | adminclient-8] WARN org.apache.kafka.clients.NetworkClient - [AdminClient clientId=adminclient-8] Connection to node -1 (localhost/127.0.0.1:9092) could not be established. Broker may not be available.
[kafka-admin-client-thread | adminclient-18] INFO org.apache.kafka.clients.NetworkClient - [AdminClient clientId=adminclient-18] Node -1 disconnected.
[kafka-admin-client-thread | adminclient-18] WARN org.apache.kafka.clients.NetworkClient - [AdminClient clientId=adminclient-18] Connection to node -1 (localhost/127.0.0.1:9092) could not be established. Broker may not be available.
[kafka-admin-client-thread | adminclient-4] INFO org.apache.kafka.clients.NetworkClient - [AdminClient clientId=adminclient-4] Node -1 disconnected.
[kafka-admin-client-thread | adminclient-4] WARN org.apache.kafka.clients.NetworkClient - [AdminClient clientId=adminclient-4] Connection to node -1 (localhost/127.0.0.1:9092) could not be established. Broker may not be available.
[kafka-admin-client-thread | adminclient-12] INFO org.apache.kafka.clients.NetworkClient - [AdminClient clientId=adminclient-12] Node -1 disconnected.
[kafka-admin-client-thread | adminclient-13] INFO org.apache.kafka.clients.NetworkClient - [AdminClient clientId=adminclient-13] Node -1 disconnected.
[kafka-admin-client-thread | adminclient-12] WARN org.apache.kafka.clients.NetworkClient - [AdminClient clientId=adminclient-12] Connection to node -1 (localhost/127.0.0.1:9092) could not be established. Broker may not be available.
[kafka-admin-client-thread | adminclient-13] WARN org.apache.kafka.clients.NetworkClient - [AdminClient clientId=adminclient-13] Connection to node -1 (localhost/127.0.0.1:9092) could not be established. Broker may not be available.
[kafka-admin-client-thread | adminclient-16] INFO org.apache.kafka.clients.NetworkClient - [AdminClient clientId=adminclient-16] Node -1 disconnected.
[kafka-admin-client-thread | adminclient-16] WARN org.apache.kafka.clients.NetworkClient - [AdminClient clientId=adminclient-16] Connection to node -1 (localhost/127.0.0.1:9092) could not be established. Broker may not be available.
[kafka-admin-client-thread | adminclient-2] INFO org.apache.kafka.clients.NetworkClient - [AdminClient clientId=adminclient-2] Node -1 disconnected.
[kafka-admin-client-thread | adminclient-2] WARN org.apache.kafka.clients.NetworkClient - [AdminClient clientId=adminclient-2] Connection to node -1 (localhost/127.0.0.1:9092) could not be established. Broker may not be available.
[kafka-admin-client-thread | adminclient-28] INFO org.apache.kafka.clients.NetworkClient - [AdminClient clientId=adminclient-28] Node -1 disconnected.
[kafka-admin-client-thread | adminclient-28] WARN org.apache.kafka.clients.NetworkClient - [AdminClient clientId=adminclient-28] Connection to node -1 (localhost/127.0.0.1:9092) could not be established. Broker may not be available.
[kafka-admin-client-thread | adminclient-17] INFO org.apache.kafka.clients.NetworkClient - [AdminClient clientId=adminclient-17] Node -1 disconnected.
[kafka-admin-client-thread | adminclient-17] WARN org.apache.kafka.clients.NetworkClient - [AdminClient clientId=adminclient-17] Connection to node -1 (localhost/127.0.0.1:9092) could not be established. Broker may not be available.
[kafka-admin-client-thread | adminclient-3] INFO org.apache.kafka.clients.NetworkClient - [AdminClient clientId=adminclient-3] Node -1 disconnected.
[kafka-admin-client-thread | adminclient-3] WARN org.apache.kafka.clients.NetworkClient - [AdminClient clientId=adminclient-3] Connection to node -1 (localhost/127.0.0.1:9092) could not be established. Broker may not be available.
[kafka-admin-client-thread | adminclient-14] INFO org.apache.kafka.clients.NetworkClient - [AdminClient clientId=adminclient-14] Node -1 disconnected.
[kafka-admin-client-thread | adminclient-14] WARN org.apache.kafka.clients.NetworkClient - [AdminClient clientId=adminclient-14] Connection to node -1 (localhost/127.0.0.1:9092) could not be established. Broker may not be available.
[kafka-admin-client-thread | adminclient-27] INFO org.apache.kafka.clients.NetworkClient - [AdminClient clientId=adminclient-27] Node -1 disconnected.
[kafka-admin-client-thread | adminclient-27] WARN org.apache.kafka.clients.NetworkClient - [AdminClient clientId=adminclient-27] Connection to node -1 (localhost/127.0.0.1:9092) could not be established. Broker may not be available.
[kafka-admin-client-thread | adminclient-11] INFO org.apache.kafka.clients.NetworkClient - [AdminClient clientId=adminclient-11] Node -1 disconnected.
[kafka-admin-client-thread | adminclient-11] WARN org.apache.kafka.clients.NetworkClient - [AdminClient clientId=adminclient-11] Connection to node -1 (localhost/127.0.0.1:9092) could not be established. Broker may not be available.
[kafka-admin-client-thread | adminclient-21] INFO org.apache.kafka.clients.NetworkClient - [AdminClient clientId=adminclient-21] Node -1 disconnected.
[kafka-admin-client-thread | adminclient-21] WARN org.apache.kafka.clients.NetworkClient - [AdminClient clientId=adminclient-21] Connection to node -1 (localhost/127.0.0.1:9092) could not be established. Broker may not be available.
[kafka-admin-client-thread | adminclient-23] INFO org.apache.kafka.clients.NetworkClient - [AdminClient clientId=adminclient-23] Node -1 disconnected.
[kafka-admin-client-thread | adminclient-23] WARN org.apache.kafka.clients.NetworkClient - [AdminClient clientId=adminclient-23] Connection to node -1 (localhost/127.0.0.1:9092) could not be established. Broker may not be available.
[kafka-admin-client-thread | adminclient-10] INFO org.apache.kafka.clients.NetworkClient - [AdminClient clientId=adminclient-10] Node -1 disconnected.
[kafka-admin-client-thread | adminclient-10] WARN org.apache.kafka.clients.NetworkClient - [AdminClient clientId=adminclient-10] Connection to node -1 (localhost/127.0.0.1:9092) could not be established. Broker may not be available.
[kafka-admin-client-thread | adminclient-1] INFO org.apache.kafka.clients.NetworkClient - [AdminClient clientId=adminclient-1] Node -1 disconnected.
[kafka-admin-client-thread | adminclient-1] WARN org.apache.kafka.clients.NetworkClient - [AdminClient clientId=adminclient-1] Connection to node -1 (localhost/127.0.0.1:9092) could not be established. Broker may not be available.
[kafka-admin-client-thread | adminclient-22] INFO org.apache.kafka.clients.NetworkClient - [AdminClient clientId=adminclient-22] Node -1 disconnected.
[kafka-admin-client-thread | adminclient-22] WARN org.apache.kafka.clients.NetworkClient - [AdminClient clientId=adminclient-22] Connection to node -1 (localhost/127.0.0.1:9092) could not be established. Broker may not be available.
[kafka-admin-client-thread | adminclient-9] INFO org.apache.kafka.clients.NetworkClient - [AdminClient clientId=adminclient-9] Node -1 disconnected.
[kafka-admin-client-thread | adminclient-9] WARN org.apache.kafka.clients.NetworkClient - [AdminClient clientId=adminclient-9] Connection to node -1 (localhost/127.0.0.1:9092) could not be established. Broker may not be available.
[kafka-admin-client-thread | adminclient-29] INFO org.apache.kafka.clients.NetworkClient - [AdminClient clientId=adminclient-29] Node -1 disconnected.
[kafka-admin-client-thread | adminclient-29] WARN org.apache.kafka.clients.NetworkClient - [AdminClient clientId=adminclient-29] Connection to node -1 (localhost/127.0.0.1:9092) could not be established. Broker may not be available.
[kafka-admin-client-thread | adminclient-15] INFO org.apache.kafka.clients.NetworkClient - [AdminClient clientId=adminclient-15] Node -1 disconnected.
[kafka-admin-client-thread | adminclient-15] WARN org.apache.kafka.clients.NetworkClient - [AdminClient clientId=adminclient-15] Connection to node -1 (localhost/127.0.0.1:9092) could not be established. Broker may not be available.
[kafka-admin-client-thread | adminclient-7] INFO org.apache.kafka.clients.NetworkClient - [AdminClient clientId=adminclient-7] Node -1 disconnected.
[kafka-admin-client-thread | adminclient-7] WARN org.apache.kafka.clients.NetworkClient - [AdminClient clientId=adminclient-7] Connection to node -1 (localhost/127.0.0.1:9092) could not be established. Broker may not be available.
[kafka-admin-client-thread | adminclient-25] INFO org.apache.kafka.clients.NetworkClient - [AdminClient clientId=adminclient-25] Node -1 disconnected.
[kafka-admin-client-thread | adminclient-25] WARN org.apache.kafka.clients.NetworkClient - [AdminClient clientId=adminclient-25] Connection to node -1 (localhost/127.0.0.1:9092) could not be established. Broker may not be available.
[kafka-admin-client-thread | adminclient-20] INFO org.apache.kafka.clients.NetworkClient - [AdminClient clientId=adminclient-20] Node -1 disconnected.
[kafka-admin-client-thread | adminclient-20] WARN org.apache.kafka.clients.NetworkClient - [AdminClient clientId=adminclient-20] Connection to node -1 (localhost/127.0.0.1:9092) could not be established. Broker may not be available.
[kafka-admin-client-thread | adminclient-30] INFO org.apache.kafka.clients.NetworkClient - [AdminClient clientId=adminclient-30] Node -1 disconnected.
[kafka-admin-client-thread | adminclient-30] WARN org.apache.kafka.clients.NetworkClient - [AdminClient clientId=adminclient-30] Connection to node -1 (localhost/127.0.0.1:9092) could not be established. Broker may not be available.
[kafka-admin-client-thread | adminclient-24] INFO org.apache.kafka.clients.NetworkClient - [AdminClient clientId=adminclient-24] Node -1 disconnected.
[kafka-admin-client-thread | adminclient-24] WARN org.apache.kafka.clients.NetworkClient - [AdminClient clientId=adminclient-24] Connection to node -1 (localhost/127.0.0.1:9092) could not be established. Broker may not be available.
[kafka-admin-client-thread | adminclient-26] INFO org.apache.kafka.clients.NetworkClient - [AdminClient clientId=adminclient-26] Node -1 disconnected.
[kafka-admin-client-thread | adminclient-26] WARN org.apache.kafka.clients.NetworkClient - [AdminClient clientId=adminclient-26] Connection to node -1 (localhost/127.0.0.1:9092) could not be established. Broker may not be available.
[kafka-admin-client-thread | adminclient-4] INFO org.apache.kafka.clients.NetworkClient - [AdminClient clientId=adminclient-4] Node -1 disconnected.
[kafka-admin-client-thread | adminclient-4] WARN org.apache.kafka.clients.NetworkClient - [AdminClient clientId=adminclient-4] Connection to node -1 (localhost/127.0.0.1:9092) could not be established. Broker may not be available.
[kafka-admin-client-thread | adminclient-13] INFO org.apache.kafka.clients.NetworkClient - [AdminClient clientId=adminclient-13] Node -1 disconnected.
[kafka-admin-client-thread | adminclient-13] WARN org.apache.kafka.clients.NetworkClient - [AdminClient clientId=adminclient-13] Connection to node -1 (localhost/127.0.0.1:9092) could not be established. Broker may not be available.
[kafka-admin-client-thread | adminclient-16] INFO org.apache.kafka.clients.NetworkClient - [AdminClient clientId=adminclient-16] Node -1 disconnected.
[kafka-admin-client-thread | adminclient-16] WARN org.apache.kafka.clients.NetworkClient - [AdminClient clientId=adminclient-16] Connection to node -1 (localhost/127.0.0.1:9092) could not be established. Broker may not be available.
[kafka-admin-client-thread | adminclient-19] INFO org.apache.kafka.clients.NetworkClient - [AdminClient clientId=adminclient-19] Node -1 disconnected.
[kafka-admin-client-thread | adminclient-18] INFO org.apache.kafka.clients.NetworkClient - [AdminClient clientId=adminclient-18] Node -1 disconnected.
[kafka-admin-client-thread | adminclient-19] WARN org.apache.kafka.clients.NetworkClient - [AdminClient clientId=adminclient-19] Connection to node -1 (localhost/127.0.0.1:9092) could not be established. Broker may not be available.
[kafka-admin-client-thread | adminclient-18] WARN org.apache.kafka.clients.NetworkClient - [AdminClient clientId=adminclient-18] Connection to node -1 (localhost/127.0.0.1:9092) could not be established. Broker may not be available.
[kafka-admin-client-thread | adminclient-2] INFO org.apache.kafka.clients.NetworkClient - [AdminClient clientId=adminclient-2] Node -1 disconnected.
[kafka-admin-client-thread | adminclient-2] WARN org.apache.kafka.clients.NetworkClient - [AdminClient clientId=adminclient-2] Connection to node -1 (localhost/127.0.0.1:9092) could not be established. Broker may not be available.
[kafka-admin-client-thread | adminclient-14] INFO org.apache.kafka.clients.NetworkClient - [AdminClient clientId=adminclient-14] Node -1 disconnected.
[kafka-admin-client-thread | adminclient-14] WARN org.apache.kafka.clients.NetworkClient - [AdminClient clientId=adminclient-14] Connection to node -1 (localhost/127.0.0.1:9092) could not be established. Broker may not be available.
[kafka-admin-client-thread | adminclient-8] INFO org.apache.kafka.clients.NetworkClient - [AdminClient clientId=adminclient-8] Node -1 disconnected.
[kafka-admin-client-thread | adminclient-8] WARN org.apache.kafka.clients.NetworkClient - [AdminClient clientId=adminclient-8] Connection to node -1 (localhost/127.0.0.1:9092) could not be established. Broker may not be available.
[kafka-admin-client-thread | adminclient-12] INFO org.apache.kafka.clients.NetworkClient - [AdminClient clientId=adminclient-12] Node -1 disconnected.
[kafka-admin-client-thread | adminclient-11] INFO org.apache.kafka.clients.NetworkClient - [AdminClient clientId=adminclient-11] Node -1 disconnected.
[kafka-admin-client-thread | adminclient-12] WARN org.apache.kafka.clients.NetworkClient - [AdminClient clientId=adminclient-12] Connection to node -1 (localhost/127.0.0.1:9092) could not be established. Broker may not be available.
[kafka-admin-client-thread | adminclient-11] WARN org.apache.kafka.clients.NetworkClient - [AdminClient clientId=adminclient-11] Connection to node -1 (localhost/127.0.0.1:9092) could not be established. Broker may not be available.
[kafka-admin-client-thread | adminclient-17] INFO org.apache.kafka.clients.NetworkClient - [AdminClient clientId=adminclient-17] Node -1 disconnected.
[kafka-admin-client-thread | adminclient-17] WARN org.apache.kafka.clients.NetworkClient - [AdminClient clientId=adminclient-17] Connection to node -1 (localhost/127.0.0.1:9092) could not be established. Broker may not be available.
[kafka-admin-client-thread | adminclient-3] INFO org.apache.kafka.clients.NetworkClient - [AdminClient clientId=adminclient-3] Node -1 disconnected.
[kafka-admin-client-thread | adminclient-10] INFO org.apache.kafka.clients.NetworkClient - [AdminClient clientId=adminclient-10] Node -1 disconnected.
[kafka-admin-client-thread | adminclient-3] WARN org.apache.kafka.clients.NetworkClient - [AdminClient clientId=adminclient-3] Connection to node -1 (localhost/127.0.0.1:9092) could not be established. Broker may not be available.
[kafka-admin-client-thread | adminclient-10] WARN org.apache.kafka.clients.NetworkClient - [AdminClient clientId=adminclient-10] Connection to node -1 (localhost/127.0.0.1:9092) could not be established. Broker may not be available.
[kafka-admin-client-thread | adminclient-28] INFO org.apache.kafka.clients.NetworkClient - [AdminClient clientId=adminclient-28] Node -1 disconnected.
[kafka-admin-client-thread | adminclient-28] WARN org.apache.kafka.clients.NetworkClient - [AdminClient clientId=adminclient-28] Connection to node -1 (localhost/127.0.0.1:9092) could not be established. Broker may not be available.
[kafka-admin-client-thread | adminclient-1] INFO org.apache.kafka.clients.NetworkClient - [AdminClient clientId=adminclient-1] Node -1 disconnected.
[kafka-admin-client-thread | adminclient-1] WARN org.apache.kafka.clients.NetworkClient - [AdminClient clientId=adminclient-1] Connection to node -1 (localhost/127.0.0.1:9092) could not be established. Broker may not be available.
[kafka-admin-client-thread | adminclient-27] INFO org.apache.kafka.clients.NetworkClient - [AdminClient clientId=adminclient-27] Node -1 disconnected.
[kafka-admin-client-thread | adminclient-27] WARN org.apache.kafka.clients.NetworkClient - [AdminClient clientId=adminclient-27] Connection to node -1 (localhost/127.0.0.1:9092) could not be established. Broker may not be available.
[kafka-admin-client-thread | adminclient-22] INFO org.apache.kafka.clients.NetworkClient - [AdminClient clientId=adminclient-22] Node -1 disconnected.
[kafka-admin-client-thread | adminclient-22] WARN org.apache.kafka.clients.NetworkClient - [AdminClient clientId=adminclient-22] Connection to node -1 (localhost/127.0.0.1:9092) could not be established. Broker may not be available.
[kafka-admin-client-thread | adminclient-29] INFO org.apache.kafka.clients.NetworkClient - [AdminClient clientId=adminclient-29] Node -1 disconnected.
[kafka-admin-client-thread | adminclient-29] WARN org.apache.kafka.clients.NetworkClient - [AdminClient clientId=adminclient-29] Connection to node -1 (localhost/127.0.0.1:9092) could not be established. Broker may not be available.
[kafka-admin-client-thread | adminclient-21] INFO org.apache.kafka.clients.NetworkClient - [AdminClient clientId=adminclient-21] Node -1 disconnected.
[kafka-admin-client-thread | adminclient-21] WARN org.apache.kafka.clients.NetworkClient - [AdminClient clientId=adminclient-21] Connection to node -1 (localhost/127.0.0.1:9092) could not be established. Broker may not be available.
[kafka-admin-client-thread | adminclient-23] INFO org.apache.kafka.clients.NetworkClient - [AdminClient clientId=adminclient-23] Node -1 disconnected.
[kafka-admin-client-thread | adminclient-23] WARN org.apache.kafka.clients.NetworkClient - [AdminClient clientId=adminclient-23] Connection to node -1 (localhost/127.0.0.1:9092) could not be established. Broker may not be available.
[kafka-admin-client-thread | adminclient-9] INFO org.apache.kafka.clients.NetworkClient - [AdminClient clientId=adminclient-9] Node -1 disconnected.
[kafka-admin-client-thread | adminclient-9] WARN org.apache.kafka.clients.NetworkClient - [AdminClient clientId=adminclient-9] Connection to node -1 (localhost/127.0.0.1:9092) could not be established. Broker may not be available.
[kafka-admin-client-thread | adminclient-20] INFO org.apache.kafka.clients.NetworkClient - [AdminClient clientId=adminclient-20] Node -1 disconnected.
[kafka-admin-client-thread | adminclient-20] WARN org.apache.kafka.clients.NetworkClient - [AdminClient clientId=adminclient-20] Connection to node -1 (localhost/127.0.0.1:9092) could not be established. Broker may not be available.
[kafka-admin-client-thread | adminclient-15] INFO org.apache.kafka.clients.NetworkClient - [AdminClient clientId=adminclient-15] Node -1 disconnected.
[kafka-admin-client-thread | adminclient-7] INFO org.apache.kafka.clients.NetworkClient - [AdminClient clientId=adminclient-7] Node -1 disconnected.
[kafka-admin-client-thread | adminclient-15] WARN org.apache.kafka.clients.NetworkClient - [AdminClient clientId=adminclient-15] Connection to node -1 (localhost/127.0.0.1:9092) could not be established. Broker may not be available.
[kafka-admin-client-thread | adminclient-7] WARN org.apache.kafka.clients.NetworkClient - [AdminClient clientId=adminclient-7] Connection to node -1 (localhost/127.0.0.1:9092) could not be established. Broker may not be available.
[kafka-admin-client-thread | adminclient-24] INFO org.apache.kafka.clients.NetworkClient - [AdminClient clientId=adminclient-24] Node -1 disconnected.
[kafka-admin-client-thread | adminclient-24] WARN org.apache.kafka.clients.NetworkClient - [AdminClient clientId=adminclient-24] Connection to node -1 (localhost/127.0.0.1:9092) could not be established. Broker may not be available.
[kafka-admin-client-thread | adminclient-25] INFO org.apache.kafka.clients.NetworkClient - [AdminClient clientId=adminclient-25] Node -1 disconnected.
[kafka-admin-client-thread | adminclient-25] WARN org.apache.kafka.clients.NetworkClient - [AdminClient clientId=adminclient-25] Connection to node -1 (localhost/127.0.0.1:9092) could not be established. Broker may not be available.
[kafka-admin-client-thread | adminclient-30] INFO org.apache.kafka.clients.NetworkClient - [AdminClient clientId=adminclient-30] Node -1 disconnected.
[kafka-admin-client-thread | adminclient-30] WARN org.apache.kafka.clients.NetworkClient - [AdminClient clientId=adminclient-30] Connection to node -1 (localhost/127.0.0.1:9092) could not be established. Broker may not be available.
[kafka-admin-client-thread | adminclient-26] INFO org.apache.kafka.clients.NetworkClient - [AdminClient clientId=adminclient-26] Node -1 disconnected.
[kafka-admin-client-thread | adminclient-26] WARN org.apache.kafka.clients.NetworkClient - [AdminClient clientId=adminclient-26] Connection to node -1 (localhost/127.0.0.1:9092) could not be established. Broker may not be available.
[kafka-admin-client-thread | adminclient-19] INFO org.apache.kafka.clients.NetworkClient - [AdminClient clientId=adminclient-19] Node -1 disconnected.
[kafka-admin-client-thread | adminclient-2] INFO org.apache.kafka.clients.NetworkClient - [AdminClient clientId=adminclient-2] Node -1 disconnected.
[kafka-admin-client-thread | adminclient-19] WARN org.apache.kafka.clients.NetworkClient - [AdminClient clientId=adminclient-19] Connection to node -1 (localhost/127.0.0.1:9092) could not be established. Broker may not be available.
[kafka-admin-client-thread | adminclient-2] WARN org.apache.kafka.clients.NetworkClient - [AdminClient clientId=adminclient-2] Connection to node -1 (localhost/127.0.0.1:9092) could not be established. Broker may not be available.
[kafka-admin-client-thread | adminclient-4] INFO org.apache.kafka.clients.NetworkClient - [AdminClient clientId=adminclient-4] Node -1 disconnected.
[kafka-admin-client-thread | adminclient-4] WARN org.apache.kafka.clients.NetworkClient - [AdminClient clientId=adminclient-4] Connection to node -1 (localhost/127.0.0.1:9092) could not be established. Broker may not be available.
[kafka-admin-client-thread | adminclient-13] INFO org.apache.kafka.clients.NetworkClient - [AdminClient clientId=adminclient-13] Node -1 disconnected.
[kafka-admin-client-thread | adminclient-14] INFO org.apache.kafka.clients.NetworkClient - [AdminClient clientId=adminclient-14] Node -1 disconnected.
[kafka-admin-client-thread | adminclient-13] WARN org.apache.kafka.clients.NetworkClient - [AdminClient clientId=adminclient-13] Connection to node -1 (localhost/127.0.0.1:9092) could not be established. Broker may not be available.
[kafka-admin-client-thread | adminclient-14] WARN org.apache.kafka.clients.NetworkClient - [AdminClient clientId=adminclient-14] Connection to node -1 (localhost/127.0.0.1:9092) could not be established. Broker may not be available.
[kafka-admin-client-thread | adminclient-16] INFO org.apache.kafka.clients.NetworkClient - [AdminClient clientId=adminclient-16] Node -1 disconnected.
[kafka-admin-client-thread | adminclient-16] WARN org.apache.kafka.clients.NetworkClient - [AdminClient clientId=adminclient-16] Connection to node -1 (localhost/127.0.0.1:9092) could not be established. Broker may not be available.
[kafka-admin-client-thread | adminclient-18] INFO org.apache.kafka.clients.NetworkClient - [AdminClient clientId=adminclient-18] Node -1 disconnected.
[kafka-admin-client-thread | adminclient-18] WARN org.apache.kafka.clients.NetworkClient - [AdminClient clientId=adminclient-18] Connection to node -1 (localhost/127.0.0.1:9092) could not be established. Broker may not be available.
[kafka-admin-client-thread | adminclient-12] INFO org.apache.kafka.clients.NetworkClient - [AdminClient clientId=adminclient-12] Node -1 disconnected.
[kafka-admin-client-thread | adminclient-12] WARN org.apache.kafka.clients.NetworkClient - [AdminClient clientId=adminclient-12] Connection to node -1 (localhost/127.0.0.1:9092) could not be established. Broker may not be available.
[kafka-admin-client-thread | adminclient-10] INFO org.apache.kafka.clients.NetworkClient - [AdminClient clientId=adminclient-10] Node -1 disconnected.
[kafka-admin-client-thread | adminclient-10] WARN org.apache.kafka.clients.NetworkClient - [AdminClient clientId=adminclient-10] Connection to node -1 (localhost/127.0.0.1:9092) could not be established. Broker may not be available.
[kafka-admin-client-thread | adminclient-11] INFO org.apache.kafka.clients.NetworkClient - [AdminClient clientId=adminclient-11] Node -1 disconnected.
[kafka-admin-client-thread | adminclient-11] WARN org.apache.kafka.clients.NetworkClient - [AdminClient clientId=adminclient-11] Connection to node -1 (localhost/127.0.0.1:9092) could not be established. Broker may not be available.
[kafka-admin-client-thread | adminclient-8] INFO org.apache.kafka.clients.NetworkClient - [AdminClient clientId=adminclient-8] Node -1 disconnected.
[kafka-admin-client-thread | adminclient-28] INFO org.apache.kafka.clients.NetworkClient - [AdminClient clientId=adminclient-28] Node -1 disconnected.
[kafka-admin-client-thread | adminclient-8] WARN org.apache.kafka.clients.NetworkClient - [AdminClient clientId=adminclient-8] Connection to node -1 (localhost/127.0.0.1:9092) could not be established. Broker may not be available.
[kafka-admin-client-thread | adminclient-28] WARN org.apache.kafka.clients.NetworkClient - [AdminClient clientId=adminclient-28] Connection to node -1 (localhost/127.0.0.1:9092) could not be established. Broker may not be available.
[kafka-admin-client-thread | adminclient-22] INFO org.apache.kafka.clients.NetworkClient - [AdminClient clientId=adminclient-22] Node -1 disconnected.
[kafka-admin-client-thread | adminclient-22] WARN org.apache.kafka.clients.NetworkClient - [AdminClient clientId=adminclient-22] Connection to node -1 (localhost/127.0.0.1:9092) could not be established. Broker may not be available.
[kafka-admin-client-thread | adminclient-1] INFO org.apache.kafka.clients.NetworkClient - [AdminClient clientId=adminclient-1] Node -1 disconnected.
[kafka-admin-client-thread | adminclient-1] WARN org.apache.kafka.clients.NetworkClient - [AdminClient clientId=adminclient-1] Connection to node -1 (localhost/127.0.0.1:9092) could not be established. Broker may not be available.
[kafka-admin-client-thread | adminclient-17] INFO org.apache.kafka.clients.NetworkClient - [AdminClient clientId=adminclient-17] Node -1 disconnected.
[kafka-admin-client-thread | adminclient-17] WARN org.apache.kafka.clients.NetworkClient - [AdminClient clientId=adminclient-17] Connection to node -1 (localhost/127.0.0.1:9092) could not be established. Broker may not be available.
[kafka-admin-client-thread | adminclient-23] INFO org.apache.kafka.clients.NetworkClient - [AdminClient clientId=adminclient-23] Node -1 disconnected.
[kafka-admin-client-thread | adminclient-23] WARN org.apache.kafka.clients.NetworkClient - [AdminClient clientId=adminclient-23] Connection to node -1 (localhost/127.0.0.1:9092) could not be established. Broker may not be available.
[kafka-admin-client-thread | adminclient-9] INFO org.apache.kafka.clients.NetworkClient - [AdminClient clientId=adminclient-9] Node -1 disconnected.
[kafka-admin-client-thread | adminclient-3] INFO org.apache.kafka.clients.NetworkClient - [AdminClient clientId=adminclient-3] Node -1 disconnected.
[kafka-admin-client-thread | adminclient-9] WARN org.apache.kafka.clients.NetworkClient - [AdminClient clientId=adminclient-9] Connection to node -1 (localhost/127.0.0.1:9092) could not be established. Broker may not be available.
[kafka-admin-client-thread | adminclient-3] WARN org.apache.kafka.clients.NetworkClient - [AdminClient clientId=adminclient-3] Connection to node -1 (localhost/127.0.0.1:9092) could not be established. Broker may not be available.
[kafka-admin-client-thread | adminclient-27] INFO org.apache.kafka.clients.NetworkClient - [AdminClient clientId=adminclient-27] Node -1 disconnected.
[kafka-admin-client-thread | adminclient-27] WARN org.apache.kafka.clients.NetworkClient - [AdminClient clientId=adminclient-27] Connection to node -1 (localhost/127.0.0.1:9092) could not be established. Broker may not be available.
[kafka-admin-client-thread | adminclient-15] INFO org.apache.kafka.clients.NetworkClient - [AdminClient clientId=adminclient-15] Node -1 disconnected.
[kafka-admin-client-thread | adminclient-7] INFO org.apache.kafka.clients.NetworkClient - [AdminClient clientId=adminclient-7] Node -1 disconnected.
[kafka-admin-client-thread | adminclient-15] WARN org.apache.kafka.clients.NetworkClient - [AdminClient clientId=adminclient-15] Connection to node -1 (localhost/127.0.0.1:9092) could not be established. Broker may not be available.
[kafka-admin-client-thread | adminclient-7] WARN org.apache.kafka.clients.NetworkClient - [AdminClient clientId=adminclient-7] Connection to node -1 (localhost/127.0.0.1:9092) could not be established. Broker may not be available.
[kafka-admin-client-thread | adminclient-29] INFO org.apache.kafka.clients.NetworkClient - [AdminClient clientId=adminclient-29] Node -1 disconnected.
[kafka-admin-client-thread | adminclient-20] INFO org.apache.kafka.clients.NetworkClient - [AdminClient clientId=adminclient-20] Node -1 disconnected.
[kafka-admin-client-thread | adminclient-29] WARN org.apache.kafka.clients.NetworkClient - [AdminClient clientId=adminclient-29] Connection to node -1 (localhost/127.0.0.1:9092) could not be established. Broker may not be available.
[kafka-admin-client-thread | adminclient-20] WARN org.apache.kafka.clients.NetworkClient - [AdminClient clientId=adminclient-20] Connection to node -1 (localhost/127.0.0.1:9092) could not be established. Broker may not be available.
[kafka-admin-client-thread | adminclient-21] INFO org.apache.kafka.clients.NetworkClient - [AdminClient clientId=adminclient-21] Node -1 disconnected.
[kafka-admin-client-thread | adminclient-21] WARN org.apache.kafka.clients.NetworkClient - [AdminClient clientId=adminclient-21] Connection to node -1 (localhost/127.0.0.1:9092) could not be established. Broker may not be available.
[kafka-admin-client-thread | adminclient-19] INFO org.apache.kafka.clients.NetworkClient - [AdminClient clientId=adminclient-19] Node -1 disconnected.
[kafka-admin-client-thread | adminclient-30] INFO org.apache.kafka.clients.NetworkClient - [AdminClient clientId=adminclient-30] Node -1 disconnected.
[kafka-admin-client-thread | adminclient-19] WARN org.apache.kafka.clients.NetworkClient - [AdminClient clientId=adminclient-19] Connection to node -1 (localhost/127.0.0.1:9092) could not be established. Broker may not be available.
[kafka-admin-client-thread | adminclient-30] WARN org.apache.kafka.clients.NetworkClient - [AdminClient clientId=adminclient-30] Connection to node -1 (localhost/127.0.0.1:9092) could not be established. Broker may not be available.
[kafka-admin-client-thread | adminclient-26] INFO org.apache.kafka.clients.NetworkClient - [AdminClient clientId=adminclient-26] Node -1 disconnected.
[kafka-admin-client-thread | adminclient-26] WARN org.apache.kafka.clients.NetworkClient - [AdminClient clientId=adminclient-26] Connection to node -1 (localhost/127.0.0.1:9092) could not be established. Broker may not be available.
[kafka-admin-client-thread | adminclient-18] INFO org.apache.kafka.clients.NetworkClient - [AdminClient clientId=adminclient-18] Node -1 disconnected.
[kafka-admin-client-thread | adminclient-2] INFO org.apache.kafka.clients.NetworkClient - [AdminClient clientId=adminclient-2] Node -1 disconnected.
[kafka-admin-client-thread | adminclient-18] WARN org.apache.kafka.clients.NetworkClient - [AdminClient clientId=adminclient-18] Connection to node -1 (localhost/127.0.0.1:9092) could not be established. Broker may not be available.
[kafka-admin-client-thread | adminclient-2] WARN org.apache.kafka.clients.NetworkClient - [AdminClient clientId=adminclient-2] Connection to node -1 (localhost/127.0.0.1:9092) could not be established. Broker may not be available.
[kafka-admin-client-thread | adminclient-24] INFO org.apache.kafka.clients.NetworkClient - [AdminClient clientId=adminclient-24] Node -1 disconnected.
[kafka-admin-client-thread | adminclient-24] WARN org.apache.kafka.clients.NetworkClient - [AdminClient clientId=adminclient-24] Connection to node -1 (localhost/127.0.0.1:9092) could not be established. Broker may not be available.
[kafka-admin-client-thread | adminclient-25] INFO org.apache.kafka.clients.NetworkClient - [AdminClient clientId=adminclient-25] Node -1 disconnected.
[kafka-admin-client-thread | adminclient-25] WARN org.apache.kafka.clients.NetworkClient - [AdminClient clientId=adminclient-25] Connection to node -1 (localhost/127.0.0.1:9092) could not be established. Broker may not be available.
[kafka-admin-client-thread | adminclient-4] INFO org.apache.kafka.clients.NetworkClient - [AdminClient clientId=adminclient-4] Node -1 disconnected.
[kafka-admin-client-thread | adminclient-4] WARN org.apache.kafka.clients.NetworkClient - [AdminClient clientId=adminclient-4] Connection to node -1 (localhost/127.0.0.1:9092) could not be established. Broker may not be available.
[kafka-admin-client-thread | adminclient-12] INFO org.apache.kafka.clients.NetworkClient - [AdminClient clientId=adminclient-12] Node -1 disconnected.
[kafka-admin-client-thread | adminclient-14] INFO org.apache.kafka.clients.NetworkClient - [AdminClient clientId=adminclient-14] Node -1 disconnected.
[kafka-admin-client-thread | adminclient-12] WARN org.apache.kafka.clients.NetworkClient - [AdminClient clientId=adminclient-12] Connection to node -1 (localhost/127.0.0.1:9092) could not be established. Broker may not be available.
[kafka-admin-client-thread | adminclient-14] WARN org.apache.kafka.clients.NetworkClient - [AdminClient clientId=adminclient-14] Connection to node -1 (localhost/127.0.0.1:9092) could not be established. Broker may not be available.
[kafka-admin-client-thread | adminclient-13] INFO org.apache.kafka.clients.NetworkClient - [AdminClient clientId=adminclient-13] Node -1 disconnected.
[kafka-admin-client-thread | adminclient-13] WARN org.apache.kafka.clients.NetworkClient - [AdminClient clientId=adminclient-13] Connection to node -1 (localhost/127.0.0.1:9092) could not be established. Broker may not be available.
[kafka-admin-client-thread | adminclient-16] INFO org.apache.kafka.clients.NetworkClient - [AdminClient clientId=adminclient-16] Node -1 disconnected.
[kafka-admin-client-thread | adminclient-16] WARN org.apache.kafka.clients.NetworkClient - [AdminClient clientId=adminclient-16] Connection to node -1 (localhost/127.0.0.1:9092) could not be established. Broker may not be available.
[kafka-admin-client-thread | adminclient-10] INFO org.apache.kafka.clients.NetworkClient - [AdminClient clientId=adminclient-10] Node -1 disconnected.
[kafka-admin-client-thread | adminclient-10] WARN org.apache.kafka.clients.NetworkClient - [AdminClient clientId=adminclient-10] Connection to node -1 (localhost/127.0.0.1:9092) could not be established. Broker may not be available.
[kafka-admin-client-thread | adminclient-11] INFO org.apache.kafka.clients.NetworkClient - [AdminClient clientId=adminclient-11] Node -1 disconnected.
[kafka-admin-client-thread | adminclient-11] WARN org.apache.kafka.clients.NetworkClient - [AdminClient clientId=adminclient-11] Connection to node -1 (localhost/127.0.0.1:9092) could not be established. Broker may not be available.
[kafka-admin-client-thread | adminclient-28] INFO org.apache.kafka.clients.NetworkClient - [AdminClient clientId=adminclient-28] Node -1 disconnected.
[kafka-admin-client-thread | adminclient-28] WARN org.apache.kafka.clients.NetworkClient - [AdminClient clientId=adminclient-28] Connection to node -1 (localhost/127.0.0.1:9092) could not be established. Broker may not be available.
[kafka-admin-client-thread | adminclient-3] INFO org.apache.kafka.clients.NetworkClient - [AdminClient clientId=adminclient-3] Node -1 disconnected.
[kafka-admin-client-thread | adminclient-3] WARN org.apache.kafka.clients.NetworkClient - [AdminClient clientId=adminclient-3] Connection to node -1 (localhost/127.0.0.1:9092) could not be established. Broker may not be available.
[kafka-admin-client-thread | adminclient-22] INFO org.apache.kafka.clients.NetworkClient - [AdminClient clientId=adminclient-22] Node -1 disconnected.
[kafka-admin-client-thread | adminclient-22] WARN org.apache.kafka.clients.NetworkClient - [AdminClient clientId=adminclient-22] Connection to node -1 (localhost/127.0.0.1:9092) could not be established. Broker may not be available.
[kafka-admin-client-thread | adminclient-7] INFO org.apache.kafka.clients.NetworkClient - [AdminClient clientId=adminclient-7] Node -1 disconnected.
[kafka-admin-client-thread | adminclient-7] WARN org.apache.kafka.clients.NetworkClient - [AdminClient clientId=adminclient-7] Connection to node -1 (localhost/127.0.0.1:9092) could not be established. Broker may not be available.
[kafka-admin-client-thread | adminclient-8] INFO org.apache.kafka.clients.NetworkClient - [AdminClient clientId=adminclient-8] Node -1 disconnected.
[kafka-admin-client-thread | adminclient-8] WARN org.apache.kafka.clients.NetworkClient - [AdminClient clientId=adminclient-8] Connection to node -1 (localhost/127.0.0.1:9092) could not be established. Broker may not be available.
[kafka-admin-client-thread | adminclient-27] INFO org.apache.kafka.clients.NetworkClient - [AdminClient clientId=adminclient-27] Node -1 disconnected.
[kafka-admin-client-thread | adminclient-1] INFO org.apache.kafka.clients.NetworkClient - [AdminClient clientId=adminclient-1] Node -1 disconnected.
[kafka-admin-client-thread | adminclient-27] WARN org.apache.kafka.clients.NetworkClient - [AdminClient clientId=adminclient-27] Connection to node -1 (localhost/127.0.0.1:9092) could not be established. Broker may not be available.
[kafka-admin-client-thread | adminclient-1] WARN org.apache.kafka.clients.NetworkClient - [AdminClient clientId=adminclient-1] Connection to node -1 (localhost/127.0.0.1:9092) could not be established. Broker may not be available.
[kafka-admin-client-thread | adminclient-17] INFO org.apache.kafka.clients.NetworkClient - [AdminClient clientId=adminclient-17] Node -1 disconnected.
[kafka-admin-client-thread | adminclient-29] INFO org.apache.kafka.clients.NetworkClient - [AdminClient clientId=adminclient-29] Node -1 disconnected.
[kafka-admin-client-thread | adminclient-17] WARN org.apache.kafka.clients.NetworkClient - [AdminClient clientId=adminclient-17] Connection to node -1 (localhost/127.0.0.1:9092) could not be established. Broker may not be available.
[kafka-admin-client-thread | adminclient-29] WARN org.apache.kafka.clients.NetworkClient - [AdminClient clientId=adminclient-29] Connection to node -1 (localhost/127.0.0.1:9092) could not be established. Broker may not be available.
[kafka-admin-client-thread | adminclient-23] INFO org.apache.kafka.clients.NetworkClient - [AdminClient clientId=adminclient-23] Node -1 disconnected.
[kafka-admin-client-thread | adminclient-23] WARN org.apache.kafka.clients.NetworkClient - [AdminClient clientId=adminclient-23] Connection to node -1 (localhost/127.0.0.1:9092) could not be established. Broker may not be available.
[kafka-admin-client-thread | adminclient-9] INFO org.apache.kafka.clients.NetworkClient - [AdminClient clientId=adminclient-9] Node -1 disconnected.
[kafka-admin-client-thread | adminclient-9] WARN org.apache.kafka.clients.NetworkClient - [AdminClient clientId=adminclient-9] Connection to node -1 (localhost/127.0.0.1:9092) could not be established. Broker may not be available.
[kafka-admin-client-thread | adminclient-15] INFO org.apache.kafka.clients.NetworkClient - [AdminClient clientId=adminclient-15] Node -1 disconnected.
[kafka-admin-client-thread | adminclient-15] WARN org.apache.kafka.clients.NetworkClient - [AdminClient clientId=adminclient-15] Connection to node -1 (localhost/127.0.0.1:9092) could not be established. Broker may not be available.
[kafka-admin-client-thread | adminclient-20] INFO org.apache.kafka.clients.NetworkClient - [AdminClient clientId=adminclient-20] Node -1 disconnected.
[kafka-admin-client-thread | adminclient-30] INFO org.apache.kafka.clients.NetworkClient - [AdminClient clientId=adminclient-30] Node -1 disconnected.
[kafka-admin-client-thread | adminclient-20] WARN org.apache.kafka.clients.NetworkClient - [AdminClient clientId=adminclient-20] Connection to node -1 (localhost/127.0.0.1:9092) could not be established. Broker may not be available.
[kafka-admin-client-thread | adminclient-30] WARN org.apache.kafka.clients.NetworkClient - [AdminClient clientId=adminclient-30] Connection to node -1 (localhost/127.0.0.1:9092) could not be established. Broker may not be available.
[kafka-admin-client-thread | adminclient-21] INFO org.apache.kafka.clients.NetworkClient - [AdminClient clientId=adminclient-21] Node -1 disconnected.
[kafka-admin-client-thread | adminclient-21] WARN org.apache.kafka.clients.NetworkClient - [AdminClient clientId=adminclient-21] Connection to node -1 (localhost/127.0.0.1:9092) could not be established. Broker may not be available.
[kafka-admin-client-thread | adminclient-26] INFO org.apache.kafka.clients.NetworkClient - [AdminClient clientId=adminclient-26] Node -1 disconnected.
[kafka-admin-client-thread | adminclient-26] WARN org.apache.kafka.clients.NetworkClient - [AdminClient clientId=adminclient-26] Connection to node -1 (localhost/127.0.0.1:9092) could not be established. Broker may not be available.
[kafka-admin-client-thread | adminclient-24] INFO org.apache.kafka.clients.NetworkClient - [AdminClient clientId=adminclient-24] Node -1 disconnected.
[kafka-admin-client-thread | adminclient-24] WARN org.apache.kafka.clients.NetworkClient - [AdminClient clientId=adminclient-24] Connection to node -1 (localhost/127.0.0.1:9092) could not be established. Broker may not be available.
[kafka-admin-client-thread | adminclient-18] INFO org.apache.kafka.clients.NetworkClient - [AdminClient clientId=adminclient-18] Node -1 disconnected.
[kafka-admin-client-thread | adminclient-18] WARN org.apache.kafka.clients.NetworkClient - [AdminClient clientId=adminclient-18] Connection to node -1 (localhost/127.0.0.1:9092) could not be established. Broker may not be available.
[kafka-admin-client-thread | adminclient-2] INFO org.apache.kafka.clients.NetworkClient - [AdminClient clientId=adminclient-2] Node -1 disconnected.
[kafka-admin-client-thread | adminclient-19] INFO org.apache.kafka.clients.NetworkClient - [AdminClient clientId=adminclient-19] Node -1 disconnected.
[kafka-admin-client-thread | adminclient-2] WARN org.apache.kafka.clients.NetworkClient - [AdminClient clientId=adminclient-2] Connection to node -1 (localhost/127.0.0.1:9092) could not be established. Broker may not be available.
[kafka-admin-client-thread | adminclient-19] WARN org.apache.kafka.clients.NetworkClient - [AdminClient clientId=adminclient-19] Connection to node -1 (localhost/127.0.0.1:9092) could not be established. Broker may not be available.
[kafka-admin-client-thread | adminclient-25] INFO org.apache.kafka.clients.NetworkClient - [AdminClient clientId=adminclient-25] Node -1 disconnected.
[kafka-admin-client-thread | adminclient-25] WARN org.apache.kafka.clients.NetworkClient - [AdminClient clientId=adminclient-25] Connection to node -1 (localhost/127.0.0.1:9092) could not be established. Broker may not be available.
[kafka-admin-client-thread | adminclient-4] INFO org.apache.kafka.clients.NetworkClient - [AdminClient clientId=adminclient-4] Node -1 disconnected.
[kafka-admin-client-thread | adminclient-4] WARN org.apache.kafka.clients.NetworkClient - [AdminClient clientId=adminclient-4] Connection to node -1 (localhost/127.0.0.1:9092) could not be established. Broker may not be available.
[kafka-admin-client-thread | adminclient-14] INFO org.apache.kafka.clients.NetworkClient - [AdminClient clientId=adminclient-14] Node -1 disconnected.
[kafka-admin-client-thread | adminclient-14] WARN org.apache.kafka.clients.NetworkClient - [AdminClient clientId=adminclient-14] Connection to node -1 (localhost/127.0.0.1:9092) could not be established. Broker may not be available.
[kafka-admin-client-thread | adminclient-10] INFO org.apache.kafka.clients.NetworkClient - [AdminClient clientId=adminclient-10] Node -1 disconnected.
[kafka-admin-client-thread | adminclient-10] WARN org.apache.kafka.clients.NetworkClient - [AdminClient clientId=adminclient-10] Connection to node -1 (localhost/127.0.0.1:9092) could not be established. Broker may not be available.
[kafka-admin-client-thread | adminclient-12] INFO org.apache.kafka.clients.NetworkClient - [AdminClient clientId=adminclient-12] Node -1 disconnected.
[kafka-admin-client-thread | adminclient-12] WARN org.apache.kafka.clients.NetworkClient - [AdminClient clientId=adminclient-12] Connection to node -1 (localhost/127.0.0.1:9092) could not be established. Broker may not be available.
[kafka-admin-client-thread | adminclient-28] INFO org.apache.kafka.clients.NetworkClient - [AdminClient clientId=adminclient-28] Node -1 disconnected.
[kafka-admin-client-thread | adminclient-7] INFO org.apache.kafka.clients.NetworkClient - [AdminClient clientId=adminclient-7] Node -1 disconnected.
[kafka-admin-client-thread | adminclient-28] WARN org.apache.kafka.clients.NetworkClient - [AdminClient clientId=adminclient-28] Connection to node -1 (localhost/127.0.0.1:9092) could not be established. Broker may not be available.
[kafka-admin-client-thread | adminclient-7] WARN org.apache.kafka.clients.NetworkClient - [AdminClient clientId=adminclient-7] Connection to node -1 (localhost/127.0.0.1:9092) could not be established. Broker may not be available.
[kafka-admin-client-thread | adminclient-22] INFO org.apache.kafka.clients.NetworkClient - [AdminClient clientId=adminclient-22] Node -1 disconnected.
[kafka-admin-client-thread | adminclient-22] WARN org.apache.kafka.clients.NetworkClient - [AdminClient clientId=adminclient-22] Connection to node -1 (localhost/127.0.0.1:9092) could not be established. Broker may not be available.
[kafka-admin-client-thread | adminclient-11] INFO org.apache.kafka.clients.NetworkClient - [AdminClient clientId=adminclient-11] Node -1 disconnected.
[kafka-admin-client-thread | adminclient-13] INFO org.apache.kafka.clients.NetworkClient - [AdminClient clientId=adminclient-13] Node -1 disconnected.
[kafka-admin-client-thread | adminclient-11] WARN org.apache.kafka.clients.NetworkClient - [AdminClient clientId=adminclient-11] Connection to node -1 (localhost/127.0.0.1:9092) could not be established. Broker may not be available.
[kafka-admin-client-thread | adminclient-13] WARN org.apache.kafka.clients.NetworkClient - [AdminClient clientId=adminclient-13] Connection to node -1 (localhost/127.0.0.1:9092) could not be established. Broker may not be available.
[kafka-admin-client-thread | adminclient-16] INFO org.apache.kafka.clients.NetworkClient - [AdminClient clientId=adminclient-16] Node -1 disconnected.
[kafka-admin-client-thread | adminclient-1] INFO org.apache.kafka.clients.NetworkClient - [AdminClient clientId=adminclient-1] Node -1 disconnected.
[kafka-admin-client-thread | adminclient-16] WARN org.apache.kafka.clients.NetworkClient - [AdminClient clientId=adminclient-16] Connection to node -1 (localhost/127.0.0.1:9092) could not be established. Broker may not be available.
[kafka-admin-client-thread | adminclient-1] WARN org.apache.kafka.clients.NetworkClient - [AdminClient clientId=adminclient-1] Connection to node -1 (localhost/127.0.0.1:9092) could not be established. Broker may not be available.
[kafka-admin-client-thread | adminclient-27] INFO org.apache.kafka.clients.NetworkClient - [AdminClient clientId=adminclient-27] Node -1 disconnected.
[kafka-admin-client-thread | adminclient-27] WARN org.apache.kafka.clients.NetworkClient - [AdminClient clientId=adminclient-27] Connection to node -1 (localhost/127.0.0.1:9092) could not be established. Broker may not be available.
[kafka-admin-client-thread | adminclient-29] INFO org.apache.kafka.clients.NetworkClient - [AdminClient clientId=adminclient-29] Node -1 disconnected.
[kafka-admin-client-thread | adminclient-17] INFO org.apache.kafka.clients.NetworkClient - [AdminClient clientId=adminclient-17] Node -1 disconnected.
[kafka-admin-client-thread | adminclient-29] WARN org.apache.kafka.clients.NetworkClient - [AdminClient clientId=adminclient-29] Connection to node -1 (localhost/127.0.0.1:9092) could not be established. Broker may not be available.
[kafka-admin-client-thread | adminclient-17] WARN org.apache.kafka.clients.NetworkClient - [AdminClient clientId=adminclient-17] Connection to node -1 (localhost/127.0.0.1:9092) could not be established. Broker may not be available.
[kafka-admin-client-thread | adminclient-23] INFO org.apache.kafka.clients.NetworkClient - [AdminClient clientId=adminclient-23] Node -1 disconnected.
[kafka-admin-client-thread | adminclient-23] WARN org.apache.kafka.clients.NetworkClient - [AdminClient clientId=adminclient-23] Connection to node -1 (localhost/127.0.0.1:9092) could not be established. Broker may not be available.
[kafka-admin-client-thread | adminclient-3] INFO org.apache.kafka.clients.NetworkClient - [AdminClient clientId=adminclient-3] Node -1 disconnected.
[kafka-admin-client-thread | adminclient-9] INFO org.apache.kafka.clients.NetworkClient - [AdminClient clientId=adminclient-9] Node -1 disconnected.
[kafka-admin-client-thread | adminclient-3] WARN org.apache.kafka.clients.NetworkClient - [AdminClient clientId=adminclient-3] Connection to node -1 (localhost/127.0.0.1:9092) could not be established. Broker may not be available.
[kafka-admin-client-thread | adminclient-9] WARN org.apache.kafka.clients.NetworkClient - [AdminClient clientId=adminclient-9] Connection to node -1 (localhost/127.0.0.1:9092) could not be established. Broker may not be available.
[kafka-admin-client-thread | adminclient-8] INFO org.apache.kafka.clients.NetworkClient - [AdminClient clientId=adminclient-8] Node -1 disconnected.
[kafka-admin-client-thread | adminclient-8] WARN org.apache.kafka.clients.NetworkClient - [AdminClient clientId=adminclient-8] Connection to node -1 (localhost/127.0.0.1:9092) could not be established. Broker may not be available.
[kafka-admin-client-thread | adminclient-30] INFO org.apache.kafka.clients.NetworkClient - [AdminClient clientId=adminclient-30] Node -1 disconnected.
[kafka-admin-client-thread | adminclient-30] WARN org.apache.kafka.clients.NetworkClient - [AdminClient clientId=adminclient-30] Connection to node -1 (localhost/127.0.0.1:9092) could not be established. Broker may not be available.
[kafka-admin-client-thread | adminclient-24] INFO org.apache.kafka.clients.NetworkClient - [AdminClient clientId=adminclient-24] Node -1 disconnected.
[kafka-admin-client-thread | adminclient-24] WARN org.apache.kafka.clients.NetworkClient - [AdminClient clientId=adminclient-24] Connection to node -1 (localhost/127.0.0.1:9092) could not be established. Broker may not be available.
[kafka-admin-client-thread | adminclient-15] INFO org.apache.kafka.clients.NetworkClient - [AdminClient clientId=adminclient-15] Node -1 disconnected.
[kafka-admin-client-thread | adminclient-15] WARN org.apache.kafka.clients.NetworkClient - [AdminClient clientId=adminclient-15] Connection to node -1 (localhost/127.0.0.1:9092) could not be established. Broker may not be available.
[kafka-admin-client-thread | adminclient-20] INFO org.apache.kafka.clients.NetworkClient - [AdminClient clientId=adminclient-20] Node -1 disconnected.
[kafka-admin-client-thread | adminclient-19] INFO org.apache.kafka.clients.NetworkClient - [AdminClient clientId=adminclient-19] Node -1 disconnected.
[kafka-admin-client-thread | adminclient-19] WARN org.apache.kafka.clients.NetworkClient - [AdminClient clientId=adminclient-19] Connection to node -1 (localhost/127.0.0.1:9092) could not be established. Broker may not be available.
[kafka-admin-client-thread | adminclient-20] WARN org.apache.kafka.clients.NetworkClient - [AdminClient clientId=adminclient-20] Connection to node -1 (localhost/127.0.0.1:9092) could not be established. Broker may not be available.
[kafka-admin-client-thread | adminclient-21] INFO org.apache.kafka.clients.NetworkClient - [AdminClient clientId=adminclient-21] Node -1 disconnected.
[kafka-admin-client-thread | adminclient-21] WARN org.apache.kafka.clients.NetworkClient - [AdminClient clientId=adminclient-21] Connection to node -1 (localhost/127.0.0.1:9092) could not be established. Broker may not be available.
[kafka-admin-client-thread | adminclient-2] INFO org.apache.kafka.clients.NetworkClient - [AdminClient clientId=adminclient-2] Node -1 disconnected.
[kafka-admin-client-thread | adminclient-2] WARN org.apache.kafka.clients.NetworkClient - [AdminClient clientId=adminclient-2] Connection to node -1 (localhost/127.0.0.1:9092) could not be established. Broker may not be available.
[kafka-admin-client-thread | adminclient-25] INFO org.apache.kafka.clients.NetworkClient - [AdminClient clientId=adminclient-25] Node -1 disconnected.
[kafka-admin-client-thread | adminclient-25] WARN org.apache.kafka.clients.NetworkClient - [AdminClient clientId=adminclient-25] Connection to node -1 (localhost/127.0.0.1:9092) could not be established. Broker may not be available.
[kafka-admin-client-thread | adminclient-26] INFO org.apache.kafka.clients.NetworkClient - [AdminClient clientId=adminclient-26] Node -1 disconnected.
[kafka-admin-client-thread | adminclient-26] WARN org.apache.kafka.clients.NetworkClient - [AdminClient clientId=adminclient-26] Connection to node -1 (localhost/127.0.0.1:9092) could not be established. Broker may not be available.
[kafka-admin-client-thread | adminclient-18] INFO org.apache.kafka.clients.NetworkClient - [AdminClient clientId=adminclient-18] Node -1 disconnected.
[kafka-admin-client-thread | adminclient-18] WARN org.apache.kafka.clients.NetworkClient - [AdminClient clientId=adminclient-18] Connection to node -1 (localhost/127.0.0.1:9092) could not be established. Broker may not be available.
[kafka-admin-client-thread | adminclient-12] INFO org.apache.kafka.clients.NetworkClient - [AdminClient clientId=adminclient-12] Node -1 disconnected.
[kafka-admin-client-thread | adminclient-14] INFO org.apache.kafka.clients.NetworkClient - [AdminClient clientId=adminclient-14] Node -1 disconnected.
[kafka-admin-client-thread | adminclient-12] WARN org.apache.kafka.clients.NetworkClient - [AdminClient clientId=adminclient-12] Connection to node -1 (localhost/127.0.0.1:9092) could not be established. Broker may not be available.
[kafka-admin-client-thread | adminclient-14] WARN org.apache.kafka.clients.NetworkClient - [AdminClient clientId=adminclient-14] Connection to node -1 (localhost/127.0.0.1:9092) could not be established. Broker may not be available.
[kafka-admin-client-thread | adminclient-4] INFO org.apache.kafka.clients.NetworkClient - [AdminClient clientId=adminclient-4] Node -1 disconnected.
[kafka-admin-client-thread | adminclient-4] WARN org.apache.kafka.clients.NetworkClient - [AdminClient clientId=adminclient-4] Connection to node -1 (localhost/127.0.0.1:9092) could not be established. Broker may not be available.
[kafka-admin-client-thread | adminclient-1] INFO org.apache.kafka.clients.NetworkClient - [AdminClient clientId=adminclient-1] Node -1 disconnected.
[kafka-admin-client-thread | adminclient-16] INFO org.apache.kafka.clients.NetworkClient - [AdminClient clientId=adminclient-16] Node -1 disconnected.
[kafka-admin-client-thread | adminclient-1] WARN org.apache.kafka.clients.NetworkClient - [AdminClient clientId=adminclient-1] Connection to node -1 (localhost/127.0.0.1:9092) could not be established. Broker may not be available.
[kafka-admin-client-thread | adminclient-16] WARN org.apache.kafka.clients.NetworkClient - [AdminClient clientId=adminclient-16] Connection to node -1 (localhost/127.0.0.1:9092) could not be established. Broker may not be available.
[kafka-admin-client-thread | adminclient-10] INFO org.apache.kafka.clients.NetworkClient - [AdminClient clientId=adminclient-10] Node -1 disconnected.
[kafka-admin-client-thread | adminclient-10] WARN org.apache.kafka.clients.NetworkClient - [AdminClient clientId=adminclient-10] Connection to node -1 (localhost/127.0.0.1:9092) could not be established. Broker may not be available.
[kafka-admin-client-thread | adminclient-29] INFO org.apache.kafka.clients.NetworkClient - [AdminClient clientId=adminclient-29] Node -1 disconnected.
[kafka-admin-client-thread | adminclient-29] WARN org.apache.kafka.clients.NetworkClient - [AdminClient clientId=adminclient-29] Connection to node -1 (localhost/127.0.0.1:9092) could not be established. Broker may not be available.
[kafka-admin-client-thread | adminclient-22] INFO org.apache.kafka.clients.NetworkClient - [AdminClient clientId=adminclient-22] Node -1 disconnected.
[kafka-admin-client-thread | adminclient-22] WARN org.apache.kafka.clients.NetworkClient - [AdminClient clientId=adminclient-22] Connection to node -1 (localhost/127.0.0.1:9092) could not be established. Broker may not be available.
[kafka-admin-client-thread | adminclient-13] INFO org.apache.kafka.clients.NetworkClient - [AdminClient clientId=adminclient-13] Node -1 disconnected.
[kafka-admin-client-thread | adminclient-11] INFO org.apache.kafka.clients.NetworkClient - [AdminClient clientId=adminclient-11] Node -1 disconnected.
[kafka-admin-client-thread | adminclient-13] WARN org.apache.kafka.clients.NetworkClient - [AdminClient clientId=adminclient-13] Connection to node -1 (localhost/127.0.0.1:9092) could not be established. Broker may not be available.
[kafka-admin-client-thread | adminclient-11] WARN org.apache.kafka.clients.NetworkClient - [AdminClient clientId=adminclient-11] Connection to node -1 (localhost/127.0.0.1:9092) could not be established. Broker may not be available.
[kafka-admin-client-thread | adminclient-7] INFO org.apache.kafka.clients.NetworkClient - [AdminClient clientId=adminclient-7] Node -1 disconnected.
[kafka-admin-client-thread | adminclient-28] INFO org.apache.kafka.clients.NetworkClient - [AdminClient clientId=adminclient-28] Node -1 disconnected.
[kafka-admin-client-thread | adminclient-7] WARN org.apache.kafka.clients.NetworkClient - [AdminClient clientId=adminclient-7] Connection to node -1 (localhost/127.0.0.1:9092) could not be established. Broker may not be available.
[kafka-admin-client-thread | adminclient-28] WARN org.apache.kafka.clients.NetworkClient - [AdminClient clientId=adminclient-28] Connection to node -1 (localhost/127.0.0.1:9092) could not be established. Broker may not be available.
[kafka-admin-client-thread | adminclient-23] INFO org.apache.kafka.clients.NetworkClient - [AdminClient clientId=adminclient-23] Node -1 disconnected.
[kafka-admin-client-thread | adminclient-23] WARN org.apache.kafka.clients.NetworkClient - [AdminClient clientId=adminclient-23] Connection to node -1 (localhost/127.0.0.1:9092) could not be established. Broker may not be available.
[kafka-admin-client-thread | adminclient-27] INFO org.apache.kafka.clients.NetworkClient - [AdminClient clientId=adminclient-27] Node -1 disconnected.
[kafka-admin-client-thread | adminclient-27] WARN org.apache.kafka.clients.NetworkClient - [AdminClient clientId=adminclient-27] Connection to node -1 (localhost/127.0.0.1:9092) could not be established. Broker may not be available.
[kafka-admin-client-thread | adminclient-17] INFO org.apache.kafka.clients.NetworkClient - [AdminClient clientId=adminclient-17] Node -1 disconnected.
[kafka-admin-client-thread | adminclient-30] INFO org.apache.kafka.clients.NetworkClient - [AdminClient clientId=adminclient-30] Node -1 disconnected.
[kafka-admin-client-thread | adminclient-17] WARN org.apache.kafka.clients.NetworkClient - [AdminClient clientId=adminclient-17] Connection to node -1 (localhost/127.0.0.1:9092) could not be established. Broker may not be available.
[kafka-admin-client-thread | adminclient-30] WARN org.apache.kafka.clients.NetworkClient - [AdminClient clientId=adminclient-30] Connection to node -1 (localhost/127.0.0.1:9092) could not be established. Broker may not be available.
[kafka-admin-client-thread | adminclient-15] INFO org.apache.kafka.clients.NetworkClient - [AdminClient clientId=adminclient-15] Node -1 disconnected.
[kafka-admin-client-thread | adminclient-15] WARN org.apache.kafka.clients.NetworkClient - [AdminClient clientId=adminclient-15] Connection to node -1 (localhost/127.0.0.1:9092) could not be established. Broker may not be available.
[kafka-admin-client-thread | adminclient-19] INFO org.apache.kafka.clients.NetworkClient - [AdminClient clientId=adminclient-19] Node -1 disconnected.
[kafka-admin-client-thread | adminclient-19] WARN org.apache.kafka.clients.NetworkClient - [AdminClient clientId=adminclient-19] Connection to node -1 (localhost/127.0.0.1:9092) could not be established. Broker may not be available.
[kafka-admin-client-thread | adminclient-9] INFO org.apache.kafka.clients.NetworkClient - [AdminClient clientId=adminclient-9] Node -1 disconnected.
[kafka-admin-client-thread | adminclient-3] INFO org.apache.kafka.clients.NetworkClient - [AdminClient clientId=adminclient-3] Node -1 disconnected.
[kafka-admin-client-thread | adminclient-9] WARN org.apache.kafka.clients.NetworkClient - [AdminClient clientId=adminclient-9] Connection to node -1 (localhost/127.0.0.1:9092) could not be established. Broker may not be available.
[kafka-admin-client-thread | adminclient-3] WARN org.apache.kafka.clients.NetworkClient - [AdminClient clientId=adminclient-3] Connection to node -1 (localhost/127.0.0.1:9092) could not be established. Broker may not be available.
[kafka-admin-client-thread | adminclient-8] INFO org.apache.kafka.clients.NetworkClient - [AdminClient clientId=adminclient-8] Node -1 disconnected.
[kafka-admin-client-thread | adminclient-8] WARN org.apache.kafka.clients.NetworkClient - [AdminClient clientId=adminclient-8] Connection to node -1 (localhost/127.0.0.1:9092) could not be established. Broker may not be available.
[kafka-admin-client-thread | adminclient-21] INFO org.apache.kafka.clients.NetworkClient - [AdminClient clientId=adminclient-21] Node -1 disconnected.
[kafka-admin-client-thread | adminclient-21] WARN org.apache.kafka.clients.NetworkClient - [AdminClient clientId=adminclient-21] Connection to node -1 (localhost/127.0.0.1:9092) could not be established. Broker may not be available.
[kafka-admin-client-thread | adminclient-24] INFO org.apache.kafka.clients.NetworkClient - [AdminClient clientId=adminclient-24] Node -1 disconnected.
[kafka-admin-client-thread | adminclient-24] WARN org.apache.kafka.clients.NetworkClient - [AdminClient clientId=adminclient-24] Connection to node -1 (localhost/127.0.0.1:9092) could not be established. Broker may not be available.
[kafka-admin-client-thread | adminclient-18] INFO org.apache.kafka.clients.NetworkClient - [AdminClient clientId=adminclient-18] Node -1 disconnected.
[kafka-admin-client-thread | adminclient-18] WARN org.apache.kafka.clients.NetworkClient - [AdminClient clientId=adminclient-18] Connection to node -1 (localhost/127.0.0.1:9092) could not be established. Broker may not be available.
[kafka-admin-client-thread | adminclient-26] INFO org.apache.kafka.clients.NetworkClient - [AdminClient clientId=adminclient-26] Node -1 disconnected.
[kafka-admin-client-thread | adminclient-26] WARN org.apache.kafka.clients.NetworkClient - [AdminClient clientId=adminclient-26] Connection to node -1 (localhost/127.0.0.1:9092) could not be established. Broker may not be available.
[kafka-admin-client-thread | adminclient-20] INFO org.apache.kafka.clients.NetworkClient - [AdminClient clientId=adminclient-20] Node -1 disconnected.
[kafka-admin-client-thread | adminclient-2] INFO org.apache.kafka.clients.NetworkClient - [AdminClient clientId=adminclient-2] Node -1 disconnected.
[kafka-admin-client-thread | adminclient-20] WARN org.apache.kafka.clients.NetworkClient - [AdminClient clientId=adminclient-20] Connection to node -1 (localhost/127.0.0.1:9092) could not be established. Broker may not be available.
[kafka-admin-client-thread | adminclient-2] WARN org.apache.kafka.clients.NetworkClient - [AdminClient clientId=adminclient-2] Connection to node -1 (localhost/127.0.0.1:9092) could not be established. Broker may not be available.
[kafka-admin-client-thread | adminclient-25] INFO org.apache.kafka.clients.NetworkClient - [AdminClient clientId=adminclient-25] Node -1 disconnected.
[kafka-admin-client-thread | adminclient-25] WARN org.apache.kafka.clients.NetworkClient - [AdminClient clientId=adminclient-25] Connection to node -1 (localhost/127.0.0.1:9092) could not be established. Broker may not be available.
[kafka-admin-client-thread | adminclient-1] INFO org.apache.kafka.clients.NetworkClient - [AdminClient clientId=adminclient-1] Node -1 disconnected.
[kafka-admin-client-thread | adminclient-1] WARN org.apache.kafka.clients.NetworkClient - [AdminClient clientId=adminclient-1] Connection to node -1 (localhost/127.0.0.1:9092) could not be established. Broker may not be available.
[kafka-admin-client-thread | adminclient-13] INFO org.apache.kafka.clients.NetworkClient - [AdminClient clientId=adminclient-13] Node -1 disconnected.
[kafka-admin-client-thread | adminclient-14] INFO org.apache.kafka.clients.NetworkClient - [AdminClient clientId=adminclient-14] Node -1 disconnected.
[kafka-admin-client-thread | adminclient-13] WARN org.apache.kafka.clients.NetworkClient - [AdminClient clientId=adminclient-13] Connection to node -1 (localhost/127.0.0.1:9092) could not be established. Broker may not be available.
[kafka-admin-client-thread | adminclient-14] WARN org.apache.kafka.clients.NetworkClient - [AdminClient clientId=adminclient-14] Connection to node -1 (localhost/127.0.0.1:9092) could not be established. Broker may not be available.
[kafka-admin-client-thread | adminclient-29] INFO org.apache.kafka.clients.NetworkClient - [AdminClient clientId=adminclient-29] Node -1 disconnected.
[kafka-admin-client-thread | adminclient-29] WARN org.apache.kafka.clients.NetworkClient - [AdminClient clientId=adminclient-29] Connection to node -1 (localhost/127.0.0.1:9092) could not be established. Broker may not be available.
[kafka-admin-client-thread | adminclient-22] INFO org.apache.kafka.clients.NetworkClient - [AdminClient clientId=adminclient-22] Node -1 disconnected.
[kafka-admin-client-thread | adminclient-22] WARN org.apache.kafka.clients.NetworkClient - [AdminClient clientId=adminclient-22] Connection to node -1 (localhost/127.0.0.1:9092) could not be established. Broker may not be available.
[kafka-admin-client-thread | adminclient-10] INFO org.apache.kafka.clients.NetworkClient - [AdminClient clientId=adminclient-10] Node -1 disconnected.
[kafka-admin-client-thread | adminclient-10] WARN org.apache.kafka.clients.NetworkClient - [AdminClient clientId=adminclient-10] Connection to node -1 (localhost/127.0.0.1:9092) could not be established. Broker may not be available.
[kafka-admin-client-thread | adminclient-12] INFO org.apache.kafka.clients.NetworkClient - [AdminClient clientId=adminclient-12] Node -1 disconnected.
[kafka-admin-client-thread | adminclient-12] WARN org.apache.kafka.clients.NetworkClient - [AdminClient clientId=adminclient-12] Connection to node -1 (localhost/127.0.0.1:9092) could not be established. Broker may not be available.
[kafka-admin-client-thread | adminclient-4] INFO org.apache.kafka.clients.NetworkClient - [AdminClient clientId=adminclient-4] Node -1 disconnected.
[kafka-admin-client-thread | adminclient-4] WARN org.apache.kafka.clients.NetworkClient - [AdminClient clientId=adminclient-4] Connection to node -1 (localhost/127.0.0.1:9092) could not be established. Broker may not be available.
[kafka-admin-client-thread | adminclient-28] INFO org.apache.kafka.clients.NetworkClient - [AdminClient clientId=adminclient-28] Node -1 disconnected.
[kafka-admin-client-thread | adminclient-7] INFO org.apache.kafka.clients.NetworkClient - [AdminClient clientId=adminclient-7] Node -1 disconnected.
[kafka-admin-client-thread | adminclient-28] WARN org.apache.kafka.clients.NetworkClient - [AdminClient clientId=adminclient-28] Connection to node -1 (localhost/127.0.0.1:9092) could not be established. Broker may not be available.
[kafka-admin-client-thread | adminclient-7] WARN org.apache.kafka.clients.NetworkClient - [AdminClient clientId=adminclient-7] Connection to node -1 (localhost/127.0.0.1:9092) could not be established. Broker may not be available.
[kafka-admin-client-thread | adminclient-16] INFO org.apache.kafka.clients.NetworkClient - [AdminClient clientId=adminclient-16] Node -1 disconnected.
[kafka-admin-client-thread | adminclient-16] WARN org.apache.kafka.clients.NetworkClient - [AdminClient clientId=adminclient-16] Connection to node -1 (localhost/127.0.0.1:9092) could not be established. Broker may not be available.
[kafka-admin-client-thread | adminclient-23] INFO org.apache.kafka.clients.NetworkClient - [AdminClient clientId=adminclient-23] Node -1 disconnected.
[kafka-admin-client-thread | adminclient-23] WARN org.apache.kafka.clients.NetworkClient - [AdminClient clientId=adminclient-23] Connection to node -1 (localhost/127.0.0.1:9092) could not be established. Broker may not be available.
[kafka-admin-client-thread | adminclient-30] INFO org.apache.kafka.clients.NetworkClient - [AdminClient clientId=adminclient-30] Node -1 disconnected.
[kafka-admin-client-thread | adminclient-30] WARN org.apache.kafka.clients.NetworkClient - [AdminClient clientId=adminclient-30] Connection to node -1 (localhost/127.0.0.1:9092) could not be established. Broker may not be available.
[kafka-admin-client-thread | adminclient-9] INFO org.apache.kafka.clients.NetworkClient - [AdminClient clientId=adminclient-9] Node -1 disconnected.
[kafka-admin-client-thread | adminclient-9] WARN org.apache.kafka.clients.NetworkClient - [AdminClient clientId=adminclient-9] Connection to node -1 (localhost/127.0.0.1:9092) could not be established. Broker may not be available.
[kafka-admin-client-thread | adminclient-11] INFO org.apache.kafka.clients.NetworkClient - [AdminClient clientId=adminclient-11] Node -1 disconnected.
[kafka-admin-client-thread | adminclient-11] WARN org.apache.kafka.clients.NetworkClient - [AdminClient clientId=adminclient-11] Connection to node -1 (localhost/127.0.0.1:9092) could not be established. Broker may not be available.
[kafka-admin-client-thread | adminclient-8] INFO org.apache.kafka.clients.NetworkClient - [AdminClient clientId=adminclient-8] Node -1 disconnected.
[kafka-admin-client-thread | adminclient-8] WARN org.apache.kafka.clients.NetworkClient - [AdminClient clientId=adminclient-8] Connection to node -1 (localhost/127.0.0.1:9092) could not be established. Broker may not be available.
[kafka-admin-client-thread | adminclient-27] INFO org.apache.kafka.clients.NetworkClient - [AdminClient clientId=adminclient-27] Node -1 disconnected.
[kafka-admin-client-thread | adminclient-27] WARN org.apache.kafka.clients.NetworkClient - [AdminClient clientId=adminclient-27] Connection to node -1 (localhost/127.0.0.1:9092) could not be established. Broker may not be available.
[kafka-admin-client-thread | adminclient-19] INFO org.apache.kafka.clients.NetworkClient - [AdminClient clientId=adminclient-19] Node -1 disconnected.
[kafka-admin-client-thread | adminclient-19] WARN org.apache.kafka.clients.NetworkClient - [AdminClient clientId=adminclient-19] Connection to node -1 (localhost/127.0.0.1:9092) could not be established. Broker may not be available.
[kafka-admin-client-thread | adminclient-17] INFO org.apache.kafka.clients.NetworkClient - [AdminClient clientId=adminclient-17] Node -1 disconnected.
[kafka-admin-client-thread | adminclient-17] WARN org.apache.kafka.clients.NetworkClient - [AdminClient clientId=adminclient-17] Connection to node -1 (localhost/127.0.0.1:9092) could not be established. Broker may not be available.
[kafka-admin-client-thread | adminclient-24] INFO org.apache.kafka.clients.NetworkClient - [AdminClient clientId=adminclient-24] Node -1 disconnected.
[kafka-admin-client-thread | adminclient-24] WARN org.apache.kafka.clients.NetworkClient - [AdminClient clientId=adminclient-24] Connection to node -1 (localhost/127.0.0.1:9092) could not be established. Broker may not be available.
[kafka-admin-client-thread | adminclient-15] INFO org.apache.kafka.clients.NetworkClient - [AdminClient clientId=adminclient-15] Node -1 disconnected.
[kafka-admin-client-thread | adminclient-15] WARN org.apache.kafka.clients.NetworkClient - [AdminClient clientId=adminclient-15] Connection to node -1 (localhost/127.0.0.1:9092) could not be established. Broker may not be available.
[kafka-admin-client-thread | adminclient-18] INFO org.apache.kafka.clients.NetworkClient - [AdminClient clientId=adminclient-18] Node -1 disconnected.
[kafka-admin-client-thread | adminclient-18] WARN org.apache.kafka.clients.NetworkClient - [AdminClient clientId=adminclient-18] Connection to node -1 (localhost/127.0.0.1:9092) could not be established. Broker may not be available.
[kafka-admin-client-thread | adminclient-21] INFO org.apache.kafka.clients.NetworkClient - [AdminClient clientId=adminclient-21] Node -1 disconnected.
[kafka-admin-client-thread | adminclient-21] WARN org.apache.kafka.clients.NetworkClient - [AdminClient clientId=adminclient-21] Connection to node -1 (localhost/127.0.0.1:9092) could not be established. Broker may not be available.
[kafka-admin-client-thread | adminclient-26] INFO org.apache.kafka.clients.NetworkClient - [AdminClient clientId=adminclient-26] Node -1 disconnected.
[kafka-admin-client-thread | adminclient-3] INFO org.apache.kafka.clients.NetworkClient - [AdminClient clientId=adminclient-3] Node -1 disconnected.
[kafka-admin-client-thread | adminclient-26] WARN org.apache.kafka.clients.NetworkClient - [AdminClient clientId=adminclient-26] Connection to node -1 (localhost/127.0.0.1:9092) could not be established. Broker may not be available.
[kafka-admin-client-thread | adminclient-3] WARN org.apache.kafka.clients.NetworkClient - [AdminClient clientId=adminclient-3] Connection to node -1 (localhost/127.0.0.1:9092) could not be established. Broker may not be available.
[kafka-admin-client-thread | adminclient-20] INFO org.apache.kafka.clients.NetworkClient - [AdminClient clientId=adminclient-20] Node -1 disconnected.
[kafka-admin-client-thread | adminclient-20] WARN org.apache.kafka.clients.NetworkClient - [AdminClient clientId=adminclient-20] Connection to node -1 (localhost/127.0.0.1:9092) could not be established. Broker may not be available.
[kafka-admin-client-thread | adminclient-25] INFO org.apache.kafka.clients.NetworkClient - [AdminClient clientId=adminclient-25] Node -1 disconnected.
[kafka-admin-client-thread | adminclient-25] WARN org.apache.kafka.clients.NetworkClient - [AdminClient clientId=adminclient-25] Connection to node -1 (localhost/127.0.0.1:9092) could not be established. Broker may not be available.
[kafka-admin-client-thread | adminclient-1] INFO org.apache.kafka.clients.NetworkClient - [AdminClient clientId=adminclient-1] Node -1 disconnected.
[kafka-admin-client-thread | adminclient-1] WARN org.apache.kafka.clients.NetworkClient - [AdminClient clientId=adminclient-1] Connection to node -1 (localhost/127.0.0.1:9092) could not be established. Broker may not be available.
[kafka-admin-client-thread | adminclient-2] INFO org.apache.kafka.clients.NetworkClient - [AdminClient clientId=adminclient-2] Node -1 disconnected.
[kafka-admin-client-thread | adminclient-2] WARN org.apache.kafka.clients.NetworkClient - [AdminClient clientId=adminclient-2] Connection to node -1 (localhost/127.0.0.1:9092) could not be established. Broker may not be available.
[kafka-admin-client-thread | adminclient-14] INFO org.apache.kafka.clients.NetworkClient - [AdminClient clientId=adminclient-14] Node -1 disconnected.
[kafka-admin-client-thread | adminclient-14] WARN org.apache.kafka.clients.NetworkClient - [AdminClient clientId=adminclient-14] Connection to node -1 (localhost/127.0.0.1:9092) could not be established. Broker may not be available.
[kafka-admin-client-thread | adminclient-29] INFO org.apache.kafka.clients.NetworkClient - [AdminClient clientId=adminclient-29] Node -1 disconnected.
[kafka-admin-client-thread | adminclient-29] WARN org.apache.kafka.clients.NetworkClient - [AdminClient clientId=adminclient-29] Connection to node -1 (localhost/127.0.0.1:9092) could not be established. Broker may not be available.
[kafka-admin-client-thread | adminclient-4] INFO org.apache.kafka.clients.NetworkClient - [AdminClient clientId=adminclient-4] Node -1 disconnected.
[kafka-admin-client-thread | adminclient-10] INFO org.apache.kafka.clients.NetworkClient - [AdminClient clientId=adminclient-10] Node -1 disconnected.
[kafka-admin-client-thread | adminclient-4] WARN org.apache.kafka.clients.NetworkClient - [AdminClient clientId=adminclient-4] Connection to node -1 (localhost/127.0.0.1:9092) could not be established. Broker may not be available.
[kafka-admin-client-thread | adminclient-10] WARN org.apache.kafka.clients.NetworkClient - [AdminClient clientId=adminclient-10] Connection to node -1 (localhost/127.0.0.1:9092) could not be established. Broker may not be available.
[kafka-admin-client-thread | adminclient-16] INFO org.apache.kafka.clients.NetworkClient - [AdminClient clientId=adminclient-16] Node -1 disconnected.
[kafka-admin-client-thread | adminclient-16] WARN org.apache.kafka.clients.NetworkClient - [AdminClient clientId=adminclient-16] Connection to node -1 (localhost/127.0.0.1:9092) could not be established. Broker may not be available.
[kafka-admin-client-thread | adminclient-22] INFO org.apache.kafka.clients.NetworkClient - [AdminClient clientId=adminclient-22] Node -1 disconnected.
[kafka-admin-client-thread | adminclient-23] INFO org.apache.kafka.clients.NetworkClient - [AdminClient clientId=adminclient-23] Node -1 disconnected.
[kafka-admin-client-thread | adminclient-22] WARN org.apache.kafka.clients.NetworkClient - [AdminClient clientId=adminclient-22] Connection to node -1 (localhost/127.0.0.1:9092) could not be established. Broker may not be available.
[kafka-admin-client-thread | adminclient-23] WARN org.apache.kafka.clients.NetworkClient - [AdminClient clientId=adminclient-23] Connection to node -1 (localhost/127.0.0.1:9092) could not be established. Broker may not be available.
[kafka-admin-client-thread | adminclient-13] INFO org.apache.kafka.clients.NetworkClient - [AdminClient clientId=adminclient-13] Node -1 disconnected.
[kafka-admin-client-thread | adminclient-13] WARN org.apache.kafka.clients.NetworkClient - [AdminClient clientId=adminclient-13] Connection to node -1 (localhost/127.0.0.1:9092) could not be established. Broker may not be available.
[kafka-admin-client-thread | adminclient-12] INFO org.apache.kafka.clients.NetworkClient - [AdminClient clientId=adminclient-12] Node -1 disconnected.
[kafka-admin-client-thread | adminclient-11] INFO org.apache.kafka.clients.NetworkClient - [AdminClient clientId=adminclient-11] Node -1 disconnected.
[kafka-admin-client-thread | adminclient-12] WARN org.apache.kafka.clients.NetworkClient - [AdminClient clientId=adminclient-12] Connection to node -1 (localhost/127.0.0.1:9092) could not be established. Broker may not be available.
[kafka-admin-client-thread | adminclient-11] WARN org.apache.kafka.clients.NetworkClient - [AdminClient clientId=adminclient-11] Connection to node -1 (localhost/127.0.0.1:9092) could not be established. Broker may not be available.
[kafka-admin-client-thread | adminclient-28] INFO org.apache.kafka.clients.NetworkClient - [AdminClient clientId=adminclient-28] Node -1 disconnected.
[kafka-admin-client-thread | adminclient-28] WARN org.apache.kafka.clients.NetworkClient - [AdminClient clientId=adminclient-28] Connection to node -1 (localhost/127.0.0.1:9092) could not be established. Broker may not be available.
[kafka-admin-client-thread | adminclient-27] INFO org.apache.kafka.clients.NetworkClient - [AdminClient clientId=adminclient-27] Node -1 disconnected.
[kafka-admin-client-thread | adminclient-27] WARN org.apache.kafka.clients.NetworkClient - [AdminClient clientId=adminclient-27] Connection to node -1 (localhost/127.0.0.1:9092) could not be established. Broker may not be available.
[kafka-admin-client-thread | adminclient-19] INFO org.apache.kafka.clients.NetworkClient - [AdminClient clientId=adminclient-19] Node -1 disconnected.
[kafka-admin-client-thread | adminclient-19] WARN org.apache.kafka.clients.NetworkClient - [AdminClient clientId=adminclient-19] Connection to node -1 (localhost/127.0.0.1:9092) could not be established. Broker may not be available.
[kafka-admin-client-thread | adminclient-7] INFO org.apache.kafka.clients.NetworkClient - [AdminClient clientId=adminclient-7] Node -1 disconnected.
[kafka-admin-client-thread | adminclient-7] WARN org.apache.kafka.clients.NetworkClient - [AdminClient clientId=adminclient-7] Connection to node -1 (localhost/127.0.0.1:9092) could not be established. Broker may not be available.
[kafka-admin-client-thread | adminclient-8] INFO org.apache.kafka.clients.NetworkClient - [AdminClient clientId=adminclient-8] Node -1 disconnected.
[kafka-admin-client-thread | adminclient-8] WARN org.apache.kafka.clients.NetworkClient - [AdminClient clientId=adminclient-8] Connection to node -1 (localhost/127.0.0.1:9092) could not be established. Broker may not be available.
[kafka-admin-client-thread | adminclient-30] INFO org.apache.kafka.clients.NetworkClient - [AdminClient clientId=adminclient-30] Node -1 disconnected.
[kafka-admin-client-thread | adminclient-30] WARN org.apache.kafka.clients.NetworkClient - [AdminClient clientId=adminclient-30] Connection to node -1 (localhost/127.0.0.1:9092) could not be established. Broker may not be available.
[kafka-admin-client-thread | adminclient-9] INFO org.apache.kafka.clients.NetworkClient - [AdminClient clientId=adminclient-9] Node -1 disconnected.
[kafka-admin-client-thread | adminclient-9] WARN org.apache.kafka.clients.NetworkClient - [AdminClient clientId=adminclient-9] Connection to node -1 (localhost/127.0.0.1:9092) could not be established. Broker may not be available.
[kafka-admin-client-thread | adminclient-15] INFO org.apache.kafka.clients.NetworkClient - [AdminClient clientId=adminclient-15] Node -1 disconnected.
[kafka-admin-client-thread | adminclient-15] WARN org.apache.kafka.clients.NetworkClient - [AdminClient clientId=adminclient-15] Connection to node -1 (localhost/127.0.0.1:9092) could not be established. Broker may not be available.
[kafka-admin-client-thread | adminclient-24] INFO org.apache.kafka.clients.NetworkClient - [AdminClient clientId=adminclient-24] Node -1 disconnected.
[kafka-admin-client-thread | adminclient-24] WARN org.apache.kafka.clients.NetworkClient - [AdminClient clientId=adminclient-24] Connection to node -1 (localhost/127.0.0.1:9092) could not be established. Broker may not be available.
[kafka-admin-client-thread | adminclient-26] INFO org.apache.kafka.clients.NetworkClient - [AdminClient clientId=adminclient-26] Node -1 disconnected.
[kafka-admin-client-thread | adminclient-3] INFO org.apache.kafka.clients.NetworkClient - [AdminClient clientId=adminclient-3] Node -1 disconnected.
[kafka-admin-client-thread | adminclient-26] WARN org.apache.kafka.clients.NetworkClient - [AdminClient clientId=adminclient-26] Connection to node -1 (localhost/127.0.0.1:9092) could not be established. Broker may not be available.
[kafka-admin-client-thread | adminclient-3] WARN org.apache.kafka.clients.NetworkClient - [AdminClient clientId=adminclient-3] Connection to node -1 (localhost/127.0.0.1:9092) could not be established. Broker may not be available.
[kafka-admin-client-thread | adminclient-17] INFO org.apache.kafka.clients.NetworkClient - [AdminClient clientId=adminclient-17] Node -1 disconnected.
[kafka-admin-client-thread | adminclient-17] WARN org.apache.kafka.clients.NetworkClient - [AdminClient clientId=adminclient-17] Connection to node -1 (localhost/127.0.0.1:9092) could not be established. Broker may not be available.
[kafka-admin-client-thread | adminclient-20] INFO org.apache.kafka.clients.NetworkClient - [AdminClient clientId=adminclient-20] Node -1 disconnected.
[kafka-admin-client-thread | adminclient-20] WARN org.apache.kafka.clients.NetworkClient - [AdminClient clientId=adminclient-20] Connection to node -1 (localhost/127.0.0.1:9092) could not be established. Broker may not be available.
[kafka-admin-client-thread | adminclient-18] INFO org.apache.kafka.clients.NetworkClient - [AdminClient clientId=adminclient-18] Node -1 disconnected.
[kafka-admin-client-thread | adminclient-18] WARN org.apache.kafka.clients.NetworkClient - [AdminClient clientId=adminclient-18] Connection to node -1 (localhost/127.0.0.1:9092) could not be established. Broker may not be available.
[kafka-admin-client-thread | adminclient-21] INFO org.apache.kafka.clients.NetworkClient - [AdminClient clientId=adminclient-21] Node -1 disconnected.
[kafka-admin-client-thread | adminclient-21] WARN org.apache.kafka.clients.NetworkClient - [AdminClient clientId=adminclient-21] Connection to node -1 (localhost/127.0.0.1:9092) could not be established. Broker may not be available.
[kafka-admin-client-thread | adminclient-25] INFO org.apache.kafka.clients.NetworkClient - [AdminClient clientId=adminclient-25] Node -1 disconnected.
[kafka-admin-client-thread | adminclient-25] WARN org.apache.kafka.clients.NetworkClient - [AdminClient clientId=adminclient-25] Connection to node -1 (localhost/127.0.0.1:9092) could not be established. Broker may not be available.
[kafka-admin-client-thread | adminclient-2] INFO org.apache.kafka.clients.NetworkClient - [AdminClient clientId=adminclient-2] Node -1 disconnected.
[kafka-admin-client-thread | adminclient-2] WARN org.apache.kafka.clients.NetworkClient - [AdminClient clientId=adminclient-2] Connection to node -1 (localhost/127.0.0.1:9092) could not be established. Broker may not be available.
[kafka-admin-client-thread | adminclient-4] INFO org.apache.kafka.clients.NetworkClient - [AdminClient clientId=adminclient-4] Node -1 disconnected.
[kafka-admin-client-thread | adminclient-10] INFO org.apache.kafka.clients.NetworkClient - [AdminClient clientId=adminclient-10] Node -1 disconnected.
[kafka-admin-client-thread | adminclient-4] WARN org.apache.kafka.clients.NetworkClient - [AdminClient clientId=adminclient-4] Connection to node -1 (localhost/127.0.0.1:9092) could not be established. Broker may not be available.
[kafka-admin-client-thread | adminclient-10] WARN org.apache.kafka.clients.NetworkClient - [AdminClient clientId=adminclient-10] Connection to node -1 (localhost/127.0.0.1:9092) could not be established. Broker may not be available.
[kafka-admin-client-thread | adminclient-14] INFO org.apache.kafka.clients.NetworkClient - [AdminClient clientId=adminclient-14] Node -1 disconnected.
[kafka-admin-client-thread | adminclient-14] WARN org.apache.kafka.clients.NetworkClient - [AdminClient clientId=adminclient-14] Connection to node -1 (localhost/127.0.0.1:9092) could not be established. Broker may not be available.
[kafka-admin-client-thread | adminclient-16] INFO org.apache.kafka.clients.NetworkClient - [AdminClient clientId=adminclient-16] Node -1 disconnected.
[kafka-admin-client-thread | adminclient-1] INFO org.apache.kafka.clients.NetworkClient - [AdminClient clientId=adminclient-1] Node -1 disconnected.
[kafka-admin-client-thread | adminclient-16] WARN org.apache.kafka.clients.NetworkClient - [AdminClient clientId=adminclient-16] Connection to node -1 (localhost/127.0.0.1:9092) could not be established. Broker may not be available.
[kafka-admin-client-thread | adminclient-1] WARN org.apache.kafka.clients.NetworkClient - [AdminClient clientId=adminclient-1] Connection to node -1 (localhost/127.0.0.1:9092) could not be established. Broker may not be available.
[kafka-admin-client-thread | adminclient-22] INFO org.apache.kafka.clients.NetworkClient - [AdminClient clientId=adminclient-22] Node -1 disconnected.
[kafka-admin-client-thread | adminclient-22] WARN org.apache.kafka.clients.NetworkClient - [AdminClient clientId=adminclient-22] Connection to node -1 (localhost/127.0.0.1:9092) could not be established. Broker may not be available.
[kafka-admin-client-thread | adminclient-28] INFO org.apache.kafka.clients.NetworkClient - [AdminClient clientId=adminclient-28] Node -1 disconnected.
[kafka-admin-client-thread | adminclient-28] WARN org.apache.kafka.clients.NetworkClient - [AdminClient clientId=adminclient-28] Connection to node -1 (localhost/127.0.0.1:9092) could not be established. Broker may not be available.
[kafka-admin-client-thread | adminclient-29] INFO org.apache.kafka.clients.NetworkClient - [AdminClient clientId=adminclient-29] Node -1 disconnected.
[kafka-admin-client-thread | adminclient-29] WARN org.apache.kafka.clients.NetworkClient - [AdminClient clientId=adminclient-29] Connection to node -1 (localhost/127.0.0.1:9092) could not be established. Broker may not be available.
[kafka-admin-client-thread | adminclient-15] INFO org.apache.kafka.clients.NetworkClient - [AdminClient clientId=adminclient-15] Node -1 disconnected.
[kafka-admin-client-thread | adminclient-15] WARN org.apache.kafka.clients.NetworkClient - [AdminClient clientId=adminclient-15] Connection to node -1 (localhost/127.0.0.1:9092) could not be established. Broker may not be available.
[kafka-admin-client-thread | adminclient-30] INFO org.apache.kafka.clients.NetworkClient - [AdminClient clientId=adminclient-30] Node -1 disconnected.
[kafka-admin-client-thread | adminclient-30] WARN org.apache.kafka.clients.NetworkClient - [AdminClient clientId=adminclient-30] Connection to node -1 (localhost/127.0.0.1:9092) could not be established. Broker may not be available.
[kafka-admin-client-thread | adminclient-23] INFO org.apache.kafka.clients.NetworkClient - [AdminClient clientId=adminclient-23] Node -1 disconnected.
[kafka-admin-client-thread | adminclient-23] WARN org.apache.kafka.clients.NetworkClient - [AdminClient clientId=adminclient-23] Connection to node -1 (localhost/127.0.0.1:9092) could not be established. Broker may not be available.
[kafka-admin-client-thread | adminclient-26] INFO org.apache.kafka.clients.NetworkClient - [AdminClient clientId=adminclient-26] Node -1 disconnected.
[kafka-admin-client-thread | adminclient-26] WARN org.apache.kafka.clients.NetworkClient - [AdminClient clientId=adminclient-26] Connection to node -1 (localhost/127.0.0.1:9092) could not be established. Broker may not be available.
[kafka-admin-client-thread | adminclient-11] INFO org.apache.kafka.clients.NetworkClient - [AdminClient clientId=adminclient-11] Node -1 disconnected.
[kafka-admin-client-thread | adminclient-11] WARN org.apache.kafka.clients.NetworkClient - [AdminClient clientId=adminclient-11] Connection to node -1 (localhost/127.0.0.1:9092) could not be established. Broker may not be available.
[kafka-admin-client-thread | adminclient-13] INFO org.apache.kafka.clients.NetworkClient - [AdminClient clientId=adminclient-13] Node -1 disconnected.
[kafka-admin-client-thread | adminclient-13] WARN org.apache.kafka.clients.NetworkClient - [AdminClient clientId=adminclient-13] Connection to node -1 (localhost/127.0.0.1:9092) could not be established. Broker may not be available.
[kafka-admin-client-thread | adminclient-7] INFO org.apache.kafka.clients.NetworkClient - [AdminClient clientId=adminclient-7] Node -1 disconnected.
[kafka-admin-client-thread | adminclient-7] WARN org.apache.kafka.clients.NetworkClient - [AdminClient clientId=adminclient-7] Connection to node -1 (localhost/127.0.0.1:9092) could not be established. Broker may not be available.
[kafka-admin-client-thread | adminclient-27] INFO org.apache.kafka.clients.NetworkClient - [AdminClient clientId=adminclient-27] Node -1 disconnected.
[kafka-admin-client-thread | adminclient-27] WARN org.apache.kafka.clients.NetworkClient - [AdminClient clientId=adminclient-27] Connection to node -1 (localhost/127.0.0.1:9092) could not be established. Broker may not be available.
[kafka-admin-client-thread | adminclient-3] INFO org.apache.kafka.clients.NetworkClient - [AdminClient clientId=adminclient-3] Node -1 disconnected.
[kafka-admin-client-thread | adminclient-9] INFO org.apache.kafka.clients.NetworkClient - [AdminClient clientId=adminclient-9] Node -1 disconnected.
[kafka-admin-client-thread | adminclient-3] WARN org.apache.kafka.clients.NetworkClient - [AdminClient clientId=adminclient-3] Connection to node -1 (localhost/127.0.0.1:9092) could not be established. Broker may not be available.
[kafka-admin-client-thread | adminclient-9] WARN org.apache.kafka.clients.NetworkClient - [AdminClient clientId=adminclient-9] Connection to node -1 (localhost/127.0.0.1:9092) could not be established. Broker may not be available.
[kafka-admin-client-thread | adminclient-12] INFO org.apache.kafka.clients.NetworkClient - [AdminClient clientId=adminclient-12] Node -1 disconnected.
[kafka-admin-client-thread | adminclient-12] WARN org.apache.kafka.clients.NetworkClient - [AdminClient clientId=adminclient-12] Connection to node -1 (localhost/127.0.0.1:9092) could not be established. Broker may not be available.
[kafka-admin-client-thread | adminclient-8] INFO org.apache.kafka.clients.NetworkClient - [AdminClient clientId=adminclient-8] Node -1 disconnected.
[kafka-admin-client-thread | adminclient-8] WARN org.apache.kafka.clients.NetworkClient - [AdminClient clientId=adminclient-8] Connection to node -1 (localhost/127.0.0.1:9092) could not be established. Broker may not be available.
[kafka-admin-client-thread | adminclient-19] INFO org.apache.kafka.clients.NetworkClient - [AdminClient clientId=adminclient-19] Node -1 disconnected.
[kafka-admin-client-thread | adminclient-19] WARN org.apache.kafka.clients.NetworkClient - [AdminClient clientId=adminclient-19] Connection to node -1 (localhost/127.0.0.1:9092) could not be established. Broker may not be available.
[kafka-admin-client-thread | adminclient-24] INFO org.apache.kafka.clients.NetworkClient - [AdminClient clientId=adminclient-24] Node -1 disconnected.
[kafka-admin-client-thread | adminclient-24] WARN org.apache.kafka.clients.NetworkClient - [AdminClient clientId=adminclient-24] Connection to node -1 (localhost/127.0.0.1:9092) could not be established. Broker may not be available.
[kafka-admin-client-thread | adminclient-20] INFO org.apache.kafka.clients.NetworkClient - [AdminClient clientId=adminclient-20] Node -1 disconnected.
[kafka-admin-client-thread | adminclient-20] WARN org.apache.kafka.clients.NetworkClient - [AdminClient clientId=adminclient-20] Connection to node -1 (localhost/127.0.0.1:9092) could not be established. Broker may not be available.
[kafka-admin-client-thread | adminclient-17] INFO org.apache.kafka.clients.NetworkClient - [AdminClient clientId=adminclient-17] Node -1 disconnected.
[kafka-admin-client-thread | adminclient-17] WARN org.apache.kafka.clients.NetworkClient - [AdminClient clientId=adminclient-17] Connection to node -1 (localhost/127.0.0.1:9092) could not be established. Broker may not be available.
[kafka-admin-client-thread | adminclient-21] INFO org.apache.kafka.clients.NetworkClient - [AdminClient clientId=adminclient-21] Node -1 disconnected.
[kafka-admin-client-thread | adminclient-21] WARN org.apache.kafka.clients.NetworkClient - [AdminClient clientId=adminclient-21] Connection to node -1 (localhost/127.0.0.1:9092) could not be established. Broker may not be available.
[kafka-admin-client-thread | adminclient-10] INFO org.apache.kafka.clients.NetworkClient - [AdminClient clientId=adminclient-10] Node -1 disconnected.
[kafka-admin-client-thread | adminclient-10] WARN org.apache.kafka.clients.NetworkClient - [AdminClient clientId=adminclient-10] Connection to node -1 (localhost/127.0.0.1:9092) could not be established. Broker may not be available.
[kafka-admin-client-thread | adminclient-2] INFO org.apache.kafka.clients.NetworkClient - [AdminClient clientId=adminclient-2] Node -1 disconnected.
[kafka-admin-client-thread | adminclient-2] WARN org.apache.kafka.clients.NetworkClient - [AdminClient clientId=adminclient-2] Connection to node -1 (localhost/127.0.0.1:9092) could not be established. Broker may not be available.
[kafka-admin-client-thread | adminclient-25] INFO org.apache.kafka.clients.NetworkClient - [AdminClient clientId=adminclient-25] Node -1 disconnected.
[kafka-admin-client-thread | adminclient-25] WARN org.apache.kafka.clients.NetworkClient - [AdminClient clientId=adminclient-25] Connection to node -1 (localhost/127.0.0.1:9092) could not be established. Broker may not be available.
[kafka-admin-client-thread | adminclient-4] INFO org.apache.kafka.clients.NetworkClient - [AdminClient clientId=adminclient-4] Node -1 disconnected.
[kafka-admin-client-thread | adminclient-4] WARN org.apache.kafka.clients.NetworkClient - [AdminClient clientId=adminclient-4] Connection to node -1 (localhost/127.0.0.1:9092) could not be established. Broker may not be available.
[kafka-admin-client-thread | adminclient-14] INFO org.apache.kafka.clients.NetworkClient - [AdminClient clientId=adminclient-14] Node -1 disconnected.
[kafka-admin-client-thread | adminclient-14] WARN org.apache.kafka.clients.NetworkClient - [AdminClient clientId=adminclient-14] Connection to node -1 (localhost/127.0.0.1:9092) could not be established. Broker may not be available.
[kafka-admin-client-thread | adminclient-16] INFO org.apache.kafka.clients.NetworkClient - [AdminClient clientId=adminclient-16] Node -1 disconnected.
[kafka-admin-client-thread | adminclient-16] WARN org.apache.kafka.clients.NetworkClient - [AdminClient clientId=adminclient-16] Connection to node -1 (localhost/127.0.0.1:9092) could not be established. Broker may not be available.
[kafka-admin-client-thread | adminclient-18] INFO org.apache.kafka.clients.NetworkClient - [AdminClient clientId=adminclient-18] Node -1 disconnected.
[kafka-admin-client-thread | adminclient-18] WARN org.apache.kafka.clients.NetworkClient - [AdminClient clientId=adminclient-18] Connection to node -1 (localhost/127.0.0.1:9092) could not be established. Broker may not be available.
[kafka-admin-client-thread | adminclient-29] INFO org.apache.kafka.clients.NetworkClient - [AdminClient clientId=adminclient-29] Node -1 disconnected.
[kafka-admin-client-thread | adminclient-29] WARN org.apache.kafka.clients.NetworkClient - [AdminClient clientId=adminclient-29] Connection to node -1 (localhost/127.0.0.1:9092) could not be established. Broker may not be available.
[kafka-admin-client-thread | adminclient-1] INFO org.apache.kafka.clients.NetworkClient - [AdminClient clientId=adminclient-1] Node -1 disconnected.
[kafka-admin-client-thread | adminclient-1] WARN org.apache.kafka.clients.NetworkClient - [AdminClient clientId=adminclient-1] Connection to node -1 (localhost/127.0.0.1:9092) could not be established. Broker may not be available.
[kafka-admin-client-thread | adminclient-30] INFO org.apache.kafka.clients.NetworkClient - [AdminClient clientId=adminclient-30] Node -1 disconnected.
[kafka-admin-client-thread | adminclient-30] WARN org.apache.kafka.clients.NetworkClient - [AdminClient clientId=adminclient-30] Connection to node -1 (localhost/127.0.0.1:9092) could not be established. Broker may not be available.
[kafka-admin-client-thread | adminclient-26] INFO org.apache.kafka.clients.NetworkClient - [AdminClient clientId=adminclient-26] Node -1 disconnected.
[kafka-admin-client-thread | adminclient-26] WARN org.apache.kafka.clients.NetworkClient - [AdminClient clientId=adminclient-26] Connection to node -1 (localhost/127.0.0.1:9092) could not be established. Broker may not be available.
[kafka-admin-client-thread | adminclient-15] INFO org.apache.kafka.clients.NetworkClient - [AdminClient clientId=adminclient-15] Node -1 disconnected.
[kafka-admin-client-thread | adminclient-28] INFO org.apache.kafka.clients.NetworkClient - [AdminClient clientId=adminclient-28] Node -1 disconnected.
[kafka-admin-client-thread | adminclient-28] WARN org.apache.kafka.clients.NetworkClient - [AdminClient clientId=adminclient-28] Connection to node -1 (localhost/127.0.0.1:9092) could not be established. Broker may not be available.
[kafka-admin-client-thread | adminclient-15] WARN org.apache.kafka.clients.NetworkClient - [AdminClient clientId=adminclient-15] Connection to node -1 (localhost/127.0.0.1:9092) could not be established. Broker may not be available.
[kafka-admin-client-thread | adminclient-22] INFO org.apache.kafka.clients.NetworkClient - [AdminClient clientId=adminclient-22] Node -1 disconnected.
[kafka-admin-client-thread | adminclient-22] WARN org.apache.kafka.clients.NetworkClient - [AdminClient clientId=adminclient-22] Connection to node -1 (localhost/127.0.0.1:9092) could not be established. Broker may not be available.
[kafka-admin-client-thread | adminclient-9] INFO org.apache.kafka.clients.NetworkClient - [AdminClient clientId=adminclient-9] Node -1 disconnected.
[kafka-admin-client-thread | adminclient-9] WARN org.apache.kafka.clients.NetworkClient - [AdminClient clientId=adminclient-9] Connection to node -1 (localhost/127.0.0.1:9092) could not be established. Broker may not be available.
[kafka-admin-client-thread | adminclient-13] INFO org.apache.kafka.clients.NetworkClient - [AdminClient clientId=adminclient-13] Node -1 disconnected.
[kafka-admin-client-thread | adminclient-13] WARN org.apache.kafka.clients.NetworkClient - [AdminClient clientId=adminclient-13] Connection to node -1 (localhost/127.0.0.1:9092) could not be established. Broker may not be available.
[kafka-admin-client-thread | adminclient-8] INFO org.apache.kafka.clients.NetworkClient - [AdminClient clientId=adminclient-8] Node -1 disconnected.
[kafka-admin-client-thread | adminclient-8] WARN org.apache.kafka.clients.NetworkClient - [AdminClient clientId=adminclient-8] Connection to node -1 (localhost/127.0.0.1:9092) could not be established. Broker may not be available.
[kafka-admin-client-thread | adminclient-27] INFO org.apache.kafka.clients.NetworkClient - [AdminClient clientId=adminclient-27] Node -1 disconnected.
[kafka-admin-client-thread | adminclient-27] WARN org.apache.kafka.clients.NetworkClient - [AdminClient clientId=adminclient-27] Connection to node -1 (localhost/127.0.0.1:9092) could not be established. Broker may not be available.
[kafka-admin-client-thread | adminclient-12] INFO org.apache.kafka.clients.NetworkClient - [AdminClient clientId=adminclient-12] Node -1 disconnected.
[kafka-admin-client-thread | adminclient-11] INFO org.apache.kafka.clients.NetworkClient - [AdminClient clientId=adminclient-11] Node -1 disconnected.
[kafka-admin-client-thread | adminclient-12] WARN org.apache.kafka.clients.NetworkClient - [AdminClient clientId=adminclient-12] Connection to node -1 (localhost/127.0.0.1:9092) could not be established. Broker may not be available.
[kafka-admin-client-thread | adminclient-11] WARN org.apache.kafka.clients.NetworkClient - [AdminClient clientId=adminclient-11] Connection to node -1 (localhost/127.0.0.1:9092) could not be established. Broker may not be available.
[kafka-admin-client-thread | adminclient-24] INFO org.apache.kafka.clients.NetworkClient - [AdminClient clientId=adminclient-24] Node -1 disconnected.
[kafka-admin-client-thread | adminclient-23] INFO org.apache.kafka.clients.NetworkClient - [AdminClient clientId=adminclient-23] Node -1 disconnected.
[kafka-admin-client-thread | adminclient-24] WARN org.apache.kafka.clients.NetworkClient - [AdminClient clientId=adminclient-24] Connection to node -1 (localhost/127.0.0.1:9092) could not be established. Broker may not be available.
[kafka-admin-client-thread | adminclient-23] WARN org.apache.kafka.clients.NetworkClient - [AdminClient clientId=adminclient-23] Connection to node -1 (localhost/127.0.0.1:9092) could not be established. Broker may not be available.
[kafka-admin-client-thread | adminclient-7] INFO org.apache.kafka.clients.NetworkClient - [AdminClient clientId=adminclient-7] Node -1 disconnected.
[kafka-admin-client-thread | adminclient-7] WARN org.apache.kafka.clients.NetworkClient - [AdminClient clientId=adminclient-7] Connection to node -1 (localhost/127.0.0.1:9092) could not be established. Broker may not be available.
[kafka-admin-client-thread | adminclient-19] INFO org.apache.kafka.clients.NetworkClient - [AdminClient clientId=adminclient-19] Node -1 disconnected.
[kafka-admin-client-thread | adminclient-19] WARN org.apache.kafka.clients.NetworkClient - [AdminClient clientId=adminclient-19] Connection to node -1 (localhost/127.0.0.1:9092) could not be established. Broker may not be available.
[kafka-admin-client-thread | adminclient-21] INFO org.apache.kafka.clients.NetworkClient - [AdminClient clientId=adminclient-21] Node -1 disconnected.
[kafka-admin-client-thread | adminclient-21] WARN org.apache.kafka.clients.NetworkClient - [AdminClient clientId=adminclient-21] Connection to node -1 (localhost/127.0.0.1:9092) could not be established. Broker may not be available.
[kafka-admin-client-thread | adminclient-3] INFO org.apache.kafka.clients.NetworkClient - [AdminClient clientId=adminclient-3] Node -1 disconnected.
[kafka-admin-client-thread | adminclient-3] WARN org.apache.kafka.clients.NetworkClient - [AdminClient clientId=adminclient-3] Connection to node -1 (localhost/127.0.0.1:9092) could not be established. Broker may not be available.
[kafka-admin-client-thread | adminclient-20] INFO org.apache.kafka.clients.NetworkClient - [AdminClient clientId=adminclient-20] Node -1 disconnected.
[kafka-admin-client-thread | adminclient-20] WARN org.apache.kafka.clients.NetworkClient - [AdminClient clientId=adminclient-20] Connection to node -1 (localhost/127.0.0.1:9092) could not be established. Broker may not be available.
[kafka-admin-client-thread | adminclient-17] INFO org.apache.kafka.clients.NetworkClient - [AdminClient clientId=adminclient-17] Node -1 disconnected.
[kafka-admin-client-thread | adminclient-17] WARN org.apache.kafka.clients.NetworkClient - [AdminClient clientId=adminclient-17] Connection to node -1 (localhost/127.0.0.1:9092) could not be established. Broker may not be available.
[kafka-admin-client-thread | adminclient-25] INFO org.apache.kafka.clients.NetworkClient - [AdminClient clientId=adminclient-25] Node -1 disconnected.
[kafka-admin-client-thread | adminclient-25] WARN org.apache.kafka.clients.NetworkClient - [AdminClient clientId=adminclient-25] Connection to node -1 (localhost/127.0.0.1:9092) could not be established. Broker may not be available.
[kafka-admin-client-thread | adminclient-10] INFO org.apache.kafka.clients.NetworkClient - [AdminClient clientId=adminclient-10] Node -1 disconnected.
[kafka-admin-client-thread | adminclient-10] WARN org.apache.kafka.clients.NetworkClient - [AdminClient clientId=adminclient-10] Connection to node -1 (localhost/127.0.0.1:9092) could not be established. Broker may not be available.
[kafka-admin-client-thread | adminclient-16] INFO org.apache.kafka.clients.NetworkClient - [AdminClient clientId=adminclient-16] Node -1 disconnected.
[kafka-admin-client-thread | adminclient-16] WARN org.apache.kafka.clients.NetworkClient - [AdminClient clientId=adminclient-16] Connection to node -1 (localhost/127.0.0.1:9092) could not be established. Broker may not be available.
[kafka-admin-client-thread | adminclient-2] INFO org.apache.kafka.clients.NetworkClient - [AdminClient clientId=adminclient-2] Node -1 disconnected.
[kafka-admin-client-thread | adminclient-2] WARN org.apache.kafka.clients.NetworkClient - [AdminClient clientId=adminclient-2] Connection to node -1 (localhost/127.0.0.1:9092) could not be established. Broker may not be available.
[kafka-admin-client-thread | adminclient-4] INFO org.apache.kafka.clients.NetworkClient - [AdminClient clientId=adminclient-4] Node -1 disconnected.
[kafka-admin-client-thread | adminclient-4] WARN org.apache.kafka.clients.NetworkClient - [AdminClient clientId=adminclient-4] Connection to node -1 (localhost/127.0.0.1:9092) could not be established. Broker may not be available.
[kafka-admin-client-thread | adminclient-29] INFO org.apache.kafka.clients.NetworkClient - [AdminClient clientId=adminclient-29] Node -1 disconnected.
[kafka-admin-client-thread | adminclient-29] WARN org.apache.kafka.clients.NetworkClient - [AdminClient clientId=adminclient-29] Connection to node -1 (localhost/127.0.0.1:9092) could not be established. Broker may not be available.
[kafka-admin-client-thread | adminclient-30] INFO org.apache.kafka.clients.NetworkClient - [AdminClient clientId=adminclient-30] Node -1 disconnected.
[kafka-admin-client-thread | adminclient-30] WARN org.apache.kafka.clients.NetworkClient - [AdminClient clientId=adminclient-30] Connection to node -1 (localhost/127.0.0.1:9092) could not be established. Broker may not be available.
[kafka-admin-client-thread | adminclient-14] INFO org.apache.kafka.clients.NetworkClient - [AdminClient clientId=adminclient-14] Node -1 disconnected.
[kafka-admin-client-thread | adminclient-14] WARN org.apache.kafka.clients.NetworkClient - [AdminClient clientId=adminclient-14] Connection to node -1 (localhost/127.0.0.1:9092) could not be established. Broker may not be available.
[kafka-admin-client-thread | adminclient-18] INFO org.apache.kafka.clients.NetworkClient - [AdminClient clientId=adminclient-18] Node -1 disconnected.
[kafka-admin-client-thread | adminclient-18] WARN org.apache.kafka.clients.NetworkClient - [AdminClient clientId=adminclient-18] Connection to node -1 (localhost/127.0.0.1:9092) could not be established. Broker may not be available.
[kafka-admin-client-thread | adminclient-22] INFO org.apache.kafka.clients.NetworkClient - [AdminClient clientId=adminclient-22] Node -1 disconnected.
[kafka-admin-client-thread | adminclient-22] WARN org.apache.kafka.clients.NetworkClient - [AdminClient clientId=adminclient-22] Connection to node -1 (localhost/127.0.0.1:9092) could not be established. Broker may not be available.
[kafka-admin-client-thread | adminclient-26] INFO org.apache.kafka.clients.NetworkClient - [AdminClient clientId=adminclient-26] Node -1 disconnected.
[kafka-admin-client-thread | adminclient-26] WARN org.apache.kafka.clients.NetworkClient - [AdminClient clientId=adminclient-26] Connection to node -1 (localhost/127.0.0.1:9092) could not be established. Broker may not be available.
[kafka-admin-client-thread | adminclient-8] INFO org.apache.kafka.clients.NetworkClient - [AdminClient clientId=adminclient-8] Node -1 disconnected.
[kafka-admin-client-thread | adminclient-8] WARN org.apache.kafka.clients.NetworkClient - [AdminClient clientId=adminclient-8] Connection to node -1 (localhost/127.0.0.1:9092) could not be established. Broker may not be available.
[kafka-admin-client-thread | adminclient-11] INFO org.apache.kafka.clients.NetworkClient - [AdminClient clientId=adminclient-11] Node -1 disconnected.
[kafka-admin-client-thread | adminclient-12] INFO org.apache.kafka.clients.NetworkClient - [AdminClient clientId=adminclient-12] Node -1 disconnected.
[kafka-admin-client-thread | adminclient-11] WARN org.apache.kafka.clients.NetworkClient - [AdminClient clientId=adminclient-11] Connection to node -1 (localhost/127.0.0.1:9092) could not be established. Broker may not be available.
[kafka-admin-client-thread | adminclient-12] WARN org.apache.kafka.clients.NetworkClient - [AdminClient clientId=adminclient-12] Connection to node -1 (localhost/127.0.0.1:9092) could not be established. Broker may not be available.
[kafka-admin-client-thread | adminclient-1] INFO org.apache.kafka.clients.NetworkClient - [AdminClient clientId=adminclient-1] Node -1 disconnected.
[kafka-admin-client-thread | adminclient-1] WARN org.apache.kafka.clients.NetworkClient - [AdminClient clientId=adminclient-1] Connection to node -1 (localhost/127.0.0.1:9092) could not be established. Broker may not be available.
[kafka-admin-client-thread | adminclient-24] INFO org.apache.kafka.clients.NetworkClient - [AdminClient clientId=adminclient-24] Node -1 disconnected.
[kafka-admin-client-thread | adminclient-24] WARN org.apache.kafka.clients.NetworkClient - [AdminClient clientId=adminclient-24] Connection to node -1 (localhost/127.0.0.1:9092) could not be established. Broker may not be available.
[kafka-admin-client-thread | adminclient-15] INFO org.apache.kafka.clients.NetworkClient - [AdminClient clientId=adminclient-15] Node -1 disconnected.
[kafka-admin-client-thread | adminclient-28] INFO org.apache.kafka.clients.NetworkClient - [AdminClient clientId=adminclient-28] Node -1 disconnected.
[kafka-admin-client-thread | adminclient-15] WARN org.apache.kafka.clients.NetworkClient - [AdminClient clientId=adminclient-15] Connection to node -1 (localhost/127.0.0.1:9092) could not be established. Broker may not be available.
[kafka-admin-client-thread | adminclient-28] WARN org.apache.kafka.clients.NetworkClient - [AdminClient clientId=adminclient-28] Connection to node -1 (localhost/127.0.0.1:9092) could not be established. Broker may not be available.
[kafka-admin-client-thread | adminclient-27] INFO org.apache.kafka.clients.NetworkClient - [AdminClient clientId=adminclient-27] Node -1 disconnected.
[kafka-admin-client-thread | adminclient-27] WARN org.apache.kafka.clients.NetworkClient - [AdminClient clientId=adminclient-27] Connection to node -1 (localhost/127.0.0.1:9092) could not be established. Broker may not be available.
[kafka-admin-client-thread | adminclient-9] INFO org.apache.kafka.clients.NetworkClient - [AdminClient clientId=adminclient-9] Node -1 disconnected.
[kafka-admin-client-thread | adminclient-9] WARN org.apache.kafka.clients.NetworkClient - [AdminClient clientId=adminclient-9] Connection to node -1 (localhost/127.0.0.1:9092) could not be established. Broker may not be available.
[kafka-admin-client-thread | adminclient-13] INFO org.apache.kafka.clients.NetworkClient - [AdminClient clientId=adminclient-13] Node -1 disconnected.
[kafka-admin-client-thread | adminclient-13] WARN org.apache.kafka.clients.NetworkClient - [AdminClient clientId=adminclient-13] Connection to node -1 (localhost/127.0.0.1:9092) could not be established. Broker may not be available.
[kafka-admin-client-thread | adminclient-7] INFO org.apache.kafka.clients.NetworkClient - [AdminClient clientId=adminclient-7] Node -1 disconnected.
[kafka-admin-client-thread | adminclient-7] WARN org.apache.kafka.clients.NetworkClient - [AdminClient clientId=adminclient-7] Connection to node -1 (localhost/127.0.0.1:9092) could not be established. Broker may not be available.
[kafka-admin-client-thread | adminclient-20] INFO org.apache.kafka.clients.NetworkClient - [AdminClient clientId=adminclient-20] Node -1 disconnected.
[kafka-admin-client-thread | adminclient-20] WARN org.apache.kafka.clients.NetworkClient - [AdminClient clientId=adminclient-20] Connection to node -1 (localhost/127.0.0.1:9092) could not be established. Broker may not be available.
[kafka-admin-client-thread | adminclient-17] INFO org.apache.kafka.clients.NetworkClient - [AdminClient clientId=adminclient-17] Node -1 disconnected.
[kafka-admin-client-thread | adminclient-17] WARN org.apache.kafka.clients.NetworkClient - [AdminClient clientId=adminclient-17] Connection to node -1 (localhost/127.0.0.1:9092) could not be established. Broker may not be available.
[kafka-admin-client-thread | adminclient-19] INFO org.apache.kafka.clients.NetworkClient - [AdminClient clientId=adminclient-19] Node -1 disconnected.
[kafka-admin-client-thread | adminclient-19] WARN org.apache.kafka.clients.NetworkClient - [AdminClient clientId=adminclient-19] Connection to node -1 (localhost/127.0.0.1:9092) could not be established. Broker may not be available.
[kafka-admin-client-thread | adminclient-21] INFO org.apache.kafka.clients.NetworkClient - [AdminClient clientId=adminclient-21] Node -1 disconnected.
[kafka-admin-client-thread | adminclient-23] INFO org.apache.kafka.clients.NetworkClient - [AdminClient clientId=adminclient-23] Node -1 disconnected.
[kafka-admin-client-thread | adminclient-21] WARN org.apache.kafka.clients.NetworkClient - [AdminClient clientId=adminclient-21] Connection to node -1 (localhost/127.0.0.1:9092) could not be established. Broker may not be available.
[kafka-admin-client-thread | adminclient-23] WARN org.apache.kafka.clients.NetworkClient - [AdminClient clientId=adminclient-23] Connection to node -1 (localhost/127.0.0.1:9092) could not be established. Broker may not be available.
[kafka-admin-client-thread | adminclient-3] INFO org.apache.kafka.clients.NetworkClient - [AdminClient clientId=adminclient-3] Node -1 disconnected.
[kafka-admin-client-thread | adminclient-3] WARN org.apache.kafka.clients.NetworkClient - [AdminClient clientId=adminclient-3] Connection to node -1 (localhost/127.0.0.1:9092) could not be established. Broker may not be available.
[kafka-admin-client-thread | adminclient-25] INFO org.apache.kafka.clients.NetworkClient - [AdminClient clientId=adminclient-25] Node -1 disconnected.
[kafka-admin-client-thread | adminclient-25] WARN org.apache.kafka.clients.NetworkClient - [AdminClient clientId=adminclient-25] Connection to node -1 (localhost/127.0.0.1:9092) could not be established. Broker may not be available.
[kafka-admin-client-thread | adminclient-2] INFO org.apache.kafka.clients.NetworkClient - [AdminClient clientId=adminclient-2] Node -1 disconnected.
[kafka-admin-client-thread | adminclient-2] WARN org.apache.kafka.clients.NetworkClient - [AdminClient clientId=adminclient-2] Connection to node -1 (localhost/127.0.0.1:9092) could not be established. Broker may not be available.
[kafka-admin-client-thread | adminclient-10] INFO org.apache.kafka.clients.NetworkClient - [AdminClient clientId=adminclient-10] Node -1 disconnected.
[kafka-admin-client-thread | adminclient-10] WARN org.apache.kafka.clients.NetworkClient - [AdminClient clientId=adminclient-10] Connection to node -1 (localhost/127.0.0.1:9092) could not be established. Broker may not be available.
[kafka-admin-client-thread | adminclient-16] INFO org.apache.kafka.clients.NetworkClient - [AdminClient clientId=adminclient-16] Node -1 disconnected.
[kafka-admin-client-thread | adminclient-16] WARN org.apache.kafka.clients.NetworkClient - [AdminClient clientId=adminclient-16] Connection to node -1 (localhost/127.0.0.1:9092) could not be established. Broker may not be available.
[kafka-admin-client-thread | adminclient-14] INFO org.apache.kafka.clients.NetworkClient - [AdminClient clientId=adminclient-14] Node -1 disconnected.
[kafka-admin-client-thread | adminclient-14] WARN org.apache.kafka.clients.NetworkClient - [AdminClient clientId=adminclient-14] Connection to node -1 (localhost/127.0.0.1:9092) could not be established. Broker may not be available.
[kafka-admin-client-thread | adminclient-22] INFO org.apache.kafka.clients.NetworkClient - [AdminClient clientId=adminclient-22] Node -1 disconnected.
[kafka-admin-client-thread | adminclient-22] WARN org.apache.kafka.clients.NetworkClient - [AdminClient clientId=adminclient-22] Connection to node -1 (localhost/127.0.0.1:9092) could not be established. Broker may not be available.
[kafka-admin-client-thread | adminclient-4] INFO org.apache.kafka.clients.NetworkClient - [AdminClient clientId=adminclient-4] Node -1 disconnected.
[kafka-admin-client-thread | adminclient-4] WARN org.apache.kafka.clients.NetworkClient - [AdminClient clientId=adminclient-4] Connection to node -1 (localhost/127.0.0.1:9092) could not be established. Broker may not be available.
[kafka-admin-client-thread | adminclient-8] INFO org.apache.kafka.clients.NetworkClient - [AdminClient clientId=adminclient-8] Node -1 disconnected.
[kafka-admin-client-thread | adminclient-8] WARN org.apache.kafka.clients.NetworkClient - [AdminClient clientId=adminclient-8] Connection to node -1 (localhost/127.0.0.1:9092) could not be established. Broker may not be available.
[kafka-admin-client-thread | adminclient-26] INFO org.apache.kafka.clients.NetworkClient - [AdminClient clientId=adminclient-26] Node -1 disconnected.
[kafka-admin-client-thread | adminclient-26] WARN org.apache.kafka.clients.NetworkClient - [AdminClient clientId=adminclient-26] Connection to node -1 (localhost/127.0.0.1:9092) could not be established. Broker may not be available.
[kafka-admin-client-thread | adminclient-29] INFO org.apache.kafka.clients.NetworkClient - [AdminClient clientId=adminclient-29] Node -1 disconnected.
[kafka-admin-client-thread | adminclient-29] WARN org.apache.kafka.clients.NetworkClient - [AdminClient clientId=adminclient-29] Connection to node -1 (localhost/127.0.0.1:9092) could not be established. Broker may not be available.
[kafka-admin-client-thread | adminclient-30] INFO org.apache.kafka.clients.NetworkClient - [AdminClient clientId=adminclient-30] Node -1 disconnected.
[kafka-admin-client-thread | adminclient-30] WARN org.apache.kafka.clients.NetworkClient - [AdminClient clientId=adminclient-30] Connection to node -1 (localhost/127.0.0.1:9092) could not be established. Broker may not be available.
[kafka-admin-client-thread | adminclient-11] INFO org.apache.kafka.clients.NetworkClient - [AdminClient clientId=adminclient-11] Node -1 disconnected.
[kafka-admin-client-thread | adminclient-11] WARN org.apache.kafka.clients.NetworkClient - [AdminClient clientId=adminclient-11] Connection to node -1 (localhost/127.0.0.1:9092) could not be established. Broker may not be available.
[kafka-admin-client-thread | adminclient-15] INFO org.apache.kafka.clients.NetworkClient - [AdminClient clientId=adminclient-15] Node -1 disconnected.
[kafka-admin-client-thread | adminclient-15] WARN org.apache.kafka.clients.NetworkClient - [AdminClient clientId=adminclient-15] Connection to node -1 (localhost/127.0.0.1:9092) could not be established. Broker may not be available.
[kafka-admin-client-thread | adminclient-18] INFO org.apache.kafka.clients.NetworkClient - [AdminClient clientId=adminclient-18] Node -1 disconnected.
[kafka-admin-client-thread | adminclient-18] WARN org.apache.kafka.clients.NetworkClient - [AdminClient clientId=adminclient-18] Connection to node -1 (localhost/127.0.0.1:9092) could not be established. Broker may not be available.
[kafka-admin-client-thread | adminclient-24] INFO org.apache.kafka.clients.NetworkClient - [AdminClient clientId=adminclient-24] Node -1 disconnected.
[kafka-admin-client-thread | adminclient-24] WARN org.apache.kafka.clients.NetworkClient - [AdminClient clientId=adminclient-24] Connection to node -1 (localhost/127.0.0.1:9092) could not be established. Broker may not be available.
[kafka-admin-client-thread | adminclient-12] INFO org.apache.kafka.clients.NetworkClient - [AdminClient clientId=adminclient-12] Node -1 disconnected.
[kafka-admin-client-thread | adminclient-12] WARN org.apache.kafka.clients.NetworkClient - [AdminClient clientId=adminclient-12] Connection to node -1 (localhost/127.0.0.1:9092) could not be established. Broker may not be available.
[kafka-admin-client-thread | adminclient-1] INFO org.apache.kafka.clients.NetworkClient - [AdminClient clientId=adminclient-1] Node -1 disconnected.
[kafka-admin-client-thread | adminclient-1] WARN org.apache.kafka.clients.NetworkClient - [AdminClient clientId=adminclient-1] Connection to node -1 (localhost/127.0.0.1:9092) could not be established. Broker may not be available.
[kafka-admin-client-thread | adminclient-28] INFO org.apache.kafka.clients.NetworkClient - [AdminClient clientId=adminclient-28] Node -1 disconnected.
[kafka-admin-client-thread | adminclient-28] WARN org.apache.kafka.clients.NetworkClient - [AdminClient clientId=adminclient-28] Connection to node -1 (localhost/127.0.0.1:9092) could not be established. Broker may not be available.
[kafka-admin-client-thread | adminclient-27] INFO org.apache.kafka.clients.NetworkClient - [AdminClient clientId=adminclient-27] Node -1 disconnected.
[kafka-admin-client-thread | adminclient-27] WARN org.apache.kafka.clients.NetworkClient - [AdminClient clientId=adminclient-27] Connection to node -1 (localhost/127.0.0.1:9092) could not be established. Broker may not be available.
[kafka-admin-client-thread | adminclient-20] INFO org.apache.kafka.clients.NetworkClient - [AdminClient clientId=adminclient-20] Node -1 disconnected.
[kafka-admin-client-thread | adminclient-20] WARN org.apache.kafka.clients.NetworkClient - [AdminClient clientId=adminclient-20] Connection to node -1 (localhost/127.0.0.1:9092) could not be established. Broker may not be available.
[kafka-admin-client-thread | adminclient-17] INFO org.apache.kafka.clients.NetworkClient - [AdminClient clientId=adminclient-17] Node -1 disconnected.
[kafka-admin-client-thread | adminclient-17] WARN org.apache.kafka.clients.NetworkClient - [AdminClient clientId=adminclient-17] Connection to node -1 (localhost/127.0.0.1:9092) could not be established. Broker may not be available.
[kafka-admin-client-thread | adminclient-7] INFO org.apache.kafka.clients.NetworkClient - [AdminClient clientId=adminclient-7] Node -1 disconnected.
[kafka-admin-client-thread | adminclient-7] WARN org.apache.kafka.clients.NetworkClient - [AdminClient clientId=adminclient-7] Connection to node -1 (localhost/127.0.0.1:9092) could not be established. Broker may not be available.
[kafka-admin-client-thread | adminclient-19] INFO org.apache.kafka.clients.NetworkClient - [AdminClient clientId=adminclient-19] Node -1 disconnected.
[kafka-admin-client-thread | adminclient-19] WARN org.apache.kafka.clients.NetworkClient - [AdminClient clientId=adminclient-19] Connection to node -1 (localhost/127.0.0.1:9092) could not be established. Broker may not be available.
[kafka-admin-client-thread | adminclient-23] INFO org.apache.kafka.clients.NetworkClient - [AdminClient clientId=adminclient-23] Node -1 disconnected.
[kafka-admin-client-thread | adminclient-25] INFO org.apache.kafka.clients.NetworkClient - [AdminClient clientId=adminclient-25] Node -1 disconnected.
[kafka-admin-client-thread | adminclient-23] WARN org.apache.kafka.clients.NetworkClient - [AdminClient clientId=adminclient-23] Connection to node -1 (localhost/127.0.0.1:9092) could not be established. Broker may not be available.
[kafka-admin-client-thread | adminclient-25] WARN org.apache.kafka.clients.NetworkClient - [AdminClient clientId=adminclient-25] Connection to node -1 (localhost/127.0.0.1:9092) could not be established. Broker may not be available.
[kafka-admin-client-thread | adminclient-9] INFO org.apache.kafka.clients.NetworkClient - [AdminClient clientId=adminclient-9] Node -1 disconnected.
[kafka-admin-client-thread | adminclient-9] WARN org.apache.kafka.clients.NetworkClient - [AdminClient clientId=adminclient-9] Connection to node -1 (localhost/127.0.0.1:9092) could not be established. Broker may not be available.
[kafka-admin-client-thread | adminclient-13] INFO org.apache.kafka.clients.NetworkClient - [AdminClient clientId=adminclient-13] Node -1 disconnected.
[kafka-admin-client-thread | adminclient-13] WARN org.apache.kafka.clients.NetworkClient - [AdminClient clientId=adminclient-13] Connection to node -1 (localhost/127.0.0.1:9092) could not be established. Broker may not be available.
[kafka-admin-client-thread | adminclient-21] INFO org.apache.kafka.clients.NetworkClient - [AdminClient clientId=adminclient-21] Node -1 disconnected.
[kafka-admin-client-thread | adminclient-21] WARN org.apache.kafka.clients.NetworkClient - [AdminClient clientId=adminclient-21] Connection to node -1 (localhost/127.0.0.1:9092) could not be established. Broker may not be available.
[kafka-admin-client-thread | adminclient-3] INFO org.apache.kafka.clients.NetworkClient - [AdminClient clientId=adminclient-3] Node -1 disconnected.
[kafka-admin-client-thread | adminclient-3] WARN org.apache.kafka.clients.NetworkClient - [AdminClient clientId=adminclient-3] Connection to node -1 (localhost/127.0.0.1:9092) could not be established. Broker may not be available.
[kafka-admin-client-thread | adminclient-2] INFO org.apache.kafka.clients.NetworkClient - [AdminClient clientId=adminclient-2] Node -1 disconnected.
[kafka-admin-client-thread | adminclient-2] WARN org.apache.kafka.clients.NetworkClient - [AdminClient clientId=adminclient-2] Connection to node -1 (localhost/127.0.0.1:9092) could not be established. Broker may not be available.
[kafka-admin-client-thread | adminclient-10] INFO org.apache.kafka.clients.NetworkClient - [AdminClient clientId=adminclient-10] Node -1 disconnected.
[kafka-admin-client-thread | adminclient-10] WARN org.apache.kafka.clients.NetworkClient - [AdminClient clientId=adminclient-10] Connection to node -1 (localhost/127.0.0.1:9092) could not be established. Broker may not be available.
[kafka-admin-client-thread | adminclient-14] INFO org.apache.kafka.clients.NetworkClient - [AdminClient clientId=adminclient-14] Node -1 disconnected.
[kafka-admin-client-thread | adminclient-14] WARN org.apache.kafka.clients.NetworkClient - [AdminClient clientId=adminclient-14] Connection to node -1 (localhost/127.0.0.1:9092) could not be established. Broker may not be available.
[kafka-admin-client-thread | adminclient-16] INFO org.apache.kafka.clients.NetworkClient - [AdminClient clientId=adminclient-16] Node -1 disconnected.
[kafka-admin-client-thread | adminclient-16] WARN org.apache.kafka.clients.NetworkClient - [AdminClient clientId=adminclient-16] Connection to node -1 (localhost/127.0.0.1:9092) could not be established. Broker may not be available.
[kafka-admin-client-thread | adminclient-22] INFO org.apache.kafka.clients.NetworkClient - [AdminClient clientId=adminclient-22] Node -1 disconnected.
[kafka-admin-client-thread | adminclient-22] WARN org.apache.kafka.clients.NetworkClient - [AdminClient clientId=adminclient-22] Connection to node -1 (localhost/127.0.0.1:9092) could not be established. Broker may not be available.
[kafka-admin-client-thread | adminclient-4] INFO org.apache.kafka.clients.NetworkClient - [AdminClient clientId=adminclient-4] Node -1 disconnected.
[kafka-admin-client-thread | adminclient-4] WARN org.apache.kafka.clients.NetworkClient - [AdminClient clientId=adminclient-4] Connection to node -1 (localhost/127.0.0.1:9092) could not be established. Broker may not be available.
[kafka-admin-client-thread | adminclient-8] INFO org.apache.kafka.clients.NetworkClient - [AdminClient clientId=adminclient-8] Node -1 disconnected.
[kafka-admin-client-thread | adminclient-15] INFO org.apache.kafka.clients.NetworkClient - [AdminClient clientId=adminclient-15] Node -1 disconnected.
[kafka-admin-client-thread | adminclient-8] WARN org.apache.kafka.clients.NetworkClient - [AdminClient clientId=adminclient-8] Connection to node -1 (localhost/127.0.0.1:9092) could not be established. Broker may not be available.
[kafka-admin-client-thread | adminclient-15] WARN org.apache.kafka.clients.NetworkClient - [AdminClient clientId=adminclient-15] Connection to node -1 (localhost/127.0.0.1:9092) could not be established. Broker may not be available.
[kafka-admin-client-thread | adminclient-18] INFO org.apache.kafka.clients.NetworkClient - [AdminClient clientId=adminclient-18] Node -1 disconnected.
[kafka-admin-client-thread | adminclient-18] WARN org.apache.kafka.clients.NetworkClient - [AdminClient clientId=adminclient-18] Connection to node -1 (localhost/127.0.0.1:9092) could not be established. Broker may not be available.
[kafka-admin-client-thread | adminclient-30] INFO org.apache.kafka.clients.NetworkClient - [AdminClient clientId=adminclient-30] Node -1 disconnected.
[kafka-admin-client-thread | adminclient-30] WARN org.apache.kafka.clients.NetworkClient - [AdminClient clientId=adminclient-30] Connection to node -1 (localhost/127.0.0.1:9092) could not be established. Broker may not be available.
[kafka-admin-client-thread | adminclient-26] INFO org.apache.kafka.clients.NetworkClient - [AdminClient clientId=adminclient-26] Node -1 disconnected.
[kafka-admin-client-thread | adminclient-26] WARN org.apache.kafka.clients.NetworkClient - [AdminClient clientId=adminclient-26] Connection to node -1 (localhost/127.0.0.1:9092) could not be established. Broker may not be available.
[kafka-admin-client-thread | adminclient-11] INFO org.apache.kafka.clients.NetworkClient - [AdminClient clientId=adminclient-11] Node -1 disconnected.
[kafka-admin-client-thread | adminclient-11] WARN org.apache.kafka.clients.NetworkClient - [AdminClient clientId=adminclient-11] Connection to node -1 (localhost/127.0.0.1:9092) could not be established. Broker may not be available.
[kafka-admin-client-thread | adminclient-17] INFO org.apache.kafka.clients.NetworkClient - [AdminClient clientId=adminclient-17] Node -1 disconnected.
[kafka-admin-client-thread | adminclient-29] INFO org.apache.kafka.clients.NetworkClient - [AdminClient clientId=adminclient-29] Node -1 disconnected.
[kafka-admin-client-thread | adminclient-17] WARN org.apache.kafka.clients.NetworkClient - [AdminClient clientId=adminclient-17] Connection to node -1 (localhost/127.0.0.1:9092) could not be established. Broker may not be available.
[kafka-admin-client-thread | adminclient-29] WARN org.apache.kafka.clients.NetworkClient - [AdminClient clientId=adminclient-29] Connection to node -1 (localhost/127.0.0.1:9092) could not be established. Broker may not be available.
[kafka-admin-client-thread | adminclient-24] INFO org.apache.kafka.clients.NetworkClient - [AdminClient clientId=adminclient-24] Node -1 disconnected.
[kafka-admin-client-thread | adminclient-24] WARN org.apache.kafka.clients.NetworkClient - [AdminClient clientId=adminclient-24] Connection to node -1 (localhost/127.0.0.1:9092) could not be established. Broker may not be available.
[kafka-admin-client-thread | adminclient-12] INFO org.apache.kafka.clients.NetworkClient - [AdminClient clientId=adminclient-12] Node -1 disconnected.
[kafka-admin-client-thread | adminclient-12] WARN org.apache.kafka.clients.NetworkClient - [AdminClient clientId=adminclient-12] Connection to node -1 (localhost/127.0.0.1:9092) could not be established. Broker may not be available.
[kafka-admin-client-thread | adminclient-1] INFO org.apache.kafka.clients.NetworkClient - [AdminClient clientId=adminclient-1] Node -1 disconnected.
[kafka-admin-client-thread | adminclient-27] INFO org.apache.kafka.clients.NetworkClient - [AdminClient clientId=adminclient-27] Node -1 disconnected.
[kafka-admin-client-thread | adminclient-1] WARN org.apache.kafka.clients.NetworkClient - [AdminClient clientId=adminclient-1] Connection to node -1 (localhost/127.0.0.1:9092) could not be established. Broker may not be available.
[kafka-admin-client-thread | adminclient-27] WARN org.apache.kafka.clients.NetworkClient - [AdminClient clientId=adminclient-27] Connection to node -1 (localhost/127.0.0.1:9092) could not be established. Broker may not be available.
[kafka-admin-client-thread | adminclient-9] INFO org.apache.kafka.clients.NetworkClient - [AdminClient clientId=adminclient-9] Node -1 disconnected.
[kafka-admin-client-thread | adminclient-9] WARN org.apache.kafka.clients.NetworkClient - [AdminClient clientId=adminclient-9] Connection to node -1 (localhost/127.0.0.1:9092) could not be established. Broker may not be available.
[kafka-admin-client-thread | adminclient-28] INFO org.apache.kafka.clients.NetworkClient - [AdminClient clientId=adminclient-28] Node -1 disconnected.
[kafka-admin-client-thread | adminclient-28] WARN org.apache.kafka.clients.NetworkClient - [AdminClient clientId=adminclient-28] Connection to node -1 (localhost/127.0.0.1:9092) could not be established. Broker may not be available.
[kafka-admin-client-thread | adminclient-20] INFO org.apache.kafka.clients.NetworkClient - [AdminClient clientId=adminclient-20] Node -1 disconnected.
[kafka-admin-client-thread | adminclient-20] WARN org.apache.kafka.clients.NetworkClient - [AdminClient clientId=adminclient-20] Connection to node -1 (localhost/127.0.0.1:9092) could not be established. Broker may not be available.
[kafka-admin-client-thread | adminclient-25] INFO org.apache.kafka.clients.NetworkClient - [AdminClient clientId=adminclient-25] Node -1 disconnected.
[kafka-admin-client-thread | adminclient-25] WARN org.apache.kafka.clients.NetworkClient - [AdminClient clientId=adminclient-25] Connection to node -1 (localhost/127.0.0.1:9092) could not be established. Broker may not be available.
[kafka-admin-client-thread | adminclient-13] INFO org.apache.kafka.clients.NetworkClient - [AdminClient clientId=adminclient-13] Node -1 disconnected.
[kafka-admin-client-thread | adminclient-13] WARN org.apache.kafka.clients.NetworkClient - [AdminClient clientId=adminclient-13] Connection to node -1 (localhost/127.0.0.1:9092) could not be established. Broker may not be available.
[kafka-admin-client-thread | adminclient-7] INFO org.apache.kafka.clients.NetworkClient - [AdminClient clientId=adminclient-7] Node -1 disconnected.
[kafka-admin-client-thread | adminclient-7] WARN org.apache.kafka.clients.NetworkClient - [AdminClient clientId=adminclient-7] Connection to node -1 (localhost/127.0.0.1:9092) could not be established. Broker may not be available.
[kafka-admin-client-thread | adminclient-19] INFO org.apache.kafka.clients.NetworkClient - [AdminClient clientId=adminclient-19] Node -1 disconnected.
[kafka-admin-client-thread | adminclient-19] WARN org.apache.kafka.clients.NetworkClient - [AdminClient clientId=adminclient-19] Connection to node -1 (localhost/127.0.0.1:9092) could not be established. Broker may not be available.
[kafka-admin-client-thread | adminclient-23] INFO org.apache.kafka.clients.NetworkClient - [AdminClient clientId=adminclient-23] Node -1 disconnected.
[kafka-admin-client-thread | adminclient-23] WARN org.apache.kafka.clients.NetworkClient - [AdminClient clientId=adminclient-23] Connection to node -1 (localhost/127.0.0.1:9092) could not be established. Broker may not be available.
[kafka-admin-client-thread | adminclient-2] INFO org.apache.kafka.clients.NetworkClient - [AdminClient clientId=adminclient-2] Node -1 disconnected.
[kafka-admin-client-thread | adminclient-2] WARN org.apache.kafka.clients.NetworkClient - [AdminClient clientId=adminclient-2] Connection to node -1 (localhost/127.0.0.1:9092) could not be established. Broker may not be available.
[kafka-admin-client-thread | adminclient-3] INFO org.apache.kafka.clients.NetworkClient - [AdminClient clientId=adminclient-3] Node -1 disconnected.
[kafka-admin-client-thread | adminclient-3] WARN org.apache.kafka.clients.NetworkClient - [AdminClient clientId=adminclient-3] Connection to node -1 (localhost/127.0.0.1:9092) could not be established. Broker may not be available.
[kafka-admin-client-thread | adminclient-21] INFO org.apache.kafka.clients.NetworkClient - [AdminClient clientId=adminclient-21] Node -1 disconnected.
[kafka-admin-client-thread | adminclient-21] WARN org.apache.kafka.clients.NetworkClient - [AdminClient clientId=adminclient-21] Connection to node -1 (localhost/127.0.0.1:9092) could not be established. Broker may not be available.
[kafka-admin-client-thread | adminclient-16] INFO org.apache.kafka.clients.NetworkClient - [AdminClient clientId=adminclient-16] Node -1 disconnected.
[kafka-admin-client-thread | adminclient-16] WARN org.apache.kafka.clients.NetworkClient - [AdminClient clientId=adminclient-16] Connection to node -1 (localhost/127.0.0.1:9092) could not be established. Broker may not be available.
[kafka-admin-client-thread | adminclient-10] INFO org.apache.kafka.clients.NetworkClient - [AdminClient clientId=adminclient-10] Node -1 disconnected.
[kafka-admin-client-thread | adminclient-10] WARN org.apache.kafka.clients.NetworkClient - [AdminClient clientId=adminclient-10] Connection to node -1 (localhost/127.0.0.1:9092) could not be established. Broker may not be available.
[kafka-admin-client-thread | adminclient-14] INFO org.apache.kafka.clients.NetworkClient - [AdminClient clientId=adminclient-14] Node -1 disconnected.
[kafka-admin-client-thread | adminclient-14] WARN org.apache.kafka.clients.NetworkClient - [AdminClient clientId=adminclient-14] Connection to node -1 (localhost/127.0.0.1:9092) could not be established. Broker may not be available.
[kafka-admin-client-thread | adminclient-15] INFO org.apache.kafka.clients.NetworkClient - [AdminClient clientId=adminclient-15] Node -1 disconnected.
[kafka-admin-client-thread | adminclient-15] WARN org.apache.kafka.clients.NetworkClient - [AdminClient clientId=adminclient-15] Connection to node -1 (localhost/127.0.0.1:9092) could not be established. Broker may not be available.
[kafka-admin-client-thread | adminclient-22] INFO org.apache.kafka.clients.NetworkClient - [AdminClient clientId=adminclient-22] Node -1 disconnected.
[kafka-admin-client-thread | adminclient-22] WARN org.apache.kafka.clients.NetworkClient - [AdminClient clientId=adminclient-22] Connection to node -1 (localhost/127.0.0.1:9092) could not be established. Broker may not be available.
[kafka-admin-client-thread | adminclient-4] INFO org.apache.kafka.clients.NetworkClient - [AdminClient clientId=adminclient-4] Node -1 disconnected.
[kafka-admin-client-thread | adminclient-4] WARN org.apache.kafka.clients.NetworkClient - [AdminClient clientId=adminclient-4] Connection to node -1 (localhost/127.0.0.1:9092) could not be established. Broker may not be available.
[kafka-admin-client-thread | adminclient-8] INFO org.apache.kafka.clients.NetworkClient - [AdminClient clientId=adminclient-8] Node -1 disconnected.
[kafka-admin-client-thread | adminclient-8] WARN org.apache.kafka.clients.NetworkClient - [AdminClient clientId=adminclient-8] Connection to node -1 (localhost/127.0.0.1:9092) could not be established. Broker may not be available.
[kafka-admin-client-thread | adminclient-29] INFO org.apache.kafka.clients.NetworkClient - [AdminClient clientId=adminclient-29] Node -1 disconnected.
[kafka-admin-client-thread | adminclient-29] WARN org.apache.kafka.clients.NetworkClient - [AdminClient clientId=adminclient-29] Connection to node -1 (localhost/127.0.0.1:9092) could not be established. Broker may not be available.
[kafka-admin-client-thread | adminclient-30] INFO org.apache.kafka.clients.NetworkClient - [AdminClient clientId=adminclient-30] Node -1 disconnected.
[kafka-admin-client-thread | adminclient-30] WARN org.apache.kafka.clients.NetworkClient - [AdminClient clientId=adminclient-30] Connection to node -1 (localhost/127.0.0.1:9092) could not be established. Broker may not be available.
[kafka-admin-client-thread | adminclient-26] INFO org.apache.kafka.clients.NetworkClient - [AdminClient clientId=adminclient-26] Node -1 disconnected.
[kafka-admin-client-thread | adminclient-26] WARN org.apache.kafka.clients.NetworkClient - [AdminClient clientId=adminclient-26] Connection to node -1 (localhost/127.0.0.1:9092) could not be established. Broker may not be available.
[kafka-admin-client-thread | adminclient-27] INFO org.apache.kafka.clients.NetworkClient - [AdminClient clientId=adminclient-27] Node -1 disconnected.
[kafka-admin-client-thread | adminclient-27] WARN org.apache.kafka.clients.NetworkClient - [AdminClient clientId=adminclient-27] Connection to node -1 (localhost/127.0.0.1:9092) could not be established. Broker may not be available.
[kafka-admin-client-thread | adminclient-9] INFO org.apache.kafka.clients.NetworkClient - [AdminClient clientId=adminclient-9] Node -1 disconnected.
[kafka-admin-client-thread | adminclient-9] WARN org.apache.kafka.clients.NetworkClient - [AdminClient clientId=adminclient-9] Connection to node -1 (localhost/127.0.0.1:9092) could not be established. Broker may not be available.
[kafka-admin-client-thread | adminclient-12] INFO org.apache.kafka.clients.NetworkClient - [AdminClient clientId=adminclient-12] Node -1 disconnected.
[kafka-admin-client-thread | adminclient-12] WARN org.apache.kafka.clients.NetworkClient - [AdminClient clientId=adminclient-12] Connection to node -1 (localhost/127.0.0.1:9092) could not be established. Broker may not be available.
[kafka-admin-client-thread | adminclient-17] INFO org.apache.kafka.clients.NetworkClient - [AdminClient clientId=adminclient-17] Node -1 disconnected.
[kafka-admin-client-thread | adminclient-18] INFO org.apache.kafka.clients.NetworkClient - [AdminClient clientId=adminclient-18] Node -1 disconnected.
[kafka-admin-client-thread | adminclient-17] WARN org.apache.kafka.clients.NetworkClient - [AdminClient clientId=adminclient-17] Connection to node -1 (localhost/127.0.0.1:9092) could not be established. Broker may not be available.
[kafka-admin-client-thread | adminclient-18] WARN org.apache.kafka.clients.NetworkClient - [AdminClient clientId=adminclient-18] Connection to node -1 (localhost/127.0.0.1:9092) could not be established. Broker may not be available.
[kafka-admin-client-thread | adminclient-25] INFO org.apache.kafka.clients.NetworkClient - [AdminClient clientId=adminclient-25] Node -1 disconnected.
[kafka-admin-client-thread | adminclient-25] WARN org.apache.kafka.clients.NetworkClient - [AdminClient clientId=adminclient-25] Connection to node -1 (localhost/127.0.0.1:9092) could not be established. Broker may not be available.
[kafka-admin-client-thread | adminclient-24] INFO org.apache.kafka.clients.NetworkClient - [AdminClient clientId=adminclient-24] Node -1 disconnected.
[kafka-admin-client-thread | adminclient-24] WARN org.apache.kafka.clients.NetworkClient - [AdminClient clientId=adminclient-24] Connection to node -1 (localhost/127.0.0.1:9092) could not be established. Broker may not be available.
[kafka-admin-client-thread | adminclient-11] INFO org.apache.kafka.clients.NetworkClient - [AdminClient clientId=adminclient-11] Node -1 disconnected.
[kafka-admin-client-thread | adminclient-11] WARN org.apache.kafka.clients.NetworkClient - [AdminClient clientId=adminclient-11] Connection to node -1 (localhost/127.0.0.1:9092) could not be established. Broker may not be available.
[kafka-admin-client-thread | adminclient-13] INFO org.apache.kafka.clients.NetworkClient - [AdminClient clientId=adminclient-13] Node -1 disconnected.
[kafka-admin-client-thread | adminclient-13] WARN org.apache.kafka.clients.NetworkClient - [AdminClient clientId=adminclient-13] Connection to node -1 (localhost/127.0.0.1:9092) could not be established. Broker may not be available.
[kafka-admin-client-thread | adminclient-28] INFO org.apache.kafka.clients.NetworkClient - [AdminClient clientId=adminclient-28] Node -1 disconnected.
[kafka-admin-client-thread | adminclient-28] WARN org.apache.kafka.clients.NetworkClient - [AdminClient clientId=adminclient-28] Connection to node -1 (localhost/127.0.0.1:9092) could not be established. Broker may not be available.
[kafka-admin-client-thread | adminclient-1] INFO org.apache.kafka.clients.NetworkClient - [AdminClient clientId=adminclient-1] Node -1 disconnected.
[kafka-admin-client-thread | adminclient-1] WARN org.apache.kafka.clients.NetworkClient - [AdminClient clientId=adminclient-1] Connection to node -1 (localhost/127.0.0.1:9092) could not be established. Broker may not be available.
[kafka-admin-client-thread | adminclient-20] INFO org.apache.kafka.clients.NetworkClient - [AdminClient clientId=adminclient-20] Node -1 disconnected.
[kafka-admin-client-thread | adminclient-20] WARN org.apache.kafka.clients.NetworkClient - [AdminClient clientId=adminclient-20] Connection to node -1 (localhost/127.0.0.1:9092) could not be established. Broker may not be available.
[kafka-admin-client-thread | adminclient-7] INFO org.apache.kafka.clients.NetworkClient - [AdminClient clientId=adminclient-7] Node -1 disconnected.
[kafka-admin-client-thread | adminclient-7] WARN org.apache.kafka.clients.NetworkClient - [AdminClient clientId=adminclient-7] Connection to node -1 (localhost/127.0.0.1:9092) could not be established. Broker may not be available.
[kafka-admin-client-thread | adminclient-23] INFO org.apache.kafka.clients.NetworkClient - [AdminClient clientId=adminclient-23] Node -1 disconnected.
[kafka-admin-client-thread | adminclient-23] WARN org.apache.kafka.clients.NetworkClient - [AdminClient clientId=adminclient-23] Connection to node -1 (localhost/127.0.0.1:9092) could not be established. Broker may not be available.
[kafka-admin-client-thread | adminclient-19] INFO org.apache.kafka.clients.NetworkClient - [AdminClient clientId=adminclient-19] Node -1 disconnected.
[kafka-admin-client-thread | adminclient-19] WARN org.apache.kafka.clients.NetworkClient - [AdminClient clientId=adminclient-19] Connection to node -1 (localhost/127.0.0.1:9092) could not be established. Broker may not be available.
[kafka-admin-client-thread | adminclient-3] INFO org.apache.kafka.clients.NetworkClient - [AdminClient clientId=adminclient-3] Node -1 disconnected.
[kafka-admin-client-thread | adminclient-3] WARN org.apache.kafka.clients.NetworkClient - [AdminClient clientId=adminclient-3] Connection to node -1 (localhost/127.0.0.1:9092) could not be established. Broker may not be available.
[kafka-admin-client-thread | adminclient-15] INFO org.apache.kafka.clients.NetworkClient - [AdminClient clientId=adminclient-15] Node -1 disconnected.
[kafka-admin-client-thread | adminclient-15] WARN org.apache.kafka.clients.NetworkClient - [AdminClient clientId=adminclient-15] Connection to node -1 (localhost/127.0.0.1:9092) could not be established. Broker may not be available.
[kafka-admin-client-thread | adminclient-2] INFO org.apache.kafka.clients.NetworkClient - [AdminClient clientId=adminclient-2] Node -1 disconnected.
[kafka-admin-client-thread | adminclient-2] WARN org.apache.kafka.clients.NetworkClient - [AdminClient clientId=adminclient-2] Connection to node -1 (localhost/127.0.0.1:9092) could not be established. Broker may not be available.
[kafka-admin-client-thread | adminclient-22] INFO org.apache.kafka.clients.NetworkClient - [AdminClient clientId=adminclient-22] Node -1 disconnected.
[kafka-admin-client-thread | adminclient-21] INFO org.apache.kafka.clients.NetworkClient - [AdminClient clientId=adminclient-21] Node -1 disconnected.
[kafka-admin-client-thread | adminclient-21] WARN org.apache.kafka.clients.NetworkClient - [AdminClient clientId=adminclient-21] Connection to node -1 (localhost/127.0.0.1:9092) could not be established. Broker may not be available.
[kafka-admin-client-thread | adminclient-22] WARN org.apache.kafka.clients.NetworkClient - [AdminClient clientId=adminclient-22] Connection to node -1 (localhost/127.0.0.1:9092) could not be established. Broker may not be available.
[kafka-admin-client-thread | adminclient-10] INFO org.apache.kafka.clients.NetworkClient - [AdminClient clientId=adminclient-10] Node -1 disconnected.
[kafka-admin-client-thread | adminclient-10] WARN org.apache.kafka.clients.NetworkClient - [AdminClient clientId=adminclient-10] Connection to node -1 (localhost/127.0.0.1:9092) could not be established. Broker may not be available.
[kafka-admin-client-thread | adminclient-14] INFO org.apache.kafka.clients.NetworkClient - [AdminClient clientId=adminclient-14] Node -1 disconnected.
[kafka-admin-client-thread | adminclient-14] WARN org.apache.kafka.clients.NetworkClient - [AdminClient clientId=adminclient-14] Connection to node -1 (localhost/127.0.0.1:9092) could not be established. Broker may not be available.
[kafka-admin-client-thread | adminclient-16] INFO org.apache.kafka.clients.NetworkClient - [AdminClient clientId=adminclient-16] Node -1 disconnected.
[kafka-admin-client-thread | adminclient-16] WARN org.apache.kafka.clients.NetworkClient - [AdminClient clientId=adminclient-16] Connection to node -1 (localhost/127.0.0.1:9092) could not be established. Broker may not be available.
[kafka-admin-client-thread | adminclient-8] INFO org.apache.kafka.clients.NetworkClient - [AdminClient clientId=adminclient-8] Node -1 disconnected.
[kafka-admin-client-thread | adminclient-8] WARN org.apache.kafka.clients.NetworkClient - [AdminClient clientId=adminclient-8] Connection to node -1 (localhost/127.0.0.1:9092) could not be established. Broker may not be available.
[kafka-admin-client-thread | adminclient-27] INFO org.apache.kafka.clients.NetworkClient - [AdminClient clientId=adminclient-27] Node -1 disconnected.
[kafka-admin-client-thread | adminclient-27] WARN org.apache.kafka.clients.NetworkClient - [AdminClient clientId=adminclient-27] Connection to node -1 (localhost/127.0.0.1:9092) could not be established. Broker may not be available.
[kafka-admin-client-thread | adminclient-25] INFO org.apache.kafka.clients.NetworkClient - [AdminClient clientId=adminclient-25] Node -1 disconnected.
[kafka-admin-client-thread | adminclient-25] WARN org.apache.kafka.clients.NetworkClient - [AdminClient clientId=adminclient-25] Connection to node -1 (localhost/127.0.0.1:9092) could not be established. Broker may not be available.
[kafka-admin-client-thread | adminclient-26] INFO org.apache.kafka.clients.NetworkClient - [AdminClient clientId=adminclient-26] Node -1 disconnected.
[kafka-admin-client-thread | adminclient-4] INFO org.apache.kafka.clients.NetworkClient - [AdminClient clientId=adminclient-4] Node -1 disconnected.
[kafka-admin-client-thread | adminclient-26] WARN org.apache.kafka.clients.NetworkClient - [AdminClient clientId=adminclient-26] Connection to node -1 (localhost/127.0.0.1:9092) could not be established. Broker may not be available.
[kafka-admin-client-thread | adminclient-4] WARN org.apache.kafka.clients.NetworkClient - [AdminClient clientId=adminclient-4] Connection to node -1 (localhost/127.0.0.1:9092) could not be established. Broker may not be available.
[kafka-admin-client-thread | adminclient-9] INFO org.apache.kafka.clients.NetworkClient - [AdminClient clientId=adminclient-9] Node -1 disconnected.
[kafka-admin-client-thread | adminclient-9] WARN org.apache.kafka.clients.NetworkClient - [AdminClient clientId=adminclient-9] Connection to node -1 (localhost/127.0.0.1:9092) could not be established. Broker may not be available.
[kafka-admin-client-thread | adminclient-17] INFO org.apache.kafka.clients.NetworkClient - [AdminClient clientId=adminclient-17] Node -1 disconnected.
[kafka-admin-client-thread | adminclient-17] WARN org.apache.kafka.clients.NetworkClient - [AdminClient clientId=adminclient-17] Connection to node -1 (localhost/127.0.0.1:9092) could not be established. Broker may not be available.
[kafka-admin-client-thread | adminclient-30] INFO org.apache.kafka.clients.NetworkClient - [AdminClient clientId=adminclient-30] Node -1 disconnected.
[kafka-admin-client-thread | adminclient-30] WARN org.apache.kafka.clients.NetworkClient - [AdminClient clientId=adminclient-30] Connection to node -1 (localhost/127.0.0.1:9092) could not be established. Broker may not be available.
[kafka-admin-client-thread | adminclient-11] INFO org.apache.kafka.clients.NetworkClient - [AdminClient clientId=adminclient-11] Node -1 disconnected.
[kafka-admin-client-thread | adminclient-13] INFO org.apache.kafka.clients.NetworkClient - [AdminClient clientId=adminclient-13] Node -1 disconnected.
[kafka-admin-client-thread | adminclient-11] WARN org.apache.kafka.clients.NetworkClient - [AdminClient clientId=adminclient-11] Connection to node -1 (localhost/127.0.0.1:9092) could not be established. Broker may not be available.
[kafka-admin-client-thread | adminclient-13] WARN org.apache.kafka.clients.NetworkClient - [AdminClient clientId=adminclient-13] Connection to node -1 (localhost/127.0.0.1:9092) could not be established. Broker may not be available.
[kafka-admin-client-thread | adminclient-18] INFO org.apache.kafka.clients.NetworkClient - [AdminClient clientId=adminclient-18] Node -1 disconnected.
[kafka-admin-client-thread | adminclient-18] WARN org.apache.kafka.clients.NetworkClient - [AdminClient clientId=adminclient-18] Connection to node -1 (localhost/127.0.0.1:9092) could not be established. Broker may not be available.
[kafka-admin-client-thread | adminclient-20] INFO org.apache.kafka.clients.NetworkClient - [AdminClient clientId=adminclient-20] Node -1 disconnected.
[kafka-admin-client-thread | adminclient-29] INFO org.apache.kafka.clients.NetworkClient - [AdminClient clientId=adminclient-29] Node -1 disconnected.
[kafka-admin-client-thread | adminclient-20] WARN org.apache.kafka.clients.NetworkClient - [AdminClient clientId=adminclient-20] Connection to node -1 (localhost/127.0.0.1:9092) could not be established. Broker may not be available.
[kafka-admin-client-thread | adminclient-29] WARN org.apache.kafka.clients.NetworkClient - [AdminClient clientId=adminclient-29] Connection to node -1 (localhost/127.0.0.1:9092) could not be established. Broker may not be available.
[kafka-admin-client-thread | adminclient-28] INFO org.apache.kafka.clients.NetworkClient - [AdminClient clientId=adminclient-28] Node -1 disconnected.
[kafka-admin-client-thread | adminclient-7] INFO org.apache.kafka.clients.NetworkClient - [AdminClient clientId=adminclient-7] Node -1 disconnected.
[kafka-admin-client-thread | adminclient-28] WARN org.apache.kafka.clients.NetworkClient - [AdminClient clientId=adminclient-28] Connection to node -1 (localhost/127.0.0.1:9092) could not be established. Broker may not be available.
[kafka-admin-client-thread | adminclient-7] WARN org.apache.kafka.clients.NetworkClient - [AdminClient clientId=adminclient-7] Connection to node -1 (localhost/127.0.0.1:9092) could not be established. Broker may not be available.
[kafka-admin-client-thread | adminclient-12] INFO org.apache.kafka.clients.NetworkClient - [AdminClient clientId=adminclient-12] Node -1 disconnected.
[kafka-admin-client-thread | adminclient-12] WARN org.apache.kafka.clients.NetworkClient - [AdminClient clientId=adminclient-12] Connection to node -1 (localhost/127.0.0.1:9092) could not be established. Broker may not be available.
[kafka-admin-client-thread | adminclient-1] INFO org.apache.kafka.clients.NetworkClient - [AdminClient clientId=adminclient-1] Node -1 disconnected.
[kafka-admin-client-thread | adminclient-1] WARN org.apache.kafka.clients.NetworkClient - [AdminClient clientId=adminclient-1] Connection to node -1 (localhost/127.0.0.1:9092) could not be established. Broker may not be available.
[kafka-admin-client-thread | adminclient-24] INFO org.apache.kafka.clients.NetworkClient - [AdminClient clientId=adminclient-24] Node -1 disconnected.
[kafka-admin-client-thread | adminclient-24] WARN org.apache.kafka.clients.NetworkClient - [AdminClient clientId=adminclient-24] Connection to node -1 (localhost/127.0.0.1:9092) could not be established. Broker may not be available.
[kafka-admin-client-thread | adminclient-23] INFO org.apache.kafka.clients.NetworkClient - [AdminClient clientId=adminclient-23] Node -1 disconnected.
[kafka-admin-client-thread | adminclient-23] WARN org.apache.kafka.clients.NetworkClient - [AdminClient clientId=adminclient-23] Connection to node -1 (localhost/127.0.0.1:9092) could not be established. Broker may not be available.
[kafka-admin-client-thread | adminclient-2] INFO org.apache.kafka.clients.NetworkClient - [AdminClient clientId=adminclient-2] Node -1 disconnected.
[kafka-admin-client-thread | adminclient-2] WARN org.apache.kafka.clients.NetworkClient - [AdminClient clientId=adminclient-2] Connection to node -1 (localhost/127.0.0.1:9092) could not be established. Broker may not be available.
[kafka-admin-client-thread | adminclient-21] INFO org.apache.kafka.clients.NetworkClient - [AdminClient clientId=adminclient-21] Node -1 disconnected.
[kafka-admin-client-thread | adminclient-21] WARN org.apache.kafka.clients.NetworkClient - [AdminClient clientId=adminclient-21] Connection to node -1 (localhost/127.0.0.1:9092) could not be established. Broker may not be available.
[kafka-admin-client-thread | adminclient-15] INFO org.apache.kafka.clients.NetworkClient - [AdminClient clientId=adminclient-15] Node -1 disconnected.
[kafka-admin-client-thread | adminclient-15] WARN org.apache.kafka.clients.NetworkClient - [AdminClient clientId=adminclient-15] Connection to node -1 (localhost/127.0.0.1:9092) could not be established. Broker may not be available.
[kafka-admin-client-thread | adminclient-19] INFO org.apache.kafka.clients.NetworkClient - [AdminClient clientId=adminclient-19] Node -1 disconnected.
[kafka-admin-client-thread | adminclient-19] WARN org.apache.kafka.clients.NetworkClient - [AdminClient clientId=adminclient-19] Connection to node -1 (localhost/127.0.0.1:9092) could not be established. Broker may not be available.
[kafka-admin-client-thread | adminclient-22] INFO org.apache.kafka.clients.NetworkClient - [AdminClient clientId=adminclient-22] Node -1 disconnected.
[kafka-admin-client-thread | adminclient-22] WARN org.apache.kafka.clients.NetworkClient - [AdminClient clientId=adminclient-22] Connection to node -1 (localhost/127.0.0.1:9092) could not be established. Broker may not be available.
[kafka-admin-client-thread | adminclient-14] INFO org.apache.kafka.clients.NetworkClient - [AdminClient clientId=adminclient-14] Node -1 disconnected.
[kafka-admin-client-thread | adminclient-14] WARN org.apache.kafka.clients.NetworkClient - [AdminClient clientId=adminclient-14] Connection to node -1 (localhost/127.0.0.1:9092) could not be established. Broker may not be available.
[kafka-admin-client-thread | adminclient-3] INFO org.apache.kafka.clients.NetworkClient - [AdminClient clientId=adminclient-3] Node -1 disconnected.
[kafka-admin-client-thread | adminclient-3] WARN org.apache.kafka.clients.NetworkClient - [AdminClient clientId=adminclient-3] Connection to node -1 (localhost/127.0.0.1:9092) could not be established. Broker may not be available.
[kafka-admin-client-thread | adminclient-10] INFO org.apache.kafka.clients.NetworkClient - [AdminClient clientId=adminclient-10] Node -1 disconnected.
[kafka-admin-client-thread | adminclient-10] WARN org.apache.kafka.clients.NetworkClient - [AdminClient clientId=adminclient-10] Connection to node -1 (localhost/127.0.0.1:9092) could not be established. Broker may not be available.
[kafka-admin-client-thread | adminclient-27] INFO org.apache.kafka.clients.NetworkClient - [AdminClient clientId=adminclient-27] Node -1 disconnected.
[kafka-admin-client-thread | adminclient-27] WARN org.apache.kafka.clients.NetworkClient - [AdminClient clientId=adminclient-27] Connection to node -1 (localhost/127.0.0.1:9092) could not be established. Broker may not be available.
[kafka-admin-client-thread | adminclient-25] INFO org.apache.kafka.clients.NetworkClient - [AdminClient clientId=adminclient-25] Node -1 disconnected.
[kafka-admin-client-thread | adminclient-25] WARN org.apache.kafka.clients.NetworkClient - [AdminClient clientId=adminclient-25] Connection to node -1 (localhost/127.0.0.1:9092) could not be established. Broker may not be available.
[kafka-admin-client-thread | adminclient-26] INFO org.apache.kafka.clients.NetworkClient - [AdminClient clientId=adminclient-26] Node -1 disconnected.
[kafka-admin-client-thread | adminclient-26] WARN org.apache.kafka.clients.NetworkClient - [AdminClient clientId=adminclient-26] Connection to node -1 (localhost/127.0.0.1:9092) could not be established. Broker may not be available.
[kafka-admin-client-thread | adminclient-8] INFO org.apache.kafka.clients.NetworkClient - [AdminClient clientId=adminclient-8] Node -1 disconnected.
[kafka-admin-client-thread | adminclient-8] WARN org.apache.kafka.clients.NetworkClient - [AdminClient clientId=adminclient-8] Connection to node -1 (localhost/127.0.0.1:9092) could not be established. Broker may not be available.
[kafka-admin-client-thread | adminclient-16] INFO org.apache.kafka.clients.NetworkClient - [AdminClient clientId=adminclient-16] Node -1 disconnected.
[kafka-admin-client-thread | adminclient-16] WARN org.apache.kafka.clients.NetworkClient - [AdminClient clientId=adminclient-16] Connection to node -1 (localhost/127.0.0.1:9092) could not be established. Broker may not be available.
[kafka-admin-client-thread | adminclient-4] INFO org.apache.kafka.clients.NetworkClient - [AdminClient clientId=adminclient-4] Node -1 disconnected.
[kafka-admin-client-thread | adminclient-4] WARN org.apache.kafka.clients.NetworkClient - [AdminClient clientId=adminclient-4] Connection to node -1 (localhost/127.0.0.1:9092) could not be established. Broker may not be available.
[kafka-admin-client-thread | adminclient-9] INFO org.apache.kafka.clients.NetworkClient - [AdminClient clientId=adminclient-9] Node -1 disconnected.
[kafka-admin-client-thread | adminclient-11] INFO org.apache.kafka.clients.NetworkClient - [AdminClient clientId=adminclient-11] Node -1 disconnected.
[kafka-admin-client-thread | adminclient-9] WARN org.apache.kafka.clients.NetworkClient - [AdminClient clientId=adminclient-9] Connection to node -1 (localhost/127.0.0.1:9092) could not be established. Broker may not be available.
[kafka-admin-client-thread | adminclient-11] WARN org.apache.kafka.clients.NetworkClient - [AdminClient clientId=adminclient-11] Connection to node -1 (localhost/127.0.0.1:9092) could not be established. Broker may not be available.
[kafka-admin-client-thread | adminclient-13] INFO org.apache.kafka.clients.NetworkClient - [AdminClient clientId=adminclient-13] Node -1 disconnected.
[kafka-admin-client-thread | adminclient-13] WARN org.apache.kafka.clients.NetworkClient - [AdminClient clientId=adminclient-13] Connection to node -1 (localhost/127.0.0.1:9092) could not be established. Broker may not be available.
[kafka-admin-client-thread | adminclient-17] INFO org.apache.kafka.clients.NetworkClient - [AdminClient clientId=adminclient-17] Node -1 disconnected.
[kafka-admin-client-thread | adminclient-17] WARN org.apache.kafka.clients.NetworkClient - [AdminClient clientId=adminclient-17] Connection to node -1 (localhost/127.0.0.1:9092) could not be established. Broker may not be available.
[kafka-admin-client-thread | adminclient-29] INFO org.apache.kafka.clients.NetworkClient - [AdminClient clientId=adminclient-29] Node -1 disconnected.
[kafka-admin-client-thread | adminclient-18] INFO org.apache.kafka.clients.NetworkClient - [AdminClient clientId=adminclient-18] Node -1 disconnected.
[kafka-admin-client-thread | adminclient-29] WARN org.apache.kafka.clients.NetworkClient - [AdminClient clientId=adminclient-29] Connection to node -1 (localhost/127.0.0.1:9092) could not be established. Broker may not be available.
[kafka-admin-client-thread | adminclient-18] WARN org.apache.kafka.clients.NetworkClient - [AdminClient clientId=adminclient-18] Connection to node -1 (localhost/127.0.0.1:9092) could not be established. Broker may not be available.
[kafka-admin-client-thread | adminclient-30] INFO org.apache.kafka.clients.NetworkClient - [AdminClient clientId=adminclient-30] Node -1 disconnected.
[kafka-admin-client-thread | adminclient-30] WARN org.apache.kafka.clients.NetworkClient - [AdminClient clientId=adminclient-30] Connection to node -1 (localhost/127.0.0.1:9092) could not be established. Broker may not be available.
[kafka-admin-client-thread | adminclient-7] INFO org.apache.kafka.clients.NetworkClient - [AdminClient clientId=adminclient-7] Node -1 disconnected.
[kafka-admin-client-thread | adminclient-7] WARN org.apache.kafka.clients.NetworkClient - [AdminClient clientId=adminclient-7] Connection to node -1 (localhost/127.0.0.1:9092) could not be established. Broker may not be available.
[kafka-admin-client-thread | adminclient-1] INFO org.apache.kafka.clients.NetworkClient - [AdminClient clientId=adminclient-1] Node -1 disconnected.
[kafka-admin-client-thread | adminclient-1] WARN org.apache.kafka.clients.NetworkClient - [AdminClient clientId=adminclient-1] Connection to node -1 (localhost/127.0.0.1:9092) could not be established. Broker may not be available.
[kafka-admin-client-thread | adminclient-20] INFO org.apache.kafka.clients.NetworkClient - [AdminClient clientId=adminclient-20] Node -1 disconnected.
[kafka-admin-client-thread | adminclient-20] WARN org.apache.kafka.clients.NetworkClient - [AdminClient clientId=adminclient-20] Connection to node -1 (localhost/127.0.0.1:9092) could not be established. Broker may not be available.
[kafka-admin-client-thread | adminclient-23] INFO org.apache.kafka.clients.NetworkClient - [AdminClient clientId=adminclient-23] Node -1 disconnected.
[kafka-admin-client-thread | adminclient-23] WARN org.apache.kafka.clients.NetworkClient - [AdminClient clientId=adminclient-23] Connection to node -1 (localhost/127.0.0.1:9092) could not be established. Broker may not be available.
[kafka-admin-client-thread | adminclient-12] INFO org.apache.kafka.clients.NetworkClient - [AdminClient clientId=adminclient-12] Node -1 disconnected.
[kafka-admin-client-thread | adminclient-12] WARN org.apache.kafka.clients.NetworkClient - [AdminClient clientId=adminclient-12] Connection to node -1 (localhost/127.0.0.1:9092) could not be established. Broker may not be available.
[kafka-admin-client-thread | adminclient-28] INFO org.apache.kafka.clients.NetworkClient - [AdminClient clientId=adminclient-28] Node -1 disconnected.
[kafka-admin-client-thread | adminclient-28] WARN org.apache.kafka.clients.NetworkClient - [AdminClient clientId=adminclient-28] Connection to node -1 (localhost/127.0.0.1:9092) could not be established. Broker may not be available.
[kafka-admin-client-thread | adminclient-24] INFO org.apache.kafka.clients.NetworkClient - [AdminClient clientId=adminclient-24] Node -1 disconnected.
[kafka-admin-client-thread | adminclient-24] WARN org.apache.kafka.clients.NetworkClient - [AdminClient clientId=adminclient-24] Connection to node -1 (localhost/127.0.0.1:9092) could not be established. Broker may not be available.
[kafka-admin-client-thread | adminclient-15] INFO org.apache.kafka.clients.NetworkClient - [AdminClient clientId=adminclient-15] Node -1 disconnected.
[kafka-admin-client-thread | adminclient-15] WARN org.apache.kafka.clients.NetworkClient - [AdminClient clientId=adminclient-15] Connection to node -1 (localhost/127.0.0.1:9092) could not be established. Broker may not be available.
[kafka-admin-client-thread | adminclient-2] INFO org.apache.kafka.clients.NetworkClient - [AdminClient clientId=adminclient-2] Node -1 disconnected.
[kafka-admin-client-thread | adminclient-2] WARN org.apache.kafka.clients.NetworkClient - [AdminClient clientId=adminclient-2] Connection to node -1 (localhost/127.0.0.1:9092) could not be established. Broker may not be available.
[kafka-admin-client-thread | adminclient-22] INFO org.apache.kafka.clients.NetworkClient - [AdminClient clientId=adminclient-22] Node -1 disconnected.
[kafka-admin-client-thread | adminclient-21] INFO org.apache.kafka.clients.NetworkClient - [AdminClient clientId=adminclient-21] Node -1 disconnected.
[kafka-admin-client-thread | adminclient-22] WARN org.apache.kafka.clients.NetworkClient - [AdminClient clientId=adminclient-22] Connection to node -1 (localhost/127.0.0.1:9092) could not be established. Broker may not be available.
[kafka-admin-client-thread | adminclient-21] WARN org.apache.kafka.clients.NetworkClient - [AdminClient clientId=adminclient-21] Connection to node -1 (localhost/127.0.0.1:9092) could not be established. Broker may not be available.
[kafka-admin-client-thread | adminclient-3] INFO org.apache.kafka.clients.NetworkClient - [AdminClient clientId=adminclient-3] Node -1 disconnected.
[kafka-admin-client-thread | adminclient-3] WARN org.apache.kafka.clients.NetworkClient - [AdminClient clientId=adminclient-3] Connection to node -1 (localhost/127.0.0.1:9092) could not be established. Broker may not be available.
[kafka-admin-client-thread | adminclient-16] INFO org.apache.kafka.clients.NetworkClient - [AdminClient clientId=adminclient-16] Node -1 disconnected.
[kafka-admin-client-thread | adminclient-16] WARN org.apache.kafka.clients.NetworkClient - [AdminClient clientId=adminclient-16] Connection to node -1 (localhost/127.0.0.1:9092) could not be established. Broker may not be available.
[kafka-admin-client-thread | adminclient-19] INFO org.apache.kafka.clients.NetworkClient - [AdminClient clientId=adminclient-19] Node -1 disconnected.
[kafka-admin-client-thread | adminclient-19] WARN org.apache.kafka.clients.NetworkClient - [AdminClient clientId=adminclient-19] Connection to node -1 (localhost/127.0.0.1:9092) could not be established. Broker may not be available.
[kafka-admin-client-thread | adminclient-11] INFO org.apache.kafka.clients.NetworkClient - [AdminClient clientId=adminclient-11] Node -1 disconnected.
[kafka-admin-client-thread | adminclient-9] INFO org.apache.kafka.clients.NetworkClient - [AdminClient clientId=adminclient-9] Node -1 disconnected.
[kafka-admin-client-thread | adminclient-11] WARN org.apache.kafka.clients.NetworkClient - [AdminClient clientId=adminclient-11] Connection to node -1 (localhost/127.0.0.1:9092) could not be established. Broker may not be available.
[kafka-admin-client-thread | adminclient-9] WARN org.apache.kafka.clients.NetworkClient - [AdminClient clientId=adminclient-9] Connection to node -1 (localhost/127.0.0.1:9092) could not be established. Broker may not be available.
[kafka-admin-client-thread | adminclient-14] INFO org.apache.kafka.clients.NetworkClient - [AdminClient clientId=adminclient-14] Node -1 disconnected.
[kafka-admin-client-thread | adminclient-10] INFO org.apache.kafka.clients.NetworkClient - [AdminClient clientId=adminclient-10] Node -1 disconnected.
[kafka-admin-client-thread | adminclient-14] WARN org.apache.kafka.clients.NetworkClient - [AdminClient clientId=adminclient-14] Connection to node -1 (localhost/127.0.0.1:9092) could not be established. Broker may not be available.
[kafka-admin-client-thread | adminclient-10] WARN org.apache.kafka.clients.NetworkClient - [AdminClient clientId=adminclient-10] Connection to node -1 (localhost/127.0.0.1:9092) could not be established. Broker may not be available.
[kafka-admin-client-thread | adminclient-8] INFO org.apache.kafka.clients.NetworkClient - [AdminClient clientId=adminclient-8] Node -1 disconnected.
[kafka-admin-client-thread | adminclient-8] WARN org.apache.kafka.clients.NetworkClient - [AdminClient clientId=adminclient-8] Connection to node -1 (localhost/127.0.0.1:9092) could not be established. Broker may not be available.
[kafka-admin-client-thread | adminclient-4] INFO org.apache.kafka.clients.NetworkClient - [AdminClient clientId=adminclient-4] Node -1 disconnected.
[kafka-admin-client-thread | adminclient-4] WARN org.apache.kafka.clients.NetworkClient - [AdminClient clientId=adminclient-4] Connection to node -1 (localhost/127.0.0.1:9092) could not be established. Broker may not be available.
[kafka-admin-client-thread | adminclient-13] INFO org.apache.kafka.clients.NetworkClient - [AdminClient clientId=adminclient-13] Node -1 disconnected.
[kafka-admin-client-thread | adminclient-13] WARN org.apache.kafka.clients.NetworkClient - [AdminClient clientId=adminclient-13] Connection to node -1 (localhost/127.0.0.1:9092) could not be established. Broker may not be available.
[kafka-admin-client-thread | adminclient-27] INFO org.apache.kafka.clients.NetworkClient - [AdminClient clientId=adminclient-27] Node -1 disconnected.
[kafka-admin-client-thread | adminclient-27] WARN org.apache.kafka.clients.NetworkClient - [AdminClient clientId=adminclient-27] Connection to node -1 (localhost/127.0.0.1:9092) could not be established. Broker may not be available.
[kafka-admin-client-thread | adminclient-17] INFO org.apache.kafka.clients.NetworkClient - [AdminClient clientId=adminclient-17] Node -1 disconnected.
[kafka-admin-client-thread | adminclient-17] WARN org.apache.kafka.clients.NetworkClient - [AdminClient clientId=adminclient-17] Connection to node -1 (localhost/127.0.0.1:9092) could not be established. Broker may not be available.
[kafka-admin-client-thread | adminclient-26] INFO org.apache.kafka.clients.NetworkClient - [AdminClient clientId=adminclient-26] Node -1 disconnected.
[kafka-admin-client-thread | adminclient-25] INFO org.apache.kafka.clients.NetworkClient - [AdminClient clientId=adminclient-25] Node -1 disconnected.
[kafka-admin-client-thread | adminclient-26] WARN org.apache.kafka.clients.NetworkClient - [AdminClient clientId=adminclient-26] Connection to node -1 (localhost/127.0.0.1:9092) could not be established. Broker may not be available.
[kafka-admin-client-thread | adminclient-25] WARN org.apache.kafka.clients.NetworkClient - [AdminClient clientId=adminclient-25] Connection to node -1 (localhost/127.0.0.1:9092) could not be established. Broker may not be available.
[kafka-admin-client-thread | adminclient-30] INFO org.apache.kafka.clients.NetworkClient - [AdminClient clientId=adminclient-30] Node -1 disconnected.
[kafka-admin-client-thread | adminclient-30] WARN org.apache.kafka.clients.NetworkClient - [AdminClient clientId=adminclient-30] Connection to node -1 (localhost/127.0.0.1:9092) could not be established. Broker may not be available.
[kafka-admin-client-thread | adminclient-29] INFO org.apache.kafka.clients.NetworkClient - [AdminClient clientId=adminclient-29] Node -1 disconnected.
[kafka-admin-client-thread | adminclient-29] WARN org.apache.kafka.clients.NetworkClient - [AdminClient clientId=adminclient-29] Connection to node -1 (localhost/127.0.0.1:9092) could not be established. Broker may not be available.
[kafka-admin-client-thread | adminclient-23] INFO org.apache.kafka.clients.NetworkClient - [AdminClient clientId=adminclient-23] Node -1 disconnected.
[kafka-admin-client-thread | adminclient-23] WARN org.apache.kafka.clients.NetworkClient - [AdminClient clientId=adminclient-23] Connection to node -1 (localhost/127.0.0.1:9092) could not be established. Broker may not be available.
[kafka-admin-client-thread | adminclient-12] INFO org.apache.kafka.clients.NetworkClient - [AdminClient clientId=adminclient-12] Node -1 disconnected.
[kafka-admin-client-thread | adminclient-12] WARN org.apache.kafka.clients.NetworkClient - [AdminClient clientId=adminclient-12] Connection to node -1 (localhost/127.0.0.1:9092) could not be established. Broker may not be available.
[kafka-admin-client-thread | adminclient-7] INFO org.apache.kafka.clients.NetworkClient - [AdminClient clientId=adminclient-7] Node -1 disconnected.
[kafka-admin-client-thread | adminclient-7] WARN org.apache.kafka.clients.NetworkClient - [AdminClient clientId=adminclient-7] Connection to node -1 (localhost/127.0.0.1:9092) could not be established. Broker may not be available.
[kafka-admin-client-thread | adminclient-18] INFO org.apache.kafka.clients.NetworkClient - [AdminClient clientId=adminclient-18] Node -1 disconnected.
[kafka-admin-client-thread | adminclient-18] WARN org.apache.kafka.clients.NetworkClient - [AdminClient clientId=adminclient-18] Connection to node -1 (localhost/127.0.0.1:9092) could not be established. Broker may not be available.
[kafka-admin-client-thread | adminclient-24] INFO org.apache.kafka.clients.NetworkClient - [AdminClient clientId=adminclient-24] Node -1 disconnected.
[kafka-admin-client-thread | adminclient-24] WARN org.apache.kafka.clients.NetworkClient - [AdminClient clientId=adminclient-24] Connection to node -1 (localhost/127.0.0.1:9092) could not be established. Broker may not be available.
[kafka-admin-client-thread | adminclient-28] INFO org.apache.kafka.clients.NetworkClient - [AdminClient clientId=adminclient-28] Node -1 disconnected.
[kafka-admin-client-thread | adminclient-28] WARN org.apache.kafka.clients.NetworkClient - [AdminClient clientId=adminclient-28] Connection to node -1 (localhost/127.0.0.1:9092) could not be established. Broker may not be available.
[kafka-admin-client-thread | adminclient-2] INFO org.apache.kafka.clients.NetworkClient - [AdminClient clientId=adminclient-2] Node -1 disconnected.
[kafka-admin-client-thread | adminclient-2] WARN org.apache.kafka.clients.NetworkClient - [AdminClient clientId=adminclient-2] Connection to node -1 (localhost/127.0.0.1:9092) could not be established. Broker may not be available.
[kafka-admin-client-thread | adminclient-20] INFO org.apache.kafka.clients.NetworkClient - [AdminClient clientId=adminclient-20] Node -1 disconnected.
[kafka-admin-client-thread | adminclient-20] WARN org.apache.kafka.clients.NetworkClient - [AdminClient clientId=adminclient-20] Connection to node -1 (localhost/127.0.0.1:9092) could not be established. Broker may not be available.
[kafka-admin-client-thread | adminclient-15] INFO org.apache.kafka.clients.NetworkClient - [AdminClient clientId=adminclient-15] Node -1 disconnected.
[kafka-admin-client-thread | adminclient-15] WARN org.apache.kafka.clients.NetworkClient - [AdminClient clientId=adminclient-15] Connection to node -1 (localhost/127.0.0.1:9092) could not be established. Broker may not be available.
[kafka-admin-client-thread | adminclient-1] INFO org.apache.kafka.clients.NetworkClient - [AdminClient clientId=adminclient-1] Node -1 disconnected.
[kafka-admin-client-thread | adminclient-1] WARN org.apache.kafka.clients.NetworkClient - [AdminClient clientId=adminclient-1] Connection to node -1 (localhost/127.0.0.1:9092) could not be established. Broker may not be available.
[kafka-admin-client-thread | adminclient-21] INFO org.apache.kafka.clients.NetworkClient - [AdminClient clientId=adminclient-21] Node -1 disconnected.
[kafka-admin-client-thread | adminclient-21] WARN org.apache.kafka.clients.NetworkClient - [AdminClient clientId=adminclient-21] Connection to node -1 (localhost/127.0.0.1:9092) could not be established. Broker may not be available.
[kafka-admin-client-thread | adminclient-16] INFO org.apache.kafka.clients.NetworkClient - [AdminClient clientId=adminclient-16] Node -1 disconnected.
[kafka-admin-client-thread | adminclient-16] WARN org.apache.kafka.clients.NetworkClient - [AdminClient clientId=adminclient-16] Connection to node -1 (localhost/127.0.0.1:9092) could not be established. Broker may not be available.
[kafka-admin-client-thread | adminclient-22] INFO org.apache.kafka.clients.NetworkClient - [AdminClient clientId=adminclient-22] Node -1 disconnected.
[kafka-admin-client-thread | adminclient-22] WARN org.apache.kafka.clients.NetworkClient - [AdminClient clientId=adminclient-22] Connection to node -1 (localhost/127.0.0.1:9092) could not be established. Broker may not be available.
[kafka-admin-client-thread | adminclient-3] INFO org.apache.kafka.clients.NetworkClient - [AdminClient clientId=adminclient-3] Node -1 disconnected.
[kafka-admin-client-thread | adminclient-11] INFO org.apache.kafka.clients.NetworkClient - [AdminClient clientId=adminclient-11] Node -1 disconnected.
[kafka-admin-client-thread | adminclient-3] WARN org.apache.kafka.clients.NetworkClient - [AdminClient clientId=adminclient-3] Connection to node -1 (localhost/127.0.0.1:9092) could not be established. Broker may not be available.
[kafka-admin-client-thread | adminclient-11] WARN org.apache.kafka.clients.NetworkClient - [AdminClient clientId=adminclient-11] Connection to node -1 (localhost/127.0.0.1:9092) could not be established. Broker may not be available.
[kafka-admin-client-thread | adminclient-14] INFO org.apache.kafka.clients.NetworkClient - [AdminClient clientId=adminclient-14] Node -1 disconnected.
[kafka-admin-client-thread | adminclient-14] WARN org.apache.kafka.clients.NetworkClient - [AdminClient clientId=adminclient-14] Connection to node -1 (localhost/127.0.0.1:9092) could not be established. Broker may not be available.
[kafka-admin-client-thread | adminclient-10] INFO org.apache.kafka.clients.NetworkClient - [AdminClient clientId=adminclient-10] Node -1 disconnected.
[kafka-admin-client-thread | adminclient-10] WARN org.apache.kafka.clients.NetworkClient - [AdminClient clientId=adminclient-10] Connection to node -1 (localhost/127.0.0.1:9092) could not be established. Broker may not be available.
[kafka-admin-client-thread | adminclient-27] INFO org.apache.kafka.clients.NetworkClient - [AdminClient clientId=adminclient-27] Node -1 disconnected.
[kafka-admin-client-thread | adminclient-27] WARN org.apache.kafka.clients.NetworkClient - [AdminClient clientId=adminclient-27] Connection to node -1 (localhost/127.0.0.1:9092) could not be established. Broker may not be available.
[kafka-admin-client-thread | adminclient-17] INFO org.apache.kafka.clients.NetworkClient - [AdminClient clientId=adminclient-17] Node -1 disconnected.
[kafka-admin-client-thread | adminclient-17] WARN org.apache.kafka.clients.NetworkClient - [AdminClient clientId=adminclient-17] Connection to node -1 (localhost/127.0.0.1:9092) could not be established. Broker may not be available.
[kafka-admin-client-thread | adminclient-19] INFO org.apache.kafka.clients.NetworkClient - [AdminClient clientId=adminclient-19] Node -1 disconnected.
[kafka-admin-client-thread | adminclient-19] WARN org.apache.kafka.clients.NetworkClient - [AdminClient clientId=adminclient-19] Connection to node -1 (localhost/127.0.0.1:9092) could not be established. Broker may not be available.
[kafka-admin-client-thread | adminclient-9] INFO org.apache.kafka.clients.NetworkClient - [AdminClient clientId=adminclient-9] Node -1 disconnected.
[kafka-admin-client-thread | adminclient-9] WARN org.apache.kafka.clients.NetworkClient - [AdminClient clientId=adminclient-9] Connection to node -1 (localhost/127.0.0.1:9092) could not be established. Broker may not be available.
[kafka-admin-client-thread | adminclient-4] INFO org.apache.kafka.clients.NetworkClient - [AdminClient clientId=adminclient-4] Node -1 disconnected.
[kafka-admin-client-thread | adminclient-26] INFO org.apache.kafka.clients.NetworkClient - [AdminClient clientId=adminclient-26] Node -1 disconnected.
[kafka-admin-client-thread | adminclient-4] WARN org.apache.kafka.clients.NetworkClient - [AdminClient clientId=adminclient-4] Connection to node -1 (localhost/127.0.0.1:9092) could not be established. Broker may not be available.
[kafka-admin-client-thread | adminclient-26] WARN org.apache.kafka.clients.NetworkClient - [AdminClient clientId=adminclient-26] Connection to node -1 (localhost/127.0.0.1:9092) could not be established. Broker may not be available.
[kafka-admin-client-thread | adminclient-13] INFO org.apache.kafka.clients.NetworkClient - [AdminClient clientId=adminclient-13] Node -1 disconnected.
[kafka-admin-client-thread | adminclient-13] WARN org.apache.kafka.clients.NetworkClient - [AdminClient clientId=adminclient-13] Connection to node -1 (localhost/127.0.0.1:9092) could not be established. Broker may not be available.
[kafka-admin-client-thread | adminclient-8] INFO org.apache.kafka.clients.NetworkClient - [AdminClient clientId=adminclient-8] Node -1 disconnected.
[kafka-admin-client-thread | adminclient-8] WARN org.apache.kafka.clients.NetworkClient - [AdminClient clientId=adminclient-8] Connection to node -1 (localhost/127.0.0.1:9092) could not be established. Broker may not be available.
[kafka-admin-client-thread | adminclient-25] INFO org.apache.kafka.clients.NetworkClient - [AdminClient clientId=adminclient-25] Node -1 disconnected.
[kafka-admin-client-thread | adminclient-25] WARN org.apache.kafka.clients.NetworkClient - [AdminClient clientId=adminclient-25] Connection to node -1 (localhost/127.0.0.1:9092) could not be established. Broker may not be available.
[kafka-admin-client-thread | adminclient-7] INFO org.apache.kafka.clients.NetworkClient - [AdminClient clientId=adminclient-7] Node -1 disconnected.
[kafka-admin-client-thread | adminclient-7] WARN org.apache.kafka.clients.NetworkClient - [AdminClient clientId=adminclient-7] Connection to node -1 (localhost/127.0.0.1:9092) could not be established. Broker may not be available.
[kafka-admin-client-thread | adminclient-30] INFO org.apache.kafka.clients.NetworkClient - [AdminClient clientId=adminclient-30] Node -1 disconnected.
[kafka-admin-client-thread | adminclient-30] WARN org.apache.kafka.clients.NetworkClient - [AdminClient clientId=adminclient-30] Connection to node -1 (localhost/127.0.0.1:9092) could not be established. Broker may not be available.
[kafka-admin-client-thread | adminclient-23] INFO org.apache.kafka.clients.NetworkClient - [AdminClient clientId=adminclient-23] Node -1 disconnected.
[kafka-admin-client-thread | adminclient-23] WARN org.apache.kafka.clients.NetworkClient - [AdminClient clientId=adminclient-23] Connection to node -1 (localhost/127.0.0.1:9092) could not be established. Broker may not be available.
[kafka-admin-client-thread | adminclient-20] INFO org.apache.kafka.clients.NetworkClient - [AdminClient clientId=adminclient-20] Node -1 disconnected.
[kafka-admin-client-thread | adminclient-20] WARN org.apache.kafka.clients.NetworkClient - [AdminClient clientId=adminclient-20] Connection to node -1 (localhost/127.0.0.1:9092) could not be established. Broker may not be available.
[kafka-admin-client-thread | adminclient-2] INFO org.apache.kafka.clients.NetworkClient - [AdminClient clientId=adminclient-2] Node -1 disconnected.
[kafka-admin-client-thread | adminclient-2] WARN org.apache.kafka.clients.NetworkClient - [AdminClient clientId=adminclient-2] Connection to node -1 (localhost/127.0.0.1:9092) could not be established. Broker may not be available.
[kafka-admin-client-thread | adminclient-29] INFO org.apache.kafka.clients.NetworkClient - [AdminClient clientId=adminclient-29] Node -1 disconnected.
[kafka-admin-client-thread | adminclient-29] WARN org.apache.kafka.clients.NetworkClient - [AdminClient clientId=adminclient-29] Connection to node -1 (localhost/127.0.0.1:9092) could not be established. Broker may not be available.
[kafka-admin-client-thread | adminclient-12] INFO org.apache.kafka.clients.NetworkClient - [AdminClient clientId=adminclient-12] Node -1 disconnected.
[kafka-admin-client-thread | adminclient-12] WARN org.apache.kafka.clients.NetworkClient - [AdminClient clientId=adminclient-12] Connection to node -1 (localhost/127.0.0.1:9092) could not be established. Broker may not be available.
[kafka-admin-client-thread | adminclient-28] INFO org.apache.kafka.clients.NetworkClient - [AdminClient clientId=adminclient-28] Node -1 disconnected.
[kafka-admin-client-thread | adminclient-28] WARN org.apache.kafka.clients.NetworkClient - [AdminClient clientId=adminclient-28] Connection to node -1 (localhost/127.0.0.1:9092) could not be established. Broker may not be available.
[kafka-admin-client-thread | adminclient-18] INFO org.apache.kafka.clients.NetworkClient - [AdminClient clientId=adminclient-18] Node -1 disconnected.
[kafka-admin-client-thread | adminclient-18] WARN org.apache.kafka.clients.NetworkClient - [AdminClient clientId=adminclient-18] Connection to node -1 (localhost/127.0.0.1:9092) could not be established. Broker may not be available.
[kafka-admin-client-thread | adminclient-24] INFO org.apache.kafka.clients.NetworkClient - [AdminClient clientId=adminclient-24] Node -1 disconnected.
[kafka-admin-client-thread | adminclient-24] WARN org.apache.kafka.clients.NetworkClient - [AdminClient clientId=adminclient-24] Connection to node -1 (localhost/127.0.0.1:9092) could not be established. Broker may not be available.
[kafka-admin-client-thread | adminclient-1] INFO org.apache.kafka.clients.NetworkClient - [AdminClient clientId=adminclient-1] Node -1 disconnected.
[kafka-admin-client-thread | adminclient-1] WARN org.apache.kafka.clients.NetworkClient - [AdminClient clientId=adminclient-1] Connection to node -1 (localhost/127.0.0.1:9092) could not be established. Broker may not be available.
[kafka-admin-client-thread | adminclient-15] INFO org.apache.kafka.clients.NetworkClient - [AdminClient clientId=adminclient-15] Node -1 disconnected.
[kafka-admin-client-thread | adminclient-15] WARN org.apache.kafka.clients.NetworkClient - [AdminClient clientId=adminclient-15] Connection to node -1 (localhost/127.0.0.1:9092) could not be established. Broker may not be available.
[kafka-admin-client-thread | adminclient-16] INFO org.apache.kafka.clients.NetworkClient - [AdminClient clientId=adminclient-16] Node -1 disconnected.
[kafka-admin-client-thread | adminclient-16] WARN org.apache.kafka.clients.NetworkClient - [AdminClient clientId=adminclient-16] Connection to node -1 (localhost/127.0.0.1:9092) could not be established. Broker may not be available.
[kafka-admin-client-thread | adminclient-21] INFO org.apache.kafka.clients.NetworkClient - [AdminClient clientId=adminclient-21] Node -1 disconnected.
[kafka-admin-client-thread | adminclient-21] WARN org.apache.kafka.clients.NetworkClient - [AdminClient clientId=adminclient-21] Connection to node -1 (localhost/127.0.0.1:9092) could not be established. Broker may not be available.
[kafka-admin-client-thread | adminclient-9] INFO org.apache.kafka.clients.NetworkClient - [AdminClient clientId=adminclient-9] Node -1 disconnected.
[kafka-admin-client-thread | adminclient-14] INFO org.apache.kafka.clients.NetworkClient - [AdminClient clientId=adminclient-14] Node -1 disconnected.
[kafka-admin-client-thread | adminclient-9] WARN org.apache.kafka.clients.NetworkClient - [AdminClient clientId=adminclient-9] Connection to node -1 (localhost/127.0.0.1:9092) could not be established. Broker may not be available.
[kafka-admin-client-thread | adminclient-14] WARN org.apache.kafka.clients.NetworkClient - [AdminClient clientId=adminclient-14] Connection to node -1 (localhost/127.0.0.1:9092) could not be established. Broker may not be available.
[kafka-admin-client-thread | adminclient-3] INFO org.apache.kafka.clients.NetworkClient - [AdminClient clientId=adminclient-3] Node -1 disconnected.
[kafka-admin-client-thread | adminclient-3] WARN org.apache.kafka.clients.NetworkClient - [AdminClient clientId=adminclient-3] Connection to node -1 (localhost/127.0.0.1:9092) could not be established. Broker may not be available.
[kafka-admin-client-thread | adminclient-11] INFO org.apache.kafka.clients.NetworkClient - [AdminClient clientId=adminclient-11] Node -1 disconnected.
[kafka-admin-client-thread | adminclient-11] WARN org.apache.kafka.clients.NetworkClient - [AdminClient clientId=adminclient-11] Connection to node -1 (localhost/127.0.0.1:9092) could not be established. Broker may not be available.
[kafka-admin-client-thread | adminclient-19] INFO org.apache.kafka.clients.NetworkClient - [AdminClient clientId=adminclient-19] Node -1 disconnected.
[kafka-admin-client-thread | adminclient-19] WARN org.apache.kafka.clients.NetworkClient - [AdminClient clientId=adminclient-19] Connection to node -1 (localhost/127.0.0.1:9092) could not be established. Broker may not be available.
[kafka-admin-client-thread | adminclient-4] INFO org.apache.kafka.clients.NetworkClient - [AdminClient clientId=adminclient-4] Node -1 disconnected.
[kafka-admin-client-thread | adminclient-22] INFO org.apache.kafka.clients.NetworkClient - [AdminClient clientId=adminclient-22] Node -1 disconnected.
[kafka-admin-client-thread | adminclient-4] WARN org.apache.kafka.clients.NetworkClient - [AdminClient clientId=adminclient-4] Connection to node -1 (localhost/127.0.0.1:9092) could not be established. Broker may not be available.
[kafka-admin-client-thread | adminclient-22] WARN org.apache.kafka.clients.NetworkClient - [AdminClient clientId=adminclient-22] Connection to node -1 (localhost/127.0.0.1:9092) could not be established. Broker may not be available.
[kafka-admin-client-thread | adminclient-13] INFO org.apache.kafka.clients.NetworkClient - [AdminClient clientId=adminclient-13] Node -1 disconnected.
[kafka-admin-client-thread | adminclient-10] INFO org.apache.kafka.clients.NetworkClient - [AdminClient clientId=adminclient-10] Node -1 disconnected.
[kafka-admin-client-thread | adminclient-13] WARN org.apache.kafka.clients.NetworkClient - [AdminClient clientId=adminclient-13] Connection to node -1 (localhost/127.0.0.1:9092) could not be established. Broker may not be available.
[kafka-admin-client-thread | adminclient-10] WARN org.apache.kafka.clients.NetworkClient - [AdminClient clientId=adminclient-10] Connection to node -1 (localhost/127.0.0.1:9092) could not be established. Broker may not be available.
[kafka-admin-client-thread | adminclient-27] INFO org.apache.kafka.clients.NetworkClient - [AdminClient clientId=adminclient-27] Node -1 disconnected.
[kafka-admin-client-thread | adminclient-27] WARN org.apache.kafka.clients.NetworkClient - [AdminClient clientId=adminclient-27] Connection to node -1 (localhost/127.0.0.1:9092) could not be established. Broker may not be available.
[kafka-admin-client-thread | adminclient-17] INFO org.apache.kafka.clients.NetworkClient - [AdminClient clientId=adminclient-17] Node -1 disconnected.
[kafka-admin-client-thread | adminclient-17] WARN org.apache.kafka.clients.NetworkClient - [AdminClient clientId=adminclient-17] Connection to node -1 (localhost/127.0.0.1:9092) could not be established. Broker may not be available.
[kafka-admin-client-thread | adminclient-7] INFO org.apache.kafka.clients.NetworkClient - [AdminClient clientId=adminclient-7] Node -1 disconnected.
[kafka-admin-client-thread | adminclient-8] INFO org.apache.kafka.clients.NetworkClient - [AdminClient clientId=adminclient-8] Node -1 disconnected.
[kafka-admin-client-thread | adminclient-7] WARN org.apache.kafka.clients.NetworkClient - [AdminClient clientId=adminclient-7] Connection to node -1 (localhost/127.0.0.1:9092) could not be established. Broker may not be available.
[kafka-admin-client-thread | adminclient-8] WARN org.apache.kafka.clients.NetworkClient - [AdminClient clientId=adminclient-8] Connection to node -1 (localhost/127.0.0.1:9092) could not be established. Broker may not be available.
[kafka-admin-client-thread | adminclient-25] INFO org.apache.kafka.clients.NetworkClient - [AdminClient clientId=adminclient-25] Node -1 disconnected.
[kafka-admin-client-thread | adminclient-26] INFO org.apache.kafka.clients.NetworkClient - [AdminClient clientId=adminclient-26] Node -1 disconnected.
[kafka-admin-client-thread | adminclient-25] WARN org.apache.kafka.clients.NetworkClient - [AdminClient clientId=adminclient-25] Connection to node -1 (localhost/127.0.0.1:9092) could not be established. Broker may not be available.
[kafka-admin-client-thread | adminclient-26] WARN org.apache.kafka.clients.NetworkClient - [AdminClient clientId=adminclient-26] Connection to node -1 (localhost/127.0.0.1:9092) could not be established. Broker may not be available.
[kafka-admin-client-thread | adminclient-12] INFO org.apache.kafka.clients.NetworkClient - [AdminClient clientId=adminclient-12] Node -1 disconnected.
[kafka-admin-client-thread | adminclient-12] WARN org.apache.kafka.clients.NetworkClient - [AdminClient clientId=adminclient-12] Connection to node -1 (localhost/127.0.0.1:9092) could not be established. Broker may not be available.
[kafka-admin-client-thread | adminclient-2] INFO org.apache.kafka.clients.NetworkClient - [AdminClient clientId=adminclient-2] Node -1 disconnected.
[kafka-admin-client-thread | adminclient-2] WARN org.apache.kafka.clients.NetworkClient - [AdminClient clientId=adminclient-2] Connection to node -1 (localhost/127.0.0.1:9092) could not be established. Broker may not be available.
[kafka-admin-client-thread | adminclient-29] INFO org.apache.kafka.clients.NetworkClient - [AdminClient clientId=adminclient-29] Node -1 disconnected.
[kafka-admin-client-thread | adminclient-29] WARN org.apache.kafka.clients.NetworkClient - [AdminClient clientId=adminclient-29] Connection to node -1 (localhost/127.0.0.1:9092) could not be established. Broker may not be available.
[kafka-admin-client-thread | adminclient-28] INFO org.apache.kafka.clients.NetworkClient - [AdminClient clientId=adminclient-28] Node -1 disconnected.
[kafka-admin-client-thread | adminclient-28] WARN org.apache.kafka.clients.NetworkClient - [AdminClient clientId=adminclient-28] Connection to node -1 (localhost/127.0.0.1:9092) could not be established. Broker may not be available.
[kafka-admin-client-thread | adminclient-20] INFO org.apache.kafka.clients.NetworkClient - [AdminClient clientId=adminclient-20] Node -1 disconnected.
[kafka-admin-client-thread | adminclient-20] WARN org.apache.kafka.clients.NetworkClient - [AdminClient clientId=adminclient-20] Connection to node -1 (localhost/127.0.0.1:9092) could not be established. Broker may not be available.
[kafka-admin-client-thread | adminclient-1] INFO org.apache.kafka.clients.NetworkClient - [AdminClient clientId=adminclient-1] Node -1 disconnected.
[kafka-admin-client-thread | adminclient-1] WARN org.apache.kafka.clients.NetworkClient - [AdminClient clientId=adminclient-1] Connection to node -1 (localhost/127.0.0.1:9092) could not be established. Broker may not be available.
[kafka-admin-client-thread | adminclient-30] INFO org.apache.kafka.clients.NetworkClient - [AdminClient clientId=adminclient-30] Node -1 disconnected.
[kafka-admin-client-thread | adminclient-30] WARN org.apache.kafka.clients.NetworkClient - [AdminClient clientId=adminclient-30] Connection to node -1 (localhost/127.0.0.1:9092) could not be established. Broker may not be available.
[kafka-admin-client-thread | adminclient-23] INFO org.apache.kafka.clients.NetworkClient - [AdminClient clientId=adminclient-23] Node -1 disconnected.
[kafka-admin-client-thread | adminclient-23] WARN org.apache.kafka.clients.NetworkClient - [AdminClient clientId=adminclient-23] Connection to node -1 (localhost/127.0.0.1:9092) could not be established. Broker may not be available.
[kafka-admin-client-thread | adminclient-15] INFO org.apache.kafka.clients.NetworkClient - [AdminClient clientId=adminclient-15] Node -1 disconnected.
[kafka-admin-client-thread | adminclient-15] WARN org.apache.kafka.clients.NetworkClient - [AdminClient clientId=adminclient-15] Connection to node -1 (localhost/127.0.0.1:9092) could not be established. Broker may not be available.
[kafka-admin-client-thread | adminclient-18] INFO org.apache.kafka.clients.NetworkClient - [AdminClient clientId=adminclient-18] Node -1 disconnected.
[kafka-admin-client-thread | adminclient-18] WARN org.apache.kafka.clients.NetworkClient - [AdminClient clientId=adminclient-18] Connection to node -1 (localhost/127.0.0.1:9092) could not be established. Broker may not be available.
[kafka-admin-client-thread | adminclient-24] INFO org.apache.kafka.clients.NetworkClient - [AdminClient clientId=adminclient-24] Node -1 disconnected.
[kafka-admin-client-thread | adminclient-24] WARN org.apache.kafka.clients.NetworkClient - [AdminClient clientId=adminclient-24] Connection to node -1 (localhost/127.0.0.1:9092) could not be established. Broker may not be available.
[kafka-admin-client-thread | adminclient-11] INFO org.apache.kafka.clients.NetworkClient - [AdminClient clientId=adminclient-11] Node -1 disconnected.
[kafka-admin-client-thread | adminclient-11] WARN org.apache.kafka.clients.NetworkClient - [AdminClient clientId=adminclient-11] Connection to node -1 (localhost/127.0.0.1:9092) could not be established. Broker may not be available.
[kafka-admin-client-thread | adminclient-16] INFO org.apache.kafka.clients.NetworkClient - [AdminClient clientId=adminclient-16] Node -1 disconnected.
[kafka-admin-client-thread | adminclient-16] WARN org.apache.kafka.clients.NetworkClient - [AdminClient clientId=adminclient-16] Connection to node -1 (localhost/127.0.0.1:9092) could not be established. Broker may not be available.
[kafka-admin-client-thread | adminclient-19] INFO org.apache.kafka.clients.NetworkClient - [AdminClient clientId=adminclient-19] Node -1 disconnected.
[kafka-admin-client-thread | adminclient-19] WARN org.apache.kafka.clients.NetworkClient - [AdminClient clientId=adminclient-19] Connection to node -1 (localhost/127.0.0.1:9092) could not be established. Broker may not be available.
[kafka-admin-client-thread | adminclient-3] INFO org.apache.kafka.clients.NetworkClient - [AdminClient clientId=adminclient-3] Node -1 disconnected.
[kafka-admin-client-thread | adminclient-3] WARN org.apache.kafka.clients.NetworkClient - [AdminClient clientId=adminclient-3] Connection to node -1 (localhost/127.0.0.1:9092) could not be established. Broker may not be available.
[kafka-admin-client-thread | adminclient-14] INFO org.apache.kafka.clients.NetworkClient - [AdminClient clientId=adminclient-14] Node -1 disconnected.
[kafka-admin-client-thread | adminclient-14] WARN org.apache.kafka.clients.NetworkClient - [AdminClient clientId=adminclient-14] Connection to node -1 (localhost/127.0.0.1:9092) could not be established. Broker may not be available.
[kafka-admin-client-thread | adminclient-13] INFO org.apache.kafka.clients.NetworkClient - [AdminClient clientId=adminclient-13] Node -1 disconnected.
[kafka-admin-client-thread | adminclient-13] WARN org.apache.kafka.clients.NetworkClient - [AdminClient clientId=adminclient-13] Connection to node -1 (localhost/127.0.0.1:9092) could not be established. Broker may not be available.
[kafka-admin-client-thread | adminclient-10] INFO org.apache.kafka.clients.NetworkClient - [AdminClient clientId=adminclient-10] Node -1 disconnected.
[kafka-admin-client-thread | adminclient-10] WARN org.apache.kafka.clients.NetworkClient - [AdminClient clientId=adminclient-10] Connection to node -1 (localhost/127.0.0.1:9092) could not be established. Broker may not be available.
[kafka-admin-client-thread | adminclient-7] INFO org.apache.kafka.clients.NetworkClient - [AdminClient clientId=adminclient-7] Node -1 disconnected.
[kafka-admin-client-thread | adminclient-7] WARN org.apache.kafka.clients.NetworkClient - [AdminClient clientId=adminclient-7] Connection to node -1 (localhost/127.0.0.1:9092) could not be established. Broker may not be available.
[kafka-admin-client-thread | adminclient-22] INFO org.apache.kafka.clients.NetworkClient - [AdminClient clientId=adminclient-22] Node -1 disconnected.
[kafka-admin-client-thread | adminclient-25] INFO org.apache.kafka.clients.NetworkClient - [AdminClient clientId=adminclient-25] Node -1 disconnected.
[kafka-admin-client-thread | adminclient-22] WARN org.apache.kafka.clients.NetworkClient - [AdminClient clientId=adminclient-22] Connection to node -1 (localhost/127.0.0.1:9092) could not be established. Broker may not be available.
[kafka-admin-client-thread | adminclient-25] WARN org.apache.kafka.clients.NetworkClient - [AdminClient clientId=adminclient-25] Connection to node -1 (localhost/127.0.0.1:9092) could not be established. Broker may not be available.
[kafka-admin-client-thread | adminclient-21] INFO org.apache.kafka.clients.NetworkClient - [AdminClient clientId=adminclient-21] Node -1 disconnected.
[kafka-admin-client-thread | adminclient-21] WARN org.apache.kafka.clients.NetworkClient - [AdminClient clientId=adminclient-21] Connection to node -1 (localhost/127.0.0.1:9092) could not be established. Broker may not be available.
[kafka-admin-client-thread | adminclient-9] INFO org.apache.kafka.clients.NetworkClient - [AdminClient clientId=adminclient-9] Node -1 disconnected.
[kafka-admin-client-thread | adminclient-9] WARN org.apache.kafka.clients.NetworkClient - [AdminClient clientId=adminclient-9] Connection to node -1 (localhost/127.0.0.1:9092) could not be established. Broker may not be available.
[kafka-admin-client-thread | adminclient-27] INFO org.apache.kafka.clients.NetworkClient - [AdminClient clientId=adminclient-27] Node -1 disconnected.
[kafka-admin-client-thread | adminclient-27] WARN org.apache.kafka.clients.NetworkClient - [AdminClient clientId=adminclient-27] Connection to node -1 (localhost/127.0.0.1:9092) could not be established. Broker may not be available.
[kafka-admin-client-thread | adminclient-4] INFO org.apache.kafka.clients.NetworkClient - [AdminClient clientId=adminclient-4] Node -1 disconnected.
[kafka-admin-client-thread | adminclient-4] WARN org.apache.kafka.clients.NetworkClient - [AdminClient clientId=adminclient-4] Connection to node -1 (localhost/127.0.0.1:9092) could not be established. Broker may not be available.
[kafka-admin-client-thread | adminclient-12] INFO org.apache.kafka.clients.NetworkClient - [AdminClient clientId=adminclient-12] Node -1 disconnected.
[kafka-admin-client-thread | adminclient-12] WARN org.apache.kafka.clients.NetworkClient - [AdminClient clientId=adminclient-12] Connection to node -1 (localhost/127.0.0.1:9092) could not be established. Broker may not be available.
[kafka-admin-client-thread | adminclient-17] INFO org.apache.kafka.clients.NetworkClient - [AdminClient clientId=adminclient-17] Node -1 disconnected.
[kafka-admin-client-thread | adminclient-29] INFO org.apache.kafka.clients.NetworkClient - [AdminClient clientId=adminclient-29] Node -1 disconnected.
[kafka-admin-client-thread | adminclient-17] WARN org.apache.kafka.clients.NetworkClient - [AdminClient clientId=adminclient-17] Connection to node -1 (localhost/127.0.0.1:9092) could not be established. Broker may not be available.
[kafka-admin-client-thread | adminclient-29] WARN org.apache.kafka.clients.NetworkClient - [AdminClient clientId=adminclient-29] Connection to node -1 (localhost/127.0.0.1:9092) could not be established. Broker may not be available.
[kafka-admin-client-thread | adminclient-8] INFO org.apache.kafka.clients.NetworkClient - [AdminClient clientId=adminclient-8] Node -1 disconnected.
[kafka-admin-client-thread | adminclient-8] WARN org.apache.kafka.clients.NetworkClient - [AdminClient clientId=adminclient-8] Connection to node -1 (localhost/127.0.0.1:9092) could not be established. Broker may not be available.
[kafka-admin-client-thread | adminclient-20] INFO org.apache.kafka.clients.NetworkClient - [AdminClient clientId=adminclient-20] Node -1 disconnected.
[kafka-admin-client-thread | adminclient-20] WARN org.apache.kafka.clients.NetworkClient - [AdminClient clientId=adminclient-20] Connection to node -1 (localhost/127.0.0.1:9092) could not be established. Broker may not be available.
[kafka-admin-client-thread | adminclient-23] INFO org.apache.kafka.clients.NetworkClient - [AdminClient clientId=adminclient-23] Node -1 disconnected.
[kafka-admin-client-thread | adminclient-26] INFO org.apache.kafka.clients.NetworkClient - [AdminClient clientId=adminclient-26] Node -1 disconnected.
[kafka-admin-client-thread | adminclient-23] WARN org.apache.kafka.clients.NetworkClient - [AdminClient clientId=adminclient-23] Connection to node -1 (localhost/127.0.0.1:9092) could not be established. Broker may not be available.
[kafka-admin-client-thread | adminclient-26] WARN org.apache.kafka.clients.NetworkClient - [AdminClient clientId=adminclient-26] Connection to node -1 (localhost/127.0.0.1:9092) could not be established. Broker may not be available.
[kafka-admin-client-thread | adminclient-2] INFO org.apache.kafka.clients.NetworkClient - [AdminClient clientId=adminclient-2] Node -1 disconnected.
[kafka-admin-client-thread | adminclient-2] WARN org.apache.kafka.clients.NetworkClient - [AdminClient clientId=adminclient-2] Connection to node -1 (localhost/127.0.0.1:9092) could not be established. Broker may not be available.
[kafka-admin-client-thread | adminclient-1] INFO org.apache.kafka.clients.NetworkClient - [AdminClient clientId=adminclient-1] Node -1 disconnected.
[kafka-admin-client-thread | adminclient-1] WARN org.apache.kafka.clients.NetworkClient - [AdminClient clientId=adminclient-1] Connection to node -1 (localhost/127.0.0.1:9092) could not be established. Broker may not be available.
[kafka-admin-client-thread | adminclient-30] INFO org.apache.kafka.clients.NetworkClient - [AdminClient clientId=adminclient-30] Node -1 disconnected.
[kafka-admin-client-thread | adminclient-30] WARN org.apache.kafka.clients.NetworkClient - [AdminClient clientId=adminclient-30] Connection to node -1 (localhost/127.0.0.1:9092) could not be established. Broker may not be available.
[kafka-admin-client-thread | adminclient-28] INFO org.apache.kafka.clients.NetworkClient - [AdminClient clientId=adminclient-28] Node -1 disconnected.
[kafka-admin-client-thread | adminclient-28] WARN org.apache.kafka.clients.NetworkClient - [AdminClient clientId=adminclient-28] Connection to node -1 (localhost/127.0.0.1:9092) could not be established. Broker may not be available.
[kafka-admin-client-thread | adminclient-15] INFO org.apache.kafka.clients.NetworkClient - [AdminClient clientId=adminclient-15] Node -1 disconnected.
[kafka-admin-client-thread | adminclient-15] WARN org.apache.kafka.clients.NetworkClient - [AdminClient clientId=adminclient-15] Connection to node -1 (localhost/127.0.0.1:9092) could not be established. Broker may not be available.
[kafka-admin-client-thread | adminclient-18] INFO org.apache.kafka.clients.NetworkClient - [AdminClient clientId=adminclient-18] Node -1 disconnected.
[kafka-admin-client-thread | adminclient-18] WARN org.apache.kafka.clients.NetworkClient - [AdminClient clientId=adminclient-18] Connection to node -1 (localhost/127.0.0.1:9092) could not be established. Broker may not be available.
[kafka-admin-client-thread | adminclient-24] INFO org.apache.kafka.clients.NetworkClient - [AdminClient clientId=adminclient-24] Node -1 disconnected.
[kafka-admin-client-thread | adminclient-24] WARN org.apache.kafka.clients.NetworkClient - [AdminClient clientId=adminclient-24] Connection to node -1 (localhost/127.0.0.1:9092) could not be established. Broker may not be available.
[kafka-admin-client-thread | adminclient-3] INFO org.apache.kafka.clients.NetworkClient - [AdminClient clientId=adminclient-3] Node -1 disconnected.
[kafka-admin-client-thread | adminclient-3] WARN org.apache.kafka.clients.NetworkClient - [AdminClient clientId=adminclient-3] Connection to node -1 (localhost/127.0.0.1:9092) could not be established. Broker may not be available.
[kafka-admin-client-thread | adminclient-16] INFO org.apache.kafka.clients.NetworkClient - [AdminClient clientId=adminclient-16] Node -1 disconnected.
[kafka-admin-client-thread | adminclient-16] WARN org.apache.kafka.clients.NetworkClient - [AdminClient clientId=adminclient-16] Connection to node -1 (localhost/127.0.0.1:9092) could not be established. Broker may not be available.
[kafka-admin-client-thread | adminclient-14] INFO org.apache.kafka.clients.NetworkClient - [AdminClient clientId=adminclient-14] Node -1 disconnected.
[kafka-admin-client-thread | adminclient-14] WARN org.apache.kafka.clients.NetworkClient - [AdminClient clientId=adminclient-14] Connection to node -1 (localhost/127.0.0.1:9092) could not be established. Broker may not be available.
[kafka-admin-client-thread | adminclient-19] INFO org.apache.kafka.clients.NetworkClient - [AdminClient clientId=adminclient-19] Node -1 disconnected.
[kafka-admin-client-thread | adminclient-19] WARN org.apache.kafka.clients.NetworkClient - [AdminClient clientId=adminclient-19] Connection to node -1 (localhost/127.0.0.1:9092) could not be established. Broker may not be available.
[kafka-admin-client-thread | adminclient-1] INFO org.apache.kafka.clients.admin.internals.AdminMetadataManager - [AdminClient clientId=adminclient-1] Metadata update failed
org.apache.kafka.common.errors.TimeoutException: Timed out waiting for a node assignment. Call: fetchMetadata
[kafka-admin-client-thread | adminclient-2] INFO org.apache.kafka.clients.admin.internals.AdminMetadataManager - [AdminClient clientId=adminclient-2] Metadata update failed
org.apache.kafka.common.errors.TimeoutException: Timed out waiting for a node assignment. Call: fetchMetadata
[kafka-admin-client-thread | adminclient-11] INFO org.apache.kafka.clients.NetworkClient - [AdminClient clientId=adminclient-11] Node -1 disconnected.
[kafka-admin-client-thread | adminclient-10] INFO org.apache.kafka.clients.NetworkClient - [AdminClient clientId=adminclient-10] Node -1 disconnected.
[kafka-admin-client-thread | adminclient-11] WARN org.apache.kafka.clients.NetworkClient - [AdminClient clientId=adminclient-11] Connection to node -1 (localhost/127.0.0.1:9092) could not be established. Broker may not be available.
[kafka-admin-client-thread | adminclient-10] WARN org.apache.kafka.clients.NetworkClient - [AdminClient clientId=adminclient-10] Connection to node -1 (localhost/127.0.0.1:9092) could not be established. Broker may not be available.
[kafka-admin-client-thread | adminclient-7] INFO org.apache.kafka.clients.NetworkClient - [AdminClient clientId=adminclient-7] Node -1 disconnected.
[kafka-admin-client-thread | adminclient-7] WARN org.apache.kafka.clients.NetworkClient - [AdminClient clientId=adminclient-7] Connection to node -1 (localhost/127.0.0.1:9092) could not be established. Broker may not be available.
[kafka-admin-client-thread | adminclient-22] INFO org.apache.kafka.clients.NetworkClient - [AdminClient clientId=adminclient-22] Node -1 disconnected.
[kafka-admin-client-thread | adminclient-25] INFO org.apache.kafka.clients.NetworkClient - [AdminClient clientId=adminclient-25] Node -1 disconnected.
[kafka-admin-client-thread | adminclient-25] WARN org.apache.kafka.clients.NetworkClient - [AdminClient clientId=adminclient-25] Connection to node -1 (localhost/127.0.0.1:9092) could not be established. Broker may not be available.
[kafka-admin-client-thread | adminclient-22] WARN org.apache.kafka.clients.NetworkClient - [AdminClient clientId=adminclient-22] Connection to node -1 (localhost/127.0.0.1:9092) could not be established. Broker may not be available.
[kafka-admin-client-thread | adminclient-21] INFO org.apache.kafka.clients.NetworkClient - [AdminClient clientId=adminclient-21] Node -1 disconnected.
[kafka-admin-client-thread | adminclient-21] WARN org.apache.kafka.clients.NetworkClient - [AdminClient clientId=adminclient-21] Connection to node -1 (localhost/127.0.0.1:9092) could not be established. Broker may not be available.
[kafka-admin-client-thread | adminclient-13] INFO org.apache.kafka.clients.NetworkClient - [AdminClient clientId=adminclient-13] Node -1 disconnected.
[kafka-admin-client-thread | adminclient-13] WARN org.apache.kafka.clients.NetworkClient - [AdminClient clientId=adminclient-13] Connection to node -1 (localhost/127.0.0.1:9092) could not be established. Broker may not be available.
[kafka-admin-client-thread | adminclient-3] INFO org.apache.kafka.clients.admin.internals.AdminMetadataManager - [AdminClient clientId=adminclient-3] Metadata update failed
org.apache.kafka.common.errors.TimeoutException: Timed out waiting for a node assignment. Call: fetchMetadata
[kafka-admin-client-thread | adminclient-4] INFO org.apache.kafka.clients.admin.internals.AdminMetadataManager - [AdminClient clientId=adminclient-4] Metadata update failed
org.apache.kafka.common.errors.TimeoutException: Timed out waiting for a node assignment. Call: fetchMetadata
[kafka-admin-client-thread | adminclient-27] INFO org.apache.kafka.clients.NetworkClient - [AdminClient clientId=adminclient-27] Node -1 disconnected.
[kafka-admin-client-thread | adminclient-27] WARN org.apache.kafka.clients.NetworkClient - [AdminClient clientId=adminclient-27] Connection to node -1 (localhost/127.0.0.1:9092) could not be established. Broker may not be available.
[kafka-admin-client-thread | adminclient-7] INFO org.apache.kafka.clients.admin.internals.AdminMetadataManager - [AdminClient clientId=adminclient-7] Metadata update failed
org.apache.kafka.common.errors.TimeoutException: Timed out waiting for a node assignment. Call: fetchMetadata
[kafka-admin-client-thread | adminclient-23] INFO org.apache.kafka.clients.NetworkClient - [AdminClient clientId=adminclient-23] Node -1 disconnected.
[kafka-admin-client-thread | adminclient-23] WARN org.apache.kafka.clients.NetworkClient - [AdminClient clientId=adminclient-23] Connection to node -1 (localhost/127.0.0.1:9092) could not be established. Broker may not be available.
[kafka-admin-client-thread | adminclient-8] INFO org.apache.kafka.clients.admin.internals.AdminMetadataManager - [AdminClient clientId=adminclient-8] Metadata update failed
org.apache.kafka.common.errors.TimeoutException: Timed out waiting to send the call. Call: fetchMetadata
[kafka-admin-client-thread | adminclient-8] INFO org.apache.kafka.clients.NetworkClient - [AdminClient clientId=adminclient-8] Node -1 disconnected.
[kafka-admin-client-thread | adminclient-8] WARN org.apache.kafka.clients.NetworkClient - [AdminClient clientId=adminclient-8] Connection to node -1 (localhost/127.0.0.1:9092) could not be established. Broker may not be available.
[kafka-admin-client-thread | adminclient-9] INFO org.apache.kafka.clients.NetworkClient - [AdminClient clientId=adminclient-9] Node -1 disconnected.
[kafka-admin-client-thread | adminclient-9] WARN org.apache.kafka.clients.NetworkClient - [AdminClient clientId=adminclient-9] Connection to node -1 (localhost/127.0.0.1:9092) could not be established. Broker may not be available.
[kafka-admin-client-thread | adminclient-9] INFO org.apache.kafka.clients.admin.internals.AdminMetadataManager - [AdminClient clientId=adminclient-9] Metadata update failed
org.apache.kafka.common.errors.TimeoutException: Timed out waiting for a node assignment. Call: fetchMetadata
[kafka-admin-client-thread | adminclient-10] INFO org.apache.kafka.clients.admin.internals.AdminMetadataManager - [AdminClient clientId=adminclient-10] Metadata update failed
org.apache.kafka.common.errors.TimeoutException: Timed out waiting for a node assignment. Call: fetchMetadata
[kafka-admin-client-thread | adminclient-4] INFO org.apache.kafka.clients.NetworkClient - [AdminClient clientId=adminclient-4] Node -1 disconnected.
[kafka-admin-client-thread | adminclient-4] WARN org.apache.kafka.clients.NetworkClient - [AdminClient clientId=adminclient-4] Connection to node -1 (localhost/127.0.0.1:9092) could not be established. Broker may not be available.
[kafka-admin-client-thread | adminclient-17] INFO org.apache.kafka.clients.NetworkClient - [AdminClient clientId=adminclient-17] Node -1 disconnected.
[kafka-admin-client-thread | adminclient-17] WARN org.apache.kafka.clients.NetworkClient - [AdminClient clientId=adminclient-17] Connection to node -1 (localhost/127.0.0.1:9092) could not be established. Broker may not be available.
[kafka-admin-client-thread | adminclient-11] INFO org.apache.kafka.clients.admin.internals.AdminMetadataManager - [AdminClient clientId=adminclient-11] Metadata update failed
org.apache.kafka.common.errors.TimeoutException: Timed out waiting for a node assignment. Call: fetchMetadata
[kafka-admin-client-thread | adminclient-12] INFO org.apache.kafka.clients.admin.internals.AdminMetadataManager - [AdminClient clientId=adminclient-12] Metadata update failed
org.apache.kafka.common.errors.TimeoutException: Timed out waiting for a node assignment. Call: fetchMetadata
[kafka-admin-client-thread | adminclient-13] INFO org.apache.kafka.clients.admin.internals.AdminMetadataManager - [AdminClient clientId=adminclient-13] Metadata update failed
org.apache.kafka.common.errors.TimeoutException: Timed out waiting for a node assignment. Call: fetchMetadata
[kafka-admin-client-thread | adminclient-14] INFO org.apache.kafka.clients.admin.internals.AdminMetadataManager - [AdminClient clientId=adminclient-14] Metadata update failed
org.apache.kafka.common.errors.TimeoutException: Timed out waiting for a node assignment. Call: fetchMetadata
[kafka-admin-client-thread | adminclient-26] INFO org.apache.kafka.clients.NetworkClient - [AdminClient clientId=adminclient-26] Node -1 disconnected.
[kafka-admin-client-thread | adminclient-26] WARN org.apache.kafka.clients.NetworkClient - [AdminClient clientId=adminclient-26] Connection to node -1 (localhost/127.0.0.1:9092) could not be established. Broker may not be available.
[kafka-admin-client-thread | adminclient-15] INFO org.apache.kafka.clients.admin.internals.AdminMetadataManager - [AdminClient clientId=adminclient-15] Metadata update failed
org.apache.kafka.common.errors.TimeoutException: Timed out waiting for a node assignment. Call: fetchMetadata
[kafka-admin-client-thread | adminclient-16] INFO org.apache.kafka.clients.admin.internals.AdminMetadataManager - [AdminClient clientId=adminclient-16] Metadata update failed
org.apache.kafka.common.errors.TimeoutException: Timed out waiting for a node assignment. Call: fetchMetadata
[kafka-admin-client-thread | adminclient-17] INFO org.apache.kafka.clients.admin.internals.AdminMetadataManager - [AdminClient clientId=adminclient-17] Metadata update failed
org.apache.kafka.common.errors.TimeoutException: Timed out waiting for a node assignment. Call: fetchMetadata
[kafka-admin-client-thread | adminclient-18] INFO org.apache.kafka.clients.admin.internals.AdminMetadataManager - [AdminClient clientId=adminclient-18] Metadata update failed
org.apache.kafka.common.errors.TimeoutException: Timed out waiting for a node assignment. Call: fetchMetadata
[kafka-admin-client-thread | adminclient-19] INFO org.apache.kafka.clients.admin.internals.AdminMetadataManager - [AdminClient clientId=adminclient-19] Metadata update failed
org.apache.kafka.common.errors.TimeoutException: Timed out waiting for a node assignment. Call: fetchMetadata
[kafka-admin-client-thread | adminclient-20] INFO org.apache.kafka.clients.NetworkClient - [AdminClient clientId=adminclient-20] Node -1 disconnected.
[kafka-admin-client-thread | adminclient-20] WARN org.apache.kafka.clients.NetworkClient - [AdminClient clientId=adminclient-20] Connection to node -1 (localhost/127.0.0.1:9092) could not be established. Broker may not be available.
[kafka-admin-client-thread | adminclient-20] INFO org.apache.kafka.clients.admin.internals.AdminMetadataManager - [AdminClient clientId=adminclient-20] Metadata update failed
org.apache.kafka.common.errors.TimeoutException: Timed out waiting for a node assignment. Call: fetchMetadata
[kafka-admin-client-thread | adminclient-21] INFO org.apache.kafka.clients.admin.internals.AdminMetadataManager - [AdminClient clientId=adminclient-21] Metadata update failed
org.apache.kafka.common.errors.TimeoutException: Timed out waiting for a node assignment. Call: fetchMetadata
[kafka-admin-client-thread | adminclient-22] INFO org.apache.kafka.clients.admin.internals.AdminMetadataManager - [AdminClient clientId=adminclient-22] Metadata update failed
org.apache.kafka.common.errors.TimeoutException: Timed out waiting for a node assignment. Call: fetchMetadata
[kafka-admin-client-thread | adminclient-23] INFO org.apache.kafka.clients.admin.internals.AdminMetadataManager - [AdminClient clientId=adminclient-23] Metadata update failed
org.apache.kafka.common.errors.TimeoutException: Timed out waiting for a node assignment. Call: fetchMetadata
[kafka-admin-client-thread | adminclient-24] INFO org.apache.kafka.clients.admin.internals.AdminMetadataManager - [AdminClient clientId=adminclient-24] Metadata update failed
org.apache.kafka.common.errors.TimeoutException: Timed out waiting for a node assignment. Call: fetchMetadata
[kafka-admin-client-thread | adminclient-25] INFO org.apache.kafka.clients.admin.internals.AdminMetadataManager - [AdminClient clientId=adminclient-25] Metadata update failed
org.apache.kafka.common.errors.TimeoutException: Timed out waiting for a node assignment. Call: fetchMetadata
[kafka-admin-client-thread | adminclient-26] INFO org.apache.kafka.clients.admin.internals.AdminMetadataManager - [AdminClient clientId=adminclient-26] Metadata update failed
org.apache.kafka.common.errors.TimeoutException: Timed out waiting for a node assignment. Call: fetchMetadata
[kafka-admin-client-thread | adminclient-29] INFO org.apache.kafka.clients.NetworkClient - [AdminClient clientId=adminclient-29] Node -1 disconnected.
[kafka-admin-client-thread | adminclient-29] WARN org.apache.kafka.clients.NetworkClient - [AdminClient clientId=adminclient-29] Connection to node -1 (localhost/127.0.0.1:9092) could not be established. Broker may not be available.
[kafka-admin-client-thread | adminclient-12] INFO org.apache.kafka.clients.NetworkClient - [AdminClient clientId=adminclient-12] Node -1 disconnected.
[kafka-admin-client-thread | adminclient-12] WARN org.apache.kafka.clients.NetworkClient - [AdminClient clientId=adminclient-12] Connection to node -1 (localhost/127.0.0.1:9092) could not be established. Broker may not be available.
[kafka-admin-client-thread | adminclient-27] INFO org.apache.kafka.clients.admin.internals.AdminMetadataManager - [AdminClient clientId=adminclient-27] Metadata update failed
org.apache.kafka.common.errors.TimeoutException: Timed out waiting for a node assignment. Call: fetchMetadata
[kafka-admin-client-thread | adminclient-28] INFO org.apache.kafka.clients.admin.internals.AdminMetadataManager - [AdminClient clientId=adminclient-28] Metadata update failed
org.apache.kafka.common.errors.TimeoutException: Timed out waiting for a node assignment. Call: fetchMetadata
[kafka-admin-client-thread | adminclient-28] INFO org.apache.kafka.clients.NetworkClient - [AdminClient clientId=adminclient-28] Node -1 disconnected.
[kafka-admin-client-thread | adminclient-28] WARN org.apache.kafka.clients.NetworkClient - [AdminClient clientId=adminclient-28] Connection to node -1 (localhost/127.0.0.1:9092) could not be established. Broker may not be available.
[kafka-admin-client-thread | adminclient-29] INFO org.apache.kafka.clients.admin.internals.AdminMetadataManager - [AdminClient clientId=adminclient-29] Metadata update failed
org.apache.kafka.common.errors.TimeoutException: Timed out waiting for a node assignment. Call: fetchMetadata
[kafka-admin-client-thread | adminclient-30] INFO org.apache.kafka.clients.admin.internals.AdminMetadataManager - [AdminClient clientId=adminclient-30] Metadata update failed
org.apache.kafka.common.errors.TimeoutException: Timed out waiting for a node assignment. Call: fetchMetadata
[kafka-admin-client-thread | adminclient-18] INFO org.apache.kafka.clients.NetworkClient - [AdminClient clientId=adminclient-18] Node -1 disconnected.
[kafka-admin-client-thread | adminclient-2] INFO org.apache.kafka.clients.NetworkClient - [AdminClient clientId=adminclient-2] Node -1 disconnected.
[kafka-admin-client-thread | adminclient-2] WARN org.apache.kafka.clients.NetworkClient - [AdminClient clientId=adminclient-2] Connection to node -1 (localhost/127.0.0.1:9092) could not be established. Broker may not be available.
[kafka-admin-client-thread | adminclient-18] WARN org.apache.kafka.clients.NetworkClient - [AdminClient clientId=adminclient-18] Connection to node -1 (localhost/127.0.0.1:9092) could not be established. Broker may not be available.
[kafka-admin-client-thread | adminclient-15] INFO org.apache.kafka.clients.NetworkClient - [AdminClient clientId=adminclient-15] Node -1 disconnected.
[kafka-admin-client-thread | adminclient-15] WARN org.apache.kafka.clients.NetworkClient - [AdminClient clientId=adminclient-15] Connection to node -1 (localhost/127.0.0.1:9092) could not be established. Broker may not be available.
[kafka-admin-client-thread | adminclient-24] INFO org.apache.kafka.clients.NetworkClient - [AdminClient clientId=adminclient-24] Node -1 disconnected.
[kafka-admin-client-thread | adminclient-24] WARN org.apache.kafka.clients.NetworkClient - [AdminClient clientId=adminclient-24] Connection to node -1 (localhost/127.0.0.1:9092) could not be established. Broker may not be available.
[kafka-admin-client-thread | adminclient-1] INFO org.apache.kafka.clients.NetworkClient - [AdminClient clientId=adminclient-1] Node -1 disconnected.
[kafka-admin-client-thread | adminclient-1] WARN org.apache.kafka.clients.NetworkClient - [AdminClient clientId=adminclient-1] Connection to node -1 (localhost/127.0.0.1:9092) could not be established. Broker may not be available.
[kafka-admin-client-thread | adminclient-30] INFO org.apache.kafka.clients.NetworkClient - [AdminClient clientId=adminclient-30] Node -1 disconnected.
[kafka-admin-client-thread | adminclient-30] WARN org.apache.kafka.clients.NetworkClient - [AdminClient clientId=adminclient-30] Connection to node -1 (localhost/127.0.0.1:9092) could not be established. Broker may not be available.
[kafka-admin-client-thread | adminclient-19] INFO org.apache.kafka.clients.NetworkClient - [AdminClient clientId=adminclient-19] Node -1 disconnected.
[kafka-admin-client-thread | adminclient-19] WARN org.apache.kafka.clients.NetworkClient - [AdminClient clientId=adminclient-19] Connection to node -1 (localhost/127.0.0.1:9092) could not be established. Broker may not be available.
[kafka-admin-client-thread | adminclient-3] INFO org.apache.kafka.clients.NetworkClient - [AdminClient clientId=adminclient-3] Node -1 disconnected.
[kafka-admin-client-thread | adminclient-3] WARN org.apache.kafka.clients.NetworkClient - [AdminClient clientId=adminclient-3] Connection to node -1 (localhost/127.0.0.1:9092) could not be established. Broker may not be available.
[kafka-admin-client-thread | adminclient-10] INFO org.apache.kafka.clients.NetworkClient - [AdminClient clientId=adminclient-10] Node -1 disconnected.
[kafka-admin-client-thread | adminclient-10] WARN org.apache.kafka.clients.NetworkClient - [AdminClient clientId=adminclient-10] Connection to node -1 (localhost/127.0.0.1:9092) could not be established. Broker may not be available.
[kafka-admin-client-thread | adminclient-16] INFO org.apache.kafka.clients.NetworkClient - [AdminClient clientId=adminclient-16] Node -1 disconnected.
[kafka-admin-client-thread | adminclient-16] WARN org.apache.kafka.clients.NetworkClient - [AdminClient clientId=adminclient-16] Connection to node -1 (localhost/127.0.0.1:9092) could not be established. Broker may not be available.
[kafka-admin-client-thread | adminclient-11] INFO org.apache.kafka.clients.NetworkClient - [AdminClient clientId=adminclient-11] Node -1 disconnected.
[kafka-admin-client-thread | adminclient-11] WARN org.apache.kafka.clients.NetworkClient - [AdminClient clientId=adminclient-11] Connection to node -1 (localhost/127.0.0.1:9092) could not be established. Broker may not be available.
[kafka-admin-client-thread | adminclient-14] INFO org.apache.kafka.clients.NetworkClient - [AdminClient clientId=adminclient-14] Node -1 disconnected.
[kafka-admin-client-thread | adminclient-14] WARN org.apache.kafka.clients.NetworkClient - [AdminClient clientId=adminclient-14] Connection to node -1 (localhost/127.0.0.1:9092) could not be established. Broker may not be available.
[kafka-admin-client-thread | adminclient-7] INFO org.apache.kafka.clients.NetworkClient - [AdminClient clientId=adminclient-7] Node -1 disconnected.
[kafka-admin-client-thread | adminclient-7] WARN org.apache.kafka.clients.NetworkClient - [AdminClient clientId=adminclient-7] Connection to node -1 (localhost/127.0.0.1:9092) could not be established. Broker may not be available.
[kafka-admin-client-thread | adminclient-13] INFO org.apache.kafka.clients.NetworkClient - [AdminClient clientId=adminclient-13] Node -1 disconnected.
[kafka-admin-client-thread | adminclient-13] WARN org.apache.kafka.clients.NetworkClient - [AdminClient clientId=adminclient-13] Connection to node -1 (localhost/127.0.0.1:9092) could not be established. Broker may not be available.
[kafka-admin-client-thread | adminclient-8] INFO org.apache.kafka.clients.NetworkClient - [AdminClient clientId=adminclient-8] Node -1 disconnected.
[kafka-admin-client-thread | adminclient-8] WARN org.apache.kafka.clients.NetworkClient - [AdminClient clientId=adminclient-8] Connection to node -1 (localhost/127.0.0.1:9092) could not be established. Broker may not be available.
[kafka-admin-client-thread | adminclient-25] INFO org.apache.kafka.clients.NetworkClient - [AdminClient clientId=adminclient-25] Node -1 disconnected.
[kafka-admin-client-thread | adminclient-25] WARN org.apache.kafka.clients.NetworkClient - [AdminClient clientId=adminclient-25] Connection to node -1 (localhost/127.0.0.1:9092) could not be established. Broker may not be available.
[kafka-admin-client-thread | adminclient-20] INFO org.apache.kafka.clients.NetworkClient - [AdminClient clientId=adminclient-20] Node -1 disconnected.
[kafka-admin-client-thread | adminclient-20] WARN org.apache.kafka.clients.NetworkClient - [AdminClient clientId=adminclient-20] Connection to node -1 (localhost/127.0.0.1:9092) could not be established. Broker may not be available.
[kafka-admin-client-thread | adminclient-22] INFO org.apache.kafka.clients.NetworkClient - [AdminClient clientId=adminclient-22] Node -1 disconnected.
[kafka-admin-client-thread | adminclient-22] WARN org.apache.kafka.clients.NetworkClient - [AdminClient clientId=adminclient-22] Connection to node -1 (localhost/127.0.0.1:9092) could not be established. Broker may not be available.
[kafka-admin-client-thread | adminclient-23] INFO org.apache.kafka.clients.NetworkClient - [AdminClient clientId=adminclient-23] Node -1 disconnected.
[kafka-admin-client-thread | adminclient-23] WARN org.apache.kafka.clients.NetworkClient - [AdminClient clientId=adminclient-23] Connection to node -1 (localhost/127.0.0.1:9092) could not be established. Broker may not be available.
[kafka-admin-client-thread | adminclient-21] INFO org.apache.kafka.clients.NetworkClient - [AdminClient clientId=adminclient-21] Node -1 disconnected.
[kafka-admin-client-thread | adminclient-21] WARN org.apache.kafka.clients.NetworkClient - [AdminClient clientId=adminclient-21] Connection to node -1 (localhost/127.0.0.1:9092) could not be established. Broker may not be available.
[kafka-admin-client-thread | adminclient-26] INFO org.apache.kafka.clients.NetworkClient - [AdminClient clientId=adminclient-26] Node -1 disconnected.
[kafka-admin-client-thread | adminclient-26] WARN org.apache.kafka.clients.NetworkClient - [AdminClient clientId=adminclient-26] Connection to node -1 (localhost/127.0.0.1:9092) could not be established. Broker may not be available.
[kafka-admin-client-thread | adminclient-4] INFO org.apache.kafka.clients.NetworkClient - [AdminClient clientId=adminclient-4] Node -1 disconnected.
[kafka-admin-client-thread | adminclient-4] WARN org.apache.kafka.clients.NetworkClient - [AdminClient clientId=adminclient-4] Connection to node -1 (localhost/127.0.0.1:9092) could not be established. Broker may not be available.
[kafka-admin-client-thread | adminclient-27] INFO org.apache.kafka.clients.NetworkClient - [AdminClient clientId=adminclient-27] Node -1 disconnected.
[kafka-admin-client-thread | adminclient-27] WARN org.apache.kafka.clients.NetworkClient - [AdminClient clientId=adminclient-27] Connection to node -1 (localhost/127.0.0.1:9092) could not be established. Broker may not be available.
[kafka-admin-client-thread | adminclient-24] INFO org.apache.kafka.clients.NetworkClient - [AdminClient clientId=adminclient-24] Node -1 disconnected.
[kafka-admin-client-thread | adminclient-24] WARN org.apache.kafka.clients.NetworkClient - [AdminClient clientId=adminclient-24] Connection to node -1 (localhost/127.0.0.1:9092) could not be established. Broker may not be available.
[kafka-admin-client-thread | adminclient-9] INFO org.apache.kafka.clients.NetworkClient - [AdminClient clientId=adminclient-9] Node -1 disconnected.
[kafka-admin-client-thread | adminclient-9] WARN org.apache.kafka.clients.NetworkClient - [AdminClient clientId=adminclient-9] Connection to node -1 (localhost/127.0.0.1:9092) could not be established. Broker may not be available.
[kafka-admin-client-thread | adminclient-15] INFO org.apache.kafka.clients.NetworkClient - [AdminClient clientId=adminclient-15] Node -1 disconnected.
[kafka-admin-client-thread | adminclient-15] WARN org.apache.kafka.clients.NetworkClient - [AdminClient clientId=adminclient-15] Connection to node -1 (localhost/127.0.0.1:9092) could not be established. Broker may not be available.
[kafka-admin-client-thread | adminclient-17] INFO org.apache.kafka.clients.NetworkClient - [AdminClient clientId=adminclient-17] Node -1 disconnected.
[kafka-admin-client-thread | adminclient-17] WARN org.apache.kafka.clients.NetworkClient - [AdminClient clientId=adminclient-17] Connection to node -1 (localhost/127.0.0.1:9092) could not be established. Broker may not be available.
[kafka-admin-client-thread | adminclient-12] INFO org.apache.kafka.clients.NetworkClient - [AdminClient clientId=adminclient-12] Node -1 disconnected.
[kafka-admin-client-thread | adminclient-12] WARN org.apache.kafka.clients.NetworkClient - [AdminClient clientId=adminclient-12] Connection to node -1 (localhost/127.0.0.1:9092) could not be established. Broker may not be available.
[kafka-admin-client-thread | adminclient-28] INFO org.apache.kafka.clients.NetworkClient - [AdminClient clientId=adminclient-28] Node -1 disconnected.
[kafka-admin-client-thread | adminclient-28] WARN org.apache.kafka.clients.NetworkClient - [AdminClient clientId=adminclient-28] Connection to node -1 (localhost/127.0.0.1:9092) could not be established. Broker may not be available.
[kafka-admin-client-thread | adminclient-29] INFO org.apache.kafka.clients.NetworkClient - [AdminClient clientId=adminclient-29] Node -1 disconnected.
[kafka-admin-client-thread | adminclient-18] INFO org.apache.kafka.clients.NetworkClient - [AdminClient clientId=adminclient-18] Node -1 disconnected.
[kafka-admin-client-thread | adminclient-29] WARN org.apache.kafka.clients.NetworkClient - [AdminClient clientId=adminclient-29] Connection to node -1 (localhost/127.0.0.1:9092) could not be established. Broker may not be available.
[kafka-admin-client-thread | adminclient-18] WARN org.apache.kafka.clients.NetworkClient - [AdminClient clientId=adminclient-18] Connection to node -1 (localhost/127.0.0.1:9092) could not be established. Broker may not be available.
[kafka-admin-client-thread | adminclient-16] INFO org.apache.kafka.clients.NetworkClient - [AdminClient clientId=adminclient-16] Node -1 disconnected.
[kafka-admin-client-thread | adminclient-16] WARN org.apache.kafka.clients.NetworkClient - [AdminClient clientId=adminclient-16] Connection to node -1 (localhost/127.0.0.1:9092) could not be established. Broker may not be available.
[kafka-admin-client-thread | adminclient-2] INFO org.apache.kafka.clients.NetworkClient - [AdminClient clientId=adminclient-2] Node -1 disconnected.
[kafka-admin-client-thread | adminclient-2] WARN org.apache.kafka.clients.NetworkClient - [AdminClient clientId=adminclient-2] Connection to node -1 (localhost/127.0.0.1:9092) could not be established. Broker may not be available.
[kafka-admin-client-thread | adminclient-10] INFO org.apache.kafka.clients.NetworkClient - [AdminClient clientId=adminclient-10] Node -1 disconnected.
[kafka-admin-client-thread | adminclient-10] WARN org.apache.kafka.clients.NetworkClient - [AdminClient clientId=adminclient-10] Connection to node -1 (localhost/127.0.0.1:9092) could not be established. Broker may not be available.
[kafka-admin-client-thread | adminclient-1] INFO org.apache.kafka.clients.NetworkClient - [AdminClient clientId=adminclient-1] Node -1 disconnected.
[kafka-admin-client-thread | adminclient-1] WARN org.apache.kafka.clients.NetworkClient - [AdminClient clientId=adminclient-1] Connection to node -1 (localhost/127.0.0.1:9092) could not be established. Broker may not be available.
[kafka-admin-client-thread | adminclient-30] INFO org.apache.kafka.clients.NetworkClient - [AdminClient clientId=adminclient-30] Node -1 disconnected.
[kafka-admin-client-thread | adminclient-19] INFO org.apache.kafka.clients.NetworkClient - [AdminClient clientId=adminclient-19] Node -1 disconnected.
[kafka-admin-client-thread | adminclient-30] WARN org.apache.kafka.clients.NetworkClient - [AdminClient clientId=adminclient-30] Connection to node -1 (localhost/127.0.0.1:9092) could not be established. Broker may not be available.
[kafka-admin-client-thread | adminclient-19] WARN org.apache.kafka.clients.NetworkClient - [AdminClient clientId=adminclient-19] Connection to node -1 (localhost/127.0.0.1:9092) could not be established. Broker may not be available.
[kafka-admin-client-thread | adminclient-3] INFO org.apache.kafka.clients.NetworkClient - [AdminClient clientId=adminclient-3] Node -1 disconnected.
[kafka-admin-client-thread | adminclient-3] WARN org.apache.kafka.clients.NetworkClient - [AdminClient clientId=adminclient-3] Connection to node -1 (localhost/127.0.0.1:9092) could not be established. Broker may not be available.
[kafka-admin-client-thread | adminclient-13] INFO org.apache.kafka.clients.NetworkClient - [AdminClient clientId=adminclient-13] Node -1 disconnected.
[kafka-admin-client-thread | adminclient-13] WARN org.apache.kafka.clients.NetworkClient - [AdminClient clientId=adminclient-13] Connection to node -1 (localhost/127.0.0.1:9092) could not be established. Broker may not be available.
[kafka-admin-client-thread | adminclient-7] INFO org.apache.kafka.clients.NetworkClient - [AdminClient clientId=adminclient-7] Node -1 disconnected.
[kafka-admin-client-thread | adminclient-7] WARN org.apache.kafka.clients.NetworkClient - [AdminClient clientId=adminclient-7] Connection to node -1 (localhost/127.0.0.1:9092) could not be established. Broker may not be available.
[kafka-admin-client-thread | adminclient-11] INFO org.apache.kafka.clients.NetworkClient - [AdminClient clientId=adminclient-11] Node -1 disconnected.
[kafka-admin-client-thread | adminclient-11] WARN org.apache.kafka.clients.NetworkClient - [AdminClient clientId=adminclient-11] Connection to node -1 (localhost/127.0.0.1:9092) could not be established. Broker may not be available.
[kafka-admin-client-thread | adminclient-22] INFO org.apache.kafka.clients.NetworkClient - [AdminClient clientId=adminclient-22] Node -1 disconnected.
[kafka-admin-client-thread | adminclient-22] WARN org.apache.kafka.clients.NetworkClient - [AdminClient clientId=adminclient-22] Connection to node -1 (localhost/127.0.0.1:9092) could not be established. Broker may not be available.
[kafka-admin-client-thread | adminclient-14] INFO org.apache.kafka.clients.NetworkClient - [AdminClient clientId=adminclient-14] Node -1 disconnected.
[kafka-admin-client-thread | adminclient-14] WARN org.apache.kafka.clients.NetworkClient - [AdminClient clientId=adminclient-14] Connection to node -1 (localhost/127.0.0.1:9092) could not be established. Broker may not be available.
[kafka-admin-client-thread | adminclient-25] INFO org.apache.kafka.clients.NetworkClient - [AdminClient clientId=adminclient-25] Node -1 disconnected.
[kafka-admin-client-thread | adminclient-25] WARN org.apache.kafka.clients.NetworkClient - [AdminClient clientId=adminclient-25] Connection to node -1 (localhost/127.0.0.1:9092) could not be established. Broker may not be available.
[kafka-admin-client-thread | adminclient-8] INFO org.apache.kafka.clients.NetworkClient - [AdminClient clientId=adminclient-8] Node -1 disconnected.
[kafka-admin-client-thread | adminclient-8] WARN org.apache.kafka.clients.NetworkClient - [AdminClient clientId=adminclient-8] Connection to node -1 (localhost/127.0.0.1:9092) could not be established. Broker may not be available.
[kafka-admin-client-thread | adminclient-20] INFO org.apache.kafka.clients.NetworkClient - [AdminClient clientId=adminclient-20] Node -1 disconnected.
[kafka-admin-client-thread | adminclient-20] WARN org.apache.kafka.clients.NetworkClient - [AdminClient clientId=adminclient-20] Connection to node -1 (localhost/127.0.0.1:9092) could not be established. Broker may not be available.
[kafka-admin-client-thread | adminclient-23] INFO org.apache.kafka.clients.NetworkClient - [AdminClient clientId=adminclient-23] Node -1 disconnected.
[kafka-admin-client-thread | adminclient-23] WARN org.apache.kafka.clients.NetworkClient - [AdminClient clientId=adminclient-23] Connection to node -1 (localhost/127.0.0.1:9092) could not be established. Broker may not be available.
[kafka-admin-client-thread | adminclient-26] INFO org.apache.kafka.clients.NetworkClient - [AdminClient clientId=adminclient-26] Node -1 disconnected.
[kafka-admin-client-thread | adminclient-26] WARN org.apache.kafka.clients.NetworkClient - [AdminClient clientId=adminclient-26] Connection to node -1 (localhost/127.0.0.1:9092) could not be established. Broker may not be available.
[kafka-admin-client-thread | adminclient-4] INFO org.apache.kafka.clients.NetworkClient - [AdminClient clientId=adminclient-4] Node -1 disconnected.
[kafka-admin-client-thread | adminclient-4] WARN org.apache.kafka.clients.NetworkClient - [AdminClient clientId=adminclient-4] Connection to node -1 (localhost/127.0.0.1:9092) could not be established. Broker may not be available.
[kafka-admin-client-thread | adminclient-27] INFO org.apache.kafka.clients.NetworkClient - [AdminClient clientId=adminclient-27] Node -1 disconnected.
[kafka-admin-client-thread | adminclient-27] WARN org.apache.kafka.clients.NetworkClient - [AdminClient clientId=adminclient-27] Connection to node -1 (localhost/127.0.0.1:9092) could not be established. Broker may not be available.
[kafka-admin-client-thread | adminclient-17] INFO org.apache.kafka.clients.NetworkClient - [AdminClient clientId=adminclient-17] Node -1 disconnected.
[kafka-admin-client-thread | adminclient-17] WARN org.apache.kafka.clients.NetworkClient - [AdminClient clientId=adminclient-17] Connection to node -1 (localhost/127.0.0.1:9092) could not be established. Broker may not be available.
[kafka-admin-client-thread | adminclient-21] INFO org.apache.kafka.clients.NetworkClient - [AdminClient clientId=adminclient-21] Node -1 disconnected.
[kafka-admin-client-thread | adminclient-21] WARN org.apache.kafka.clients.NetworkClient - [AdminClient clientId=adminclient-21] Connection to node -1 (localhost/127.0.0.1:9092) could not be established. Broker may not be available.
[kafka-admin-client-thread | adminclient-9] INFO org.apache.kafka.clients.NetworkClient - [AdminClient clientId=adminclient-9] Node -1 disconnected.
[kafka-admin-client-thread | adminclient-9] WARN org.apache.kafka.clients.NetworkClient - [AdminClient clientId=adminclient-9] Connection to node -1 (localhost/127.0.0.1:9092) could not be established. Broker may not be available.
[kafka-admin-client-thread | adminclient-12] INFO org.apache.kafka.clients.NetworkClient - [AdminClient clientId=adminclient-12] Node -1 disconnected.
[kafka-admin-client-thread | adminclient-12] WARN org.apache.kafka.clients.NetworkClient - [AdminClient clientId=adminclient-12] Connection to node -1 (localhost/127.0.0.1:9092) could not be established. Broker may not be available.
[kafka-admin-client-thread | adminclient-28] INFO org.apache.kafka.clients.NetworkClient - [AdminClient clientId=adminclient-28] Node -1 disconnected.
[kafka-admin-client-thread | adminclient-28] WARN org.apache.kafka.clients.NetworkClient - [AdminClient clientId=adminclient-28] Connection to node -1 (localhost/127.0.0.1:9092) could not be established. Broker may not be available.
[kafka-admin-client-thread | adminclient-16] INFO org.apache.kafka.clients.NetworkClient - [AdminClient clientId=adminclient-16] Node -1 disconnected.
[kafka-admin-client-thread | adminclient-16] WARN org.apache.kafka.clients.NetworkClient - [AdminClient clientId=adminclient-16] Connection to node -1 (localhost/127.0.0.1:9092) could not be established. Broker may not be available.
[kafka-admin-client-thread | adminclient-18] INFO org.apache.kafka.clients.NetworkClient - [AdminClient clientId=adminclient-18] Node -1 disconnected.
[kafka-admin-client-thread | adminclient-18] WARN org.apache.kafka.clients.NetworkClient - [AdminClient clientId=adminclient-18] Connection to node -1 (localhost/127.0.0.1:9092) could not be established. Broker may not be available.
[kafka-admin-client-thread | adminclient-24] INFO org.apache.kafka.clients.NetworkClient - [AdminClient clientId=adminclient-24] Node -1 disconnected.
[kafka-admin-client-thread | adminclient-24] WARN org.apache.kafka.clients.NetworkClient - [AdminClient clientId=adminclient-24] Connection to node -1 (localhost/127.0.0.1:9092) could not be established. Broker may not be available.
[kafka-admin-client-thread | adminclient-15] INFO org.apache.kafka.clients.NetworkClient - [AdminClient clientId=adminclient-15] Node -1 disconnected.
[kafka-admin-client-thread | adminclient-15] WARN org.apache.kafka.clients.NetworkClient - [AdminClient clientId=adminclient-15] Connection to node -1 (localhost/127.0.0.1:9092) could not be established. Broker may not be available.
[kafka-admin-client-thread | adminclient-1] INFO org.apache.kafka.clients.NetworkClient - [AdminClient clientId=adminclient-1] Node -1 disconnected.
[kafka-admin-client-thread | adminclient-29] INFO org.apache.kafka.clients.NetworkClient - [AdminClient clientId=adminclient-29] Node -1 disconnected.
[kafka-admin-client-thread | adminclient-1] WARN org.apache.kafka.clients.NetworkClient - [AdminClient clientId=adminclient-1] Connection to node -1 (localhost/127.0.0.1:9092) could not be established. Broker may not be available.
[kafka-admin-client-thread | adminclient-29] WARN org.apache.kafka.clients.NetworkClient - [AdminClient clientId=adminclient-29] Connection to node -1 (localhost/127.0.0.1:9092) could not be established. Broker may not be available.
[kafka-admin-client-thread | adminclient-19] INFO org.apache.kafka.clients.NetworkClient - [AdminClient clientId=adminclient-19] Node -1 disconnected.
[kafka-admin-client-thread | adminclient-19] WARN org.apache.kafka.clients.NetworkClient - [AdminClient clientId=adminclient-19] Connection to node -1 (localhost/127.0.0.1:9092) could not be established. Broker may not be available.
[kafka-admin-client-thread | adminclient-30] INFO org.apache.kafka.clients.NetworkClient - [AdminClient clientId=adminclient-30] Node -1 disconnected.
[kafka-admin-client-thread | adminclient-30] WARN org.apache.kafka.clients.NetworkClient - [AdminClient clientId=adminclient-30] Connection to node -1 (localhost/127.0.0.1:9092) could not be established. Broker may not be available.
[kafka-admin-client-thread | adminclient-2] INFO org.apache.kafka.clients.NetworkClient - [AdminClient clientId=adminclient-2] Node -1 disconnected.
[kafka-admin-client-thread | adminclient-2] WARN org.apache.kafka.clients.NetworkClient - [AdminClient clientId=adminclient-2] Connection to node -1 (localhost/127.0.0.1:9092) could not be established. Broker may not be available.
[kafka-admin-client-thread | adminclient-3] INFO org.apache.kafka.clients.NetworkClient - [AdminClient clientId=adminclient-3] Node -1 disconnected.
[kafka-admin-client-thread | adminclient-3] WARN org.apache.kafka.clients.NetworkClient - [AdminClient clientId=adminclient-3] Connection to node -1 (localhost/127.0.0.1:9092) could not be established. Broker may not be available.
[kafka-admin-client-thread | adminclient-10] INFO org.apache.kafka.clients.NetworkClient - [AdminClient clientId=adminclient-10] Node -1 disconnected.
[kafka-admin-client-thread | adminclient-10] WARN org.apache.kafka.clients.NetworkClient - [AdminClient clientId=adminclient-10] Connection to node -1 (localhost/127.0.0.1:9092) could not be established. Broker may not be available.
[kafka-admin-client-thread | adminclient-11] INFO org.apache.kafka.clients.NetworkClient - [AdminClient clientId=adminclient-11] Node -1 disconnected.
[kafka-admin-client-thread | adminclient-11] WARN org.apache.kafka.clients.NetworkClient - [AdminClient clientId=adminclient-11] Connection to node -1 (localhost/127.0.0.1:9092) could not be established. Broker may not be available.
[kafka-admin-client-thread | adminclient-22] INFO org.apache.kafka.clients.NetworkClient - [AdminClient clientId=adminclient-22] Node -1 disconnected.
[kafka-admin-client-thread | adminclient-22] WARN org.apache.kafka.clients.NetworkClient - [AdminClient clientId=adminclient-22] Connection to node -1 (localhost/127.0.0.1:9092) could not be established. Broker may not be available.
[kafka-admin-client-thread | adminclient-13] INFO org.apache.kafka.clients.NetworkClient - [AdminClient clientId=adminclient-13] Node -1 disconnected.
[kafka-admin-client-thread | adminclient-13] WARN org.apache.kafka.clients.NetworkClient - [AdminClient clientId=adminclient-13] Connection to node -1 (localhost/127.0.0.1:9092) could not be established. Broker may not be available.
[kafka-admin-client-thread | adminclient-14] INFO org.apache.kafka.clients.NetworkClient - [AdminClient clientId=adminclient-14] Node -1 disconnected.
[kafka-admin-client-thread | adminclient-14] WARN org.apache.kafka.clients.NetworkClient - [AdminClient clientId=adminclient-14] Connection to node -1 (localhost/127.0.0.1:9092) could not be established. Broker may not be available.
[kafka-admin-client-thread | adminclient-7] INFO org.apache.kafka.clients.NetworkClient - [AdminClient clientId=adminclient-7] Node -1 disconnected.
[kafka-admin-client-thread | adminclient-7] WARN org.apache.kafka.clients.NetworkClient - [AdminClient clientId=adminclient-7] Connection to node -1 (localhost/127.0.0.1:9092) could not be established. Broker may not be available.
[kafka-admin-client-thread | adminclient-23] INFO org.apache.kafka.clients.NetworkClient - [AdminClient clientId=adminclient-23] Node -1 disconnected.
[kafka-admin-client-thread | adminclient-23] WARN org.apache.kafka.clients.NetworkClient - [AdminClient clientId=adminclient-23] Connection to node -1 (localhost/127.0.0.1:9092) could not be established. Broker may not be available.
[kafka-admin-client-thread | adminclient-27] INFO org.apache.kafka.clients.NetworkClient - [AdminClient clientId=adminclient-27] Node -1 disconnected.
[kafka-admin-client-thread | adminclient-27] WARN org.apache.kafka.clients.NetworkClient - [AdminClient clientId=adminclient-27] Connection to node -1 (localhost/127.0.0.1:9092) could not be established. Broker may not be available.
[kafka-admin-client-thread | adminclient-20] INFO org.apache.kafka.clients.NetworkClient - [AdminClient clientId=adminclient-20] Node -1 disconnected.
[kafka-admin-client-thread | adminclient-20] WARN org.apache.kafka.clients.NetworkClient - [AdminClient clientId=adminclient-20] Connection to node -1 (localhost/127.0.0.1:9092) could not be established. Broker may not be available.
[kafka-admin-client-thread | adminclient-25] INFO org.apache.kafka.clients.NetworkClient - [AdminClient clientId=adminclient-25] Node -1 disconnected.
[kafka-admin-client-thread | adminclient-25] WARN org.apache.kafka.clients.NetworkClient - [AdminClient clientId=adminclient-25] Connection to node -1 (localhost/127.0.0.1:9092) could not be established. Broker may not be available.
[kafka-admin-client-thread | adminclient-9] INFO org.apache.kafka.clients.NetworkClient - [AdminClient clientId=adminclient-9] Node -1 disconnected.
[kafka-admin-client-thread | adminclient-9] WARN org.apache.kafka.clients.NetworkClient - [AdminClient clientId=adminclient-9] Connection to node -1 (localhost/127.0.0.1:9092) could not be established. Broker may not be available.
[kafka-admin-client-thread | adminclient-12] INFO org.apache.kafka.clients.NetworkClient - [AdminClient clientId=adminclient-12] Node -1 disconnected.
[kafka-admin-client-thread | adminclient-12] WARN org.apache.kafka.clients.NetworkClient - [AdminClient clientId=adminclient-12] Connection to node -1 (localhost/127.0.0.1:9092) could not be established. Broker may not be available.
[kafka-admin-client-thread | adminclient-28] INFO org.apache.kafka.clients.NetworkClient - [AdminClient clientId=adminclient-28] Node -1 disconnected.
[kafka-admin-client-thread | adminclient-28] WARN org.apache.kafka.clients.NetworkClient - [AdminClient clientId=adminclient-28] Connection to node -1 (localhost/127.0.0.1:9092) could not be established. Broker may not be available.
[kafka-admin-client-thread | adminclient-8] INFO org.apache.kafka.clients.NetworkClient - [AdminClient clientId=adminclient-8] Node -1 disconnected.
[kafka-admin-client-thread | adminclient-16] INFO org.apache.kafka.clients.NetworkClient - [AdminClient clientId=adminclient-16] Node -1 disconnected.
[kafka-admin-client-thread | adminclient-8] WARN org.apache.kafka.clients.NetworkClient - [AdminClient clientId=adminclient-8] Connection to node -1 (localhost/127.0.0.1:9092) could not be established. Broker may not be available.
[kafka-admin-client-thread | adminclient-16] WARN org.apache.kafka.clients.NetworkClient - [AdminClient clientId=adminclient-16] Connection to node -1 (localhost/127.0.0.1:9092) could not be established. Broker may not be available.
[kafka-admin-client-thread | adminclient-17] INFO org.apache.kafka.clients.NetworkClient - [AdminClient clientId=adminclient-17] Node -1 disconnected.
[kafka-admin-client-thread | adminclient-17] WARN org.apache.kafka.clients.NetworkClient - [AdminClient clientId=adminclient-17] Connection to node -1 (localhost/127.0.0.1:9092) could not be established. Broker may not be available.
[kafka-admin-client-thread | adminclient-26] INFO org.apache.kafka.clients.NetworkClient - [AdminClient clientId=adminclient-26] Node -1 disconnected.
[kafka-admin-client-thread | adminclient-26] WARN org.apache.kafka.clients.NetworkClient - [AdminClient clientId=adminclient-26] Connection to node -1 (localhost/127.0.0.1:9092) could not be established. Broker may not be available.
[kafka-admin-client-thread | adminclient-18] INFO org.apache.kafka.clients.NetworkClient - [AdminClient clientId=adminclient-18] Node -1 disconnected.
[kafka-admin-client-thread | adminclient-18] WARN org.apache.kafka.clients.NetworkClient - [AdminClient clientId=adminclient-18] Connection to node -1 (localhost/127.0.0.1:9092) could not be established. Broker may not be available.
[kafka-admin-client-thread | adminclient-21] INFO org.apache.kafka.clients.NetworkClient - [AdminClient clientId=adminclient-21] Node -1 disconnected.
[kafka-admin-client-thread | adminclient-21] WARN org.apache.kafka.clients.NetworkClient - [AdminClient clientId=adminclient-21] Connection to node -1 (localhost/127.0.0.1:9092) could not be established. Broker may not be available.
[kafka-admin-client-thread | adminclient-4] INFO org.apache.kafka.clients.NetworkClient - [AdminClient clientId=adminclient-4] Node -1 disconnected.
[kafka-admin-client-thread | adminclient-4] WARN org.apache.kafka.clients.NetworkClient - [AdminClient clientId=adminclient-4] Connection to node -1 (localhost/127.0.0.1:9092) could not be established. Broker may not be available.
[kafka-admin-client-thread | adminclient-15] INFO org.apache.kafka.clients.NetworkClient - [AdminClient clientId=adminclient-15] Node -1 disconnected.
[kafka-admin-client-thread | adminclient-15] WARN org.apache.kafka.clients.NetworkClient - [AdminClient clientId=adminclient-15] Connection to node -1 (localhost/127.0.0.1:9092) could not be established. Broker may not be available.
[kafka-admin-client-thread | adminclient-30] INFO org.apache.kafka.clients.NetworkClient - [AdminClient clientId=adminclient-30] Node -1 disconnected.
[kafka-admin-client-thread | adminclient-30] WARN org.apache.kafka.clients.NetworkClient - [AdminClient clientId=adminclient-30] Connection to node -1 (localhost/127.0.0.1:9092) could not be established. Broker may not be available.
[kafka-admin-client-thread | adminclient-10] INFO org.apache.kafka.clients.NetworkClient - [AdminClient clientId=adminclient-10] Node -1 disconnected.
[kafka-admin-client-thread | adminclient-10] WARN org.apache.kafka.clients.NetworkClient - [AdminClient clientId=adminclient-10] Connection to node -1 (localhost/127.0.0.1:9092) could not be established. Broker may not be available.
[kafka-admin-client-thread | adminclient-2] INFO org.apache.kafka.clients.NetworkClient - [AdminClient clientId=adminclient-2] Node -1 disconnected.
[kafka-admin-client-thread | adminclient-2] WARN org.apache.kafka.clients.NetworkClient - [AdminClient clientId=adminclient-2] Connection to node -1 (localhost/127.0.0.1:9092) could not be established. Broker may not be available.
[kafka-admin-client-thread | adminclient-19] INFO org.apache.kafka.clients.NetworkClient - [AdminClient clientId=adminclient-19] Node -1 disconnected.
[kafka-admin-client-thread | adminclient-19] WARN org.apache.kafka.clients.NetworkClient - [AdminClient clientId=adminclient-19] Connection to node -1 (localhost/127.0.0.1:9092) could not be established. Broker may not be available.
[kafka-admin-client-thread | adminclient-24] INFO org.apache.kafka.clients.NetworkClient - [AdminClient clientId=adminclient-24] Node -1 disconnected.
[kafka-admin-client-thread | adminclient-24] WARN org.apache.kafka.clients.NetworkClient - [AdminClient clientId=adminclient-24] Connection to node -1 (localhost/127.0.0.1:9092) could not be established. Broker may not be available.
[kafka-admin-client-thread | adminclient-3] INFO org.apache.kafka.clients.NetworkClient - [AdminClient clientId=adminclient-3] Node -1 disconnected.
[kafka-admin-client-thread | adminclient-3] WARN org.apache.kafka.clients.NetworkClient - [AdminClient clientId=adminclient-3] Connection to node -1 (localhost/127.0.0.1:9092) could not be established. Broker may not be available.
[kafka-admin-client-thread | adminclient-1] INFO org.apache.kafka.clients.NetworkClient - [AdminClient clientId=adminclient-1] Node -1 disconnected.
[kafka-admin-client-thread | adminclient-29] INFO org.apache.kafka.clients.NetworkClient - [AdminClient clientId=adminclient-29] Node -1 disconnected.
[kafka-admin-client-thread | adminclient-1] WARN org.apache.kafka.clients.NetworkClient - [AdminClient clientId=adminclient-1] Connection to node -1 (localhost/127.0.0.1:9092) could not be established. Broker may not be available.
[kafka-admin-client-thread | adminclient-29] WARN org.apache.kafka.clients.NetworkClient - [AdminClient clientId=adminclient-29] Connection to node -1 (localhost/127.0.0.1:9092) could not be established. Broker may not be available.
[kafka-admin-client-thread | adminclient-11] INFO org.apache.kafka.clients.NetworkClient - [AdminClient clientId=adminclient-11] Node -1 disconnected.
[kafka-admin-client-thread | adminclient-11] WARN org.apache.kafka.clients.NetworkClient - [AdminClient clientId=adminclient-11] Connection to node -1 (localhost/127.0.0.1:9092) could not be established. Broker may not be available.
[kafka-admin-client-thread | adminclient-13] INFO org.apache.kafka.clients.NetworkClient - [AdminClient clientId=adminclient-13] Node -1 disconnected.
[kafka-admin-client-thread | adminclient-13] WARN org.apache.kafka.clients.NetworkClient - [AdminClient clientId=adminclient-13] Connection to node -1 (localhost/127.0.0.1:9092) could not be established. Broker may not be available.
[kafka-admin-client-thread | adminclient-22] INFO org.apache.kafka.clients.NetworkClient - [AdminClient clientId=adminclient-22] Node -1 disconnected.
[kafka-admin-client-thread | adminclient-22] WARN org.apache.kafka.clients.NetworkClient - [AdminClient clientId=adminclient-22] Connection to node -1 (localhost/127.0.0.1:9092) could not be established. Broker may not be available.
[kafka-admin-client-thread | adminclient-14] INFO org.apache.kafka.clients.NetworkClient - [AdminClient clientId=adminclient-14] Node -1 disconnected.
[kafka-admin-client-thread | adminclient-14] WARN org.apache.kafka.clients.NetworkClient - [AdminClient clientId=adminclient-14] Connection to node -1 (localhost/127.0.0.1:9092) could not be established. Broker may not be available.
[kafka-admin-client-thread | adminclient-27] INFO org.apache.kafka.clients.NetworkClient - [AdminClient clientId=adminclient-27] Node -1 disconnected.
[kafka-admin-client-thread | adminclient-7] INFO org.apache.kafka.clients.NetworkClient - [AdminClient clientId=adminclient-7] Node -1 disconnected.
[kafka-admin-client-thread | adminclient-27] WARN org.apache.kafka.clients.NetworkClient - [AdminClient clientId=adminclient-27] Connection to node -1 (localhost/127.0.0.1:9092) could not be established. Broker may not be available.
[kafka-admin-client-thread | adminclient-7] WARN org.apache.kafka.clients.NetworkClient - [AdminClient clientId=adminclient-7] Connection to node -1 (localhost/127.0.0.1:9092) could not be established. Broker may not be available.
[kafka-admin-client-thread | adminclient-25] INFO org.apache.kafka.clients.NetworkClient - [AdminClient clientId=adminclient-25] Node -1 disconnected.
[kafka-admin-client-thread | adminclient-25] WARN org.apache.kafka.clients.NetworkClient - [AdminClient clientId=adminclient-25] Connection to node -1 (localhost/127.0.0.1:9092) could not be established. Broker may not be available.
[kafka-admin-client-thread | adminclient-20] INFO org.apache.kafka.clients.NetworkClient - [AdminClient clientId=adminclient-20] Node -1 disconnected.
[kafka-admin-client-thread | adminclient-20] WARN org.apache.kafka.clients.NetworkClient - [AdminClient clientId=adminclient-20] Connection to node -1 (localhost/127.0.0.1:9092) could not be established. Broker may not be available.
[kafka-admin-client-thread | adminclient-23] INFO org.apache.kafka.clients.NetworkClient - [AdminClient clientId=adminclient-23] Node -1 disconnected.
[kafka-admin-client-thread | adminclient-23] WARN org.apache.kafka.clients.NetworkClient - [AdminClient clientId=adminclient-23] Connection to node -1 (localhost/127.0.0.1:9092) could not be established. Broker may not be available.
[kafka-admin-client-thread | adminclient-26] INFO org.apache.kafka.clients.NetworkClient - [AdminClient clientId=adminclient-26] Node -1 disconnected.
[kafka-admin-client-thread | adminclient-26] WARN org.apache.kafka.clients.NetworkClient - [AdminClient clientId=adminclient-26] Connection to node -1 (localhost/127.0.0.1:9092) could not be established. Broker may not be available.
[kafka-admin-client-thread | adminclient-17] INFO org.apache.kafka.clients.NetworkClient - [AdminClient clientId=adminclient-17] Node -1 disconnected.
[kafka-admin-client-thread | adminclient-17] WARN org.apache.kafka.clients.NetworkClient - [AdminClient clientId=adminclient-17] Connection to node -1 (localhost/127.0.0.1:9092) could not be established. Broker may not be available.
[kafka-admin-client-thread | adminclient-30] INFO org.apache.kafka.clients.NetworkClient - [AdminClient clientId=adminclient-30] Node -1 disconnected.
[kafka-admin-client-thread | adminclient-30] WARN org.apache.kafka.clients.NetworkClient - [AdminClient clientId=adminclient-30] Connection to node -1 (localhost/127.0.0.1:9092) could not be established. Broker may not be available.
[kafka-admin-client-thread | adminclient-21] INFO org.apache.kafka.clients.NetworkClient - [AdminClient clientId=adminclient-21] Node -1 disconnected.
[kafka-admin-client-thread | adminclient-21] WARN org.apache.kafka.clients.NetworkClient - [AdminClient clientId=adminclient-21] Connection to node -1 (localhost/127.0.0.1:9092) could not be established. Broker may not be available.
[kafka-admin-client-thread | adminclient-9] INFO org.apache.kafka.clients.NetworkClient - [AdminClient clientId=adminclient-9] Node -1 disconnected.
[kafka-admin-client-thread | adminclient-9] WARN org.apache.kafka.clients.NetworkClient - [AdminClient clientId=adminclient-9] Connection to node -1 (localhost/127.0.0.1:9092) could not be established. Broker may not be available.
[kafka-admin-client-thread | adminclient-12] INFO org.apache.kafka.clients.NetworkClient - [AdminClient clientId=adminclient-12] Node -1 disconnected.
[kafka-admin-client-thread | adminclient-12] WARN org.apache.kafka.clients.NetworkClient - [AdminClient clientId=adminclient-12] Connection to node -1 (localhost/127.0.0.1:9092) could not be established. Broker may not be available.
[kafka-admin-client-thread | adminclient-28] INFO org.apache.kafka.clients.NetworkClient - [AdminClient clientId=adminclient-28] Node -1 disconnected.
[kafka-admin-client-thread | adminclient-28] WARN org.apache.kafka.clients.NetworkClient - [AdminClient clientId=adminclient-28] Connection to node -1 (localhost/127.0.0.1:9092) could not be established. Broker may not be available.
[kafka-admin-client-thread | adminclient-16] INFO org.apache.kafka.clients.NetworkClient - [AdminClient clientId=adminclient-16] Node -1 disconnected.
[kafka-admin-client-thread | adminclient-16] WARN org.apache.kafka.clients.NetworkClient - [AdminClient clientId=adminclient-16] Connection to node -1 (localhost/127.0.0.1:9092) could not be established. Broker may not be available.
[kafka-admin-client-thread | adminclient-8] INFO org.apache.kafka.clients.NetworkClient - [AdminClient clientId=adminclient-8] Node -1 disconnected.
[kafka-admin-client-thread | adminclient-8] WARN org.apache.kafka.clients.NetworkClient - [AdminClient clientId=adminclient-8] Connection to node -1 (localhost/127.0.0.1:9092) could not be established. Broker may not be available.
[kafka-admin-client-thread | adminclient-15] INFO org.apache.kafka.clients.NetworkClient - [AdminClient clientId=adminclient-15] Node -1 disconnected.
[kafka-admin-client-thread | adminclient-15] WARN org.apache.kafka.clients.NetworkClient - [AdminClient clientId=adminclient-15] Connection to node -1 (localhost/127.0.0.1:9092) could not be established. Broker may not be available.
[kafka-admin-client-thread | adminclient-29] INFO org.apache.kafka.clients.NetworkClient - [AdminClient clientId=adminclient-29] Node -1 disconnected.
[kafka-admin-client-thread | adminclient-29] WARN org.apache.kafka.clients.NetworkClient - [AdminClient clientId=adminclient-29] Connection to node -1 (localhost/127.0.0.1:9092) could not be established. Broker may not be available.
[kafka-admin-client-thread | adminclient-1] INFO org.apache.kafka.clients.NetworkClient - [AdminClient clientId=adminclient-1] Node -1 disconnected.
[kafka-admin-client-thread | adminclient-1] WARN org.apache.kafka.clients.NetworkClient - [AdminClient clientId=adminclient-1] Connection to node -1 (localhost/127.0.0.1:9092) could not be established. Broker may not be available.
[kafka-admin-client-thread | adminclient-18] INFO org.apache.kafka.clients.NetworkClient - [AdminClient clientId=adminclient-18] Node -1 disconnected.
[kafka-admin-client-thread | adminclient-18] WARN org.apache.kafka.clients.NetworkClient - [AdminClient clientId=adminclient-18] Connection to node -1 (localhost/127.0.0.1:9092) could not be established. Broker may not be available.
[kafka-admin-client-thread | adminclient-2] INFO org.apache.kafka.clients.NetworkClient - [AdminClient clientId=adminclient-2] Node -1 disconnected.
[kafka-admin-client-thread | adminclient-2] WARN org.apache.kafka.clients.NetworkClient - [AdminClient clientId=adminclient-2] Connection to node -1 (localhost/127.0.0.1:9092) could not be established. Broker may not be available.
[kafka-admin-client-thread | adminclient-4] INFO org.apache.kafka.clients.NetworkClient - [AdminClient clientId=adminclient-4] Node -1 disconnected.
[kafka-admin-client-thread | adminclient-4] WARN org.apache.kafka.clients.NetworkClient - [AdminClient clientId=adminclient-4] Connection to node -1 (localhost/127.0.0.1:9092) could not be established. Broker may not be available.
[kafka-admin-client-thread | adminclient-10] INFO org.apache.kafka.clients.NetworkClient - [AdminClient clientId=adminclient-10] Node -1 disconnected.
[kafka-admin-client-thread | adminclient-3] INFO org.apache.kafka.clients.NetworkClient - [AdminClient clientId=adminclient-3] Node -1 disconnected.
[kafka-admin-client-thread | adminclient-10] WARN org.apache.kafka.clients.NetworkClient - [AdminClient clientId=adminclient-10] Connection to node -1 (localhost/127.0.0.1:9092) could not be established. Broker may not be available.
[kafka-admin-client-thread | adminclient-3] WARN org.apache.kafka.clients.NetworkClient - [AdminClient clientId=adminclient-3] Connection to node -1 (localhost/127.0.0.1:9092) could not be established. Broker may not be available.
[kafka-admin-client-thread | adminclient-19] INFO org.apache.kafka.clients.NetworkClient - [AdminClient clientId=adminclient-19] Node -1 disconnected.
[kafka-admin-client-thread | adminclient-19] WARN org.apache.kafka.clients.NetworkClient - [AdminClient clientId=adminclient-19] Connection to node -1 (localhost/127.0.0.1:9092) could not be established. Broker may not be available.
[kafka-admin-client-thread | adminclient-24] INFO org.apache.kafka.clients.NetworkClient - [AdminClient clientId=adminclient-24] Node -1 disconnected.
[kafka-admin-client-thread | adminclient-24] WARN org.apache.kafka.clients.NetworkClient - [AdminClient clientId=adminclient-24] Connection to node -1 (localhost/127.0.0.1:9092) could not be established. Broker may not be available.
[kafka-admin-client-thread | adminclient-11] INFO org.apache.kafka.clients.NetworkClient - [AdminClient clientId=adminclient-11] Node -1 disconnected.
[kafka-admin-client-thread | adminclient-11] WARN org.apache.kafka.clients.NetworkClient - [AdminClient clientId=adminclient-11] Connection to node -1 (localhost/127.0.0.1:9092) could not be established. Broker may not be available.
[kafka-admin-client-thread | adminclient-14] INFO org.apache.kafka.clients.NetworkClient - [AdminClient clientId=adminclient-14] Node -1 disconnected.
[kafka-admin-client-thread | adminclient-14] WARN org.apache.kafka.clients.NetworkClient - [AdminClient clientId=adminclient-14] Connection to node -1 (localhost/127.0.0.1:9092) could not be established. Broker may not be available.
[kafka-admin-client-thread | adminclient-7] INFO org.apache.kafka.clients.NetworkClient - [AdminClient clientId=adminclient-7] Node -1 disconnected.
[kafka-admin-client-thread | adminclient-7] WARN org.apache.kafka.clients.NetworkClient - [AdminClient clientId=adminclient-7] Connection to node -1 (localhost/127.0.0.1:9092) could not be established. Broker may not be available.
[kafka-admin-client-thread | adminclient-13] INFO org.apache.kafka.clients.NetworkClient - [AdminClient clientId=adminclient-13] Node -1 disconnected.
[kafka-admin-client-thread | adminclient-13] WARN org.apache.kafka.clients.NetworkClient - [AdminClient clientId=adminclient-13] Connection to node -1 (localhost/127.0.0.1:9092) could not be established. Broker may not be available.
[kafka-admin-client-thread | adminclient-22] INFO org.apache.kafka.clients.NetworkClient - [AdminClient clientId=adminclient-22] Node -1 disconnected.
[kafka-admin-client-thread | adminclient-22] WARN org.apache.kafka.clients.NetworkClient - [AdminClient clientId=adminclient-22] Connection to node -1 (localhost/127.0.0.1:9092) could not be established. Broker may not be available.
[kafka-admin-client-thread | adminclient-23] INFO org.apache.kafka.clients.NetworkClient - [AdminClient clientId=adminclient-23] Node -1 disconnected.
[kafka-admin-client-thread | adminclient-23] WARN org.apache.kafka.clients.NetworkClient - [AdminClient clientId=adminclient-23] Connection to node -1 (localhost/127.0.0.1:9092) could not be established. Broker may not be available.
[kafka-admin-client-thread | adminclient-27] INFO org.apache.kafka.clients.NetworkClient - [AdminClient clientId=adminclient-27] Node -1 disconnected.
[kafka-admin-client-thread | adminclient-27] WARN org.apache.kafka.clients.NetworkClient - [AdminClient clientId=adminclient-27] Connection to node -1 (localhost/127.0.0.1:9092) could not be established. Broker may not be available.
[kafka-admin-client-thread | adminclient-25] INFO org.apache.kafka.clients.NetworkClient - [AdminClient clientId=adminclient-25] Node -1 disconnected.
[kafka-admin-client-thread | adminclient-25] WARN org.apache.kafka.clients.NetworkClient - [AdminClient clientId=adminclient-25] Connection to node -1 (localhost/127.0.0.1:9092) could not be established. Broker may not be available.
[kafka-admin-client-thread | adminclient-21] INFO org.apache.kafka.clients.NetworkClient - [AdminClient clientId=adminclient-21] Node -1 disconnected.
[kafka-admin-client-thread | adminclient-21] WARN org.apache.kafka.clients.NetworkClient - [AdminClient clientId=adminclient-21] Connection to node -1 (localhost/127.0.0.1:9092) could not be established. Broker may not be available.
[kafka-admin-client-thread | adminclient-9] INFO org.apache.kafka.clients.NetworkClient - [AdminClient clientId=adminclient-9] Node -1 disconnected.
[kafka-admin-client-thread | adminclient-9] WARN org.apache.kafka.clients.NetworkClient - [AdminClient clientId=adminclient-9] Connection to node -1 (localhost/127.0.0.1:9092) could not be established. Broker may not be available.
[kafka-admin-client-thread | adminclient-28] INFO org.apache.kafka.clients.NetworkClient - [AdminClient clientId=adminclient-28] Node -1 disconnected.
[kafka-admin-client-thread | adminclient-28] WARN org.apache.kafka.clients.NetworkClient - [AdminClient clientId=adminclient-28] Connection to node -1 (localhost/127.0.0.1:9092) could not be established. Broker may not be available.
[kafka-admin-client-thread | adminclient-16] INFO org.apache.kafka.clients.NetworkClient - [AdminClient clientId=adminclient-16] Node -1 disconnected.
[kafka-admin-client-thread | adminclient-16] WARN org.apache.kafka.clients.NetworkClient - [AdminClient clientId=adminclient-16] Connection to node -1 (localhost/127.0.0.1:9092) could not be established. Broker may not be available.
[kafka-admin-client-thread | adminclient-8] INFO org.apache.kafka.clients.NetworkClient - [AdminClient clientId=adminclient-8] Node -1 disconnected.
[kafka-admin-client-thread | adminclient-8] WARN org.apache.kafka.clients.NetworkClient - [AdminClient clientId=adminclient-8] Connection to node -1 (localhost/127.0.0.1:9092) could not be established. Broker may not be available.
[kafka-admin-client-thread | adminclient-30] INFO org.apache.kafka.clients.NetworkClient - [AdminClient clientId=adminclient-30] Node -1 disconnected.
[kafka-admin-client-thread | adminclient-30] WARN org.apache.kafka.clients.NetworkClient - [AdminClient clientId=adminclient-30] Connection to node -1 (localhost/127.0.0.1:9092) could not be established. Broker may not be available.
[kafka-admin-client-thread | adminclient-20] INFO org.apache.kafka.clients.NetworkClient - [AdminClient clientId=adminclient-20] Node -1 disconnected.
[kafka-admin-client-thread | adminclient-20] WARN org.apache.kafka.clients.NetworkClient - [AdminClient clientId=adminclient-20] Connection to node -1 (localhost/127.0.0.1:9092) could not be established. Broker may not be available.
[kafka-admin-client-thread | adminclient-26] INFO org.apache.kafka.clients.NetworkClient - [AdminClient clientId=adminclient-26] Node -1 disconnected.
[kafka-admin-client-thread | adminclient-26] WARN org.apache.kafka.clients.NetworkClient - [AdminClient clientId=adminclient-26] Connection to node -1 (localhost/127.0.0.1:9092) could not be established. Broker may not be available.
[kafka-admin-client-thread | adminclient-15] INFO org.apache.kafka.clients.NetworkClient - [AdminClient clientId=adminclient-15] Node -1 disconnected.
[kafka-admin-client-thread | adminclient-15] WARN org.apache.kafka.clients.NetworkClient - [AdminClient clientId=adminclient-15] Connection to node -1 (localhost/127.0.0.1:9092) could not be established. Broker may not be available.
[kafka-admin-client-thread | adminclient-17] INFO org.apache.kafka.clients.NetworkClient - [AdminClient clientId=adminclient-17] Node -1 disconnected.
[kafka-admin-client-thread | adminclient-17] WARN org.apache.kafka.clients.NetworkClient - [AdminClient clientId=adminclient-17] Connection to node -1 (localhost/127.0.0.1:9092) could not be established. Broker may not be available.
[kafka-admin-client-thread | adminclient-12] INFO org.apache.kafka.clients.NetworkClient - [AdminClient clientId=adminclient-12] Node -1 disconnected.
[kafka-admin-client-thread | adminclient-12] WARN org.apache.kafka.clients.NetworkClient - [AdminClient clientId=adminclient-12] Connection to node -1 (localhost/127.0.0.1:9092) could not be established. Broker may not be available.
[kafka-admin-client-thread | adminclient-2] INFO org.apache.kafka.clients.NetworkClient - [AdminClient clientId=adminclient-2] Node -1 disconnected.
[kafka-admin-client-thread | adminclient-2] WARN org.apache.kafka.clients.NetworkClient - [AdminClient clientId=adminclient-2] Connection to node -1 (localhost/127.0.0.1:9092) could not be established. Broker may not be available.
[kafka-admin-client-thread | adminclient-4] INFO org.apache.kafka.clients.NetworkClient - [AdminClient clientId=adminclient-4] Node -1 disconnected.
[kafka-admin-client-thread | adminclient-3] INFO org.apache.kafka.clients.NetworkClient - [AdminClient clientId=adminclient-3] Node -1 disconnected.
[kafka-admin-client-thread | adminclient-4] WARN org.apache.kafka.clients.NetworkClient - [AdminClient clientId=adminclient-4] Connection to node -1 (localhost/127.0.0.1:9092) could not be established. Broker may not be available.
[kafka-admin-client-thread | adminclient-3] WARN org.apache.kafka.clients.NetworkClient - [AdminClient clientId=adminclient-3] Connection to node -1 (localhost/127.0.0.1:9092) could not be established. Broker may not be available.
[kafka-admin-client-thread | adminclient-29] INFO org.apache.kafka.clients.NetworkClient - [AdminClient clientId=adminclient-29] Node -1 disconnected.
[kafka-admin-client-thread | adminclient-29] WARN org.apache.kafka.clients.NetworkClient - [AdminClient clientId=adminclient-29] Connection to node -1 (localhost/127.0.0.1:9092) could not be established. Broker may not be available.
[kafka-admin-client-thread | adminclient-10] INFO org.apache.kafka.clients.NetworkClient - [AdminClient clientId=adminclient-10] Node -1 disconnected.
[kafka-admin-client-thread | adminclient-10] WARN org.apache.kafka.clients.NetworkClient - [AdminClient clientId=adminclient-10] Connection to node -1 (localhost/127.0.0.1:9092) could not be established. Broker may not be available.
[kafka-admin-client-thread | adminclient-1] INFO org.apache.kafka.clients.NetworkClient - [AdminClient clientId=adminclient-1] Node -1 disconnected.
[kafka-admin-client-thread | adminclient-1] WARN org.apache.kafka.clients.NetworkClient - [AdminClient clientId=adminclient-1] Connection to node -1 (localhost/127.0.0.1:9092) could not be established. Broker may not be available.
[kafka-admin-client-thread | adminclient-18] INFO org.apache.kafka.clients.NetworkClient - [AdminClient clientId=adminclient-18] Node -1 disconnected.
[kafka-admin-client-thread | adminclient-18] WARN org.apache.kafka.clients.NetworkClient - [AdminClient clientId=adminclient-18] Connection to node -1 (localhost/127.0.0.1:9092) could not be established. Broker may not be available.
[kafka-admin-client-thread | adminclient-14] INFO org.apache.kafka.clients.NetworkClient - [AdminClient clientId=adminclient-14] Node -1 disconnected.
[kafka-admin-client-thread | adminclient-14] WARN org.apache.kafka.clients.NetworkClient - [AdminClient clientId=adminclient-14] Connection to node -1 (localhost/127.0.0.1:9092) could not be established. Broker may not be available.
[kafka-admin-client-thread | adminclient-23] INFO org.apache.kafka.clients.NetworkClient - [AdminClient clientId=adminclient-23] Node -1 disconnected.
[kafka-admin-client-thread | adminclient-23] WARN org.apache.kafka.clients.NetworkClient - [AdminClient clientId=adminclient-23] Connection to node -1 (localhost/127.0.0.1:9092) could not be established. Broker may not be available.
[kafka-admin-client-thread | adminclient-13] INFO org.apache.kafka.clients.NetworkClient - [AdminClient clientId=adminclient-13] Node -1 disconnected.
[kafka-admin-client-thread | adminclient-13] WARN org.apache.kafka.clients.NetworkClient - [AdminClient clientId=adminclient-13] Connection to node -1 (localhost/127.0.0.1:9092) could not be established. Broker may not be available.
[kafka-admin-client-thread | adminclient-19] INFO org.apache.kafka.clients.NetworkClient - [AdminClient clientId=adminclient-19] Node -1 disconnected.
[kafka-admin-client-thread | adminclient-19] WARN org.apache.kafka.clients.NetworkClient - [AdminClient clientId=adminclient-19] Connection to node -1 (localhost/127.0.0.1:9092) could not be established. Broker may not be available.
[kafka-admin-client-thread | adminclient-24] INFO org.apache.kafka.clients.NetworkClient - [AdminClient clientId=adminclient-24] Node -1 disconnected.
[kafka-admin-client-thread | adminclient-24] WARN org.apache.kafka.clients.NetworkClient - [AdminClient clientId=adminclient-24] Connection to node -1 (localhost/127.0.0.1:9092) could not be established. Broker may not be available.
[kafka-admin-client-thread | adminclient-27] INFO org.apache.kafka.clients.NetworkClient - [AdminClient clientId=adminclient-27] Node -1 disconnected.
[kafka-admin-client-thread | adminclient-7] INFO org.apache.kafka.clients.NetworkClient - [AdminClient clientId=adminclient-7] Node -1 disconnected.
[kafka-admin-client-thread | adminclient-27] WARN org.apache.kafka.clients.NetworkClient - [AdminClient clientId=adminclient-27] Connection to node -1 (localhost/127.0.0.1:9092) could not be established. Broker may not be available.
[kafka-admin-client-thread | adminclient-7] WARN org.apache.kafka.clients.NetworkClient - [AdminClient clientId=adminclient-7] Connection to node -1 (localhost/127.0.0.1:9092) could not be established. Broker may not be available.
[kafka-admin-client-thread | adminclient-11] INFO org.apache.kafka.clients.NetworkClient - [AdminClient clientId=adminclient-11] Node -1 disconnected.
[kafka-admin-client-thread | adminclient-11] WARN org.apache.kafka.clients.NetworkClient - [AdminClient clientId=adminclient-11] Connection to node -1 (localhost/127.0.0.1:9092) could not be established. Broker may not be available.
[kafka-admin-client-thread | adminclient-21] INFO org.apache.kafka.clients.NetworkClient - [AdminClient clientId=adminclient-21] Node -1 disconnected.
[kafka-admin-client-thread | adminclient-21] WARN org.apache.kafka.clients.NetworkClient - [AdminClient clientId=adminclient-21] Connection to node -1 (localhost/127.0.0.1:9092) could not be established. Broker may not be available.
[kafka-admin-client-thread | adminclient-25] INFO org.apache.kafka.clients.NetworkClient - [AdminClient clientId=adminclient-25] Node -1 disconnected.
[kafka-admin-client-thread | adminclient-25] WARN org.apache.kafka.clients.NetworkClient - [AdminClient clientId=adminclient-25] Connection to node -1 (localhost/127.0.0.1:9092) could not be established. Broker may not be available.
[kafka-admin-client-thread | adminclient-9] INFO org.apache.kafka.clients.NetworkClient - [AdminClient clientId=adminclient-9] Node -1 disconnected.
[kafka-admin-client-thread | adminclient-9] WARN org.apache.kafka.clients.NetworkClient - [AdminClient clientId=adminclient-9] Connection to node -1 (localhost/127.0.0.1:9092) could not be established. Broker may not be available.
[kafka-admin-client-thread | adminclient-16] INFO org.apache.kafka.clients.NetworkClient - [AdminClient clientId=adminclient-16] Node -1 disconnected.
[kafka-admin-client-thread | adminclient-8] INFO org.apache.kafka.clients.NetworkClient - [AdminClient clientId=adminclient-8] Node -1 disconnected.
[kafka-admin-client-thread | adminclient-8] WARN org.apache.kafka.clients.NetworkClient - [AdminClient clientId=adminclient-8] Connection to node -1 (localhost/127.0.0.1:9092) could not be established. Broker may not be available.
[kafka-admin-client-thread | adminclient-16] WARN org.apache.kafka.clients.NetworkClient - [AdminClient clientId=adminclient-16] Connection to node -1 (localhost/127.0.0.1:9092) could not be established. Broker may not be available.
[kafka-admin-client-thread | adminclient-22] INFO org.apache.kafka.clients.NetworkClient - [AdminClient clientId=adminclient-22] Node -1 disconnected.
[kafka-admin-client-thread | adminclient-22] WARN org.apache.kafka.clients.NetworkClient - [AdminClient clientId=adminclient-22] Connection to node -1 (localhost/127.0.0.1:9092) could not be established. Broker may not be available.
[kafka-admin-client-thread | adminclient-28] INFO org.apache.kafka.clients.NetworkClient - [AdminClient clientId=adminclient-28] Node -1 disconnected.
[kafka-admin-client-thread | adminclient-28] WARN org.apache.kafka.clients.NetworkClient - [AdminClient clientId=adminclient-28] Connection to node -1 (localhost/127.0.0.1:9092) could not be established. Broker may not be available.
[kafka-admin-client-thread | adminclient-17] INFO org.apache.kafka.clients.NetworkClient - [AdminClient clientId=adminclient-17] Node -1 disconnected.
[kafka-admin-client-thread | adminclient-17] WARN org.apache.kafka.clients.NetworkClient - [AdminClient clientId=adminclient-17] Connection to node -1 (localhost/127.0.0.1:9092) could not be established. Broker may not be available.
[kafka-admin-client-thread | adminclient-20] INFO org.apache.kafka.clients.NetworkClient - [AdminClient clientId=adminclient-20] Node -1 disconnected.
[kafka-admin-client-thread | adminclient-20] WARN org.apache.kafka.clients.NetworkClient - [AdminClient clientId=adminclient-20] Connection to node -1 (localhost/127.0.0.1:9092) could not be established. Broker may not be available.
[kafka-admin-client-thread | adminclient-15] INFO org.apache.kafka.clients.NetworkClient - [AdminClient clientId=adminclient-15] Node -1 disconnected.
[kafka-admin-client-thread | adminclient-15] WARN org.apache.kafka.clients.NetworkClient - [AdminClient clientId=adminclient-15] Connection to node -1 (localhost/127.0.0.1:9092) could not be established. Broker may not be available.
[kafka-admin-client-thread | adminclient-26] INFO org.apache.kafka.clients.NetworkClient - [AdminClient clientId=adminclient-26] Node -1 disconnected.
[kafka-admin-client-thread | adminclient-26] WARN org.apache.kafka.clients.NetworkClient - [AdminClient clientId=adminclient-26] Connection to node -1 (localhost/127.0.0.1:9092) could not be established. Broker may not be available.
[kafka-admin-client-thread | adminclient-12] INFO org.apache.kafka.clients.NetworkClient - [AdminClient clientId=adminclient-12] Node -1 disconnected.
[kafka-admin-client-thread | adminclient-12] WARN org.apache.kafka.clients.NetworkClient - [AdminClient clientId=adminclient-12] Connection to node -1 (localhost/127.0.0.1:9092) could not be established. Broker may not be available.
[kafka-admin-client-thread | adminclient-2] INFO org.apache.kafka.clients.NetworkClient - [AdminClient clientId=adminclient-2] Node -1 disconnected.
[kafka-admin-client-thread | adminclient-2] WARN org.apache.kafka.clients.NetworkClient - [AdminClient clientId=adminclient-2] Connection to node -1 (localhost/127.0.0.1:9092) could not be established. Broker may not be available.
[kafka-admin-client-thread | adminclient-30] INFO org.apache.kafka.clients.NetworkClient - [AdminClient clientId=adminclient-30] Node -1 disconnected.
[kafka-admin-client-thread | adminclient-30] WARN org.apache.kafka.clients.NetworkClient - [AdminClient clientId=adminclient-30] Connection to node -1 (localhost/127.0.0.1:9092) could not be established. Broker may not be available.
[kafka-admin-client-thread | adminclient-18] INFO org.apache.kafka.clients.NetworkClient - [AdminClient clientId=adminclient-18] Node -1 disconnected.
[kafka-admin-client-thread | adminclient-18] WARN org.apache.kafka.clients.NetworkClient - [AdminClient clientId=adminclient-18] Connection to node -1 (localhost/127.0.0.1:9092) could not be established. Broker may not be available.
[kafka-admin-client-thread | adminclient-4] INFO org.apache.kafka.clients.NetworkClient - [AdminClient clientId=adminclient-4] Node -1 disconnected.
[kafka-admin-client-thread | adminclient-3] INFO org.apache.kafka.clients.NetworkClient - [AdminClient clientId=adminclient-3] Node -1 disconnected.
[kafka-admin-client-thread | adminclient-4] WARN org.apache.kafka.clients.NetworkClient - [AdminClient clientId=adminclient-4] Connection to node -1 (localhost/127.0.0.1:9092) could not be established. Broker may not be available.
[kafka-admin-client-thread | adminclient-3] WARN org.apache.kafka.clients.NetworkClient - [AdminClient clientId=adminclient-3] Connection to node -1 (localhost/127.0.0.1:9092) could not be established. Broker may not be available.
[kafka-admin-client-thread | adminclient-14] INFO org.apache.kafka.clients.NetworkClient - [AdminClient clientId=adminclient-14] Node -1 disconnected.
[kafka-admin-client-thread | adminclient-14] WARN org.apache.kafka.clients.NetworkClient - [AdminClient clientId=adminclient-14] Connection to node -1 (localhost/127.0.0.1:9092) could not be established. Broker may not be available.
[kafka-admin-client-thread | adminclient-1] INFO org.apache.kafka.clients.NetworkClient - [AdminClient clientId=adminclient-1] Node -1 disconnected.
[kafka-admin-client-thread | adminclient-1] WARN org.apache.kafka.clients.NetworkClient - [AdminClient clientId=adminclient-1] Connection to node -1 (localhost/127.0.0.1:9092) could not be established. Broker may not be available.
[kafka-admin-client-thread | adminclient-10] INFO org.apache.kafka.clients.NetworkClient - [AdminClient clientId=adminclient-10] Node -1 disconnected.
[kafka-admin-client-thread | adminclient-10] WARN org.apache.kafka.clients.NetworkClient - [AdminClient clientId=adminclient-10] Connection to node -1 (localhost/127.0.0.1:9092) could not be established. Broker may not be available.
[kafka-admin-client-thread | adminclient-29] INFO org.apache.kafka.clients.NetworkClient - [AdminClient clientId=adminclient-29] Node -1 disconnected.
[kafka-admin-client-thread | adminclient-29] WARN org.apache.kafka.clients.NetworkClient - [AdminClient clientId=adminclient-29] Connection to node -1 (localhost/127.0.0.1:9092) could not be established. Broker may not be available.
[kafka-admin-client-thread | adminclient-23] INFO org.apache.kafka.clients.NetworkClient - [AdminClient clientId=adminclient-23] Node -1 disconnected.
[kafka-admin-client-thread | adminclient-23] WARN org.apache.kafka.clients.NetworkClient - [AdminClient clientId=adminclient-23] Connection to node -1 (localhost/127.0.0.1:9092) could not be established. Broker may not be available.
[kafka-admin-client-thread | adminclient-7] INFO org.apache.kafka.clients.NetworkClient - [AdminClient clientId=adminclient-7] Node -1 disconnected.
[kafka-admin-client-thread | adminclient-7] WARN org.apache.kafka.clients.NetworkClient - [AdminClient clientId=adminclient-7] Connection to node -1 (localhost/127.0.0.1:9092) could not be established. Broker may not be available.
[kafka-admin-client-thread | adminclient-11] INFO org.apache.kafka.clients.NetworkClient - [AdminClient clientId=adminclient-11] Node -1 disconnected.
[kafka-admin-client-thread | adminclient-11] WARN org.apache.kafka.clients.NetworkClient - [AdminClient clientId=adminclient-11] Connection to node -1 (localhost/127.0.0.1:9092) could not be established. Broker may not be available.
[kafka-admin-client-thread | adminclient-13] INFO org.apache.kafka.clients.NetworkClient - [AdminClient clientId=adminclient-13] Node -1 disconnected.
[kafka-admin-client-thread | adminclient-13] WARN org.apache.kafka.clients.NetworkClient - [AdminClient clientId=adminclient-13] Connection to node -1 (localhost/127.0.0.1:9092) could not be established. Broker may not be available.
[kafka-admin-client-thread | adminclient-27] INFO org.apache.kafka.clients.NetworkClient - [AdminClient clientId=adminclient-27] Node -1 disconnected.
[kafka-admin-client-thread | adminclient-27] WARN org.apache.kafka.clients.NetworkClient - [AdminClient clientId=adminclient-27] Connection to node -1 (localhost/127.0.0.1:9092) could not be established. Broker may not be available.
[kafka-admin-client-thread | adminclient-19] INFO org.apache.kafka.clients.NetworkClient - [AdminClient clientId=adminclient-19] Node -1 disconnected.
[kafka-admin-client-thread | adminclient-19] WARN org.apache.kafka.clients.NetworkClient - [AdminClient clientId=adminclient-19] Connection to node -1 (localhost/127.0.0.1:9092) could not be established. Broker may not be available.
[kafka-admin-client-thread | adminclient-21] INFO org.apache.kafka.clients.NetworkClient - [AdminClient clientId=adminclient-21] Node -1 disconnected.
[kafka-admin-client-thread | adminclient-21] WARN org.apache.kafka.clients.NetworkClient - [AdminClient clientId=adminclient-21] Connection to node -1 (localhost/127.0.0.1:9092) could not be established. Broker may not be available.
[kafka-admin-client-thread | adminclient-24] INFO org.apache.kafka.clients.NetworkClient - [AdminClient clientId=adminclient-24] Node -1 disconnected.
[kafka-admin-client-thread | adminclient-24] WARN org.apache.kafka.clients.NetworkClient - [AdminClient clientId=adminclient-24] Connection to node -1 (localhost/127.0.0.1:9092) could not be established. Broker may not be available.
[kafka-admin-client-thread | adminclient-25] INFO org.apache.kafka.clients.NetworkClient - [AdminClient clientId=adminclient-25] Node -1 disconnected.
[kafka-admin-client-thread | adminclient-25] WARN org.apache.kafka.clients.NetworkClient - [AdminClient clientId=adminclient-25] Connection to node -1 (localhost/127.0.0.1:9092) could not be established. Broker may not be available.
[kafka-admin-client-thread | adminclient-8] INFO org.apache.kafka.clients.NetworkClient - [AdminClient clientId=adminclient-8] Node -1 disconnected.
[kafka-admin-client-thread | adminclient-8] WARN org.apache.kafka.clients.NetworkClient - [AdminClient clientId=adminclient-8] Connection to node -1 (localhost/127.0.0.1:9092) could not be established. Broker may not be available.
[kafka-admin-client-thread | adminclient-15] INFO org.apache.kafka.clients.NetworkClient - [AdminClient clientId=adminclient-15] Node -1 disconnected.
[kafka-admin-client-thread | adminclient-15] WARN org.apache.kafka.clients.NetworkClient - [AdminClient clientId=adminclient-15] Connection to node -1 (localhost/127.0.0.1:9092) could not be established. Broker may not be available.
[kafka-admin-client-thread | adminclient-16] INFO org.apache.kafka.clients.NetworkClient - [AdminClient clientId=adminclient-16] Node -1 disconnected.
[kafka-admin-client-thread | adminclient-16] WARN org.apache.kafka.clients.NetworkClient - [AdminClient clientId=adminclient-16] Connection to node -1 (localhost/127.0.0.1:9092) could not be established. Broker may not be available.
[kafka-admin-client-thread | adminclient-20] INFO org.apache.kafka.clients.NetworkClient - [AdminClient clientId=adminclient-20] Node -1 disconnected.
[kafka-admin-client-thread | adminclient-20] WARN org.apache.kafka.clients.NetworkClient - [AdminClient clientId=adminclient-20] Connection to node -1 (localhost/127.0.0.1:9092) could not be established. Broker may not be available.
[kafka-admin-client-thread | adminclient-9] INFO org.apache.kafka.clients.NetworkClient - [AdminClient clientId=adminclient-9] Node -1 disconnected.
[kafka-admin-client-thread | adminclient-9] WARN org.apache.kafka.clients.NetworkClient - [AdminClient clientId=adminclient-9] Connection to node -1 (localhost/127.0.0.1:9092) could not be established. Broker may not be available.
[kafka-admin-client-thread | adminclient-22] INFO org.apache.kafka.clients.NetworkClient - [AdminClient clientId=adminclient-22] Node -1 disconnected.
[kafka-admin-client-thread | adminclient-22] WARN org.apache.kafka.clients.NetworkClient - [AdminClient clientId=adminclient-22] Connection to node -1 (localhost/127.0.0.1:9092) could not be established. Broker may not be available.
[kafka-admin-client-thread | adminclient-26] INFO org.apache.kafka.clients.NetworkClient - [AdminClient clientId=adminclient-26] Node -1 disconnected.
[kafka-admin-client-thread | adminclient-26] WARN org.apache.kafka.clients.NetworkClient - [AdminClient clientId=adminclient-26] Connection to node -1 (localhost/127.0.0.1:9092) could not be established. Broker may not be available.
[kafka-admin-client-thread | adminclient-28] INFO org.apache.kafka.clients.NetworkClient - [AdminClient clientId=adminclient-28] Node -1 disconnected.
[kafka-admin-client-thread | adminclient-28] WARN org.apache.kafka.clients.NetworkClient - [AdminClient clientId=adminclient-28] Connection to node -1 (localhost/127.0.0.1:9092) could not be established. Broker may not be available.
[kafka-admin-client-thread | adminclient-12] INFO org.apache.kafka.clients.NetworkClient - [AdminClient clientId=adminclient-12] Node -1 disconnected.
[kafka-admin-client-thread | adminclient-12] WARN org.apache.kafka.clients.NetworkClient - [AdminClient clientId=adminclient-12] Connection to node -1 (localhost/127.0.0.1:9092) could not be established. Broker may not be available.
[kafka-admin-client-thread | adminclient-17] INFO org.apache.kafka.clients.NetworkClient - [AdminClient clientId=adminclient-17] Node -1 disconnected.
[kafka-admin-client-thread | adminclient-2] INFO org.apache.kafka.clients.NetworkClient - [AdminClient clientId=adminclient-2] Node -1 disconnected.
[kafka-admin-client-thread | adminclient-17] WARN org.apache.kafka.clients.NetworkClient - [AdminClient clientId=adminclient-17] Connection to node -1 (localhost/127.0.0.1:9092) could not be established. Broker may not be available.
[kafka-admin-client-thread | adminclient-2] WARN org.apache.kafka.clients.NetworkClient - [AdminClient clientId=adminclient-2] Connection to node -1 (localhost/127.0.0.1:9092) could not be established. Broker may not be available.
[kafka-admin-client-thread | adminclient-30] INFO org.apache.kafka.clients.NetworkClient - [AdminClient clientId=adminclient-30] Node -1 disconnected.
[kafka-admin-client-thread | adminclient-30] WARN org.apache.kafka.clients.NetworkClient - [AdminClient clientId=adminclient-30] Connection to node -1 (localhost/127.0.0.1:9092) could not be established. Broker may not be available.
[kafka-admin-client-thread | adminclient-14] INFO org.apache.kafka.clients.NetworkClient - [AdminClient clientId=adminclient-14] Node -1 disconnected.
[kafka-admin-client-thread | adminclient-14] WARN org.apache.kafka.clients.NetworkClient - [AdminClient clientId=adminclient-14] Connection to node -1 (localhost/127.0.0.1:9092) could not be established. Broker may not be available.
[kafka-admin-client-thread | adminclient-29] INFO org.apache.kafka.clients.NetworkClient - [AdminClient clientId=adminclient-29] Node -1 disconnected.
[kafka-admin-client-thread | adminclient-18] INFO org.apache.kafka.clients.NetworkClient - [AdminClient clientId=adminclient-18] Node -1 disconnected.
[kafka-admin-client-thread | adminclient-1] INFO org.apache.kafka.clients.NetworkClient - [AdminClient clientId=adminclient-1] Node -1 disconnected.
[kafka-admin-client-thread | adminclient-29] WARN org.apache.kafka.clients.NetworkClient - [AdminClient clientId=adminclient-29] Connection to node -1 (localhost/127.0.0.1:9092) could not be established. Broker may not be available.
[kafka-admin-client-thread | adminclient-18] WARN org.apache.kafka.clients.NetworkClient - [AdminClient clientId=adminclient-18] Connection to node -1 (localhost/127.0.0.1:9092) could not be established. Broker may not be available.
[kafka-admin-client-thread | adminclient-1] WARN org.apache.kafka.clients.NetworkClient - [AdminClient clientId=adminclient-1] Connection to node -1 (localhost/127.0.0.1:9092) could not be established. Broker may not be available.
[kafka-admin-client-thread | adminclient-10] INFO org.apache.kafka.clients.NetworkClient - [AdminClient clientId=adminclient-10] Node -1 disconnected.
[kafka-admin-client-thread | adminclient-3] INFO org.apache.kafka.clients.NetworkClient - [AdminClient clientId=adminclient-3] Node -1 disconnected.
[kafka-admin-client-thread | adminclient-10] WARN org.apache.kafka.clients.NetworkClient - [AdminClient clientId=adminclient-10] Connection to node -1 (localhost/127.0.0.1:9092) could not be established. Broker may not be available.
[kafka-admin-client-thread | adminclient-3] WARN org.apache.kafka.clients.NetworkClient - [AdminClient clientId=adminclient-3] Connection to node -1 (localhost/127.0.0.1:9092) could not be established. Broker may not be available.
[kafka-admin-client-thread | adminclient-4] INFO org.apache.kafka.clients.NetworkClient - [AdminClient clientId=adminclient-4] Node -1 disconnected.
[kafka-admin-client-thread | adminclient-4] WARN org.apache.kafka.clients.NetworkClient - [AdminClient clientId=adminclient-4] Connection to node -1 (localhost/127.0.0.1:9092) could not be established. Broker may not be available.
[kafka-admin-client-thread | adminclient-11] INFO org.apache.kafka.clients.NetworkClient - [AdminClient clientId=adminclient-11] Node -1 disconnected.
[kafka-admin-client-thread | adminclient-11] WARN org.apache.kafka.clients.NetworkClient - [AdminClient clientId=adminclient-11] Connection to node -1 (localhost/127.0.0.1:9092) could not be established. Broker may not be available.
[kafka-admin-client-thread | adminclient-23] INFO org.apache.kafka.clients.NetworkClient - [AdminClient clientId=adminclient-23] Node -1 disconnected.
[kafka-admin-client-thread | adminclient-23] WARN org.apache.kafka.clients.NetworkClient - [AdminClient clientId=adminclient-23] Connection to node -1 (localhost/127.0.0.1:9092) could not be established. Broker may not be available.
[kafka-admin-client-thread | adminclient-7] INFO org.apache.kafka.clients.NetworkClient - [AdminClient clientId=adminclient-7] Node -1 disconnected.
[kafka-admin-client-thread | adminclient-7] WARN org.apache.kafka.clients.NetworkClient - [AdminClient clientId=adminclient-7] Connection to node -1 (localhost/127.0.0.1:9092) could not be established. Broker may not be available.
[kafka-admin-client-thread | adminclient-24] INFO org.apache.kafka.clients.NetworkClient - [AdminClient clientId=adminclient-24] Node -1 disconnected.
[kafka-admin-client-thread | adminclient-24] WARN org.apache.kafka.clients.NetworkClient - [AdminClient clientId=adminclient-24] Connection to node -1 (localhost/127.0.0.1:9092) could not be established. Broker may not be available.
[kafka-admin-client-thread | adminclient-19] INFO org.apache.kafka.clients.NetworkClient - [AdminClient clientId=adminclient-19] Node -1 disconnected.
[kafka-admin-client-thread | adminclient-19] WARN org.apache.kafka.clients.NetworkClient - [AdminClient clientId=adminclient-19] Connection to node -1 (localhost/127.0.0.1:9092) could not be established. Broker may not be available.
[kafka-admin-client-thread | adminclient-21] INFO org.apache.kafka.clients.NetworkClient - [AdminClient clientId=adminclient-21] Node -1 disconnected.
[kafka-admin-client-thread | adminclient-21] WARN org.apache.kafka.clients.NetworkClient - [AdminClient clientId=adminclient-21] Connection to node -1 (localhost/127.0.0.1:9092) could not be established. Broker may not be available.
[kafka-admin-client-thread | adminclient-13] INFO org.apache.kafka.clients.NetworkClient - [AdminClient clientId=adminclient-13] Node -1 disconnected.
[kafka-admin-client-thread | adminclient-13] WARN org.apache.kafka.clients.NetworkClient - [AdminClient clientId=adminclient-13] Connection to node -1 (localhost/127.0.0.1:9092) could not be established. Broker may not be available.
[kafka-admin-client-thread | adminclient-27] INFO org.apache.kafka.clients.NetworkClient - [AdminClient clientId=adminclient-27] Node -1 disconnected.
[kafka-admin-client-thread | adminclient-27] WARN org.apache.kafka.clients.NetworkClient - [AdminClient clientId=adminclient-27] Connection to node -1 (localhost/127.0.0.1:9092) could not be established. Broker may not be available.
[kafka-admin-client-thread | adminclient-8] INFO org.apache.kafka.clients.NetworkClient - [AdminClient clientId=adminclient-8] Node -1 disconnected.
[kafka-admin-client-thread | adminclient-8] WARN org.apache.kafka.clients.NetworkClient - [AdminClient clientId=adminclient-8] Connection to node -1 (localhost/127.0.0.1:9092) could not be established. Broker may not be available.
[kafka-admin-client-thread | adminclient-16] INFO org.apache.kafka.clients.NetworkClient - [AdminClient clientId=adminclient-16] Node -1 disconnected.
[kafka-admin-client-thread | adminclient-16] WARN org.apache.kafka.clients.NetworkClient - [AdminClient clientId=adminclient-16] Connection to node -1 (localhost/127.0.0.1:9092) could not be established. Broker may not be available.
[kafka-admin-client-thread | adminclient-25] INFO org.apache.kafka.clients.NetworkClient - [AdminClient clientId=adminclient-25] Node -1 disconnected.
[kafka-admin-client-thread | adminclient-25] WARN org.apache.kafka.clients.NetworkClient - [AdminClient clientId=adminclient-25] Connection to node -1 (localhost/127.0.0.1:9092) could not be established. Broker may not be available.
[kafka-admin-client-thread | adminclient-9] INFO org.apache.kafka.clients.NetworkClient - [AdminClient clientId=adminclient-9] Node -1 disconnected.
[kafka-admin-client-thread | adminclient-9] WARN org.apache.kafka.clients.NetworkClient - [AdminClient clientId=adminclient-9] Connection to node -1 (localhost/127.0.0.1:9092) could not be established. Broker may not be available.
[kafka-admin-client-thread | adminclient-20] INFO org.apache.kafka.clients.NetworkClient - [AdminClient clientId=adminclient-20] Node -1 disconnected.
[kafka-admin-client-thread | adminclient-20] WARN org.apache.kafka.clients.NetworkClient - [AdminClient clientId=adminclient-20] Connection to node -1 (localhost/127.0.0.1:9092) could not be established. Broker may not be available.
[kafka-admin-client-thread | adminclient-26] INFO org.apache.kafka.clients.NetworkClient - [AdminClient clientId=adminclient-26] Node -1 disconnected.
[kafka-admin-client-thread | adminclient-26] WARN org.apache.kafka.clients.NetworkClient - [AdminClient clientId=adminclient-26] Connection to node -1 (localhost/127.0.0.1:9092) could not be established. Broker may not be available.
[kafka-admin-client-thread | adminclient-15] INFO org.apache.kafka.clients.NetworkClient - [AdminClient clientId=adminclient-15] Node -1 disconnected.
[kafka-admin-client-thread | adminclient-15] WARN org.apache.kafka.clients.NetworkClient - [AdminClient clientId=adminclient-15] Connection to node -1 (localhost/127.0.0.1:9092) could not be established. Broker may not be available.
[kafka-admin-client-thread | adminclient-22] INFO org.apache.kafka.clients.NetworkClient - [AdminClient clientId=adminclient-22] Node -1 disconnected.
[kafka-admin-client-thread | adminclient-22] WARN org.apache.kafka.clients.NetworkClient - [AdminClient clientId=adminclient-22] Connection to node -1 (localhost/127.0.0.1:9092) could not be established. Broker may not be available.
[kafka-admin-client-thread | adminclient-12] INFO org.apache.kafka.clients.NetworkClient - [AdminClient clientId=adminclient-12] Node -1 disconnected.
[kafka-admin-client-thread | adminclient-12] WARN org.apache.kafka.clients.NetworkClient - [AdminClient clientId=adminclient-12] Connection to node -1 (localhost/127.0.0.1:9092) could not be established. Broker may not be available.
[kafka-admin-client-thread | adminclient-17] INFO org.apache.kafka.clients.NetworkClient - [AdminClient clientId=adminclient-17] Node -1 disconnected.
[kafka-admin-client-thread | adminclient-17] WARN org.apache.kafka.clients.NetworkClient - [AdminClient clientId=adminclient-17] Connection to node -1 (localhost/127.0.0.1:9092) could not be established. Broker may not be available.
[kafka-admin-client-thread | adminclient-28] INFO org.apache.kafka.clients.NetworkClient - [AdminClient clientId=adminclient-28] Node -1 disconnected.
[kafka-admin-client-thread | adminclient-28] WARN org.apache.kafka.clients.NetworkClient - [AdminClient clientId=adminclient-28] Connection to node -1 (localhost/127.0.0.1:9092) could not be established. Broker may not be available.
[kafka-admin-client-thread | adminclient-30] INFO org.apache.kafka.clients.NetworkClient - [AdminClient clientId=adminclient-30] Node -1 disconnected.
[kafka-admin-client-thread | adminclient-30] WARN org.apache.kafka.clients.NetworkClient - [AdminClient clientId=adminclient-30] Connection to node -1 (localhost/127.0.0.1:9092) could not be established. Broker may not be available.
[kafka-admin-client-thread | adminclient-2] INFO org.apache.kafka.clients.NetworkClient - [AdminClient clientId=adminclient-2] Node -1 disconnected.
[kafka-admin-client-thread | adminclient-2] WARN org.apache.kafka.clients.NetworkClient - [AdminClient clientId=adminclient-2] Connection to node -1 (localhost/127.0.0.1:9092) could not be established. Broker may not be available.
[kafka-admin-client-thread | adminclient-11] INFO org.apache.kafka.clients.NetworkClient - [AdminClient clientId=adminclient-11] Node -1 disconnected.
[kafka-admin-client-thread | adminclient-11] WARN org.apache.kafka.clients.NetworkClient - [AdminClient clientId=adminclient-11] Connection to node -1 (localhost/127.0.0.1:9092) could not be established. Broker may not be available.
[kafka-admin-client-thread | adminclient-18] INFO org.apache.kafka.clients.NetworkClient - [AdminClient clientId=adminclient-18] Node -1 disconnected.
[kafka-admin-client-thread | adminclient-18] WARN org.apache.kafka.clients.NetworkClient - [AdminClient clientId=adminclient-18] Connection to node -1 (localhost/127.0.0.1:9092) could not be established. Broker may not be available.
[kafka-admin-client-thread | adminclient-23] INFO org.apache.kafka.clients.NetworkClient - [AdminClient clientId=adminclient-23] Node -1 disconnected.
[kafka-admin-client-thread | adminclient-23] WARN org.apache.kafka.clients.NetworkClient - [AdminClient clientId=adminclient-23] Connection to node -1 (localhost/127.0.0.1:9092) could not be established. Broker may not be available.
[kafka-admin-client-thread | adminclient-10] INFO org.apache.kafka.clients.NetworkClient - [AdminClient clientId=adminclient-10] Node -1 disconnected.
[kafka-admin-client-thread | adminclient-3] INFO org.apache.kafka.clients.NetworkClient - [AdminClient clientId=adminclient-3] Node -1 disconnected.
[kafka-admin-client-thread | adminclient-10] WARN org.apache.kafka.clients.NetworkClient - [AdminClient clientId=adminclient-10] Connection to node -1 (localhost/127.0.0.1:9092) could not be established. Broker may not be available.
[kafka-admin-client-thread | adminclient-3] WARN org.apache.kafka.clients.NetworkClient - [AdminClient clientId=adminclient-3] Connection to node -1 (localhost/127.0.0.1:9092) could not be established. Broker may not be available.
[kafka-admin-client-thread | adminclient-14] INFO org.apache.kafka.clients.NetworkClient - [AdminClient clientId=adminclient-14] Node -1 disconnected.
[kafka-admin-client-thread | adminclient-14] WARN org.apache.kafka.clients.NetworkClient - [AdminClient clientId=adminclient-14] Connection to node -1 (localhost/127.0.0.1:9092) could not be established. Broker may not be available.
[kafka-admin-client-thread | adminclient-29] INFO org.apache.kafka.clients.NetworkClient - [AdminClient clientId=adminclient-29] Node -1 disconnected.
[kafka-admin-client-thread | adminclient-1] INFO org.apache.kafka.clients.NetworkClient - [AdminClient clientId=adminclient-1] Node -1 disconnected.
[kafka-admin-client-thread | adminclient-1] WARN org.apache.kafka.clients.NetworkClient - [AdminClient clientId=adminclient-1] Connection to node -1 (localhost/127.0.0.1:9092) could not be established. Broker may not be available.
[kafka-admin-client-thread | adminclient-29] WARN org.apache.kafka.clients.NetworkClient - [AdminClient clientId=adminclient-29] Connection to node -1 (localhost/127.0.0.1:9092) could not be established. Broker may not be available.
[kafka-admin-client-thread | adminclient-24] INFO org.apache.kafka.clients.NetworkClient - [AdminClient clientId=adminclient-24] Node -1 disconnected.
[kafka-admin-client-thread | adminclient-24] WARN org.apache.kafka.clients.NetworkClient - [AdminClient clientId=adminclient-24] Connection to node -1 (localhost/127.0.0.1:9092) could not be established. Broker may not be available.
[kafka-admin-client-thread | adminclient-4] INFO org.apache.kafka.clients.NetworkClient - [AdminClient clientId=adminclient-4] Node -1 disconnected.
[kafka-admin-client-thread | adminclient-4] WARN org.apache.kafka.clients.NetworkClient - [AdminClient clientId=adminclient-4] Connection to node -1 (localhost/127.0.0.1:9092) could not be established. Broker may not be available.
[kafka-admin-client-thread | adminclient-7] INFO org.apache.kafka.clients.NetworkClient - [AdminClient clientId=adminclient-7] Node -1 disconnected.
[kafka-admin-client-thread | adminclient-7] WARN org.apache.kafka.clients.NetworkClient - [AdminClient clientId=adminclient-7] Connection to node -1 (localhost/127.0.0.1:9092) could not be established. Broker may not be available.
[kafka-admin-client-thread | adminclient-13] INFO org.apache.kafka.clients.NetworkClient - [AdminClient clientId=adminclient-13] Node -1 disconnected.
[kafka-admin-client-thread | adminclient-13] WARN org.apache.kafka.clients.NetworkClient - [AdminClient clientId=adminclient-13] Connection to node -1 (localhost/127.0.0.1:9092) could not be established. Broker may not be available.
[kafka-admin-client-thread | adminclient-8] INFO org.apache.kafka.clients.NetworkClient - [AdminClient clientId=adminclient-8] Node -1 disconnected.
[kafka-admin-client-thread | adminclient-8] WARN org.apache.kafka.clients.NetworkClient - [AdminClient clientId=adminclient-8] Connection to node -1 (localhost/127.0.0.1:9092) could not be established. Broker may not be available.
[kafka-admin-client-thread | adminclient-16] INFO org.apache.kafka.clients.NetworkClient - [AdminClient clientId=adminclient-16] Node -1 disconnected.
[kafka-admin-client-thread | adminclient-16] WARN org.apache.kafka.clients.NetworkClient - [AdminClient clientId=adminclient-16] Connection to node -1 (localhost/127.0.0.1:9092) could not be established. Broker may not be available.
[kafka-admin-client-thread | adminclient-27] INFO org.apache.kafka.clients.NetworkClient - [AdminClient clientId=adminclient-27] Node -1 disconnected.
[kafka-admin-client-thread | adminclient-27] WARN org.apache.kafka.clients.NetworkClient - [AdminClient clientId=adminclient-27] Connection to node -1 (localhost/127.0.0.1:9092) could not be established. Broker may not be available.
[kafka-admin-client-thread | adminclient-25] INFO org.apache.kafka.clients.NetworkClient - [AdminClient clientId=adminclient-25] Node -1 disconnected.
[kafka-admin-client-thread | adminclient-26] INFO org.apache.kafka.clients.NetworkClient - [AdminClient clientId=adminclient-26] Node -1 disconnected.
[kafka-admin-client-thread | adminclient-26] WARN org.apache.kafka.clients.NetworkClient - [AdminClient clientId=adminclient-26] Connection to node -1 (localhost/127.0.0.1:9092) could not be established. Broker may not be available.
[kafka-admin-client-thread | adminclient-25] WARN org.apache.kafka.clients.NetworkClient - [AdminClient clientId=adminclient-25] Connection to node -1 (localhost/127.0.0.1:9092) could not be established. Broker may not be available.
[kafka-admin-client-thread | adminclient-19] INFO org.apache.kafka.clients.NetworkClient - [AdminClient clientId=adminclient-19] Node -1 disconnected.
[kafka-admin-client-thread | adminclient-19] WARN org.apache.kafka.clients.NetworkClient - [AdminClient clientId=adminclient-19] Connection to node -1 (localhost/127.0.0.1:9092) could not be established. Broker may not be available.
[kafka-admin-client-thread | adminclient-21] INFO org.apache.kafka.clients.NetworkClient - [AdminClient clientId=adminclient-21] Node -1 disconnected.
[kafka-admin-client-thread | adminclient-21] WARN org.apache.kafka.clients.NetworkClient - [AdminClient clientId=adminclient-21] Connection to node -1 (localhost/127.0.0.1:9092) could not be established. Broker may not be available.
[kafka-admin-client-thread | adminclient-9] INFO org.apache.kafka.clients.NetworkClient - [AdminClient clientId=adminclient-9] Node -1 disconnected.
[kafka-admin-client-thread | adminclient-9] WARN org.apache.kafka.clients.NetworkClient - [AdminClient clientId=adminclient-9] Connection to node -1 (localhost/127.0.0.1:9092) could not be established. Broker may not be available.
[kafka-admin-client-thread | adminclient-12] INFO org.apache.kafka.clients.NetworkClient - [AdminClient clientId=adminclient-12] Node -1 disconnected.
[kafka-admin-client-thread | adminclient-12] WARN org.apache.kafka.clients.NetworkClient - [AdminClient clientId=adminclient-12] Connection to node -1 (localhost/127.0.0.1:9092) could not be established. Broker may not be available.
[kafka-admin-client-thread | adminclient-15] INFO org.apache.kafka.clients.NetworkClient - [AdminClient clientId=adminclient-15] Node -1 disconnected.
[kafka-admin-client-thread | adminclient-15] WARN org.apache.kafka.clients.NetworkClient - [AdminClient clientId=adminclient-15] Connection to node -1 (localhost/127.0.0.1:9092) could not be established. Broker may not be available.
[kafka-admin-client-thread | adminclient-20] INFO org.apache.kafka.clients.NetworkClient - [AdminClient clientId=adminclient-20] Node -1 disconnected.
[kafka-admin-client-thread | adminclient-20] WARN org.apache.kafka.clients.NetworkClient - [AdminClient clientId=adminclient-20] Connection to node -1 (localhost/127.0.0.1:9092) could not be established. Broker may not be available.
[kafka-admin-client-thread | adminclient-22] INFO org.apache.kafka.clients.NetworkClient - [AdminClient clientId=adminclient-22] Node -1 disconnected.
[kafka-admin-client-thread | adminclient-22] WARN org.apache.kafka.clients.NetworkClient - [AdminClient clientId=adminclient-22] Connection to node -1 (localhost/127.0.0.1:9092) could not be established. Broker may not be available.
[kafka-admin-client-thread | adminclient-28] INFO org.apache.kafka.clients.NetworkClient - [AdminClient clientId=adminclient-28] Node -1 disconnected.
[kafka-admin-client-thread | adminclient-28] WARN org.apache.kafka.clients.NetworkClient - [AdminClient clientId=adminclient-28] Connection to node -1 (localhost/127.0.0.1:9092) could not be established. Broker may not be available.
[kafka-admin-client-thread | adminclient-2] INFO org.apache.kafka.clients.NetworkClient - [AdminClient clientId=adminclient-2] Node -1 disconnected.
[kafka-admin-client-thread | adminclient-17] INFO org.apache.kafka.clients.NetworkClient - [AdminClient clientId=adminclient-17] Node -1 disconnected.
[kafka-admin-client-thread | adminclient-2] WARN org.apache.kafka.clients.NetworkClient - [AdminClient clientId=adminclient-2] Connection to node -1 (localhost/127.0.0.1:9092) could not be established. Broker may not be available.
[kafka-admin-client-thread | adminclient-17] WARN org.apache.kafka.clients.NetworkClient - [AdminClient clientId=adminclient-17] Connection to node -1 (localhost/127.0.0.1:9092) could not be established. Broker may not be available.
[kafka-admin-client-thread | adminclient-30] INFO org.apache.kafka.clients.NetworkClient - [AdminClient clientId=adminclient-30] Node -1 disconnected.
[kafka-admin-client-thread | adminclient-30] WARN org.apache.kafka.clients.NetworkClient - [AdminClient clientId=adminclient-30] Connection to node -1 (localhost/127.0.0.1:9092) could not be established. Broker may not be available.
[kafka-admin-client-thread | adminclient-18] INFO org.apache.kafka.clients.NetworkClient - [AdminClient clientId=adminclient-18] Node -1 disconnected.
[kafka-admin-client-thread | adminclient-18] WARN org.apache.kafka.clients.NetworkClient - [AdminClient clientId=adminclient-18] Connection to node -1 (localhost/127.0.0.1:9092) could not be established. Broker may not be available.
[kafka-admin-client-thread | adminclient-29] INFO org.apache.kafka.clients.NetworkClient - [AdminClient clientId=adminclient-29] Node -1 disconnected.
[kafka-admin-client-thread | adminclient-29] WARN org.apache.kafka.clients.NetworkClient - [AdminClient clientId=adminclient-29] Connection to node -1 (localhost/127.0.0.1:9092) could not be established. Broker may not be available.
[kafka-admin-client-thread | adminclient-23] INFO org.apache.kafka.clients.NetworkClient - [AdminClient clientId=adminclient-23] Node -1 disconnected.
[kafka-admin-client-thread | adminclient-23] WARN org.apache.kafka.clients.NetworkClient - [AdminClient clientId=adminclient-23] Connection to node -1 (localhost/127.0.0.1:9092) could not be established. Broker may not be available.
[kafka-admin-client-thread | adminclient-3] INFO org.apache.kafka.clients.NetworkClient - [AdminClient clientId=adminclient-3] Node -1 disconnected.
[kafka-admin-client-thread | adminclient-3] WARN org.apache.kafka.clients.NetworkClient - [AdminClient clientId=adminclient-3] Connection to node -1 (localhost/127.0.0.1:9092) could not be established. Broker may not be available.
[kafka-admin-client-thread | adminclient-11] INFO org.apache.kafka.clients.NetworkClient - [AdminClient clientId=adminclient-11] Node -1 disconnected.
[kafka-admin-client-thread | adminclient-11] WARN org.apache.kafka.clients.NetworkClient - [AdminClient clientId=adminclient-11] Connection to node -1 (localhost/127.0.0.1:9092) could not be established. Broker may not be available.
[kafka-admin-client-thread | adminclient-14] INFO org.apache.kafka.clients.NetworkClient - [AdminClient clientId=adminclient-14] Node -1 disconnected.
[kafka-admin-client-thread | adminclient-14] WARN org.apache.kafka.clients.NetworkClient - [AdminClient clientId=adminclient-14] Connection to node -1 (localhost/127.0.0.1:9092) could not be established. Broker may not be available.
[kafka-admin-client-thread | adminclient-24] INFO org.apache.kafka.clients.NetworkClient - [AdminClient clientId=adminclient-24] Node -1 disconnected.
[kafka-admin-client-thread | adminclient-24] WARN org.apache.kafka.clients.NetworkClient - [AdminClient clientId=adminclient-24] Connection to node -1 (localhost/127.0.0.1:9092) could not be established. Broker may not be available.
[kafka-admin-client-thread | adminclient-10] INFO org.apache.kafka.clients.NetworkClient - [AdminClient clientId=adminclient-10] Node -1 disconnected.
[kafka-admin-client-thread | adminclient-10] WARN org.apache.kafka.clients.NetworkClient - [AdminClient clientId=adminclient-10] Connection to node -1 (localhost/127.0.0.1:9092) could not be established. Broker may not be available.
[kafka-admin-client-thread | adminclient-4] INFO org.apache.kafka.clients.NetworkClient - [AdminClient clientId=adminclient-4] Node -1 disconnected.
[kafka-admin-client-thread | adminclient-4] WARN org.apache.kafka.clients.NetworkClient - [AdminClient clientId=adminclient-4] Connection to node -1 (localhost/127.0.0.1:9092) could not be established. Broker may not be available.
[kafka-admin-client-thread | adminclient-13] INFO org.apache.kafka.clients.NetworkClient - [AdminClient clientId=adminclient-13] Node -1 disconnected.
[kafka-admin-client-thread | adminclient-13] WARN org.apache.kafka.clients.NetworkClient - [AdminClient clientId=adminclient-13] Connection to node -1 (localhost/127.0.0.1:9092) could not be established. Broker may not be available.
[kafka-admin-client-thread | adminclient-27] INFO org.apache.kafka.clients.NetworkClient - [AdminClient clientId=adminclient-27] Node -1 disconnected.
[kafka-admin-client-thread | adminclient-7] INFO org.apache.kafka.clients.NetworkClient - [AdminClient clientId=adminclient-7] Node -1 disconnected.
[kafka-admin-client-thread | adminclient-27] WARN org.apache.kafka.clients.NetworkClient - [AdminClient clientId=adminclient-27] Connection to node -1 (localhost/127.0.0.1:9092) could not be established. Broker may not be available.
[kafka-admin-client-thread | adminclient-7] WARN org.apache.kafka.clients.NetworkClient - [AdminClient clientId=adminclient-7] Connection to node -1 (localhost/127.0.0.1:9092) could not be established. Broker may not be available.
[kafka-admin-client-thread | adminclient-1] INFO org.apache.kafka.clients.NetworkClient - [AdminClient clientId=adminclient-1] Node -1 disconnected.
[kafka-admin-client-thread | adminclient-1] WARN org.apache.kafka.clients.NetworkClient - [AdminClient clientId=adminclient-1] Connection to node -1 (localhost/127.0.0.1:9092) could not be established. Broker may not be available.
[kafka-admin-client-thread | adminclient-26] INFO org.apache.kafka.clients.NetworkClient - [AdminClient clientId=adminclient-26] Node -1 disconnected.
[kafka-admin-client-thread | adminclient-26] WARN org.apache.kafka.clients.NetworkClient - [AdminClient clientId=adminclient-26] Connection to node -1 (localhost/127.0.0.1:9092) could not be established. Broker may not be available.
[kafka-admin-client-thread | adminclient-8] INFO org.apache.kafka.clients.NetworkClient - [AdminClient clientId=adminclient-8] Node -1 disconnected.
[kafka-admin-client-thread | adminclient-8] WARN org.apache.kafka.clients.NetworkClient - [AdminClient clientId=adminclient-8] Connection to node -1 (localhost/127.0.0.1:9092) could not be established. Broker may not be available.
[kafka-admin-client-thread | adminclient-16] INFO org.apache.kafka.clients.NetworkClient - [AdminClient clientId=adminclient-16] Node -1 disconnected.
[kafka-admin-client-thread | adminclient-16] WARN org.apache.kafka.clients.NetworkClient - [AdminClient clientId=adminclient-16] Connection to node -1 (localhost/127.0.0.1:9092) could not be established. Broker may not be available.
[kafka-admin-client-thread | adminclient-15] INFO org.apache.kafka.clients.NetworkClient - [AdminClient clientId=adminclient-15] Node -1 disconnected.
[kafka-admin-client-thread | adminclient-15] WARN org.apache.kafka.clients.NetworkClient - [AdminClient clientId=adminclient-15] Connection to node -1 (localhost/127.0.0.1:9092) could not be established. Broker may not be available.
[kafka-admin-client-thread | adminclient-19] INFO org.apache.kafka.clients.NetworkClient - [AdminClient clientId=adminclient-19] Node -1 disconnected.
[kafka-admin-client-thread | adminclient-19] WARN org.apache.kafka.clients.NetworkClient - [AdminClient clientId=adminclient-19] Connection to node -1 (localhost/127.0.0.1:9092) could not be established. Broker may not be available.
[kafka-admin-client-thread | adminclient-21] INFO org.apache.kafka.clients.NetworkClient - [AdminClient clientId=adminclient-21] Node -1 disconnected.
[kafka-admin-client-thread | adminclient-21] WARN org.apache.kafka.clients.NetworkClient - [AdminClient clientId=adminclient-21] Connection to node -1 (localhost/127.0.0.1:9092) could not be established. Broker may not be available.
[kafka-admin-client-thread | adminclient-25] INFO org.apache.kafka.clients.NetworkClient - [AdminClient clientId=adminclient-25] Node -1 disconnected.
[kafka-admin-client-thread | adminclient-25] WARN org.apache.kafka.clients.NetworkClient - [AdminClient clientId=adminclient-25] Connection to node -1 (localhost/127.0.0.1:9092) could not be established. Broker may not be available.
[kafka-admin-client-thread | adminclient-9] INFO org.apache.kafka.clients.NetworkClient - [AdminClient clientId=adminclient-9] Node -1 disconnected.
[kafka-admin-client-thread | adminclient-9] WARN org.apache.kafka.clients.NetworkClient - [AdminClient clientId=adminclient-9] Connection to node -1 (localhost/127.0.0.1:9092) could not be established. Broker may not be available.
[kafka-admin-client-thread | adminclient-12] INFO org.apache.kafka.clients.NetworkClient - [AdminClient clientId=adminclient-12] Node -1 disconnected.
[kafka-admin-client-thread | adminclient-12] WARN org.apache.kafka.clients.NetworkClient - [AdminClient clientId=adminclient-12] Connection to node -1 (localhost/127.0.0.1:9092) could not be established. Broker may not be available.
[kafka-admin-client-thread | adminclient-28] INFO org.apache.kafka.clients.NetworkClient - [AdminClient clientId=adminclient-28] Node -1 disconnected.
[kafka-admin-client-thread | adminclient-28] WARN org.apache.kafka.clients.NetworkClient - [AdminClient clientId=adminclient-28] Connection to node -1 (localhost/127.0.0.1:9092) could not be established. Broker may not be available.
[kafka-admin-client-thread | adminclient-20] INFO org.apache.kafka.clients.NetworkClient - [AdminClient clientId=adminclient-20] Node -1 disconnected.
[kafka-admin-client-thread | adminclient-20] WARN org.apache.kafka.clients.NetworkClient - [AdminClient clientId=adminclient-20] Connection to node -1 (localhost/127.0.0.1:9092) could not be established. Broker may not be available.
[kafka-admin-client-thread | adminclient-30] INFO org.apache.kafka.clients.NetworkClient - [AdminClient clientId=adminclient-30] Node -1 disconnected.
[kafka-admin-client-thread | adminclient-30] WARN org.apache.kafka.clients.NetworkClient - [AdminClient clientId=adminclient-30] Connection to node -1 (localhost/127.0.0.1:9092) could not be established. Broker may not be available.
[kafka-admin-client-thread | adminclient-22] INFO org.apache.kafka.clients.NetworkClient - [AdminClient clientId=adminclient-22] Node -1 disconnected.
[kafka-admin-client-thread | adminclient-22] WARN org.apache.kafka.clients.NetworkClient - [AdminClient clientId=adminclient-22] Connection to node -1 (localhost/127.0.0.1:9092) could not be established. Broker may not be available.
[kafka-admin-client-thread | adminclient-2] INFO org.apache.kafka.clients.NetworkClient - [AdminClient clientId=adminclient-2] Node -1 disconnected.
[kafka-admin-client-thread | adminclient-2] WARN org.apache.kafka.clients.NetworkClient - [AdminClient clientId=adminclient-2] Connection to node -1 (localhost/127.0.0.1:9092) could not be established. Broker may not be available.
[kafka-admin-client-thread | adminclient-18] INFO org.apache.kafka.clients.NetworkClient - [AdminClient clientId=adminclient-18] Node -1 disconnected.
[kafka-admin-client-thread | adminclient-18] WARN org.apache.kafka.clients.NetworkClient - [AdminClient clientId=adminclient-18] Connection to node -1 (localhost/127.0.0.1:9092) could not be established. Broker may not be available.
[kafka-admin-client-thread | adminclient-17] INFO org.apache.kafka.clients.NetworkClient - [AdminClient clientId=adminclient-17] Node -1 disconnected.
[kafka-admin-client-thread | adminclient-17] WARN org.apache.kafka.clients.NetworkClient - [AdminClient clientId=adminclient-17] Connection to node -1 (localhost/127.0.0.1:9092) could not be established. Broker may not be available.
[kafka-admin-client-thread | adminclient-23] INFO org.apache.kafka.clients.NetworkClient - [AdminClient clientId=adminclient-23] Node -1 disconnected.
[kafka-admin-client-thread | adminclient-10] INFO org.apache.kafka.clients.NetworkClient - [AdminClient clientId=adminclient-10] Node -1 disconnected.
[kafka-admin-client-thread | adminclient-23] WARN org.apache.kafka.clients.NetworkClient - [AdminClient clientId=adminclient-23] Connection to node -1 (localhost/127.0.0.1:9092) could not be established. Broker may not be available.
[kafka-admin-client-thread | adminclient-10] WARN org.apache.kafka.clients.NetworkClient - [AdminClient clientId=adminclient-10] Connection to node -1 (localhost/127.0.0.1:9092) could not be established. Broker may not be available.
[kafka-admin-client-thread | adminclient-11] INFO org.apache.kafka.clients.NetworkClient - [AdminClient clientId=adminclient-11] Node -1 disconnected.
[kafka-admin-client-thread | adminclient-11] WARN org.apache.kafka.clients.NetworkClient - [AdminClient clientId=adminclient-11] Connection to node -1 (localhost/127.0.0.1:9092) could not be established. Broker may not be available.
[kafka-admin-client-thread | adminclient-1] INFO org.apache.kafka.clients.NetworkClient - [AdminClient clientId=adminclient-1] Node -1 disconnected.
[kafka-admin-client-thread | adminclient-1] WARN org.apache.kafka.clients.NetworkClient - [AdminClient clientId=adminclient-1] Connection to node -1 (localhost/127.0.0.1:9092) could not be established. Broker may not be available.
[kafka-admin-client-thread | adminclient-13] INFO org.apache.kafka.clients.NetworkClient - [AdminClient clientId=adminclient-13] Node -1 disconnected.
[kafka-admin-client-thread | adminclient-13] WARN org.apache.kafka.clients.NetworkClient - [AdminClient clientId=adminclient-13] Connection to node -1 (localhost/127.0.0.1:9092) could not be established. Broker may not be available.
[kafka-admin-client-thread | adminclient-27] INFO org.apache.kafka.clients.NetworkClient - [AdminClient clientId=adminclient-27] Node -1 disconnected.
[kafka-admin-client-thread | adminclient-27] WARN org.apache.kafka.clients.NetworkClient - [AdminClient clientId=adminclient-27] Connection to node -1 (localhost/127.0.0.1:9092) could not be established. Broker may not be available.
[kafka-admin-client-thread | adminclient-29] INFO org.apache.kafka.clients.NetworkClient - [AdminClient clientId=adminclient-29] Node -1 disconnected.
[kafka-admin-client-thread | adminclient-29] WARN org.apache.kafka.clients.NetworkClient - [AdminClient clientId=adminclient-29] Connection to node -1 (localhost/127.0.0.1:9092) could not be established. Broker may not be available.
[kafka-admin-client-thread | adminclient-24] INFO org.apache.kafka.clients.NetworkClient - [AdminClient clientId=adminclient-24] Node -1 disconnected.
[kafka-admin-client-thread | adminclient-26] INFO org.apache.kafka.clients.NetworkClient - [AdminClient clientId=adminclient-26] Node -1 disconnected.
[kafka-admin-client-thread | adminclient-26] WARN org.apache.kafka.clients.NetworkClient - [AdminClient clientId=adminclient-26] Connection to node -1 (localhost/127.0.0.1:9092) could not be established. Broker may not be available.
[kafka-admin-client-thread | adminclient-24] WARN org.apache.kafka.clients.NetworkClient - [AdminClient clientId=adminclient-24] Connection to node -1 (localhost/127.0.0.1:9092) could not be established. Broker may not be available.
[kafka-admin-client-thread | adminclient-3] INFO org.apache.kafka.clients.NetworkClient - [AdminClient clientId=adminclient-3] Node -1 disconnected.
[kafka-admin-client-thread | adminclient-3] WARN org.apache.kafka.clients.NetworkClient - [AdminClient clientId=adminclient-3] Connection to node -1 (localhost/127.0.0.1:9092) could not be established. Broker may not be available.
[kafka-admin-client-thread | adminclient-14] INFO org.apache.kafka.clients.NetworkClient - [AdminClient clientId=adminclient-14] Node -1 disconnected.
[kafka-admin-client-thread | adminclient-14] WARN org.apache.kafka.clients.NetworkClient - [AdminClient clientId=adminclient-14] Connection to node -1 (localhost/127.0.0.1:9092) could not be established. Broker may not be available.
[kafka-admin-client-thread | adminclient-7] INFO org.apache.kafka.clients.NetworkClient - [AdminClient clientId=adminclient-7] Node -1 disconnected.
[kafka-admin-client-thread | adminclient-7] WARN org.apache.kafka.clients.NetworkClient - [AdminClient clientId=adminclient-7] Connection to node -1 (localhost/127.0.0.1:9092) could not be established. Broker may not be available.
[kafka-admin-client-thread | adminclient-21] INFO org.apache.kafka.clients.NetworkClient - [AdminClient clientId=adminclient-21] Node -1 disconnected.
[kafka-admin-client-thread | adminclient-4] INFO org.apache.kafka.clients.NetworkClient - [AdminClient clientId=adminclient-4] Node -1 disconnected.
[kafka-admin-client-thread | adminclient-4] WARN org.apache.kafka.clients.NetworkClient - [AdminClient clientId=adminclient-4] Connection to node -1 (localhost/127.0.0.1:9092) could not be established. Broker may not be available.
[kafka-admin-client-thread | adminclient-21] WARN org.apache.kafka.clients.NetworkClient - [AdminClient clientId=adminclient-21] Connection to node -1 (localhost/127.0.0.1:9092) could not be established. Broker may not be available.
[kafka-admin-client-thread | adminclient-19] INFO org.apache.kafka.clients.NetworkClient - [AdminClient clientId=adminclient-19] Node -1 disconnected.
[kafka-admin-client-thread | adminclient-19] WARN org.apache.kafka.clients.NetworkClient - [AdminClient clientId=adminclient-19] Connection to node -1 (localhost/127.0.0.1:9092) could not be established. Broker may not be available.
[kafka-admin-client-thread | adminclient-9] INFO org.apache.kafka.clients.NetworkClient - [AdminClient clientId=adminclient-9] Node -1 disconnected.
[kafka-admin-client-thread | adminclient-9] WARN org.apache.kafka.clients.NetworkClient - [AdminClient clientId=adminclient-9] Connection to node -1 (localhost/127.0.0.1:9092) could not be established. Broker may not be available.
[kafka-admin-client-thread | adminclient-15] INFO org.apache.kafka.clients.NetworkClient - [AdminClient clientId=adminclient-15] Node -1 disconnected.
[kafka-admin-client-thread | adminclient-15] WARN org.apache.kafka.clients.NetworkClient - [AdminClient clientId=adminclient-15] Connection to node -1 (localhost/127.0.0.1:9092) could not be established. Broker may not be available.
[kafka-admin-client-thread | adminclient-8] INFO org.apache.kafka.clients.NetworkClient - [AdminClient clientId=adminclient-8] Node -1 disconnected.
[kafka-admin-client-thread | adminclient-8] WARN org.apache.kafka.clients.NetworkClient - [AdminClient clientId=adminclient-8] Connection to node -1 (localhost/127.0.0.1:9092) could not be established. Broker may not be available.
[kafka-admin-client-thread | adminclient-16] INFO org.apache.kafka.clients.NetworkClient - [AdminClient clientId=adminclient-16] Node -1 disconnected.
[kafka-admin-client-thread | adminclient-16] WARN org.apache.kafka.clients.NetworkClient - [AdminClient clientId=adminclient-16] Connection to node -1 (localhost/127.0.0.1:9092) could not be established. Broker may not be available.
[kafka-admin-client-thread | adminclient-12] INFO org.apache.kafka.clients.NetworkClient - [AdminClient clientId=adminclient-12] Node -1 disconnected.
[kafka-admin-client-thread | adminclient-12] WARN org.apache.kafka.clients.NetworkClient - [AdminClient clientId=adminclient-12] Connection to node -1 (localhost/127.0.0.1:9092) could not be established. Broker may not be available.
[kafka-admin-client-thread | adminclient-25] INFO org.apache.kafka.clients.NetworkClient - [AdminClient clientId=adminclient-25] Node -1 disconnected.
[kafka-admin-client-thread | adminclient-25] WARN org.apache.kafka.clients.NetworkClient - [AdminClient clientId=adminclient-25] Connection to node -1 (localhost/127.0.0.1:9092) could not be established. Broker may not be available.
[kafka-admin-client-thread | adminclient-22] INFO org.apache.kafka.clients.NetworkClient - [AdminClient clientId=adminclient-22] Node -1 disconnected.
[kafka-admin-client-thread | adminclient-22] WARN org.apache.kafka.clients.NetworkClient - [AdminClient clientId=adminclient-22] Connection to node -1 (localhost/127.0.0.1:9092) could not be established. Broker may not be available.
[kafka-admin-client-thread | adminclient-28] INFO org.apache.kafka.clients.NetworkClient - [AdminClient clientId=adminclient-28] Node -1 disconnected.
[kafka-admin-client-thread | adminclient-28] WARN org.apache.kafka.clients.NetworkClient - [AdminClient clientId=adminclient-28] Connection to node -1 (localhost/127.0.0.1:9092) could not be established. Broker may not be available.
[kafka-admin-client-thread | adminclient-20] INFO org.apache.kafka.clients.NetworkClient - [AdminClient clientId=adminclient-20] Node -1 disconnected.
[kafka-admin-client-thread | adminclient-20] WARN org.apache.kafka.clients.NetworkClient - [AdminClient clientId=adminclient-20] Connection to node -1 (localhost/127.0.0.1:9092) could not be established. Broker may not be available.
[kafka-admin-client-thread | adminclient-17] INFO org.apache.kafka.clients.NetworkClient - [AdminClient clientId=adminclient-17] Node -1 disconnected.
[kafka-admin-client-thread | adminclient-17] WARN org.apache.kafka.clients.NetworkClient - [AdminClient clientId=adminclient-17] Connection to node -1 (localhost/127.0.0.1:9092) could not be established. Broker may not be available.
[kafka-admin-client-thread | adminclient-10] INFO org.apache.kafka.clients.NetworkClient - [AdminClient clientId=adminclient-10] Node -1 disconnected.
[kafka-admin-client-thread | adminclient-30] INFO org.apache.kafka.clients.NetworkClient - [AdminClient clientId=adminclient-30] Node -1 disconnected.
[kafka-admin-client-thread | adminclient-10] WARN org.apache.kafka.clients.NetworkClient - [AdminClient clientId=adminclient-10] Connection to node -1 (localhost/127.0.0.1:9092) could not be established. Broker may not be available.
[kafka-admin-client-thread | adminclient-30] WARN org.apache.kafka.clients.NetworkClient - [AdminClient clientId=adminclient-30] Connection to node -1 (localhost/127.0.0.1:9092) could not be established. Broker may not be available.
[kafka-admin-client-thread | adminclient-18] INFO org.apache.kafka.clients.NetworkClient - [AdminClient clientId=adminclient-18] Node -1 disconnected.
[kafka-admin-client-thread | adminclient-2] INFO org.apache.kafka.clients.NetworkClient - [AdminClient clientId=adminclient-2] Node -1 disconnected.
[kafka-admin-client-thread | adminclient-18] WARN org.apache.kafka.clients.NetworkClient - [AdminClient clientId=adminclient-18] Connection to node -1 (localhost/127.0.0.1:9092) could not be established. Broker may not be available.
[kafka-admin-client-thread | adminclient-2] WARN org.apache.kafka.clients.NetworkClient - [AdminClient clientId=adminclient-2] Connection to node -1 (localhost/127.0.0.1:9092) could not be established. Broker may not be available.
[kafka-admin-client-thread | adminclient-13] INFO org.apache.kafka.clients.NetworkClient - [AdminClient clientId=adminclient-13] Node -1 disconnected.
[kafka-admin-client-thread | adminclient-11] INFO org.apache.kafka.clients.NetworkClient - [AdminClient clientId=adminclient-11] Node -1 disconnected.
[kafka-admin-client-thread | adminclient-13] WARN org.apache.kafka.clients.NetworkClient - [AdminClient clientId=adminclient-13] Connection to node -1 (localhost/127.0.0.1:9092) could not be established. Broker may not be available.
[kafka-admin-client-thread | adminclient-11] WARN org.apache.kafka.clients.NetworkClient - [AdminClient clientId=adminclient-11] Connection to node -1 (localhost/127.0.0.1:9092) could not be established. Broker may not be available.
[kafka-admin-client-thread | adminclient-1] INFO org.apache.kafka.clients.NetworkClient - [AdminClient clientId=adminclient-1] Node -1 disconnected.
[kafka-admin-client-thread | adminclient-1] WARN org.apache.kafka.clients.NetworkClient - [AdminClient clientId=adminclient-1] Connection to node -1 (localhost/127.0.0.1:9092) could not be established. Broker may not be available.
[kafka-admin-client-thread | adminclient-23] INFO org.apache.kafka.clients.NetworkClient - [AdminClient clientId=adminclient-23] Node -1 disconnected.
[kafka-admin-client-thread | adminclient-23] WARN org.apache.kafka.clients.NetworkClient - [AdminClient clientId=adminclient-23] Connection to node -1 (localhost/127.0.0.1:9092) could not be established. Broker may not be available.
[kafka-admin-client-thread | adminclient-14] INFO org.apache.kafka.clients.NetworkClient - [AdminClient clientId=adminclient-14] Node -1 disconnected.
[kafka-admin-client-thread | adminclient-14] WARN org.apache.kafka.clients.NetworkClient - [AdminClient clientId=adminclient-14] Connection to node -1 (localhost/127.0.0.1:9092) could not be established. Broker may not be available.
[kafka-admin-client-thread | adminclient-27] INFO org.apache.kafka.clients.NetworkClient - [AdminClient clientId=adminclient-27] Node -1 disconnected.
[kafka-admin-client-thread | adminclient-27] WARN org.apache.kafka.clients.NetworkClient - [AdminClient clientId=adminclient-27] Connection to node -1 (localhost/127.0.0.1:9092) could not be established. Broker may not be available.
[kafka-admin-client-thread | adminclient-26] INFO org.apache.kafka.clients.NetworkClient - [AdminClient clientId=adminclient-26] Node -1 disconnected.
[kafka-admin-client-thread | adminclient-3] INFO org.apache.kafka.clients.NetworkClient - [AdminClient clientId=adminclient-3] Node -1 disconnected.
[kafka-admin-client-thread | adminclient-3] WARN org.apache.kafka.clients.NetworkClient - [AdminClient clientId=adminclient-3] Connection to node -1 (localhost/127.0.0.1:9092) could not be established. Broker may not be available.
[kafka-admin-client-thread | adminclient-26] WARN org.apache.kafka.clients.NetworkClient - [AdminClient clientId=adminclient-26] Connection to node -1 (localhost/127.0.0.1:9092) could not be established. Broker may not be available.
[kafka-admin-client-thread | adminclient-29] INFO org.apache.kafka.clients.NetworkClient - [AdminClient clientId=adminclient-29] Node -1 disconnected.
[kafka-admin-client-thread | adminclient-29] WARN org.apache.kafka.clients.NetworkClient - [AdminClient clientId=adminclient-29] Connection to node -1 (localhost/127.0.0.1:9092) could not be established. Broker may not be available.
[kafka-admin-client-thread | adminclient-24] INFO org.apache.kafka.clients.NetworkClient - [AdminClient clientId=adminclient-24] Node -1 disconnected.
[kafka-admin-client-thread | adminclient-24] WARN org.apache.kafka.clients.NetworkClient - [AdminClient clientId=adminclient-24] Connection to node -1 (localhost/127.0.0.1:9092) could not be established. Broker may not be available.
[kafka-admin-client-thread | adminclient-8] INFO org.apache.kafka.clients.NetworkClient - [AdminClient clientId=adminclient-8] Node -1 disconnected.
[kafka-admin-client-thread | adminclient-8] WARN org.apache.kafka.clients.NetworkClient - [AdminClient clientId=adminclient-8] Connection to node -1 (localhost/127.0.0.1:9092) could not be established. Broker may not be available.
[kafka-admin-client-thread | adminclient-19] INFO org.apache.kafka.clients.NetworkClient - [AdminClient clientId=adminclient-19] Node -1 disconnected.
[kafka-admin-client-thread | adminclient-19] WARN org.apache.kafka.clients.NetworkClient - [AdminClient clientId=adminclient-19] Connection to node -1 (localhost/127.0.0.1:9092) could not be established. Broker may not be available.
[kafka-admin-client-thread | adminclient-7] INFO org.apache.kafka.clients.NetworkClient - [AdminClient clientId=adminclient-7] Node -1 disconnected.
[kafka-admin-client-thread | adminclient-7] WARN org.apache.kafka.clients.NetworkClient - [AdminClient clientId=adminclient-7] Connection to node -1 (localhost/127.0.0.1:9092) could not be established. Broker may not be available.
[kafka-admin-client-thread | adminclient-9] INFO org.apache.kafka.clients.NetworkClient - [AdminClient clientId=adminclient-9] Node -1 disconnected.
[kafka-admin-client-thread | adminclient-4] INFO org.apache.kafka.clients.NetworkClient - [AdminClient clientId=adminclient-4] Node -1 disconnected.
[kafka-admin-client-thread | adminclient-9] WARN org.apache.kafka.clients.NetworkClient - [AdminClient clientId=adminclient-9] Connection to node -1 (localhost/127.0.0.1:9092) could not be established. Broker may not be available.
[kafka-admin-client-thread | adminclient-4] WARN org.apache.kafka.clients.NetworkClient - [AdminClient clientId=adminclient-4] Connection to node -1 (localhost/127.0.0.1:9092) could not be established. Broker may not be available.
[kafka-admin-client-thread | adminclient-25] INFO org.apache.kafka.clients.NetworkClient - [AdminClient clientId=adminclient-25] Node -1 disconnected.
[kafka-admin-client-thread | adminclient-25] WARN org.apache.kafka.clients.NetworkClient - [AdminClient clientId=adminclient-25] Connection to node -1 (localhost/127.0.0.1:9092) could not be established. Broker may not be available.
[kafka-admin-client-thread | adminclient-21] INFO org.apache.kafka.clients.NetworkClient - [AdminClient clientId=adminclient-21] Node -1 disconnected.
[kafka-admin-client-thread | adminclient-21] WARN org.apache.kafka.clients.NetworkClient - [AdminClient clientId=adminclient-21] Connection to node -1 (localhost/127.0.0.1:9092) could not be established. Broker may not be available.
[kafka-admin-client-thread | adminclient-12] INFO org.apache.kafka.clients.NetworkClient - [AdminClient clientId=adminclient-12] Node -1 disconnected.
[kafka-admin-client-thread | adminclient-12] WARN org.apache.kafka.clients.NetworkClient - [AdminClient clientId=adminclient-12] Connection to node -1 (localhost/127.0.0.1:9092) could not be established. Broker may not be available.
[kafka-admin-client-thread | adminclient-16] INFO org.apache.kafka.clients.NetworkClient - [AdminClient clientId=adminclient-16] Node -1 disconnected.
[kafka-admin-client-thread | adminclient-16] WARN org.apache.kafka.clients.NetworkClient - [AdminClient clientId=adminclient-16] Connection to node -1 (localhost/127.0.0.1:9092) could not be established. Broker may not be available.
[kafka-admin-client-thread | adminclient-28] INFO org.apache.kafka.clients.NetworkClient - [AdminClient clientId=adminclient-28] Node -1 disconnected.
[kafka-admin-client-thread | adminclient-28] WARN org.apache.kafka.clients.NetworkClient - [AdminClient clientId=adminclient-28] Connection to node -1 (localhost/127.0.0.1:9092) could not be established. Broker may not be available.
[kafka-admin-client-thread | adminclient-15] INFO org.apache.kafka.clients.NetworkClient - [AdminClient clientId=adminclient-15] Node -1 disconnected.
[kafka-admin-client-thread | adminclient-15] WARN org.apache.kafka.clients.NetworkClient - [AdminClient clientId=adminclient-15] Connection to node -1 (localhost/127.0.0.1:9092) could not be established. Broker may not be available.
[kafka-admin-client-thread | adminclient-20] INFO org.apache.kafka.clients.NetworkClient - [AdminClient clientId=adminclient-20] Node -1 disconnected.
[kafka-admin-client-thread | adminclient-22] INFO org.apache.kafka.clients.NetworkClient - [AdminClient clientId=adminclient-22] Node -1 disconnected.
[kafka-admin-client-thread | adminclient-20] WARN org.apache.kafka.clients.NetworkClient - [AdminClient clientId=adminclient-20] Connection to node -1 (localhost/127.0.0.1:9092) could not be established. Broker may not be available.
[kafka-admin-client-thread | adminclient-22] WARN org.apache.kafka.clients.NetworkClient - [AdminClient clientId=adminclient-22] Connection to node -1 (localhost/127.0.0.1:9092) could not be established. Broker may not be available.
[kafka-admin-client-thread | adminclient-18] INFO org.apache.kafka.clients.NetworkClient - [AdminClient clientId=adminclient-18] Node -1 disconnected.
[kafka-admin-client-thread | adminclient-11] INFO org.apache.kafka.clients.NetworkClient - [AdminClient clientId=adminclient-11] Node -1 disconnected.
[kafka-admin-client-thread | adminclient-11] WARN org.apache.kafka.clients.NetworkClient - [AdminClient clientId=adminclient-11] Connection to node -1 (localhost/127.0.0.1:9092) could not be established. Broker may not be available.
[kafka-admin-client-thread | adminclient-18] WARN org.apache.kafka.clients.NetworkClient - [AdminClient clientId=adminclient-18] Connection to node -1 (localhost/127.0.0.1:9092) could not be established. Broker may not be available.
[kafka-admin-client-thread | adminclient-17] INFO org.apache.kafka.clients.NetworkClient - [AdminClient clientId=adminclient-17] Node -1 disconnected.
[kafka-admin-client-thread | adminclient-17] WARN org.apache.kafka.clients.NetworkClient - [AdminClient clientId=adminclient-17] Connection to node -1 (localhost/127.0.0.1:9092) could not be established. Broker may not be available.
[kafka-admin-client-thread | adminclient-2] INFO org.apache.kafka.clients.NetworkClient - [AdminClient clientId=adminclient-2] Node -1 disconnected.
[kafka-admin-client-thread | adminclient-2] WARN org.apache.kafka.clients.NetworkClient - [AdminClient clientId=adminclient-2] Connection to node -1 (localhost/127.0.0.1:9092) could not be established. Broker may not be available.
[kafka-admin-client-thread | adminclient-30] INFO org.apache.kafka.clients.NetworkClient - [AdminClient clientId=adminclient-30] Node -1 disconnected.
[kafka-admin-client-thread | adminclient-30] WARN org.apache.kafka.clients.NetworkClient - [AdminClient clientId=adminclient-30] Connection to node -1 (localhost/127.0.0.1:9092) could not be established. Broker may not be available.
[kafka-admin-client-thread | adminclient-1] INFO org.apache.kafka.clients.NetworkClient - [AdminClient clientId=adminclient-1] Node -1 disconnected.
[kafka-admin-client-thread | adminclient-1] WARN org.apache.kafka.clients.NetworkClient - [AdminClient clientId=adminclient-1] Connection to node -1 (localhost/127.0.0.1:9092) could not be established. Broker may not be available.
[kafka-admin-client-thread | adminclient-10] INFO org.apache.kafka.clients.NetworkClient - [AdminClient clientId=adminclient-10] Node -1 disconnected.
[kafka-admin-client-thread | adminclient-26] INFO org.apache.kafka.clients.NetworkClient - [AdminClient clientId=adminclient-26] Node -1 disconnected.
[kafka-admin-client-thread | adminclient-26] WARN org.apache.kafka.clients.NetworkClient - [AdminClient clientId=adminclient-26] Connection to node -1 (localhost/127.0.0.1:9092) could not be established. Broker may not be available.
[kafka-admin-client-thread | adminclient-3] INFO org.apache.kafka.clients.NetworkClient - [AdminClient clientId=adminclient-3] Node -1 disconnected.
[kafka-admin-client-thread | adminclient-10] WARN org.apache.kafka.clients.NetworkClient - [AdminClient clientId=adminclient-10] Connection to node -1 (localhost/127.0.0.1:9092) could not be established. Broker may not be available.
[kafka-admin-client-thread | adminclient-3] WARN org.apache.kafka.clients.NetworkClient - [AdminClient clientId=adminclient-3] Connection to node -1 (localhost/127.0.0.1:9092) could not be established. Broker may not be available.
[kafka-admin-client-thread | adminclient-13] INFO org.apache.kafka.clients.NetworkClient - [AdminClient clientId=adminclient-13] Node -1 disconnected.
[kafka-admin-client-thread | adminclient-13] WARN org.apache.kafka.clients.NetworkClient - [AdminClient clientId=adminclient-13] Connection to node -1 (localhost/127.0.0.1:9092) could not be established. Broker may not be available.
[kafka-admin-client-thread | adminclient-23] INFO org.apache.kafka.clients.NetworkClient - [AdminClient clientId=adminclient-23] Node -1 disconnected.
[kafka-admin-client-thread | adminclient-23] WARN org.apache.kafka.clients.NetworkClient - [AdminClient clientId=adminclient-23] Connection to node -1 (localhost/127.0.0.1:9092) could not be established. Broker may not be available.
[kafka-admin-client-thread | adminclient-14] INFO org.apache.kafka.clients.NetworkClient - [AdminClient clientId=adminclient-14] Node -1 disconnected.
[kafka-admin-client-thread | adminclient-14] WARN org.apache.kafka.clients.NetworkClient - [AdminClient clientId=adminclient-14] Connection to node -1 (localhost/127.0.0.1:9092) could not be established. Broker may not be available.
[kafka-admin-client-thread | adminclient-27] INFO org.apache.kafka.clients.NetworkClient - [AdminClient clientId=adminclient-27] Node -1 disconnected.
[kafka-admin-client-thread | adminclient-27] WARN org.apache.kafka.clients.NetworkClient - [AdminClient clientId=adminclient-27] Connection to node -1 (localhost/127.0.0.1:9092) could not be established. Broker may not be available.
[kafka-admin-client-thread | adminclient-19] INFO org.apache.kafka.clients.NetworkClient - [AdminClient clientId=adminclient-19] Node -1 disconnected.
[kafka-admin-client-thread | adminclient-19] WARN org.apache.kafka.clients.NetworkClient - [AdminClient clientId=adminclient-19] Connection to node -1 (localhost/127.0.0.1:9092) could not be established. Broker may not be available.
[kafka-admin-client-thread | adminclient-8] INFO org.apache.kafka.clients.NetworkClient - [AdminClient clientId=adminclient-8] Node -1 disconnected.
[kafka-admin-client-thread | adminclient-8] WARN org.apache.kafka.clients.NetworkClient - [AdminClient clientId=adminclient-8] Connection to node -1 (localhost/127.0.0.1:9092) could not be established. Broker may not be available.
[kafka-admin-client-thread | adminclient-29] INFO org.apache.kafka.clients.NetworkClient - [AdminClient clientId=adminclient-29] Node -1 disconnected.
[kafka-admin-client-thread | adminclient-29] WARN org.apache.kafka.clients.NetworkClient - [AdminClient clientId=adminclient-29] Connection to node -1 (localhost/127.0.0.1:9092) could not be established. Broker may not be available.
[kafka-admin-client-thread | adminclient-24] INFO org.apache.kafka.clients.NetworkClient - [AdminClient clientId=adminclient-24] Node -1 disconnected.
[kafka-admin-client-thread | adminclient-9] INFO org.apache.kafka.clients.NetworkClient - [AdminClient clientId=adminclient-9] Node -1 disconnected.
[kafka-admin-client-thread | adminclient-24] WARN org.apache.kafka.clients.NetworkClient - [AdminClient clientId=adminclient-24] Connection to node -1 (localhost/127.0.0.1:9092) could not be established. Broker may not be available.
[kafka-admin-client-thread | adminclient-9] WARN org.apache.kafka.clients.NetworkClient - [AdminClient clientId=adminclient-9] Connection to node -1 (localhost/127.0.0.1:9092) could not be established. Broker may not be available.
[kafka-admin-client-thread | adminclient-16] INFO org.apache.kafka.clients.NetworkClient - [AdminClient clientId=adminclient-16] Node -1 disconnected.
[kafka-admin-client-thread | adminclient-16] WARN org.apache.kafka.clients.NetworkClient - [AdminClient clientId=adminclient-16] Connection to node -1 (localhost/127.0.0.1:9092) could not be established. Broker may not be available.
[kafka-admin-client-thread | adminclient-25] INFO org.apache.kafka.clients.NetworkClient - [AdminClient clientId=adminclient-25] Node -1 disconnected.
[kafka-admin-client-thread | adminclient-25] WARN org.apache.kafka.clients.NetworkClient - [AdminClient clientId=adminclient-25] Connection to node -1 (localhost/127.0.0.1:9092) could not be established. Broker may not be available.
[kafka-admin-client-thread | adminclient-12] INFO org.apache.kafka.clients.NetworkClient - [AdminClient clientId=adminclient-12] Node -1 disconnected.
[kafka-admin-client-thread | adminclient-12] WARN org.apache.kafka.clients.NetworkClient - [AdminClient clientId=adminclient-12] Connection to node -1 (localhost/127.0.0.1:9092) could not be established. Broker may not be available.
[kafka-admin-client-thread | adminclient-7] INFO org.apache.kafka.clients.NetworkClient - [AdminClient clientId=adminclient-7] Node -1 disconnected.
[kafka-admin-client-thread | adminclient-7] WARN org.apache.kafka.clients.NetworkClient - [AdminClient clientId=adminclient-7] Connection to node -1 (localhost/127.0.0.1:9092) could not be established. Broker may not be available.
[kafka-admin-client-thread | adminclient-21] INFO org.apache.kafka.clients.NetworkClient - [AdminClient clientId=adminclient-21] Node -1 disconnected.
[kafka-admin-client-thread | adminclient-21] WARN org.apache.kafka.clients.NetworkClient - [AdminClient clientId=adminclient-21] Connection to node -1 (localhost/127.0.0.1:9092) could not be established. Broker may not be available.
[kafka-admin-client-thread | adminclient-28] INFO org.apache.kafka.clients.NetworkClient - [AdminClient clientId=adminclient-28] Node -1 disconnected.
[kafka-admin-client-thread | adminclient-28] WARN org.apache.kafka.clients.NetworkClient - [AdminClient clientId=adminclient-28] Connection to node -1 (localhost/127.0.0.1:9092) could not be established. Broker may not be available.
[kafka-admin-client-thread | adminclient-4] INFO org.apache.kafka.clients.NetworkClient - [AdminClient clientId=adminclient-4] Node -1 disconnected.
[kafka-admin-client-thread | adminclient-4] WARN org.apache.kafka.clients.NetworkClient - [AdminClient clientId=adminclient-4] Connection to node -1 (localhost/127.0.0.1:9092) could not be established. Broker may not be available.
[kafka-admin-client-thread | adminclient-15] INFO org.apache.kafka.clients.NetworkClient - [AdminClient clientId=adminclient-15] Node -1 disconnected.
[kafka-admin-client-thread | adminclient-15] WARN org.apache.kafka.clients.NetworkClient - [AdminClient clientId=adminclient-15] Connection to node -1 (localhost/127.0.0.1:9092) could not be established. Broker may not be available.
[kafka-admin-client-thread | adminclient-17] INFO org.apache.kafka.clients.NetworkClient - [AdminClient clientId=adminclient-17] Node -1 disconnected.
[kafka-admin-client-thread | adminclient-17] WARN org.apache.kafka.clients.NetworkClient - [AdminClient clientId=adminclient-17] Connection to node -1 (localhost/127.0.0.1:9092) could not be established. Broker may not be available.
[kafka-admin-client-thread | adminclient-20] INFO org.apache.kafka.clients.NetworkClient - [AdminClient clientId=adminclient-20] Node -1 disconnected.
[kafka-admin-client-thread | adminclient-20] WARN org.apache.kafka.clients.NetworkClient - [AdminClient clientId=adminclient-20] Connection to node -1 (localhost/127.0.0.1:9092) could not be established. Broker may not be available.
[kafka-admin-client-thread | adminclient-11] INFO org.apache.kafka.clients.NetworkClient - [AdminClient clientId=adminclient-11] Node -1 disconnected.
[kafka-admin-client-thread | adminclient-11] WARN org.apache.kafka.clients.NetworkClient - [AdminClient clientId=adminclient-11] Connection to node -1 (localhost/127.0.0.1:9092) could not be established. Broker may not be available.
[kafka-admin-client-thread | adminclient-22] INFO org.apache.kafka.clients.NetworkClient - [AdminClient clientId=adminclient-22] Node -1 disconnected.
[kafka-admin-client-thread | adminclient-22] WARN org.apache.kafka.clients.NetworkClient - [AdminClient clientId=adminclient-22] Connection to node -1 (localhost/127.0.0.1:9092) could not be established. Broker may not be available.
[kafka-admin-client-thread | adminclient-2] INFO org.apache.kafka.clients.NetworkClient - [AdminClient clientId=adminclient-2] Node -1 disconnected.
[kafka-admin-client-thread | adminclient-18] INFO org.apache.kafka.clients.NetworkClient - [AdminClient clientId=adminclient-18] Node -1 disconnected.
[kafka-admin-client-thread | adminclient-2] WARN org.apache.kafka.clients.NetworkClient - [AdminClient clientId=adminclient-2] Connection to node -1 (localhost/127.0.0.1:9092) could not be established. Broker may not be available.
[kafka-admin-client-thread | adminclient-18] WARN org.apache.kafka.clients.NetworkClient - [AdminClient clientId=adminclient-18] Connection to node -1 (localhost/127.0.0.1:9092) could not be established. Broker may not be available.
[kafka-admin-client-thread | adminclient-1] INFO org.apache.kafka.clients.NetworkClient - [AdminClient clientId=adminclient-1] Node -1 disconnected.
[kafka-admin-client-thread | adminclient-1] WARN org.apache.kafka.clients.NetworkClient - [AdminClient clientId=adminclient-1] Connection to node -1 (localhost/127.0.0.1:9092) could not be established. Broker may not be available.
[kafka-admin-client-thread | adminclient-3] INFO org.apache.kafka.clients.NetworkClient - [AdminClient clientId=adminclient-3] Node -1 disconnected.
[kafka-admin-client-thread | adminclient-3] WARN org.apache.kafka.clients.NetworkClient - [AdminClient clientId=adminclient-3] Connection to node -1 (localhost/127.0.0.1:9092) could not be established. Broker may not be available.
[kafka-admin-client-thread | adminclient-19] INFO org.apache.kafka.clients.NetworkClient - [AdminClient clientId=adminclient-19] Node -1 disconnected.
[kafka-admin-client-thread | adminclient-19] WARN org.apache.kafka.clients.NetworkClient - [AdminClient clientId=adminclient-19] Connection to node -1 (localhost/127.0.0.1:9092) could not be established. Broker may not be available.
[kafka-admin-client-thread | adminclient-30] INFO org.apache.kafka.clients.NetworkClient - [AdminClient clientId=adminclient-30] Node -1 disconnected.
[kafka-admin-client-thread | adminclient-30] WARN org.apache.kafka.clients.NetworkClient - [AdminClient clientId=adminclient-30] Connection to node -1 (localhost/127.0.0.1:9092) could not be established. Broker may not be available.
[kafka-admin-client-thread | adminclient-29] INFO org.apache.kafka.clients.NetworkClient - [AdminClient clientId=adminclient-29] Node -1 disconnected.
[kafka-admin-client-thread | adminclient-29] WARN org.apache.kafka.clients.NetworkClient - [AdminClient clientId=adminclient-29] Connection to node -1 (localhost/127.0.0.1:9092) could not be established. Broker may not be available.
[kafka-admin-client-thread | adminclient-14] INFO org.apache.kafka.clients.NetworkClient - [AdminClient clientId=adminclient-14] Node -1 disconnected.
[kafka-admin-client-thread | adminclient-13] INFO org.apache.kafka.clients.NetworkClient - [AdminClient clientId=adminclient-13] Node -1 disconnected.
[kafka-admin-client-thread | adminclient-13] WARN org.apache.kafka.clients.NetworkClient - [AdminClient clientId=adminclient-13] Connection to node -1 (localhost/127.0.0.1:9092) could not be established. Broker may not be available.
[kafka-admin-client-thread | adminclient-14] WARN org.apache.kafka.clients.NetworkClient - [AdminClient clientId=adminclient-14] Connection to node -1 (localhost/127.0.0.1:9092) could not be established. Broker may not be available.
[kafka-admin-client-thread | adminclient-8] INFO org.apache.kafka.clients.NetworkClient - [AdminClient clientId=adminclient-8] Node -1 disconnected.
[kafka-admin-client-thread | adminclient-8] WARN org.apache.kafka.clients.NetworkClient - [AdminClient clientId=adminclient-8] Connection to node -1 (localhost/127.0.0.1:9092) could not be established. Broker may not be available.
[kafka-admin-client-thread | adminclient-23] INFO org.apache.kafka.clients.NetworkClient - [AdminClient clientId=adminclient-23] Node -1 disconnected.
[kafka-admin-client-thread | adminclient-26] INFO org.apache.kafka.clients.NetworkClient - [AdminClient clientId=adminclient-26] Node -1 disconnected.
[kafka-admin-client-thread | adminclient-23] WARN org.apache.kafka.clients.NetworkClient - [AdminClient clientId=adminclient-23] Connection to node -1 (localhost/127.0.0.1:9092) could not be established. Broker may not be available.
[kafka-admin-client-thread | adminclient-26] WARN org.apache.kafka.clients.NetworkClient - [AdminClient clientId=adminclient-26] Connection to node -1 (localhost/127.0.0.1:9092) could not be established. Broker may not be available.
[kafka-admin-client-thread | adminclient-10] INFO org.apache.kafka.clients.NetworkClient - [AdminClient clientId=adminclient-10] Node -1 disconnected.
[kafka-admin-client-thread | adminclient-10] WARN org.apache.kafka.clients.NetworkClient - [AdminClient clientId=adminclient-10] Connection to node -1 (localhost/127.0.0.1:9092) could not be established. Broker may not be available.
[kafka-admin-client-thread | adminclient-27] INFO org.apache.kafka.clients.NetworkClient - [AdminClient clientId=adminclient-27] Node -1 disconnected.
[kafka-admin-client-thread | adminclient-27] WARN org.apache.kafka.clients.NetworkClient - [AdminClient clientId=adminclient-27] Connection to node -1 (localhost/127.0.0.1:9092) could not be established. Broker may not be available.
[kafka-admin-client-thread | adminclient-25] INFO org.apache.kafka.clients.NetworkClient - [AdminClient clientId=adminclient-25] Node -1 disconnected.
[kafka-admin-client-thread | adminclient-24] INFO org.apache.kafka.clients.NetworkClient - [AdminClient clientId=adminclient-24] Node -1 disconnected.
[kafka-admin-client-thread | adminclient-25] WARN org.apache.kafka.clients.NetworkClient - [AdminClient clientId=adminclient-25] Connection to node -1 (localhost/127.0.0.1:9092) could not be established. Broker may not be available.
[kafka-admin-client-thread | adminclient-24] WARN org.apache.kafka.clients.NetworkClient - [AdminClient clientId=adminclient-24] Connection to node -1 (localhost/127.0.0.1:9092) could not be established. Broker may not be available.
[kafka-admin-client-thread | adminclient-12] INFO org.apache.kafka.clients.NetworkClient - [AdminClient clientId=adminclient-12] Node -1 disconnected.
[kafka-admin-client-thread | adminclient-12] WARN org.apache.kafka.clients.NetworkClient - [AdminClient clientId=adminclient-12] Connection to node -1 (localhost/127.0.0.1:9092) could not be established. Broker may not be available.
[kafka-admin-client-thread | adminclient-16] INFO org.apache.kafka.clients.NetworkClient - [AdminClient clientId=adminclient-16] Node -1 disconnected.
[kafka-admin-client-thread | adminclient-16] WARN org.apache.kafka.clients.NetworkClient - [AdminClient clientId=adminclient-16] Connection to node -1 (localhost/127.0.0.1:9092) could not be established. Broker may not be available.
[kafka-admin-client-thread | adminclient-4] INFO org.apache.kafka.clients.NetworkClient - [AdminClient clientId=adminclient-4] Node -1 disconnected.
[kafka-admin-client-thread | adminclient-21] INFO org.apache.kafka.clients.NetworkClient - [AdminClient clientId=adminclient-21] Node -1 disconnected.
[kafka-admin-client-thread | adminclient-21] WARN org.apache.kafka.clients.NetworkClient - [AdminClient clientId=adminclient-21] Connection to node -1 (localhost/127.0.0.1:9092) could not be established. Broker may not be available.
[kafka-admin-client-thread | adminclient-4] WARN org.apache.kafka.clients.NetworkClient - [AdminClient clientId=adminclient-4] Connection to node -1 (localhost/127.0.0.1:9092) could not be established. Broker may not be available.
[kafka-admin-client-thread | adminclient-9] INFO org.apache.kafka.clients.NetworkClient - [AdminClient clientId=adminclient-9] Node -1 disconnected.
[kafka-admin-client-thread | adminclient-9] WARN org.apache.kafka.clients.NetworkClient - [AdminClient clientId=adminclient-9] Connection to node -1 (localhost/127.0.0.1:9092) could not be established. Broker may not be available.
[kafka-admin-client-thread | adminclient-7] INFO org.apache.kafka.clients.NetworkClient - [AdminClient clientId=adminclient-7] Node -1 disconnected.
[kafka-admin-client-thread | adminclient-7] WARN org.apache.kafka.clients.NetworkClient - [AdminClient clientId=adminclient-7] Connection to node -1 (localhost/127.0.0.1:9092) could not be established. Broker may not be available.
[kafka-admin-client-thread | adminclient-28] INFO org.apache.kafka.clients.NetworkClient - [AdminClient clientId=adminclient-28] Node -1 disconnected.
[kafka-admin-client-thread | adminclient-28] WARN org.apache.kafka.clients.NetworkClient - [AdminClient clientId=adminclient-28] Connection to node -1 (localhost/127.0.0.1:9092) could not be established. Broker may not be available.
[kafka-admin-client-thread | adminclient-17] INFO org.apache.kafka.clients.NetworkClient - [AdminClient clientId=adminclient-17] Node -1 disconnected.
[kafka-admin-client-thread | adminclient-17] WARN org.apache.kafka.clients.NetworkClient - [AdminClient clientId=adminclient-17] Connection to node -1 (localhost/127.0.0.1:9092) could not be established. Broker may not be available.
[kafka-admin-client-thread | adminclient-22] INFO org.apache.kafka.clients.NetworkClient - [AdminClient clientId=adminclient-22] Node -1 disconnected.
[kafka-admin-client-thread | adminclient-22] WARN org.apache.kafka.clients.NetworkClient - [AdminClient clientId=adminclient-22] Connection to node -1 (localhost/127.0.0.1:9092) could not be established. Broker may not be available.
[kafka-admin-client-thread | adminclient-15] INFO org.apache.kafka.clients.NetworkClient - [AdminClient clientId=adminclient-15] Node -1 disconnected.
[kafka-admin-client-thread | adminclient-15] WARN org.apache.kafka.clients.NetworkClient - [AdminClient clientId=adminclient-15] Connection to node -1 (localhost/127.0.0.1:9092) could not be established. Broker may not be available.
[kafka-admin-client-thread | adminclient-20] INFO org.apache.kafka.clients.NetworkClient - [AdminClient clientId=adminclient-20] Node -1 disconnected.
[kafka-admin-client-thread | adminclient-20] WARN org.apache.kafka.clients.NetworkClient - [AdminClient clientId=adminclient-20] Connection to node -1 (localhost/127.0.0.1:9092) could not be established. Broker may not be available.
[kafka-admin-client-thread | adminclient-11] INFO org.apache.kafka.clients.NetworkClient - [AdminClient clientId=adminclient-11] Node -1 disconnected.
[kafka-admin-client-thread | adminclient-11] WARN org.apache.kafka.clients.NetworkClient - [AdminClient clientId=adminclient-11] Connection to node -1 (localhost/127.0.0.1:9092) could not be established. Broker may not be available.
[kafka-admin-client-thread | adminclient-14] INFO org.apache.kafka.clients.NetworkClient - [AdminClient clientId=adminclient-14] Node -1 disconnected.
[kafka-admin-client-thread | adminclient-14] WARN org.apache.kafka.clients.NetworkClient - [AdminClient clientId=adminclient-14] Connection to node -1 (localhost/127.0.0.1:9092) could not be established. Broker may not be available.
[kafka-admin-client-thread | adminclient-3] INFO org.apache.kafka.clients.NetworkClient - [AdminClient clientId=adminclient-3] Node -1 disconnected.
[kafka-admin-client-thread | adminclient-3] WARN org.apache.kafka.clients.NetworkClient - [AdminClient clientId=adminclient-3] Connection to node -1 (localhost/127.0.0.1:9092) could not be established. Broker may not be available.
[kafka-admin-client-thread | adminclient-18] INFO org.apache.kafka.clients.NetworkClient - [AdminClient clientId=adminclient-18] Node -1 disconnected.
[kafka-admin-client-thread | adminclient-2] INFO org.apache.kafka.clients.NetworkClient - [AdminClient clientId=adminclient-2] Node -1 disconnected.
[kafka-admin-client-thread | adminclient-18] WARN org.apache.kafka.clients.NetworkClient - [AdminClient clientId=adminclient-18] Connection to node -1 (localhost/127.0.0.1:9092) could not be established. Broker may not be available.
[kafka-admin-client-thread | adminclient-2] WARN org.apache.kafka.clients.NetworkClient - [AdminClient clientId=adminclient-2] Connection to node -1 (localhost/127.0.0.1:9092) could not be established. Broker may not be available.
[kafka-admin-client-thread | adminclient-8] INFO org.apache.kafka.clients.NetworkClient - [AdminClient clientId=adminclient-8] Node -1 disconnected.
[kafka-admin-client-thread | adminclient-8] WARN org.apache.kafka.clients.NetworkClient - [AdminClient clientId=adminclient-8] Connection to node -1 (localhost/127.0.0.1:9092) could not be established. Broker may not be available.
[kafka-admin-client-thread | adminclient-1] INFO org.apache.kafka.clients.NetworkClient - [AdminClient clientId=adminclient-1] Node -1 disconnected.
[kafka-admin-client-thread | adminclient-1] WARN org.apache.kafka.clients.NetworkClient - [AdminClient clientId=adminclient-1] Connection to node -1 (localhost/127.0.0.1:9092) could not be established. Broker may not be available.
[kafka-admin-client-thread | adminclient-26] INFO org.apache.kafka.clients.NetworkClient - [AdminClient clientId=adminclient-26] Node -1 disconnected.
[kafka-admin-client-thread | adminclient-19] INFO org.apache.kafka.clients.NetworkClient - [AdminClient clientId=adminclient-19] Node -1 disconnected.
[kafka-admin-client-thread | adminclient-26] WARN org.apache.kafka.clients.NetworkClient - [AdminClient clientId=adminclient-26] Connection to node -1 (localhost/127.0.0.1:9092) could not be established. Broker may not be available.
[kafka-admin-client-thread | adminclient-19] WARN org.apache.kafka.clients.NetworkClient - [AdminClient clientId=adminclient-19] Connection to node -1 (localhost/127.0.0.1:9092) could not be established. Broker may not be available.
[kafka-admin-client-thread | adminclient-23] INFO org.apache.kafka.clients.NetworkClient - [AdminClient clientId=adminclient-23] Node -1 disconnected.
[kafka-admin-client-thread | adminclient-23] WARN org.apache.kafka.clients.NetworkClient - [AdminClient clientId=adminclient-23] Connection to node -1 (localhost/127.0.0.1:9092) could not be established. Broker may not be available.
[kafka-admin-client-thread | adminclient-10] INFO org.apache.kafka.clients.NetworkClient - [AdminClient clientId=adminclient-10] Node -1 disconnected.
[kafka-admin-client-thread | adminclient-25] INFO org.apache.kafka.clients.NetworkClient - [AdminClient clientId=adminclient-25] Node -1 disconnected.
[kafka-admin-client-thread | adminclient-10] WARN org.apache.kafka.clients.NetworkClient - [AdminClient clientId=adminclient-10] Connection to node -1 (localhost/127.0.0.1:9092) could not be established. Broker may not be available.
[kafka-admin-client-thread | adminclient-25] WARN org.apache.kafka.clients.NetworkClient - [AdminClient clientId=adminclient-25] Connection to node -1 (localhost/127.0.0.1:9092) could not be established. Broker may not be available.
[kafka-admin-client-thread | adminclient-24] INFO org.apache.kafka.clients.NetworkClient - [AdminClient clientId=adminclient-24] Node -1 disconnected.
[kafka-admin-client-thread | adminclient-24] WARN org.apache.kafka.clients.NetworkClient - [AdminClient clientId=adminclient-24] Connection to node -1 (localhost/127.0.0.1:9092) could not be established. Broker may not be available.
[kafka-admin-client-thread | adminclient-30] INFO org.apache.kafka.clients.NetworkClient - [AdminClient clientId=adminclient-30] Node -1 disconnected.
[kafka-admin-client-thread | adminclient-30] WARN org.apache.kafka.clients.NetworkClient - [AdminClient clientId=adminclient-30] Connection to node -1 (localhost/127.0.0.1:9092) could not be established. Broker may not be available.
[kafka-admin-client-thread | adminclient-27] INFO org.apache.kafka.clients.NetworkClient - [AdminClient clientId=adminclient-27] Node -1 disconnected.
[kafka-admin-client-thread | adminclient-27] WARN org.apache.kafka.clients.NetworkClient - [AdminClient clientId=adminclient-27] Connection to node -1 (localhost/127.0.0.1:9092) could not be established. Broker may not be available.
[kafka-admin-client-thread | adminclient-16] INFO org.apache.kafka.clients.NetworkClient - [AdminClient clientId=adminclient-16] Node -1 disconnected.
[kafka-admin-client-thread | adminclient-29] INFO org.apache.kafka.clients.NetworkClient - [AdminClient clientId=adminclient-29] Node -1 disconnected.
[kafka-admin-client-thread | adminclient-16] WARN org.apache.kafka.clients.NetworkClient - [AdminClient clientId=adminclient-16] Connection to node -1 (localhost/127.0.0.1:9092) could not be established. Broker may not be available.
[kafka-admin-client-thread | adminclient-29] WARN org.apache.kafka.clients.NetworkClient - [AdminClient clientId=adminclient-29] Connection to node -1 (localhost/127.0.0.1:9092) could not be established. Broker may not be available.
[kafka-admin-client-thread | adminclient-13] INFO org.apache.kafka.clients.NetworkClient - [AdminClient clientId=adminclient-13] Node -1 disconnected.
[kafka-admin-client-thread | adminclient-12] INFO org.apache.kafka.clients.NetworkClient - [AdminClient clientId=adminclient-12] Node -1 disconnected.
[kafka-admin-client-thread | adminclient-13] WARN org.apache.kafka.clients.NetworkClient - [AdminClient clientId=adminclient-13] Connection to node -1 (localhost/127.0.0.1:9092) could not be established. Broker may not be available.
[kafka-admin-client-thread | adminclient-12] WARN org.apache.kafka.clients.NetworkClient - [AdminClient clientId=adminclient-12] Connection to node -1 (localhost/127.0.0.1:9092) could not be established. Broker may not be available.
[kafka-admin-client-thread | adminclient-9] INFO org.apache.kafka.clients.NetworkClient - [AdminClient clientId=adminclient-9] Node -1 disconnected.
[kafka-admin-client-thread | adminclient-9] WARN org.apache.kafka.clients.NetworkClient - [AdminClient clientId=adminclient-9] Connection to node -1 (localhost/127.0.0.1:9092) could not be established. Broker may not be available.
[kafka-admin-client-thread | adminclient-4] INFO org.apache.kafka.clients.NetworkClient - [AdminClient clientId=adminclient-4] Node -1 disconnected.
[kafka-admin-client-thread | adminclient-22] INFO org.apache.kafka.clients.NetworkClient - [AdminClient clientId=adminclient-22] Node -1 disconnected.
[kafka-admin-client-thread | adminclient-22] WARN org.apache.kafka.clients.NetworkClient - [AdminClient clientId=adminclient-22] Connection to node -1 (localhost/127.0.0.1:9092) could not be established. Broker may not be available.
[kafka-admin-client-thread | adminclient-4] WARN org.apache.kafka.clients.NetworkClient - [AdminClient clientId=adminclient-4] Connection to node -1 (localhost/127.0.0.1:9092) could not be established. Broker may not be available.
[kafka-admin-client-thread | adminclient-7] INFO org.apache.kafka.clients.NetworkClient - [AdminClient clientId=adminclient-7] Node -1 disconnected.
[kafka-admin-client-thread | adminclient-7] WARN org.apache.kafka.clients.NetworkClient - [AdminClient clientId=adminclient-7] Connection to node -1 (localhost/127.0.0.1:9092) could not be established. Broker may not be available.
[kafka-admin-client-thread | adminclient-28] INFO org.apache.kafka.clients.NetworkClient - [AdminClient clientId=adminclient-28] Node -1 disconnected.
[kafka-admin-client-thread | adminclient-28] WARN org.apache.kafka.clients.NetworkClient - [AdminClient clientId=adminclient-28] Connection to node -1 (localhost/127.0.0.1:9092) could not be established. Broker may not be available.
[kafka-admin-client-thread | adminclient-17] INFO org.apache.kafka.clients.NetworkClient - [AdminClient clientId=adminclient-17] Node -1 disconnected.
[kafka-admin-client-thread | adminclient-17] WARN org.apache.kafka.clients.NetworkClient - [AdminClient clientId=adminclient-17] Connection to node -1 (localhost/127.0.0.1:9092) could not be established. Broker may not be available.
[kafka-admin-client-thread | adminclient-21] INFO org.apache.kafka.clients.NetworkClient - [AdminClient clientId=adminclient-21] Node -1 disconnected.
[kafka-admin-client-thread | adminclient-21] WARN org.apache.kafka.clients.NetworkClient - [AdminClient clientId=adminclient-21] Connection to node -1 (localhost/127.0.0.1:9092) could not be established. Broker may not be available.
[kafka-admin-client-thread | adminclient-20] INFO org.apache.kafka.clients.NetworkClient - [AdminClient clientId=adminclient-20] Node -1 disconnected.
[kafka-admin-client-thread | adminclient-20] WARN org.apache.kafka.clients.NetworkClient - [AdminClient clientId=adminclient-20] Connection to node -1 (localhost/127.0.0.1:9092) could not be established. Broker may not be available.
[kafka-admin-client-thread | adminclient-11] INFO org.apache.kafka.clients.NetworkClient - [AdminClient clientId=adminclient-11] Node -1 disconnected.
[kafka-admin-client-thread | adminclient-11] WARN org.apache.kafka.clients.NetworkClient - [AdminClient clientId=adminclient-11] Connection to node -1 (localhost/127.0.0.1:9092) could not be established. Broker may not be available.
[kafka-admin-client-thread | adminclient-15] INFO org.apache.kafka.clients.NetworkClient - [AdminClient clientId=adminclient-15] Node -1 disconnected.
[kafka-admin-client-thread | adminclient-15] WARN org.apache.kafka.clients.NetworkClient - [AdminClient clientId=adminclient-15] Connection to node -1 (localhost/127.0.0.1:9092) could not be established. Broker may not be available.
[kafka-admin-client-thread | adminclient-26] INFO org.apache.kafka.clients.NetworkClient - [AdminClient clientId=adminclient-26] Node -1 disconnected.
[kafka-admin-client-thread | adminclient-26] WARN org.apache.kafka.clients.NetworkClient - [AdminClient clientId=adminclient-26] Connection to node -1 (localhost/127.0.0.1:9092) could not be established. Broker may not be available.
[kafka-admin-client-thread | adminclient-14] INFO org.apache.kafka.clients.NetworkClient - [AdminClient clientId=adminclient-14] Node -1 disconnected.
[kafka-admin-client-thread | adminclient-14] WARN org.apache.kafka.clients.NetworkClient - [AdminClient clientId=adminclient-14] Connection to node -1 (localhost/127.0.0.1:9092) could not be established. Broker may not be available.
[kafka-admin-client-thread | adminclient-1] INFO org.apache.kafka.clients.NetworkClient - [AdminClient clientId=adminclient-1] Node -1 disconnected.
[kafka-admin-client-thread | adminclient-1] WARN org.apache.kafka.clients.NetworkClient - [AdminClient clientId=adminclient-1] Connection to node -1 (localhost/127.0.0.1:9092) could not be established. Broker may not be available.
[kafka-admin-client-thread | adminclient-10] INFO org.apache.kafka.clients.NetworkClient - [AdminClient clientId=adminclient-10] Node -1 disconnected.
[kafka-admin-client-thread | adminclient-10] WARN org.apache.kafka.clients.NetworkClient - [AdminClient clientId=adminclient-10] Connection to node -1 (localhost/127.0.0.1:9092) could not be established. Broker may not be available.
[kafka-admin-client-thread | adminclient-27] INFO org.apache.kafka.clients.NetworkClient - [AdminClient clientId=adminclient-27] Node -1 disconnected.
[kafka-admin-client-thread | adminclient-27] WARN org.apache.kafka.clients.NetworkClient - [AdminClient clientId=adminclient-27] Connection to node -1 (localhost/127.0.0.1:9092) could not be established. Broker may not be available.
[kafka-admin-client-thread | adminclient-8] INFO org.apache.kafka.clients.NetworkClient - [AdminClient clientId=adminclient-8] Node -1 disconnected.
[kafka-admin-client-thread | adminclient-8] WARN org.apache.kafka.clients.NetworkClient - [AdminClient clientId=adminclient-8] Connection to node -1 (localhost/127.0.0.1:9092) could not be established. Broker may not be available.
[kafka-admin-client-thread | adminclient-16] INFO org.apache.kafka.clients.NetworkClient - [AdminClient clientId=adminclient-16] Node -1 disconnected.
[kafka-admin-client-thread | adminclient-16] WARN org.apache.kafka.clients.NetworkClient - [AdminClient clientId=adminclient-16] Connection to node -1 (localhost/127.0.0.1:9092) could not be established. Broker may not be available.
[kafka-admin-client-thread | adminclient-3] INFO org.apache.kafka.clients.NetworkClient - [AdminClient clientId=adminclient-3] Node -1 disconnected.
[kafka-admin-client-thread | adminclient-24] INFO org.apache.kafka.clients.NetworkClient - [AdminClient clientId=adminclient-24] Node -1 disconnected.
[kafka-admin-client-thread | adminclient-3] WARN org.apache.kafka.clients.NetworkClient - [AdminClient clientId=adminclient-3] Connection to node -1 (localhost/127.0.0.1:9092) could not be established. Broker may not be available.
[kafka-admin-client-thread | adminclient-24] WARN org.apache.kafka.clients.NetworkClient - [AdminClient clientId=adminclient-24] Connection to node -1 (localhost/127.0.0.1:9092) could not be established. Broker may not be available.
[kafka-admin-client-thread | adminclient-18] INFO org.apache.kafka.clients.NetworkClient - [AdminClient clientId=adminclient-18] Node -1 disconnected.
[kafka-admin-client-thread | adminclient-2] INFO org.apache.kafka.clients.NetworkClient - [AdminClient clientId=adminclient-2] Node -1 disconnected.
[kafka-admin-client-thread | adminclient-2] WARN org.apache.kafka.clients.NetworkClient - [AdminClient clientId=adminclient-2] Connection to node -1 (localhost/127.0.0.1:9092) could not be established. Broker may not be available.
[kafka-admin-client-thread | adminclient-18] WARN org.apache.kafka.clients.NetworkClient - [AdminClient clientId=adminclient-18] Connection to node -1 (localhost/127.0.0.1:9092) could not be established. Broker may not be available.
[kafka-admin-client-thread | adminclient-29] INFO org.apache.kafka.clients.NetworkClient - [AdminClient clientId=adminclient-29] Node -1 disconnected.
[kafka-admin-client-thread | adminclient-29] WARN org.apache.kafka.clients.NetworkClient - [AdminClient clientId=adminclient-29] Connection to node -1 (localhost/127.0.0.1:9092) could not be established. Broker may not be available.
[kafka-admin-client-thread | adminclient-23] INFO org.apache.kafka.clients.NetworkClient - [AdminClient clientId=adminclient-23] Node -1 disconnected.
[kafka-admin-client-thread | adminclient-23] WARN org.apache.kafka.clients.NetworkClient - [AdminClient clientId=adminclient-23] Connection to node -1 (localhost/127.0.0.1:9092) could not be established. Broker may not be available.
[kafka-admin-client-thread | adminclient-30] INFO org.apache.kafka.clients.NetworkClient - [AdminClient clientId=adminclient-30] Node -1 disconnected.
[kafka-admin-client-thread | adminclient-19] INFO org.apache.kafka.clients.NetworkClient - [AdminClient clientId=adminclient-19] Node -1 disconnected.
[kafka-admin-client-thread | adminclient-30] WARN org.apache.kafka.clients.NetworkClient - [AdminClient clientId=adminclient-30] Connection to node -1 (localhost/127.0.0.1:9092) could not be established. Broker may not be available.
[kafka-admin-client-thread | adminclient-19] WARN org.apache.kafka.clients.NetworkClient - [AdminClient clientId=adminclient-19] Connection to node -1 (localhost/127.0.0.1:9092) could not be established. Broker may not be available.
[kafka-admin-client-thread | adminclient-13] INFO org.apache.kafka.clients.NetworkClient - [AdminClient clientId=adminclient-13] Node -1 disconnected.
[kafka-admin-client-thread | adminclient-12] INFO org.apache.kafka.clients.NetworkClient - [AdminClient clientId=adminclient-12] Node -1 disconnected.
[kafka-admin-client-thread | adminclient-13] WARN org.apache.kafka.clients.NetworkClient - [AdminClient clientId=adminclient-13] Connection to node -1 (localhost/127.0.0.1:9092) could not be established. Broker may not be available.
[kafka-admin-client-thread | adminclient-12] WARN org.apache.kafka.clients.NetworkClient - [AdminClient clientId=adminclient-12] Connection to node -1 (localhost/127.0.0.1:9092) could not be established. Broker may not be available.
[kafka-admin-client-thread | adminclient-9] INFO org.apache.kafka.clients.NetworkClient - [AdminClient clientId=adminclient-9] Node -1 disconnected.
[kafka-admin-client-thread | adminclient-25] INFO org.apache.kafka.clients.NetworkClient - [AdminClient clientId=adminclient-25] Node -1 disconnected.
[kafka-admin-client-thread | adminclient-9] WARN org.apache.kafka.clients.NetworkClient - [AdminClient clientId=adminclient-9] Connection to node -1 (localhost/127.0.0.1:9092) could not be established. Broker may not be available.
[kafka-admin-client-thread | adminclient-25] WARN org.apache.kafka.clients.NetworkClient - [AdminClient clientId=adminclient-25] Connection to node -1 (localhost/127.0.0.1:9092) could not be established. Broker may not be available.
[kafka-admin-client-thread | adminclient-22] INFO org.apache.kafka.clients.NetworkClient - [AdminClient clientId=adminclient-22] Node -1 disconnected.
[kafka-admin-client-thread | adminclient-22] WARN org.apache.kafka.clients.NetworkClient - [AdminClient clientId=adminclient-22] Connection to node -1 (localhost/127.0.0.1:9092) could not be established. Broker may not be available.
[kafka-admin-client-thread | adminclient-7] INFO org.apache.kafka.clients.NetworkClient - [AdminClient clientId=adminclient-7] Node -1 disconnected.
[kafka-admin-client-thread | adminclient-7] WARN org.apache.kafka.clients.NetworkClient - [AdminClient clientId=adminclient-7] Connection to node -1 (localhost/127.0.0.1:9092) could not be established. Broker may not be available.
[kafka-admin-client-thread | adminclient-17] INFO org.apache.kafka.clients.NetworkClient - [AdminClient clientId=adminclient-17] Node -1 disconnected.
[kafka-admin-client-thread | adminclient-17] WARN org.apache.kafka.clients.NetworkClient - [AdminClient clientId=adminclient-17] Connection to node -1 (localhost/127.0.0.1:9092) could not be established. Broker may not be available.
[kafka-admin-client-thread | adminclient-4] INFO org.apache.kafka.clients.NetworkClient - [AdminClient clientId=adminclient-4] Node -1 disconnected.
[kafka-admin-client-thread | adminclient-4] WARN org.apache.kafka.clients.NetworkClient - [AdminClient clientId=adminclient-4] Connection to node -1 (localhost/127.0.0.1:9092) could not be established. Broker may not be available.
[kafka-admin-client-thread | adminclient-28] INFO org.apache.kafka.clients.NetworkClient - [AdminClient clientId=adminclient-28] Node -1 disconnected.
[kafka-admin-client-thread | adminclient-28] WARN org.apache.kafka.clients.NetworkClient - [AdminClient clientId=adminclient-28] Connection to node -1 (localhost/127.0.0.1:9092) could not be established. Broker may not be available.
[kafka-admin-client-thread | adminclient-15] INFO org.apache.kafka.clients.NetworkClient - [AdminClient clientId=adminclient-15] Node -1 disconnected.
[kafka-admin-client-thread | adminclient-15] WARN org.apache.kafka.clients.NetworkClient - [AdminClient clientId=adminclient-15] Connection to node -1 (localhost/127.0.0.1:9092) could not be established. Broker may not be available.
[kafka-admin-client-thread | adminclient-26] INFO org.apache.kafka.clients.NetworkClient - [AdminClient clientId=adminclient-26] Node -1 disconnected.
[kafka-admin-client-thread | adminclient-26] WARN org.apache.kafka.clients.NetworkClient - [AdminClient clientId=adminclient-26] Connection to node -1 (localhost/127.0.0.1:9092) could not be established. Broker may not be available.
[kafka-admin-client-thread | adminclient-21] INFO org.apache.kafka.clients.NetworkClient - [AdminClient clientId=adminclient-21] Node -1 disconnected.
[kafka-admin-client-thread | adminclient-21] WARN org.apache.kafka.clients.NetworkClient - [AdminClient clientId=adminclient-21] Connection to node -1 (localhost/127.0.0.1:9092) could not be established. Broker may not be available.
[kafka-admin-client-thread | adminclient-20] INFO org.apache.kafka.clients.NetworkClient - [AdminClient clientId=adminclient-20] Node -1 disconnected.
[kafka-admin-client-thread | adminclient-20] WARN org.apache.kafka.clients.NetworkClient - [AdminClient clientId=adminclient-20] Connection to node -1 (localhost/127.0.0.1:9092) could not be established. Broker may not be available.
[kafka-admin-client-thread | adminclient-11] INFO org.apache.kafka.clients.NetworkClient - [AdminClient clientId=adminclient-11] Node -1 disconnected.
[kafka-admin-client-thread | adminclient-11] WARN org.apache.kafka.clients.NetworkClient - [AdminClient clientId=adminclient-11] Connection to node -1 (localhost/127.0.0.1:9092) could not be established. Broker may not be available.
[kafka-admin-client-thread | adminclient-14] INFO org.apache.kafka.clients.NetworkClient - [AdminClient clientId=adminclient-14] Node -1 disconnected.
[kafka-admin-client-thread | adminclient-14] WARN org.apache.kafka.clients.NetworkClient - [AdminClient clientId=adminclient-14] Connection to node -1 (localhost/127.0.0.1:9092) could not be established. Broker may not be available.
[kafka-admin-client-thread | adminclient-10] INFO org.apache.kafka.clients.NetworkClient - [AdminClient clientId=adminclient-10] Node -1 disconnected.
[kafka-admin-client-thread | adminclient-10] WARN org.apache.kafka.clients.NetworkClient - [AdminClient clientId=adminclient-10] Connection to node -1 (localhost/127.0.0.1:9092) could not be established. Broker may not be available.
[kafka-admin-client-thread | adminclient-1] INFO org.apache.kafka.clients.NetworkClient - [AdminClient clientId=adminclient-1] Node -1 disconnected.
[kafka-admin-client-thread | adminclient-1] WARN org.apache.kafka.clients.NetworkClient - [AdminClient clientId=adminclient-1] Connection to node -1 (localhost/127.0.0.1:9092) could not be established. Broker may not be available.
[kafka-admin-client-thread | adminclient-3] INFO org.apache.kafka.clients.NetworkClient - [AdminClient clientId=adminclient-3] Node -1 disconnected.
[kafka-admin-client-thread | adminclient-24] INFO org.apache.kafka.clients.NetworkClient - [AdminClient clientId=adminclient-24] Node -1 disconnected.
[kafka-admin-client-thread | adminclient-3] WARN org.apache.kafka.clients.NetworkClient - [AdminClient clientId=adminclient-3] Connection to node -1 (localhost/127.0.0.1:9092) could not be established. Broker may not be available.
[kafka-admin-client-thread | adminclient-24] WARN org.apache.kafka.clients.NetworkClient - [AdminClient clientId=adminclient-24] Connection to node -1 (localhost/127.0.0.1:9092) could not be established. Broker may not be available.
[kafka-admin-client-thread | adminclient-18] INFO org.apache.kafka.clients.NetworkClient - [AdminClient clientId=adminclient-18] Node -1 disconnected.
[kafka-admin-client-thread | adminclient-18] WARN org.apache.kafka.clients.NetworkClient - [AdminClient clientId=adminclient-18] Connection to node -1 (localhost/127.0.0.1:9092) could not be established. Broker may not be available.
[kafka-admin-client-thread | adminclient-27] INFO org.apache.kafka.clients.NetworkClient - [AdminClient clientId=adminclient-27] Node -1 disconnected.
[kafka-admin-client-thread | adminclient-27] WARN org.apache.kafka.clients.NetworkClient - [AdminClient clientId=adminclient-27] Connection to node -1 (localhost/127.0.0.1:9092) could not be established. Broker may not be available.
[kafka-admin-client-thread | adminclient-30] INFO org.apache.kafka.clients.NetworkClient - [AdminClient clientId=adminclient-30] Node -1 disconnected.
[kafka-admin-client-thread | adminclient-30] WARN org.apache.kafka.clients.NetworkClient - [AdminClient clientId=adminclient-30] Connection to node -1 (localhost/127.0.0.1:9092) could not be established. Broker may not be available.
[kafka-admin-client-thread | adminclient-8] INFO org.apache.kafka.clients.NetworkClient - [AdminClient clientId=adminclient-8] Node -1 disconnected.
[kafka-admin-client-thread | adminclient-8] WARN org.apache.kafka.clients.NetworkClient - [AdminClient clientId=adminclient-8] Connection to node -1 (localhost/127.0.0.1:9092) could not be established. Broker may not be available.
[kafka-admin-client-thread | adminclient-16] INFO org.apache.kafka.clients.NetworkClient - [AdminClient clientId=adminclient-16] Node -1 disconnected.
[kafka-admin-client-thread | adminclient-16] WARN org.apache.kafka.clients.NetworkClient - [AdminClient clientId=adminclient-16] Connection to node -1 (localhost/127.0.0.1:9092) could not be established. Broker may not be available.
[kafka-admin-client-thread | adminclient-19] INFO org.apache.kafka.clients.NetworkClient - [AdminClient clientId=adminclient-19] Node -1 disconnected.
[kafka-admin-client-thread | adminclient-19] WARN org.apache.kafka.clients.NetworkClient - [AdminClient clientId=adminclient-19] Connection to node -1 (localhost/127.0.0.1:9092) could not be established. Broker may not be available.
[kafka-admin-client-thread | adminclient-25] INFO org.apache.kafka.clients.NetworkClient - [AdminClient clientId=adminclient-25] Node -1 disconnected.
[kafka-admin-client-thread | adminclient-25] WARN org.apache.kafka.clients.NetworkClient - [AdminClient clientId=adminclient-25] Connection to node -1 (localhost/127.0.0.1:9092) could not be established. Broker may not be available.
[kafka-admin-client-thread | adminclient-13] INFO org.apache.kafka.clients.NetworkClient - [AdminClient clientId=adminclient-13] Node -1 disconnected.
[kafka-admin-client-thread | adminclient-13] WARN org.apache.kafka.clients.NetworkClient - [AdminClient clientId=adminclient-13] Connection to node -1 (localhost/127.0.0.1:9092) could not be established. Broker may not be available.
[kafka-admin-client-thread | adminclient-29] INFO org.apache.kafka.clients.NetworkClient - [AdminClient clientId=adminclient-29] Node -1 disconnected.
[kafka-admin-client-thread | adminclient-29] WARN org.apache.kafka.clients.NetworkClient - [AdminClient clientId=adminclient-29] Connection to node -1 (localhost/127.0.0.1:9092) could not be established. Broker may not be available.
[kafka-admin-client-thread | adminclient-23] INFO org.apache.kafka.clients.NetworkClient - [AdminClient clientId=adminclient-23] Node -1 disconnected.
[kafka-admin-client-thread | adminclient-23] WARN org.apache.kafka.clients.NetworkClient - [AdminClient clientId=adminclient-23] Connection to node -1 (localhost/127.0.0.1:9092) could not be established. Broker may not be available.
[kafka-admin-client-thread | adminclient-2] INFO org.apache.kafka.clients.NetworkClient - [AdminClient clientId=adminclient-2] Node -1 disconnected.
[kafka-admin-client-thread | adminclient-2] WARN org.apache.kafka.clients.NetworkClient - [AdminClient clientId=adminclient-2] Connection to node -1 (localhost/127.0.0.1:9092) could not be established. Broker may not be available.
[kafka-admin-client-thread | adminclient-12] INFO org.apache.kafka.clients.NetworkClient - [AdminClient clientId=adminclient-12] Node -1 disconnected.
[kafka-admin-client-thread | adminclient-12] WARN org.apache.kafka.clients.NetworkClient - [AdminClient clientId=adminclient-12] Connection to node -1 (localhost/127.0.0.1:9092) could not be established. Broker may not be available.
[kafka-admin-client-thread | adminclient-9] INFO org.apache.kafka.clients.NetworkClient - [AdminClient clientId=adminclient-9] Node -1 disconnected.
[kafka-admin-client-thread | adminclient-9] WARN org.apache.kafka.clients.NetworkClient - [AdminClient clientId=adminclient-9] Connection to node -1 (localhost/127.0.0.1:9092) could not be established. Broker may not be available.
[kafka-admin-client-thread | adminclient-22] INFO org.apache.kafka.clients.NetworkClient - [AdminClient clientId=adminclient-22] Node -1 disconnected.
[kafka-admin-client-thread | adminclient-22] WARN org.apache.kafka.clients.NetworkClient - [AdminClient clientId=adminclient-22] Connection to node -1 (localhost/127.0.0.1:9092) could not be established. Broker may not be available.
[kafka-admin-client-thread | adminclient-7] INFO org.apache.kafka.clients.NetworkClient - [AdminClient clientId=adminclient-7] Node -1 disconnected.
[kafka-admin-client-thread | adminclient-7] WARN org.apache.kafka.clients.NetworkClient - [AdminClient clientId=adminclient-7] Connection to node -1 (localhost/127.0.0.1:9092) could not be established. Broker may not be available.
[kafka-admin-client-thread | adminclient-4] INFO org.apache.kafka.clients.NetworkClient - [AdminClient clientId=adminclient-4] Node -1 disconnected.
[kafka-admin-client-thread | adminclient-4] WARN org.apache.kafka.clients.NetworkClient - [AdminClient clientId=adminclient-4] Connection to node -1 (localhost/127.0.0.1:9092) could not be established. Broker may not be available.
[kafka-admin-client-thread | adminclient-17] INFO org.apache.kafka.clients.NetworkClient - [AdminClient clientId=adminclient-17] Node -1 disconnected.
[kafka-admin-client-thread | adminclient-17] WARN org.apache.kafka.clients.NetworkClient - [AdminClient clientId=adminclient-17] Connection to node -1 (localhost/127.0.0.1:9092) could not be established. Broker may not be available.
[kafka-admin-client-thread | adminclient-26] INFO org.apache.kafka.clients.NetworkClient - [AdminClient clientId=adminclient-26] Node -1 disconnected.
[kafka-admin-client-thread | adminclient-20] INFO org.apache.kafka.clients.NetworkClient - [AdminClient clientId=adminclient-20] Node -1 disconnected.
[kafka-admin-client-thread | adminclient-26] WARN org.apache.kafka.clients.NetworkClient - [AdminClient clientId=adminclient-26] Connection to node -1 (localhost/127.0.0.1:9092) could not be established. Broker may not be available.
[kafka-admin-client-thread | adminclient-20] WARN org.apache.kafka.clients.NetworkClient - [AdminClient clientId=adminclient-20] Connection to node -1 (localhost/127.0.0.1:9092) could not be established. Broker may not be available.
[kafka-admin-client-thread | adminclient-11] INFO org.apache.kafka.clients.NetworkClient - [AdminClient clientId=adminclient-11] Node -1 disconnected.
[kafka-admin-client-thread | adminclient-11] WARN org.apache.kafka.clients.NetworkClient - [AdminClient clientId=adminclient-11] Connection to node -1 (localhost/127.0.0.1:9092) could not be established. Broker may not be available.
[kafka-admin-client-thread | adminclient-14] INFO org.apache.kafka.clients.NetworkClient - [AdminClient clientId=adminclient-14] Node -1 disconnected.
[kafka-admin-client-thread | adminclient-14] WARN org.apache.kafka.clients.NetworkClient - [AdminClient clientId=adminclient-14] Connection to node -1 (localhost/127.0.0.1:9092) could not be established. Broker may not be available.
[kafka-admin-client-thread | adminclient-28] INFO org.apache.kafka.clients.NetworkClient - [AdminClient clientId=adminclient-28] Node -1 disconnected.
[kafka-admin-client-thread | adminclient-28] WARN org.apache.kafka.clients.NetworkClient - [AdminClient clientId=adminclient-28] Connection to node -1 (localhost/127.0.0.1:9092) could not be established. Broker may not be available.
[kafka-admin-client-thread | adminclient-10] INFO org.apache.kafka.clients.NetworkClient - [AdminClient clientId=adminclient-10] Node -1 disconnected.
[kafka-admin-client-thread | adminclient-10] WARN org.apache.kafka.clients.NetworkClient - [AdminClient clientId=adminclient-10] Connection to node -1 (localhost/127.0.0.1:9092) could not be established. Broker may not be available.
[kafka-admin-client-thread | adminclient-30] INFO org.apache.kafka.clients.NetworkClient - [AdminClient clientId=adminclient-30] Node -1 disconnected.
[kafka-admin-client-thread | adminclient-30] WARN org.apache.kafka.clients.NetworkClient - [AdminClient clientId=adminclient-30] Connection to node -1 (localhost/127.0.0.1:9092) could not be established. Broker may not be available.
[kafka-admin-client-thread | adminclient-15] INFO org.apache.kafka.clients.NetworkClient - [AdminClient clientId=adminclient-15] Node -1 disconnected.
[kafka-admin-client-thread | adminclient-15] WARN org.apache.kafka.clients.NetworkClient - [AdminClient clientId=adminclient-15] Connection to node -1 (localhost/127.0.0.1:9092) could not be established. Broker may not be available.
[kafka-admin-client-thread | adminclient-21] INFO org.apache.kafka.clients.NetworkClient - [AdminClient clientId=adminclient-21] Node -1 disconnected.
[kafka-admin-client-thread | adminclient-21] WARN org.apache.kafka.clients.NetworkClient - [AdminClient clientId=adminclient-21] Connection to node -1 (localhost/127.0.0.1:9092) could not be established. Broker may not be available.
[kafka-admin-client-thread | adminclient-19] INFO org.apache.kafka.clients.NetworkClient - [AdminClient clientId=adminclient-19] Node -1 disconnected.
[kafka-admin-client-thread | adminclient-19] WARN org.apache.kafka.clients.NetworkClient - [AdminClient clientId=adminclient-19] Connection to node -1 (localhost/127.0.0.1:9092) could not be established. Broker may not be available.
[kafka-admin-client-thread | adminclient-1] INFO org.apache.kafka.clients.NetworkClient - [AdminClient clientId=adminclient-1] Node -1 disconnected.
[kafka-admin-client-thread | adminclient-1] WARN org.apache.kafka.clients.NetworkClient - [AdminClient clientId=adminclient-1] Connection to node -1 (localhost/127.0.0.1:9092) could not be established. Broker may not be available.
[kafka-admin-client-thread | adminclient-24] INFO org.apache.kafka.clients.NetworkClient - [AdminClient clientId=adminclient-24] Node -1 disconnected.
[kafka-admin-client-thread | adminclient-24] WARN org.apache.kafka.clients.NetworkClient - [AdminClient clientId=adminclient-24] Connection to node -1 (localhost/127.0.0.1:9092) could not be established. Broker may not be available.
[kafka-admin-client-thread | adminclient-3] INFO org.apache.kafka.clients.NetworkClient - [AdminClient clientId=adminclient-3] Node -1 disconnected.
[kafka-admin-client-thread | adminclient-3] WARN org.apache.kafka.clients.NetworkClient - [AdminClient clientId=adminclient-3] Connection to node -1 (localhost/127.0.0.1:9092) could not be established. Broker may not be available.
[kafka-admin-client-thread | adminclient-18] INFO org.apache.kafka.clients.NetworkClient - [AdminClient clientId=adminclient-18] Node -1 disconnected.
[kafka-admin-client-thread | adminclient-13] INFO org.apache.kafka.clients.NetworkClient - [AdminClient clientId=adminclient-13] Node -1 disconnected.
[kafka-admin-client-thread | adminclient-18] WARN org.apache.kafka.clients.NetworkClient - [AdminClient clientId=adminclient-18] Connection to node -1 (localhost/127.0.0.1:9092) could not be established. Broker may not be available.
[kafka-admin-client-thread | adminclient-13] WARN org.apache.kafka.clients.NetworkClient - [AdminClient clientId=adminclient-13] Connection to node -1 (localhost/127.0.0.1:9092) could not be established. Broker may not be available.
[kafka-admin-client-thread | adminclient-27] INFO org.apache.kafka.clients.NetworkClient - [AdminClient clientId=adminclient-27] Node -1 disconnected.
[kafka-admin-client-thread | adminclient-27] WARN org.apache.kafka.clients.NetworkClient - [AdminClient clientId=adminclient-27] Connection to node -1 (localhost/127.0.0.1:9092) could not be established. Broker may not be available.
[kafka-admin-client-thread | adminclient-8] INFO org.apache.kafka.clients.NetworkClient - [AdminClient clientId=adminclient-8] Node -1 disconnected.
[kafka-admin-client-thread | adminclient-8] WARN org.apache.kafka.clients.NetworkClient - [AdminClient clientId=adminclient-8] Connection to node -1 (localhost/127.0.0.1:9092) could not be established. Broker may not be available.
[kafka-admin-client-thread | adminclient-16] INFO org.apache.kafka.clients.NetworkClient - [AdminClient clientId=adminclient-16] Node -1 disconnected.
[kafka-admin-client-thread | adminclient-16] WARN org.apache.kafka.clients.NetworkClient - [AdminClient clientId=adminclient-16] Connection to node -1 (localhost/127.0.0.1:9092) could not be established. Broker may not be available.
[kafka-admin-client-thread | adminclient-25] INFO org.apache.kafka.clients.NetworkClient - [AdminClient clientId=adminclient-25] Node -1 disconnected.
[kafka-admin-client-thread | adminclient-25] WARN org.apache.kafka.clients.NetworkClient - [AdminClient clientId=adminclient-25] Connection to node -1 (localhost/127.0.0.1:9092) could not be established. Broker may not be available.
[kafka-admin-client-thread | adminclient-2] INFO org.apache.kafka.clients.NetworkClient - [AdminClient clientId=adminclient-2] Node -1 disconnected.
[kafka-admin-client-thread | adminclient-12] INFO org.apache.kafka.clients.NetworkClient - [AdminClient clientId=adminclient-12] Node -1 disconnected.
[kafka-admin-client-thread | adminclient-2] WARN org.apache.kafka.clients.NetworkClient - [AdminClient clientId=adminclient-2] Connection to node -1 (localhost/127.0.0.1:9092) could not be established. Broker may not be available.
[kafka-admin-client-thread | adminclient-12] WARN org.apache.kafka.clients.NetworkClient - [AdminClient clientId=adminclient-12] Connection to node -1 (localhost/127.0.0.1:9092) could not be established. Broker may not be available.
[kafka-admin-client-thread | adminclient-29] INFO org.apache.kafka.clients.NetworkClient - [AdminClient clientId=adminclient-29] Node -1 disconnected.
[kafka-admin-client-thread | adminclient-29] WARN org.apache.kafka.clients.NetworkClient - [AdminClient clientId=adminclient-29] Connection to node -1 (localhost/127.0.0.1:9092) could not be established. Broker may not be available.
[kafka-admin-client-thread | adminclient-23] INFO org.apache.kafka.clients.NetworkClient - [AdminClient clientId=adminclient-23] Node -1 disconnected.
[kafka-admin-client-thread | adminclient-23] WARN org.apache.kafka.clients.NetworkClient - [AdminClient clientId=adminclient-23] Connection to node -1 (localhost/127.0.0.1:9092) could not be established. Broker may not be available.
[kafka-admin-client-thread | adminclient-9] INFO org.apache.kafka.clients.NetworkClient - [AdminClient clientId=adminclient-9] Node -1 disconnected.
[kafka-admin-client-thread | adminclient-9] WARN org.apache.kafka.clients.NetworkClient - [AdminClient clientId=adminclient-9] Connection to node -1 (localhost/127.0.0.1:9092) could not be established. Broker may not be available.
[kafka-admin-client-thread | adminclient-22] INFO org.apache.kafka.clients.NetworkClient - [AdminClient clientId=adminclient-22] Node -1 disconnected.
[kafka-admin-client-thread | adminclient-4] INFO org.apache.kafka.clients.NetworkClient - [AdminClient clientId=adminclient-4] Node -1 disconnected.
[kafka-admin-client-thread | adminclient-4] WARN org.apache.kafka.clients.NetworkClient - [AdminClient clientId=adminclient-4] Connection to node -1 (localhost/127.0.0.1:9092) could not be established. Broker may not be available.
[kafka-admin-client-thread | adminclient-22] WARN org.apache.kafka.clients.NetworkClient - [AdminClient clientId=adminclient-22] Connection to node -1 (localhost/127.0.0.1:9092) could not be established. Broker may not be available.
[kafka-admin-client-thread | adminclient-11] INFO org.apache.kafka.clients.NetworkClient - [AdminClient clientId=adminclient-11] Node -1 disconnected.
[kafka-admin-client-thread | adminclient-11] WARN org.apache.kafka.clients.NetworkClient - [AdminClient clientId=adminclient-11] Connection to node -1 (localhost/127.0.0.1:9092) could not be established. Broker may not be available.
[kafka-admin-client-thread | adminclient-7] INFO org.apache.kafka.clients.NetworkClient - [AdminClient clientId=adminclient-7] Node -1 disconnected.
[kafka-admin-client-thread | adminclient-7] WARN org.apache.kafka.clients.NetworkClient - [AdminClient clientId=adminclient-7] Connection to node -1 (localhost/127.0.0.1:9092) could not be established. Broker may not be available.
[kafka-admin-client-thread | adminclient-17] INFO org.apache.kafka.clients.NetworkClient - [AdminClient clientId=adminclient-17] Node -1 disconnected.
[kafka-admin-client-thread | adminclient-17] WARN org.apache.kafka.clients.NetworkClient - [AdminClient clientId=adminclient-17] Connection to node -1 (localhost/127.0.0.1:9092) could not be established. Broker may not be available.
[kafka-admin-client-thread | adminclient-14] INFO org.apache.kafka.clients.NetworkClient - [AdminClient clientId=adminclient-14] Node -1 disconnected.
[kafka-admin-client-thread | adminclient-14] WARN org.apache.kafka.clients.NetworkClient - [AdminClient clientId=adminclient-14] Connection to node -1 (localhost/127.0.0.1:9092) could not be established. Broker may not be available.
[kafka-admin-client-thread | adminclient-26] INFO org.apache.kafka.clients.NetworkClient - [AdminClient clientId=adminclient-26] Node -1 disconnected.
[kafka-admin-client-thread | adminclient-20] INFO org.apache.kafka.clients.NetworkClient - [AdminClient clientId=adminclient-20] Node -1 disconnected.
[kafka-admin-client-thread | adminclient-20] WARN org.apache.kafka.clients.NetworkClient - [AdminClient clientId=adminclient-20] Connection to node -1 (localhost/127.0.0.1:9092) could not be established. Broker may not be available.
[kafka-admin-client-thread | adminclient-26] WARN org.apache.kafka.clients.NetworkClient - [AdminClient clientId=adminclient-26] Connection to node -1 (localhost/127.0.0.1:9092) could not be established. Broker may not be available.
[kafka-admin-client-thread | adminclient-28] INFO org.apache.kafka.clients.NetworkClient - [AdminClient clientId=adminclient-28] Node -1 disconnected.
[kafka-admin-client-thread | adminclient-28] WARN org.apache.kafka.clients.NetworkClient - [AdminClient clientId=adminclient-28] Connection to node -1 (localhost/127.0.0.1:9092) could not be established. Broker may not be available.
[kafka-admin-client-thread | adminclient-15] INFO org.apache.kafka.clients.NetworkClient - [AdminClient clientId=adminclient-15] Node -1 disconnected.
[kafka-admin-client-thread | adminclient-15] WARN org.apache.kafka.clients.NetworkClient - [AdminClient clientId=adminclient-15] Connection to node -1 (localhost/127.0.0.1:9092) could not be established. Broker may not be available.
[kafka-admin-client-thread | adminclient-19] INFO org.apache.kafka.clients.NetworkClient - [AdminClient clientId=adminclient-19] Node -1 disconnected.
[kafka-admin-client-thread | adminclient-10] INFO org.apache.kafka.clients.NetworkClient - [AdminClient clientId=adminclient-10] Node -1 disconnected.
[kafka-admin-client-thread | adminclient-10] WARN org.apache.kafka.clients.NetworkClient - [AdminClient clientId=adminclient-10] Connection to node -1 (localhost/127.0.0.1:9092) could not be established. Broker may not be available.
[kafka-admin-client-thread | adminclient-19] WARN org.apache.kafka.clients.NetworkClient - [AdminClient clientId=adminclient-19] Connection to node -1 (localhost/127.0.0.1:9092) could not be established. Broker may not be available.
[kafka-admin-client-thread | adminclient-21] INFO org.apache.kafka.clients.NetworkClient - [AdminClient clientId=adminclient-21] Node -1 disconnected.
[kafka-admin-client-thread | adminclient-30] INFO org.apache.kafka.clients.NetworkClient - [AdminClient clientId=adminclient-30] Node -1 disconnected.
[kafka-admin-client-thread | adminclient-30] WARN org.apache.kafka.clients.NetworkClient - [AdminClient clientId=adminclient-30] Connection to node -1 (localhost/127.0.0.1:9092) could not be established. Broker may not be available.
[kafka-admin-client-thread | adminclient-21] WARN org.apache.kafka.clients.NetworkClient - [AdminClient clientId=adminclient-21] Connection to node -1 (localhost/127.0.0.1:9092) could not be established. Broker may not be available.
[kafka-admin-client-thread | adminclient-1] INFO org.apache.kafka.clients.NetworkClient - [AdminClient clientId=adminclient-1] Node -1 disconnected.
[kafka-admin-client-thread | adminclient-1] WARN org.apache.kafka.clients.NetworkClient - [AdminClient clientId=adminclient-1] Connection to node -1 (localhost/127.0.0.1:9092) could not be established. Broker may not be available.
[kafka-admin-client-thread | adminclient-16] INFO org.apache.kafka.clients.NetworkClient - [AdminClient clientId=adminclient-16] Node -1 disconnected.
[kafka-admin-client-thread | adminclient-16] WARN org.apache.kafka.clients.NetworkClient - [AdminClient clientId=adminclient-16] Connection to node -1 (localhost/127.0.0.1:9092) could not be established. Broker may not be available.
[kafka-admin-client-thread | adminclient-3] INFO org.apache.kafka.clients.NetworkClient - [AdminClient clientId=adminclient-3] Node -1 disconnected.
[kafka-admin-client-thread | adminclient-3] WARN org.apache.kafka.clients.NetworkClient - [AdminClient clientId=adminclient-3] Connection to node -1 (localhost/127.0.0.1:9092) could not be established. Broker may not be available.
[kafka-admin-client-thread | adminclient-18] INFO org.apache.kafka.clients.NetworkClient - [AdminClient clientId=adminclient-18] Node -1 disconnected.
[kafka-admin-client-thread | adminclient-2] INFO org.apache.kafka.clients.NetworkClient - [AdminClient clientId=adminclient-2] Node -1 disconnected.
[kafka-admin-client-thread | adminclient-18] WARN org.apache.kafka.clients.NetworkClient - [AdminClient clientId=adminclient-18] Connection to node -1 (localhost/127.0.0.1:9092) could not be established. Broker may not be available.
[kafka-admin-client-thread | adminclient-2] WARN org.apache.kafka.clients.NetworkClient - [AdminClient clientId=adminclient-2] Connection to node -1 (localhost/127.0.0.1:9092) could not be established. Broker may not be available.
[kafka-admin-client-thread | adminclient-27] INFO org.apache.kafka.clients.NetworkClient - [AdminClient clientId=adminclient-27] Node -1 disconnected.
[kafka-admin-client-thread | adminclient-27] WARN org.apache.kafka.clients.NetworkClient - [AdminClient clientId=adminclient-27] Connection to node -1 (localhost/127.0.0.1:9092) could not be established. Broker may not be available.
[kafka-admin-client-thread | adminclient-8] INFO org.apache.kafka.clients.NetworkClient - [AdminClient clientId=adminclient-8] Node -1 disconnected.
[kafka-admin-client-thread | adminclient-8] WARN org.apache.kafka.clients.NetworkClient - [AdminClient clientId=adminclient-8] Connection to node -1 (localhost/127.0.0.1:9092) could not be established. Broker may not be available.
[kafka-admin-client-thread | adminclient-29] INFO org.apache.kafka.clients.NetworkClient - [AdminClient clientId=adminclient-29] Node -1 disconnected.
[kafka-admin-client-thread | adminclient-29] WARN org.apache.kafka.clients.NetworkClient - [AdminClient clientId=adminclient-29] Connection to node -1 (localhost/127.0.0.1:9092) could not be established. Broker may not be available.
[kafka-admin-client-thread | adminclient-24] INFO org.apache.kafka.clients.NetworkClient - [AdminClient clientId=adminclient-24] Node -1 disconnected.
[kafka-admin-client-thread | adminclient-24] WARN org.apache.kafka.clients.NetworkClient - [AdminClient clientId=adminclient-24] Connection to node -1 (localhost/127.0.0.1:9092) could not be established. Broker may not be available.
[kafka-admin-client-thread | adminclient-25] INFO org.apache.kafka.clients.NetworkClient - [AdminClient clientId=adminclient-25] Node -1 disconnected.
[kafka-admin-client-thread | adminclient-25] WARN org.apache.kafka.clients.NetworkClient - [AdminClient clientId=adminclient-25] Connection to node -1 (localhost/127.0.0.1:9092) could not be established. Broker may not be available.
[kafka-admin-client-thread | adminclient-13] INFO org.apache.kafka.clients.NetworkClient - [AdminClient clientId=adminclient-13] Node -1 disconnected.
[kafka-admin-client-thread | adminclient-13] WARN org.apache.kafka.clients.NetworkClient - [AdminClient clientId=adminclient-13] Connection to node -1 (localhost/127.0.0.1:9092) could not be established. Broker may not be available.
[kafka-admin-client-thread | adminclient-12] INFO org.apache.kafka.clients.NetworkClient - [AdminClient clientId=adminclient-12] Node -1 disconnected.
[kafka-admin-client-thread | adminclient-12] WARN org.apache.kafka.clients.NetworkClient - [AdminClient clientId=adminclient-12] Connection to node -1 (localhost/127.0.0.1:9092) could not be established. Broker may not be available.
[kafka-admin-client-thread | adminclient-17] INFO org.apache.kafka.clients.NetworkClient - [AdminClient clientId=adminclient-17] Node -1 disconnected.
[kafka-admin-client-thread | adminclient-17] WARN org.apache.kafka.clients.NetworkClient - [AdminClient clientId=adminclient-17] Connection to node -1 (localhost/127.0.0.1:9092) could not be established. Broker may not be available.
[kafka-admin-client-thread | adminclient-22] INFO org.apache.kafka.clients.NetworkClient - [AdminClient clientId=adminclient-22] Node -1 disconnected.
[kafka-admin-client-thread | adminclient-22] WARN org.apache.kafka.clients.NetworkClient - [AdminClient clientId=adminclient-22] Connection to node -1 (localhost/127.0.0.1:9092) could not be established. Broker may not be available.
[kafka-admin-client-thread | adminclient-23] INFO org.apache.kafka.clients.NetworkClient - [AdminClient clientId=adminclient-23] Node -1 disconnected.
[kafka-admin-client-thread | adminclient-23] WARN org.apache.kafka.clients.NetworkClient - [AdminClient clientId=adminclient-23] Connection to node -1 (localhost/127.0.0.1:9092) could not be established. Broker may not be available.
[kafka-admin-client-thread | adminclient-11] INFO org.apache.kafka.clients.NetworkClient - [AdminClient clientId=adminclient-11] Node -1 disconnected.
[kafka-admin-client-thread | adminclient-11] WARN org.apache.kafka.clients.NetworkClient - [AdminClient clientId=adminclient-11] Connection to node -1 (localhost/127.0.0.1:9092) could not be established. Broker may not be available.
[kafka-admin-client-thread | adminclient-9] INFO org.apache.kafka.clients.NetworkClient - [AdminClient clientId=adminclient-9] Node -1 disconnected.
[kafka-admin-client-thread | adminclient-4] INFO org.apache.kafka.clients.NetworkClient - [AdminClient clientId=adminclient-4] Node -1 disconnected.
[kafka-admin-client-thread | adminclient-9] WARN org.apache.kafka.clients.NetworkClient - [AdminClient clientId=adminclient-9] Connection to node -1 (localhost/127.0.0.1:9092) could not be established. Broker may not be available.
[kafka-admin-client-thread | adminclient-4] WARN org.apache.kafka.clients.NetworkClient - [AdminClient clientId=adminclient-4] Connection to node -1 (localhost/127.0.0.1:9092) could not be established. Broker may not be available.
[kafka-admin-client-thread | adminclient-14] INFO org.apache.kafka.clients.NetworkClient - [AdminClient clientId=adminclient-14] Node -1 disconnected.
[kafka-admin-client-thread | adminclient-14] WARN org.apache.kafka.clients.NetworkClient - [AdminClient clientId=adminclient-14] Connection to node -1 (localhost/127.0.0.1:9092) could not be established. Broker may not be available.
[kafka-admin-client-thread | adminclient-7] INFO org.apache.kafka.clients.NetworkClient - [AdminClient clientId=adminclient-7] Node -1 disconnected.
[kafka-admin-client-thread | adminclient-7] WARN org.apache.kafka.clients.NetworkClient - [AdminClient clientId=adminclient-7] Connection to node -1 (localhost/127.0.0.1:9092) could not be established. Broker may not be available.
[kafka-admin-client-thread | adminclient-10] INFO org.apache.kafka.clients.NetworkClient - [AdminClient clientId=adminclient-10] Node -1 disconnected.
[kafka-admin-client-thread | adminclient-10] WARN org.apache.kafka.clients.NetworkClient - [AdminClient clientId=adminclient-10] Connection to node -1 (localhost/127.0.0.1:9092) could not be established. Broker may not be available.
[kafka-admin-client-thread | adminclient-28] INFO org.apache.kafka.clients.NetworkClient - [AdminClient clientId=adminclient-28] Node -1 disconnected.
[kafka-admin-client-thread | adminclient-28] WARN org.apache.kafka.clients.NetworkClient - [AdminClient clientId=adminclient-28] Connection to node -1 (localhost/127.0.0.1:9092) could not be established. Broker may not be available.
[kafka-admin-client-thread | adminclient-1] INFO org.apache.kafka.clients.NetworkClient - [AdminClient clientId=adminclient-1] Node -1 disconnected.
[kafka-admin-client-thread | adminclient-1] WARN org.apache.kafka.clients.NetworkClient - [AdminClient clientId=adminclient-1] Connection to node -1 (localhost/127.0.0.1:9092) could not be established. Broker may not be available.
[kafka-admin-client-thread | adminclient-20] INFO org.apache.kafka.clients.NetworkClient - [AdminClient clientId=adminclient-20] Node -1 disconnected.
[kafka-admin-client-thread | adminclient-20] WARN org.apache.kafka.clients.NetworkClient - [AdminClient clientId=adminclient-20] Connection to node -1 (localhost/127.0.0.1:9092) could not be established. Broker may not be available.
[kafka-admin-client-thread | adminclient-30] INFO org.apache.kafka.clients.NetworkClient - [AdminClient clientId=adminclient-30] Node -1 disconnected.
[kafka-admin-client-thread | adminclient-30] WARN org.apache.kafka.clients.NetworkClient - [AdminClient clientId=adminclient-30] Connection to node -1 (localhost/127.0.0.1:9092) could not be established. Broker may not be available.
[kafka-admin-client-thread | adminclient-21] INFO org.apache.kafka.clients.NetworkClient - [AdminClient clientId=adminclient-21] Node -1 disconnected.
[kafka-admin-client-thread | adminclient-21] WARN org.apache.kafka.clients.NetworkClient - [AdminClient clientId=adminclient-21] Connection to node -1 (localhost/127.0.0.1:9092) could not be established. Broker may not be available.
[kafka-admin-client-thread | adminclient-15] INFO org.apache.kafka.clients.NetworkClient - [AdminClient clientId=adminclient-15] Node -1 disconnected.
[kafka-admin-client-thread | adminclient-15] WARN org.apache.kafka.clients.NetworkClient - [AdminClient clientId=adminclient-15] Connection to node -1 (localhost/127.0.0.1:9092) could not be established. Broker may not be available.
[kafka-admin-client-thread | adminclient-26] INFO org.apache.kafka.clients.NetworkClient - [AdminClient clientId=adminclient-26] Node -1 disconnected.
[kafka-admin-client-thread | adminclient-26] WARN org.apache.kafka.clients.NetworkClient - [AdminClient clientId=adminclient-26] Connection to node -1 (localhost/127.0.0.1:9092) could not be established. Broker may not be available.
[kafka-admin-client-thread | adminclient-19] INFO org.apache.kafka.clients.NetworkClient - [AdminClient clientId=adminclient-19] Node -1 disconnected.
[kafka-admin-client-thread | adminclient-19] WARN org.apache.kafka.clients.NetworkClient - [AdminClient clientId=adminclient-19] Connection to node -1 (localhost/127.0.0.1:9092) could not be established. Broker may not be available.
[kafka-admin-client-thread | adminclient-18] INFO org.apache.kafka.clients.NetworkClient - [AdminClient clientId=adminclient-18] Node -1 disconnected.
[kafka-admin-client-thread | adminclient-18] WARN org.apache.kafka.clients.NetworkClient - [AdminClient clientId=adminclient-18] Connection to node -1 (localhost/127.0.0.1:9092) could not be established. Broker may not be available.
[kafka-admin-client-thread | adminclient-16] INFO org.apache.kafka.clients.NetworkClient - [AdminClient clientId=adminclient-16] Node -1 disconnected.
[kafka-admin-client-thread | adminclient-16] WARN org.apache.kafka.clients.NetworkClient - [AdminClient clientId=adminclient-16] Connection to node -1 (localhost/127.0.0.1:9092) could not be established. Broker may not be available.
[kafka-admin-client-thread | adminclient-2] INFO org.apache.kafka.clients.NetworkClient - [AdminClient clientId=adminclient-2] Node -1 disconnected.
[kafka-admin-client-thread | adminclient-2] WARN org.apache.kafka.clients.NetworkClient - [AdminClient clientId=adminclient-2] Connection to node -1 (localhost/127.0.0.1:9092) could not be established. Broker may not be available.
[kafka-admin-client-thread | adminclient-13] INFO org.apache.kafka.clients.NetworkClient - [AdminClient clientId=adminclient-13] Node -1 disconnected.
[kafka-admin-client-thread | adminclient-13] WARN org.apache.kafka.clients.NetworkClient - [AdminClient clientId=adminclient-13] Connection to node -1 (localhost/127.0.0.1:9092) could not be established. Broker may not be available.
[kafka-admin-client-thread | adminclient-27] INFO org.apache.kafka.clients.NetworkClient - [AdminClient clientId=adminclient-27] Node -1 disconnected.
[kafka-admin-client-thread | adminclient-27] WARN org.apache.kafka.clients.NetworkClient - [AdminClient clientId=adminclient-27] Connection to node -1 (localhost/127.0.0.1:9092) could not be established. Broker may not be available.
[kafka-admin-client-thread | adminclient-3] INFO org.apache.kafka.clients.NetworkClient - [AdminClient clientId=adminclient-3] Node -1 disconnected.
[kafka-admin-client-thread | adminclient-3] WARN org.apache.kafka.clients.NetworkClient - [AdminClient clientId=adminclient-3] Connection to node -1 (localhost/127.0.0.1:9092) could not be established. Broker may not be available.
[kafka-admin-client-thread | adminclient-25] INFO org.apache.kafka.clients.NetworkClient - [AdminClient clientId=adminclient-25] Node -1 disconnected.
[kafka-admin-client-thread | adminclient-25] WARN org.apache.kafka.clients.NetworkClient - [AdminClient clientId=adminclient-25] Connection to node -1 (localhost/127.0.0.1:9092) could not be established. Broker may not be available.
[kafka-admin-client-thread | adminclient-8] INFO org.apache.kafka.clients.NetworkClient - [AdminClient clientId=adminclient-8] Node -1 disconnected.
[kafka-admin-client-thread | adminclient-8] WARN org.apache.kafka.clients.NetworkClient - [AdminClient clientId=adminclient-8] Connection to node -1 (localhost/127.0.0.1:9092) could not be established. Broker may not be available.
[kafka-admin-client-thread | adminclient-29] INFO org.apache.kafka.clients.NetworkClient - [AdminClient clientId=adminclient-29] Node -1 disconnected.
[kafka-admin-client-thread | adminclient-29] WARN org.apache.kafka.clients.NetworkClient - [AdminClient clientId=adminclient-29] Connection to node -1 (localhost/127.0.0.1:9092) could not be established. Broker may not be available.
[kafka-admin-client-thread | adminclient-22] INFO org.apache.kafka.clients.NetworkClient - [AdminClient clientId=adminclient-22] Node -1 disconnected.
[kafka-admin-client-thread | adminclient-22] WARN org.apache.kafka.clients.NetworkClient - [AdminClient clientId=adminclient-22] Connection to node -1 (localhost/127.0.0.1:9092) could not be established. Broker may not be available.
[kafka-admin-client-thread | adminclient-24] INFO org.apache.kafka.clients.NetworkClient - [AdminClient clientId=adminclient-24] Node -1 disconnected.
[kafka-admin-client-thread | adminclient-24] WARN org.apache.kafka.clients.NetworkClient - [AdminClient clientId=adminclient-24] Connection to node -1 (localhost/127.0.0.1:9092) could not be established. Broker may not be available.
[kafka-admin-client-thread | adminclient-12] INFO org.apache.kafka.clients.NetworkClient - [AdminClient clientId=adminclient-12] Node -1 disconnected.
[kafka-admin-client-thread | adminclient-12] WARN org.apache.kafka.clients.NetworkClient - [AdminClient clientId=adminclient-12] Connection to node -1 (localhost/127.0.0.1:9092) could not be established. Broker may not be available.
[kafka-admin-client-thread | adminclient-23] INFO org.apache.kafka.clients.NetworkClient - [AdminClient clientId=adminclient-23] Node -1 disconnected.
[kafka-admin-client-thread | adminclient-23] WARN org.apache.kafka.clients.NetworkClient - [AdminClient clientId=adminclient-23] Connection to node -1 (localhost/127.0.0.1:9092) could not be established. Broker may not be available.
[kafka-admin-client-thread | adminclient-7] INFO org.apache.kafka.clients.NetworkClient - [AdminClient clientId=adminclient-7] Node -1 disconnected.
[kafka-admin-client-thread | adminclient-7] WARN org.apache.kafka.clients.NetworkClient - [AdminClient clientId=adminclient-7] Connection to node -1 (localhost/127.0.0.1:9092) could not be established. Broker may not be available.
[kafka-admin-client-thread | adminclient-28] INFO org.apache.kafka.clients.NetworkClient - [AdminClient clientId=adminclient-28] Node -1 disconnected.
[kafka-admin-client-thread | adminclient-28] WARN org.apache.kafka.clients.NetworkClient - [AdminClient clientId=adminclient-28] Connection to node -1 (localhost/127.0.0.1:9092) could not be established. Broker may not be available.
[kafka-admin-client-thread | adminclient-17] INFO org.apache.kafka.clients.NetworkClient - [AdminClient clientId=adminclient-17] Node -1 disconnected.
[kafka-admin-client-thread | adminclient-17] WARN org.apache.kafka.clients.NetworkClient - [AdminClient clientId=adminclient-17] Connection to node -1 (localhost/127.0.0.1:9092) could not be established. Broker may not be available.
[kafka-admin-client-thread | adminclient-9] INFO org.apache.kafka.clients.NetworkClient - [AdminClient clientId=adminclient-9] Node -1 disconnected.
[kafka-admin-client-thread | adminclient-9] WARN org.apache.kafka.clients.NetworkClient - [AdminClient clientId=adminclient-9] Connection to node -1 (localhost/127.0.0.1:9092) could not be established. Broker may not be available.
[kafka-admin-client-thread | adminclient-10] INFO org.apache.kafka.clients.NetworkClient - [AdminClient clientId=adminclient-10] Node -1 disconnected.
[kafka-admin-client-thread | adminclient-10] WARN org.apache.kafka.clients.NetworkClient - [AdminClient clientId=adminclient-10] Connection to node -1 (localhost/127.0.0.1:9092) could not be established. Broker may not be available.
[kafka-admin-client-thread | adminclient-11] INFO org.apache.kafka.clients.NetworkClient - [AdminClient clientId=adminclient-11] Node -1 disconnected.
[kafka-admin-client-thread | adminclient-11] WARN org.apache.kafka.clients.NetworkClient - [AdminClient clientId=adminclient-11] Connection to node -1 (localhost/127.0.0.1:9092) could not be established. Broker may not be available.
[kafka-admin-client-thread | adminclient-4] INFO org.apache.kafka.clients.NetworkClient - [AdminClient clientId=adminclient-4] Node -1 disconnected.
[kafka-admin-client-thread | adminclient-4] WARN org.apache.kafka.clients.NetworkClient - [AdminClient clientId=adminclient-4] Connection to node -1 (localhost/127.0.0.1:9092) could not be established. Broker may not be available.
[kafka-admin-client-thread | adminclient-14] INFO org.apache.kafka.clients.NetworkClient - [AdminClient clientId=adminclient-14] Node -1 disconnected.
[kafka-admin-client-thread | adminclient-14] WARN org.apache.kafka.clients.NetworkClient - [AdminClient clientId=adminclient-14] Connection to node -1 (localhost/127.0.0.1:9092) could not be established. Broker may not be available.
[kafka-admin-client-thread | adminclient-20] INFO org.apache.kafka.clients.NetworkClient - [AdminClient clientId=adminclient-20] Node -1 disconnected.
[kafka-admin-client-thread | adminclient-20] WARN org.apache.kafka.clients.NetworkClient - [AdminClient clientId=adminclient-20] Connection to node -1 (localhost/127.0.0.1:9092) could not be established. Broker may not be available.
[kafka-admin-client-thread | adminclient-15] INFO org.apache.kafka.clients.NetworkClient - [AdminClient clientId=adminclient-15] Node -1 disconnected.
[kafka-admin-client-thread | adminclient-26] INFO org.apache.kafka.clients.NetworkClient - [AdminClient clientId=adminclient-26] Node -1 disconnected.
[kafka-admin-client-thread | adminclient-15] WARN org.apache.kafka.clients.NetworkClient - [AdminClient clientId=adminclient-15] Connection to node -1 (localhost/127.0.0.1:9092) could not be established. Broker may not be available.
[kafka-admin-client-thread | adminclient-26] WARN org.apache.kafka.clients.NetworkClient - [AdminClient clientId=adminclient-26] Connection to node -1 (localhost/127.0.0.1:9092) could not be established. Broker may not be available.
[kafka-admin-client-thread | adminclient-1] INFO org.apache.kafka.clients.NetworkClient - [AdminClient clientId=adminclient-1] Node -1 disconnected.
[kafka-admin-client-thread | adminclient-1] WARN org.apache.kafka.clients.NetworkClient - [AdminClient clientId=adminclient-1] Connection to node -1 (localhost/127.0.0.1:9092) could not be established. Broker may not be available.
[kafka-admin-client-thread | adminclient-16] INFO org.apache.kafka.clients.NetworkClient - [AdminClient clientId=adminclient-16] Node -1 disconnected.
[kafka-admin-client-thread | adminclient-16] WARN org.apache.kafka.clients.NetworkClient - [AdminClient clientId=adminclient-16] Connection to node -1 (localhost/127.0.0.1:9092) could not be established. Broker may not be available.
[kafka-admin-client-thread | adminclient-30] INFO org.apache.kafka.clients.NetworkClient - [AdminClient clientId=adminclient-30] Node -1 disconnected.
[kafka-admin-client-thread | adminclient-30] WARN org.apache.kafka.clients.NetworkClient - [AdminClient clientId=adminclient-30] Connection to node -1 (localhost/127.0.0.1:9092) could not be established. Broker may not be available.
[kafka-admin-client-thread | adminclient-19] INFO org.apache.kafka.clients.NetworkClient - [AdminClient clientId=adminclient-19] Node -1 disconnected.
[kafka-admin-client-thread | adminclient-19] WARN org.apache.kafka.clients.NetworkClient - [AdminClient clientId=adminclient-19] Connection to node -1 (localhost/127.0.0.1:9092) could not be established. Broker may not be available.
[kafka-admin-client-thread | adminclient-18] INFO org.apache.kafka.clients.NetworkClient - [AdminClient clientId=adminclient-18] Node -1 disconnected.
[kafka-admin-client-thread | adminclient-27] INFO org.apache.kafka.clients.NetworkClient - [AdminClient clientId=adminclient-27] Node -1 disconnected.
[kafka-admin-client-thread | adminclient-18] WARN org.apache.kafka.clients.NetworkClient - [AdminClient clientId=adminclient-18] Connection to node -1 (localhost/127.0.0.1:9092) could not be established. Broker may not be available.
[kafka-admin-client-thread | adminclient-27] WARN org.apache.kafka.clients.NetworkClient - [AdminClient clientId=adminclient-27] Connection to node -1 (localhost/127.0.0.1:9092) could not be established. Broker may not be available.
[kafka-admin-client-thread | adminclient-21] INFO org.apache.kafka.clients.NetworkClient - [AdminClient clientId=adminclient-21] Node -1 disconnected.
[kafka-admin-client-thread | adminclient-21] WARN org.apache.kafka.clients.NetworkClient - [AdminClient clientId=adminclient-21] Connection to node -1 (localhost/127.0.0.1:9092) could not be established. Broker may not be available.
[kafka-admin-client-thread | adminclient-13] INFO org.apache.kafka.clients.NetworkClient - [AdminClient clientId=adminclient-13] Node -1 disconnected.
[kafka-admin-client-thread | adminclient-13] WARN org.apache.kafka.clients.NetworkClient - [AdminClient clientId=adminclient-13] Connection to node -1 (localhost/127.0.0.1:9092) could not be established. Broker may not be available.
[kafka-admin-client-thread | adminclient-2] INFO org.apache.kafka.clients.NetworkClient - [AdminClient clientId=adminclient-2] Node -1 disconnected.
[kafka-admin-client-thread | adminclient-2] WARN org.apache.kafka.clients.NetworkClient - [AdminClient clientId=adminclient-2] Connection to node -1 (localhost/127.0.0.1:9092) could not be established. Broker may not be available.
[kafka-admin-client-thread | adminclient-12] INFO org.apache.kafka.clients.NetworkClient - [AdminClient clientId=adminclient-12] Node -1 disconnected.
[kafka-admin-client-thread | adminclient-12] WARN org.apache.kafka.clients.NetworkClient - [AdminClient clientId=adminclient-12] Connection to node -1 (localhost/127.0.0.1:9092) could not be established. Broker may not be available.
[kafka-admin-client-thread | adminclient-8] INFO org.apache.kafka.clients.NetworkClient - [AdminClient clientId=adminclient-8] Node -1 disconnected.
[kafka-admin-client-thread | adminclient-8] WARN org.apache.kafka.clients.NetworkClient - [AdminClient clientId=adminclient-8] Connection to node -1 (localhost/127.0.0.1:9092) could not be established. Broker may not be available.
[kafka-admin-client-thread | adminclient-3] INFO org.apache.kafka.clients.NetworkClient - [AdminClient clientId=adminclient-3] Node -1 disconnected.
[kafka-admin-client-thread | adminclient-3] WARN org.apache.kafka.clients.NetworkClient - [AdminClient clientId=adminclient-3] Connection to node -1 (localhost/127.0.0.1:9092) could not be established. Broker may not be available.
[kafka-admin-client-thread | adminclient-23] INFO org.apache.kafka.clients.NetworkClient - [AdminClient clientId=adminclient-23] Node -1 disconnected.
[kafka-admin-client-thread | adminclient-22] INFO org.apache.kafka.clients.NetworkClient - [AdminClient clientId=adminclient-22] Node -1 disconnected.
[kafka-admin-client-thread | adminclient-23] WARN org.apache.kafka.clients.NetworkClient - [AdminClient clientId=adminclient-23] Connection to node -1 (localhost/127.0.0.1:9092) could not be established. Broker may not be available.
[kafka-admin-client-thread | adminclient-22] WARN org.apache.kafka.clients.NetworkClient - [AdminClient clientId=adminclient-22] Connection to node -1 (localhost/127.0.0.1:9092) could not be established. Broker may not be available.
[kafka-admin-client-thread | adminclient-25] INFO org.apache.kafka.clients.NetworkClient - [AdminClient clientId=adminclient-25] Node -1 disconnected.
[kafka-admin-client-thread | adminclient-25] WARN org.apache.kafka.clients.NetworkClient - [AdminClient clientId=adminclient-25] Connection to node -1 (localhost/127.0.0.1:9092) could not be established. Broker may not be available.
[kafka-admin-client-thread | adminclient-29] INFO org.apache.kafka.clients.NetworkClient - [AdminClient clientId=adminclient-29] Node -1 disconnected.
[kafka-admin-client-thread | adminclient-29] WARN org.apache.kafka.clients.NetworkClient - [AdminClient clientId=adminclient-29] Connection to node -1 (localhost/127.0.0.1:9092) could not be established. Broker may not be available.
[kafka-admin-client-thread | adminclient-24] INFO org.apache.kafka.clients.NetworkClient - [AdminClient clientId=adminclient-24] Node -1 disconnected.
[kafka-admin-client-thread | adminclient-24] WARN org.apache.kafka.clients.NetworkClient - [AdminClient clientId=adminclient-24] Connection to node -1 (localhost/127.0.0.1:9092) could not be established. Broker may not be available.
[kafka-admin-client-thread | adminclient-9] INFO org.apache.kafka.clients.NetworkClient - [AdminClient clientId=adminclient-9] Node -1 disconnected.
[kafka-admin-client-thread | adminclient-9] WARN org.apache.kafka.clients.NetworkClient - [AdminClient clientId=adminclient-9] Connection to node -1 (localhost/127.0.0.1:9092) could not be established. Broker may not be available.
[kafka-admin-client-thread | adminclient-7] INFO org.apache.kafka.clients.NetworkClient - [AdminClient clientId=adminclient-7] Node -1 disconnected.
[kafka-admin-client-thread | adminclient-28] INFO org.apache.kafka.clients.NetworkClient - [AdminClient clientId=adminclient-28] Node -1 disconnected.
[kafka-admin-client-thread | adminclient-7] WARN org.apache.kafka.clients.NetworkClient - [AdminClient clientId=adminclient-7] Connection to node -1 (localhost/127.0.0.1:9092) could not be established. Broker may not be available.
[kafka-admin-client-thread | adminclient-28] WARN org.apache.kafka.clients.NetworkClient - [AdminClient clientId=adminclient-28] Connection to node -1 (localhost/127.0.0.1:9092) could not be established. Broker may not be available.
[kafka-admin-client-thread | adminclient-11] INFO org.apache.kafka.clients.NetworkClient - [AdminClient clientId=adminclient-11] Node -1 disconnected.
[kafka-admin-client-thread | adminclient-11] WARN org.apache.kafka.clients.NetworkClient - [AdminClient clientId=adminclient-11] Connection to node -1 (localhost/127.0.0.1:9092) could not be established. Broker may not be available.
[kafka-admin-client-thread | adminclient-20] INFO org.apache.kafka.clients.NetworkClient - [AdminClient clientId=adminclient-20] Node -1 disconnected.
[kafka-admin-client-thread | adminclient-20] WARN org.apache.kafka.clients.NetworkClient - [AdminClient clientId=adminclient-20] Connection to node -1 (localhost/127.0.0.1:9092) could not be established. Broker may not be available.
[kafka-admin-client-thread | adminclient-14] INFO org.apache.kafka.clients.NetworkClient - [AdminClient clientId=adminclient-14] Node -1 disconnected.
[kafka-admin-client-thread | adminclient-14] WARN org.apache.kafka.clients.NetworkClient - [AdminClient clientId=adminclient-14] Connection to node -1 (localhost/127.0.0.1:9092) could not be established. Broker may not be available.
[kafka-admin-client-thread | adminclient-17] INFO org.apache.kafka.clients.NetworkClient - [AdminClient clientId=adminclient-17] Node -1 disconnected.
[kafka-admin-client-thread | adminclient-17] WARN org.apache.kafka.clients.NetworkClient - [AdminClient clientId=adminclient-17] Connection to node -1 (localhost/127.0.0.1:9092) could not be established. Broker may not be available.
[kafka-admin-client-thread | adminclient-16] INFO org.apache.kafka.clients.NetworkClient - [AdminClient clientId=adminclient-16] Node -1 disconnected.
[kafka-admin-client-thread | adminclient-16] WARN org.apache.kafka.clients.NetworkClient - [AdminClient clientId=adminclient-16] Connection to node -1 (localhost/127.0.0.1:9092) could not be established. Broker may not be available.
[kafka-admin-client-thread | adminclient-10] INFO org.apache.kafka.clients.NetworkClient - [AdminClient clientId=adminclient-10] Node -1 disconnected.
[kafka-admin-client-thread | adminclient-10] WARN org.apache.kafka.clients.NetworkClient - [AdminClient clientId=adminclient-10] Connection to node -1 (localhost/127.0.0.1:9092) could not be established. Broker may not be available.
[kafka-admin-client-thread | adminclient-15] INFO org.apache.kafka.clients.NetworkClient - [AdminClient clientId=adminclient-15] Node -1 disconnected.
[kafka-admin-client-thread | adminclient-15] WARN org.apache.kafka.clients.NetworkClient - [AdminClient clientId=adminclient-15] Connection to node -1 (localhost/127.0.0.1:9092) could not be established. Broker may not be available.
[kafka-admin-client-thread | adminclient-19] INFO org.apache.kafka.clients.NetworkClient - [AdminClient clientId=adminclient-19] Node -1 disconnected.
[kafka-admin-client-thread | adminclient-19] WARN org.apache.kafka.clients.NetworkClient - [AdminClient clientId=adminclient-19] Connection to node -1 (localhost/127.0.0.1:9092) could not be established. Broker may not be available.
[kafka-admin-client-thread | adminclient-4] INFO org.apache.kafka.clients.NetworkClient - [AdminClient clientId=adminclient-4] Node -1 disconnected.
[kafka-admin-client-thread | adminclient-4] WARN org.apache.kafka.clients.NetworkClient - [AdminClient clientId=adminclient-4] Connection to node -1 (localhost/127.0.0.1:9092) could not be established. Broker may not be available.
[kafka-admin-client-thread | adminclient-21] INFO org.apache.kafka.clients.NetworkClient - [AdminClient clientId=adminclient-21] Node -1 disconnected.
[kafka-admin-client-thread | adminclient-21] WARN org.apache.kafka.clients.NetworkClient - [AdminClient clientId=adminclient-21] Connection to node -1 (localhost/127.0.0.1:9092) could not be established. Broker may not be available.
[kafka-admin-client-thread | adminclient-18] INFO org.apache.kafka.clients.NetworkClient - [AdminClient clientId=adminclient-18] Node -1 disconnected.
[kafka-admin-client-thread | adminclient-18] WARN org.apache.kafka.clients.NetworkClient - [AdminClient clientId=adminclient-18] Connection to node -1 (localhost/127.0.0.1:9092) could not be established. Broker may not be available.
[kafka-admin-client-thread | adminclient-27] INFO org.apache.kafka.clients.NetworkClient - [AdminClient clientId=adminclient-27] Node -1 disconnected.
[kafka-admin-client-thread | adminclient-26] INFO org.apache.kafka.clients.NetworkClient - [AdminClient clientId=adminclient-26] Node -1 disconnected.
[kafka-admin-client-thread | adminclient-27] WARN org.apache.kafka.clients.NetworkClient - [AdminClient clientId=adminclient-27] Connection to node -1 (localhost/127.0.0.1:9092) could not be established. Broker may not be available.
[kafka-admin-client-thread | adminclient-26] WARN org.apache.kafka.clients.NetworkClient - [AdminClient clientId=adminclient-26] Connection to node -1 (localhost/127.0.0.1:9092) could not be established. Broker may not be available.
[kafka-admin-client-thread | adminclient-1] INFO org.apache.kafka.clients.NetworkClient - [AdminClient clientId=adminclient-1] Node -1 disconnected.
[kafka-admin-client-thread | adminclient-1] WARN org.apache.kafka.clients.NetworkClient - [AdminClient clientId=adminclient-1] Connection to node -1 (localhost/127.0.0.1:9092) could not be established. Broker may not be available.
[kafka-admin-client-thread | adminclient-30] INFO org.apache.kafka.clients.NetworkClient - [AdminClient clientId=adminclient-30] Node -1 disconnected.
[kafka-admin-client-thread | adminclient-30] WARN org.apache.kafka.clients.NetworkClient - [AdminClient clientId=adminclient-30] Connection to node -1 (localhost/127.0.0.1:9092) could not be established. Broker may not be available.
[kafka-admin-client-thread | adminclient-13] INFO org.apache.kafka.clients.NetworkClient - [AdminClient clientId=adminclient-13] Node -1 disconnected.
[kafka-admin-client-thread | adminclient-13] WARN org.apache.kafka.clients.NetworkClient - [AdminClient clientId=adminclient-13] Connection to node -1 (localhost/127.0.0.1:9092) could not be established. Broker may not be available.
[kafka-admin-client-thread | adminclient-8] INFO org.apache.kafka.clients.NetworkClient - [AdminClient clientId=adminclient-8] Node -1 disconnected.
[kafka-admin-client-thread | adminclient-8] WARN org.apache.kafka.clients.NetworkClient - [AdminClient clientId=adminclient-8] Connection to node -1 (localhost/127.0.0.1:9092) could not be established. Broker may not be available.
[kafka-admin-client-thread | adminclient-23] INFO org.apache.kafka.clients.NetworkClient - [AdminClient clientId=adminclient-23] Node -1 disconnected.
[kafka-admin-client-thread | adminclient-23] WARN org.apache.kafka.clients.NetworkClient - [AdminClient clientId=adminclient-23] Connection to node -1 (localhost/127.0.0.1:9092) could not be established. Broker may not be available.
[kafka-admin-client-thread | adminclient-2] INFO org.apache.kafka.clients.NetworkClient - [AdminClient clientId=adminclient-2] Node -1 disconnected.
[kafka-admin-client-thread | adminclient-2] WARN org.apache.kafka.clients.NetworkClient - [AdminClient clientId=adminclient-2] Connection to node -1 (localhost/127.0.0.1:9092) could not be established. Broker may not be available.
[kafka-admin-client-thread | adminclient-3] INFO org.apache.kafka.clients.NetworkClient - [AdminClient clientId=adminclient-3] Node -1 disconnected.
[kafka-admin-client-thread | adminclient-3] WARN org.apache.kafka.clients.NetworkClient - [AdminClient clientId=adminclient-3] Connection to node -1 (localhost/127.0.0.1:9092) could not be established. Broker may not be available.
[kafka-admin-client-thread | adminclient-22] INFO org.apache.kafka.clients.NetworkClient - [AdminClient clientId=adminclient-22] Node -1 disconnected.
[kafka-admin-client-thread | adminclient-25] INFO org.apache.kafka.clients.NetworkClient - [AdminClient clientId=adminclient-25] Node -1 disconnected.
[kafka-admin-client-thread | adminclient-22] WARN org.apache.kafka.clients.NetworkClient - [AdminClient clientId=adminclient-22] Connection to node -1 (localhost/127.0.0.1:9092) could not be established. Broker may not be available.
[kafka-admin-client-thread | adminclient-25] WARN org.apache.kafka.clients.NetworkClient - [AdminClient clientId=adminclient-25] Connection to node -1 (localhost/127.0.0.1:9092) could not be established. Broker may not be available.
[kafka-admin-client-thread | adminclient-12] INFO org.apache.kafka.clients.NetworkClient - [AdminClient clientId=adminclient-12] Node -1 disconnected.
[kafka-admin-client-thread | adminclient-12] WARN org.apache.kafka.clients.NetworkClient - [AdminClient clientId=adminclient-12] Connection to node -1 (localhost/127.0.0.1:9092) could not be established. Broker may not be available.
[kafka-admin-client-thread | adminclient-9] INFO org.apache.kafka.clients.NetworkClient - [AdminClient clientId=adminclient-9] Node -1 disconnected.
[kafka-admin-client-thread | adminclient-9] WARN org.apache.kafka.clients.NetworkClient - [AdminClient clientId=adminclient-9] Connection to node -1 (localhost/127.0.0.1:9092) could not be established. Broker may not be available.
[kafka-admin-client-thread | adminclient-24] INFO org.apache.kafka.clients.NetworkClient - [AdminClient clientId=adminclient-24] Node -1 disconnected.
[kafka-admin-client-thread | adminclient-24] WARN org.apache.kafka.clients.NetworkClient - [AdminClient clientId=adminclient-24] Connection to node -1 (localhost/127.0.0.1:9092) could not be established. Broker may not be available.
[kafka-admin-client-thread | adminclient-28] INFO org.apache.kafka.clients.NetworkClient - [AdminClient clientId=adminclient-28] Node -1 disconnected.
[kafka-admin-client-thread | adminclient-28] WARN org.apache.kafka.clients.NetworkClient - [AdminClient clientId=adminclient-28] Connection to node -1 (localhost/127.0.0.1:9092) could not be established. Broker may not be available.
[kafka-admin-client-thread | adminclient-29] INFO org.apache.kafka.clients.NetworkClient - [AdminClient clientId=adminclient-29] Node -1 disconnected.
[kafka-admin-client-thread | adminclient-29] WARN org.apache.kafka.clients.NetworkClient - [AdminClient clientId=adminclient-29] Connection to node -1 (localhost/127.0.0.1:9092) could not be established. Broker may not be available.
[kafka-admin-client-thread | adminclient-14] INFO org.apache.kafka.clients.NetworkClient - [AdminClient clientId=adminclient-14] Node -1 disconnected.
[kafka-admin-client-thread | adminclient-14] WARN org.apache.kafka.clients.NetworkClient - [AdminClient clientId=adminclient-14] Connection to node -1 (localhost/127.0.0.1:9092) could not be established. Broker may not be available.
[kafka-admin-client-thread | adminclient-16] INFO org.apache.kafka.clients.NetworkClient - [AdminClient clientId=adminclient-16] Node -1 disconnected.
[kafka-admin-client-thread | adminclient-16] WARN org.apache.kafka.clients.NetworkClient - [AdminClient clientId=adminclient-16] Connection to node -1 (localhost/127.0.0.1:9092) could not be established. Broker may not be available.
[kafka-admin-client-thread | adminclient-10] INFO org.apache.kafka.clients.NetworkClient - [AdminClient clientId=adminclient-10] Node -1 disconnected.
[kafka-admin-client-thread | adminclient-10] WARN org.apache.kafka.clients.NetworkClient - [AdminClient clientId=adminclient-10] Connection to node -1 (localhost/127.0.0.1:9092) could not be established. Broker may not be available.
[kafka-admin-client-thread | adminclient-7] INFO org.apache.kafka.clients.NetworkClient - [AdminClient clientId=adminclient-7] Node -1 disconnected.
[kafka-admin-client-thread | adminclient-7] WARN org.apache.kafka.clients.NetworkClient - [AdminClient clientId=adminclient-7] Connection to node -1 (localhost/127.0.0.1:9092) could not be established. Broker may not be available.
[kafka-admin-client-thread | adminclient-17] INFO org.apache.kafka.clients.NetworkClient - [AdminClient clientId=adminclient-17] Node -1 disconnected.
[kafka-admin-client-thread | adminclient-17] WARN org.apache.kafka.clients.NetworkClient - [AdminClient clientId=adminclient-17] Connection to node -1 (localhost/127.0.0.1:9092) could not be established. Broker may not be available.
[kafka-admin-client-thread | adminclient-19] INFO org.apache.kafka.clients.NetworkClient - [AdminClient clientId=adminclient-19] Node -1 disconnected.
[kafka-admin-client-thread | adminclient-19] WARN org.apache.kafka.clients.NetworkClient - [AdminClient clientId=adminclient-19] Connection to node -1 (localhost/127.0.0.1:9092) could not be established. Broker may not be available.
[kafka-admin-client-thread | adminclient-27] INFO org.apache.kafka.clients.NetworkClient - [AdminClient clientId=adminclient-27] Node -1 disconnected.
[kafka-admin-client-thread | adminclient-18] INFO org.apache.kafka.clients.NetworkClient - [AdminClient clientId=adminclient-18] Node -1 disconnected.
[kafka-admin-client-thread | adminclient-18] WARN org.apache.kafka.clients.NetworkClient - [AdminClient clientId=adminclient-18] Connection to node -1 (localhost/127.0.0.1:9092) could not be established. Broker may not be available.
[kafka-admin-client-thread | adminclient-27] WARN org.apache.kafka.clients.NetworkClient - [AdminClient clientId=adminclient-27] Connection to node -1 (localhost/127.0.0.1:9092) could not be established. Broker may not be available.
[kafka-admin-client-thread | adminclient-11] INFO org.apache.kafka.clients.NetworkClient - [AdminClient clientId=adminclient-11] Node -1 disconnected.
[kafka-admin-client-thread | adminclient-11] WARN org.apache.kafka.clients.NetworkClient - [AdminClient clientId=adminclient-11] Connection to node -1 (localhost/127.0.0.1:9092) could not be established. Broker may not be available.
[kafka-admin-client-thread | adminclient-20] INFO org.apache.kafka.clients.NetworkClient - [AdminClient clientId=adminclient-20] Node -1 disconnected.
[kafka-admin-client-thread | adminclient-20] WARN org.apache.kafka.clients.NetworkClient - [AdminClient clientId=adminclient-20] Connection to node -1 (localhost/127.0.0.1:9092) could not be established. Broker may not be available.
[kafka-admin-client-thread | adminclient-21] INFO org.apache.kafka.clients.NetworkClient - [AdminClient clientId=adminclient-21] Node -1 disconnected.
[kafka-admin-client-thread | adminclient-21] WARN org.apache.kafka.clients.NetworkClient - [AdminClient clientId=adminclient-21] Connection to node -1 (localhost/127.0.0.1:9092) could not be established. Broker may not be available.
[kafka-admin-client-thread | adminclient-15] INFO org.apache.kafka.clients.NetworkClient - [AdminClient clientId=adminclient-15] Node -1 disconnected.
[kafka-admin-client-thread | adminclient-15] WARN org.apache.kafka.clients.NetworkClient - [AdminClient clientId=adminclient-15] Connection to node -1 (localhost/127.0.0.1:9092) could not be established. Broker may not be available.
[kafka-admin-client-thread | adminclient-30] INFO org.apache.kafka.clients.NetworkClient - [AdminClient clientId=adminclient-30] Node -1 disconnected.
[kafka-admin-client-thread | adminclient-30] WARN org.apache.kafka.clients.NetworkClient - [AdminClient clientId=adminclient-30] Connection to node -1 (localhost/127.0.0.1:9092) could not be established. Broker may not be available.
[kafka-admin-client-thread | adminclient-13] INFO org.apache.kafka.clients.NetworkClient - [AdminClient clientId=adminclient-13] Node -1 disconnected.
[kafka-admin-client-thread | adminclient-13] WARN org.apache.kafka.clients.NetworkClient - [AdminClient clientId=adminclient-13] Connection to node -1 (localhost/127.0.0.1:9092) could not be established. Broker may not be available.
[kafka-admin-client-thread | adminclient-26] INFO org.apache.kafka.clients.NetworkClient - [AdminClient clientId=adminclient-26] Node -1 disconnected.
[kafka-admin-client-thread | adminclient-26] WARN org.apache.kafka.clients.NetworkClient - [AdminClient clientId=adminclient-26] Connection to node -1 (localhost/127.0.0.1:9092) could not be established. Broker may not be available.
[kafka-admin-client-thread | adminclient-1] INFO org.apache.kafka.clients.NetworkClient - [AdminClient clientId=adminclient-1] Node -1 disconnected.
[kafka-admin-client-thread | adminclient-1] WARN org.apache.kafka.clients.NetworkClient - [AdminClient clientId=adminclient-1] Connection to node -1 (localhost/127.0.0.1:9092) could not be established. Broker may not be available.
[kafka-admin-client-thread | adminclient-4] INFO org.apache.kafka.clients.NetworkClient - [AdminClient clientId=adminclient-4] Node -1 disconnected.
[kafka-admin-client-thread | adminclient-4] WARN org.apache.kafka.clients.NetworkClient - [AdminClient clientId=adminclient-4] Connection to node -1 (localhost/127.0.0.1:9092) could not be established. Broker may not be available.
[kafka-admin-client-thread | adminclient-8] INFO org.apache.kafka.clients.NetworkClient - [AdminClient clientId=adminclient-8] Node -1 disconnected.
[kafka-admin-client-thread | adminclient-8] WARN org.apache.kafka.clients.NetworkClient - [AdminClient clientId=adminclient-8] Connection to node -1 (localhost/127.0.0.1:9092) could not be established. Broker may not be available.
[kafka-admin-client-thread | adminclient-23] INFO org.apache.kafka.clients.NetworkClient - [AdminClient clientId=adminclient-23] Node -1 disconnected.
[kafka-admin-client-thread | adminclient-24] INFO org.apache.kafka.clients.NetworkClient - [AdminClient clientId=adminclient-24] Node -1 disconnected.
[kafka-admin-client-thread | adminclient-24] WARN org.apache.kafka.clients.NetworkClient - [AdminClient clientId=adminclient-24] Connection to node -1 (localhost/127.0.0.1:9092) could not be established. Broker may not be available.
[kafka-admin-client-thread | adminclient-23] WARN org.apache.kafka.clients.NetworkClient - [AdminClient clientId=adminclient-23] Connection to node -1 (localhost/127.0.0.1:9092) could not be established. Broker may not be available.
[kafka-admin-client-thread | adminclient-2] INFO org.apache.kafka.clients.NetworkClient - [AdminClient clientId=adminclient-2] Node -1 disconnected.
[kafka-admin-client-thread | adminclient-25] INFO org.apache.kafka.clients.NetworkClient - [AdminClient clientId=adminclient-25] Node -1 disconnected.
[kafka-admin-client-thread | adminclient-2] WARN org.apache.kafka.clients.NetworkClient - [AdminClient clientId=adminclient-2] Connection to node -1 (localhost/127.0.0.1:9092) could not be established. Broker may not be available.
[kafka-admin-client-thread | adminclient-25] WARN org.apache.kafka.clients.NetworkClient - [AdminClient clientId=adminclient-25] Connection to node -1 (localhost/127.0.0.1:9092) could not be established. Broker may not be available.
[kafka-admin-client-thread | adminclient-9] INFO org.apache.kafka.clients.NetworkClient - [AdminClient clientId=adminclient-9] Node -1 disconnected.
[kafka-admin-client-thread | adminclient-9] WARN org.apache.kafka.clients.NetworkClient - [AdminClient clientId=adminclient-9] Connection to node -1 (localhost/127.0.0.1:9092) could not be established. Broker may not be available.
[kafka-admin-client-thread | adminclient-3] INFO org.apache.kafka.clients.NetworkClient - [AdminClient clientId=adminclient-3] Node -1 disconnected.
[kafka-admin-client-thread | adminclient-3] WARN org.apache.kafka.clients.NetworkClient - [AdminClient clientId=adminclient-3] Connection to node -1 (localhost/127.0.0.1:9092) could not be established. Broker may not be available.
[kafka-admin-client-thread | adminclient-12] INFO org.apache.kafka.clients.NetworkClient - [AdminClient clientId=adminclient-12] Node -1 disconnected.
[kafka-admin-client-thread | adminclient-12] WARN org.apache.kafka.clients.NetworkClient - [AdminClient clientId=adminclient-12] Connection to node -1 (localhost/127.0.0.1:9092) could not be established. Broker may not be available.
[kafka-admin-client-thread | adminclient-22] INFO org.apache.kafka.clients.NetworkClient - [AdminClient clientId=adminclient-22] Node -1 disconnected.
[kafka-admin-client-thread | adminclient-22] WARN org.apache.kafka.clients.NetworkClient - [AdminClient clientId=adminclient-22] Connection to node -1 (localhost/127.0.0.1:9092) could not be established. Broker may not be available.
[kafka-admin-client-thread | adminclient-14] INFO org.apache.kafka.clients.NetworkClient - [AdminClient clientId=adminclient-14] Node -1 disconnected.
[kafka-admin-client-thread | adminclient-28] INFO org.apache.kafka.clients.NetworkClient - [AdminClient clientId=adminclient-28] Node -1 disconnected.
[kafka-admin-client-thread | adminclient-28] WARN org.apache.kafka.clients.NetworkClient - [AdminClient clientId=adminclient-28] Connection to node -1 (localhost/127.0.0.1:9092) could not be established. Broker may not be available.
[kafka-admin-client-thread | adminclient-14] WARN org.apache.kafka.clients.NetworkClient - [AdminClient clientId=adminclient-14] Connection to node -1 (localhost/127.0.0.1:9092) could not be established. Broker may not be available.
[kafka-admin-client-thread | adminclient-16] INFO org.apache.kafka.clients.NetworkClient - [AdminClient clientId=adminclient-16] Node -1 disconnected.
[kafka-admin-client-thread | adminclient-16] WARN org.apache.kafka.clients.NetworkClient - [AdminClient clientId=adminclient-16] Connection to node -1 (localhost/127.0.0.1:9092) could not be established. Broker may not be available.
[kafka-admin-client-thread | adminclient-20] INFO org.apache.kafka.clients.NetworkClient - [AdminClient clientId=adminclient-20] Node -1 disconnected.
[kafka-admin-client-thread | adminclient-20] WARN org.apache.kafka.clients.NetworkClient - [AdminClient clientId=adminclient-20] Connection to node -1 (localhost/127.0.0.1:9092) could not be established. Broker may not be available.
[kafka-admin-client-thread | adminclient-11] INFO org.apache.kafka.clients.NetworkClient - [AdminClient clientId=adminclient-11] Node -1 disconnected.
[kafka-admin-client-thread | adminclient-7] INFO org.apache.kafka.clients.NetworkClient - [AdminClient clientId=adminclient-7] Node -1 disconnected.
[kafka-admin-client-thread | adminclient-7] WARN org.apache.kafka.clients.NetworkClient - [AdminClient clientId=adminclient-7] Connection to node -1 (localhost/127.0.0.1:9092) could not be established. Broker may not be available.
[kafka-admin-client-thread | adminclient-11] WARN org.apache.kafka.clients.NetworkClient - [AdminClient clientId=adminclient-11] Connection to node -1 (localhost/127.0.0.1:9092) could not be established. Broker may not be available.
[kafka-admin-client-thread | adminclient-29] INFO org.apache.kafka.clients.NetworkClient - [AdminClient clientId=adminclient-29] Node -1 disconnected.
[kafka-admin-client-thread | adminclient-29] WARN org.apache.kafka.clients.NetworkClient - [AdminClient clientId=adminclient-29] Connection to node -1 (localhost/127.0.0.1:9092) could not be established. Broker may not be available.
[kafka-admin-client-thread | adminclient-27] INFO org.apache.kafka.clients.NetworkClient - [AdminClient clientId=adminclient-27] Node -1 disconnected.
[kafka-admin-client-thread | adminclient-27] WARN org.apache.kafka.clients.NetworkClient - [AdminClient clientId=adminclient-27] Connection to node -1 (localhost/127.0.0.1:9092) could not be established. Broker may not be available.
[kafka-admin-client-thread | adminclient-17] INFO org.apache.kafka.clients.NetworkClient - [AdminClient clientId=adminclient-17] Node -1 disconnected.
[kafka-admin-client-thread | adminclient-17] WARN org.apache.kafka.clients.NetworkClient - [AdminClient clientId=adminclient-17] Connection to node -1 (localhost/127.0.0.1:9092) could not be established. Broker may not be available.
[kafka-admin-client-thread | adminclient-19] INFO org.apache.kafka.clients.NetworkClient - [AdminClient clientId=adminclient-19] Node -1 disconnected.
[kafka-admin-client-thread | adminclient-19] WARN org.apache.kafka.clients.NetworkClient - [AdminClient clientId=adminclient-19] Connection to node -1 (localhost/127.0.0.1:9092) could not be established. Broker may not be available.
[kafka-admin-client-thread | adminclient-10] INFO org.apache.kafka.clients.NetworkClient - [AdminClient clientId=adminclient-10] Node -1 disconnected.
[kafka-admin-client-thread | adminclient-10] WARN org.apache.kafka.clients.NetworkClient - [AdminClient clientId=adminclient-10] Connection to node -1 (localhost/127.0.0.1:9092) could not be established. Broker may not be available.
[kafka-admin-client-thread | adminclient-13] INFO org.apache.kafka.clients.NetworkClient - [AdminClient clientId=adminclient-13] Node -1 disconnected.
[kafka-admin-client-thread | adminclient-13] WARN org.apache.kafka.clients.NetworkClient - [AdminClient clientId=adminclient-13] Connection to node -1 (localhost/127.0.0.1:9092) could not be established. Broker may not be available.
[kafka-admin-client-thread | adminclient-18] INFO org.apache.kafka.clients.NetworkClient - [AdminClient clientId=adminclient-18] Node -1 disconnected.
[kafka-admin-client-thread | adminclient-18] WARN org.apache.kafka.clients.NetworkClient - [AdminClient clientId=adminclient-18] Connection to node -1 (localhost/127.0.0.1:9092) could not be established. Broker may not be available.
[kafka-admin-client-thread | adminclient-4] INFO org.apache.kafka.clients.NetworkClient - [AdminClient clientId=adminclient-4] Node -1 disconnected.
[kafka-admin-client-thread | adminclient-4] WARN org.apache.kafka.clients.NetworkClient - [AdminClient clientId=adminclient-4] Connection to node -1 (localhost/127.0.0.1:9092) could not be established. Broker may not be available.
[kafka-admin-client-thread | adminclient-30] INFO org.apache.kafka.clients.NetworkClient - [AdminClient clientId=adminclient-30] Node -1 disconnected.
[kafka-admin-client-thread | adminclient-30] WARN org.apache.kafka.clients.NetworkClient - [AdminClient clientId=adminclient-30] Connection to node -1 (localhost/127.0.0.1:9092) could not be established. Broker may not be available.
[kafka-admin-client-thread | adminclient-21] INFO org.apache.kafka.clients.NetworkClient - [AdminClient clientId=adminclient-21] Node -1 disconnected.
[kafka-admin-client-thread | adminclient-21] WARN org.apache.kafka.clients.NetworkClient - [AdminClient clientId=adminclient-21] Connection to node -1 (localhost/127.0.0.1:9092) could not be established. Broker may not be available.
[kafka-admin-client-thread | adminclient-15] INFO org.apache.kafka.clients.NetworkClient - [AdminClient clientId=adminclient-15] Node -1 disconnected.
[kafka-admin-client-thread | adminclient-26] INFO org.apache.kafka.clients.NetworkClient - [AdminClient clientId=adminclient-26] Node -1 disconnected.
[kafka-admin-client-thread | adminclient-15] WARN org.apache.kafka.clients.NetworkClient - [AdminClient clientId=adminclient-15] Connection to node -1 (localhost/127.0.0.1:9092) could not be established. Broker may not be available.
[kafka-admin-client-thread | adminclient-26] WARN org.apache.kafka.clients.NetworkClient - [AdminClient clientId=adminclient-26] Connection to node -1 (localhost/127.0.0.1:9092) could not be established. Broker may not be available.
[kafka-admin-client-thread | adminclient-8] INFO org.apache.kafka.clients.NetworkClient - [AdminClient clientId=adminclient-8] Node -1 disconnected.
[kafka-admin-client-thread | adminclient-8] WARN org.apache.kafka.clients.NetworkClient - [AdminClient clientId=adminclient-8] Connection to node -1 (localhost/127.0.0.1:9092) could not be established. Broker may not be available.
[kafka-admin-client-thread | adminclient-1] INFO org.apache.kafka.clients.NetworkClient - [AdminClient clientId=adminclient-1] Node -1 disconnected.
[kafka-admin-client-thread | adminclient-1] WARN org.apache.kafka.clients.NetworkClient - [AdminClient clientId=adminclient-1] Connection to node -1 (localhost/127.0.0.1:9092) could not be established. Broker may not be available.
[kafka-admin-client-thread | adminclient-24] INFO org.apache.kafka.clients.NetworkClient - [AdminClient clientId=adminclient-24] Node -1 disconnected.
[kafka-admin-client-thread | adminclient-24] WARN org.apache.kafka.clients.NetworkClient - [AdminClient clientId=adminclient-24] Connection to node -1 (localhost/127.0.0.1:9092) could not be established. Broker may not be available.
[kafka-admin-client-thread | adminclient-2] INFO org.apache.kafka.clients.NetworkClient - [AdminClient clientId=adminclient-2] Node -1 disconnected.
[kafka-admin-client-thread | adminclient-2] WARN org.apache.kafka.clients.NetworkClient - [AdminClient clientId=adminclient-2] Connection to node -1 (localhost/127.0.0.1:9092) could not be established. Broker may not be available.
[kafka-admin-client-thread | adminclient-28] INFO org.apache.kafka.clients.NetworkClient - [AdminClient clientId=adminclient-28] Node -1 disconnected.
[kafka-admin-client-thread | adminclient-28] WARN org.apache.kafka.clients.NetworkClient - [AdminClient clientId=adminclient-28] Connection to node -1 (localhost/127.0.0.1:9092) could not be established. Broker may not be available.
[kafka-admin-client-thread | adminclient-9] INFO org.apache.kafka.clients.NetworkClient - [AdminClient clientId=adminclient-9] Node -1 disconnected.
[kafka-admin-client-thread | adminclient-9] WARN org.apache.kafka.clients.NetworkClient - [AdminClient clientId=adminclient-9] Connection to node -1 (localhost/127.0.0.1:9092) could not be established. Broker may not be available.
[kafka-admin-client-thread | adminclient-23] INFO org.apache.kafka.clients.NetworkClient - [AdminClient clientId=adminclient-23] Node -1 disconnected.
[kafka-admin-client-thread | adminclient-23] WARN org.apache.kafka.clients.NetworkClient - [AdminClient clientId=adminclient-23] Connection to node -1 (localhost/127.0.0.1:9092) could not be established. Broker may not be available.
[kafka-admin-client-thread | adminclient-22] INFO org.apache.kafka.clients.NetworkClient - [AdminClient clientId=adminclient-22] Node -1 disconnected.
[kafka-admin-client-thread | adminclient-25] INFO org.apache.kafka.clients.NetworkClient - [AdminClient clientId=adminclient-25] Node -1 disconnected.
[kafka-admin-client-thread | adminclient-22] WARN org.apache.kafka.clients.NetworkClient - [AdminClient clientId=adminclient-22] Connection to node -1 (localhost/127.0.0.1:9092) could not be established. Broker may not be available.
[kafka-admin-client-thread | adminclient-25] WARN org.apache.kafka.clients.NetworkClient - [AdminClient clientId=adminclient-25] Connection to node -1 (localhost/127.0.0.1:9092) could not be established. Broker may not be available.
[kafka-admin-client-thread | adminclient-11] INFO org.apache.kafka.clients.NetworkClient - [AdminClient clientId=adminclient-11] Node -1 disconnected.
[kafka-admin-client-thread | adminclient-11] WARN org.apache.kafka.clients.NetworkClient - [AdminClient clientId=adminclient-11] Connection to node -1 (localhost/127.0.0.1:9092) could not be established. Broker may not be available.
[kafka-admin-client-thread | adminclient-3] INFO org.apache.kafka.clients.NetworkClient - [AdminClient clientId=adminclient-3] Node -1 disconnected.
[kafka-admin-client-thread | adminclient-3] WARN org.apache.kafka.clients.NetworkClient - [AdminClient clientId=adminclient-3] Connection to node -1 (localhost/127.0.0.1:9092) could not be established. Broker may not be available.
[kafka-admin-client-thread | adminclient-12] INFO org.apache.kafka.clients.NetworkClient - [AdminClient clientId=adminclient-12] Node -1 disconnected.
[kafka-admin-client-thread | adminclient-12] WARN org.apache.kafka.clients.NetworkClient - [AdminClient clientId=adminclient-12] Connection to node -1 (localhost/127.0.0.1:9092) could not be established. Broker may not be available.
[kafka-admin-client-thread | adminclient-14] INFO org.apache.kafka.clients.NetworkClient - [AdminClient clientId=adminclient-14] Node -1 disconnected.
[kafka-admin-client-thread | adminclient-14] WARN org.apache.kafka.clients.NetworkClient - [AdminClient clientId=adminclient-14] Connection to node -1 (localhost/127.0.0.1:9092) could not be established. Broker may not be available.
[kafka-admin-client-thread | adminclient-7] INFO org.apache.kafka.clients.NetworkClient - [AdminClient clientId=adminclient-7] Node -1 disconnected.
[kafka-admin-client-thread | adminclient-7] WARN org.apache.kafka.clients.NetworkClient - [AdminClient clientId=adminclient-7] Connection to node -1 (localhost/127.0.0.1:9092) could not be established. Broker may not be available.
[kafka-admin-client-thread | adminclient-27] INFO org.apache.kafka.clients.NetworkClient - [AdminClient clientId=adminclient-27] Node -1 disconnected.
[kafka-admin-client-thread | adminclient-27] WARN org.apache.kafka.clients.NetworkClient - [AdminClient clientId=adminclient-27] Connection to node -1 (localhost/127.0.0.1:9092) could not be established. Broker may not be available.
[kafka-admin-client-thread | adminclient-29] INFO org.apache.kafka.clients.NetworkClient - [AdminClient clientId=adminclient-29] Node -1 disconnected.
[kafka-admin-client-thread | adminclient-29] WARN org.apache.kafka.clients.NetworkClient - [AdminClient clientId=adminclient-29] Connection to node -1 (localhost/127.0.0.1:9092) could not be established. Broker may not be available.
[kafka-admin-client-thread | adminclient-20] INFO org.apache.kafka.clients.NetworkClient - [AdminClient clientId=adminclient-20] Node -1 disconnected.
[kafka-admin-client-thread | adminclient-20] WARN org.apache.kafka.clients.NetworkClient - [AdminClient clientId=adminclient-20] Connection to node -1 (localhost/127.0.0.1:9092) could not be established. Broker may not be available.
[kafka-admin-client-thread | adminclient-19] INFO org.apache.kafka.clients.NetworkClient - [AdminClient clientId=adminclient-19] Node -1 disconnected.
[kafka-admin-client-thread | adminclient-19] WARN org.apache.kafka.clients.NetworkClient - [AdminClient clientId=adminclient-19] Connection to node -1 (localhost/127.0.0.1:9092) could not be established. Broker may not be available.
[kafka-admin-client-thread | adminclient-18] INFO org.apache.kafka.clients.NetworkClient - [AdminClient clientId=adminclient-18] Node -1 disconnected.
[kafka-admin-client-thread | adminclient-18] WARN org.apache.kafka.clients.NetworkClient - [AdminClient clientId=adminclient-18] Connection to node -1 (localhost/127.0.0.1:9092) could not be established. Broker may not be available.
[kafka-admin-client-thread | adminclient-16] INFO org.apache.kafka.clients.NetworkClient - [AdminClient clientId=adminclient-16] Node -1 disconnected.
[kafka-admin-client-thread | adminclient-16] WARN org.apache.kafka.clients.NetworkClient - [AdminClient clientId=adminclient-16] Connection to node -1 (localhost/127.0.0.1:9092) could not be established. Broker may not be available.
[kafka-admin-client-thread | adminclient-30] INFO org.apache.kafka.clients.NetworkClient - [AdminClient clientId=adminclient-30] Node -1 disconnected.
[kafka-admin-client-thread | adminclient-30] WARN org.apache.kafka.clients.NetworkClient - [AdminClient clientId=adminclient-30] Connection to node -1 (localhost/127.0.0.1:9092) could not be established. Broker may not be available.
[kafka-admin-client-thread | adminclient-8] INFO org.apache.kafka.clients.NetworkClient - [AdminClient clientId=adminclient-8] Node -1 disconnected.
[kafka-admin-client-thread | adminclient-8] WARN org.apache.kafka.clients.NetworkClient - [AdminClient clientId=adminclient-8] Connection to node -1 (localhost/127.0.0.1:9092) could not be established. Broker may not be available.
[kafka-admin-client-thread | adminclient-17] INFO org.apache.kafka.clients.NetworkClient - [AdminClient clientId=adminclient-17] Node -1 disconnected.
[kafka-admin-client-thread | adminclient-17] WARN org.apache.kafka.clients.NetworkClient - [AdminClient clientId=adminclient-17] Connection to node -1 (localhost/127.0.0.1:9092) could not be established. Broker may not be available.
[kafka-admin-client-thread | adminclient-4] INFO org.apache.kafka.clients.NetworkClient - [AdminClient clientId=adminclient-4] Node -1 disconnected.
[kafka-admin-client-thread | adminclient-4] WARN org.apache.kafka.clients.NetworkClient - [AdminClient clientId=adminclient-4] Connection to node -1 (localhost/127.0.0.1:9092) could not be established. Broker may not be available.
[kafka-admin-client-thread | adminclient-10] INFO org.apache.kafka.clients.NetworkClient - [AdminClient clientId=adminclient-10] Node -1 disconnected.
[kafka-admin-client-thread | adminclient-13] INFO org.apache.kafka.clients.NetworkClient - [AdminClient clientId=adminclient-13] Node -1 disconnected.
[kafka-admin-client-thread | adminclient-10] WARN org.apache.kafka.clients.NetworkClient - [AdminClient clientId=adminclient-10] Connection to node -1 (localhost/127.0.0.1:9092) could not be established. Broker may not be available.
[kafka-admin-client-thread | adminclient-13] WARN org.apache.kafka.clients.NetworkClient - [AdminClient clientId=adminclient-13] Connection to node -1 (localhost/127.0.0.1:9092) could not be established. Broker may not be available.
[kafka-admin-client-thread | adminclient-26] INFO org.apache.kafka.clients.NetworkClient - [AdminClient clientId=adminclient-26] Node -1 disconnected.
[kafka-admin-client-thread | adminclient-26] WARN org.apache.kafka.clients.NetworkClient - [AdminClient clientId=adminclient-26] Connection to node -1 (localhost/127.0.0.1:9092) could not be established. Broker may not be available.
[kafka-admin-client-thread | adminclient-21] INFO org.apache.kafka.clients.NetworkClient - [AdminClient clientId=adminclient-21] Node -1 disconnected.
[kafka-admin-client-thread | adminclient-21] WARN org.apache.kafka.clients.NetworkClient - [AdminClient clientId=adminclient-21] Connection to node -1 (localhost/127.0.0.1:9092) could not be established. Broker may not be available.
[kafka-admin-client-thread | adminclient-24] INFO org.apache.kafka.clients.NetworkClient - [AdminClient clientId=adminclient-24] Node -1 disconnected.
[kafka-admin-client-thread | adminclient-24] WARN org.apache.kafka.clients.NetworkClient - [AdminClient clientId=adminclient-24] Connection to node -1 (localhost/127.0.0.1:9092) could not be established. Broker may not be available.
[kafka-admin-client-thread | adminclient-15] INFO org.apache.kafka.clients.NetworkClient - [AdminClient clientId=adminclient-15] Node -1 disconnected.
[kafka-admin-client-thread | adminclient-28] INFO org.apache.kafka.clients.NetworkClient - [AdminClient clientId=adminclient-28] Node -1 disconnected.
[kafka-admin-client-thread | adminclient-15] WARN org.apache.kafka.clients.NetworkClient - [AdminClient clientId=adminclient-15] Connection to node -1 (localhost/127.0.0.1:9092) could not be established. Broker may not be available.
[kafka-admin-client-thread | adminclient-28] WARN org.apache.kafka.clients.NetworkClient - [AdminClient clientId=adminclient-28] Connection to node -1 (localhost/127.0.0.1:9092) could not be established. Broker may not be available.
[kafka-admin-client-thread | adminclient-1] INFO org.apache.kafka.clients.NetworkClient - [AdminClient clientId=adminclient-1] Node -1 disconnected.
[kafka-admin-client-thread | adminclient-1] WARN org.apache.kafka.clients.NetworkClient - [AdminClient clientId=adminclient-1] Connection to node -1 (localhost/127.0.0.1:9092) could not be established. Broker may not be available.
[kafka-admin-client-thread | adminclient-9] INFO org.apache.kafka.clients.NetworkClient - [AdminClient clientId=adminclient-9] Node -1 disconnected.
[kafka-admin-client-thread | adminclient-9] WARN org.apache.kafka.clients.NetworkClient - [AdminClient clientId=adminclient-9] Connection to node -1 (localhost/127.0.0.1:9092) could not be established. Broker may not be available.
[kafka-admin-client-thread | adminclient-25] INFO org.apache.kafka.clients.NetworkClient - [AdminClient clientId=adminclient-25] Node -1 disconnected.
[kafka-admin-client-thread | adminclient-2] INFO org.apache.kafka.clients.NetworkClient - [AdminClient clientId=adminclient-2] Node -1 disconnected.
[kafka-admin-client-thread | adminclient-25] WARN org.apache.kafka.clients.NetworkClient - [AdminClient clientId=adminclient-25] Connection to node -1 (localhost/127.0.0.1:9092) could not be established. Broker may not be available.
[kafka-admin-client-thread | adminclient-2] WARN org.apache.kafka.clients.NetworkClient - [AdminClient clientId=adminclient-2] Connection to node -1 (localhost/127.0.0.1:9092) could not be established. Broker may not be available.
[kafka-admin-client-thread | adminclient-22] INFO org.apache.kafka.clients.NetworkClient - [AdminClient clientId=adminclient-22] Node -1 disconnected.
[kafka-admin-client-thread | adminclient-22] WARN org.apache.kafka.clients.NetworkClient - [AdminClient clientId=adminclient-22] Connection to node -1 (localhost/127.0.0.1:9092) could not be established. Broker may not be available.
[kafka-admin-client-thread | adminclient-19] INFO org.apache.kafka.clients.NetworkClient - [AdminClient clientId=adminclient-19] Node -1 disconnected.
[kafka-admin-client-thread | adminclient-19] WARN org.apache.kafka.clients.NetworkClient - [AdminClient clientId=adminclient-19] Connection to node -1 (localhost/127.0.0.1:9092) could not be established. Broker may not be available.
[kafka-admin-client-thread | adminclient-3] INFO org.apache.kafka.clients.NetworkClient - [AdminClient clientId=adminclient-3] Node -1 disconnected.
[kafka-admin-client-thread | adminclient-3] WARN org.apache.kafka.clients.NetworkClient - [AdminClient clientId=adminclient-3] Connection to node -1 (localhost/127.0.0.1:9092) could not be established. Broker may not be available.
[kafka-admin-client-thread | adminclient-23] INFO org.apache.kafka.clients.NetworkClient - [AdminClient clientId=adminclient-23] Node -1 disconnected.
[kafka-admin-client-thread | adminclient-23] WARN org.apache.kafka.clients.NetworkClient - [AdminClient clientId=adminclient-23] Connection to node -1 (localhost/127.0.0.1:9092) could not be established. Broker may not be available.
[kafka-admin-client-thread | adminclient-18] INFO org.apache.kafka.clients.NetworkClient - [AdminClient clientId=adminclient-18] Node -1 disconnected.
[kafka-admin-client-thread | adminclient-18] WARN org.apache.kafka.clients.NetworkClient - [AdminClient clientId=adminclient-18] Connection to node -1 (localhost/127.0.0.1:9092) could not be established. Broker may not be available.
[kafka-admin-client-thread | adminclient-11] INFO org.apache.kafka.clients.NetworkClient - [AdminClient clientId=adminclient-11] Node -1 disconnected.
[kafka-admin-client-thread | adminclient-14] INFO org.apache.kafka.clients.NetworkClient - [AdminClient clientId=adminclient-14] Node -1 disconnected.
[kafka-admin-client-thread | adminclient-11] WARN org.apache.kafka.clients.NetworkClient - [AdminClient clientId=adminclient-11] Connection to node -1 (localhost/127.0.0.1:9092) could not be established. Broker may not be available.
[kafka-admin-client-thread | adminclient-14] WARN org.apache.kafka.clients.NetworkClient - [AdminClient clientId=adminclient-14] Connection to node -1 (localhost/127.0.0.1:9092) could not be established. Broker may not be available.
[kafka-admin-client-thread | adminclient-29] INFO org.apache.kafka.clients.NetworkClient - [AdminClient clientId=adminclient-29] Node -1 disconnected.
[kafka-admin-client-thread | adminclient-29] WARN org.apache.kafka.clients.NetworkClient - [AdminClient clientId=adminclient-29] Connection to node -1 (localhost/127.0.0.1:9092) could not be established. Broker may not be available.
[kafka-admin-client-thread | adminclient-20] INFO org.apache.kafka.clients.NetworkClient - [AdminClient clientId=adminclient-20] Node -1 disconnected.
[kafka-admin-client-thread | adminclient-20] WARN org.apache.kafka.clients.NetworkClient - [AdminClient clientId=adminclient-20] Connection to node -1 (localhost/127.0.0.1:9092) could not be established. Broker may not be available.
[kafka-admin-client-thread | adminclient-12] INFO org.apache.kafka.clients.NetworkClient - [AdminClient clientId=adminclient-12] Node -1 disconnected.
[kafka-admin-client-thread | adminclient-12] WARN org.apache.kafka.clients.NetworkClient - [AdminClient clientId=adminclient-12] Connection to node -1 (localhost/127.0.0.1:9092) could not be established. Broker may not be available.
[kafka-admin-client-thread | adminclient-7] INFO org.apache.kafka.clients.NetworkClient - [AdminClient clientId=adminclient-7] Node -1 disconnected.
[kafka-admin-client-thread | adminclient-27] INFO org.apache.kafka.clients.NetworkClient - [AdminClient clientId=adminclient-27] Node -1 disconnected.
[kafka-admin-client-thread | adminclient-7] WARN org.apache.kafka.clients.NetworkClient - [AdminClient clientId=adminclient-7] Connection to node -1 (localhost/127.0.0.1:9092) could not be established. Broker may not be available.
[kafka-admin-client-thread | adminclient-27] WARN org.apache.kafka.clients.NetworkClient - [AdminClient clientId=adminclient-27] Connection to node -1 (localhost/127.0.0.1:9092) could not be established. Broker may not be available.
[kafka-admin-client-thread | adminclient-17] INFO org.apache.kafka.clients.NetworkClient - [AdminClient clientId=adminclient-17] Node -1 disconnected.
[kafka-admin-client-thread | adminclient-17] WARN org.apache.kafka.clients.NetworkClient - [AdminClient clientId=adminclient-17] Connection to node -1 (localhost/127.0.0.1:9092) could not be established. Broker may not be available.
[kafka-admin-client-thread | adminclient-16] INFO org.apache.kafka.clients.NetworkClient - [AdminClient clientId=adminclient-16] Node -1 disconnected.
[kafka-admin-client-thread | adminclient-16] WARN org.apache.kafka.clients.NetworkClient - [AdminClient clientId=adminclient-16] Connection to node -1 (localhost/127.0.0.1:9092) could not be established. Broker may not be available.
[kafka-admin-client-thread | adminclient-10] INFO org.apache.kafka.clients.NetworkClient - [AdminClient clientId=adminclient-10] Node -1 disconnected.
[kafka-admin-client-thread | adminclient-10] WARN org.apache.kafka.clients.NetworkClient - [AdminClient clientId=adminclient-10] Connection to node -1 (localhost/127.0.0.1:9092) could not be established. Broker may not be available.
[kafka-admin-client-thread | adminclient-30] INFO org.apache.kafka.clients.NetworkClient - [AdminClient clientId=adminclient-30] Node -1 disconnected.
[kafka-admin-client-thread | adminclient-30] WARN org.apache.kafka.clients.NetworkClient - [AdminClient clientId=adminclient-30] Connection to node -1 (localhost/127.0.0.1:9092) could not be established. Broker may not be available.
[kafka-admin-client-thread | adminclient-8] INFO org.apache.kafka.clients.NetworkClient - [AdminClient clientId=adminclient-8] Node -1 disconnected.
[kafka-admin-client-thread | adminclient-8] WARN org.apache.kafka.clients.NetworkClient - [AdminClient clientId=adminclient-8] Connection to node -1 (localhost/127.0.0.1:9092) could not be established. Broker may not be available.
[kafka-admin-client-thread | adminclient-28] INFO org.apache.kafka.clients.NetworkClient - [AdminClient clientId=adminclient-28] Node -1 disconnected.
[kafka-admin-client-thread | adminclient-28] WARN org.apache.kafka.clients.NetworkClient - [AdminClient clientId=adminclient-28] Connection to node -1 (localhost/127.0.0.1:9092) could not be established. Broker may not be available.
[kafka-admin-client-thread | adminclient-4] INFO org.apache.kafka.clients.NetworkClient - [AdminClient clientId=adminclient-4] Node -1 disconnected.
[kafka-admin-client-thread | adminclient-4] WARN org.apache.kafka.clients.NetworkClient - [AdminClient clientId=adminclient-4] Connection to node -1 (localhost/127.0.0.1:9092) could not be established. Broker may not be available.
[kafka-admin-client-thread | adminclient-21] INFO org.apache.kafka.clients.NetworkClient - [AdminClient clientId=adminclient-21] Node -1 disconnected.
[kafka-admin-client-thread | adminclient-24] INFO org.apache.kafka.clients.NetworkClient - [AdminClient clientId=adminclient-24] Node -1 disconnected.
[kafka-admin-client-thread | adminclient-21] WARN org.apache.kafka.clients.NetworkClient - [AdminClient clientId=adminclient-21] Connection to node -1 (localhost/127.0.0.1:9092) could not be established. Broker may not be available.
[kafka-admin-client-thread | adminclient-24] WARN org.apache.kafka.clients.NetworkClient - [AdminClient clientId=adminclient-24] Connection to node -1 (localhost/127.0.0.1:9092) could not be established. Broker may not be available.
[kafka-admin-client-thread | adminclient-13] INFO org.apache.kafka.clients.NetworkClient - [AdminClient clientId=adminclient-13] Node -1 disconnected.
[kafka-admin-client-thread | adminclient-13] WARN org.apache.kafka.clients.NetworkClient - [AdminClient clientId=adminclient-13] Connection to node -1 (localhost/127.0.0.1:9092) could not be established. Broker may not be available.
[kafka-admin-client-thread | adminclient-26] INFO org.apache.kafka.clients.NetworkClient - [AdminClient clientId=adminclient-26] Node -1 disconnected.
[kafka-admin-client-thread | adminclient-26] WARN org.apache.kafka.clients.NetworkClient - [AdminClient clientId=adminclient-26] Connection to node -1 (localhost/127.0.0.1:9092) could not be established. Broker may not be available.
[kafka-admin-client-thread | adminclient-9] INFO org.apache.kafka.clients.NetworkClient - [AdminClient clientId=adminclient-9] Node -1 disconnected.
[kafka-admin-client-thread | adminclient-9] WARN org.apache.kafka.clients.NetworkClient - [AdminClient clientId=adminclient-9] Connection to node -1 (localhost/127.0.0.1:9092) could not be established. Broker may not be available.
[kafka-admin-client-thread | adminclient-22] INFO org.apache.kafka.clients.NetworkClient - [AdminClient clientId=adminclient-22] Node -1 disconnected.
[kafka-admin-client-thread | adminclient-25] INFO org.apache.kafka.clients.NetworkClient - [AdminClient clientId=adminclient-25] Node -1 disconnected.
[kafka-admin-client-thread | adminclient-22] WARN org.apache.kafka.clients.NetworkClient - [AdminClient clientId=adminclient-22] Connection to node -1 (localhost/127.0.0.1:9092) could not be established. Broker may not be available.
[kafka-admin-client-thread | adminclient-25] WARN org.apache.kafka.clients.NetworkClient - [AdminClient clientId=adminclient-25] Connection to node -1 (localhost/127.0.0.1:9092) could not be established. Broker may not be available.
[kafka-admin-client-thread | adminclient-2] INFO org.apache.kafka.clients.NetworkClient - [AdminClient clientId=adminclient-2] Node -1 disconnected.
[kafka-admin-client-thread | adminclient-2] WARN org.apache.kafka.clients.NetworkClient - [AdminClient clientId=adminclient-2] Connection to node -1 (localhost/127.0.0.1:9092) could not be established. Broker may not be available.
[kafka-admin-client-thread | adminclient-15] INFO org.apache.kafka.clients.NetworkClient - [AdminClient clientId=adminclient-15] Node -1 disconnected.
[kafka-admin-client-thread | adminclient-15] WARN org.apache.kafka.clients.NetworkClient - [AdminClient clientId=adminclient-15] Connection to node -1 (localhost/127.0.0.1:9092) could not be established. Broker may not be available.
[kafka-admin-client-thread | adminclient-1] INFO org.apache.kafka.clients.NetworkClient - [AdminClient clientId=adminclient-1] Node -1 disconnected.
[kafka-admin-client-thread | adminclient-1] WARN org.apache.kafka.clients.NetworkClient - [AdminClient clientId=adminclient-1] Connection to node -1 (localhost/127.0.0.1:9092) could not be established. Broker may not be available.
[kafka-admin-client-thread | adminclient-19] INFO org.apache.kafka.clients.NetworkClient - [AdminClient clientId=adminclient-19] Node -1 disconnected.
[kafka-admin-client-thread | adminclient-19] WARN org.apache.kafka.clients.NetworkClient - [AdminClient clientId=adminclient-19] Connection to node -1 (localhost/127.0.0.1:9092) could not be established. Broker may not be available.
[kafka-admin-client-thread | adminclient-18] INFO org.apache.kafka.clients.NetworkClient - [AdminClient clientId=adminclient-18] Node -1 disconnected.
[kafka-admin-client-thread | adminclient-18] WARN org.apache.kafka.clients.NetworkClient - [AdminClient clientId=adminclient-18] Connection to node -1 (localhost/127.0.0.1:9092) could not be established. Broker may not be available.
[kafka-admin-client-thread | adminclient-3] INFO org.apache.kafka.clients.NetworkClient - [AdminClient clientId=adminclient-3] Node -1 disconnected.
[kafka-admin-client-thread | adminclient-3] WARN org.apache.kafka.clients.NetworkClient - [AdminClient clientId=adminclient-3] Connection to node -1 (localhost/127.0.0.1:9092) could not be established. Broker may not be available.
[kafka-admin-client-thread | adminclient-7] INFO org.apache.kafka.clients.NetworkClient - [AdminClient clientId=adminclient-7] Node -1 disconnected.
[kafka-admin-client-thread | adminclient-7] WARN org.apache.kafka.clients.NetworkClient - [AdminClient clientId=adminclient-7] Connection to node -1 (localhost/127.0.0.1:9092) could not be established. Broker may not be available.
[kafka-admin-client-thread | adminclient-17] INFO org.apache.kafka.clients.NetworkClient - [AdminClient clientId=adminclient-17] Node -1 disconnected.
[kafka-admin-client-thread | adminclient-17] WARN org.apache.kafka.clients.NetworkClient - [AdminClient clientId=adminclient-17] Connection to node -1 (localhost/127.0.0.1:9092) could not be established. Broker may not be available.
[kafka-admin-client-thread | adminclient-29] INFO org.apache.kafka.clients.NetworkClient - [AdminClient clientId=adminclient-29] Node -1 disconnected.
[kafka-admin-client-thread | adminclient-29] WARN org.apache.kafka.clients.NetworkClient - [AdminClient clientId=adminclient-29] Connection to node -1 (localhost/127.0.0.1:9092) could not be established. Broker may not be available.
[kafka-admin-client-thread | adminclient-20] INFO org.apache.kafka.clients.NetworkClient - [AdminClient clientId=adminclient-20] Node -1 disconnected.
[kafka-admin-client-thread | adminclient-20] WARN org.apache.kafka.clients.NetworkClient - [AdminClient clientId=adminclient-20] Connection to node -1 (localhost/127.0.0.1:9092) could not be established. Broker may not be available.
[kafka-admin-client-thread | adminclient-23] INFO org.apache.kafka.clients.NetworkClient - [AdminClient clientId=adminclient-23] Node -1 disconnected.
[kafka-admin-client-thread | adminclient-23] WARN org.apache.kafka.clients.NetworkClient - [AdminClient clientId=adminclient-23] Connection to node -1 (localhost/127.0.0.1:9092) could not be established. Broker may not be available.
[kafka-admin-client-thread | adminclient-16] INFO org.apache.kafka.clients.NetworkClient - [AdminClient clientId=adminclient-16] Node -1 disconnected.
[kafka-admin-client-thread | adminclient-16] WARN org.apache.kafka.clients.NetworkClient - [AdminClient clientId=adminclient-16] Connection to node -1 (localhost/127.0.0.1:9092) could not be established. Broker may not be available.
[kafka-admin-client-thread | adminclient-14] INFO org.apache.kafka.clients.NetworkClient - [AdminClient clientId=adminclient-14] Node -1 disconnected.
[kafka-admin-client-thread | adminclient-11] INFO org.apache.kafka.clients.NetworkClient - [AdminClient clientId=adminclient-11] Node -1 disconnected.
[kafka-admin-client-thread | adminclient-14] WARN org.apache.kafka.clients.NetworkClient - [AdminClient clientId=adminclient-14] Connection to node -1 (localhost/127.0.0.1:9092) could not be established. Broker may not be available.
[kafka-admin-client-thread | adminclient-11] WARN org.apache.kafka.clients.NetworkClient - [AdminClient clientId=adminclient-11] Connection to node -1 (localhost/127.0.0.1:9092) could not be established. Broker may not be available.
[kafka-admin-client-thread | adminclient-12] INFO org.apache.kafka.clients.NetworkClient - [AdminClient clientId=adminclient-12] Node -1 disconnected.
[kafka-admin-client-thread | adminclient-12] WARN org.apache.kafka.clients.NetworkClient - [AdminClient clientId=adminclient-12] Connection to node -1 (localhost/127.0.0.1:9092) could not be established. Broker may not be available.
[kafka-admin-client-thread | adminclient-27] INFO org.apache.kafka.clients.NetworkClient - [AdminClient clientId=adminclient-27] Node -1 disconnected.
[kafka-admin-client-thread | adminclient-27] WARN org.apache.kafka.clients.NetworkClient - [AdminClient clientId=adminclient-27] Connection to node -1 (localhost/127.0.0.1:9092) could not be established. Broker may not be available.
[kafka-admin-client-thread | adminclient-10] INFO org.apache.kafka.clients.NetworkClient - [AdminClient clientId=adminclient-10] Node -1 disconnected.
[kafka-admin-client-thread | adminclient-4] INFO org.apache.kafka.clients.NetworkClient - [AdminClient clientId=adminclient-4] Node -1 disconnected.
[kafka-admin-client-thread | adminclient-10] WARN org.apache.kafka.clients.NetworkClient - [AdminClient clientId=adminclient-10] Connection to node -1 (localhost/127.0.0.1:9092) could not be established. Broker may not be available.
[kafka-admin-client-thread | adminclient-4] WARN org.apache.kafka.clients.NetworkClient - [AdminClient clientId=adminclient-4] Connection to node -1 (localhost/127.0.0.1:9092) could not be established. Broker may not be available.
[kafka-admin-client-thread | adminclient-21] INFO org.apache.kafka.clients.NetworkClient - [AdminClient clientId=adminclient-21] Node -1 disconnected.
[kafka-admin-client-thread | adminclient-21] WARN org.apache.kafka.clients.NetworkClient - [AdminClient clientId=adminclient-21] Connection to node -1 (localhost/127.0.0.1:9092) could not be established. Broker may not be available.
[kafka-admin-client-thread | adminclient-28] INFO org.apache.kafka.clients.NetworkClient - [AdminClient clientId=adminclient-28] Node -1 disconnected.
[kafka-admin-client-thread | adminclient-28] WARN org.apache.kafka.clients.NetworkClient - [AdminClient clientId=adminclient-28] Connection to node -1 (localhost/127.0.0.1:9092) could not be established. Broker may not be available.
[kafka-admin-client-thread | adminclient-8] INFO org.apache.kafka.clients.NetworkClient - [AdminClient clientId=adminclient-8] Node -1 disconnected.
[kafka-admin-client-thread | adminclient-8] WARN org.apache.kafka.clients.NetworkClient - [AdminClient clientId=adminclient-8] Connection to node -1 (localhost/127.0.0.1:9092) could not be established. Broker may not be available.
[kafka-admin-client-thread | adminclient-30] INFO org.apache.kafka.clients.NetworkClient - [AdminClient clientId=adminclient-30] Node -1 disconnected.
[kafka-admin-client-thread | adminclient-30] WARN org.apache.kafka.clients.NetworkClient - [AdminClient clientId=adminclient-30] Connection to node -1 (localhost/127.0.0.1:9092) could not be established. Broker may not be available.
[kafka-admin-client-thread | adminclient-9] INFO org.apache.kafka.clients.NetworkClient - [AdminClient clientId=adminclient-9] Node -1 disconnected.
[kafka-admin-client-thread | adminclient-9] WARN org.apache.kafka.clients.NetworkClient - [AdminClient clientId=adminclient-9] Connection to node -1 (localhost/127.0.0.1:9092) could not be established. Broker may not be available.
[kafka-admin-client-thread | adminclient-13] INFO org.apache.kafka.clients.NetworkClient - [AdminClient clientId=adminclient-13] Node -1 disconnected.
[kafka-admin-client-thread | adminclient-22] INFO org.apache.kafka.clients.NetworkClient - [AdminClient clientId=adminclient-22] Node -1 disconnected.
[kafka-admin-client-thread | adminclient-13] WARN org.apache.kafka.clients.NetworkClient - [AdminClient clientId=adminclient-13] Connection to node -1 (localhost/127.0.0.1:9092) could not be established. Broker may not be available.
[kafka-admin-client-thread | adminclient-22] WARN org.apache.kafka.clients.NetworkClient - [AdminClient clientId=adminclient-22] Connection to node -1 (localhost/127.0.0.1:9092) could not be established. Broker may not be available.
[kafka-admin-client-thread | adminclient-24] INFO org.apache.kafka.clients.NetworkClient - [AdminClient clientId=adminclient-24] Node -1 disconnected.
[kafka-admin-client-thread | adminclient-24] WARN org.apache.kafka.clients.NetworkClient - [AdminClient clientId=adminclient-24] Connection to node -1 (localhost/127.0.0.1:9092) could not be established. Broker may not be available.
[kafka-admin-client-thread | adminclient-26] INFO org.apache.kafka.clients.NetworkClient - [AdminClient clientId=adminclient-26] Node -1 disconnected.
[kafka-admin-client-thread | adminclient-26] WARN org.apache.kafka.clients.NetworkClient - [AdminClient clientId=adminclient-26] Connection to node -1 (localhost/127.0.0.1:9092) could not be established. Broker may not be available.
[kafka-admin-client-thread | adminclient-19] INFO org.apache.kafka.clients.NetworkClient - [AdminClient clientId=adminclient-19] Node -1 disconnected.
[kafka-admin-client-thread | adminclient-19] WARN org.apache.kafka.clients.NetworkClient - [AdminClient clientId=adminclient-19] Connection to node -1 (localhost/127.0.0.1:9092) could not be established. Broker may not be available.
[kafka-admin-client-thread | adminclient-15] INFO org.apache.kafka.clients.NetworkClient - [AdminClient clientId=adminclient-15] Node -1 disconnected.
[kafka-admin-client-thread | adminclient-15] WARN org.apache.kafka.clients.NetworkClient - [AdminClient clientId=adminclient-15] Connection to node -1 (localhost/127.0.0.1:9092) could not be established. Broker may not be available.
[kafka-admin-client-thread | adminclient-1] INFO org.apache.kafka.clients.NetworkClient - [AdminClient clientId=adminclient-1] Node -1 disconnected.
[kafka-admin-client-thread | adminclient-1] WARN org.apache.kafka.clients.NetworkClient - [AdminClient clientId=adminclient-1] Connection to node -1 (localhost/127.0.0.1:9092) could not be established. Broker may not be available.
[kafka-admin-client-thread | adminclient-3] INFO org.apache.kafka.clients.NetworkClient - [AdminClient clientId=adminclient-3] Node -1 disconnected.
[kafka-admin-client-thread | adminclient-3] WARN org.apache.kafka.clients.NetworkClient - [AdminClient clientId=adminclient-3] Connection to node -1 (localhost/127.0.0.1:9092) could not be established. Broker may not be available.
[kafka-admin-client-thread | adminclient-25] INFO org.apache.kafka.clients.NetworkClient - [AdminClient clientId=adminclient-25] Node -1 disconnected.
[kafka-admin-client-thread | adminclient-25] WARN org.apache.kafka.clients.NetworkClient - [AdminClient clientId=adminclient-25] Connection to node -1 (localhost/127.0.0.1:9092) could not be established. Broker may not be available.
[kafka-admin-client-thread | adminclient-2] INFO org.apache.kafka.clients.NetworkClient - [AdminClient clientId=adminclient-2] Node -1 disconnected.
[kafka-admin-client-thread | adminclient-2] WARN org.apache.kafka.clients.NetworkClient - [AdminClient clientId=adminclient-2] Connection to node -1 (localhost/127.0.0.1:9092) could not be established. Broker may not be available.
[kafka-admin-client-thread | adminclient-7] INFO org.apache.kafka.clients.NetworkClient - [AdminClient clientId=adminclient-7] Node -1 disconnected.
[kafka-admin-client-thread | adminclient-7] WARN org.apache.kafka.clients.NetworkClient - [AdminClient clientId=adminclient-7] Connection to node -1 (localhost/127.0.0.1:9092) could not be established. Broker may not be available.
[kafka-admin-client-thread | adminclient-29] INFO org.apache.kafka.clients.NetworkClient - [AdminClient clientId=adminclient-29] Node -1 disconnected.
[kafka-admin-client-thread | adminclient-29] WARN org.apache.kafka.clients.NetworkClient - [AdminClient clientId=adminclient-29] Connection to node -1 (localhost/127.0.0.1:9092) could not be established. Broker may not be available.
[kafka-admin-client-thread | adminclient-18] INFO org.apache.kafka.clients.NetworkClient - [AdminClient clientId=adminclient-18] Node -1 disconnected.
[kafka-admin-client-thread | adminclient-11] INFO org.apache.kafka.clients.NetworkClient - [AdminClient clientId=adminclient-11] Node -1 disconnected.
[kafka-admin-client-thread | adminclient-11] WARN org.apache.kafka.clients.NetworkClient - [AdminClient clientId=adminclient-11] Connection to node -1 (localhost/127.0.0.1:9092) could not be established. Broker may not be available.
[kafka-admin-client-thread | adminclient-18] WARN org.apache.kafka.clients.NetworkClient - [AdminClient clientId=adminclient-18] Connection to node -1 (localhost/127.0.0.1:9092) could not be established. Broker may not be available.
[kafka-admin-client-thread | adminclient-17] INFO org.apache.kafka.clients.NetworkClient - [AdminClient clientId=adminclient-17] Node -1 disconnected.
[kafka-admin-client-thread | adminclient-17] WARN org.apache.kafka.clients.NetworkClient - [AdminClient clientId=adminclient-17] Connection to node -1 (localhost/127.0.0.1:9092) could not be established. Broker may not be available.
[kafka-admin-client-thread | adminclient-20] INFO org.apache.kafka.clients.NetworkClient - [AdminClient clientId=adminclient-20] Node -1 disconnected.
[kafka-admin-client-thread | adminclient-20] WARN org.apache.kafka.clients.NetworkClient - [AdminClient clientId=adminclient-20] Connection to node -1 (localhost/127.0.0.1:9092) could not be established. Broker may not be available.
[kafka-admin-client-thread | adminclient-16] INFO org.apache.kafka.clients.NetworkClient - [AdminClient clientId=adminclient-16] Node -1 disconnected.
[kafka-admin-client-thread | adminclient-16] WARN org.apache.kafka.clients.NetworkClient - [AdminClient clientId=adminclient-16] Connection to node -1 (localhost/127.0.0.1:9092) could not be established. Broker may not be available.
[kafka-admin-client-thread | adminclient-4] INFO org.apache.kafka.clients.NetworkClient - [AdminClient clientId=adminclient-4] Node -1 disconnected.
[kafka-admin-client-thread | adminclient-23] INFO org.apache.kafka.clients.NetworkClient - [AdminClient clientId=adminclient-23] Node -1 disconnected.
[kafka-admin-client-thread | adminclient-4] WARN org.apache.kafka.clients.NetworkClient - [AdminClient clientId=adminclient-4] Connection to node -1 (localhost/127.0.0.1:9092) could not be established. Broker may not be available.
[kafka-admin-client-thread | adminclient-23] WARN org.apache.kafka.clients.NetworkClient - [AdminClient clientId=adminclient-23] Connection to node -1 (localhost/127.0.0.1:9092) could not be established. Broker may not be available.
[kafka-admin-client-thread | adminclient-27] INFO org.apache.kafka.clients.NetworkClient - [AdminClient clientId=adminclient-27] Node -1 disconnected.
[kafka-admin-client-thread | adminclient-27] WARN org.apache.kafka.clients.NetworkClient - [AdminClient clientId=adminclient-27] Connection to node -1 (localhost/127.0.0.1:9092) could not be established. Broker may not be available.
[kafka-admin-client-thread | adminclient-8] INFO org.apache.kafka.clients.NetworkClient - [AdminClient clientId=adminclient-8] Node -1 disconnected.
[kafka-admin-client-thread | adminclient-8] WARN org.apache.kafka.clients.NetworkClient - [AdminClient clientId=adminclient-8] Connection to node -1 (localhost/127.0.0.1:9092) could not be established. Broker may not be available.
[kafka-admin-client-thread | adminclient-12] INFO org.apache.kafka.clients.NetworkClient - [AdminClient clientId=adminclient-12] Node -1 disconnected.
[kafka-admin-client-thread | adminclient-12] WARN org.apache.kafka.clients.NetworkClient - [AdminClient clientId=adminclient-12] Connection to node -1 (localhost/127.0.0.1:9092) could not be established. Broker may not be available.
[kafka-admin-client-thread | adminclient-14] INFO org.apache.kafka.clients.NetworkClient - [AdminClient clientId=adminclient-14] Node -1 disconnected.
[kafka-admin-client-thread | adminclient-14] WARN org.apache.kafka.clients.NetworkClient - [AdminClient clientId=adminclient-14] Connection to node -1 (localhost/127.0.0.1:9092) could not be established. Broker may not be available.
[kafka-admin-client-thread | adminclient-30] INFO org.apache.kafka.clients.NetworkClient - [AdminClient clientId=adminclient-30] Node -1 disconnected.
[kafka-admin-client-thread | adminclient-30] WARN org.apache.kafka.clients.NetworkClient - [AdminClient clientId=adminclient-30] Connection to node -1 (localhost/127.0.0.1:9092) could not be established. Broker may not be available.
[kafka-admin-client-thread | adminclient-22] INFO org.apache.kafka.clients.NetworkClient - [AdminClient clientId=adminclient-22] Node -1 disconnected.
[kafka-admin-client-thread | adminclient-22] WARN org.apache.kafka.clients.NetworkClient - [AdminClient clientId=adminclient-22] Connection to node -1 (localhost/127.0.0.1:9092) could not be established. Broker may not be available.
[kafka-admin-client-thread | adminclient-10] INFO org.apache.kafka.clients.NetworkClient - [AdminClient clientId=adminclient-10] Node -1 disconnected.
[kafka-admin-client-thread | adminclient-10] WARN org.apache.kafka.clients.NetworkClient - [AdminClient clientId=adminclient-10] Connection to node -1 (localhost/127.0.0.1:9092) could not be established. Broker may not be available.
[kafka-admin-client-thread | adminclient-21] INFO org.apache.kafka.clients.NetworkClient - [AdminClient clientId=adminclient-21] Node -1 disconnected.
[kafka-admin-client-thread | adminclient-21] WARN org.apache.kafka.clients.NetworkClient - [AdminClient clientId=adminclient-21] Connection to node -1 (localhost/127.0.0.1:9092) could not be established. Broker may not be available.
[kafka-admin-client-thread | adminclient-26] INFO org.apache.kafka.clients.NetworkClient - [AdminClient clientId=adminclient-26] Node -1 disconnected.
[kafka-admin-client-thread | adminclient-28] INFO org.apache.kafka.clients.NetworkClient - [AdminClient clientId=adminclient-28] Node -1 disconnected.
[kafka-admin-client-thread | adminclient-26] WARN org.apache.kafka.clients.NetworkClient - [AdminClient clientId=adminclient-26] Connection to node -1 (localhost/127.0.0.1:9092) could not be established. Broker may not be available.
[kafka-admin-client-thread | adminclient-28] WARN org.apache.kafka.clients.NetworkClient - [AdminClient clientId=adminclient-28] Connection to node -1 (localhost/127.0.0.1:9092) could not be established. Broker may not be available.
[kafka-admin-client-thread | adminclient-19] INFO org.apache.kafka.clients.NetworkClient - [AdminClient clientId=adminclient-19] Node -1 disconnected.
[kafka-admin-client-thread | adminclient-19] WARN org.apache.kafka.clients.NetworkClient - [AdminClient clientId=adminclient-19] Connection to node -1 (localhost/127.0.0.1:9092) could not be established. Broker may not be available.
[kafka-admin-client-thread | adminclient-1] INFO org.apache.kafka.clients.NetworkClient - [AdminClient clientId=adminclient-1] Node -1 disconnected.
[kafka-admin-client-thread | adminclient-1] WARN org.apache.kafka.clients.NetworkClient - [AdminClient clientId=adminclient-1] Connection to node -1 (localhost/127.0.0.1:9092) could not be established. Broker may not be available.
[kafka-admin-client-thread | adminclient-9] INFO org.apache.kafka.clients.NetworkClient - [AdminClient clientId=adminclient-9] Node -1 disconnected.
[kafka-admin-client-thread | adminclient-9] WARN org.apache.kafka.clients.NetworkClient - [AdminClient clientId=adminclient-9] Connection to node -1 (localhost/127.0.0.1:9092) could not be established. Broker may not be available.
[kafka-admin-client-thread | adminclient-13] INFO org.apache.kafka.clients.NetworkClient - [AdminClient clientId=adminclient-13] Node -1 disconnected.
[kafka-admin-client-thread | adminclient-13] WARN org.apache.kafka.clients.NetworkClient - [AdminClient clientId=adminclient-13] Connection to node -1 (localhost/127.0.0.1:9092) could not be established. Broker may not be available.
[kafka-admin-client-thread | adminclient-3] INFO org.apache.kafka.clients.NetworkClient - [AdminClient clientId=adminclient-3] Node -1 disconnected.
[kafka-admin-client-thread | adminclient-3] WARN org.apache.kafka.clients.NetworkClient - [AdminClient clientId=adminclient-3] Connection to node -1 (localhost/127.0.0.1:9092) could not be established. Broker may not be available.
[kafka-admin-client-thread | adminclient-24] INFO org.apache.kafka.clients.NetworkClient - [AdminClient clientId=adminclient-24] Node -1 disconnected.
[kafka-admin-client-thread | adminclient-24] WARN org.apache.kafka.clients.NetworkClient - [AdminClient clientId=adminclient-24] Connection to node -1 (localhost/127.0.0.1:9092) could not be established. Broker may not be available.
[kafka-admin-client-thread | adminclient-29] INFO org.apache.kafka.clients.NetworkClient - [AdminClient clientId=adminclient-29] Node -1 disconnected.
[kafka-admin-client-thread | adminclient-29] WARN org.apache.kafka.clients.NetworkClient - [AdminClient clientId=adminclient-29] Connection to node -1 (localhost/127.0.0.1:9092) could not be established. Broker may not be available.
[kafka-admin-client-thread | adminclient-25] INFO org.apache.kafka.clients.NetworkClient - [AdminClient clientId=adminclient-25] Node -1 disconnected.
[kafka-admin-client-thread | adminclient-2] INFO org.apache.kafka.clients.NetworkClient - [AdminClient clientId=adminclient-2] Node -1 disconnected.
[kafka-admin-client-thread | adminclient-25] WARN org.apache.kafka.clients.NetworkClient - [AdminClient clientId=adminclient-25] Connection to node -1 (localhost/127.0.0.1:9092) could not be established. Broker may not be available.
[kafka-admin-client-thread | adminclient-2] WARN org.apache.kafka.clients.NetworkClient - [AdminClient clientId=adminclient-2] Connection to node -1 (localhost/127.0.0.1:9092) could not be established. Broker may not be available.
[kafka-admin-client-thread | adminclient-7] INFO org.apache.kafka.clients.NetworkClient - [AdminClient clientId=adminclient-7] Node -1 disconnected.
[kafka-admin-client-thread | adminclient-15] INFO org.apache.kafka.clients.NetworkClient - [AdminClient clientId=adminclient-15] Node -1 disconnected.
[kafka-admin-client-thread | adminclient-7] WARN org.apache.kafka.clients.NetworkClient - [AdminClient clientId=adminclient-7] Connection to node -1 (localhost/127.0.0.1:9092) could not be established. Broker may not be available.
[kafka-admin-client-thread | adminclient-15] WARN org.apache.kafka.clients.NetworkClient - [AdminClient clientId=adminclient-15] Connection to node -1 (localhost/127.0.0.1:9092) could not be established. Broker may not be available.
[kafka-admin-client-thread | adminclient-18] INFO org.apache.kafka.clients.NetworkClient - [AdminClient clientId=adminclient-18] Node -1 disconnected.
[kafka-admin-client-thread | adminclient-18] WARN org.apache.kafka.clients.NetworkClient - [AdminClient clientId=adminclient-18] Connection to node -1 (localhost/127.0.0.1:9092) could not be established. Broker may not be available.
[kafka-admin-client-thread | adminclient-1] INFO org.apache.kafka.clients.admin.internals.AdminMetadataManager - [AdminClient clientId=adminclient-1] Metadata update failed
org.apache.kafka.common.errors.TimeoutException: Timed out waiting for a node assignment. Call: fetchMetadata
[kafka-admin-client-thread | adminclient-2] INFO org.apache.kafka.clients.admin.internals.AdminMetadataManager - [AdminClient clientId=adminclient-2] Metadata update failed
org.apache.kafka.common.errors.TimeoutException: Timed out waiting for a node assignment. Call: fetchMetadata
[kafka-admin-client-thread | adminclient-27] INFO org.apache.kafka.clients.NetworkClient - [AdminClient clientId=adminclient-27] Node -1 disconnected.
[kafka-admin-client-thread | adminclient-11] INFO org.apache.kafka.clients.NetworkClient - [AdminClient clientId=adminclient-11] Node -1 disconnected.
[kafka-admin-client-thread | adminclient-27] WARN org.apache.kafka.clients.NetworkClient - [AdminClient clientId=adminclient-27] Connection to node -1 (localhost/127.0.0.1:9092) could not be established. Broker may not be available.
[kafka-admin-client-thread | adminclient-11] WARN org.apache.kafka.clients.NetworkClient - [AdminClient clientId=adminclient-11] Connection to node -1 (localhost/127.0.0.1:9092) could not be established. Broker may not be available.
[kafka-admin-client-thread | adminclient-23] INFO org.apache.kafka.clients.NetworkClient - [AdminClient clientId=adminclient-23] Node -1 disconnected.
[kafka-admin-client-thread | adminclient-23] WARN org.apache.kafka.clients.NetworkClient - [AdminClient clientId=adminclient-23] Connection to node -1 (localhost/127.0.0.1:9092) could not be established. Broker may not be available.
[kafka-admin-client-thread | adminclient-8] INFO org.apache.kafka.clients.NetworkClient - [AdminClient clientId=adminclient-8] Node -1 disconnected.
[kafka-admin-client-thread | adminclient-8] WARN org.apache.kafka.clients.NetworkClient - [AdminClient clientId=adminclient-8] Connection to node -1 (localhost/127.0.0.1:9092) could not be established. Broker may not be available.
[kafka-admin-client-thread | adminclient-16] INFO org.apache.kafka.clients.NetworkClient - [AdminClient clientId=adminclient-16] Node -1 disconnected.
[kafka-admin-client-thread | adminclient-17] INFO org.apache.kafka.clients.NetworkClient - [AdminClient clientId=adminclient-17] Node -1 disconnected.
[kafka-admin-client-thread | adminclient-16] WARN org.apache.kafka.clients.NetworkClient - [AdminClient clientId=adminclient-16] Connection to node -1 (localhost/127.0.0.1:9092) could not be established. Broker may not be available.
[kafka-admin-client-thread | adminclient-17] WARN org.apache.kafka.clients.NetworkClient - [AdminClient clientId=adminclient-17] Connection to node -1 (localhost/127.0.0.1:9092) could not be established. Broker may not be available.
[kafka-admin-client-thread | adminclient-3] INFO org.apache.kafka.clients.admin.internals.AdminMetadataManager - [AdminClient clientId=adminclient-3] Metadata update failed
org.apache.kafka.common.errors.TimeoutException: Timed out waiting for a node assignment. Call: fetchMetadata
[kafka-admin-client-thread | adminclient-4] INFO org.apache.kafka.clients.admin.internals.AdminMetadataManager - [AdminClient clientId=adminclient-4] Metadata update failed
org.apache.kafka.common.errors.TimeoutException: Timed out waiting for a node assignment. Call: fetchMetadata
[kafka-admin-client-thread | adminclient-4] INFO org.apache.kafka.clients.NetworkClient - [AdminClient clientId=adminclient-4] Node -1 disconnected.
[kafka-admin-client-thread | adminclient-4] WARN org.apache.kafka.clients.NetworkClient - [AdminClient clientId=adminclient-4] Connection to node -1 (localhost/127.0.0.1:9092) could not be established. Broker may not be available.
[kafka-admin-client-thread | adminclient-20] INFO org.apache.kafka.clients.NetworkClient - [AdminClient clientId=adminclient-20] Node -1 disconnected.
[kafka-admin-client-thread | adminclient-20] WARN org.apache.kafka.clients.NetworkClient - [AdminClient clientId=adminclient-20] Connection to node -1 (localhost/127.0.0.1:9092) could not be established. Broker may not be available.
[kafka-admin-client-thread | adminclient-30] INFO org.apache.kafka.clients.NetworkClient - [AdminClient clientId=adminclient-30] Node -1 disconnected.
[kafka-admin-client-thread | adminclient-30] WARN org.apache.kafka.clients.NetworkClient - [AdminClient clientId=adminclient-30] Connection to node -1 (localhost/127.0.0.1:9092) could not be established. Broker may not be available.
[kafka-admin-client-thread | adminclient-12] INFO org.apache.kafka.clients.NetworkClient - [AdminClient clientId=adminclient-12] Node -1 disconnected.
[kafka-admin-client-thread | adminclient-12] WARN org.apache.kafka.clients.NetworkClient - [AdminClient clientId=adminclient-12] Connection to node -1 (localhost/127.0.0.1:9092) could not be established. Broker may not be available.
[kafka-admin-client-thread | adminclient-7] INFO org.apache.kafka.clients.admin.internals.AdminMetadataManager - [AdminClient clientId=adminclient-7] Metadata update failed
org.apache.kafka.common.errors.TimeoutException: Timed out waiting for a node assignment. Call: fetchMetadata
[kafka-admin-client-thread | adminclient-14] INFO org.apache.kafka.clients.NetworkClient - [AdminClient clientId=adminclient-14] Node -1 disconnected.
[kafka-admin-client-thread | adminclient-14] WARN org.apache.kafka.clients.NetworkClient - [AdminClient clientId=adminclient-14] Connection to node -1 (localhost/127.0.0.1:9092) could not be established. Broker may not be available.
[kafka-admin-client-thread | adminclient-8] INFO org.apache.kafka.clients.admin.internals.AdminMetadataManager - [AdminClient clientId=adminclient-8] Metadata update failed
org.apache.kafka.common.errors.TimeoutException: Timed out waiting for a node assignment. Call: fetchMetadata
[kafka-admin-client-thread | adminclient-9] INFO org.apache.kafka.clients.admin.internals.AdminMetadataManager - [AdminClient clientId=adminclient-9] Metadata update failed
org.apache.kafka.common.errors.TimeoutException: Timed out waiting for a node assignment. Call: fetchMetadata
[kafka-admin-client-thread | adminclient-10] INFO org.apache.kafka.clients.admin.internals.AdminMetadataManager - [AdminClient clientId=adminclient-10] Metadata update failed
org.apache.kafka.common.errors.TimeoutException: Timed out waiting for a node assignment. Call: fetchMetadata
[kafka-admin-client-thread | adminclient-11] INFO org.apache.kafka.clients.admin.internals.AdminMetadataManager - [AdminClient clientId=adminclient-11] Metadata update failed
org.apache.kafka.common.errors.TimeoutException: Timed out waiting for a node assignment. Call: fetchMetadata
[kafka-admin-client-thread | adminclient-12] INFO org.apache.kafka.clients.admin.internals.AdminMetadataManager - [AdminClient clientId=adminclient-12] Metadata update failed
org.apache.kafka.common.errors.TimeoutException: Timed out waiting for a node assignment. Call: fetchMetadata
[kafka-admin-client-thread | adminclient-13] INFO org.apache.kafka.clients.admin.internals.AdminMetadataManager - [AdminClient clientId=adminclient-13] Metadata update failed
org.apache.kafka.common.errors.TimeoutException: Timed out waiting for a node assignment. Call: fetchMetadata
[kafka-admin-client-thread | adminclient-14] INFO org.apache.kafka.clients.admin.internals.AdminMetadataManager - [AdminClient clientId=adminclient-14] Metadata update failed
org.apache.kafka.common.errors.TimeoutException: Timed out waiting for a node assignment. Call: fetchMetadata
[kafka-admin-client-thread | adminclient-26] INFO org.apache.kafka.clients.NetworkClient - [AdminClient clientId=adminclient-26] Node -1 disconnected.
[kafka-admin-client-thread | adminclient-26] WARN org.apache.kafka.clients.NetworkClient - [AdminClient clientId=adminclient-26] Connection to node -1 (localhost/127.0.0.1:9092) could not be established. Broker may not be available.
[kafka-admin-client-thread | adminclient-15] INFO org.apache.kafka.clients.admin.internals.AdminMetadataManager - [AdminClient clientId=adminclient-15] Metadata update failed
org.apache.kafka.common.errors.TimeoutException: Timed out waiting for a node assignment. Call: fetchMetadata
[kafka-admin-client-thread | adminclient-16] INFO org.apache.kafka.clients.admin.internals.AdminMetadataManager - [AdminClient clientId=adminclient-16] Metadata update failed
org.apache.kafka.common.errors.TimeoutException: Timed out waiting for a node assignment. Call: fetchMetadata
[kafka-admin-client-thread | adminclient-17] INFO org.apache.kafka.clients.admin.internals.AdminMetadataManager - [AdminClient clientId=adminclient-17] Metadata update failed
org.apache.kafka.common.errors.TimeoutException: Timed out waiting for a node assignment. Call: fetchMetadata
[kafka-admin-client-thread | adminclient-18] INFO org.apache.kafka.clients.admin.internals.AdminMetadataManager - [AdminClient clientId=adminclient-18] Metadata update failed
org.apache.kafka.common.errors.TimeoutException: Timed out waiting for a node assignment. Call: fetchMetadata
[kafka-admin-client-thread | adminclient-19] INFO org.apache.kafka.clients.admin.internals.AdminMetadataManager - [AdminClient clientId=adminclient-19] Metadata update failed
org.apache.kafka.common.errors.TimeoutException: Timed out waiting for a node assignment. Call: fetchMetadata
[kafka-admin-client-thread | adminclient-20] INFO org.apache.kafka.clients.admin.internals.AdminMetadataManager - [AdminClient clientId=adminclient-20] Metadata update failed
org.apache.kafka.common.errors.TimeoutException: Timed out waiting for a node assignment. Call: fetchMetadata
[kafka-admin-client-thread | adminclient-21] INFO org.apache.kafka.clients.admin.internals.AdminMetadataManager - [AdminClient clientId=adminclient-21] Metadata update failed
org.apache.kafka.common.errors.TimeoutException: Timed out waiting for a node assignment. Call: fetchMetadata
[kafka-admin-client-thread | adminclient-22] INFO org.apache.kafka.clients.admin.internals.AdminMetadataManager - [AdminClient clientId=adminclient-22] Metadata update failed
org.apache.kafka.common.errors.TimeoutException: Timed out waiting for a node assignment. Call: fetchMetadata
[kafka-admin-client-thread | adminclient-23] INFO org.apache.kafka.clients.admin.internals.AdminMetadataManager - [AdminClient clientId=adminclient-23] Metadata update failed
org.apache.kafka.common.errors.TimeoutException: Timed out waiting for a node assignment. Call: fetchMetadata
[kafka-admin-client-thread | adminclient-24] INFO org.apache.kafka.clients.admin.internals.AdminMetadataManager - [AdminClient clientId=adminclient-24] Metadata update failed
org.apache.kafka.common.errors.TimeoutException: Timed out waiting for a node assignment. Call: fetchMetadata
[kafka-admin-client-thread | adminclient-25] INFO org.apache.kafka.clients.admin.internals.AdminMetadataManager - [AdminClient clientId=adminclient-25] Metadata update failed
org.apache.kafka.common.errors.TimeoutException: Timed out waiting for a node assignment. Call: fetchMetadata
[kafka-admin-client-thread | adminclient-26] INFO org.apache.kafka.clients.admin.internals.AdminMetadataManager - [AdminClient clientId=adminclient-26] Metadata update failed
org.apache.kafka.common.errors.TimeoutException: Timed out waiting for a node assignment. Call: fetchMetadata
[kafka-admin-client-thread | adminclient-27] INFO org.apache.kafka.clients.admin.internals.AdminMetadataManager - [AdminClient clientId=adminclient-27] Metadata update failed
org.apache.kafka.common.errors.TimeoutException: Timed out waiting for a node assignment. Call: fetchMetadata
[kafka-admin-client-thread | adminclient-28] INFO org.apache.kafka.clients.admin.internals.AdminMetadataManager - [AdminClient clientId=adminclient-28] Metadata update failed
org.apache.kafka.common.errors.TimeoutException: Timed out waiting to send the call. Call: fetchMetadata
[kafka-admin-client-thread | adminclient-28] INFO org.apache.kafka.clients.NetworkClient - [AdminClient clientId=adminclient-28] Node -1 disconnected.
[kafka-admin-client-thread | adminclient-28] WARN org.apache.kafka.clients.NetworkClient - [AdminClient clientId=adminclient-28] Connection to node -1 (localhost/127.0.0.1:9092) could not be established. Broker may not be available.
[kafka-admin-client-thread | adminclient-29] INFO org.apache.kafka.clients.admin.internals.AdminMetadataManager - [AdminClient clientId=adminclient-29] Metadata update failed
org.apache.kafka.common.errors.TimeoutException: Timed out waiting for a node assignment. Call: fetchMetadata
[kafka-admin-client-thread | adminclient-30] INFO org.apache.kafka.clients.admin.internals.AdminMetadataManager - [AdminClient clientId=adminclient-30] Metadata update failed
org.apache.kafka.common.errors.TimeoutException: Timed out waiting for a node assignment. Call: fetchMetadata
[main] ERROR com.mycompany.kafka.manager.ConsumerManager - Failed to list consumer groups: org.apache.kafka.common.KafkaException: Failed to find brokers to send ListGroups
java.util.concurrent.ExecutionException: org.apache.kafka.common.KafkaException: Failed to find brokers to send ListGroups
	at java.base/java.util.concurrent.CompletableFuture.reportGet(CompletableFuture.java:395)
	at java.base/java.util.concurrent.CompletableFuture.get(CompletableFuture.java:2070)
	at org.apache.kafka.common.internals.KafkaFutureImpl.get(KafkaFutureImpl.java:165)
	at com.mycompany.kafka.manager.ConsumerManager.listConsumerGroups(ConsumerManager.java:46)
	at com.mycompany.kafka.KafkaManagementLibrary.listConsumerGroups(KafkaManagementLibrary.java:220)
	at com.mycompany.kafka.KafkaManagementLibraryTest.testListConsumerGroups(KafkaManagementLibraryTest.java:146)
	at java.base/jdk.internal.reflect.NativeMethodAccessorImpl.invoke0(Native Method)
	at java.base/jdk.internal.reflect.NativeMethodAccessorImpl.invoke(NativeMethodAccessorImpl.java:62)
	at java.base/jdk.internal.reflect.DelegatingMethodAccessorImpl.invoke(DelegatingMethodAccessorImpl.java:43)
	at java.base/java.lang.reflect.Method.invoke(Method.java:567)
	at org.junit.platform.commons.util.ReflectionUtils.invokeMethod(ReflectionUtils.java:727)
	at org.junit.jupiter.engine.execution.MethodInvocation.proceed(MethodInvocation.java:60)
	at org.junit.jupiter.engine.execution.InvocationInterceptorChain$ValidatingInvocation.proceed(InvocationInterceptorChain.java:131)
	at org.junit.jupiter.engine.extension.TimeoutExtension.intercept(TimeoutExtension.java:156)
	at org.junit.jupiter.engine.extension.TimeoutExtension.interceptTestableMethod(TimeoutExtension.java:147)
	at org.junit.jupiter.engine.extension.TimeoutExtension.interceptTestMethod(TimeoutExtension.java:86)
	at org.junit.jupiter.engine.execution.InterceptingExecutableInvoker$ReflectiveInterceptorCall.lambda$ofVoidMethod$0(InterceptingExecutableInvoker.java:103)
	at org.junit.jupiter.engine.execution.InterceptingExecutableInvoker.lambda$invoke$0(InterceptingExecutableInvoker.java:93)
	at org.junit.jupiter.engine.execution.InvocationInterceptorChain$InterceptedInvocation.proceed(InvocationInterceptorChain.java:106)
	at org.junit.jupiter.engine.execution.InvocationInterceptorChain.proceed(InvocationInterceptorChain.java:64)
	at org.junit.jupiter.engine.execution.InvocationInterceptorChain.chainAndInvoke(InvocationInterceptorChain.java:45)
	at org.junit.jupiter.engine.execution.InvocationInterceptorChain.invoke(InvocationInterceptorChain.java:37)
	at org.junit.jupiter.engine.execution.InterceptingExecutableInvoker.invoke(InterceptingExecutableInvoker.java:92)
	at org.junit.jupiter.engine.execution.InterceptingExecutableInvoker.invoke(InterceptingExecutableInvoker.java:86)
	at org.junit.jupiter.engine.descriptor.TestMethodTestDescriptor.lambda$invokeTestMethod$7(TestMethodTestDescriptor.java:217)
	at org.junit.platform.engine.support.hierarchical.ThrowableCollector.execute(ThrowableCollector.java:73)
	at org.junit.jupiter.engine.descriptor.TestMethodTestDescriptor.invokeTestMethod(TestMethodTestDescriptor.java:213)
	at org.junit.jupiter.engine.descriptor.TestMethodTestDescriptor.execute(TestMethodTestDescriptor.java:138)
	at org.junit.jupiter.engine.descriptor.TestMethodTestDescriptor.execute(TestMethodTestDescriptor.java:68)
	at org.junit.platform.engine.support.hierarchical.NodeTestTask.lambda$executeRecursively$6(NodeTestTask.java:151)
	at org.junit.platform.engine.support.hierarchical.ThrowableCollector.execute(ThrowableCollector.java:73)
	at org.junit.platform.engine.support.hierarchical.NodeTestTask.lambda$executeRecursively$8(NodeTestTask.java:141)
	at org.junit.platform.engine.support.hierarchical.Node.around(Node.java:137)
	at org.junit.platform.engine.support.hierarchical.NodeTestTask.lambda$executeRecursively$9(NodeTestTask.java:139)
	at org.junit.platform.engine.support.hierarchical.ThrowableCollector.execute(ThrowableCollector.java:73)
	at org.junit.platform.engine.support.hierarchical.NodeTestTask.executeRecursively(NodeTestTask.java:138)
	at org.junit.platform.engine.support.hierarchical.NodeTestTask.execute(NodeTestTask.java:95)
	at java.base/java.util.ArrayList.forEach(ArrayList.java:1507)
	at org.junit.platform.engine.support.hierarchical.SameThreadHierarchicalTestExecutorService.invokeAll(SameThreadHierarchicalTestExecutorService.java:41)
	at org.junit.platform.engine.support.hierarchical.NodeTestTask.lambda$executeRecursively$6(NodeTestTask.java:155)
	at org.junit.platform.engine.support.hierarchical.ThrowableCollector.execute(ThrowableCollector.java:73)
	at org.junit.platform.engine.support.hierarchical.NodeTestTask.lambda$executeRecursively$8(NodeTestTask.java:141)
	at org.junit.platform.engine.support.hierarchical.Node.around(Node.java:137)
	at org.junit.platform.engine.support.hierarchical.NodeTestTask.lambda$executeRecursively$9(NodeTestTask.java:139)
	at org.junit.platform.engine.support.hierarchical.ThrowableCollector.execute(ThrowableCollector.java:73)
	at org.junit.platform.engine.support.hierarchical.NodeTestTask.executeRecursively(NodeTestTask.java:138)
	at org.junit.platform.engine.support.hierarchical.NodeTestTask.execute(NodeTestTask.java:95)
	at java.base/java.util.ArrayList.forEach(ArrayList.java:1507)
	at org.junit.platform.engine.support.hierarchical.SameThreadHierarchicalTestExecutorService.invokeAll(SameThreadHierarchicalTestExecutorService.java:41)
	at org.junit.platform.engine.support.hierarchical.NodeTestTask.lambda$executeRecursively$6(NodeTestTask.java:155)
	at org.junit.platform.engine.support.hierarchical.ThrowableCollector.execute(ThrowableCollector.java:73)
	at org.junit.platform.engine.support.hierarchical.NodeTestTask.lambda$executeRecursively$8(NodeTestTask.java:141)
	at org.junit.platform.engine.support.hierarchical.Node.around(Node.java:137)
	at org.junit.platform.engine.support.hierarchical.NodeTestTask.lambda$executeRecursively$9(NodeTestTask.java:139)
	at org.junit.platform.engine.support.hierarchical.ThrowableCollector.execute(ThrowableCollector.java:73)
	at org.junit.platform.engine.support.hierarchical.NodeTestTask.executeRecursively(NodeTestTask.java:138)
	at org.junit.platform.engine.support.hierarchical.NodeTestTask.execute(NodeTestTask.java:95)
	at org.junit.platform.engine.support.hierarchical.SameThreadHierarchicalTestExecutorService.submit(SameThreadHierarchicalTestExecutorService.java:35)
	at org.junit.platform.engine.support.hierarchical.HierarchicalTestExecutor.execute(HierarchicalTestExecutor.java:57)
	at org.junit.platform.engine.support.hierarchical.HierarchicalTestEngine.execute(HierarchicalTestEngine.java:54)
	at org.junit.platform.launcher.core.EngineExecutionOrchestrator.execute(EngineExecutionOrchestrator.java:147)
	at org.junit.platform.launcher.core.EngineExecutionOrchestrator.execute(EngineExecutionOrchestrator.java:127)
	at org.junit.platform.launcher.core.EngineExecutionOrchestrator.execute(EngineExecutionOrchestrator.java:90)
	at org.junit.platform.launcher.core.EngineExecutionOrchestrator.lambda$execute$0(EngineExecutionOrchestrator.java:55)
	at org.junit.platform.launcher.core.EngineExecutionOrchestrator.withInterceptedStreams(EngineExecutionOrchestrator.java:102)
	at org.junit.platform.launcher.core.EngineExecutionOrchestrator.execute(EngineExecutionOrchestrator.java:54)
	at org.junit.platform.launcher.core.DefaultLauncher.execute(DefaultLauncher.java:114)
	at org.junit.platform.launcher.core.DefaultLauncher.execute(DefaultLauncher.java:86)
	at org.junit.platform.launcher.core.DefaultLauncherSession$DelegatingLauncher.execute(DefaultLauncherSession.java:86)
	at org.apache.maven.surefire.junitplatform.LazyLauncher.execute(LazyLauncher.java:50)
	at org.apache.maven.surefire.junitplatform.JUnitPlatformProvider.execute(JUnitPlatformProvider.java:184)
	at org.apache.maven.surefire.junitplatform.JUnitPlatformProvider.invokeAllTests(JUnitPlatformProvider.java:148)
	at org.apache.maven.surefire.junitplatform.JUnitPlatformProvider.invoke(JUnitPlatformProvider.java:122)
	at org.apache.maven.surefire.booter.ForkedBooter.runSuitesInProcess(ForkedBooter.java:385)
	at org.apache.maven.surefire.booter.ForkedBooter.execute(ForkedBooter.java:162)
	at org.apache.maven.surefire.booter.ForkedBooter.run(ForkedBooter.java:507)
	at org.apache.maven.surefire.booter.ForkedBooter.main(ForkedBooter.java:495)
Caused by: org.apache.kafka.common.KafkaException: Failed to find brokers to send ListGroups
	at org.apache.kafka.clients.admin.KafkaAdminClient$24.handleFailure(KafkaAdminClient.java:3393)
	at org.apache.kafka.clients.admin.KafkaAdminClient$Call.handleTimeoutFailure(KafkaAdminClient.java:851)
	at org.apache.kafka.clients.admin.KafkaAdminClient$Call.fail(KafkaAdminClient.java:817)
	at org.apache.kafka.clients.admin.KafkaAdminClient$TimeoutProcessor.handleTimeouts(KafkaAdminClient.java:947)
	at org.apache.kafka.clients.admin.KafkaAdminClient$AdminClientRunnable.timeoutPendingCalls(KafkaAdminClient.java:1026)
	at org.apache.kafka.clients.admin.KafkaAdminClient$AdminClientRunnable.processRequests(KafkaAdminClient.java:1380)
	at org.apache.kafka.clients.admin.KafkaAdminClient$AdminClientRunnable.run(KafkaAdminClient.java:1344)
	at java.base/java.lang.Thread.run(Thread.java:830)
Caused by: org.apache.kafka.common.errors.TimeoutException: Timed out waiting for a node assignment. Call: findAllBrokers
]]></system-err>
  </testcase>
  <testcase name="testGetSchemaById" classname="com.mycompany.kafka.KafkaManagementLibraryTest" time="0.007">
    <system-err><![CDATA[[kafka-admin-client-thread | adminclient-19] INFO org.apache.kafka.clients.NetworkClient - [AdminClient clientId=adminclient-19] Node -1 disconnected.
[kafka-admin-client-thread | adminclient-19] WARN org.apache.kafka.clients.NetworkClient - [AdminClient clientId=adminclient-19] Connection to node -1 (localhost/127.0.0.1:9092) could not be established. Broker may not be available.
[main] INFO com.mycompany.kafka.KafkaManagementLibrary - Initializing KafkaManagementLibrary
[main] INFO com.mycompany.kafka.factory.ConnectionFactory - Creating Kafka AdminClient with bootstrap servers: localhost:9092
[main] INFO org.apache.kafka.clients.admin.AdminClientConfig - AdminClientConfig values: 
	auto.include.jmx.reporter = true
	bootstrap.servers = [localhost:9092]
	client.dns.lookup = use_all_dns_ips
	client.id = 
	connections.max.idle.ms = 300000
	default.api.timeout.ms = 60000
	metadata.max.age.ms = 300000
	metric.reporters = []
	metrics.num.samples = 2
	metrics.recording.level = INFO
	metrics.sample.window.ms = 30000
	receive.buffer.bytes = 65536
	reconnect.backoff.max.ms = 1000
	reconnect.backoff.ms = 50
	request.timeout.ms = 30000
	retries = 2147483647
	retry.backoff.ms = 100
	sasl.client.callback.handler.class = null
	sasl.jaas.config = null
	sasl.kerberos.kinit.cmd = /usr/bin/kinit
	sasl.kerberos.min.time.before.relogin = 60000
	sasl.kerberos.service.name = null
	sasl.kerberos.ticket.renew.jitter = 0.05
	sasl.kerberos.ticket.renew.window.factor = 0.8
	sasl.login.callback.handler.class = null
	sasl.login.class = null
	sasl.login.connect.timeout.ms = null
	sasl.login.read.timeout.ms = null
	sasl.login.refresh.buffer.seconds = 300
	sasl.login.refresh.min.period.seconds = 60
	sasl.login.refresh.window.factor = 0.8
	sasl.login.refresh.window.jitter = 0.05
	sasl.login.retry.backoff.max.ms = 10000
	sasl.login.retry.backoff.ms = 100
	sasl.mechanism = GSSAPI
	sasl.oauthbearer.clock.skew.seconds = 30
	sasl.oauthbearer.expected.audience = null
	sasl.oauthbearer.expected.issuer = null
	sasl.oauthbearer.jwks.endpoint.refresh.ms = 3600000
	sasl.oauthbearer.jwks.endpoint.retry.backoff.max.ms = 10000
	sasl.oauthbearer.jwks.endpoint.retry.backoff.ms = 100
	sasl.oauthbearer.jwks.endpoint.url = null
	sasl.oauthbearer.scope.claim.name = scope
	sasl.oauthbearer.sub.claim.name = sub
	sasl.oauthbearer.token.endpoint.url = null
	security.protocol = PLAINTEXT
	security.providers = null
	send.buffer.bytes = 131072
	socket.connection.setup.timeout.max.ms = 30000
	socket.connection.setup.timeout.ms = 10000
	ssl.cipher.suites = null
	ssl.enabled.protocols = [TLSv1.2, TLSv1.3]
	ssl.endpoint.identification.algorithm = https
	ssl.engine.factory.class = null
	ssl.key.password = null
	ssl.keymanager.algorithm = SunX509
	ssl.keystore.certificate.chain = null
	ssl.keystore.key = null
	ssl.keystore.location = null
	ssl.keystore.password = null
	ssl.keystore.type = JKS
	ssl.protocol = TLSv1.3
	ssl.provider = null
	ssl.secure.random.implementation = null
	ssl.trustmanager.algorithm = PKIX
	ssl.truststore.certificates = null
	ssl.truststore.location = null
	ssl.truststore.password = null
	ssl.truststore.type = JKS

[main] INFO org.apache.kafka.common.utils.AppInfoParser - Kafka version: 3.5.1
[main] INFO org.apache.kafka.common.utils.AppInfoParser - Kafka commitId: 2c6fb6c54472e90a
[main] INFO org.apache.kafka.common.utils.AppInfoParser - Kafka startTimeMs: 1761089157812
[main] INFO com.mycompany.kafka.factory.ConnectionFactory - Kafka AdminClient created successfully
[main] INFO com.mycompany.kafka.factory.ConnectionFactory - Creating Kafka AdminClient with bootstrap servers: localhost:9092
[main] INFO org.apache.kafka.clients.admin.AdminClientConfig - AdminClientConfig values: 
	auto.include.jmx.reporter = true
	bootstrap.servers = [localhost:9092]
	client.dns.lookup = use_all_dns_ips
	client.id = 
	connections.max.idle.ms = 300000
	default.api.timeout.ms = 60000
	metadata.max.age.ms = 300000
	metric.reporters = []
	metrics.num.samples = 2
	metrics.recording.level = INFO
	metrics.sample.window.ms = 30000
	receive.buffer.bytes = 65536
	reconnect.backoff.max.ms = 1000
	reconnect.backoff.ms = 50
	request.timeout.ms = 30000
	retries = 2147483647
	retry.backoff.ms = 100
	sasl.client.callback.handler.class = null
	sasl.jaas.config = null
	sasl.kerberos.kinit.cmd = /usr/bin/kinit
	sasl.kerberos.min.time.before.relogin = 60000
	sasl.kerberos.service.name = null
	sasl.kerberos.ticket.renew.jitter = 0.05
	sasl.kerberos.ticket.renew.window.factor = 0.8
	sasl.login.callback.handler.class = null
	sasl.login.class = null
	sasl.login.connect.timeout.ms = null
	sasl.login.read.timeout.ms = null
	sasl.login.refresh.buffer.seconds = 300
	sasl.login.refresh.min.period.seconds = 60
	sasl.login.refresh.window.factor = 0.8
	sasl.login.refresh.window.jitter = 0.05
	sasl.login.retry.backoff.max.ms = 10000
	sasl.login.retry.backoff.ms = 100
	sasl.mechanism = GSSAPI
	sasl.oauthbearer.clock.skew.seconds = 30
	sasl.oauthbearer.expected.audience = null
	sasl.oauthbearer.expected.issuer = null
	sasl.oauthbearer.jwks.endpoint.refresh.ms = 3600000
	sasl.oauthbearer.jwks.endpoint.retry.backoff.max.ms = 10000
	sasl.oauthbearer.jwks.endpoint.retry.backoff.ms = 100
	sasl.oauthbearer.jwks.endpoint.url = null
	sasl.oauthbearer.scope.claim.name = scope
	sasl.oauthbearer.sub.claim.name = sub
	sasl.oauthbearer.token.endpoint.url = null
	security.protocol = PLAINTEXT
	security.providers = null
	send.buffer.bytes = 131072
	socket.connection.setup.timeout.max.ms = 30000
	socket.connection.setup.timeout.ms = 10000
	ssl.cipher.suites = null
	ssl.enabled.protocols = [TLSv1.2, TLSv1.3]
	ssl.endpoint.identification.algorithm = https
	ssl.engine.factory.class = null
	ssl.key.password = null
	ssl.keymanager.algorithm = SunX509
	ssl.keystore.certificate.chain = null
	ssl.keystore.key = null
	ssl.keystore.location = null
	ssl.keystore.password = null
	ssl.keystore.type = JKS
	ssl.protocol = TLSv1.3
	ssl.provider = null
	ssl.secure.random.implementation = null
	ssl.trustmanager.algorithm = PKIX
	ssl.truststore.certificates = null
	ssl.truststore.location = null
	ssl.truststore.password = null
	ssl.truststore.type = JKS

[kafka-admin-client-thread | adminclient-31] INFO org.apache.kafka.clients.NetworkClient - [AdminClient clientId=adminclient-31] Node -1 disconnected.
[kafka-admin-client-thread | adminclient-31] WARN org.apache.kafka.clients.NetworkClient - [AdminClient clientId=adminclient-31] Connection to node -1 (localhost/127.0.0.1:9092) could not be established. Broker may not be available.
[main] INFO org.apache.kafka.common.utils.AppInfoParser - Kafka version: 3.5.1
[main] INFO org.apache.kafka.common.utils.AppInfoParser - Kafka commitId: 2c6fb6c54472e90a
[main] INFO org.apache.kafka.common.utils.AppInfoParser - Kafka startTimeMs: 1761089157814
[main] INFO com.mycompany.kafka.factory.ConnectionFactory - Kafka AdminClient created successfully
[main] INFO com.mycompany.kafka.factory.ConnectionFactory - Creating Schema Registry Client with URL: http://localhost:8081
[main] INFO com.mycompany.kafka.factory.ConnectionFactory - Schema Registry Client created successfully
[main] INFO com.mycompany.kafka.KafkaManagementLibrary - KafkaManagementLibrary initialized successfully
[main] INFO com.mycompany.kafka.manager.SimpleSchemaManager - Getting schema by ID: 1
[main] WARN com.mycompany.kafka.manager.SimpleSchemaManager - Schema retrieval is not fully implemented due to API changes
[kafka-admin-client-thread | adminclient-32] INFO org.apache.kafka.clients.NetworkClient - [AdminClient clientId=adminclient-32] Node -1 disconnected.
[kafka-admin-client-thread | adminclient-32] WARN org.apache.kafka.clients.NetworkClient - [AdminClient clientId=adminclient-32] Connection to node -1 (localhost/127.0.0.1:9092) could not be established. Broker may not be available.
[main] INFO com.mycompany.kafka.manager.SimpleSchemaManager - Mock retrieved schema by ID: 1
]]></system-err>
  </testcase>
  <testcase name="testGetManagers" classname="com.mycompany.kafka.KafkaManagementLibraryTest" time="0.006">
    <system-err><![CDATA[[main] INFO com.mycompany.kafka.KafkaManagementLibrary - Initializing KafkaManagementLibrary
[main] INFO com.mycompany.kafka.factory.ConnectionFactory - Creating Kafka AdminClient with bootstrap servers: localhost:9092
[main] INFO org.apache.kafka.clients.admin.AdminClientConfig - AdminClientConfig values: 
	auto.include.jmx.reporter = true
	bootstrap.servers = [localhost:9092]
	client.dns.lookup = use_all_dns_ips
	client.id = 
	connections.max.idle.ms = 300000
	default.api.timeout.ms = 60000
	metadata.max.age.ms = 300000
	metric.reporters = []
	metrics.num.samples = 2
	metrics.recording.level = INFO
	metrics.sample.window.ms = 30000
	receive.buffer.bytes = 65536
	reconnect.backoff.max.ms = 1000
	reconnect.backoff.ms = 50
	request.timeout.ms = 30000
	retries = 2147483647
	retry.backoff.ms = 100
	sasl.client.callback.handler.class = null
	sasl.jaas.config = null
	sasl.kerberos.kinit.cmd = /usr/bin/kinit
	sasl.kerberos.min.time.before.relogin = 60000
	sasl.kerberos.service.name = null
	sasl.kerberos.ticket.renew.jitter = 0.05
	sasl.kerberos.ticket.renew.window.factor = 0.8
	sasl.login.callback.handler.class = null
	sasl.login.class = null
	sasl.login.connect.timeout.ms = null
	sasl.login.read.timeout.ms = null
	sasl.login.refresh.buffer.seconds = 300
	sasl.login.refresh.min.period.seconds = 60
	sasl.login.refresh.window.factor = 0.8
	sasl.login.refresh.window.jitter = 0.05
	sasl.login.retry.backoff.max.ms = 10000
	sasl.login.retry.backoff.ms = 100
	sasl.mechanism = GSSAPI
	sasl.oauthbearer.clock.skew.seconds = 30
	sasl.oauthbearer.expected.audience = null
	sasl.oauthbearer.expected.issuer = null
	sasl.oauthbearer.jwks.endpoint.refresh.ms = 3600000
	sasl.oauthbearer.jwks.endpoint.retry.backoff.max.ms = 10000
	sasl.oauthbearer.jwks.endpoint.retry.backoff.ms = 100
	sasl.oauthbearer.jwks.endpoint.url = null
	sasl.oauthbearer.scope.claim.name = scope
	sasl.oauthbearer.sub.claim.name = sub
	sasl.oauthbearer.token.endpoint.url = null
	security.protocol = PLAINTEXT
	security.providers = null
	send.buffer.bytes = 131072
	socket.connection.setup.timeout.max.ms = 30000
	socket.connection.setup.timeout.ms = 10000
	ssl.cipher.suites = null
	ssl.enabled.protocols = [TLSv1.2, TLSv1.3]
	ssl.endpoint.identification.algorithm = https
	ssl.engine.factory.class = null
	ssl.key.password = null
	ssl.keymanager.algorithm = SunX509
	ssl.keystore.certificate.chain = null
	ssl.keystore.key = null
	ssl.keystore.location = null
	ssl.keystore.password = null
	ssl.keystore.type = JKS
	ssl.protocol = TLSv1.3
	ssl.provider = null
	ssl.secure.random.implementation = null
	ssl.trustmanager.algorithm = PKIX
	ssl.truststore.certificates = null
	ssl.truststore.location = null
	ssl.truststore.password = null
	ssl.truststore.type = JKS

[main] INFO org.apache.kafka.common.utils.AppInfoParser - Kafka version: 3.5.1
[main] INFO org.apache.kafka.common.utils.AppInfoParser - Kafka commitId: 2c6fb6c54472e90a
[main] INFO org.apache.kafka.common.utils.AppInfoParser - Kafka startTimeMs: 1761089157819
[main] INFO com.mycompany.kafka.factory.ConnectionFactory - Kafka AdminClient created successfully
[main] INFO com.mycompany.kafka.factory.ConnectionFactory - Creating Kafka AdminClient with bootstrap servers: localhost:9092
[kafka-admin-client-thread | adminclient-21] INFO org.apache.kafka.clients.NetworkClient - [AdminClient clientId=adminclient-21] Node -1 disconnected.
[kafka-admin-client-thread | adminclient-21] WARN org.apache.kafka.clients.NetworkClient - [AdminClient clientId=adminclient-21] Connection to node -1 (localhost/127.0.0.1:9092) could not be established. Broker may not be available.
[main] INFO org.apache.kafka.clients.admin.AdminClientConfig - AdminClientConfig values: 
	auto.include.jmx.reporter = true
	bootstrap.servers = [localhost:9092]
	client.dns.lookup = use_all_dns_ips
	client.id = 
	connections.max.idle.ms = 300000
	default.api.timeout.ms = 60000
	metadata.max.age.ms = 300000
	metric.reporters = []
	metrics.num.samples = 2
	metrics.recording.level = INFO
	metrics.sample.window.ms = 30000
	receive.buffer.bytes = 65536
	reconnect.backoff.max.ms = 1000
	reconnect.backoff.ms = 50
	request.timeout.ms = 30000
	retries = 2147483647
	retry.backoff.ms = 100
	sasl.client.callback.handler.class = null
	sasl.jaas.config = null
	sasl.kerberos.kinit.cmd = /usr/bin/kinit
	sasl.kerberos.min.time.before.relogin = 60000
	sasl.kerberos.service.name = null
	sasl.kerberos.ticket.renew.jitter = 0.05
	sasl.kerberos.ticket.renew.window.factor = 0.8
	sasl.login.callback.handler.class = null
	sasl.login.class = null
	sasl.login.connect.timeout.ms = null
	sasl.login.read.timeout.ms = null
	sasl.login.refresh.buffer.seconds = 300
	sasl.login.refresh.min.period.seconds = 60
	sasl.login.refresh.window.factor = 0.8
	sasl.login.refresh.window.jitter = 0.05
	sasl.login.retry.backoff.max.ms = 10000
	sasl.login.retry.backoff.ms = 100
	sasl.mechanism = GSSAPI
	sasl.oauthbearer.clock.skew.seconds = 30
	sasl.oauthbearer.expected.audience = null
	sasl.oauthbearer.expected.issuer = null
	sasl.oauthbearer.jwks.endpoint.refresh.ms = 3600000
	sasl.oauthbearer.jwks.endpoint.retry.backoff.max.ms = 10000
	sasl.oauthbearer.jwks.endpoint.retry.backoff.ms = 100
	sasl.oauthbearer.jwks.endpoint.url = null
	sasl.oauthbearer.scope.claim.name = scope
	sasl.oauthbearer.sub.claim.name = sub
	sasl.oauthbearer.token.endpoint.url = null
	security.protocol = PLAINTEXT
	security.providers = null
	send.buffer.bytes = 131072
	socket.connection.setup.timeout.max.ms = 30000
	socket.connection.setup.timeout.ms = 10000
	ssl.cipher.suites = null
	ssl.enabled.protocols = [TLSv1.2, TLSv1.3]
	ssl.endpoint.identification.algorithm = https
	ssl.engine.factory.class = null
	ssl.key.password = null
	ssl.keymanager.algorithm = SunX509
	ssl.keystore.certificate.chain = null
	ssl.keystore.key = null
	ssl.keystore.location = null
	ssl.keystore.password = null
	ssl.keystore.type = JKS
	ssl.protocol = TLSv1.3
	ssl.provider = null
	ssl.secure.random.implementation = null
	ssl.trustmanager.algorithm = PKIX
	ssl.truststore.certificates = null
	ssl.truststore.location = null
	ssl.truststore.password = null
	ssl.truststore.type = JKS

[kafka-admin-client-thread | adminclient-33] INFO org.apache.kafka.clients.NetworkClient - [AdminClient clientId=adminclient-33] Node -1 disconnected.
[kafka-admin-client-thread | adminclient-33] WARN org.apache.kafka.clients.NetworkClient - [AdminClient clientId=adminclient-33] Connection to node -1 (localhost/127.0.0.1:9092) could not be established. Broker may not be available.
[main] INFO org.apache.kafka.common.utils.AppInfoParser - Kafka version: 3.5.1
[main] INFO org.apache.kafka.common.utils.AppInfoParser - Kafka commitId: 2c6fb6c54472e90a
[main] INFO org.apache.kafka.common.utils.AppInfoParser - Kafka startTimeMs: 1761089157821
[main] INFO com.mycompany.kafka.factory.ConnectionFactory - Kafka AdminClient created successfully
[main] INFO com.mycompany.kafka.factory.ConnectionFactory - Creating Schema Registry Client with URL: http://localhost:8081
[kafka-admin-client-thread | adminclient-22] INFO org.apache.kafka.clients.NetworkClient - [AdminClient clientId=adminclient-22] Node -1 disconnected.
[kafka-admin-client-thread | adminclient-22] WARN org.apache.kafka.clients.NetworkClient - [AdminClient clientId=adminclient-22] Connection to node -1 (localhost/127.0.0.1:9092) could not be established. Broker may not be available.
[main] INFO com.mycompany.kafka.factory.ConnectionFactory - Schema Registry Client created successfully
[main] INFO com.mycompany.kafka.KafkaManagementLibrary - KafkaManagementLibrary initialized successfully
[kafka-admin-client-thread | adminclient-34] INFO org.apache.kafka.clients.NetworkClient - [AdminClient clientId=adminclient-34] Node -1 disconnected.
[kafka-admin-client-thread | adminclient-34] WARN org.apache.kafka.clients.NetworkClient - [AdminClient clientId=adminclient-34] Connection to node -1 (localhost/127.0.0.1:9092) could not be established. Broker may not be available.
]]></system-err>
  </testcase>
  <testcase name="testSubjectExists" classname="com.mycompany.kafka.KafkaManagementLibraryTest" time="0.007">
    <error message="Failed to check if subject exists: test-subject" type="java.lang.RuntimeException"><![CDATA[java.lang.RuntimeException: Failed to check if subject exists: test-subject
	at com.mycompany.kafka.manager.SimpleSchemaManager.subjectExists(SimpleSchemaManager.java:109)
	at com.mycompany.kafka.KafkaManagementLibrary.subjectExists(KafkaManagementLibrary.java:302)
	at com.mycompany.kafka.KafkaManagementLibraryTest.testSubjectExists(KafkaManagementLibraryTest.java:208)
	at java.base/jdk.internal.reflect.NativeMethodAccessorImpl.invoke0(Native Method)
	at java.base/jdk.internal.reflect.NativeMethodAccessorImpl.invoke(NativeMethodAccessorImpl.java:62)
	at java.base/jdk.internal.reflect.DelegatingMethodAccessorImpl.invoke(DelegatingMethodAccessorImpl.java:43)
	at java.base/java.lang.reflect.Method.invoke(Method.java:567)
	at org.junit.platform.commons.util.ReflectionUtils.invokeMethod(ReflectionUtils.java:727)
	at org.junit.jupiter.engine.execution.MethodInvocation.proceed(MethodInvocation.java:60)
	at org.junit.jupiter.engine.execution.InvocationInterceptorChain$ValidatingInvocation.proceed(InvocationInterceptorChain.java:131)
	at org.junit.jupiter.engine.extension.TimeoutExtension.intercept(TimeoutExtension.java:156)
	at org.junit.jupiter.engine.extension.TimeoutExtension.interceptTestableMethod(TimeoutExtension.java:147)
	at org.junit.jupiter.engine.extension.TimeoutExtension.interceptTestMethod(TimeoutExtension.java:86)
	at org.junit.jupiter.engine.execution.InterceptingExecutableInvoker$ReflectiveInterceptorCall.lambda$ofVoidMethod$0(InterceptingExecutableInvoker.java:103)
	at org.junit.jupiter.engine.execution.InterceptingExecutableInvoker.lambda$invoke$0(InterceptingExecutableInvoker.java:93)
	at org.junit.jupiter.engine.execution.InvocationInterceptorChain$InterceptedInvocation.proceed(InvocationInterceptorChain.java:106)
	at org.junit.jupiter.engine.execution.InvocationInterceptorChain.proceed(InvocationInterceptorChain.java:64)
	at org.junit.jupiter.engine.execution.InvocationInterceptorChain.chainAndInvoke(InvocationInterceptorChain.java:45)
	at org.junit.jupiter.engine.execution.InvocationInterceptorChain.invoke(InvocationInterceptorChain.java:37)
	at org.junit.jupiter.engine.execution.InterceptingExecutableInvoker.invoke(InterceptingExecutableInvoker.java:92)
	at org.junit.jupiter.engine.execution.InterceptingExecutableInvoker.invoke(InterceptingExecutableInvoker.java:86)
	at org.junit.jupiter.engine.descriptor.TestMethodTestDescriptor.lambda$invokeTestMethod$7(TestMethodTestDescriptor.java:217)
	at org.junit.platform.engine.support.hierarchical.ThrowableCollector.execute(ThrowableCollector.java:73)
	at org.junit.jupiter.engine.descriptor.TestMethodTestDescriptor.invokeTestMethod(TestMethodTestDescriptor.java:213)
	at org.junit.jupiter.engine.descriptor.TestMethodTestDescriptor.execute(TestMethodTestDescriptor.java:138)
	at org.junit.jupiter.engine.descriptor.TestMethodTestDescriptor.execute(TestMethodTestDescriptor.java:68)
	at org.junit.platform.engine.support.hierarchical.NodeTestTask.lambda$executeRecursively$6(NodeTestTask.java:151)
	at org.junit.platform.engine.support.hierarchical.ThrowableCollector.execute(ThrowableCollector.java:73)
	at org.junit.platform.engine.support.hierarchical.NodeTestTask.lambda$executeRecursively$8(NodeTestTask.java:141)
	at org.junit.platform.engine.support.hierarchical.Node.around(Node.java:137)
	at org.junit.platform.engine.support.hierarchical.NodeTestTask.lambda$executeRecursively$9(NodeTestTask.java:139)
	at org.junit.platform.engine.support.hierarchical.ThrowableCollector.execute(ThrowableCollector.java:73)
	at org.junit.platform.engine.support.hierarchical.NodeTestTask.executeRecursively(NodeTestTask.java:138)
	at org.junit.platform.engine.support.hierarchical.NodeTestTask.execute(NodeTestTask.java:95)
	at java.base/java.util.ArrayList.forEach(ArrayList.java:1507)
	at org.junit.platform.engine.support.hierarchical.SameThreadHierarchicalTestExecutorService.invokeAll(SameThreadHierarchicalTestExecutorService.java:41)
	at org.junit.platform.engine.support.hierarchical.NodeTestTask.lambda$executeRecursively$6(NodeTestTask.java:155)
	at org.junit.platform.engine.support.hierarchical.ThrowableCollector.execute(ThrowableCollector.java:73)
	at org.junit.platform.engine.support.hierarchical.NodeTestTask.lambda$executeRecursively$8(NodeTestTask.java:141)
	at org.junit.platform.engine.support.hierarchical.Node.around(Node.java:137)
	at org.junit.platform.engine.support.hierarchical.NodeTestTask.lambda$executeRecursively$9(NodeTestTask.java:139)
	at org.junit.platform.engine.support.hierarchical.ThrowableCollector.execute(ThrowableCollector.java:73)
	at org.junit.platform.engine.support.hierarchical.NodeTestTask.executeRecursively(NodeTestTask.java:138)
	at org.junit.platform.engine.support.hierarchical.NodeTestTask.execute(NodeTestTask.java:95)
	at java.base/java.util.ArrayList.forEach(ArrayList.java:1507)
	at org.junit.platform.engine.support.hierarchical.SameThreadHierarchicalTestExecutorService.invokeAll(SameThreadHierarchicalTestExecutorService.java:41)
	at org.junit.platform.engine.support.hierarchical.NodeTestTask.lambda$executeRecursively$6(NodeTestTask.java:155)
	at org.junit.platform.engine.support.hierarchical.ThrowableCollector.execute(ThrowableCollector.java:73)
	at org.junit.platform.engine.support.hierarchical.NodeTestTask.lambda$executeRecursively$8(NodeTestTask.java:141)
	at org.junit.platform.engine.support.hierarchical.Node.around(Node.java:137)
	at org.junit.platform.engine.support.hierarchical.NodeTestTask.lambda$executeRecursively$9(NodeTestTask.java:139)
	at org.junit.platform.engine.support.hierarchical.ThrowableCollector.execute(ThrowableCollector.java:73)
	at org.junit.platform.engine.support.hierarchical.NodeTestTask.executeRecursively(NodeTestTask.java:138)
	at org.junit.platform.engine.support.hierarchical.NodeTestTask.execute(NodeTestTask.java:95)
	at org.junit.platform.engine.support.hierarchical.SameThreadHierarchicalTestExecutorService.submit(SameThreadHierarchicalTestExecutorService.java:35)
	at org.junit.platform.engine.support.hierarchical.HierarchicalTestExecutor.execute(HierarchicalTestExecutor.java:57)
	at org.junit.platform.engine.support.hierarchical.HierarchicalTestEngine.execute(HierarchicalTestEngine.java:54)
	at org.junit.platform.launcher.core.EngineExecutionOrchestrator.execute(EngineExecutionOrchestrator.java:147)
	at org.junit.platform.launcher.core.EngineExecutionOrchestrator.execute(EngineExecutionOrchestrator.java:127)
	at org.junit.platform.launcher.core.EngineExecutionOrchestrator.execute(EngineExecutionOrchestrator.java:90)
	at org.junit.platform.launcher.core.EngineExecutionOrchestrator.lambda$execute$0(EngineExecutionOrchestrator.java:55)
	at org.junit.platform.launcher.core.EngineExecutionOrchestrator.withInterceptedStreams(EngineExecutionOrchestrator.java:102)
	at org.junit.platform.launcher.core.EngineExecutionOrchestrator.execute(EngineExecutionOrchestrator.java:54)
	at org.junit.platform.launcher.core.DefaultLauncher.execute(DefaultLauncher.java:114)
	at org.junit.platform.launcher.core.DefaultLauncher.execute(DefaultLauncher.java:86)
	at org.junit.platform.launcher.core.DefaultLauncherSession$DelegatingLauncher.execute(DefaultLauncherSession.java:86)
	at org.apache.maven.surefire.junitplatform.LazyLauncher.execute(LazyLauncher.java:50)
	at org.apache.maven.surefire.junitplatform.JUnitPlatformProvider.execute(JUnitPlatformProvider.java:184)
	at org.apache.maven.surefire.junitplatform.JUnitPlatformProvider.invokeAllTests(JUnitPlatformProvider.java:148)
	at org.apache.maven.surefire.junitplatform.JUnitPlatformProvider.invoke(JUnitPlatformProvider.java:122)
	at org.apache.maven.surefire.booter.ForkedBooter.runSuitesInProcess(ForkedBooter.java:385)
	at org.apache.maven.surefire.booter.ForkedBooter.execute(ForkedBooter.java:162)
	at org.apache.maven.surefire.booter.ForkedBooter.run(ForkedBooter.java:507)
	at org.apache.maven.surefire.booter.ForkedBooter.main(ForkedBooter.java:495)
Caused by: java.net.ConnectException: Connection refused
	at java.base/sun.nio.ch.Net.connect0(Native Method)
	at java.base/sun.nio.ch.Net.connect(Net.java:493)
	at java.base/sun.nio.ch.Net.connect(Net.java:482)
	at java.base/sun.nio.ch.NioSocketImpl.connect(NioSocketImpl.java:588)
	at java.base/java.net.Socket.connect(Socket.java:603)
	at java.base/sun.net.NetworkClient.doConnect(NetworkClient.java:177)
	at java.base/sun.net.www.http.HttpClient.openServer(HttpClient.java:474)
	at java.base/sun.net.www.http.HttpClient.openServer(HttpClient.java:569)
	at java.base/sun.net.www.http.HttpClient.<init>(HttpClient.java:242)
	at java.base/sun.net.www.http.HttpClient.New(HttpClient.java:341)
	at java.base/sun.net.www.http.HttpClient.New(HttpClient.java:362)
	at java.base/sun.net.www.protocol.http.HttpURLConnection.getNewHttpClient(HttpURLConnection.java:1248)
	at java.base/sun.net.www.protocol.http.HttpURLConnection.plainConnect0(HttpURLConnection.java:1187)
	at java.base/sun.net.www.protocol.http.HttpURLConnection.plainConnect(HttpURLConnection.java:1081)
	at java.base/sun.net.www.protocol.http.HttpURLConnection.connect(HttpURLConnection.java:1015)
	at java.base/sun.net.www.protocol.http.HttpURLConnection.getInputStream0(HttpURLConnection.java:1587)
	at java.base/sun.net.www.protocol.http.HttpURLConnection.getInputStream(HttpURLConnection.java:1515)
	at java.base/java.net.HttpURLConnection.getResponseCode(HttpURLConnection.java:527)
	at io.confluent.kafka.schemaregistry.client.rest.RestService.sendHttpRequest(RestService.java:312)
	at io.confluent.kafka.schemaregistry.client.rest.RestService.httpRequest(RestService.java:408)
	at io.confluent.kafka.schemaregistry.client.rest.RestService.getAllSubjects(RestService.java:1111)
	at io.confluent.kafka.schemaregistry.client.rest.RestService.getAllSubjects(RestService.java:1096)
	at io.confluent.kafka.schemaregistry.client.CachedSchemaRegistryClient.getAllSubjects(CachedSchemaRegistryClient.java:786)
	at com.mycompany.kafka.manager.SimpleSchemaManager.subjectExists(SimpleSchemaManager.java:103)
	... 73 more
]]></error>
    <system-err><![CDATA[[main] INFO com.mycompany.kafka.KafkaManagementLibrary - Initializing KafkaManagementLibrary
[main] INFO com.mycompany.kafka.factory.ConnectionFactory - Creating Kafka AdminClient with bootstrap servers: localhost:9092
[main] INFO org.apache.kafka.clients.admin.AdminClientConfig - AdminClientConfig values: 
	auto.include.jmx.reporter = true
	bootstrap.servers = [localhost:9092]
	client.dns.lookup = use_all_dns_ips
	client.id = 
	connections.max.idle.ms = 300000
	default.api.timeout.ms = 60000
	metadata.max.age.ms = 300000
	metric.reporters = []
	metrics.num.samples = 2
	metrics.recording.level = INFO
	metrics.sample.window.ms = 30000
	receive.buffer.bytes = 65536
	reconnect.backoff.max.ms = 1000
	reconnect.backoff.ms = 50
	request.timeout.ms = 30000
	retries = 2147483647
	retry.backoff.ms = 100
	sasl.client.callback.handler.class = null
	sasl.jaas.config = null
	sasl.kerberos.kinit.cmd = /usr/bin/kinit
	sasl.kerberos.min.time.before.relogin = 60000
	sasl.kerberos.service.name = null
	sasl.kerberos.ticket.renew.jitter = 0.05
	sasl.kerberos.ticket.renew.window.factor = 0.8
	sasl.login.callback.handler.class = null
	sasl.login.class = null
	sasl.login.connect.timeout.ms = null
	sasl.login.read.timeout.ms = null
	sasl.login.refresh.buffer.seconds = 300
	sasl.login.refresh.min.period.seconds = 60
	sasl.login.refresh.window.factor = 0.8
	sasl.login.refresh.window.jitter = 0.05
	sasl.login.retry.backoff.max.ms = 10000
	sasl.login.retry.backoff.ms = 100
	sasl.mechanism = GSSAPI
	sasl.oauthbearer.clock.skew.seconds = 30
	sasl.oauthbearer.expected.audience = null
	sasl.oauthbearer.expected.issuer = null
	sasl.oauthbearer.jwks.endpoint.refresh.ms = 3600000
	sasl.oauthbearer.jwks.endpoint.retry.backoff.max.ms = 10000
	sasl.oauthbearer.jwks.endpoint.retry.backoff.ms = 100
	sasl.oauthbearer.jwks.endpoint.url = null
	sasl.oauthbearer.scope.claim.name = scope
	sasl.oauthbearer.sub.claim.name = sub
	sasl.oauthbearer.token.endpoint.url = null
	security.protocol = PLAINTEXT
	security.providers = null
	send.buffer.bytes = 131072
	socket.connection.setup.timeout.max.ms = 30000
	socket.connection.setup.timeout.ms = 10000
	ssl.cipher.suites = null
	ssl.enabled.protocols = [TLSv1.2, TLSv1.3]
	ssl.endpoint.identification.algorithm = https
	ssl.engine.factory.class = null
	ssl.key.password = null
	ssl.keymanager.algorithm = SunX509
	ssl.keystore.certificate.chain = null
	ssl.keystore.key = null
	ssl.keystore.location = null
	ssl.keystore.password = null
	ssl.keystore.type = JKS
	ssl.protocol = TLSv1.3
	ssl.provider = null
	ssl.secure.random.implementation = null
	ssl.trustmanager.algorithm = PKIX
	ssl.truststore.certificates = null
	ssl.truststore.location = null
	ssl.truststore.password = null
	ssl.truststore.type = JKS

[main] INFO org.apache.kafka.common.utils.AppInfoParser - Kafka version: 3.5.1
[main] INFO org.apache.kafka.common.utils.AppInfoParser - Kafka commitId: 2c6fb6c54472e90a
[main] INFO org.apache.kafka.common.utils.AppInfoParser - Kafka startTimeMs: 1761089157826
[main] INFO com.mycompany.kafka.factory.ConnectionFactory - Kafka AdminClient created successfully
[main] INFO com.mycompany.kafka.factory.ConnectionFactory - Creating Kafka AdminClient with bootstrap servers: localhost:9092
[main] INFO org.apache.kafka.clients.admin.AdminClientConfig - AdminClientConfig values: 
	auto.include.jmx.reporter = true
	bootstrap.servers = [localhost:9092]
	client.dns.lookup = use_all_dns_ips
	client.id = 
	connections.max.idle.ms = 300000
	default.api.timeout.ms = 60000
	metadata.max.age.ms = 300000
	metric.reporters = []
	metrics.num.samples = 2
	metrics.recording.level = INFO
	metrics.sample.window.ms = 30000
	receive.buffer.bytes = 65536
	reconnect.backoff.max.ms = 1000
	reconnect.backoff.ms = 50
	request.timeout.ms = 30000
	retries = 2147483647
	retry.backoff.ms = 100
	sasl.client.callback.handler.class = null
	sasl.jaas.config = null
	sasl.kerberos.kinit.cmd = /usr/bin/kinit
	sasl.kerberos.min.time.before.relogin = 60000
	sasl.kerberos.service.name = null
	sasl.kerberos.ticket.renew.jitter = 0.05
	sasl.kerberos.ticket.renew.window.factor = 0.8
	sasl.login.callback.handler.class = null
	sasl.login.class = null
	sasl.login.connect.timeout.ms = null
	sasl.login.read.timeout.ms = null
	sasl.login.refresh.buffer.seconds = 300
	sasl.login.refresh.min.period.seconds = 60
	sasl.login.refresh.window.factor = 0.8
	sasl.login.refresh.window.jitter = 0.05
	sasl.login.retry.backoff.max.ms = 10000
	sasl.login.retry.backoff.ms = 100
	sasl.mechanism = GSSAPI
	sasl.oauthbearer.clock.skew.seconds = 30
	sasl.oauthbearer.expected.audience = null
	sasl.oauthbearer.expected.issuer = null
	sasl.oauthbearer.jwks.endpoint.refresh.ms = 3600000
	sasl.oauthbearer.jwks.endpoint.retry.backoff.max.ms = 10000
	sasl.oauthbearer.jwks.endpoint.retry.backoff.ms = 100
	sasl.oauthbearer.jwks.endpoint.url = null
	sasl.oauthbearer.scope.claim.name = scope
	sasl.oauthbearer.sub.claim.name = sub
	sasl.oauthbearer.token.endpoint.url = null
	security.protocol = PLAINTEXT
	security.providers = null
	send.buffer.bytes = 131072
	socket.connection.setup.timeout.max.ms = 30000
	socket.connection.setup.timeout.ms = 10000
	ssl.cipher.suites = null
	ssl.enabled.protocols = [TLSv1.2, TLSv1.3]
	ssl.endpoint.identification.algorithm = https
	ssl.engine.factory.class = null
	ssl.key.password = null
	ssl.keymanager.algorithm = SunX509
	ssl.keystore.certificate.chain = null
	ssl.keystore.key = null
	ssl.keystore.location = null
	ssl.keystore.password = null
	ssl.keystore.type = JKS
	ssl.protocol = TLSv1.3
	ssl.provider = null
	ssl.secure.random.implementation = null
	ssl.trustmanager.algorithm = PKIX
	ssl.truststore.certificates = null
	ssl.truststore.location = null
	ssl.truststore.password = null
	ssl.truststore.type = JKS

[kafka-admin-client-thread | adminclient-35] INFO org.apache.kafka.clients.NetworkClient - [AdminClient clientId=adminclient-35] Node -1 disconnected.
[kafka-admin-client-thread | adminclient-35] WARN org.apache.kafka.clients.NetworkClient - [AdminClient clientId=adminclient-35] Connection to node -1 (localhost/127.0.0.1:9092) could not be established. Broker may not be available.
[main] INFO org.apache.kafka.common.utils.AppInfoParser - Kafka version: 3.5.1
[main] INFO org.apache.kafka.common.utils.AppInfoParser - Kafka commitId: 2c6fb6c54472e90a
[main] INFO org.apache.kafka.common.utils.AppInfoParser - Kafka startTimeMs: 1761089157828
[main] INFO com.mycompany.kafka.factory.ConnectionFactory - Kafka AdminClient created successfully
[main] INFO com.mycompany.kafka.factory.ConnectionFactory - Creating Schema Registry Client with URL: http://localhost:8081
[main] INFO com.mycompany.kafka.factory.ConnectionFactory - Schema Registry Client created successfully
[main] INFO com.mycompany.kafka.KafkaManagementLibrary - KafkaManagementLibrary initialized successfully
[main] INFO com.mycompany.kafka.manager.SimpleSchemaManager - Checking if subject exists: test-subject
[kafka-admin-client-thread | adminclient-36] INFO org.apache.kafka.clients.NetworkClient - [AdminClient clientId=adminclient-36] Node -1 disconnected.
[kafka-admin-client-thread | adminclient-36] WARN org.apache.kafka.clients.NetworkClient - [AdminClient clientId=adminclient-36] Connection to node -1 (localhost/127.0.0.1:9092) could not be established. Broker may not be available.
[main] ERROR com.mycompany.kafka.manager.SimpleSchemaManager - Failed to check if subject exists test-subject: Connection refused
java.net.ConnectException: Connection refused
	at java.base/sun.nio.ch.Net.connect0(Native Method)
	at java.base/sun.nio.ch.Net.connect(Net.java:493)
	at java.base/sun.nio.ch.Net.connect(Net.java:482)
	at java.base/sun.nio.ch.NioSocketImpl.connect(NioSocketImpl.java:588)
	at java.base/java.net.Socket.connect(Socket.java:603)
	at java.base/sun.net.NetworkClient.doConnect(NetworkClient.java:177)
	at java.base/sun.net.www.http.HttpClient.openServer(HttpClient.java:474)
	at java.base/sun.net.www.http.HttpClient.openServer(HttpClient.java:569)
	at java.base/sun.net.www.http.HttpClient.<init>(HttpClient.java:242)
	at java.base/sun.net.www.http.HttpClient.New(HttpClient.java:341)
	at java.base/sun.net.www.http.HttpClient.New(HttpClient.java:362)
	at java.base/sun.net.www.protocol.http.HttpURLConnection.getNewHttpClient(HttpURLConnection.java:1248)
	at java.base/sun.net.www.protocol.http.HttpURLConnection.plainConnect0(HttpURLConnection.java:1187)
	at java.base/sun.net.www.protocol.http.HttpURLConnection.plainConnect(HttpURLConnection.java:1081)
	at java.base/sun.net.www.protocol.http.HttpURLConnection.connect(HttpURLConnection.java:1015)
	at java.base/sun.net.www.protocol.http.HttpURLConnection.getInputStream0(HttpURLConnection.java:1587)
	at java.base/sun.net.www.protocol.http.HttpURLConnection.getInputStream(HttpURLConnection.java:1515)
	at java.base/java.net.HttpURLConnection.getResponseCode(HttpURLConnection.java:527)
	at io.confluent.kafka.schemaregistry.client.rest.RestService.sendHttpRequest(RestService.java:312)
	at io.confluent.kafka.schemaregistry.client.rest.RestService.httpRequest(RestService.java:408)
	at io.confluent.kafka.schemaregistry.client.rest.RestService.getAllSubjects(RestService.java:1111)
	at io.confluent.kafka.schemaregistry.client.rest.RestService.getAllSubjects(RestService.java:1096)
	at io.confluent.kafka.schemaregistry.client.CachedSchemaRegistryClient.getAllSubjects(CachedSchemaRegistryClient.java:786)
	at com.mycompany.kafka.manager.SimpleSchemaManager.subjectExists(SimpleSchemaManager.java:103)
	at com.mycompany.kafka.KafkaManagementLibrary.subjectExists(KafkaManagementLibrary.java:302)
	at com.mycompany.kafka.KafkaManagementLibraryTest.testSubjectExists(KafkaManagementLibraryTest.java:208)
	at java.base/jdk.internal.reflect.NativeMethodAccessorImpl.invoke0(Native Method)
	at java.base/jdk.internal.reflect.NativeMethodAccessorImpl.invoke(NativeMethodAccessorImpl.java:62)
	at java.base/jdk.internal.reflect.DelegatingMethodAccessorImpl.invoke(DelegatingMethodAccessorImpl.java:43)
	at java.base/java.lang.reflect.Method.invoke(Method.java:567)
	at org.junit.platform.commons.util.ReflectionUtils.invokeMethod(ReflectionUtils.java:727)
	at org.junit.jupiter.engine.execution.MethodInvocation.proceed(MethodInvocation.java:60)
	at org.junit.jupiter.engine.execution.InvocationInterceptorChain$ValidatingInvocation.proceed(InvocationInterceptorChain.java:131)
	at org.junit.jupiter.engine.extension.TimeoutExtension.intercept(TimeoutExtension.java:156)
	at org.junit.jupiter.engine.extension.TimeoutExtension.interceptTestableMethod(TimeoutExtension.java:147)
	at org.junit.jupiter.engine.extension.TimeoutExtension.interceptTestMethod(TimeoutExtension.java:86)
	at org.junit.jupiter.engine.execution.InterceptingExecutableInvoker$ReflectiveInterceptorCall.lambda$ofVoidMethod$0(InterceptingExecutableInvoker.java:103)
	at org.junit.jupiter.engine.execution.InterceptingExecutableInvoker.lambda$invoke$0(InterceptingExecutableInvoker.java:93)
	at org.junit.jupiter.engine.execution.InvocationInterceptorChain$InterceptedInvocation.proceed(InvocationInterceptorChain.java:106)
	at org.junit.jupiter.engine.execution.InvocationInterceptorChain.proceed(InvocationInterceptorChain.java:64)
	at org.junit.jupiter.engine.execution.InvocationInterceptorChain.chainAndInvoke(InvocationInterceptorChain.java:45)
	at org.junit.jupiter.engine.execution.InvocationInterceptorChain.invoke(InvocationInterceptorChain.java:37)
	at org.junit.jupiter.engine.execution.InterceptingExecutableInvoker.invoke(InterceptingExecutableInvoker.java:92)
	at org.junit.jupiter.engine.execution.InterceptingExecutableInvoker.invoke(InterceptingExecutableInvoker.java:86)
	at org.junit.jupiter.engine.descriptor.TestMethodTestDescriptor.lambda$invokeTestMethod$7(TestMethodTestDescriptor.java:217)
	at org.junit.platform.engine.support.hierarchical.ThrowableCollector.execute(ThrowableCollector.java:73)
	at org.junit.jupiter.engine.descriptor.TestMethodTestDescriptor.invokeTestMethod(TestMethodTestDescriptor.java:213)
	at org.junit.jupiter.engine.descriptor.TestMethodTestDescriptor.execute(TestMethodTestDescriptor.java:138)
	at org.junit.jupiter.engine.descriptor.TestMethodTestDescriptor.execute(TestMethodTestDescriptor.java:68)
	at org.junit.platform.engine.support.hierarchical.NodeTestTask.lambda$executeRecursively$6(NodeTestTask.java:151)
	at org.junit.platform.engine.support.hierarchical.ThrowableCollector.execute(ThrowableCollector.java:73)
	at org.junit.platform.engine.support.hierarchical.NodeTestTask.lambda$executeRecursively$8(NodeTestTask.java:141)
	at org.junit.platform.engine.support.hierarchical.Node.around(Node.java:137)
	at org.junit.platform.engine.support.hierarchical.NodeTestTask.lambda$executeRecursively$9(NodeTestTask.java:139)
	at org.junit.platform.engine.support.hierarchical.ThrowableCollector.execute(ThrowableCollector.java:73)
	at org.junit.platform.engine.support.hierarchical.NodeTestTask.executeRecursively(NodeTestTask.java:138)
	at org.junit.platform.engine.support.hierarchical.NodeTestTask.execute(NodeTestTask.java:95)
	at java.base/java.util.ArrayList.forEach(ArrayList.java:1507)
	at org.junit.platform.engine.support.hierarchical.SameThreadHierarchicalTestExecutorService.invokeAll(SameThreadHierarchicalTestExecutorService.java:41)
	at org.junit.platform.engine.support.hierarchical.NodeTestTask.lambda$executeRecursively$6(NodeTestTask.java:155)
	at org.junit.platform.engine.support.hierarchical.ThrowableCollector.execute(ThrowableCollector.java:73)
	at org.junit.platform.engine.support.hierarchical.NodeTestTask.lambda$executeRecursively$8(NodeTestTask.java:141)
	at org.junit.platform.engine.support.hierarchical.Node.around(Node.java:137)
	at org.junit.platform.engine.support.hierarchical.NodeTestTask.lambda$executeRecursively$9(NodeTestTask.java:139)
	at org.junit.platform.engine.support.hierarchical.ThrowableCollector.execute(ThrowableCollector.java:73)
	at org.junit.platform.engine.support.hierarchical.NodeTestTask.executeRecursively(NodeTestTask.java:138)
	at org.junit.platform.engine.support.hierarchical.NodeTestTask.execute(NodeTestTask.java:95)
	at java.base/java.util.ArrayList.forEach(ArrayList.java:1507)
	at org.junit.platform.engine.support.hierarchical.SameThreadHierarchicalTestExecutorService.invokeAll(SameThreadHierarchicalTestExecutorService.java:41)
	at org.junit.platform.engine.support.hierarchical.NodeTestTask.lambda$executeRecursively$6(NodeTestTask.java:155)
	at org.junit.platform.engine.support.hierarchical.ThrowableCollector.execute(ThrowableCollector.java:73)
	at org.junit.platform.engine.support.hierarchical.NodeTestTask.lambda$executeRecursively$8(NodeTestTask.java:141)
	at org.junit.platform.engine.support.hierarchical.Node.around(Node.java:137)
	at org.junit.platform.engine.support.hierarchical.NodeTestTask.lambda$executeRecursively$9(NodeTestTask.java:139)
	at org.junit.platform.engine.support.hierarchical.ThrowableCollector.execute(ThrowableCollector.java:73)
	at org.junit.platform.engine.support.hierarchical.NodeTestTask.executeRecursively(NodeTestTask.java:138)
	at org.junit.platform.engine.support.hierarchical.NodeTestTask.execute(NodeTestTask.java:95)
	at org.junit.platform.engine.support.hierarchical.SameThreadHierarchicalTestExecutorService.submit(SameThreadHierarchicalTestExecutorService.java:35)
	at org.junit.platform.engine.support.hierarchical.HierarchicalTestExecutor.execute(HierarchicalTestExecutor.java:57)
	at org.junit.platform.engine.support.hierarchical.HierarchicalTestEngine.execute(HierarchicalTestEngine.java:54)
	at org.junit.platform.launcher.core.EngineExecutionOrchestrator.execute(EngineExecutionOrchestrator.java:147)
	at org.junit.platform.launcher.core.EngineExecutionOrchestrator.execute(EngineExecutionOrchestrator.java:127)
	at org.junit.platform.launcher.core.EngineExecutionOrchestrator.execute(EngineExecutionOrchestrator.java:90)
	at org.junit.platform.launcher.core.EngineExecutionOrchestrator.lambda$execute$0(EngineExecutionOrchestrator.java:55)
	at org.junit.platform.launcher.core.EngineExecutionOrchestrator.withInterceptedStreams(EngineExecutionOrchestrator.java:102)
	at org.junit.platform.launcher.core.EngineExecutionOrchestrator.execute(EngineExecutionOrchestrator.java:54)
	at org.junit.platform.launcher.core.DefaultLauncher.execute(DefaultLauncher.java:114)
	at org.junit.platform.launcher.core.DefaultLauncher.execute(DefaultLauncher.java:86)
	at org.junit.platform.launcher.core.DefaultLauncherSession$DelegatingLauncher.execute(DefaultLauncherSession.java:86)
	at org.apache.maven.surefire.junitplatform.LazyLauncher.execute(LazyLauncher.java:50)
	at org.apache.maven.surefire.junitplatform.JUnitPlatformProvider.execute(JUnitPlatformProvider.java:184)
	at org.apache.maven.surefire.junitplatform.JUnitPlatformProvider.invokeAllTests(JUnitPlatformProvider.java:148)
	at org.apache.maven.surefire.junitplatform.JUnitPlatformProvider.invoke(JUnitPlatformProvider.java:122)
	at org.apache.maven.surefire.booter.ForkedBooter.runSuitesInProcess(ForkedBooter.java:385)
	at org.apache.maven.surefire.booter.ForkedBooter.execute(ForkedBooter.java:162)
	at org.apache.maven.surefire.booter.ForkedBooter.run(ForkedBooter.java:507)
	at org.apache.maven.surefire.booter.ForkedBooter.main(ForkedBooter.java:495)
]]></system-err>
  </testcase>
  <testcase name="testBeginTransaction" classname="com.mycompany.kafka.KafkaManagementLibraryTest" time="0.006">
    <error message="Failed to begin transaction: test-transaction" type="java.lang.RuntimeException"><![CDATA[java.lang.RuntimeException: Failed to begin transaction: test-transaction
	at com.mycompany.kafka.manager.SessionManager.beginTransaction(SessionManager.java:115)
	at com.mycompany.kafka.KafkaManagementLibrary.beginTransaction(KafkaManagementLibrary.java:334)
	at com.mycompany.kafka.KafkaManagementLibraryTest.testBeginTransaction(KafkaManagementLibraryTest.java:245)
	at java.base/jdk.internal.reflect.NativeMethodAccessorImpl.invoke0(Native Method)
	at java.base/jdk.internal.reflect.NativeMethodAccessorImpl.invoke(NativeMethodAccessorImpl.java:62)
	at java.base/jdk.internal.reflect.DelegatingMethodAccessorImpl.invoke(DelegatingMethodAccessorImpl.java:43)
	at java.base/java.lang.reflect.Method.invoke(Method.java:567)
	at org.junit.platform.commons.util.ReflectionUtils.invokeMethod(ReflectionUtils.java:727)
	at org.junit.jupiter.engine.execution.MethodInvocation.proceed(MethodInvocation.java:60)
	at org.junit.jupiter.engine.execution.InvocationInterceptorChain$ValidatingInvocation.proceed(InvocationInterceptorChain.java:131)
	at org.junit.jupiter.engine.extension.TimeoutExtension.intercept(TimeoutExtension.java:156)
	at org.junit.jupiter.engine.extension.TimeoutExtension.interceptTestableMethod(TimeoutExtension.java:147)
	at org.junit.jupiter.engine.extension.TimeoutExtension.interceptTestMethod(TimeoutExtension.java:86)
	at org.junit.jupiter.engine.execution.InterceptingExecutableInvoker$ReflectiveInterceptorCall.lambda$ofVoidMethod$0(InterceptingExecutableInvoker.java:103)
	at org.junit.jupiter.engine.execution.InterceptingExecutableInvoker.lambda$invoke$0(InterceptingExecutableInvoker.java:93)
	at org.junit.jupiter.engine.execution.InvocationInterceptorChain$InterceptedInvocation.proceed(InvocationInterceptorChain.java:106)
	at org.junit.jupiter.engine.execution.InvocationInterceptorChain.proceed(InvocationInterceptorChain.java:64)
	at org.junit.jupiter.engine.execution.InvocationInterceptorChain.chainAndInvoke(InvocationInterceptorChain.java:45)
	at org.junit.jupiter.engine.execution.InvocationInterceptorChain.invoke(InvocationInterceptorChain.java:37)
	at org.junit.jupiter.engine.execution.InterceptingExecutableInvoker.invoke(InterceptingExecutableInvoker.java:92)
	at org.junit.jupiter.engine.execution.InterceptingExecutableInvoker.invoke(InterceptingExecutableInvoker.java:86)
	at org.junit.jupiter.engine.descriptor.TestMethodTestDescriptor.lambda$invokeTestMethod$7(TestMethodTestDescriptor.java:217)
	at org.junit.platform.engine.support.hierarchical.ThrowableCollector.execute(ThrowableCollector.java:73)
	at org.junit.jupiter.engine.descriptor.TestMethodTestDescriptor.invokeTestMethod(TestMethodTestDescriptor.java:213)
	at org.junit.jupiter.engine.descriptor.TestMethodTestDescriptor.execute(TestMethodTestDescriptor.java:138)
	at org.junit.jupiter.engine.descriptor.TestMethodTestDescriptor.execute(TestMethodTestDescriptor.java:68)
	at org.junit.platform.engine.support.hierarchical.NodeTestTask.lambda$executeRecursively$6(NodeTestTask.java:151)
	at org.junit.platform.engine.support.hierarchical.ThrowableCollector.execute(ThrowableCollector.java:73)
	at org.junit.platform.engine.support.hierarchical.NodeTestTask.lambda$executeRecursively$8(NodeTestTask.java:141)
	at org.junit.platform.engine.support.hierarchical.Node.around(Node.java:137)
	at org.junit.platform.engine.support.hierarchical.NodeTestTask.lambda$executeRecursively$9(NodeTestTask.java:139)
	at org.junit.platform.engine.support.hierarchical.ThrowableCollector.execute(ThrowableCollector.java:73)
	at org.junit.platform.engine.support.hierarchical.NodeTestTask.executeRecursively(NodeTestTask.java:138)
	at org.junit.platform.engine.support.hierarchical.NodeTestTask.execute(NodeTestTask.java:95)
	at java.base/java.util.ArrayList.forEach(ArrayList.java:1507)
	at org.junit.platform.engine.support.hierarchical.SameThreadHierarchicalTestExecutorService.invokeAll(SameThreadHierarchicalTestExecutorService.java:41)
	at org.junit.platform.engine.support.hierarchical.NodeTestTask.lambda$executeRecursively$6(NodeTestTask.java:155)
	at org.junit.platform.engine.support.hierarchical.ThrowableCollector.execute(ThrowableCollector.java:73)
	at org.junit.platform.engine.support.hierarchical.NodeTestTask.lambda$executeRecursively$8(NodeTestTask.java:141)
	at org.junit.platform.engine.support.hierarchical.Node.around(Node.java:137)
	at org.junit.platform.engine.support.hierarchical.NodeTestTask.lambda$executeRecursively$9(NodeTestTask.java:139)
	at org.junit.platform.engine.support.hierarchical.ThrowableCollector.execute(ThrowableCollector.java:73)
	at org.junit.platform.engine.support.hierarchical.NodeTestTask.executeRecursively(NodeTestTask.java:138)
	at org.junit.platform.engine.support.hierarchical.NodeTestTask.execute(NodeTestTask.java:95)
	at java.base/java.util.ArrayList.forEach(ArrayList.java:1507)
	at org.junit.platform.engine.support.hierarchical.SameThreadHierarchicalTestExecutorService.invokeAll(SameThreadHierarchicalTestExecutorService.java:41)
	at org.junit.platform.engine.support.hierarchical.NodeTestTask.lambda$executeRecursively$6(NodeTestTask.java:155)
	at org.junit.platform.engine.support.hierarchical.ThrowableCollector.execute(ThrowableCollector.java:73)
	at org.junit.platform.engine.support.hierarchical.NodeTestTask.lambda$executeRecursively$8(NodeTestTask.java:141)
	at org.junit.platform.engine.support.hierarchical.Node.around(Node.java:137)
	at org.junit.platform.engine.support.hierarchical.NodeTestTask.lambda$executeRecursively$9(NodeTestTask.java:139)
	at org.junit.platform.engine.support.hierarchical.ThrowableCollector.execute(ThrowableCollector.java:73)
	at org.junit.platform.engine.support.hierarchical.NodeTestTask.executeRecursively(NodeTestTask.java:138)
	at org.junit.platform.engine.support.hierarchical.NodeTestTask.execute(NodeTestTask.java:95)
	at org.junit.platform.engine.support.hierarchical.SameThreadHierarchicalTestExecutorService.submit(SameThreadHierarchicalTestExecutorService.java:35)
	at org.junit.platform.engine.support.hierarchical.HierarchicalTestExecutor.execute(HierarchicalTestExecutor.java:57)
	at org.junit.platform.engine.support.hierarchical.HierarchicalTestEngine.execute(HierarchicalTestEngine.java:54)
	at org.junit.platform.launcher.core.EngineExecutionOrchestrator.execute(EngineExecutionOrchestrator.java:147)
	at org.junit.platform.launcher.core.EngineExecutionOrchestrator.execute(EngineExecutionOrchestrator.java:127)
	at org.junit.platform.launcher.core.EngineExecutionOrchestrator.execute(EngineExecutionOrchestrator.java:90)
	at org.junit.platform.launcher.core.EngineExecutionOrchestrator.lambda$execute$0(EngineExecutionOrchestrator.java:55)
	at org.junit.platform.launcher.core.EngineExecutionOrchestrator.withInterceptedStreams(EngineExecutionOrchestrator.java:102)
	at org.junit.platform.launcher.core.EngineExecutionOrchestrator.execute(EngineExecutionOrchestrator.java:54)
	at org.junit.platform.launcher.core.DefaultLauncher.execute(DefaultLauncher.java:114)
	at org.junit.platform.launcher.core.DefaultLauncher.execute(DefaultLauncher.java:86)
	at org.junit.platform.launcher.core.DefaultLauncherSession$DelegatingLauncher.execute(DefaultLauncherSession.java:86)
	at org.apache.maven.surefire.junitplatform.LazyLauncher.execute(LazyLauncher.java:50)
	at org.apache.maven.surefire.junitplatform.JUnitPlatformProvider.execute(JUnitPlatformProvider.java:184)
	at org.apache.maven.surefire.junitplatform.JUnitPlatformProvider.invokeAllTests(JUnitPlatformProvider.java:148)
	at org.apache.maven.surefire.junitplatform.JUnitPlatformProvider.invoke(JUnitPlatformProvider.java:122)
	at org.apache.maven.surefire.booter.ForkedBooter.runSuitesInProcess(ForkedBooter.java:385)
	at org.apache.maven.surefire.booter.ForkedBooter.execute(ForkedBooter.java:162)
	at org.apache.maven.surefire.booter.ForkedBooter.run(ForkedBooter.java:507)
	at org.apache.maven.surefire.booter.ForkedBooter.main(ForkedBooter.java:495)
Caused by: java.lang.IllegalStateException: No transactional producer found for transaction ID: test-transaction
	at com.mycompany.kafka.manager.SessionManager.beginTransaction(SessionManager.java:108)
	... 73 more
]]></error>
    <system-err><![CDATA[[main] INFO com.mycompany.kafka.KafkaManagementLibrary - Initializing KafkaManagementLibrary
[main] INFO com.mycompany.kafka.factory.ConnectionFactory - Creating Kafka AdminClient with bootstrap servers: localhost:9092
[main] INFO org.apache.kafka.clients.admin.AdminClientConfig - AdminClientConfig values: 
	auto.include.jmx.reporter = true
	bootstrap.servers = [localhost:9092]
	client.dns.lookup = use_all_dns_ips
	client.id = 
	connections.max.idle.ms = 300000
	default.api.timeout.ms = 60000
	metadata.max.age.ms = 300000
	metric.reporters = []
	metrics.num.samples = 2
	metrics.recording.level = INFO
	metrics.sample.window.ms = 30000
	receive.buffer.bytes = 65536
	reconnect.backoff.max.ms = 1000
	reconnect.backoff.ms = 50
	request.timeout.ms = 30000
	retries = 2147483647
	retry.backoff.ms = 100
	sasl.client.callback.handler.class = null
	sasl.jaas.config = null
	sasl.kerberos.kinit.cmd = /usr/bin/kinit
	sasl.kerberos.min.time.before.relogin = 60000
	sasl.kerberos.service.name = null
	sasl.kerberos.ticket.renew.jitter = 0.05
	sasl.kerberos.ticket.renew.window.factor = 0.8
	sasl.login.callback.handler.class = null
	sasl.login.class = null
	sasl.login.connect.timeout.ms = null
	sasl.login.read.timeout.ms = null
	sasl.login.refresh.buffer.seconds = 300
	sasl.login.refresh.min.period.seconds = 60
	sasl.login.refresh.window.factor = 0.8
	sasl.login.refresh.window.jitter = 0.05
	sasl.login.retry.backoff.max.ms = 10000
	sasl.login.retry.backoff.ms = 100
	sasl.mechanism = GSSAPI
	sasl.oauthbearer.clock.skew.seconds = 30
	sasl.oauthbearer.expected.audience = null
	sasl.oauthbearer.expected.issuer = null
	sasl.oauthbearer.jwks.endpoint.refresh.ms = 3600000
	sasl.oauthbearer.jwks.endpoint.retry.backoff.max.ms = 10000
	sasl.oauthbearer.jwks.endpoint.retry.backoff.ms = 100
	sasl.oauthbearer.jwks.endpoint.url = null
	sasl.oauthbearer.scope.claim.name = scope
	sasl.oauthbearer.sub.claim.name = sub
	sasl.oauthbearer.token.endpoint.url = null
	security.protocol = PLAINTEXT
	security.providers = null
	send.buffer.bytes = 131072
	socket.connection.setup.timeout.max.ms = 30000
	socket.connection.setup.timeout.ms = 10000
	ssl.cipher.suites = null
	ssl.enabled.protocols = [TLSv1.2, TLSv1.3]
	ssl.endpoint.identification.algorithm = https
	ssl.engine.factory.class = null
	ssl.key.password = null
	ssl.keymanager.algorithm = SunX509
	ssl.keystore.certificate.chain = null
	ssl.keystore.key = null
	ssl.keystore.location = null
	ssl.keystore.password = null
	ssl.keystore.type = JKS
	ssl.protocol = TLSv1.3
	ssl.provider = null
	ssl.secure.random.implementation = null
	ssl.trustmanager.algorithm = PKIX
	ssl.truststore.certificates = null
	ssl.truststore.location = null
	ssl.truststore.password = null
	ssl.truststore.type = JKS

[main] INFO org.apache.kafka.common.utils.AppInfoParser - Kafka version: 3.5.1
[main] INFO org.apache.kafka.common.utils.AppInfoParser - Kafka commitId: 2c6fb6c54472e90a
[main] INFO org.apache.kafka.common.utils.AppInfoParser - Kafka startTimeMs: 1761089157834
[main] INFO com.mycompany.kafka.factory.ConnectionFactory - Kafka AdminClient created successfully
[main] INFO com.mycompany.kafka.factory.ConnectionFactory - Creating Kafka AdminClient with bootstrap servers: localhost:9092
[main] INFO org.apache.kafka.clients.admin.AdminClientConfig - AdminClientConfig values: 
	auto.include.jmx.reporter = true
	bootstrap.servers = [localhost:9092]
	client.dns.lookup = use_all_dns_ips
	client.id = 
	connections.max.idle.ms = 300000
	default.api.timeout.ms = 60000
	metadata.max.age.ms = 300000
	metric.reporters = []
	metrics.num.samples = 2
	metrics.recording.level = INFO
	metrics.sample.window.ms = 30000
	receive.buffer.bytes = 65536
	reconnect.backoff.max.ms = 1000
	reconnect.backoff.ms = 50
	request.timeout.ms = 30000
	retries = 2147483647
	retry.backoff.ms = 100
	sasl.client.callback.handler.class = null
	sasl.jaas.config = null
	sasl.kerberos.kinit.cmd = /usr/bin/kinit
	sasl.kerberos.min.time.before.relogin = 60000
	sasl.kerberos.service.name = null
	sasl.kerberos.ticket.renew.jitter = 0.05
	sasl.kerberos.ticket.renew.window.factor = 0.8
	sasl.login.callback.handler.class = null
	sasl.login.class = null
	sasl.login.connect.timeout.ms = null
	sasl.login.read.timeout.ms = null
	sasl.login.refresh.buffer.seconds = 300
	sasl.login.refresh.min.period.seconds = 60
	sasl.login.refresh.window.factor = 0.8
	sasl.login.refresh.window.jitter = 0.05
	sasl.login.retry.backoff.max.ms = 10000
	sasl.login.retry.backoff.ms = 100
	sasl.mechanism = GSSAPI
	sasl.oauthbearer.clock.skew.seconds = 30
	sasl.oauthbearer.expected.audience = null
	sasl.oauthbearer.expected.issuer = null
	sasl.oauthbearer.jwks.endpoint.refresh.ms = 3600000
	sasl.oauthbearer.jwks.endpoint.retry.backoff.max.ms = 10000
	sasl.oauthbearer.jwks.endpoint.retry.backoff.ms = 100
	sasl.oauthbearer.jwks.endpoint.url = null
	sasl.oauthbearer.scope.claim.name = scope
	sasl.oauthbearer.sub.claim.name = sub
	sasl.oauthbearer.token.endpoint.url = null
	security.protocol = PLAINTEXT
	security.providers = null
	send.buffer.bytes = 131072
	socket.connection.setup.timeout.max.ms = 30000
	socket.connection.setup.timeout.ms = 10000
	ssl.cipher.suites = null
	ssl.enabled.protocols = [TLSv1.2, TLSv1.3]
	ssl.endpoint.identification.algorithm = https
	ssl.engine.factory.class = null
	ssl.key.password = null
	ssl.keymanager.algorithm = SunX509
	ssl.keystore.certificate.chain = null
	ssl.keystore.key = null
	ssl.keystore.location = null
	ssl.keystore.password = null
	ssl.keystore.type = JKS
	ssl.protocol = TLSv1.3
	ssl.provider = null
	ssl.secure.random.implementation = null
	ssl.trustmanager.algorithm = PKIX
	ssl.truststore.certificates = null
	ssl.truststore.location = null
	ssl.truststore.password = null
	ssl.truststore.type = JKS

[kafka-admin-client-thread | adminclient-37] INFO org.apache.kafka.clients.NetworkClient - [AdminClient clientId=adminclient-37] Node -1 disconnected.
[kafka-admin-client-thread | adminclient-37] WARN org.apache.kafka.clients.NetworkClient - [AdminClient clientId=adminclient-37] Connection to node -1 (localhost/127.0.0.1:9092) could not be established. Broker may not be available.
[main] INFO org.apache.kafka.common.utils.AppInfoParser - Kafka version: 3.5.1
[main] INFO org.apache.kafka.common.utils.AppInfoParser - Kafka commitId: 2c6fb6c54472e90a
[main] INFO org.apache.kafka.common.utils.AppInfoParser - Kafka startTimeMs: 1761089157836
[main] INFO com.mycompany.kafka.factory.ConnectionFactory - Kafka AdminClient created successfully
[main] INFO com.mycompany.kafka.factory.ConnectionFactory - Creating Schema Registry Client with URL: http://localhost:8081
[main] INFO com.mycompany.kafka.factory.ConnectionFactory - Schema Registry Client created successfully
[main] INFO com.mycompany.kafka.KafkaManagementLibrary - KafkaManagementLibrary initialized successfully
[main] INFO com.mycompany.kafka.manager.SessionManager - Beginning transaction: test-transaction
[main] ERROR com.mycompany.kafka.manager.SessionManager - Failed to begin transaction test-transaction: No transactional producer found for transaction ID: test-transaction
java.lang.IllegalStateException: No transactional producer found for transaction ID: test-transaction
	at com.mycompany.kafka.manager.SessionManager.beginTransaction(SessionManager.java:108)
	at com.mycompany.kafka.KafkaManagementLibrary.beginTransaction(KafkaManagementLibrary.java:334)
	at com.mycompany.kafka.KafkaManagementLibraryTest.testBeginTransaction(KafkaManagementLibraryTest.java:245)
	at java.base/jdk.internal.reflect.NativeMethodAccessorImpl.invoke0(Native Method)
	at java.base/jdk.internal.reflect.NativeMethodAccessorImpl.invoke(NativeMethodAccessorImpl.java:62)
	at java.base/jdk.internal.reflect.DelegatingMethodAccessorImpl.invoke(DelegatingMethodAccessorImpl.java:43)
	at java.base/java.lang.reflect.Method.invoke(Method.java:567)
	at org.junit.platform.commons.util.ReflectionUtils.invokeMethod(ReflectionUtils.java:727)
	at org.junit.jupiter.engine.execution.MethodInvocation.proceed(MethodInvocation.java:60)
	at org.junit.jupiter.engine.execution.InvocationInterceptorChain$ValidatingInvocation.proceed(InvocationInterceptorChain.java:131)
	at org.junit.jupiter.engine.extension.TimeoutExtension.intercept(TimeoutExtension.java:156)
	at org.junit.jupiter.engine.extension.TimeoutExtension.interceptTestableMethod(TimeoutExtension.java:147)
	at org.junit.jupiter.engine.extension.TimeoutExtension.interceptTestMethod(TimeoutExtension.java:86)
	at org.junit.jupiter.engine.execution.InterceptingExecutableInvoker$ReflectiveInterceptorCall.lambda$ofVoidMethod$0(InterceptingExecutableInvoker.java:103)
	at org.junit.jupiter.engine.execution.InterceptingExecutableInvoker.lambda$invoke$0(InterceptingExecutableInvoker.java:93)
	at org.junit.jupiter.engine.execution.InvocationInterceptorChain$InterceptedInvocation.proceed(InvocationInterceptorChain.java:106)
	at org.junit.jupiter.engine.execution.InvocationInterceptorChain.proceed(InvocationInterceptorChain.java:64)
	at org.junit.jupiter.engine.execution.InvocationInterceptorChain.chainAndInvoke(InvocationInterceptorChain.java:45)
	at org.junit.jupiter.engine.execution.InvocationInterceptorChain.invoke(InvocationInterceptorChain.java:37)
	at org.junit.jupiter.engine.execution.InterceptingExecutableInvoker.invoke(InterceptingExecutableInvoker.java:92)
	at org.junit.jupiter.engine.execution.InterceptingExecutableInvoker.invoke(InterceptingExecutableInvoker.java:86)
	at org.junit.jupiter.engine.descriptor.TestMethodTestDescriptor.lambda$invokeTestMethod$7(TestMethodTestDescriptor.java:217)
	at org.junit.platform.engine.support.hierarchical.ThrowableCollector.execute(ThrowableCollector.java:73)
	at org.junit.jupiter.engine.descriptor.TestMethodTestDescriptor.invokeTestMethod(TestMethodTestDescriptor.java:213)
	at org.junit.jupiter.engine.descriptor.TestMethodTestDescriptor.execute(TestMethodTestDescriptor.java:138)
	at org.junit.jupiter.engine.descriptor.TestMethodTestDescriptor.execute(TestMethodTestDescriptor.java:68)
	at org.junit.platform.engine.support.hierarchical.NodeTestTask.lambda$executeRecursively$6(NodeTestTask.java:151)
	at org.junit.platform.engine.support.hierarchical.ThrowableCollector.execute(ThrowableCollector.java:73)
	at org.junit.platform.engine.support.hierarchical.NodeTestTask.lambda$executeRecursively$8(NodeTestTask.java:141)
	at org.junit.platform.engine.support.hierarchical.Node.around(Node.java:137)
	at org.junit.platform.engine.support.hierarchical.NodeTestTask.lambda$executeRecursively$9(NodeTestTask.java:139)
	at org.junit.platform.engine.support.hierarchical.ThrowableCollector.execute(ThrowableCollector.java:73)
	at org.junit.platform.engine.support.hierarchical.NodeTestTask.executeRecursively(NodeTestTask.java:138)
	at org.junit.platform.engine.support.hierarchical.NodeTestTask.execute(NodeTestTask.java:95)
	at java.base/java.util.ArrayList.forEach(ArrayList.java:1507)
	at org.junit.platform.engine.support.hierarchical.SameThreadHierarchicalTestExecutorService.invokeAll(SameThreadHierarchicalTestExecutorService.java:41)
	at org.junit.platform.engine.support.hierarchical.NodeTestTask.lambda$executeRecursively$6(NodeTestTask.java:155)
	at org.junit.platform.engine.support.hierarchical.ThrowableCollector.execute(ThrowableCollector.java:73)
	at org.junit.platform.engine.support.hierarchical.NodeTestTask.lambda$executeRecursively$8(NodeTestTask.java:141)
	at org.junit.platform.engine.support.hierarchical.Node.around(Node.java:137)
	at org.junit.platform.engine.support.hierarchical.NodeTestTask.lambda$executeRecursively$9(NodeTestTask.java:139)
	at org.junit.platform.engine.support.hierarchical.ThrowableCollector.execute(ThrowableCollector.java:73)
	at org.junit.platform.engine.support.hierarchical.NodeTestTask.executeRecursively(NodeTestTask.java:138)
	at org.junit.platform.engine.support.hierarchical.NodeTestTask.execute(NodeTestTask.java:95)
	at java.base/java.util.ArrayList.forEach(ArrayList.java:1507)
	at org.junit.platform.engine.support.hierarchical.SameThreadHierarchicalTestExecutorService.invokeAll(SameThreadHierarchicalTestExecutorService.java:41)
	at org.junit.platform.engine.support.hierarchical.NodeTestTask.lambda$executeRecursively$6(NodeTestTask.java:155)
	at org.junit.platform.engine.support.hierarchical.ThrowableCollector.execute(ThrowableCollector.java:73)
	at org.junit.platform.engine.support.hierarchical.NodeTestTask.lambda$executeRecursively$8(NodeTestTask.java:141)
	at org.junit.platform.engine.support.hierarchical.Node.around(Node.java:137)
	at org.junit.platform.engine.support.hierarchical.NodeTestTask.lambda$executeRecursively$9(NodeTestTask.java:139)
	at org.junit.platform.engine.support.hierarchical.ThrowableCollector.execute(ThrowableCollector.java:73)
	at org.junit.platform.engine.support.hierarchical.NodeTestTask.executeRecursively(NodeTestTask.java:138)
	at org.junit.platform.engine.support.hierarchical.NodeTestTask.execute(NodeTestTask.java:95)
	at org.junit.platform.engine.support.hierarchical.SameThreadHierarchicalTestExecutorService.submit(SameThreadHierarchicalTestExecutorService.java:35)
	at org.junit.platform.engine.support.hierarchical.HierarchicalTestExecutor.execute(HierarchicalTestExecutor.java:57)
	at org.junit.platform.engine.support.hierarchical.HierarchicalTestEngine.execute(HierarchicalTestEngine.java:54)
	at org.junit.platform.launcher.core.EngineExecutionOrchestrator.execute(EngineExecutionOrchestrator.java:147)
	at org.junit.platform.launcher.core.EngineExecutionOrchestrator.execute(EngineExecutionOrchestrator.java:127)
	at org.junit.platform.launcher.core.EngineExecutionOrchestrator.execute(EngineExecutionOrchestrator.java:90)
	at org.junit.platform.launcher.core.EngineExecutionOrchestrator.lambda$execute$0(EngineExecutionOrchestrator.java:55)
	at org.junit.platform.launcher.core.EngineExecutionOrchestrator.withInterceptedStreams(EngineExecutionOrchestrator.java:102)
	at org.junit.platform.launcher.core.EngineExecutionOrchestrator.execute(EngineExecutionOrchestrator.java:54)
	at org.junit.platform.launcher.core.DefaultLauncher.execute(DefaultLauncher.java:114)
	at org.junit.platform.launcher.core.DefaultLauncher.execute(DefaultLauncher.java:86)
	at org.junit.platform.launcher.core.DefaultLauncherSession$DelegatingLauncher.execute(DefaultLauncherSession.java:86)
	at org.apache.maven.surefire.junitplatform.LazyLauncher.execute(LazyLauncher.java:50)
	at org.apache.maven.surefire.junitplatform.JUnitPlatformProvider.execute(JUnitPlatformProvider.java:184)
	at org.apache.maven.surefire.junitplatform.JUnitPlatformProvider.invokeAllTests(JUnitPlatformProvider.java:148)
	at org.apache.maven.surefire.junitplatform.JUnitPlatformProvider.invoke(JUnitPlatformProvider.java:122)
	at org.apache.maven.surefire.booter.ForkedBooter.runSuitesInProcess(ForkedBooter.java:385)
	at org.apache.maven.surefire.booter.ForkedBooter.execute(ForkedBooter.java:162)
	at org.apache.maven.surefire.booter.ForkedBooter.run(ForkedBooter.java:507)
	at org.apache.maven.surefire.booter.ForkedBooter.main(ForkedBooter.java:495)
[kafka-admin-client-thread | adminclient-38] INFO org.apache.kafka.clients.NetworkClient - [AdminClient clientId=adminclient-38] Node -1 disconnected.
[kafka-admin-client-thread | adminclient-38] WARN org.apache.kafka.clients.NetworkClient - [AdminClient clientId=adminclient-38] Connection to node -1 (localhost/127.0.0.1:9092) could not be established. Broker may not be available.
]]></system-err>
  </testcase>
</testsuite>